Invalid read count. Expected: 126; Found: 0
Invalid write count. Expected: 26; Found: 0
Value at index 0 differs. Expected A; Found J
Value at index 2 differs. Expected C; Found H
Value at index 3 differs. Expected D; Found A
Value at index 6 differs. Expected G; Found I
Value at index 7 differs. Expected H; Found C
Value at index 8 differs. Expected I; Found D
Value at index 9 differs. Expected J; Found G

Invalid read count. Expected: 5 300; Found: 0
Invalid write count. Expected: 848; Found: 0
Value at index 0 differs. Expected AA; Found BK
Value at index 2 differs. Expected AC; Found DF
Value at index 4 differs. Expected AE; Found CI
Value at index 5 differs. Expected AF; Found FK
Value at index 6 differs. Expected AG; Found CF
Value at index 7 differs. Expected AH; Found EZ
Value at index 8 differs. Expected AI; Found CR
Value at index 9 differs. Expected AJ; Found DQ
Value at index 10 differs. Expected AK; Found CX
Value at index 11 differs. Expected AL; Found BO
Value at index 13 differs. Expected AN; Found AW
Value at index 15 differs. Expected AP; Found DC
Value at index 17 differs. Expected AR; Found DZ
Value at index 19 differs. Expected AT; Found EF
Value at index 20 differs. Expected AU; Found AF
Value at index 21 differs. Expected AV; Found EU
Value at index 22 differs. Expected AW; Found AN
Value at index 25 differs. Expected AZ; Found DH
Value at index 26 differs. Expected BA; Found CN
Value at index 27 differs. Expected BB; Found CT
Value at index 29 differs. Expected BD; Found BT
Value at index 30 differs. Expected BE; Found CW
Value at index 32 differs. Expected BG; Found AJ
Value at index 33 differs. Expected BH; Found BE
Value at index 34 differs. Expected BI; Found DG
Value at index 35 differs. Expected BJ; Found BW
Value at index 36 differs. Expected BK; Found BB
Value at index 38 differs. Expected BM; Found EI
Value at index 39 differs. Expected BN; Found CG
Value at index 40 differs. Expected BO; Found FA
Value at index 41 differs. Expected BP; Found FJ
Value at index 43 differs. Expected BR; Found AZ
Value at index 44 differs. Expected BS; Found FS
Value at index 45 differs. Expected BT; Found BD
Value at index 46 differs. Expected BU; Found EN
Value at index 47 differs. Expected BV; Found CK
Value at index 48 differs. Expected BW; Found BJ
Value at index 53 differs. Expected CB; Found DE
Value at index 54 differs. Expected CC; Found CY
Value at index 55 differs. Expected CD; Found AH
Value at index 56 differs. Expected CE; Found EO
Value at index 57 differs. Expected CF; Found DJ
Value at index 58 differs. Expected CG; Found FH
Value at index 60 differs. Expected CI; Found AE
Value at index 61 differs. Expected CJ; Found AI
Value at index 62 differs. Expected CK; Found BI
Value at index 63 differs. Expected CL; Found BM
Value at index 65 differs. Expected CN; Found DU
Value at index 66 differs. Expected CO; Found EH
Value at index 67 differs. Expected CP; Found AV
Value at index 69 differs. Expected CR; Found BN
Value at index 70 differs. Expected CS; Found ED
Value at index 71 differs. Expected CT; Found CU
Value at index 72 differs. Expected CU; Found EW
Value at index 73 differs. Expected CV; Found CO
Value at index 74 differs. Expected CW; Found EG
Value at index 75 differs. Expected CX; Found AK
Value at index 76 differs. Expected CY; Found AR
Value at index 77 differs. Expected CZ; Found CP
Value at index 78 differs. Expected DA; Found CB
Value at index 80 differs. Expected DC; Found DI
Value at index 81 differs. Expected DD; Found EL
Value at index 82 differs. Expected DE; Found DA
Value at index 83 differs. Expected DF; Found AC
Value at index 84 differs. Expected DG; Found FQ
Value at index 85 differs. Expected DH; Found BR
Value at index 86 differs. Expected DI; Found AP
Value at index 87 differs. Expected DJ; Found AG
Value at index 91 differs. Expected DN; Found CS
Value at index 94 differs. Expected DQ; Found CJ
Value at index 95 differs. Expected DR; Found FO
Value at index 97 differs. Expected DT; Found DN
Value at index 98 differs. Expected DU; Found ES
Value at index 100 differs. Expected DW; Found EP
Value at index 101 differs. Expected DX; Found FR
Value at index 102 differs. Expected DY; Found FN
Value at index 103 differs. Expected DZ; Found BH
Value at index 104 differs. Expected EA; Found FT
Value at index 106 differs. Expected EC; Found EE
Value at index 107 differs. Expected ED; Found EK
Value at index 108 differs. Expected EE; Found FC
Value at index 109 differs. Expected EF; Found AT
Value at index 110 differs. Expected EG; Found CC
Value at index 111 differs. Expected EH; Found CV
Value at index 112 differs. Expected EI; Found DX
Value at index 114 differs. Expected EK; Found BS
Value at index 115 differs. Expected EL; Found DD
Value at index 117 differs. Expected EN; Found BU
Value at index 118 differs. Expected EO; Found FI
Value at index 119 differs. Expected EP; Found AA
Value at index 120 differs. Expected EQ; Found AL
Value at index 122 differs. Expected ES; Found BA
Value at index 124 differs. Expected EU; Found CZ
Value at index 126 differs. Expected EW; Found DW
Value at index 129 differs. Expected EZ; Found CD
Value at index 130 differs. Expected FA; Found EQ
Value at index 132 differs. Expected FC; Found FE
Value at index 134 differs. Expected FE; Found EC
Value at index 137 differs. Expected FH; Found FL
Value at index 138 differs. Expected FI; Found FM
Value at index 139 differs. Expected FJ; Found BP
Value at index 140 differs. Expected FK; Found AU
Value at index 141 differs. Expected FL; Found BG
Value at index 142 differs. Expected FM; Found CE
Value at index 143 differs. Expected FN; Found DY
Value at index 144 differs. Expected FO; Found DR
Value at index 146 differs. Expected FQ; Found DT
Value at index 147 differs. Expected FR; Found CL
Value at index 148 differs. Expected FS; Found BV
Value at index 149 differs. Expected FT; Found EA

