Invalid read count. Expected: 96; Found: 4
Invalid write count. Expected: 14; Found: 0
Value at index 1 differs. Expected B; Found D
Value at index 3 differs. Expected D; Found B
Value at index 4 differs. Expected E; Found H
Value at index 7 differs. Expected H; Found I
Value at index 8 differs. Expected I; Found E

Invalid read count. Expected: 4 942; Found: 4 600
Invalid write count. Expected: 788; Found: 774
Value at index 11 differs. Expected AL; Found AM
Value at index 12 differs. Expected AM; Found AL
Value at index 22 differs. Expected AW; Found AX
Value at index 23 differs. Expected AX; Found AW
Value at index 24 differs. Expected AY; Found AZ
Value at index 25 differs. Expected AZ; Found AY
Value at index 53 differs. Expected CB; Found CC
Value at index 54 differs. Expected CC; Found CB
Value at index 55 differs. Expected CD; Found CE
Value at index 56 differs. Expected CE; Found CD
Value at index 70 differs. Expected CS; Found CT
Value at index 71 differs. Expected CT; Found CS
Value at index 104 differs. Expected EA; Found EB
Value at index 105 differs. Expected EB; Found EA
Value at index 124 differs. Expected EU; Found EV
Value at index 125 differs. Expected EV; Found EU
Value at index 146 differs. Expected FQ; Found FR
Value at index 147 differs. Expected FR; Found FS
Value at index 148 differs. Expected FS; Found FT
Value at index 149 differs. Expected FT; Found FQ

