Invalid read count. Expected: 104; Found: 28
Invalid write count. Expected: 22; Found: 10
Value at index 0 differs. Expected A; Found G
Value at index 1 differs. Expected B; Found A
Value at index 3 differs. Expected D; Found B
Value at index 5 differs. Expected F; Found D
Value at index 6 differs. Expected G; Found H
Value at index 7 differs. Expected H; Found I
Value at index 8 differs. Expected I; Found F

Invalid read count. Expected: 4 964; Found: 376
Invalid write count. Expected: 810; Found: 78
Value at index 0 differs. Expected AA; Found AO
Value at index 1 differs. Expected AB; Found DP
Value at index 2 differs. Expected AC; Found BL
Value at index 4 differs. Expected AE; Found CS
Value at index 6 differs. Expected AG; Found CR
Value at index 7 differs. Expected AH; Found CI
Value at index 8 differs. Expected AI; Found CP
Value at index 9 differs. Expected AJ; Found BI
Value at index 10 differs. Expected AK; Found AH
Value at index 11 differs. Expected AL; Found BU
Value at index 13 differs. Expected AN; Found CQ
Value at index 14 differs. Expected AO; Found BP
Value at index 15 differs. Expected AP; Found BW
Value at index 16 differs. Expected AQ; Found EP
Value at index 17 differs. Expected AR; Found FA
Value at index 18 differs. Expected AS; Found BA
Value at index 19 differs. Expected AT; Found BB
Value at index 20 differs. Expected AU; Found AR
Value at index 21 differs. Expected AV; Found CZ
Value at index 22 differs. Expected AW; Found BX
Value at index 25 differs. Expected AZ; Found AJ
Value at index 26 differs. Expected BA; Found AG
Value at index 27 differs. Expected BB; Found AL
Value at index 29 differs. Expected BD; Found AC
Value at index 30 differs. Expected BE; Found BS
Value at index 31 differs. Expected BF; Found EB
Value at index 32 differs. Expected BG; Found AT
Value at index 34 differs. Expected BI; Found AB
Value at index 35 differs. Expected BJ; Found CX
Value at index 37 differs. Expected BL; Found CM
Value at index 38 differs. Expected BM; Found EM
Value at index 39 differs. Expected BN; Found EX
Value at index 41 differs. Expected BP; Found AA
Value at index 42 differs. Expected BQ; Found CB
Value at index 43 differs. Expected BR; Found EF
Value at index 44 differs. Expected BS; Found BE
Value at index 45 differs. Expected BT; Found BF
Value at index 46 differs. Expected BU; Found CJ
Value at index 47 differs. Expected BV; Found CA
Value at index 48 differs. Expected BW; Found AP
Value at index 49 differs. Expected BX; Found AW
Value at index 52 differs. Expected CA; Found AZ
Value at index 53 differs. Expected CB; Found BQ
Value at index 55 differs. Expected CD; Found DD
Value at index 56 differs. Expected CE; Found BJ
Value at index 58 differs. Expected CG; Found AQ
Value at index 60 differs. Expected CI; Found BN
Value at index 61 differs. Expected CJ; Found BT
Value at index 62 differs. Expected CK; Found BG
Value at index 64 differs. Expected CM; Found EN
Value at index 65 differs. Expected CN; Found EA
Value at index 67 differs. Expected CP; Found DX
Value at index 68 differs. Expected CQ; Found DZ
Value at index 69 differs. Expected CR; Found DU
Value at index 70 differs. Expected CS; Found CG
Value at index 71 differs. Expected CT; Found EG
Value at index 72 differs. Expected CU; Found DC
Value at index 73 differs. Expected CV; Found AE
Value at index 75 differs. Expected CX; Found DB
Value at index 76 differs. Expected CY; Found CU
Value at index 77 differs. Expected CZ; Found CE
Value at index 79 differs. Expected DB; Found BR
Value at index 80 differs. Expected DC; Found FM
Value at index 81 differs. Expected DD; Found AS
Value at index 82 differs. Expected DE; Found CD
Value at index 85 differs. Expected DH; Found AI
Value at index 87 differs. Expected DJ; Found EH
Value at index 88 differs. Expected DK; Found CT
Value at index 89 differs. Expected DL; Found BV
Value at index 90 differs. Expected DM; Found AK
Value at index 91 differs. Expected DN; Found CY
Value at index 92 differs. Expected DO; Found DN
Value at index 93 differs. Expected DP; Found BM
Value at index 94 differs. Expected DQ; Found FE
Value at index 96 differs. Expected DS; Found AU
Value at index 98 differs. Expected DU; Found CK
Value at index 99 differs. Expected DV; Found EJ
Value at index 101 differs. Expected DX; Found EC
Value at index 102 differs. Expected DY; Found DL
Value at index 103 differs. Expected DZ; Found EK
Value at index 104 differs. Expected EA; Found CN
Value at index 105 differs. Expected EB; Found DK
Value at index 106 differs. Expected EC; Found ER
Value at index 109 differs. Expected EF; Found ES
Value at index 110 differs. Expected EG; Found DE
Value at index 111 differs. Expected EH; Found AV
Value at index 112 differs. Expected EI; Found EO
Value at index 113 differs. Expected EJ; Found DV
Value at index 114 differs. Expected EK; Found BD
Value at index 116 differs. Expected EM; Found EQ
Value at index 117 differs. Expected EN; Found DQ
Value at index 118 differs. Expected EO; Found AN
Value at index 119 differs. Expected EP; Found CV
Value at index 120 differs. Expected EQ; Found DJ
Value at index 121 differs. Expected ER; Found DO
Value at index 122 differs. Expected ES; Found DM
Value at index 123 differs. Expected ET; Found DH
Value at index 126 differs. Expected EW; Found FF
Value at index 127 differs. Expected EX; Found DY
Value at index 128 differs. Expected EY; Found EI
Value at index 130 differs. Expected FA; Found DS
Value at index 133 differs. Expected FD; Found FK
Value at index 134 differs. Expected FE; Found ET
Value at index 135 differs. Expected FF; Found EY
Value at index 138 differs. Expected FI; Found EW
Value at index 140 differs. Expected FK; Found FQ
Value at index 142 differs. Expected FM; Found FR
Value at index 143 differs. Expected FN; Found FD
Value at index 144 differs. Expected FO; Found FI
Value at index 145 differs. Expected FP; Found FO
Value at index 146 differs. Expected FQ; Found FN
Value at index 147 differs. Expected FR; Found FS
Value at index 148 differs. Expected FS; Found FP

