Invalid read count. Expected: 94; Found: 0
Invalid write count. Expected: 12; Found: 0
Value at index 1 differs. Expected B; Found H
Value at index 2 differs. Expected C; Found F
Value at index 3 differs. Expected D; Found E
Value at index 4 differs. Expected E; Found D
Value at index 5 differs. Expected F; Found I
Value at index 7 differs. Expected H; Found B
Value at index 8 differs. Expected I; Found C

Invalid read count. Expected: 4 986; Found: 0
Invalid write count. Expected: 832; Found: 0
Value at index 0 differs. Expected AA; Found BT
Value at index 1 differs. Expected AB; Found FK
Value at index 2 differs. Expected AC; Found CI
Value at index 3 differs. Expected AD; Found EW
Value at index 4 differs. Expected AE; Found DN
Value at index 6 differs. Expected AG; Found CP
Value at index 8 differs. Expected AI; Found DD
Value at index 9 differs. Expected AJ; Found FO
Value at index 10 differs. Expected AK; Found DB
Value at index 11 differs. Expected AL; Found AQ
Value at index 12 differs. Expected AM; Found CV
Value at index 14 differs. Expected AO; Found CF
Value at index 15 differs. Expected AP; Found BN
Value at index 16 differs. Expected AQ; Found CC
Value at index 19 differs. Expected AT; Found BE
Value at index 20 differs. Expected AU; Found FE
Value at index 24 differs. Expected AY; Found BW
Value at index 25 differs. Expected AZ; Found CN
Value at index 28 differs. Expected BC; Found CW
Value at index 29 differs. Expected BD; Found AJ
Value at index 30 differs. Expected BE; Found DR
Value at index 31 differs. Expected BF; Found BR
Value at index 32 differs. Expected BG; Found CH
Value at index 34 differs. Expected BI; Found FP
Value at index 35 differs. Expected BJ; Found EL
Value at index 37 differs. Expected BL; Found EX
Value at index 38 differs. Expected BM; Found AB
Value at index 39 differs. Expected BN; Found ES
Value at index 40 differs. Expected BO; Found BV
Value at index 41 differs. Expected BP; Found CQ
Value at index 43 differs. Expected BR; Found BF
Value at index 45 differs. Expected BT; Found AA
Value at index 47 differs. Expected BV; Found BO
Value at index 48 differs. Expected BW; Found BP
Value at index 51 differs. Expected BZ; Found DY
Value at index 52 differs. Expected CA; Found DF
Value at index 53 differs. Expected CB; Found AT
Value at index 54 differs. Expected CC; Found AE
Value at index 55 differs. Expected CD; Found FG
Value at index 56 differs. Expected CE; Found FB
Value at index 57 differs. Expected CF; Found EK
Value at index 58 differs. Expected CG; Found FM
Value at index 59 differs. Expected CH; Found FS
Value at index 60 differs. Expected CI; Found FD
Value at index 64 differs. Expected CM; Found FN
Value at index 65 differs. Expected CN; Found EY
Value at index 66 differs. Expected CO; Found DL
Value at index 67 differs. Expected CP; Found CY
Value at index 68 differs. Expected CQ; Found EQ
Value at index 69 differs. Expected CR; Found BC
Value at index 71 differs. Expected CT; Found DQ
Value at index 72 differs. Expected CU; Found EF
Value at index 73 differs. Expected CV; Found BD
Value at index 74 differs. Expected CW; Found DG
Value at index 76 differs. Expected CY; Found FI
Value at index 79 differs. Expected DB; Found AK
Value at index 80 differs. Expected DC; Found FT
Value at index 81 differs. Expected DD; Found DK
Value at index 83 differs. Expected DF; Found CA
Value at index 84 differs. Expected DG; Found CR
Value at index 85 differs. Expected DH; Found FA
Value at index 86 differs. Expected DI; Found EE
Value at index 87 differs. Expected DJ; Found CD
Value at index 88 differs. Expected DK; Found EC
Value at index 89 differs. Expected DL; Found CO
Value at index 91 differs. Expected DN; Found DV
Value at index 92 differs. Expected DO; Found CG
Value at index 94 differs. Expected DQ; Found FJ
Value at index 95 differs. Expected DR; Found CB
Value at index 98 differs. Expected DU; Found DZ
Value at index 99 differs. Expected DV; Found AL
Value at index 102 differs. Expected DY; Found DC
Value at index 103 differs. Expected DZ; Found DU
Value at index 105 differs. Expected EB; Found CU
Value at index 106 differs. Expected EC; Found AI
Value at index 108 differs. Expected EE; Found EG
Value at index 109 differs. Expected EF; Found EB
Value at index 110 differs. Expected EG; Found CE
Value at index 111 differs. Expected EH; Found AM
Value at index 114 differs. Expected EK; Found BJ
Value at index 115 differs. Expected EL; Found FF
Value at index 120 differs. Expected EQ; Found AY
Value at index 122 differs. Expected ES; Found AP
Value at index 123 differs. Expected ET; Found BL
Value at index 125 differs. Expected EV; Found EH
Value at index 126 differs. Expected EW; Found AD
Value at index 127 differs. Expected EX; Found ET
Value at index 128 differs. Expected EY; Found AZ
Value at index 130 differs. Expected FA; Found DH
Value at index 131 differs. Expected FB; Found DI
Value at index 133 differs. Expected FD; Found AC
Value at index 134 differs. Expected FE; Found AU
Value at index 135 differs. Expected FF; Found AO
Value at index 136 differs. Expected FG; Found DJ
Value at index 138 differs. Expected FI; Found AG
Value at index 139 differs. Expected FJ; Found CT
Value at index 140 differs. Expected FK; Found BM
Value at index 142 differs. Expected FM; Found BZ
Value at index 143 differs. Expected FN; Found CM
Value at index 144 differs. Expected FO; Found EV
Value at index 145 differs. Expected FP; Found BI
Value at index 148 differs. Expected FS; Found BG
Value at index 149 differs. Expected FT; Found DO

