Invalid read count. Expected: 70; Found: 0
Invalid write count. Expected: 6; Found: 0
Value at index 0 differs. Expected A; Found H
Value at index 1 differs. Expected B; Found G
Value at index 4 differs. Expected E; Found B
Value at index 6 differs. Expected G; Found E
Value at index 7 differs. Expected H; Found A

Invalid read count. Expected: 4 980; Found: 0
Invalid write count. Expected: 826; Found: 0
Value at index 0 differs. Expected AA; Found CV
Value at index 1 differs. Expected AB; Found AU
Value at index 2 differs. Expected AC; Found EZ
Value at index 3 differs. Expected AD; Found EH
Value at index 4 differs. Expected AE; Found CJ
Value at index 5 differs. Expected AF; Found CE
Value at index 11 differs. Expected AL; Found AQ
Value at index 12 differs. Expected AM; Found AE
Value at index 15 differs. Expected AP; Found BJ
Value at index 16 differs. Expected AQ; Found DF
Value at index 18 differs. Expected AS; Found EW
Value at index 19 differs. Expected AT; Found EI
Value at index 20 differs. Expected AU; Found AB
Value at index 22 differs. Expected AW; Found DB
Value at index 23 differs. Expected AX; Found EX
Value at index 24 differs. Expected AY; Found FE
Value at index 27 differs. Expected BB; Found BU
Value at index 28 differs. Expected BC; Found EC
Value at index 30 differs. Expected BE; Found BN
Value at index 32 differs. Expected BG; Found BI
Value at index 33 differs. Expected BH; Found FO
Value at index 34 differs. Expected BI; Found BG
Value at index 35 differs. Expected BJ; Found AP
Value at index 38 differs. Expected BM; Found EY
Value at index 39 differs. Expected BN; Found DD
Value at index 41 differs. Expected BP; Found BR
Value at index 42 differs. Expected BQ; Found DV
Value at index 43 differs. Expected BR; Found CT
Value at index 45 differs. Expected BT; Found BY
Value at index 46 differs. Expected BU; Found DE
Value at index 47 differs. Expected BV; Found ED
Value at index 48 differs. Expected BW; Found DA
Value at index 49 differs. Expected BX; Found CF
Value at index 50 differs. Expected BY; Found BT
Value at index 52 differs. Expected CA; Found ET
Value at index 53 differs. Expected CB; Found FC
Value at index 54 differs. Expected CC; Found ER
Value at index 55 differs. Expected CD; Found CN
Value at index 56 differs. Expected CE; Found AF
Value at index 57 differs. Expected CF; Found CH
Value at index 58 differs. Expected CG; Found AW
Value at index 59 differs. Expected CH; Found BH
Value at index 61 differs. Expected CJ; Found AM
Value at index 62 differs. Expected CK; Found DH
Value at index 63 differs. Expected CL; Found BB
Value at index 64 differs. Expected CM; Found EG
Value at index 65 differs. Expected CN; Found CD
Value at index 68 differs. Expected CQ; Found EJ
Value at index 70 differs. Expected CS; Found DI
Value at index 71 differs. Expected CT; Found DU
Value at index 73 differs. Expected CV; Found DC
Value at index 76 differs. Expected CY; Found FG
Value at index 77 differs. Expected CZ; Found CG
Value at index 78 differs. Expected DA; Found CY
Value at index 79 differs. Expected DB; Found CB
Value at index 80 differs. Expected DC; Found AA
Value at index 81 differs. Expected DD; Found DK
Value at index 82 differs. Expected DE; Found FH
Value at index 83 differs. Expected DF; Found FI
Value at index 85 differs. Expected DH; Found CK
Value at index 86 differs. Expected DI; Found CS
Value at index 87 differs. Expected DJ; Found FM
Value at index 88 differs. Expected DK; Found EB
Value at index 89 differs. Expected DL; Found AS
Value at index 91 differs. Expected DN; Found EN
Value at index 93 differs. Expected DP; Found FR
Value at index 94 differs. Expected DQ; Found DJ
Value at index 95 differs. Expected DR; Found AY
Value at index 98 differs. Expected DU; Found EL
Value at index 99 differs. Expected DV; Found EM
Value at index 100 differs. Expected DW; Found CL
Value at index 105 differs. Expected EB; Found BE
Value at index 106 differs. Expected EC; Found BC
Value at index 107 differs. Expected ED; Found BV
Value at index 110 differs. Expected EG; Found CM
Value at index 111 differs. Expected EH; Found AD
Value at index 112 differs. Expected EI; Found BM
Value at index 113 differs. Expected EJ; Found CQ
Value at index 115 differs. Expected EL; Found EO
Value at index 116 differs. Expected EM; Found FJ
Value at index 117 differs. Expected EN; Found DW
Value at index 118 differs. Expected EO; Found BP
Value at index 121 differs. Expected ER; Found ES
Value at index 122 differs. Expected ES; Found CC
Value at index 123 differs. Expected ET; Found CA
Value at index 125 differs. Expected EV; Found AC
Value at index 126 differs. Expected EW; Found DL
Value at index 127 differs. Expected EX; Found FA
Value at index 128 differs. Expected EY; Found FS
Value at index 129 differs. Expected EZ; Found EV
Value at index 130 differs. Expected FA; Found AX
Value at index 132 differs. Expected FC; Found FK
Value at index 134 differs. Expected FE; Found DR
Value at index 136 differs. Expected FG; Found BW
Value at index 137 differs. Expected FH; Found DN
Value at index 138 differs. Expected FI; Found AL
Value at index 139 differs. Expected FJ; Found BQ
Value at index 140 differs. Expected FK; Found CZ
Value at index 141 differs. Expected FL; Found FT
Value at index 142 differs. Expected FM; Found DQ
Value at index 144 differs. Expected FO; Found BX
Value at index 147 differs. Expected FR; Found DP
Value at index 148 differs. Expected FS; Found AT
Value at index 149 differs. Expected FT; Found FL

