Invalid read count. Expected: 122; Found: 84
Invalid write count. Expected: 22; Found: 20
Value at index 1 differs. Expected B; Found C
Value at index 2 differs. Expected C; Found B

Invalid read count. Expected: 5 236; Found: 4 322
Invalid write count. Expected: 784; Found: 764
Value at index 29 differs. Expected BD; Found BE
Value at index 30 differs. Expected BE; Found BD
Value at index 36 differs. Expected BK; Found BL
Value at index 37 differs. Expected BL; Found BK
Value at index 39 differs. Expected BN; Found BO
Value at index 40 differs. Expected BO; Found BP
Value at index 41 differs. Expected BP; Found BN
Value at index 76 differs. Expected CY; Found CZ
Value at index 77 differs. Expected CZ; Found CY
Value at index 99 differs. Expected DV; Found DW
Value at index 100 differs. Expected DW; Found DV
Value at index 101 differs. Expected DX; Found DY
Value at index 102 differs. Expected DY; Found DX
Value at index 133 differs. Expected FD; Found FE
Value at index 134 differs. Expected FE; Found FD
Value at index 141 differs. Expected FL; Found FM
Value at index 142 differs. Expected FM; Found FL
Value at index 143 differs. Expected FN; Found FO
Value at index 144 differs. Expected FO; Found FN

