Invalid read count. Expected: 70; Found: 0
Invalid write count. Expected: 6; Found: 0
Value at index 0 differs. Expected A; Found D
Value at index 2 differs. Expected C; Found E
Value at index 3 differs. Expected D; Found A
Value at index 4 differs. Expected E; Found C
Value at index 6 differs. Expected G; Found J
Value at index 9 differs. Expected J; Found G

Invalid read count. Expected: 4,924; Found: 0
Invalid write count. Expected: 770; Found: 0
Value at index 0 differs. Expected AA; Found DF
Value at index 1 differs. Expected AB; Found AD
Value at index 3 differs. Expected AD; Found BM
Value at index 5 differs. Expected AF; Found CD
Value at index 6 differs. Expected AG; Found BI
Value at index 8 differs. Expected AI; Found EF
Value at index 10 differs. Expected AK; Found CC
Value at index 13 differs. Expected AN; Found FH
Value at index 14 differs. Expected AO; Found CF
Value at index 17 differs. Expected AR; Found BB
Value at index 19 differs. Expected AT; Found FG
Value at index 20 differs. Expected AU; Found BX
Value at index 22 differs. Expected AW; Found CL
Value at index 23 differs. Expected AX; Found CY
Value at index 24 differs. Expected AY; Found EX
Value at index 25 differs. Expected AZ; Found CS
Value at index 26 differs. Expected BA; Found BP
Value at index 27 differs. Expected BB; Found CT
Value at index 29 differs. Expected BD; Found DI
Value at index 30 differs. Expected BE; Found AK
Value at index 32 differs. Expected BG; Found BY
Value at index 34 differs. Expected BI; Found AG
Value at index 35 differs. Expected BJ; Found CG
Value at index 36 differs. Expected BK; Found FB
Value at index 38 differs. Expected BM; Found AB
Value at index 41 differs. Expected BP; Found BA
Value at index 45 differs. Expected BT; Found AF
Value at index 46 differs. Expected BU; Found AY
Value at index 47 differs. Expected BV; Found CR
Value at index 48 differs. Expected BW; Found DW
Value at index 49 differs. Expected BX; Found EY
Value at index 50 differs. Expected BY; Found FR
Value at index 51 differs. Expected BZ; Found DK
Value at index 54 differs. Expected CC; Found EK
Value at index 55 differs. Expected CD; Found AT
Value at index 56 differs. Expected CE; Found DY
Value at index 57 differs. Expected CF; Found DJ
Value at index 58 differs. Expected CG; Found FK
Value at index 60 differs. Expected CI; Found DA
Value at index 61 differs. Expected CJ; Found AO
Value at index 62 differs. Expected CK; Found DS
Value at index 63 differs. Expected CL; Found EN
Value at index 64 differs. Expected CM; Found AI
Value at index 66 differs. Expected CO; Found DX
Value at index 69 differs. Expected CR; Found EP
Value at index 70 differs. Expected CS; Found BJ
Value at index 71 differs. Expected CT; Found BK
Value at index 72 differs. Expected CU; Found CE
Value at index 76 differs. Expected CY; Found AX
Value at index 77 differs. Expected CZ; Found ES
Value at index 78 differs. Expected DA; Found FC
Value at index 80 differs. Expected DC; Found CM
Value at index 82 differs. Expected DE; Found EL
Value at index 83 differs. Expected DF; Found AA
Value at index 86 differs. Expected DI; Found BD
Value at index 87 differs. Expected DJ; Found CJ
Value at index 88 differs. Expected DK; Found EA
Value at index 89 differs. Expected DL; Found EW
Value at index 91 differs. Expected DN; Found EB
Value at index 93 differs. Expected DP; Found BG
Value at index 96 differs. Expected DS; Found CK
Value at index 98 differs. Expected DU; Found FE
Value at index 100 differs. Expected DW; Found BW
Value at index 101 differs. Expected DX; Found CO
Value at index 102 differs. Expected DY; Found CU
Value at index 103 differs. Expected DZ; Found AU
Value at index 104 differs. Expected EA; Found EJ
Value at index 105 differs. Expected EB; Found EG
Value at index 106 differs. Expected EC; Found AW
Value at index 109 differs. Expected EF; Found FL
Value at index 110 differs. Expected EG; Found DN
Value at index 113 differs. Expected EJ; Found BZ
Value at index 114 differs. Expected EK; Found ER
Value at index 115 differs. Expected EL; Found DE
Value at index 117 differs. Expected EN; Found EC
Value at index 118 differs. Expected EO; Found DU
Value at index 119 differs. Expected EP; Found BV
Value at index 121 differs. Expected ER; Found BU
Value at index 122 differs. Expected ES; Found AR
Value at index 124 differs. Expected EU; Found DL
Value at index 126 differs. Expected EW; Found DP
Value at index 127 differs. Expected EX; Found BE
Value at index 128 differs. Expected EY; Found DZ
Value at index 131 differs. Expected FB; Found AN
Value at index 132 differs. Expected FC; Found FS
Value at index 134 differs. Expected FE; Found EO
Value at index 136 differs. Expected FG; Found BT
Value at index 137 differs. Expected FH; Found CZ
Value at index 140 differs. Expected FK; Found AZ
Value at index 141 differs. Expected FL; Found DC
Value at index 147 differs. Expected FR; Found EU
Value at index 148 differs. Expected FS; Found CI

