Invalid read count. Expected: 86; Found: 18
Invalid write count. Expected: 4; Found: 0
Value at index 2 differs. Expected C; Found H
Value at index 4 differs. Expected E; Found F
Value at index 5 differs. Expected F; Found E
Value at index 7 differs. Expected H; Found C

Invalid read count. Expected: 4 904; Found: 352
Invalid write count. Expected: 750; Found: 54
Value at index 0 differs. Expected AA; Found AU
Value at index 5 differs. Expected AF; Found EA
Value at index 7 differs. Expected AH; Found CZ
Value at index 9 differs. Expected AJ; Found CA
Value at index 10 differs. Expected AK; Found AM
Value at index 11 differs. Expected AL; Found CX
Value at index 12 differs. Expected AM; Found BK
Value at index 15 differs. Expected AP; Found AH
Value at index 18 differs. Expected AS; Found AT
Value at index 19 differs. Expected AT; Found BW
Value at index 20 differs. Expected AU; Found AA
Value at index 21 differs. Expected AV; Found BX
Value at index 22 differs. Expected AW; Found BC
Value at index 24 differs. Expected AY; Found CC
Value at index 25 differs. Expected AZ; Found EM
Value at index 27 differs. Expected BB; Found CH
Value at index 28 differs. Expected BC; Found AW
Value at index 30 differs. Expected BE; Found CR
Value at index 31 differs. Expected BF; Found DI
Value at index 32 differs. Expected BG; Found CJ
Value at index 34 differs. Expected BI; Found EJ
Value at index 35 differs. Expected BJ; Found BN
Value at index 36 differs. Expected BK; Found BI
Value at index 37 differs. Expected BL; Found CE
Value at index 38 differs. Expected BM; Found BY
Value at index 39 differs. Expected BN; Found AJ
Value at index 41 differs. Expected BP; Found BF
Value at index 42 differs. Expected BQ; Found AP
Value at index 45 differs. Expected BT; Found DK
Value at index 46 differs. Expected BU; Found CD
Value at index 48 differs. Expected BW; Found DS
Value at index 49 differs. Expected BX; Found EC
Value at index 50 differs. Expected BY; Found CU
Value at index 51 differs. Expected BZ; Found EV
Value at index 52 differs. Expected CA; Found CB
Value at index 53 differs. Expected CB; Found CG
Value at index 54 differs. Expected CC; Found AY
Value at index 55 differs. Expected CD; Found DH
Value at index 56 differs. Expected CE; Found AK
Value at index 58 differs. Expected CG; Found FJ
Value at index 59 differs. Expected CH; Found BJ
Value at index 61 differs. Expected CJ; Found BL
Value at index 62 differs. Expected CK; Found EY
Value at index 63 differs. Expected CL; Found BQ
Value at index 65 differs. Expected CN; Found AL
Value at index 66 differs. Expected CO; Found FM
Value at index 68 differs. Expected CQ; Found CY
Value at index 69 differs. Expected CR; Found CT
Value at index 70 differs. Expected CS; Found EX
Value at index 71 differs. Expected CT; Found DD
Value at index 72 differs. Expected CU; Found BM
Value at index 73 differs. Expected CV; Found DP
Value at index 75 differs. Expected CX; Found ER
Value at index 76 differs. Expected CY; Found AV
Value at index 77 differs. Expected CZ; Found BZ
Value at index 80 differs. Expected DC; Found CN
Value at index 81 differs. Expected DD; Found BE
Value at index 82 differs. Expected DE; Found DM
Value at index 83 differs. Expected DF; Found DU
Value at index 84 differs. Expected DG; Found BT
Value at index 85 differs. Expected DH; Found CQ
Value at index 86 differs. Expected DI; Found DL
Value at index 88 differs. Expected DK; Found DG
Value at index 89 differs. Expected DL; Found BP
Value at index 90 differs. Expected DM; Found DE
Value at index 91 differs. Expected DN; Found DT
Value at index 92 differs. Expected DO; Found DV
Value at index 93 differs. Expected DP; Found AF
Value at index 96 differs. Expected DS; Found CK
Value at index 97 differs. Expected DT; Found DN
Value at index 98 differs. Expected DU; Found FD
Value at index 99 differs. Expected DV; Found DO
Value at index 102 differs. Expected DY; Found AS
Value at index 103 differs. Expected DZ; Found BU
Value at index 104 differs. Expected EA; Found CV
Value at index 105 differs. Expected EB; Found DF
Value at index 106 differs. Expected EC; Found FC
Value at index 109 differs. Expected EF; Found BG
Value at index 111 differs. Expected EH; Found EB
Value at index 113 differs. Expected EJ; Found CO
Value at index 114 differs. Expected EK; Found BB
Value at index 116 differs. Expected EM; Found AZ
Value at index 117 differs. Expected EN; Found EF
Value at index 118 differs. Expected EO; Found CS
Value at index 120 differs. Expected EQ; Found FB
Value at index 121 differs. Expected ER; Found ET
Value at index 123 differs. Expected ET; Found EK
Value at index 124 differs. Expected EU; Found EN
Value at index 125 differs. Expected EV; Found EH
Value at index 126 differs. Expected EW; Found DC
Value at index 127 differs. Expected EX; Found EO
Value at index 128 differs. Expected EY; Found FE
Value at index 130 differs. Expected FA; Found CL
Value at index 131 differs. Expected FB; Found EQ
Value at index 132 differs. Expected FC; Found FL
Value at index 133 differs. Expected FD; Found FQ
Value at index 134 differs. Expected FE; Found DY
Value at index 135 differs. Expected FF; Found DZ
Value at index 136 differs. Expected FG; Found FF
Value at index 137 differs. Expected FH; Found EU
Value at index 139 differs. Expected FJ; Found FA
Value at index 140 differs. Expected FK; Found FG
Value at index 141 differs. Expected FL; Found FR
Value at index 142 differs. Expected FM; Found EW
Value at index 145 differs. Expected FP; Found FH
Value at index 146 differs. Expected FQ; Found FP
Value at index 147 differs. Expected FR; Found FK

