Invalid read count. Expected: 86; Found: 6
Invalid write count. Expected: 4; Found: 0
Value at index 2 differs. Expected C; Found H
Value at index 4 differs. Expected E; Found F
Value at index 5 differs. Expected F; Found E
Value at index 7 differs. Expected H; Found C

Invalid read count. Expected: 4 904; Found: 4 296
Invalid write count. Expected: 750; Found: 738
Value at index 10 differs. Expected AK; Found AL
Value at index 11 differs. Expected AL; Found AK
Value at index 26 differs. Expected BA; Found BB
Value at index 27 differs. Expected BB; Found BA
Value at index 29 differs. Expected BD; Found BE
Value at index 30 differs. Expected BE; Found BD
Value at index 70 differs. Expected CS; Found CT
Value at index 71 differs. Expected CT; Found CS
Value at index 72 differs. Expected CU; Found CV
Value at index 73 differs. Expected CV; Found CU
Value at index 124 differs. Expected EU; Found EV
Value at index 125 differs. Expected EV; Found EU

