Invalid read count. Expected: 106; Found: 22
Invalid write count. Expected: 24; Found: 6
Value at index 0 differs. Expected A; Found E
Value at index 4 differs. Expected E; Found A
Value at index 5 differs. Expected F; Found G
Value at index 6 differs. Expected G; Found H
Value at index 7 differs. Expected H; Found F

Invalid read count. Expected: 4 906; Found: 314
Invalid write count. Expected: 752; Found: 60
Value at index 0 differs. Expected AA; Found DM
Value at index 1 differs. Expected AB; Found CY
Value at index 2 differs. Expected AC; Found AI
Value at index 3 differs. Expected AD; Found AE
Value at index 4 differs. Expected AE; Found DD
Value at index 5 differs. Expected AF; Found BQ
Value at index 7 differs. Expected AH; Found BM
Value at index 8 differs. Expected AI; Found AB
Value at index 9 differs. Expected AJ; Found BH
Value at index 10 differs. Expected AK; Found CB
Value at index 11 differs. Expected AL; Found CX
Value at index 13 differs. Expected AN; Found AC
Value at index 15 differs. Expected AP; Found BZ
Value at index 19 differs. Expected AT; Found DR
Value at index 20 differs. Expected AU; Found BX
Value at index 23 differs. Expected AX; Found FC
Value at index 24 differs. Expected AY; Found CI
Value at index 25 differs. Expected AZ; Found DE
Value at index 27 differs. Expected BB; Found BR
Value at index 28 differs. Expected BC; Found AL
Value at index 29 differs. Expected BD; Found CE
Value at index 31 differs. Expected BF; Found CN
Value at index 32 differs. Expected BG; Found BV
Value at index 33 differs. Expected BH; Found AJ
Value at index 34 differs. Expected BI; Found CD
Value at index 35 differs. Expected BJ; Found BL
Value at index 37 differs. Expected BL; Found AA
Value at index 38 differs. Expected BM; Found AH
Value at index 40 differs. Expected BO; Found AY
Value at index 42 differs. Expected BQ; Found CQ
Value at index 43 differs. Expected BR; Found AX
Value at index 47 differs. Expected BV; Found CZ
Value at index 49 differs. Expected BX; Found CU
Value at index 51 differs. Expected BZ; Found EJ
Value at index 52 differs. Expected CA; Found CH
Value at index 53 differs. Expected CB; Found AU
Value at index 54 differs. Expected CC; Found DC
Value at index 55 differs. Expected CD; Found AK
Value at index 56 differs. Expected CE; Found AZ
Value at index 57 differs. Expected CF; Found CS
Value at index 58 differs. Expected CG; Found DA
Value at index 59 differs. Expected CH; Found CA
Value at index 60 differs. Expected CI; Found BO
Value at index 61 differs. Expected CJ; Found BJ
Value at index 62 differs. Expected CK; Found BI
Value at index 64 differs. Expected CM; Found EN
Value at index 65 differs. Expected CN; Found DS
Value at index 68 differs. Expected CQ; Found DU
Value at index 70 differs. Expected CS; Found FH
Value at index 71 differs. Expected CT; Found BD
Value at index 72 differs. Expected CU; Found DI
Value at index 73 differs. Expected CV; Found AN
Value at index 74 differs. Expected CW; Found BC
Value at index 75 differs. Expected CX; Found DF
Value at index 76 differs. Expected CY; Found AF
Value at index 77 differs. Expected CZ; Found CT
Value at index 78 differs. Expected DA; Found CG
Value at index 79 differs. Expected DB; Found DJ
Value at index 80 differs. Expected DC; Found EA
Value at index 81 differs. Expected DD; Found DO
Value at index 82 differs. Expected DE; Found CK
Value at index 83 differs. Expected DF; Found ES
Value at index 84 differs. Expected DG; Found EH
Value at index 86 differs. Expected DI; Found FF
Value at index 87 differs. Expected DJ; Found AP
Value at index 89 differs. Expected DL; Found CF
Value at index 90 differs. Expected DM; Found CV
Value at index 92 differs. Expected DO; Found EP
Value at index 93 differs. Expected DP; Found DB
Value at index 94 differs. Expected DQ; Found DL
Value at index 95 differs. Expected DR; Found DY
Value at index 96 differs. Expected DS; Found AD
Value at index 97 differs. Expected DT; Found DZ
Value at index 98 differs. Expected DU; Found BG
Value at index 102 differs. Expected DY; Found BF
Value at index 103 differs. Expected DZ; Found EO
Value at index 104 differs. Expected EA; Found EE
Value at index 105 differs. Expected EB; Found DP
Value at index 106 differs. Expected EC; Found DQ
Value at index 108 differs. Expected EE; Found CW
Value at index 110 differs. Expected EG; Found DG
Value at index 111 differs. Expected EH; Found DT
Value at index 113 differs. Expected EJ; Found CM
Value at index 114 differs. Expected EK; Found EB
Value at index 115 differs. Expected EL; Found EC
Value at index 117 differs. Expected EN; Found FB
Value at index 118 differs. Expected EO; Found BB
Value at index 119 differs. Expected EP; Found EG
Value at index 121 differs. Expected ER; Found AT
Value at index 122 differs. Expected ES; Found CC
Value at index 123 differs. Expected ET; Found CJ
Value at index 127 differs. Expected EX; Found FM
Value at index 130 differs. Expected FA; Found FS
Value at index 131 differs. Expected FB; Found FJ
Value at index 132 differs. Expected FC; Found FQ
Value at index 134 differs. Expected FE; Found EX
Value at index 135 differs. Expected FF; Found FA
Value at index 137 differs. Expected FH; Found FP
Value at index 139 differs. Expected FJ; Found FT
Value at index 142 differs. Expected FM; Found ER
Value at index 143 differs. Expected FN; Found ET
Value at index 144 differs. Expected FO; Found EK
Value at index 145 differs. Expected FP; Found EL
Value at index 146 differs. Expected FQ; Found FO
Value at index 148 differs. Expected FS; Found FE
Value at index 149 differs. Expected FT; Found FN

