Invalid read count. Expected: 0; Found: 20
Invalid write count. Expected: 0; Found: 2
Value at index 4 differs. Expected J; Found D
Value at index 9 differs. Expected D; Found J

Invalid read count. Expected: 0; Found: 364
Invalid write count. Expected: 0; Found: 66
Value at index 0 differs. Expected CL; Found AC
Value at index 4 differs. Expected BH; Found AM
Value at index 6 differs. Expected CK; Found BP
Value at index 14 differs. Expected EZ; Found DF
Value at index 16 differs. Expected FH; Found DC
Value at index 20 differs. Expected CT; Found CN
Value at index 22 differs. Expected AW; Found AG
Value at index 24 differs. Expected FL; Found AN
Value at index 29 differs. Expected FQ; Found AR
Value at index 32 differs. Expected DA; Found AH
Value at index 38 differs. Expected EX; Found EW
Value at index 45 differs. Expected CC; Found CA
Value at index 49 differs. Expected EA; Found AW
Value at index 52 differs. Expected EY; Found EI
Value at index 53 differs. Expected DD; Found BS
Value at index 58 differs. Expected BY; Found BD
Value at index 59 differs. Expected DG; Found DA
Value at index 66 differs. Expected FF; Found CC
Value at index 68 differs. Expected ED; Found CT
Value at index 70 differs. Expected EU; Found EA
Value at index 71 differs. Expected FO; Found FI
Value at index 78 differs. Expected FR; Found CR
Value at index 79 differs. Expected DB; Found BY
Value at index 80 differs. Expected FB; Found DG
Value at index 95 differs. Expected DR; Found DB
Value at index 102 differs. Expected DO; Found DD
Value at index 111 differs. Expected EH; Found DO
Value at index 115 differs. Expected AC; Found CL
Value at index 119 differs. Expected AM; Found BH
Value at index 120 differs. Expected FS; Found FN
Value at index 121 differs. Expected BP; Found CK
Value at index 123 differs. Expected ET; Found DR
Value at index 124 differs. Expected FJ; Found FB
Value at index 126 differs. Expected EW; Found EX
Value at index 129 differs. Expected DF; Found ET
Value at index 131 differs. Expected DC; Found FH
Value at index 133 differs. Expected CA; Found EZ
Value at index 135 differs. Expected CN; Found ED
Value at index 137 differs. Expected AG; Found EU
Value at index 138 differs. Expected FI; Found FO
Value at index 139 differs. Expected AN; Found FL
Value at index 140 differs. Expected EI; Found EY
Value at index 141 differs. Expected BS; Found EH
Value at index 143 differs. Expected FN; Found FP
Value at index 144 differs. Expected AR; Found FQ
Value at index 145 differs. Expected CR; Found FR
Value at index 146 differs. Expected BD; Found FF
Value at index 147 differs. Expected AH; Found FJ
Value at index 148 differs. Expected FP; Found FS

