Invalid read count. Expected: 102; Found: 26
Invalid write count. Expected: 20; Found: 8
Value at index 3 differs. Expected D; Found G
Value at index 4 differs. Expected E; Found F
Value at index 5 differs. Expected F; Found E
Value at index 6 differs. Expected G; Found I
Value at index 7 differs. Expected H; Found D
Value at index 8 differs. Expected I; Found H

Invalid read count. Expected: 4,978; Found: 366
Invalid write count. Expected: 824; Found: 68
Value at index 0 differs. Expected AA; Found AY
Value at index 2 differs. Expected AC; Found AH
Value at index 3 differs. Expected AD; Found BD
Value at index 4 differs. Expected AE; Found DV
Value at index 5 differs. Expected AF; Found EQ
Value at index 6 differs. Expected AG; Found AA
Value at index 7 differs. Expected AH; Found AP
Value at index 8 differs. Expected AI; Found BM
Value at index 9 differs. Expected AJ; Found CD
Value at index 10 differs. Expected AK; Found BH
Value at index 11 differs. Expected AL; Found AT
Value at index 12 differs. Expected AM; Found AC
Value at index 14 differs. Expected AO; Found BI
Value at index 15 differs. Expected AP; Found ED
Value at index 16 differs. Expected AQ; Found DN
Value at index 19 differs. Expected AT; Found BL
Value at index 20 differs. Expected AU; Found BX
Value at index 21 differs. Expected AV; Found CW
Value at index 22 differs. Expected AW; Found BJ
Value at index 24 differs. Expected AY; Found AJ
Value at index 25 differs. Expected AZ; Found AO
Value at index 26 differs. Expected BA; Found FL
Value at index 27 differs. Expected BB; Found BU
Value at index 28 differs. Expected BC; Found DC
Value at index 29 differs. Expected BD; Found AD
Value at index 32 differs. Expected BG; Found DB
Value at index 33 differs. Expected BH; Found AK
Value at index 34 differs. Expected BI; Found AL
Value at index 35 differs. Expected BJ; Found DY
Value at index 37 differs. Expected BL; Found EV
Value at index 38 differs. Expected BM; Found EC
Value at index 39 differs. Expected BN; Found EN
Value at index 40 differs. Expected BO; Found EF
Value at index 42 differs. Expected BQ; Found DO
Value at index 43 differs. Expected BR; Found AW
Value at index 46 differs. Expected BU; Found AU
Value at index 49 differs. Expected BX; Found EM
Value at index 51 differs. Expected BZ; Found AI
Value at index 54 differs. Expected CC; Found CX
Value at index 55 differs. Expected CD; Found EL
Value at index 56 differs. Expected CE; Found CT
Value at index 57 differs. Expected CF; Found AF
Value at index 60 differs. Expected CI; Found BR
Value at index 61 differs. Expected CJ; Found CM
Value at index 64 differs. Expected CM; Found DU
Value at index 66 differs. Expected CO; Found CP
Value at index 67 differs. Expected CP; Found CR
Value at index 68 differs. Expected CQ; Found CU
Value at index 69 differs. Expected CR; Found EB
Value at index 70 differs. Expected CS; Found AZ
Value at index 71 differs. Expected CT; Found BA
Value at index 72 differs. Expected CU; Found CY
Value at index 73 differs. Expected CV; Found CZ
Value at index 74 differs. Expected CW; Found FO
Value at index 75 differs. Expected CX; Found AE
Value at index 76 differs. Expected CY; Found CF
Value at index 77 differs. Expected CZ; Found CV
Value at index 79 differs. Expected DB; Found BG
Value at index 80 differs. Expected DC; Found BC
Value at index 81 differs. Expected DD; Found CI
Value at index 82 differs. Expected DE; Found CO
Value at index 83 differs. Expected DF; Found AM
Value at index 87 differs. Expected DJ; Found DQ
Value at index 88 differs. Expected DK; Found CJ
Value at index 90 differs. Expected DM; Found FI
Value at index 91 differs. Expected DN; Found AQ
Value at index 92 differs. Expected DO; Found BQ
Value at index 93 differs. Expected DP; Found CC
Value at index 94 differs. Expected DQ; Found DJ
Value at index 95 differs. Expected DR; Found EE
Value at index 97 differs. Expected DT; Found BB
Value at index 98 differs. Expected DU; Found DE
Value at index 99 differs. Expected DV; Found CQ
Value at index 101 differs. Expected DX; Found EA
Value at index 102 differs. Expected DY; Found BZ
Value at index 103 differs. Expected DZ; Found DK
Value at index 104 differs. Expected EA; Found CS
Value at index 105 differs. Expected EB; Found AV
Value at index 106 differs. Expected EC; Found ET
Value at index 107 differs. Expected ED; Found EH
Value at index 108 differs. Expected EE; Found FQ
Value at index 109 differs. Expected EF; Found BO
Value at index 110 differs. Expected EG; Found CE
Value at index 111 differs. Expected EH; Found FS
Value at index 112 differs. Expected EI; Found DM
Value at index 114 differs. Expected EK; Found DD
Value at index 115 differs. Expected EL; Found FN
Value at index 116 differs. Expected EM; Found DX
Value at index 117 differs. Expected EN; Found BN
Value at index 118 differs. Expected EO; Found DR
Value at index 119 differs. Expected EP; Found DT
Value at index 120 differs. Expected EQ; Found FC
Value at index 121 differs. Expected ER; Found AG
Value at index 123 differs. Expected ET; Found EK
Value at index 124 differs. Expected EU; Found EI
Value at index 125 differs. Expected EV; Found EO
Value at index 126 differs. Expected EW; Found FH
Value at index 127 differs. Expected EX; Found EG
Value at index 130 differs. Expected FA; Found FB
Value at index 131 differs. Expected FB; Found DZ
Value at index 132 differs. Expected FC; Found ER
Value at index 133 differs. Expected FD; Found DF
Value at index 134 differs. Expected FE; Found EX
Value at index 136 differs. Expected FG; Found FD
Value at index 137 differs. Expected FH; Found FA
Value at index 138 differs. Expected FI; Found EP
Value at index 139 differs. Expected FJ; Found EU
Value at index 140 differs. Expected FK; Found EW
Value at index 141 differs. Expected FL; Found FG
Value at index 142 differs. Expected FM; Found DP
Value at index 143 differs. Expected FN; Found FJ
Value at index 144 differs. Expected FO; Found FK
Value at index 146 differs. Expected FQ; Found FE
Value at index 147 differs. Expected FR; Found FM
Value at index 148 differs. Expected FS; Found FR

