Invalid read count. Expected: 100; Found: 0
Invalid write count. Expected: 18; Found: 0
Value at index 0 differs. Expected A; Found I
Value at index 1 differs. Expected B; Found H
Value at index 2 differs. Expected C; Found G
Value at index 3 differs. Expected D; Found C
Value at index 6 differs. Expected G; Found D
Value at index 7 differs. Expected H; Found A
Value at index 8 differs. Expected I; Found B

Invalid read count. Expected: 4 978; Found: 0
Invalid write count. Expected: 824; Found: 0
Value at index 0 differs. Expected AA; Found EZ
Value at index 2 differs. Expected AC; Found CD
Value at index 4 differs. Expected AE; Found FB
Value at index 5 differs. Expected AF; Found BH
Value at index 6 differs. Expected AG; Found FK
Value at index 7 differs. Expected AH; Found AK
Value at index 8 differs. Expected AI; Found FS
Value at index 9 differs. Expected AJ; Found BJ
Value at index 10 differs. Expected AK; Found FN
Value at index 11 differs. Expected AL; Found DJ
Value at index 13 differs. Expected AN; Found CP
Value at index 14 differs. Expected AO; Found CL
Value at index 15 differs. Expected AP; Found FQ
Value at index 16 differs. Expected AQ; Found CW
Value at index 18 differs. Expected AS; Found DF
Value at index 19 differs. Expected AT; Found CC
Value at index 22 differs. Expected AW; Found BA
Value at index 23 differs. Expected AX; Found EG
Value at index 25 differs. Expected AZ; Found AX
Value at index 26 differs. Expected BA; Found BY
Value at index 29 differs. Expected BD; Found AC
Value at index 30 differs. Expected BE; Found EF
Value at index 31 differs. Expected BF; Found EA
Value at index 32 differs. Expected BG; Found CG
Value at index 33 differs. Expected BH; Found EO
Value at index 34 differs. Expected BI; Found CN
Value at index 35 differs. Expected BJ; Found AJ
Value at index 37 differs. Expected BL; Found BW
Value at index 38 differs. Expected BM; Found AI
Value at index 39 differs. Expected BN; Found BL
Value at index 42 differs. Expected BQ; Found FE
Value at index 44 differs. Expected BS; Found FL
Value at index 46 differs. Expected BU; Found EL
Value at index 47 differs. Expected BV; Found CU
Value at index 48 differs. Expected BW; Found DM
Value at index 50 differs. Expected BY; Found AW
Value at index 52 differs. Expected CA; Found CH
Value at index 53 differs. Expected CB; Found DS
Value at index 54 differs. Expected CC; Found AT
Value at index 55 differs. Expected CD; Found DT
Value at index 56 differs. Expected CE; Found DQ
Value at index 58 differs. Expected CG; Found BG
Value at index 59 differs. Expected CH; Found EQ
Value at index 60 differs. Expected CI; Found EX
Value at index 61 differs. Expected CJ; Found CS
Value at index 62 differs. Expected CK; Found EY
Value at index 63 differs. Expected CL; Found AO
Value at index 64 differs. Expected CM; Found EP
Value at index 65 differs. Expected CN; Found BI
Value at index 67 differs. Expected CP; Found DZ
Value at index 68 differs. Expected CQ; Found CZ
Value at index 69 differs. Expected CR; Found AQ
Value at index 70 differs. Expected CS; Found BE
Value at index 72 differs. Expected CU; Found FG
Value at index 73 differs. Expected CV; Found DL
Value at index 74 differs. Expected CW; Found AA
Value at index 75 differs. Expected CX; Found CI
Value at index 77 differs. Expected CZ; Found DO
Value at index 79 differs. Expected DB; Found FP
Value at index 80 differs. Expected DC; Found CQ
Value at index 81 differs. Expected DD; Found BS
Value at index 83 differs. Expected DF; Found AS
Value at index 84 differs. Expected DG; Found CB
Value at index 87 differs. Expected DJ; Found AL
Value at index 89 differs. Expected DL; Found AZ
Value at index 90 differs. Expected DM; Found BN
Value at index 91 differs. Expected DN; Found EH
Value at index 92 differs. Expected DO; Found CE
Value at index 93 differs. Expected DP; Found FI
Value at index 94 differs. Expected DQ; Found EK
Value at index 96 differs. Expected DS; Found EE
Value at index 97 differs. Expected DT; Found DD
Value at index 101 differs. Expected DX; Found FF
Value at index 102 differs. Expected DY; Found AE
Value at index 103 differs. Expected DZ; Found AH
Value at index 104 differs. Expected EA; Found AP
Value at index 105 differs. Expected EB; Found ES
Value at index 106 differs. Expected EC; Found EI
Value at index 108 differs. Expected EE; Found DG
Value at index 109 differs. Expected EF; Found CJ
Value at index 110 differs. Expected EG; Found CV
Value at index 111 differs. Expected EH; Found DN
Value at index 112 differs. Expected EI; Found EC
Value at index 114 differs. Expected EK; Found FH
Value at index 115 differs. Expected EL; Found FT
Value at index 118 differs. Expected EO; Found AF
Value at index 119 differs. Expected EP; Found FM
Value at index 120 differs. Expected EQ; Found CM
Value at index 122 differs. Expected ES; Found EB
Value at index 126 differs. Expected EW; Found FJ
Value at index 127 differs. Expected EX; Found CX
Value at index 128 differs. Expected EY; Found CK
Value at index 129 differs. Expected EZ; Found FR
Value at index 131 differs. Expected FB; Found CA
Value at index 134 differs. Expected FE; Found BQ
Value at index 135 differs. Expected FF; Found DX
Value at index 136 differs. Expected FG; Found BV
Value at index 137 differs. Expected FH; Found DC
Value at index 138 differs. Expected FI; Found DP
Value at index 139 differs. Expected FJ; Found BU
Value at index 140 differs. Expected FK; Found AG
Value at index 141 differs. Expected FL; Found BD
Value at index 142 differs. Expected FM; Found DY
Value at index 143 differs. Expected FN; Found AN
Value at index 145 differs. Expected FP; Found DB
Value at index 146 differs. Expected FQ; Found EW
Value at index 147 differs. Expected FR; Found CR
Value at index 148 differs. Expected FS; Found BM
Value at index 149 differs. Expected FT; Found BF

