Invalid read count. Expected: 126; Found: 0
Invalid write count. Expected: 26; Found: 0
Value at index 0 differs. Expected A; Found D
Value at index 1 differs. Expected B; Found G
Value at index 3 differs. Expected D; Found I
Value at index 5 differs. Expected F; Found H
Value at index 6 differs. Expected G; Found B
Value at index 7 differs. Expected H; Found F
Value at index 8 differs. Expected I; Found J
Value at index 9 differs. Expected J; Found A

Invalid read count. Expected: 4 942; Found: 0
Invalid write count. Expected: 788; Found: 0
Value at index 0 differs. Expected AA; Found CI
Value at index 1 differs. Expected AB; Found FT
Value at index 3 differs. Expected AD; Found CK
Value at index 4 differs. Expected AE; Found FM
Value at index 5 differs. Expected AF; Found DQ
Value at index 7 differs. Expected AH; Found AV
Value at index 8 differs. Expected AI; Found CX
Value at index 9 differs. Expected AJ; Found AX
Value at index 10 differs. Expected AK; Found DI
Value at index 11 differs. Expected AL; Found FK
Value at index 12 differs. Expected AM; Found EJ
Value at index 14 differs. Expected AO; Found DE
Value at index 15 differs. Expected AP; Found ET
Value at index 16 differs. Expected AQ; Found AS
Value at index 18 differs. Expected AS; Found BQ
Value at index 19 differs. Expected AT; Found FC
Value at index 20 differs. Expected AU; Found AE
Value at index 21 differs. Expected AV; Found AH
Value at index 23 differs. Expected AX; Found AO
Value at index 25 differs. Expected AZ; Found EL
Value at index 26 differs. Expected BA; Found DS
Value at index 27 differs. Expected BB; Found EX
Value at index 28 differs. Expected BC; Found BG
Value at index 29 differs. Expected BD; Found BY
Value at index 32 differs. Expected BG; Found DB
Value at index 34 differs. Expected BI; Found BN
Value at index 36 differs. Expected BK; Found DJ
Value at index 37 differs. Expected BL; Found AA
Value at index 39 differs. Expected BN; Found BI
Value at index 42 differs. Expected BQ; Found DT
Value at index 43 differs. Expected BR; Found BL
Value at index 44 differs. Expected BS; Found DP
Value at index 47 differs. Expected BV; Found AZ
Value at index 48 differs. Expected BW; Found DL
Value at index 49 differs. Expected BX; Found CN
Value at index 50 differs. Expected BY; Found BD
Value at index 52 differs. Expected CA; Found EZ
Value at index 54 differs. Expected CC; Found EW
Value at index 55 differs. Expected CD; Found BS
Value at index 56 differs. Expected CE; Found EU
Value at index 57 differs. Expected CF; Found EG
Value at index 58 differs. Expected CG; Found AF
Value at index 60 differs. Expected CI; Found FS
Value at index 61 differs. Expected CJ; Found CA
Value at index 62 differs. Expected CK; Found EO
Value at index 64 differs. Expected CM; Found EP
Value at index 65 differs. Expected CN; Found BX
Value at index 68 differs. Expected CQ; Found FI
Value at index 70 differs. Expected CS; Found EH
Value at index 71 differs. Expected CT; Found FB
Value at index 73 differs. Expected CV; Found DW
Value at index 75 differs. Expected CX; Found AI
Value at index 79 differs. Expected DB; Found ED
Value at index 80 differs. Expected DC; Found FR
Value at index 81 differs. Expected DD; Found BC
Value at index 82 differs. Expected DE; Found AJ
Value at index 83 differs. Expected DF; Found BV
Value at index 84 differs. Expected DG; Found CC
Value at index 85 differs. Expected DH; Found CQ
Value at index 86 differs. Expected DI; Found AK
Value at index 87 differs. Expected DJ; Found BK
Value at index 88 differs. Expected DK; Found FA
Value at index 89 differs. Expected DL; Found BW
Value at index 90 differs. Expected DM; Found BA
Value at index 91 differs. Expected DN; Found AT
Value at index 92 differs. Expected DO; Found EM
Value at index 93 differs. Expected DP; Found CD
Value at index 94 differs. Expected DQ; Found CG
Value at index 95 differs. Expected DR; Found DF
Value at index 96 differs. Expected DS; Found DM
Value at index 97 differs. Expected DT; Found AQ
Value at index 100 differs. Expected DW; Found CV
Value at index 101 differs. Expected DX; Found CJ
Value at index 102 differs. Expected DY; Found DN
Value at index 103 differs. Expected DZ; Found FQ
Value at index 107 differs. Expected ED; Found DO
Value at index 108 differs. Expected EE; Found FG
Value at index 110 differs. Expected EG; Found EV
Value at index 111 differs. Expected EH; Found FE
Value at index 112 differs. Expected EI; Found AU
Value at index 113 differs. Expected EJ; Found EY
Value at index 115 differs. Expected EL; Found DR
Value at index 116 differs. Expected EM; Found DD
Value at index 118 differs. Expected EO; Found AD
Value at index 119 differs. Expected EP; Found CM
Value at index 121 differs. Expected ER; Found DK
Value at index 123 differs. Expected ET; Found AP
Value at index 124 differs. Expected EU; Found BR
Value at index 125 differs. Expected EV; Found DH
Value at index 126 differs. Expected EW; Found DG
Value at index 127 differs. Expected EX; Found BB
Value at index 128 differs. Expected EY; Found AM
Value at index 129 differs. Expected EZ; Found EE
Value at index 130 differs. Expected FA; Found ER
Value at index 131 differs. Expected FB; Found CT
Value at index 132 differs. Expected FC; Found DY
Value at index 134 differs. Expected FE; Found CS
Value at index 136 differs. Expected FG; Found DX
Value at index 138 differs. Expected FI; Found CF
Value at index 140 differs. Expected FK; Found AL
Value at index 141 differs. Expected FL; Found FP
Value at index 142 differs. Expected FM; Found EI
Value at index 145 differs. Expected FP; Found FL
Value at index 146 differs. Expected FQ; Found DZ
Value at index 147 differs. Expected FR; Found DC
Value at index 148 differs. Expected FS; Found CE
Value at index 149 differs. Expected FT; Found AB

