Invalid read count. Expected: 96; Found: 6
Invalid write count. Expected: 14; Found: 0
Value at index 0 differs. Expected A; Found E
Value at index 2 differs. Expected C; Found D
Value at index 3 differs. Expected D; Found F
Value at index 4 differs. Expected E; Found A
Value at index 5 differs. Expected F; Found C

Invalid read count. Expected: 4 918; Found: 94
Invalid write count. Expected: 764; Found: 24
Value at index 0 differs. Expected AA; Found CQ
Value at index 1 differs. Expected AB; Found DQ
Value at index 2 differs. Expected AC; Found AO
Value at index 3 differs. Expected AD; Found CB
Value at index 4 differs. Expected AE; Found AV
Value at index 5 differs. Expected AF; Found BE
Value at index 8 differs. Expected AI; Found AJ
Value at index 9 differs. Expected AJ; Found AE
Value at index 10 differs. Expected AK; Found DA
Value at index 11 differs. Expected AL; Found EB
Value at index 12 differs. Expected AM; Found AY
Value at index 13 differs. Expected AN; Found EI
Value at index 14 differs. Expected AO; Found EO
Value at index 15 differs. Expected AP; Found EA
Value at index 16 differs. Expected AQ; Found DR
Value at index 17 differs. Expected AR; Found DO
Value at index 19 differs. Expected AT; Found AN
Value at index 20 differs. Expected AU; Found EK
Value at index 21 differs. Expected AV; Found AB
Value at index 23 differs. Expected AX; Found AZ
Value at index 24 differs. Expected AY; Found DE
Value at index 25 differs. Expected AZ; Found CE
Value at index 26 differs. Expected BA; Found CM
Value at index 27 differs. Expected BB; Found CU
Value at index 29 differs. Expected BD; Found CF
Value at index 30 differs. Expected BE; Found AF
Value at index 31 differs. Expected BF; Found BB
Value at index 33 differs. Expected BH; Found AL
Value at index 34 differs. Expected BI; Found CR
Value at index 35 differs. Expected BJ; Found AX
Value at index 40 differs. Expected BO; Found BV
Value at index 42 differs. Expected BQ; Found AK
Value at index 43 differs. Expected BR; Found CJ
Value at index 44 differs. Expected BS; Found AI
Value at index 45 differs. Expected BT; Found DC
Value at index 46 differs. Expected BU; Found ES
Value at index 47 differs. Expected BV; Found CI
Value at index 48 differs. Expected BW; Found DZ
Value at index 49 differs. Expected BX; Found CA
Value at index 51 differs. Expected BZ; Found CH
Value at index 52 differs. Expected CA; Found CC
Value at index 53 differs. Expected CB; Found AD
Value at index 54 differs. Expected CC; Found AT
Value at index 56 differs. Expected CE; Found FK
Value at index 57 differs. Expected CF; Found FO
Value at index 58 differs. Expected CG; Found DL
Value at index 59 differs. Expected CH; Found BZ
Value at index 60 differs. Expected CI; Found BO
Value at index 61 differs. Expected CJ; Found BR
Value at index 63 differs. Expected CL; Found DN
Value at index 64 differs. Expected CM; Found BA
Value at index 65 differs. Expected CN; Found EL
Value at index 66 differs. Expected CO; Found FS
Value at index 67 differs. Expected CP; Found CX
Value at index 68 differs. Expected CQ; Found AA
Value at index 69 differs. Expected CR; Found BI
Value at index 70 differs. Expected CS; Found DT
Value at index 72 differs. Expected CU; Found DS
Value at index 75 differs. Expected CX; Found BD
Value at index 78 differs. Expected DA; Found BQ
Value at index 80 differs. Expected DC; Found DF
Value at index 82 differs. Expected DE; Found BS
Value at index 83 differs. Expected DF; Found BT
Value at index 84 differs. Expected DG; Found FA
Value at index 88 differs. Expected DK; Found CN
Value at index 89 differs. Expected DL; Found AU
Value at index 90 differs. Expected DM; Found ED
Value at index 91 differs. Expected DN; Found AM
Value at index 92 differs. Expected DO; Found CL
Value at index 93 differs. Expected DP; Found AR
Value at index 94 differs. Expected DQ; Found BX
Value at index 95 differs. Expected DR; Found AQ
Value at index 96 differs. Expected DS; Found FM
Value at index 97 differs. Expected DT; Found CS
Value at index 101 differs. Expected DX; Found EZ
Value at index 102 differs. Expected DY; Found DG
Value at index 103 differs. Expected DZ; Found BW
Value at index 104 differs. Expected EA; Found DY
Value at index 105 differs. Expected EB; Found CO
Value at index 107 differs. Expected ED; Found DM
Value at index 108 differs. Expected EE; Found FC
Value at index 112 differs. Expected EI; Found AP
Value at index 113 differs. Expected EJ; Found AC
Value at index 114 differs. Expected EK; Found CG
Value at index 115 differs. Expected EL; Found DK
Value at index 117 differs. Expected EN; Found EJ
Value at index 118 differs. Expected EO; Found FH
Value at index 119 differs. Expected EP; Found BJ
Value at index 121 differs. Expected ER; Found FF
Value at index 122 differs. Expected ES; Found BF
Value at index 124 differs. Expected EU; Found FP
Value at index 125 differs. Expected EV; Found FD
Value at index 126 differs. Expected EW; Found FI
Value at index 127 differs. Expected EX; Found ER
Value at index 128 differs. Expected EY; Found FR
Value at index 129 differs. Expected EZ; Found EU
Value at index 130 differs. Expected FA; Found FE
Value at index 132 differs. Expected FC; Found EE
Value at index 133 differs. Expected FD; Found EP
Value at index 134 differs. Expected FE; Found DX
Value at index 135 differs. Expected FF; Found EX
Value at index 137 differs. Expected FH; Found BH
Value at index 138 differs. Expected FI; Found FJ
Value at index 139 differs. Expected FJ; Found DP
Value at index 140 differs. Expected FK; Found EW
Value at index 142 differs. Expected FM; Found EV
Value at index 144 differs. Expected FO; Found CP
Value at index 145 differs. Expected FP; Found EN
Value at index 146 differs. Expected FQ; Found BU
Value at index 147 differs. Expected FR; Found EY
Value at index 148 differs. Expected FS; Found FQ

