Invalid read count. Expected: 98; Found: 30
Invalid write count. Expected: 16; Found: 10
Value at index 3 differs. Expected D; Found E
Value at index 4 differs. Expected E; Found D
Value at index 5 differs. Expected F; Found I
Value at index 6 differs. Expected G; Found F
Value at index 7 differs. Expected H; Found G
Value at index 8 differs. Expected I; Found H

Invalid read count. Expected: 4 928; Found: 370
Invalid write count. Expected: 774; Found: 70
Value at index 0 differs. Expected AA; Found EA
Value at index 1 differs. Expected AB; Found CE
Value at index 2 differs. Expected AC; Found BO
Value at index 4 differs. Expected AE; Found AS
Value at index 5 differs. Expected AF; Found DV
Value at index 8 differs. Expected AI; Found ET
Value at index 10 differs. Expected AK; Found EU
Value at index 11 differs. Expected AL; Found BY
Value at index 12 differs. Expected AM; Found DC
Value at index 14 differs. Expected AO; Found BK
Value at index 15 differs. Expected AP; Found AI
Value at index 18 differs. Expected AS; Found BU
Value at index 19 differs. Expected AT; Found AL
Value at index 20 differs. Expected AU; Found FF
Value at index 21 differs. Expected AV; Found BP
Value at index 22 differs. Expected AW; Found AZ
Value at index 23 differs. Expected AX; Found AF
Value at index 24 differs. Expected AY; Found DO
Value at index 25 differs. Expected AZ; Found EB
Value at index 26 differs. Expected BA; Found DH
Value at index 30 differs. Expected BE; Found DG
Value at index 31 differs. Expected BF; Found BT
Value at index 32 differs. Expected BG; Found BN
Value at index 34 differs. Expected BI; Found AU
Value at index 36 differs. Expected BK; Found AK
Value at index 37 differs. Expected BL; Found CQ
Value at index 39 differs. Expected BN; Found DS
Value at index 40 differs. Expected BO; Found BQ
Value at index 41 differs. Expected BP; Found CH
Value at index 42 differs. Expected BQ; Found DA
Value at index 43 differs. Expected BR; Found BG
Value at index 45 differs. Expected BT; Found AP
Value at index 46 differs. Expected BU; Found EI
Value at index 48 differs. Expected BW; Found DU
Value at index 49 differs. Expected BX; Found FE
Value at index 50 differs. Expected BY; Found AX
Value at index 51 differs. Expected BZ; Found DX
Value at index 55 differs. Expected CD; Found CJ
Value at index 56 differs. Expected CE; Found DR
Value at index 57 differs. Expected CF; Found BL
Value at index 58 differs. Expected CG; Found DT
Value at index 59 differs. Expected CH; Found AV
Value at index 60 differs. Expected CI; Found BE
Value at index 61 differs. Expected CJ; Found EC
Value at index 62 differs. Expected CK; Found DL
Value at index 65 differs. Expected CN; Found DM
Value at index 68 differs. Expected CQ; Found CF
Value at index 71 differs. Expected CT; Found CG
Value at index 74 differs. Expected CW; Found CD
Value at index 77 differs. Expected CZ; Found EM
Value at index 78 differs. Expected DA; Found DJ
Value at index 79 differs. Expected DB; Found EN
Value at index 80 differs. Expected DC; Found CN
Value at index 81 differs. Expected DD; Found BI
Value at index 82 differs. Expected DE; Found BR
Value at index 84 differs. Expected DG; Found FL
Value at index 85 differs. Expected DH; Found BA
Value at index 87 differs. Expected DJ; Found AT
Value at index 88 differs. Expected DK; Found BX
Value at index 89 differs. Expected DL; Found CK
Value at index 90 differs. Expected DM; Found AE
Value at index 91 differs. Expected DN; Found EP
Value at index 92 differs. Expected DO; Found AY
Value at index 95 differs. Expected DR; Found AB
Value at index 96 differs. Expected DS; Found DW
Value at index 97 differs. Expected DT; Found AC
Value at index 98 differs. Expected DU; Found BW
Value at index 99 differs. Expected DV; Found CT
Value at index 100 differs. Expected DW; Found BF
Value at index 101 differs. Expected DX; Found BZ
Value at index 104 differs. Expected EA; Found AA
Value at index 105 differs. Expected EB; Found AW
Value at index 106 differs. Expected EC; Found EE
Value at index 108 differs. Expected EE; Found AM
Value at index 109 differs. Expected EF; Found FA
Value at index 112 differs. Expected EI; Found DK
Value at index 113 differs. Expected EJ; Found AO
Value at index 116 differs. Expected EM; Found CZ
Value at index 117 differs. Expected EN; Found DB
Value at index 118 differs. Expected EO; Found CW
Value at index 119 differs. Expected EP; Found DN
Value at index 120 differs. Expected EQ; Found EO
Value at index 121 differs. Expected ER; Found EQ
Value at index 123 differs. Expected ET; Found EW
Value at index 124 differs. Expected EU; Found FK
Value at index 126 differs. Expected EW; Found CI
Value at index 129 differs. Expected EZ; Found EJ
Value at index 130 differs. Expected FA; Found DD
Value at index 131 differs. Expected FB; Found DE
Value at index 132 differs. Expected FC; Found FB
Value at index 133 differs. Expected FD; Found EF
Value at index 134 differs. Expected FE; Found FM
Value at index 135 differs. Expected FF; Found FD
Value at index 137 differs. Expected FH; Found FR
Value at index 140 differs. Expected FK; Found EZ
Value at index 141 differs. Expected FL; Found FP
Value at index 142 differs. Expected FM; Found FC
Value at index 143 differs. Expected FN; Found ER
Value at index 144 differs. Expected FO; Found FN
Value at index 145 differs. Expected FP; Found FH
Value at index 146 differs. Expected FQ; Found FO
Value at index 147 differs. Expected FR; Found FQ

