Invalid read count. Expected: 122; Found: 0
Invalid write count. Expected: 22; Found: 0
Value at index 0 differs. Expected A; Found C
Value at index 2 differs. Expected C; Found G
Value at index 6 differs. Expected G; Found A
Value at index 7 differs. Expected H; Found J
Value at index 9 differs. Expected J; Found H

Invalid read count. Expected: 5 236; Found: 0
Invalid write count. Expected: 784; Found: 0
Value at index 2 differs. Expected AC; Found BG
Value at index 3 differs. Expected AD; Found EA
Value at index 5 differs. Expected AF; Found DS
Value at index 7 differs. Expected AH; Found AJ
Value at index 8 differs. Expected AI; Found BW
Value at index 9 differs. Expected AJ; Found EC
Value at index 10 differs. Expected AK; Found DB
Value at index 11 differs. Expected AL; Found ET
Value at index 13 differs. Expected AN; Found EU
Value at index 14 differs. Expected AO; Found CQ
Value at index 15 differs. Expected AP; Found EE
Value at index 16 differs. Expected AQ; Found DR
Value at index 17 differs. Expected AR; Found FE
Value at index 19 differs. Expected AT; Found FT
Value at index 20 differs. Expected AU; Found AN
Value at index 21 differs. Expected AV; Found FC
Value at index 22 differs. Expected AW; Found CS
Value at index 23 differs. Expected AX; Found BY
Value at index 24 differs. Expected AY; Found FN
Value at index 25 differs. Expected AZ; Found DW
Value at index 26 differs. Expected BA; Found DY
Value at index 28 differs. Expected BC; Found CV
Value at index 31 differs. Expected BF; Found DP
Value at index 32 differs. Expected BG; Found DV
Value at index 33 differs. Expected BH; Found AK
Value at index 35 differs. Expected BJ; Found FB
Value at index 36 differs. Expected BK; Found DA
Value at index 37 differs. Expected BL; Found EB
Value at index 38 differs. Expected BM; Found ER
Value at index 39 differs. Expected BN; Found EY
Value at index 40 differs. Expected BO; Found EP
Value at index 41 differs. Expected BP; Found BZ
Value at index 45 differs. Expected BT; Found DC
Value at index 47 differs. Expected BV; Found AC
Value at index 48 differs. Expected BW; Found AI
Value at index 50 differs. Expected BY; Found AX
Value at index 51 differs. Expected BZ; Found BP
Value at index 52 differs. Expected CA; Found FR
Value at index 53 differs. Expected CB; Found DZ
Value at index 56 differs. Expected CE; Found EH
Value at index 57 differs. Expected CF; Found DJ
Value at index 58 differs. Expected CG; Found CM
Value at index 60 differs. Expected CI; Found CJ
Value at index 61 differs. Expected CJ; Found CR
Value at index 62 differs. Expected CK; Found FS
Value at index 64 differs. Expected CM; Found AF
Value at index 65 differs. Expected CN; Found EI
Value at index 66 differs. Expected CO; Found FJ
Value at index 68 differs. Expected CQ; Found AO
Value at index 69 differs. Expected CR; Found AD
Value at index 70 differs. Expected CS; Found EZ
Value at index 73 differs. Expected CV; Found EG
Value at index 74 differs. Expected CW; Found DU
Value at index 77 differs. Expected CZ; Found DD
Value at index 78 differs. Expected DA; Found CG
Value at index 79 differs. Expected DB; Found BH
Value at index 80 differs. Expected DC; Found BT
Value at index 81 differs. Expected DD; Found BK
Value at index 82 differs. Expected DE; Found DN
Value at index 85 differs. Expected DH; Found BA
Value at index 87 differs. Expected DJ; Found CF
Value at index 88 differs. Expected DK; Found EW
Value at index 89 differs. Expected DL; Found BF
Value at index 90 differs. Expected DM; Found DH
Value at index 91 differs. Expected DN; Found BC
Value at index 92 differs. Expected DO; Found CE
Value at index 93 differs. Expected DP; Found FM
Value at index 95 differs. Expected DR; Found AZ
Value at index 96 differs. Expected DS; Found AH
Value at index 98 differs. Expected DU; Found FH
Value at index 99 differs. Expected DV; Found BJ
Value at index 100 differs. Expected DW; Found AY
Value at index 102 differs. Expected DY; Found DM
Value at index 103 differs. Expected DZ; Found BL
Value at index 104 differs. Expected EA; Found FD
Value at index 105 differs. Expected EB; Found CB
Value at index 106 differs. Expected EC; Found EF
Value at index 108 differs. Expected EE; Found EM
Value at index 109 differs. Expected EF; Found FI
Value at index 110 differs. Expected EG; Found DE
Value at index 111 differs. Expected EH; Found AL
Value at index 112 differs. Expected EI; Found CN
Value at index 114 differs. Expected EK; Found CI
Value at index 116 differs. Expected EM; Found DO
Value at index 119 differs. Expected EP; Found BO
Value at index 121 differs. Expected ER; Found BM
Value at index 123 differs. Expected ET; Found AP
Value at index 124 differs. Expected EU; Found CA
Value at index 125 differs. Expected EV; Found CK
Value at index 126 differs. Expected EW; Found DK
Value at index 128 differs. Expected EY; Found BV
Value at index 129 differs. Expected EZ; Found AW
Value at index 131 differs. Expected FB; Found AQ
Value at index 132 differs. Expected FC; Found AV
Value at index 133 differs. Expected FD; Found EK
Value at index 134 differs. Expected FE; Found AR
Value at index 136 differs. Expected FG; Found DL
Value at index 137 differs. Expected FH; Found FP
Value at index 138 differs. Expected FI; Found CZ
Value at index 139 differs. Expected FJ; Found CO
Value at index 140 differs. Expected FK; Found AT
Value at index 142 differs. Expected FM; Found FG
Value at index 143 differs. Expected FN; Found BN
Value at index 145 differs. Expected FP; Found CW
Value at index 147 differs. Expected FR; Found AU
Value at index 148 differs. Expected FS; Found EV
Value at index 149 differs. Expected FT; Found FK

