Invalid read count. Expected: 120; Found: 0
Invalid write count. Expected: 20; Found: 0
Value at index 1 differs. Expected B; Found C
Value at index 2 differs. Expected C; Found I
Value at index 4 differs. Expected E; Found G
Value at index 6 differs. Expected G; Found J
Value at index 8 differs. Expected I; Found B
Value at index 9 differs. Expected J; Found E

Invalid read count. Expected: 5 316; Found: 0
Invalid write count. Expected: 864; Found: 0
Value at index 1 differs. Expected AB; Found EO
Value at index 2 differs. Expected AC; Found AI
Value at index 3 differs. Expected AD; Found DP
Value at index 4 differs. Expected AE; Found EL
Value at index 5 differs. Expected AF; Found DW
Value at index 6 differs. Expected AG; Found BC
Value at index 7 differs. Expected AH; Found DB
Value at index 8 differs. Expected AI; Found AR
Value at index 10 differs. Expected AK; Found FM
Value at index 11 differs. Expected AL; Found FT
Value at index 12 differs. Expected AM; Found BS
Value at index 13 differs. Expected AN; Found CV
Value at index 14 differs. Expected AO; Found CE
Value at index 15 differs. Expected AP; Found EG
Value at index 16 differs. Expected AQ; Found AF
Value at index 17 differs. Expected AR; Found CC
Value at index 19 differs. Expected AT; Found DE
Value at index 20 differs. Expected AU; Found DI
Value at index 21 differs. Expected AV; Found CL
Value at index 22 differs. Expected AW; Found ES
Value at index 23 differs. Expected AX; Found CI
Value at index 25 differs. Expected AZ; Found BJ
Value at index 28 differs. Expected BC; Found AG
Value at index 29 differs. Expected BD; Found BK
Value at index 30 differs. Expected BE; Found CA
Value at index 32 differs. Expected BG; Found CJ
Value at index 33 differs. Expected BH; Found EN
Value at index 34 differs. Expected BI; Found DH
Value at index 35 differs. Expected BJ; Found EH
Value at index 36 differs. Expected BK; Found FG
Value at index 37 differs. Expected BL; Found CG
Value at index 38 differs. Expected BM; Found AV
Value at index 39 differs. Expected BN; Found FR
Value at index 43 differs. Expected BR; Found CS
Value at index 44 differs. Expected BS; Found AO
Value at index 47 differs. Expected BV; Found CR
Value at index 48 differs. Expected BW; Found BL
Value at index 49 differs. Expected BX; Found FF
Value at index 52 differs. Expected CA; Found CY
Value at index 53 differs. Expected CB; Found DY
Value at index 54 differs. Expected CC; Found FL
Value at index 55 differs. Expected CD; Found EU
Value at index 56 differs. Expected CE; Found CH
Value at index 58 differs. Expected CG; Found BW
Value at index 59 differs. Expected CH; Found DC
Value at index 60 differs. Expected CI; Found AQ
Value at index 61 differs. Expected CJ; Found BG
Value at index 62 differs. Expected CK; Found DX
Value at index 63 differs. Expected CL; Found BE
Value at index 65 differs. Expected CN; Found FS
Value at index 66 differs. Expected CO; Found DL
Value at index 69 differs. Expected CR; Found BV
Value at index 70 differs. Expected CS; Found BR
Value at index 72 differs. Expected CU; Found FB
Value at index 73 differs. Expected CV; Found AC
Value at index 74 differs. Expected CW; Found FN
Value at index 76 differs. Expected CY; Found CZ
Value at index 77 differs. Expected CZ; Found EW
Value at index 79 differs. Expected DB; Found FD
Value at index 80 differs. Expected DC; Found DU
Value at index 81 differs. Expected DD; Found DF
Value at index 82 differs. Expected DE; Found DQ
Value at index 83 differs. Expected DF; Found CK
Value at index 85 differs. Expected DH; Found BI
Value at index 86 differs. Expected DI; Found AU
Value at index 87 differs. Expected DJ; Found EC
Value at index 88 differs. Expected DK; Found BX
Value at index 89 differs. Expected DL; Found CO
Value at index 93 differs. Expected DP; Found AX
Value at index 94 differs. Expected DQ; Found CW
Value at index 97 differs. Expected DT; Found CN
Value at index 98 differs. Expected DU; Found AM
Value at index 100 differs. Expected DW; Found AD
Value at index 101 differs. Expected DX; Found DZ
Value at index 102 differs. Expected DY; Found EQ
Value at index 103 differs. Expected DZ; Found DJ
Value at index 104 differs. Expected EA; Found FI
Value at index 106 differs. Expected EC; Found AP
Value at index 108 differs. Expected EE; Found EK
Value at index 109 differs. Expected EF; Found CU
Value at index 110 differs. Expected EG; Found DD
Value at index 111 differs. Expected EH; Found AB
Value at index 112 differs. Expected EI; Found EZ
Value at index 114 differs. Expected EK; Found EE
Value at index 115 differs. Expected EL; Found AE
Value at index 116 differs. Expected EM; Found ET
Value at index 117 differs. Expected EN; Found BH
Value at index 118 differs. Expected EO; Found AH
Value at index 119 differs. Expected EP; Found BM
Value at index 120 differs. Expected EQ; Found CB
Value at index 122 differs. Expected ES; Found AW
Value at index 123 differs. Expected ET; Found EM
Value at index 124 differs. Expected EU; Found CD
Value at index 126 differs. Expected EW; Found EF
Value at index 128 differs. Expected EY; Found EI
Value at index 129 differs. Expected EZ; Found DT
Value at index 131 differs. Expected FB; Found FO
Value at index 133 differs. Expected FD; Found AZ
Value at index 135 differs. Expected FF; Found DK
Value at index 136 differs. Expected FG; Found BD
Value at index 138 differs. Expected FI; Found EA
Value at index 141 differs. Expected FL; Found BN
Value at index 142 differs. Expected FM; Found AK
Value at index 143 differs. Expected FN; Found AT
Value at index 144 differs. Expected FO; Found EP
Value at index 147 differs. Expected FR; Found AN
Value at index 148 differs. Expected FS; Found EY
Value at index 149 differs. Expected FT; Found AL

