Invalid read count. Expected: 94; Found: 30
Value at index 0 differs. Expected A; Found D
Value at index 1 differs. Expected B; Found J
Value at index 2 differs. Expected C; Found I
Value at index 3 differs. Expected D; Found B
Value at index 4 differs. Expected E; Found G
Value at index 6 differs. Expected G; Found H
Value at index 7 differs. Expected H; Found E
Value at index 8 differs. Expected I; Found C
Value at index 9 differs. Expected J; Found A

Invalid read count. Expected: 4 914; Found: 408
Invalid write count. Expected: 760; Found: 110
Value at index 0 differs. Expected AA; Found EL
Value at index 1 differs. Expected AB; Found EG
Value at index 2 differs. Expected AC; Found DQ
Value at index 3 differs. Expected AD; Found AF
Value at index 4 differs. Expected AE; Found EZ
Value at index 5 differs. Expected AF; Found EQ
Value at index 6 differs. Expected AG; Found FA
Value at index 7 differs. Expected AH; Found ES
Value at index 8 differs. Expected AI; Found DC
Value at index 9 differs. Expected AJ; Found FS
Value at index 10 differs. Expected AK; Found DV
Value at index 11 differs. Expected AL; Found DH
Value at index 12 differs. Expected AM; Found EX
Value at index 13 differs. Expected AN; Found FR
Value at index 14 differs. Expected AO; Found FM
Value at index 16 differs. Expected AQ; Found CC
Value at index 17 differs. Expected AR; Found EO
Value at index 18 differs. Expected AS; Found FD
Value at index 19 differs. Expected AT; Found EV
Value at index 20 differs. Expected AU; Found FF
Value at index 21 differs. Expected AV; Found FG
Value at index 22 differs. Expected AW; Found FH
Value at index 23 differs. Expected AX; Found EY
Value at index 24 differs. Expected AY; Found FJ
Value at index 25 differs. Expected AZ; Found EP
Value at index 26 differs. Expected BA; Found FL
Value at index 27 differs. Expected BB; Found FT
Value at index 28 differs. Expected BC; Found FN
Value at index 29 differs. Expected BD; Found DS
Value at index 30 differs. Expected BE; Found DN
Value at index 31 differs. Expected BF; Found FQ
Value at index 32 differs. Expected BG; Found CM
Value at index 33 differs. Expected BH; Found CZ
Value at index 34 differs. Expected BI; Found CF
Value at index 35 differs. Expected BJ; Found CH
Value at index 37 differs. Expected BL; Found EU
Value at index 38 differs. Expected BM; Found CX
Value at index 39 differs. Expected BN; Found EE
Value at index 40 differs. Expected BO; Found BI
Value at index 42 differs. Expected BQ; Found AO
Value at index 45 differs. Expected BT; Found DI
Value at index 46 differs. Expected BU; Found EK
Value at index 47 differs. Expected BV; Found EJ
Value at index 50 differs. Expected BY; Found AX
Value at index 51 differs. Expected BZ; Found EM
Value at index 52 differs. Expected CA; Found DD
Value at index 53 differs. Expected CB; Found CW
Value at index 54 differs. Expected CC; Found EH
Value at index 55 differs. Expected CD; Found DK
Value at index 56 differs. Expected CE; Found DG
Value at index 57 differs. Expected CF; Found BN
Value at index 58 differs. Expected CG; Found CO
Value at index 59 differs. Expected CH; Found ET
Value at index 61 differs. Expected CJ; Found BQ
Value at index 62 differs. Expected CK; Found CG
Value at index 63 differs. Expected CL; Found DP
Value at index 64 differs. Expected CM; Found DT
Value at index 66 differs. Expected CO; Found DB
Value at index 67 differs. Expected CP; Found DE
Value at index 69 differs. Expected CR; Found CD
Value at index 72 differs. Expected CU; Found DY
Value at index 74 differs. Expected CW; Found CJ
Value at index 75 differs. Expected CX; Found EW
Value at index 76 differs. Expected CY; Found EA
Value at index 77 differs. Expected CZ; Found BL
Value at index 79 differs. Expected DB; Found CK
Value at index 80 differs. Expected DC; Found DJ
Value at index 81 differs. Expected DD; Found CB
Value at index 82 differs. Expected DE; Found BY
Value at index 84 differs. Expected DG; Found CP
Value at index 85 differs. Expected DH; Found EC
Value at index 86 differs. Expected DI; Found BT
Value at index 87 differs. Expected DJ; Found FB
Value at index 88 differs. Expected DK; Found DX
Value at index 89 differs. Expected DL; Found AZ
Value at index 91 differs. Expected DN; Found FP
Value at index 92 differs. Expected DO; Found CR
Value at index 93 differs. Expected DP; Found BD
Value at index 94 differs. Expected DQ; Found EN
Value at index 95 differs. Expected DR; Found FK
Value at index 96 differs. Expected DS; Found FE
Value at index 97 differs. Expected DT; Found FI
Value at index 98 differs. Expected DU; Found BA
Value at index 99 differs. Expected DV; Found DO
Value at index 101 differs. Expected DX; Found FC
Value at index 102 differs. Expected DY; Found CE
Value at index 103 differs. Expected DZ; Found CU
Value at index 104 differs. Expected EA; Found BZ
Value at index 106 differs. Expected EC; Found DL
Value at index 108 differs. Expected EE; Found DZ
Value at index 110 differs. Expected EG; Found DR
Value at index 111 differs. Expected EH; Found CA
Value at index 113 differs. Expected EJ; Found FO
Value at index 114 differs. Expected EK; Found BU
Value at index 115 differs. Expected EL; Found BE
Value at index 116 differs. Expected EM; Found AY
Value at index 117 differs. Expected EN; Found CL
Value at index 118 differs. Expected EO; Found BH
Value at index 119 differs. Expected EP; Found AM
Value at index 120 differs. Expected EQ; Found AN
Value at index 122 differs. Expected ES; Found AL
Value at index 123 differs. Expected ET; Found BJ
Value at index 124 differs. Expected EU; Found AJ
Value at index 125 differs. Expected EV; Found CY
Value at index 126 differs. Expected EW; Found BM
Value at index 127 differs. Expected EX; Found DU
Value at index 128 differs. Expected EY; Found BB
Value at index 129 differs. Expected EZ; Found AS
Value at index 130 differs. Expected FA; Found AG
Value at index 131 differs. Expected FB; Found AQ
Value at index 132 differs. Expected FC; Found AR
Value at index 133 differs. Expected FD; Found BF
Value at index 134 differs. Expected FE; Found BV
Value at index 135 differs. Expected FF; Found BG
Value at index 136 differs. Expected FG; Found AV
Value at index 137 differs. Expected FH; Found AW
Value at index 138 differs. Expected FI; Found AT
Value at index 139 differs. Expected FJ; Found BC
Value at index 140 differs. Expected FK; Found AC
Value at index 141 differs. Expected FL; Found AI
Value at index 142 differs. Expected FM; Found BO
Value at index 143 differs. Expected FN; Found AK
Value at index 144 differs. Expected FO; Found AU
Value at index 145 differs. Expected FP; Found AH
Value at index 146 differs. Expected FQ; Found AE
Value at index 147 differs. Expected FR; Found AB
Value at index 148 differs. Expected FS; Found AD
Value at index 149 differs. Expected FT; Found AA

