Invalid read count. Expected: 100; Found: 4
Invalid write count. Expected: 18; Found: 2
Value at index 0 differs. Expected A; Found H
Value at index 3 differs. Expected D; Found I
Value at index 4 differs. Expected E; Found A
Value at index 7 differs. Expected H; Found D
Value at index 8 differs. Expected I; Found E

Invalid read count. Expected: 4 962; Found: 2
Invalid write count. Expected: 808; Found: 0
Value at index 0 differs. Expected AA; Found CU
Value at index 2 differs. Expected AC; Found AL
Value at index 3 differs. Expected AD; Found DA
Value at index 5 differs. Expected AF; Found DL
Value at index 6 differs. Expected AG; Found EN
Value at index 7 differs. Expected AH; Found FM
Value at index 8 differs. Expected AI; Found DR
Value at index 9 differs. Expected AJ; Found BM
Value at index 10 differs. Expected AK; Found ET
Value at index 11 differs. Expected AL; Found AC
Value at index 13 differs. Expected AN; Found BD
Value at index 16 differs. Expected AQ; Found BE
Value at index 18 differs. Expected AS; Found CQ
Value at index 19 differs. Expected AT; Found CJ
Value at index 21 differs. Expected AV; Found BI
Value at index 22 differs. Expected AW; Found DF
Value at index 26 differs. Expected BA; Found CM
Value at index 27 differs. Expected BB; Found BG
Value at index 28 differs. Expected BC; Found AI
Value at index 29 differs. Expected BD; Found AN
Value at index 30 differs. Expected BE; Found AJ
Value at index 31 differs. Expected BF; Found CA
Value at index 32 differs. Expected BG; Found BB
Value at index 33 differs. Expected BH; Found EV
Value at index 34 differs. Expected BI; Found DB
Value at index 36 differs. Expected BK; Found EY
Value at index 37 differs. Expected BL; Found BN
Value at index 38 differs. Expected BM; Found AQ
Value at index 39 differs. Expected BN; Found FG
Value at index 40 differs. Expected BO; Found EO
Value at index 42 differs. Expected BQ; Found EH
Value at index 43 differs. Expected BR; Found EB
Value at index 44 differs. Expected BS; Found BQ
Value at index 46 differs. Expected BU; Found BX
Value at index 47 differs. Expected BV; Found CZ
Value at index 48 differs. Expected BW; Found DT
Value at index 49 differs. Expected BX; Found FD
Value at index 51 differs. Expected BZ; Found AV
Value at index 52 differs. Expected CA; Found BF
Value at index 54 differs. Expected CC; Found DO
Value at index 57 differs. Expected CF; Found EG
Value at index 58 differs. Expected CG; Found FB
Value at index 59 differs. Expected CH; Found BC
Value at index 60 differs. Expected CI; Found EK
Value at index 61 differs. Expected CJ; Found CX
Value at index 64 differs. Expected CM; Found BA
Value at index 66 differs. Expected CO; Found FE
Value at index 68 differs. Expected CQ; Found AS
Value at index 70 differs. Expected CS; Found FC
Value at index 71 differs. Expected CT; Found BR
Value at index 72 differs. Expected CU; Found AA
Value at index 75 differs. Expected CX; Found FK
Value at index 76 differs. Expected CY; Found DV
Value at index 77 differs. Expected CZ; Found BV
Value at index 78 differs. Expected DA; Found FP
Value at index 79 differs. Expected DB; Found FT
Value at index 81 differs. Expected DD; Found FO
Value at index 83 differs. Expected DF; Found EZ
Value at index 85 differs. Expected DH; Found DD
Value at index 86 differs. Expected DI; Found DK
Value at index 88 differs. Expected DK; Found DI
Value at index 89 differs. Expected DL; Found AF
Value at index 91 differs. Expected DN; Found EJ
Value at index 92 differs. Expected DO; Found CC
Value at index 94 differs. Expected DQ; Found AW
Value at index 95 differs. Expected DR; Found BZ
Value at index 97 differs. Expected DT; Found AD
Value at index 98 differs. Expected DU; Found AT
Value at index 99 differs. Expected DV; Found BU
Value at index 102 differs. Expected DY; Found FA
Value at index 104 differs. Expected EA; Found EF
Value at index 105 differs. Expected EB; Found CT
Value at index 108 differs. Expected EE; Found FN
Value at index 109 differs. Expected EF; Found CF
Value at index 110 differs. Expected EG; Found DN
Value at index 111 differs. Expected EH; Found FQ
Value at index 113 differs. Expected EJ; Found EW
Value at index 114 differs. Expected EK; Found CI
Value at index 115 differs. Expected EL; Found FH
Value at index 116 differs. Expected EM; Found DY
Value at index 117 differs. Expected EN; Found AG
Value at index 118 differs. Expected EO; Found BO
Value at index 123 differs. Expected ET; Found AK
Value at index 125 differs. Expected EV; Found BH
Value at index 126 differs. Expected EW; Found EA
Value at index 128 differs. Expected EY; Found BK
Value at index 129 differs. Expected EZ; Found DQ
Value at index 130 differs. Expected FA; Found CY
Value at index 131 differs. Expected FB; Found CG
Value at index 132 differs. Expected FC; Found EM
Value at index 133 differs. Expected FD; Found CS
Value at index 134 differs. Expected FE; Found CO
Value at index 136 differs. Expected FG; Found BL
Value at index 137 differs. Expected FH; Found EL
Value at index 139 differs. Expected FJ; Found AH
Value at index 140 differs. Expected FK; Found CH
Value at index 142 differs. Expected FM; Found FJ
Value at index 143 differs. Expected FN; Found EE
Value at index 144 differs. Expected FO; Found DH
Value at index 145 differs. Expected FP; Found BW
Value at index 146 differs. Expected FQ; Found BS
Value at index 149 differs. Expected FT; Found DU

