Invalid read count. Expected: 68; Found: 20
Invalid write count. Expected: 4; Found: 2
Value at index 2 differs. Expected C; Found E
Value at index 4 differs. Expected E; Found C

Invalid read count. Expected: 4 866; Found: 350
Invalid write count. Expected: 712; Found: 52
Value at index 0 differs. Expected AA; Found AC
Value at index 2 differs. Expected AC; Found CM
Value at index 3 differs. Expected AD; Found CC
Value at index 4 differs. Expected AE; Found AS
Value at index 5 differs. Expected AF; Found CI
Value at index 6 differs. Expected AG; Found CT
Value at index 8 differs. Expected AI; Found AM
Value at index 9 differs. Expected AJ; Found BB
Value at index 10 differs. Expected AK; Found AF
Value at index 11 differs. Expected AL; Found EW
Value at index 12 differs. Expected AM; Found AI
Value at index 14 differs. Expected AO; Found EJ
Value at index 15 differs. Expected AP; Found DF
Value at index 17 differs. Expected AR; Found BK
Value at index 18 differs. Expected AS; Found AE
Value at index 19 differs. Expected AT; Found BM
Value at index 20 differs. Expected AU; Found BN
Value at index 24 differs. Expected AY; Found BI
Value at index 27 differs. Expected BB; Found ED
Value at index 28 differs. Expected BC; Found BF
Value at index 30 differs. Expected BE; Found CG
Value at index 31 differs. Expected BF; Found CP
Value at index 32 differs. Expected BG; Found AY
Value at index 33 differs. Expected BH; Found CA
Value at index 34 differs. Expected BI; Found EA
Value at index 35 differs. Expected BJ; Found CH
Value at index 36 differs. Expected BK; Found AR
Value at index 38 differs. Expected BM; Found DQ
Value at index 39 differs. Expected BN; Found AU
Value at index 40 differs. Expected BO; Found BE
Value at index 41 differs. Expected BP; Found BR
Value at index 42 differs. Expected BQ; Found EY
Value at index 43 differs. Expected BR; Found BZ
Value at index 44 differs. Expected BS; Found AA
Value at index 47 differs. Expected BV; Found CB
Value at index 51 differs. Expected BZ; Found CX
Value at index 52 differs. Expected CA; Found DB
Value at index 53 differs. Expected CB; Found BH
Value at index 54 differs. Expected CC; Found AD
Value at index 58 differs. Expected CG; Found BQ
Value at index 59 differs. Expected CH; Found CN
Value at index 60 differs. Expected CI; Found CR
Value at index 61 differs. Expected CJ; Found CW
Value at index 62 differs. Expected CK; Found DM
Value at index 64 differs. Expected CM; Found CY
Value at index 65 differs. Expected CN; Found AO
Value at index 66 differs. Expected CO; Found AP
Value at index 67 differs. Expected CP; Found DN
Value at index 68 differs. Expected CQ; Found DH
Value at index 69 differs. Expected CR; Found BO
Value at index 71 differs. Expected CT; Found AG
Value at index 74 differs. Expected CW; Found CJ
Value at index 75 differs. Expected CX; Found EP
Value at index 76 differs. Expected CY; Found EU
Value at index 78 differs. Expected DA; Found DW
Value at index 79 differs. Expected DB; Found EB
Value at index 83 differs. Expected DF; Found CO
Value at index 85 differs. Expected DH; Found FD
Value at index 86 differs. Expected DI; Found AJ
Value at index 90 differs. Expected DM; Found DX
Value at index 91 differs. Expected DN; Found AT
Value at index 93 differs. Expected DP; Found DA
Value at index 94 differs. Expected DQ; Found FE
Value at index 96 differs. Expected DS; Found AL
Value at index 97 differs. Expected DT; Found CQ
Value at index 99 differs. Expected DV; Found ET
Value at index 100 differs. Expected DW; Found DT
Value at index 101 differs. Expected DX; Found CK
Value at index 104 differs. Expected EA; Found BP
Value at index 105 differs. Expected EB; Found BC
Value at index 107 differs. Expected ED; Found DI
Value at index 109 differs. Expected EF; Found FC
Value at index 113 differs. Expected EJ; Found BG
Value at index 114 differs. Expected EK; Found AK
Value at index 117 differs. Expected EN; Found EF
Value at index 119 differs. Expected EP; Found DP
Value at index 122 differs. Expected ES; Found DS
Value at index 123 differs. Expected ET; Found EX
Value at index 124 differs. Expected EU; Found BS
Value at index 125 differs. Expected EV; Found BV
Value at index 126 differs. Expected EW; Found FH
Value at index 127 differs. Expected EX; Found BJ
Value at index 128 differs. Expected EY; Found FR
Value at index 130 differs. Expected FA; Found EN
Value at index 132 differs. Expected FC; Found FI
Value at index 133 differs. Expected FD; Found EV
Value at index 134 differs. Expected FE; Found FA
Value at index 135 differs. Expected FF; Found FO
Value at index 136 differs. Expected FG; Found FF
Value at index 137 differs. Expected FH; Found ES
Value at index 138 differs. Expected FI; Found FK
Value at index 140 differs. Expected FK; Found DV
Value at index 141 differs. Expected FL; Found EK
Value at index 142 differs. Expected FM; Found FN
Value at index 143 differs. Expected FN; Found FM
Value at index 144 differs. Expected FO; Found FG
Value at index 145 differs. Expected FP; Found FS
Value at index 146 differs. Expected FQ; Found FL
Value at index 147 differs. Expected FR; Found FP
Value at index 148 differs. Expected FS; Found FQ

