Invalid read count. Expected: 106; Found: 0
Invalid write count. Expected: 24; Found: 0
Value at index 0 differs. Expected A; Found J
Value at index 1 differs. Expected B; Found G
Value at index 2 differs. Expected C; Found I
Value at index 5 differs. Expected F; Found H
Value at index 6 differs. Expected G; Found B
Value at index 7 differs. Expected H; Found F
Value at index 8 differs. Expected I; Found C
Value at index 9 differs. Expected J; Found A

Invalid read count. Expected: 4,958; Found: 0
Invalid write count. Expected: 804; Found: 0
Value at index 0 differs. Expected AA; Found CO
Value at index 1 differs. Expected AB; Found CA
Value at index 2 differs. Expected AC; Found CU
Value at index 4 differs. Expected AE; Found BG
Value at index 6 differs. Expected AG; Found AC
Value at index 8 differs. Expected AI; Found EP
Value at index 9 differs. Expected AJ; Found EK
Value at index 10 differs. Expected AK; Found DG
Value at index 11 differs. Expected AL; Found DL
Value at index 12 differs. Expected AM; Found CX
Value at index 13 differs. Expected AN; Found BK
Value at index 14 differs. Expected AO; Found EF
Value at index 15 differs. Expected AP; Found DX
Value at index 17 differs. Expected AR; Found FG
Value at index 18 differs. Expected AS; Found DK
Value at index 19 differs. Expected AT; Found EZ
Value at index 20 differs. Expected AU; Found AA
Value at index 21 differs. Expected AV; Found AY
Value at index 22 differs. Expected AW; Found AE
Value at index 23 differs. Expected AX; Found EO
Value at index 24 differs. Expected AY; Found EL
Value at index 25 differs. Expected AZ; Found BX
Value at index 26 differs. Expected BA; Found BR
Value at index 27 differs. Expected BB; Found EG
Value at index 30 differs. Expected BE; Found DC
Value at index 31 differs. Expected BF; Found CZ
Value at index 32 differs. Expected BG; Found DY
Value at index 36 differs. Expected BK; Found BP
Value at index 40 differs. Expected BO; Found AM
Value at index 41 differs. Expected BP; Found DA
Value at index 43 differs. Expected BR; Found CH
Value at index 46 differs. Expected BU; Found FC
Value at index 48 differs. Expected BW; Found DB
Value at index 49 differs. Expected BX; Found AZ
Value at index 50 differs. Expected BY; Found FA
Value at index 52 differs. Expected CA; Found BB
Value at index 53 differs. Expected CB; Found CD
Value at index 54 differs. Expected CC; Found FS
Value at index 55 differs. Expected CD; Found BF
Value at index 56 differs. Expected CE; Found CI
Value at index 58 differs. Expected CG; Found AI
Value at index 59 differs. Expected CH; Found ER
Value at index 60 differs. Expected CI; Found CE
Value at index 61 differs. Expected CJ; Found EB
Value at index 65 differs. Expected CN; Found AW
Value at index 66 differs. Expected CO; Found BU
Value at index 67 differs. Expected CP; Found FI
Value at index 68 differs. Expected CQ; Found AN
Value at index 72 differs. Expected CU; Found AG
Value at index 73 differs. Expected CV; Found CW
Value at index 74 differs. Expected CW; Found ET
Value at index 75 differs. Expected CX; Found EM
Value at index 77 differs. Expected CZ; Found CB
Value at index 78 differs. Expected DA; Found EC
Value at index 79 differs. Expected DB; Found DP
Value at index 80 differs. Expected DC; Found DQ
Value at index 84 differs. Expected DG; Found AL
Value at index 85 differs. Expected DH; Found DZ
Value at index 87 differs. Expected DJ; Found FH
Value at index 88 differs. Expected DK; Found EI
Value at index 89 differs. Expected DL; Found AK
Value at index 90 differs. Expected DM; Found DT
Value at index 93 differs. Expected DP; Found AT
Value at index 94 differs. Expected DQ; Found EW
Value at index 97 differs. Expected DT; Found AJ
Value at index 98 differs. Expected DU; Found DJ
Value at index 100 differs. Expected DW; Found AR
Value at index 101 differs. Expected DX; Found AP
Value at index 102 differs. Expected DY; Found EX
Value at index 103 differs. Expected DZ; Found EA
Value at index 104 differs. Expected EA; Found DM
Value at index 105 differs. Expected EB; Found CJ
Value at index 106 differs. Expected EC; Found CQ
Value at index 107 differs. Expected ED; Found FQ
Value at index 108 differs. Expected EE; Found BE
Value at index 109 differs. Expected EF; Found AS
Value at index 110 differs. Expected EG; Found AB
Value at index 112 differs. Expected EI; Found AX
Value at index 114 differs. Expected EK; Found FP
Value at index 115 differs. Expected EL; Found AV
Value at index 116 differs. Expected EM; Found BO
Value at index 117 differs. Expected EN; Found FD
Value at index 118 differs. Expected EO; Found FN
Value at index 119 differs. Expected EP; Found CG
Value at index 121 differs. Expected ER; Found ES
Value at index 122 differs. Expected ES; Found EV
Value at index 123 differs. Expected ET; Found CV
Value at index 124 differs. Expected EU; Found AU
Value at index 125 differs. Expected EV; Found BA
Value at index 126 differs. Expected EW; Found EE
Value at index 127 differs. Expected EX; Found CN
Value at index 129 differs. Expected EZ; Found BW
Value at index 130 differs. Expected FA; Found BY
Value at index 131 differs. Expected FB; Found AO
Value at index 132 differs. Expected FC; Found EU
Value at index 133 differs. Expected FD; Found FB
Value at index 136 differs. Expected FG; Found DW
Value at index 137 differs. Expected FH; Found DU
Value at index 138 differs. Expected FI; Found CP
Value at index 142 differs. Expected FM; Found FT
Value at index 143 differs. Expected FN; Found EN
Value at index 145 differs. Expected FP; Found DH
Value at index 146 differs. Expected FQ; Found ED
Value at index 148 differs. Expected FS; Found CC
Value at index 149 differs. Expected FT; Found FM

