Invalid read count. Expected: 170; Found: 36
Invalid write count. Expected: 26; Found: 18
Value at index 0 differs. Expected A; Found B
Value at index 1 differs. Expected B; Found C
Value at index 2 differs. Expected C; Found D
Value at index 3 differs. Expected D; Found J
Value at index 4 differs. Expected E; Found H
Value at index 5 differs. Expected F; Found I
Value at index 7 differs. Expected H; Found E
Value at index 8 differs. Expected I; Found F
Value at index 9 differs. Expected J; Found A

Invalid read count. Expected: 27 508; Found: 2
Invalid write count. Expected: 9 032; Found: 0
Value at index 0 differs. Expected AA; Found CS
Value at index 2 differs. Expected AC; Found BE
Value at index 4 differs. Expected AE; Found CP
Value at index 5 differs. Expected AF; Found AV
Value at index 6 differs. Expected AG; Found ES
Value at index 9 differs. Expected AJ; Found AY
Value at index 10 differs. Expected AK; Found FQ
Value at index 11 differs. Expected AL; Found BG
Value at index 13 differs. Expected AN; Found DN
Value at index 15 differs. Expected AP; Found BX
Value at index 16 differs. Expected AQ; Found EY
Value at index 17 differs. Expected AR; Found FG
Value at index 18 differs. Expected AS; Found AA
Value at index 19 differs. Expected AT; Found AK
Value at index 20 differs. Expected AU; Found BU
Value at index 21 differs. Expected AV; Found AF
Value at index 23 differs. Expected AX; Found DU
Value at index 24 differs. Expected AY; Found CW
Value at index 25 differs. Expected AZ; Found EF
Value at index 26 differs. Expected BA; Found DZ
Value at index 27 differs. Expected BB; Found CQ
Value at index 29 differs. Expected BD; Found DM
Value at index 30 differs. Expected BE; Found DH
Value at index 32 differs. Expected BG; Found DX
Value at index 33 differs. Expected BH; Found EE
Value at index 34 differs. Expected BI; Found ET
Value at index 35 differs. Expected BJ; Found CU
Value at index 36 differs. Expected BK; Found CJ
Value at index 39 differs. Expected BN; Found DE
Value at index 41 differs. Expected BP; Found CZ
Value at index 42 differs. Expected BQ; Found FM
Value at index 45 differs. Expected BT; Found AJ
Value at index 46 differs. Expected BU; Found CE
Value at index 48 differs. Expected BW; Found BD
Value at index 49 differs. Expected BX; Found EA
Value at index 52 differs. Expected CA; Found EV
Value at index 54 differs. Expected CC; Found FE
Value at index 55 differs. Expected CD; Found EL
Value at index 56 differs. Expected CE; Found AU
Value at index 60 differs. Expected CI; Found FS
Value at index 61 differs. Expected CJ; Found DT
Value at index 62 differs. Expected CK; Found CM
Value at index 63 differs. Expected CL; Found DC
Value at index 64 differs. Expected CM; Found EK
Value at index 65 differs. Expected CN; Found EQ
Value at index 67 differs. Expected CP; Found EH
Value at index 68 differs. Expected CQ; Found BB
Value at index 69 differs. Expected CR; Found FL
Value at index 70 differs. Expected CS; Found CR
Value at index 71 differs. Expected CT; Found FT
Value at index 72 differs. Expected CU; Found BJ
Value at index 73 differs. Expected CV; Found FR
Value at index 74 differs. Expected CW; Found EB
Value at index 77 differs. Expected CZ; Found FC
Value at index 78 differs. Expected DA; Found AG
Value at index 80 differs. Expected DC; Found CL
Value at index 81 differs. Expected DD; Found CD
Value at index 82 differs. Expected DE; Found EJ
Value at index 83 differs. Expected DF; Found AX
Value at index 84 differs. Expected DG; Found AR
Value at index 85 differs. Expected DH; Found AC
Value at index 87 differs. Expected DJ; Found DD
Value at index 90 differs. Expected DM; Found EX
Value at index 91 differs. Expected DN; Found AS
Value at index 93 differs. Expected DP; Found EO
Value at index 94 differs. Expected DQ; Found BP
Value at index 95 differs. Expected DR; Found CC
Value at index 96 differs. Expected DS; Found EI
Value at index 97 differs. Expected DT; Found BK
Value at index 98 differs. Expected DU; Found DF
Value at index 99 differs. Expected DV; Found DS
Value at index 101 differs. Expected DX; Found DR
Value at index 103 differs. Expected DZ; Found BT
Value at index 104 differs. Expected EA; Found AP
Value at index 105 differs. Expected EB; Found AL
Value at index 106 differs. Expected EC; Found BI
Value at index 108 differs. Expected EE; Found CT
Value at index 109 differs. Expected EF; Found AZ
Value at index 110 differs. Expected EG; Found AN
Value at index 111 differs. Expected EH; Found EW
Value at index 112 differs. Expected EI; Found DV
Value at index 113 differs. Expected EJ; Found CA
Value at index 114 differs. Expected EK; Found CK
Value at index 115 differs. Expected EL; Found EN
Value at index 117 differs. Expected EN; Found EZ
Value at index 118 differs. Expected EO; Found DP
Value at index 120 differs. Expected EQ; Found EU
Value at index 122 differs. Expected ES; Found FF
Value at index 123 differs. Expected ET; Found FH
Value at index 124 differs. Expected EU; Found CN
Value at index 125 differs. Expected EV; Found BN
Value at index 126 differs. Expected EW; Found FO
Value at index 127 differs. Expected EX; Found BW
Value at index 128 differs. Expected EY; Found AQ
Value at index 129 differs. Expected EZ; Found DJ
Value at index 131 differs. Expected FB; Found FJ
Value at index 132 differs. Expected FC; Found DQ
Value at index 134 differs. Expected FE; Found BA
Value at index 135 differs. Expected FF; Found DA
Value at index 136 differs. Expected FG; Found DG
Value at index 137 differs. Expected FH; Found EC
Value at index 139 differs. Expected FJ; Found FB
Value at index 141 differs. Expected FL; Found EG
Value at index 142 differs. Expected FM; Found BQ
Value at index 144 differs. Expected FO; Found AE
Value at index 146 differs. Expected FQ; Found AT
Value at index 147 differs. Expected FR; Found CV
Value at index 148 differs. Expected FS; Found CI
Value at index 149 differs. Expected FT; Found BH

