Invalid read count. Expected: 140; Found: 104

Invalid read count. Expected: 29 432; Found: 2 330
Invalid write count. Expected: 9 168; Found: 1 138
Value at index 4 differs. Expected AE; Found DY
Value at index 6 differs. Expected AG; Found BA
Value at index 7 differs. Expected AH; Found AU
Value at index 8 differs. Expected AI; Found AK
Value at index 9 differs. Expected AJ; Found EC
Value at index 10 differs. Expected AK; Found AI
Value at index 11 differs. Expected AL; Found DP
Value at index 12 differs. Expected AM; Found ED
Value at index 13 differs. Expected AN; Found EW
Value at index 14 differs. Expected AO; Found CV
Value at index 15 differs. Expected AP; Found DK
Value at index 17 differs. Expected AR; Found EY
Value at index 18 differs. Expected AS; Found AH
Value at index 20 differs. Expected AU; Found BK
Value at index 21 differs. Expected AV; Found CE
Value at index 23 differs. Expected AX; Found CO
Value at index 26 differs. Expected BA; Found ES
Value at index 27 differs. Expected BB; Found AR
Value at index 32 differs. Expected BG; Found EJ
Value at index 33 differs. Expected BH; Found DQ
Value at index 36 differs. Expected BK; Found CD
Value at index 37 differs. Expected BL; Found EF
Value at index 40 differs. Expected BO; Found CL
Value at index 41 differs. Expected BP; Found BG
Value at index 42 differs. Expected BQ; Found DV
Value at index 43 differs. Expected BR; Found CP
Value at index 44 differs. Expected BS; Found DZ
Value at index 45 differs. Expected BT; Found DX
Value at index 46 differs. Expected BU; Found EN
Value at index 48 differs. Expected BW; Found DR
Value at index 49 differs. Expected BX; Found DH
Value at index 50 differs. Expected BY; Found AP
Value at index 51 differs. Expected BZ; Found BO
Value at index 52 differs. Expected CA; Found BY
Value at index 53 differs. Expected CB; Found BX
Value at index 54 differs. Expected CC; Found ET
Value at index 55 differs. Expected CD; Found FB
Value at index 56 differs. Expected CE; Found EB
Value at index 57 differs. Expected CF; Found AE
Value at index 59 differs. Expected CH; Found FD
Value at index 61 differs. Expected CJ; Found DW
Value at index 63 differs. Expected CL; Found BZ
Value at index 64 differs. Expected CM; Found DS
Value at index 66 differs. Expected CO; Found AX
Value at index 67 differs. Expected CP; Found BR
Value at index 68 differs. Expected CQ; Found EA
Value at index 71 differs. Expected CT; Found AG
Value at index 72 differs. Expected CU; Found FK
Value at index 73 differs. Expected CV; Found AO
Value at index 74 differs. Expected CW; Found FC
Value at index 76 differs. Expected CY; Found FG
Value at index 79 differs. Expected DB; Found CJ
Value at index 80 differs. Expected DC; Found FA
Value at index 81 differs. Expected DD; Found EU
Value at index 85 differs. Expected DH; Found FM
Value at index 86 differs. Expected DI; Found BB
Value at index 87 differs. Expected DJ; Found FO
Value at index 88 differs. Expected DK; Found CM
Value at index 89 differs. Expected DL; Found EX
Value at index 90 differs. Expected DM; Found EP
Value at index 93 differs. Expected DP; Found EM
Value at index 94 differs. Expected DQ; Found AM
Value at index 95 differs. Expected DR; Found DT
Value at index 96 differs. Expected DS; Found CA
Value at index 97 differs. Expected DT; Found BW
Value at index 98 differs. Expected DU; Found AN
Value at index 99 differs. Expected DV; Found EQ
Value at index 100 differs. Expected DW; Found DB
Value at index 101 differs. Expected DX; Found BT
Value at index 102 differs. Expected DY; Found CW
Value at index 103 differs. Expected DZ; Found BS
Value at index 104 differs. Expected EA; Found FN
Value at index 105 differs. Expected EB; Found AV
Value at index 106 differs. Expected EC; Found AJ
Value at index 107 differs. Expected ED; Found BP
Value at index 108 differs. Expected EE; Found FJ
Value at index 109 differs. Expected EF; Found FF
Value at index 112 differs. Expected EI; Found EL
Value at index 113 differs. Expected EJ; Found AL
Value at index 115 differs. Expected EL; Found EI
Value at index 116 differs. Expected EM; Found AS
Value at index 117 differs. Expected EN; Found FL
Value at index 119 differs. Expected EP; Found FE
Value at index 120 differs. Expected EQ; Found EV
Value at index 122 differs. Expected ES; Found CT
Value at index 123 differs. Expected ET; Found CC
Value at index 124 differs. Expected EU; Found DD
Value at index 125 differs. Expected EV; Found BQ
Value at index 126 differs. Expected EW; Found BH
Value at index 127 differs. Expected EX; Found DL
Value at index 128 differs. Expected EY; Found BL
Value at index 130 differs. Expected FA; Found DC
Value at index 131 differs. Expected FB; Found DU
Value at index 132 differs. Expected FC; Found CF
Value at index 133 differs. Expected FD; Found CH
Value at index 134 differs. Expected FE; Found DM
Value at index 135 differs. Expected FF; Found FQ
Value at index 136 differs. Expected FG; Found CY
Value at index 138 differs. Expected FI; Found BU
Value at index 139 differs. Expected FJ; Found EE
Value at index 140 differs. Expected FK; Found DI
Value at index 141 differs. Expected FL; Found CB
Value at index 142 differs. Expected FM; Found FI
Value at index 143 differs. Expected FN; Found CQ
Value at index 144 differs. Expected FO; Found DJ
Value at index 146 differs. Expected FQ; Found CU

