Invalid read count. Expected: 196; Found: 106
Invalid write count. Expected: 52; Found: 34
Value at index 0 differs. Expected A; Found J
Value at index 1 differs. Expected B; Found I
Value at index 2 differs. Expected C; Found H
Value at index 3 differs. Expected D; Found G
Value at index 6 differs. Expected G; Found C
Value at index 7 differs. Expected H; Found D
Value at index 8 differs. Expected I; Found B
Value at index 9 differs. Expected J; Found A

Invalid read count. Expected: 28 410; Found: 2 346
Invalid write count. Expected: 9 338; Found: 1 154
Value at index 0 differs. Expected AA; Found FT
Value at index 1 differs. Expected AB; Found FS
Value at index 2 differs. Expected AC; Found FC
Value at index 3 differs. Expected AD; Found EZ
Value at index 4 differs. Expected AE; Found EG
Value at index 5 differs. Expected AF; Found BN
Value at index 6 differs. Expected AG; Found BD
Value at index 7 differs. Expected AH; Found BV
Value at index 8 differs. Expected AI; Found CJ
Value at index 9 differs. Expected AJ; Found BL
Value at index 11 differs. Expected AL; Found AG
Value at index 13 differs. Expected AN; Found DQ
Value at index 14 differs. Expected AO; Found CF
Value at index 16 differs. Expected AQ; Found EY
Value at index 17 differs. Expected AR; Found CK
Value at index 18 differs. Expected AS; Found FQ
Value at index 19 differs. Expected AT; Found AV
Value at index 21 differs. Expected AV; Found CV
Value at index 23 differs. Expected AX; Found BU
Value at index 25 differs. Expected AZ; Found DK
Value at index 27 differs. Expected BB; Found CO
Value at index 29 differs. Expected BD; Found AF
Value at index 30 differs. Expected BE; Found EW
Value at index 31 differs. Expected BF; Found CT
Value at index 32 differs. Expected BG; Found FD
Value at index 33 differs. Expected BH; Found AH
Value at index 34 differs. Expected BI; Found DJ
Value at index 35 differs. Expected BJ; Found DW
Value at index 37 differs. Expected BL; Found FO
Value at index 38 differs. Expected BM; Found EC
Value at index 39 differs. Expected BN; Found CW
Value at index 40 differs. Expected BO; Found CX
Value at index 41 differs. Expected BP; Found FM
Value at index 42 differs. Expected BQ; Found FJ
Value at index 43 differs. Expected BR; Found BS
Value at index 44 differs. Expected BS; Found EI
Value at index 45 differs. Expected BT; Found CL
Value at index 46 differs. Expected BU; Found AX
Value at index 47 differs. Expected BV; Found BQ
Value at index 48 differs. Expected BW; Found FK
Value at index 49 differs. Expected BX; Found EU
Value at index 50 differs. Expected BY; Found DR
Value at index 53 differs. Expected CB; Found FP
Value at index 54 differs. Expected CC; Found DP
Value at index 57 differs. Expected CF; Found AO
Value at index 59 differs. Expected CH; Found FA
Value at index 60 differs. Expected CI; Found CY
Value at index 61 differs. Expected CJ; Found DZ
Value at index 62 differs. Expected CK; Found AR
Value at index 63 differs. Expected CL; Found CR
Value at index 66 differs. Expected CO; Found CP
Value at index 67 differs. Expected CP; Found EF
Value at index 68 differs. Expected CQ; Found FI
Value at index 69 differs. Expected CR; Found BT
Value at index 71 differs. Expected CT; Found BF
Value at index 72 differs. Expected CU; Found DS
Value at index 73 differs. Expected CV; Found AT
Value at index 74 differs. Expected CW; Found AL
Value at index 75 differs. Expected CX; Found BO
Value at index 76 differs. Expected CY; Found CI
Value at index 77 differs. Expected CZ; Found DN
Value at index 86 differs. Expected DI; Found EP
Value at index 87 differs. Expected DJ; Found EX
Value at index 88 differs. Expected DK; Found AS
Value at index 89 differs. Expected DL; Found FH
Value at index 91 differs. Expected DN; Found AD
Value at index 92 differs. Expected DO; Found BB
Value at index 93 differs. Expected DP; Found CC
Value at index 94 differs. Expected DQ; Found CU
Value at index 95 differs. Expected DR; Found BY
Value at index 96 differs. Expected DS; Found BR
Value at index 99 differs. Expected DV; Found EA
Value at index 100 differs. Expected DW; Found AJ
Value at index 103 differs. Expected DZ; Found AI
Value at index 104 differs. Expected EA; Found DV
Value at index 106 differs. Expected EC; Found BM
Value at index 107 differs. Expected ED; Found BG
Value at index 108 differs. Expected EE; Found EM
Value at index 109 differs. Expected EF; Found FE
Value at index 110 differs. Expected EG; Found FG
Value at index 112 differs. Expected EI; Found AN
Value at index 116 differs. Expected EM; Found EE
Value at index 117 differs. Expected EN; Found DL
Value at index 119 differs. Expected EP; Found DI
Value at index 124 differs. Expected EU; Found BX
Value at index 126 differs. Expected EW; Found BE
Value at index 127 differs. Expected EX; Found BI
Value at index 128 differs. Expected EY; Found AQ
Value at index 129 differs. Expected EZ; Found ED
Value at index 130 differs. Expected FA; Found CH
Value at index 132 differs. Expected FC; Found AC
Value at index 133 differs. Expected FD; Found AZ
Value at index 134 differs. Expected FE; Found DO
Value at index 135 differs. Expected FF; Found BW
Value at index 136 differs. Expected FG; Found AE
Value at index 137 differs. Expected FH; Found EN
Value at index 138 differs. Expected FI; Found CQ
Value at index 139 differs. Expected FJ; Found BH
Value at index 140 differs. Expected FK; Found FF
Value at index 142 differs. Expected FM; Found BP
Value at index 144 differs. Expected FO; Found BJ
Value at index 145 differs. Expected FP; Found CB
Value at index 146 differs. Expected FQ; Found CZ
Value at index 148 differs. Expected FS; Found AB
Value at index 149 differs. Expected FT; Found AA

