Invalid read count. Expected: 144; Found: 60
Invalid write count. Expected: 36; Found: 26
Value at index 5 differs. Expected F; Found I
Value at index 8 differs. Expected I; Found F

Invalid read count. Expected: 23 176; Found: 1 168
Invalid write count. Expected: 7 680; Found: 574
Value at index 2 differs. Expected AC; Found CC
Value at index 4 differs. Expected AE; Found DM
Value at index 5 differs. Expected AF; Found CY
Value at index 6 differs. Expected AG; Found BG
Value at index 7 differs. Expected AH; Found BF
Value at index 11 differs. Expected AL; Found AC
Value at index 12 differs. Expected AM; Found BB
Value at index 14 differs. Expected AO; Found AV
Value at index 16 differs. Expected AQ; Found FC
Value at index 17 differs. Expected AR; Found BT
Value at index 19 differs. Expected AT; Found AG
Value at index 20 differs. Expected AU; Found DV
Value at index 21 differs. Expected AV; Found AU
Value at index 22 differs. Expected AW; Found EZ
Value at index 23 differs. Expected AX; Found BN
Value at index 25 differs. Expected AZ; Found CJ
Value at index 26 differs. Expected BA; Found FB
Value at index 27 differs. Expected BB; Found DF
Value at index 28 differs. Expected BC; Found DQ
Value at index 31 differs. Expected BF; Found AH
Value at index 32 differs. Expected BG; Found CU
Value at index 33 differs. Expected BH; Found EJ
Value at index 35 differs. Expected BJ; Found CK
Value at index 37 differs. Expected BL; Found CS
Value at index 38 differs. Expected BM; Found CO
Value at index 39 differs. Expected BN; Found AQ
Value at index 42 differs. Expected BQ; Found FJ
Value at index 43 differs. Expected BR; Found DL
Value at index 44 differs. Expected BS; Found DC
Value at index 45 differs. Expected BT; Found CN
Value at index 46 differs. Expected BU; Found ET
Value at index 47 differs. Expected BV; Found EG
Value at index 48 differs. Expected BW; Found AT
Value at index 49 differs. Expected BX; Found BW
Value at index 50 differs. Expected BY; Found FO
Value at index 51 differs. Expected BZ; Found CL
Value at index 52 differs. Expected CA; Found AE
Value at index 54 differs. Expected CC; Found AL
Value at index 56 differs. Expected CE; Found DO
Value at index 59 differs. Expected CH; Found CW
Value at index 61 differs. Expected CJ; Found DT
Value at index 62 differs. Expected CK; Found BM
Value at index 63 differs. Expected CL; Found BZ
Value at index 64 differs. Expected CM; Found DH
Value at index 65 differs. Expected CN; Found FG
Value at index 66 differs. Expected CO; Found BJ
Value at index 69 differs. Expected CR; Found ES
Value at index 70 differs. Expected CS; Found EC
Value at index 72 differs. Expected CU; Found CV
Value at index 73 differs. Expected CV; Found FI
Value at index 74 differs. Expected CW; Found DU
Value at index 75 differs. Expected CX; Found CR
Value at index 76 differs. Expected CY; Found BC
Value at index 77 differs. Expected CZ; Found CX
Value at index 79 differs. Expected DB; Found EF
Value at index 80 differs. Expected DC; Found DG
Value at index 81 differs. Expected DD; Found BX
Value at index 83 differs. Expected DF; Found AM
Value at index 84 differs. Expected DG; Found BS
Value at index 85 differs. Expected DH; Found FN
Value at index 86 differs. Expected DI; Found BQ
Value at index 88 differs. Expected DK; Found FE
Value at index 89 differs. Expected DL; Found BR
Value at index 90 differs. Expected DM; Found CA
Value at index 91 differs. Expected DN; Found CH
Value at index 92 differs. Expected DO; Found CE
Value at index 94 differs. Expected DQ; Found FK
Value at index 97 differs. Expected DT; Found AZ
Value at index 98 differs. Expected DU; Found DX
Value at index 99 differs. Expected DV; Found AF
Value at index 101 differs. Expected DX; Found EI
Value at index 102 differs. Expected DY; Found EO
Value at index 106 differs. Expected EC; Found BL
Value at index 108 differs. Expected EE; Found FM
Value at index 109 differs. Expected EF; Found DB
Value at index 110 differs. Expected EG; Found AW
Value at index 112 differs. Expected EI; Found DN
Value at index 113 differs. Expected EJ; Found FD
Value at index 114 differs. Expected EK; Found BV
Value at index 118 differs. Expected EO; Found DY
Value at index 122 differs. Expected ES; Found CZ
Value at index 123 differs. Expected ET; Found BU
Value at index 126 differs. Expected EW; Found AR
Value at index 129 differs. Expected EZ; Found EK
Value at index 131 differs. Expected FB; Found BA
Value at index 132 differs. Expected FC; Found AX
Value at index 133 differs. Expected FD; Found BH
Value at index 134 differs. Expected FE; Found DK
Value at index 136 differs. Expected FG; Found EW
Value at index 138 differs. Expected FI; Found DD
Value at index 139 differs. Expected FJ; Found FP
Value at index 140 differs. Expected FK; Found AO
Value at index 142 differs. Expected FM; Found EE
Value at index 143 differs. Expected FN; Found CM
Value at index 144 differs. Expected FO; Found BY
Value at index 145 differs. Expected FP; Found DI
Value at index 146 differs. Expected FQ; Found FR
Value at index 147 differs. Expected FR; Found FQ

