Invalid read count. Expected: 188; Found: 70
Invalid write count. Expected: 44; Found: 34
Value at index 0 differs. Expected A; Found J
Value at index 1 differs. Expected B; Found D
Value at index 2 differs. Expected C; Found F
Value at index 3 differs. Expected D; Found A
Value at index 5 differs. Expected F; Found H
Value at index 6 differs. Expected G; Found B
Value at index 7 differs. Expected H; Found G
Value at index 9 differs. Expected J; Found C

Invalid read count. Expected: 22 902; Found: 1 182
Invalid write count. Expected: 7 406; Found: 586
Value at index 0 differs. Expected AA; Found FT
Value at index 5 differs. Expected AF; Found CP
Value at index 6 differs. Expected AG; Found CD
Value at index 7 differs. Expected AH; Found EK
Value at index 10 differs. Expected AK; Found EI
Value at index 14 differs. Expected AO; Found DU
Value at index 15 differs. Expected AP; Found BS
Value at index 16 differs. Expected AQ; Found BE
Value at index 18 differs. Expected AS; Found CZ
Value at index 21 differs. Expected AV; Found BX
Value at index 23 differs. Expected AX; Found AZ
Value at index 25 differs. Expected AZ; Found CM
Value at index 26 differs. Expected BA; Found CI
Value at index 27 differs. Expected BB; Found AQ
Value at index 28 differs. Expected BC; Found EE
Value at index 29 differs. Expected BD; Found EZ
Value at index 30 differs. Expected BE; Found BY
Value at index 31 differs. Expected BF; Found BL
Value at index 33 differs. Expected BH; Found DK
Value at index 34 differs. Expected BI; Found DW
Value at index 37 differs. Expected BL; Found AV
Value at index 38 differs. Expected BM; Found DT
Value at index 39 differs. Expected BN; Found CE
Value at index 40 differs. Expected BO; Found FK
Value at index 41 differs. Expected BP; Found EO
Value at index 42 differs. Expected BQ; Found EC
Value at index 43 differs. Expected BR; Found CN
Value at index 44 differs. Expected BS; Found FD
Value at index 47 differs. Expected BV; Found BC
Value at index 48 differs. Expected BW; Found BO
Value at index 49 differs. Expected BX; Found EY
Value at index 50 differs. Expected BY; Found BB
Value at index 52 differs. Expected CA; Found BH
Value at index 53 differs. Expected CB; Found CC
Value at index 54 differs. Expected CC; Found EF
Value at index 55 differs. Expected CD; Found AG
Value at index 56 differs. Expected CE; Found FH
Value at index 59 differs. Expected CH; Found CB
Value at index 60 differs. Expected CI; Found CW
Value at index 61 differs. Expected CJ; Found EV
Value at index 63 differs. Expected CL; Found EN
Value at index 64 differs. Expected CM; Found FB
Value at index 65 differs. Expected CN; Found DO
Value at index 66 differs. Expected CO; Found AA
Value at index 67 differs. Expected CP; Found AP
Value at index 69 differs. Expected CR; Found CO
Value at index 70 differs. Expected CS; Found DP
Value at index 73 differs. Expected CV; Found CJ
Value at index 74 differs. Expected CW; Found AF
Value at index 75 differs. Expected CX; Found DQ
Value at index 76 differs. Expected CY; Found DG
Value at index 77 differs. Expected CZ; Found EH
Value at index 79 differs. Expected DB; Found BA
Value at index 80 differs. Expected DC; Found AO
Value at index 81 differs. Expected DD; Found BN
Value at index 82 differs. Expected DE; Found DB
Value at index 83 differs. Expected DF; Found FE
Value at index 84 differs. Expected DG; Found AX
Value at index 85 differs. Expected DH; Found DY
Value at index 86 differs. Expected DI; Found DC
Value at index 87 differs. Expected DJ; Found CA
Value at index 88 differs. Expected DK; Found FM
Value at index 90 differs. Expected DM; Found DI
Value at index 91 differs. Expected DN; Found BF
Value at index 92 differs. Expected DO; Found BM
Value at index 93 differs. Expected DP; Found CX
Value at index 94 differs. Expected DQ; Found CS
Value at index 96 differs. Expected DS; Found DX
Value at index 97 differs. Expected DT; Found DE
Value at index 98 differs. Expected DU; Found AS
Value at index 100 differs. Expected DW; Found FG
Value at index 101 differs. Expected DX; Found DS
Value at index 102 differs. Expected DY; Found FR
Value at index 104 differs. Expected EA; Found BR
Value at index 106 differs. Expected EC; Found ET
Value at index 108 differs. Expected EE; Found BV
Value at index 109 differs. Expected EF; Found CH
Value at index 111 differs. Expected EH; Found DM
Value at index 112 differs. Expected EI; Found AK
Value at index 114 differs. Expected EK; Found AH
Value at index 116 differs. Expected EM; Found BW
Value at index 117 differs. Expected EN; Found CL
Value at index 118 differs. Expected EO; Found BP
Value at index 123 differs. Expected ET; Found BQ
Value at index 125 differs. Expected EV; Found CV
Value at index 126 differs. Expected EW; Found FN
Value at index 128 differs. Expected EY; Found FJ
Value at index 129 differs. Expected EZ; Found EA
Value at index 131 differs. Expected FB; Found CY
Value at index 133 differs. Expected FD; Found CR
Value at index 134 differs. Expected FE; Found FS
Value at index 135 differs. Expected FF; Found FQ
Value at index 136 differs. Expected FG; Found BI
Value at index 137 differs. Expected FH; Found FI
Value at index 138 differs. Expected FI; Found DD
Value at index 139 differs. Expected FJ; Found DN
Value at index 140 differs. Expected FK; Found BD
Value at index 142 differs. Expected FM; Found EM
Value at index 143 differs. Expected FN; Found EW
Value at index 146 differs. Expected FQ; Found FF
Value at index 147 differs. Expected FR; Found DH
Value at index 148 differs. Expected FS; Found DJ
Value at index 149 differs. Expected FT; Found DF

