Invalid read count. Expected: 82; Found: 58
Invalid write count. Expected: 10; Found: 24
Value at index 0 differs. Expected A; Found I
Value at index 1 differs. Expected B; Found A
Value at index 2 differs. Expected C; Found B
Value at index 3 differs. Expected D; Found C
Value at index 5 differs. Expected F; Found D
Value at index 6 differs. Expected G; Found F
Value at index 7 differs. Expected H; Found G
Value at index 8 differs. Expected I; Found H

Invalid read count. Expected: 26 026; Found: 1 178
Invalid write count. Expected: 8 146; Found: 584
Value at index 0 differs. Expected AA; Found FS
Value at index 1 differs. Expected AB; Found BR
Value at index 2 differs. Expected AC; Found DF
Value at index 3 differs. Expected AD; Found BA
Value at index 4 differs. Expected AE; Found AK
Value at index 5 differs. Expected AF; Found FC
Value at index 6 differs. Expected AG; Found EC
Value at index 8 differs. Expected AI; Found DE
Value at index 9 differs. Expected AJ; Found AQ
Value at index 10 differs. Expected AK; Found CZ
Value at index 11 differs. Expected AL; Found AR
Value at index 12 differs. Expected AM; Found EA
Value at index 15 differs. Expected AP; Found EQ
Value at index 16 differs. Expected AQ; Found AI
Value at index 17 differs. Expected AR; Found AL
Value at index 18 differs. Expected AS; Found BF
Value at index 20 differs. Expected AU; Found CH
Value at index 22 differs. Expected AW; Found DH
Value at index 23 differs. Expected AX; Found DK
Value at index 26 differs. Expected BA; Found AD
Value at index 27 differs. Expected BB; Found DS
Value at index 28 differs. Expected BC; Found CI
Value at index 31 differs. Expected BF; Found DR
Value at index 34 differs. Expected BI; Found DC
Value at index 36 differs. Expected BK; Found CS
Value at index 37 differs. Expected BL; Found CQ
Value at index 38 differs. Expected BM; Found DO
Value at index 39 differs. Expected BN; Found AS
Value at index 40 differs. Expected BO; Found DU
Value at index 41 differs. Expected BP; Found FE
Value at index 42 differs. Expected BQ; Found AG
Value at index 43 differs. Expected BR; Found DT
Value at index 45 differs. Expected BT; Found AJ
Value at index 46 differs. Expected BU; Found FB
Value at index 47 differs. Expected BV; Found DA
Value at index 49 differs. Expected BX; Found DP
Value at index 52 differs. Expected CA; Found EF
Value at index 53 differs. Expected CB; Found CK
Value at index 55 differs. Expected CD; Found FF
Value at index 56 differs. Expected CE; Found ES
Value at index 58 differs. Expected CG; Found DQ
Value at index 59 differs. Expected CH; Found BT
Value at index 60 differs. Expected CI; Found AP
Value at index 62 differs. Expected CK; Found CX
Value at index 63 differs. Expected CL; Found CV
Value at index 64 differs. Expected CM; Found BO
Value at index 65 differs. Expected CN; Found BK
Value at index 66 differs. Expected CO; Found CE
Value at index 67 differs. Expected CP; Found BB
Value at index 68 differs. Expected CQ; Found EL
Value at index 69 differs. Expected CR; Found EV
Value at index 70 differs. Expected CS; Found EP
Value at index 72 differs. Expected CU; Found CM
Value at index 73 differs. Expected CV; Found AA
Value at index 75 differs. Expected CX; Found CG
Value at index 76 differs. Expected CY; Found FH
Value at index 77 differs. Expected CZ; Found BL
Value at index 78 differs. Expected DA; Found EM
Value at index 79 differs. Expected DB; Found BV
Value at index 80 differs. Expected DC; Found BI
Value at index 81 differs. Expected DD; Found EX
Value at index 82 differs. Expected DE; Found DI
Value at index 83 differs. Expected DF; Found EE
Value at index 84 differs. Expected DG; Found EK
Value at index 85 differs. Expected DH; Found AW
Value at index 86 differs. Expected DI; Found EG
Value at index 88 differs. Expected DK; Found AX
Value at index 89 differs. Expected DL; Found BP
Value at index 92 differs. Expected DO; Found BM
Value at index 93 differs. Expected DP; Found CL
Value at index 94 differs. Expected DQ; Found EZ
Value at index 95 differs. Expected DR; Found BX
Value at index 96 differs. Expected DS; Found DL
Value at index 97 differs. Expected DT; Found BC
Value at index 98 differs. Expected DU; Found DX
Value at index 99 differs. Expected DV; Found FJ
Value at index 101 differs. Expected DX; Found CU
Value at index 104 differs. Expected EA; Found AM
Value at index 105 differs. Expected EB; Found ED
Value at index 106 differs. Expected EC; Found EH
Value at index 107 differs. Expected ED; Found EB
Value at index 108 differs. Expected EE; Found BN
Value at index 109 differs. Expected EF; Found CA
Value at index 110 differs. Expected EG; Found AU
Value at index 111 differs. Expected EH; Found FM
Value at index 114 differs. Expected EK; Found DG
Value at index 115 differs. Expected EL; Found AE
Value at index 116 differs. Expected EM; Found DB
Value at index 118 differs. Expected EO; Found FA
Value at index 119 differs. Expected EP; Found CN
Value at index 120 differs. Expected EQ; Found AB
Value at index 122 differs. Expected ES; Found CO
Value at index 125 differs. Expected EV; Found CR
Value at index 127 differs. Expected EX; Found CP
Value at index 129 differs. Expected EZ; Found CB
Value at index 130 differs. Expected FA; Found EO
Value at index 131 differs. Expected FB; Found FO
Value at index 132 differs. Expected FC; Found AC
Value at index 134 differs. Expected FE; Found DD
Value at index 135 differs. Expected FF; Found CD
Value at index 137 differs. Expected FH; Found AF
Value at index 139 differs. Expected FJ; Found DV
Value at index 142 differs. Expected FM; Found BQ
Value at index 143 differs. Expected FN; Found FQ
Value at index 144 differs. Expected FO; Found BU
Value at index 146 differs. Expected FQ; Found CY
Value at index 148 differs. Expected FS; Found FN

