Invalid read count. Expected: 122; Found: 116

Invalid read count. Expected: 33 158; Found: 180
Invalid write count. Expected: 10 510; Found: 44
Value at index 0 differs. Expected AA; Found AC
Value at index 1 differs. Expected AB; Found AH
Value at index 2 differs. Expected AC; Found AI
Value at index 3 differs. Expected AD; Found AM
Value at index 4 differs. Expected AE; Found BA
Value at index 5 differs. Expected AF; Found CS
Value at index 6 differs. Expected AG; Found CY
Value at index 7 differs. Expected AH; Found EI
Value at index 8 differs. Expected AI; Found FD
Value at index 9 differs. Expected AJ; Found FT
Value at index 10 differs. Expected AK; Found DQ
Value at index 11 differs. Expected AL; Found BY
Value at index 12 differs. Expected AM; Found DL
Value at index 13 differs. Expected AN; Found FH
Value at index 14 differs. Expected AO; Found BB
Value at index 16 differs. Expected AQ; Found DO
Value at index 17 differs. Expected AR; Found ER
Value at index 18 differs. Expected AS; Found FB
Value at index 19 differs. Expected AT; Found EF
Value at index 21 differs. Expected AV; Found DD
Value at index 23 differs. Expected AX; Found CQ
Value at index 24 differs. Expected AY; Found BW
Value at index 25 differs. Expected AZ; Found DT
Value at index 26 differs. Expected BA; Found BD
Value at index 27 differs. Expected BB; Found FC
Value at index 28 differs. Expected BC; Found DA
Value at index 29 differs. Expected BD; Found AT
Value at index 30 differs. Expected BE; Found EJ
Value at index 31 differs. Expected BF; Found DW
Value at index 32 differs. Expected BG; Found FG
Value at index 34 differs. Expected BI; Found FO
Value at index 35 differs. Expected BJ; Found DI
Value at index 36 differs. Expected BK; Found EM
Value at index 38 differs. Expected BM; Found EA
Value at index 39 differs. Expected BN; Found DZ
Value at index 40 differs. Expected BO; Found FA
Value at index 42 differs. Expected BQ; Found FL
Value at index 43 differs. Expected BR; Found AR
Value at index 44 differs. Expected BS; Found DC
Value at index 46 differs. Expected BU; Found DG
Value at index 47 differs. Expected BV; Found EO
Value at index 48 differs. Expected BW; Found DP
Value at index 49 differs. Expected BX; Found CC
Value at index 50 differs. Expected BY; Found EV
Value at index 51 differs. Expected BZ; Found BU
Value at index 52 differs. Expected CA; Found AJ
Value at index 54 differs. Expected CC; Found AG
Value at index 57 differs. Expected CF; Found DX
Value at index 58 differs. Expected CG; Found FR
Value at index 59 differs. Expected CH; Found BR
Value at index 62 differs. Expected CK; Found DS
Value at index 63 differs. Expected CL; Found ED
Value at index 64 differs. Expected CM; Found AE
Value at index 65 differs. Expected CN; Found AY
Value at index 66 differs. Expected CO; Found AN
Value at index 67 differs. Expected CP; Found AZ
Value at index 68 differs. Expected CQ; Found CZ
Value at index 69 differs. Expected CR; Found DV
Value at index 70 differs. Expected CS; Found AX
Value at index 71 differs. Expected CT; Found CW
Value at index 74 differs. Expected CW; Found CT
Value at index 76 differs. Expected CY; Found CM
Value at index 77 differs. Expected CZ; Found EE
Value at index 78 differs. Expected DA; Found BC
Value at index 79 differs. Expected DB; Found FE
Value at index 80 differs. Expected DC; Found EQ
Value at index 81 differs. Expected DD; Found DE
Value at index 82 differs. Expected DE; Found AV
Value at index 84 differs. Expected DG; Found CN
Value at index 85 differs. Expected DH; Found FN
Value at index 86 differs. Expected DI; Found BS
Value at index 87 differs. Expected DJ; Found DU
Value at index 88 differs. Expected DK; Found DY
Value at index 89 differs. Expected DL; Found AA
Value at index 92 differs. Expected DO; Found AQ
Value at index 93 differs. Expected DP; Found BZ
Value at index 94 differs. Expected DQ; Found AK
Value at index 95 differs. Expected DR; Found AF
Value at index 96 differs. Expected DS; Found CK
Value at index 97 differs. Expected DT; Found EB
Value at index 98 differs. Expected DU; Found DJ
Value at index 99 differs. Expected DV; Found DR
Value at index 100 differs. Expected DW; Found EN
Value at index 101 differs. Expected DX; Found FM
Value at index 102 differs. Expected DY; Found DK
Value at index 103 differs. Expected DZ; Found AO
Value at index 104 differs. Expected EA; Found BM
Value at index 105 differs. Expected EB; Found CR
Value at index 107 differs. Expected ED; Found BK
Value at index 108 differs. Expected EE; Found AD
Value at index 109 differs. Expected EF; Found ET
Value at index 110 differs. Expected EG; Found BJ
Value at index 111 differs. Expected EH; Found FS
Value at index 112 differs. Expected EI; Found BI
Value at index 113 differs. Expected EJ; Found CG
Value at index 116 differs. Expected EM; Found CL
Value at index 117 differs. Expected EN; Found BF
Value at index 118 differs. Expected EO; Found BV
Value at index 120 differs. Expected EQ; Found CP
Value at index 121 differs. Expected ER; Found CH
Value at index 122 differs. Expected ES; Found EY
Value at index 123 differs. Expected ET; Found CF
Value at index 125 differs. Expected EV; Found AL
Value at index 128 differs. Expected EY; Found ES
Value at index 129 differs. Expected EZ; Found FF
Value at index 130 differs. Expected FA; Found BO
Value at index 131 differs. Expected FB; Found AS
Value at index 132 differs. Expected FC; Found BN
Value at index 133 differs. Expected FD; Found AB
Value at index 134 differs. Expected FE; Found DB
Value at index 135 differs. Expected FF; Found EZ
Value at index 136 differs. Expected FG; Found BG
Value at index 137 differs. Expected FH; Found CO
Value at index 141 differs. Expected FL; Found BQ
Value at index 142 differs. Expected FM; Found BX
Value at index 143 differs. Expected FN; Found DH
Value at index 144 differs. Expected FO; Found CA
Value at index 147 differs. Expected FR; Found BE
Value at index 148 differs. Expected FS; Found EH
Value at index 149 differs. Expected FT; Found EG

