Invalid read count. Expected: 142; Found: 2
Invalid write count. Expected: 34; Found: 0
Value at index 0 differs. Expected A; Found B
Value at index 1 differs. Expected B; Found F
Value at index 3 differs. Expected D; Found H
Value at index 5 differs. Expected F; Found D
Value at index 7 differs. Expected H; Found J
Value at index 9 differs. Expected J; Found A

Invalid read count. Expected: 21 412; Found: 2
Invalid write count. Expected: 7 704; Found: 0
Value at index 2 differs. Expected AC; Found CN
Value at index 4 differs. Expected AE; Found BP
Value at index 5 differs. Expected AF; Found DR
Value at index 6 differs. Expected AG; Found AY
Value at index 8 differs. Expected AI; Found CX
Value at index 9 differs. Expected AJ; Found CM
Value at index 11 differs. Expected AL; Found AX
Value at index 12 differs. Expected AM; Found CF
Value at index 15 differs. Expected AP; Found CS
Value at index 17 differs. Expected AR; Found BO
Value at index 19 differs. Expected AT; Found BZ
Value at index 20 differs. Expected AU; Found FQ
Value at index 21 differs. Expected AV; Found FI
Value at index 23 differs. Expected AX; Found BW
Value at index 24 differs. Expected AY; Found BL
Value at index 27 differs. Expected BB; Found AC
Value at index 29 differs. Expected BD; Found DD
Value at index 33 differs. Expected BH; Found CY
Value at index 35 differs. Expected BJ; Found BX
Value at index 37 differs. Expected BL; Found FT
Value at index 39 differs. Expected BN; Found CE
Value at index 40 differs. Expected BO; Found EK
Value at index 41 differs. Expected BP; Found EX
Value at index 43 differs. Expected BR; Found CV
Value at index 45 differs. Expected BT; Found DL
Value at index 47 differs. Expected BV; Found ED
Value at index 48 differs. Expected BW; Found CO
Value at index 49 differs. Expected BX; Found CK
Value at index 50 differs. Expected BY; Found EG
Value at index 51 differs. Expected BZ; Found AT
Value at index 53 differs. Expected CB; Found BN
Value at index 54 differs. Expected CC; Found FL
Value at index 56 differs. Expected CE; Found CB
Value at index 57 differs. Expected CF; Found FD
Value at index 58 differs. Expected CG; Found CI
Value at index 59 differs. Expected CH; Found DY
Value at index 60 differs. Expected CI; Found BR
Value at index 61 differs. Expected CJ; Found BT
Value at index 62 differs. Expected CK; Found BJ
Value at index 64 differs. Expected CM; Found FJ
Value at index 65 differs. Expected CN; Found FB
Value at index 66 differs. Expected CO; Found BH
Value at index 67 differs. Expected CP; Found FO
Value at index 68 differs. Expected CQ; Found EL
Value at index 70 differs. Expected CS; Found AV
Value at index 73 differs. Expected CV; Found DB
Value at index 75 differs. Expected CX; Found AI
Value at index 76 differs. Expected CY; Found EA
Value at index 78 differs. Expected DA; Found EY
Value at index 79 differs. Expected DB; Found EV
Value at index 81 differs. Expected DD; Found EF
Value at index 82 differs. Expected DE; Found BD
Value at index 83 differs. Expected DF; Found DW
Value at index 88 differs. Expected DK; Found DQ
Value at index 89 differs. Expected DL; Found BY
Value at index 90 differs. Expected DM; Found FP
Value at index 93 differs. Expected DP; Found AM
Value at index 94 differs. Expected DQ; Found CP
Value at index 95 differs. Expected DR; Found AF
Value at index 96 differs. Expected DS; Found FR
Value at index 100 differs. Expected DW; Found FM
Value at index 101 differs. Expected DX; Found ET
Value at index 102 differs. Expected DY; Found CH
Value at index 104 differs. Expected EA; Found AL
Value at index 105 differs. Expected EB; Found CC
Value at index 107 differs. Expected ED; Found BV
Value at index 109 differs. Expected EF; Found EP
Value at index 110 differs. Expected EG; Found FH
Value at index 113 differs. Expected EJ; Found FC
Value at index 114 differs. Expected EK; Found AR
Value at index 115 differs. Expected EL; Found CQ
Value at index 116 differs. Expected EM; Found FS
Value at index 119 differs. Expected EP; Found DE
Value at index 122 differs. Expected ES; Found EW
Value at index 123 differs. Expected ET; Found DX
Value at index 125 differs. Expected EV; Found CG
Value at index 126 differs. Expected EW; Found ES
Value at index 127 differs. Expected EX; Found AE
Value at index 128 differs. Expected EY; Found DA
Value at index 131 differs. Expected FB; Found AU
Value at index 132 differs. Expected FC; Found EJ
Value at index 133 differs. Expected FD; Found FK
Value at index 134 differs. Expected FE; Found AP
Value at index 135 differs. Expected FF; Found DF
Value at index 137 differs. Expected FH; Found CJ
Value at index 138 differs. Expected FI; Found FE
Value at index 139 differs. Expected FJ; Found AJ
Value at index 140 differs. Expected FK; Found DP
Value at index 141 differs. Expected FL; Found EB
Value at index 142 differs. Expected FM; Found FF
Value at index 144 differs. Expected FO; Found AG
Value at index 145 differs. Expected FP; Found DM
Value at index 146 differs. Expected FQ; Found BB
Value at index 147 differs. Expected FR; Found DS
Value at index 148 differs. Expected FS; Found EM
Value at index 149 differs. Expected FT; Found DK

