Invalid read count. Expected: 148; Found: 112

Invalid read count. Expected: 25 472; Found: 2 300
Invalid write count. Expected: 8 188; Found: 1 108
Value at index 4 differs. Expected AE; Found BR
Value at index 5 differs. Expected AF; Found CV
Value at index 6 differs. Expected AG; Found CW
Value at index 8 differs. Expected AI; Found DD
Value at index 9 differs. Expected AJ; Found EC
Value at index 10 differs. Expected AK; Found AS
Value at index 11 differs. Expected AL; Found ED
Value at index 12 differs. Expected AM; Found DE
Value at index 13 differs. Expected AN; Found CO
Value at index 14 differs. Expected AO; Found CE
Value at index 15 differs. Expected AP; Found DT
Value at index 16 differs. Expected AQ; Found AL
Value at index 17 differs. Expected AR; Found BP
Value at index 18 differs. Expected AS; Found AK
Value at index 19 differs. Expected AT; Found BE
Value at index 22 differs. Expected AW; Found EH
Value at index 25 differs. Expected AZ; Found DS
Value at index 26 differs. Expected BA; Found DC
Value at index 27 differs. Expected BB; Found AM
Value at index 29 differs. Expected BD; Found AE
Value at index 30 differs. Expected BE; Found ET
Value at index 31 differs. Expected BF; Found BN
Value at index 35 differs. Expected BJ; Found DW
Value at index 36 differs. Expected BK; Found CX
Value at index 37 differs. Expected BL; Found CC
Value at index 39 differs. Expected BN; Found CU
Value at index 40 differs. Expected BO; Found CI
Value at index 41 differs. Expected BP; Found FA
Value at index 43 differs. Expected BR; Found AF
Value at index 44 differs. Expected BS; Found EJ
Value at index 45 differs. Expected BT; Found DI
Value at index 48 differs. Expected BW; Found EE
Value at index 50 differs. Expected BY; Found CQ
Value at index 51 differs. Expected BZ; Found DL
Value at index 53 differs. Expected CB; Found EI
Value at index 54 differs. Expected CC; Found FB
Value at index 55 differs. Expected CD; Found BA
Value at index 56 differs. Expected CE; Found AO
Value at index 57 differs. Expected CF; Found EU
Value at index 59 differs. Expected CH; Found EY
Value at index 60 differs. Expected CI; Found BO
Value at index 62 differs. Expected CK; Found DQ
Value at index 66 differs. Expected CO; Found AJ
Value at index 68 differs. Expected CQ; Found EO
Value at index 71 differs. Expected CT; Found AT
Value at index 72 differs. Expected CU; Found DA
Value at index 73 differs. Expected CV; Found DK
Value at index 74 differs. Expected CW; Found AG
Value at index 75 differs. Expected CX; Found BK
Value at index 76 differs. Expected CY; Found DN
Value at index 78 differs. Expected DA; Found BF
Value at index 79 differs. Expected DB; Found DF
Value at index 80 differs. Expected DC; Found CD
Value at index 81 differs. Expected DD; Found FD
Value at index 82 differs. Expected DE; Found BL
Value at index 83 differs. Expected DF; Found DB
Value at index 85 differs. Expected DH; Found EF
Value at index 86 differs. Expected DI; Found BT
Value at index 87 differs. Expected DJ; Found AI
Value at index 88 differs. Expected DK; Found FJ
Value at index 89 differs. Expected DL; Found BZ
Value at index 91 differs. Expected DN; Found CY
Value at index 94 differs. Expected DQ; Found CK
Value at index 96 differs. Expected DS; Found AZ
Value at index 97 differs. Expected DT; Found AN
Value at index 99 differs. Expected DV; Found FL
Value at index 100 differs. Expected DW; Found BJ
Value at index 102 differs. Expected DY; Found FK
Value at index 106 differs. Expected EC; Found AP
Value at index 107 differs. Expected ED; Found AQ
Value at index 108 differs. Expected EE; Found BW
Value at index 109 differs. Expected EF; Found EZ
Value at index 110 differs. Expected EG; Found EV
Value at index 111 differs. Expected EH; Found AR
Value at index 112 differs. Expected EI; Found EX
Value at index 113 differs. Expected EJ; Found BS
Value at index 116 differs. Expected EM; Found FE
Value at index 118 differs. Expected EO; Found BY
Value at index 119 differs. Expected EP; Found FM
Value at index 121 differs. Expected ER; Found BB
Value at index 122 differs. Expected ES; Found FO
Value at index 123 differs. Expected ET; Found DJ
Value at index 124 differs. Expected EU; Found CF
Value at index 125 differs. Expected EV; Found FH
Value at index 126 differs. Expected EW; Found ER
Value at index 127 differs. Expected EX; Found CB
Value at index 128 differs. Expected EY; Found CH
Value at index 129 differs. Expected EZ; Found DH
Value at index 130 differs. Expected FA; Found AW
Value at index 131 differs. Expected FB; Found CT
Value at index 133 differs. Expected FD; Found BD
Value at index 134 differs. Expected FE; Found EG
Value at index 137 differs. Expected FH; Found EM
Value at index 139 differs. Expected FJ; Found EW
Value at index 140 differs. Expected FK; Found DY
Value at index 141 differs. Expected FL; Found DV
Value at index 142 differs. Expected FM; Found EP
Value at index 144 differs. Expected FO; Found ES

