Invalid read count. Expected: 23 504; Found: 1 154
Invalid write count. Expected: 7 412; Found: 558
Value at index 3 differs. Expected AD; Found BS
Value at index 4 differs. Expected AE; Found BL
Value at index 5 differs. Expected AF; Found AZ
Value at index 6 differs. Expected AG; Found CH
Value at index 7 differs. Expected AH; Found DR
Value at index 8 differs. Expected AI; Found CD
Value at index 10 differs. Expected AK; Found AH
Value at index 13 differs. Expected AN; Found BH
Value at index 14 differs. Expected AO; Found CK
Value at index 18 differs. Expected AS; Found DO
Value at index 20 differs. Expected AU; Found BP
Value at index 21 differs. Expected AV; Found CJ
Value at index 22 differs. Expected AW; Found DU
Value at index 23 differs. Expected AX; Found DH
Value at index 25 differs. Expected AZ; Found DM
Value at index 26 differs. Expected BA; Found AD
Value at index 28 differs. Expected BC; Found BD
Value at index 29 differs. Expected BD; Found BC
Value at index 31 differs. Expected BF; Found ED
Value at index 32 differs. Expected BG; Found EC
Value at index 33 differs. Expected BH; Found DI
Value at index 35 differs. Expected BJ; Found EQ
Value at index 37 differs. Expected BL; Found AE
Value at index 38 differs. Expected BM; Found DA
Value at index 39 differs. Expected BN; Found EL
Value at index 41 differs. Expected BP; Found BM
Value at index 42 differs. Expected BQ; Found BU
Value at index 43 differs. Expected BR; Found BA
Value at index 44 differs. Expected BS; Found BW
Value at index 45 differs. Expected BT; Found BX
Value at index 46 differs. Expected BU; Found BQ
Value at index 48 differs. Expected BW; Found CQ
Value at index 49 differs. Expected BX; Found EB
Value at index 50 differs. Expected BY; Found EO
Value at index 51 differs. Expected BZ; Found FG
Value at index 54 differs. Expected CC; Found DQ
Value at index 55 differs. Expected CD; Found AI
Value at index 56 differs. Expected CE; Found AF
Value at index 57 differs. Expected CF; Found CI
Value at index 59 differs. Expected CH; Found ES
Value at index 60 differs. Expected CI; Found FL
Value at index 61 differs. Expected CJ; Found DG
Value at index 62 differs. Expected CK; Found EU
Value at index 63 differs. Expected CL; Found CN
Value at index 65 differs. Expected CN; Found AS
Value at index 67 differs. Expected CP; Found EI
Value at index 68 differs. Expected CQ; Found CE
Value at index 72 differs. Expected CU; Found FE
Value at index 76 differs. Expected CY; Found DP
Value at index 78 differs. Expected DA; Found DX
Value at index 79 differs. Expected DB; Found EV
Value at index 83 differs. Expected DF; Found FJ
Value at index 84 differs. Expected DG; Found CP
Value at index 85 differs. Expected DH; Found FI
Value at index 86 differs. Expected DI; Found EF
Value at index 87 differs. Expected DJ; Found DZ
Value at index 88 differs. Expected DK; Found FO
Value at index 89 differs. Expected DL; Found CF
Value at index 90 differs. Expected DM; Found AK
Value at index 91 differs. Expected DN; Found CU
Value at index 92 differs. Expected DO; Found CL
Value at index 93 differs. Expected DP; Found BF
Value at index 94 differs. Expected DQ; Found BJ
Value at index 95 differs. Expected DR; Found FC
Value at index 98 differs. Expected DU; Found AG
Value at index 101 differs. Expected DX; Found AU
Value at index 103 differs. Expected DZ; Found DJ
Value at index 104 differs. Expected EA; Found EZ
Value at index 105 differs. Expected EB; Found EG
Value at index 106 differs. Expected EC; Found BG
Value at index 107 differs. Expected ED; Found AW
Value at index 108 differs. Expected EE; Found EA
Value at index 109 differs. Expected EF; Found AN
Value at index 110 differs. Expected EG; Found EY
Value at index 111 differs. Expected EH; Found EK
Value at index 112 differs. Expected EI; Found CC
Value at index 114 differs. Expected EK; Found EH
Value at index 115 differs. Expected EL; Found FN
Value at index 118 differs. Expected EO; Found BY
Value at index 120 differs. Expected EQ; Found BR
Value at index 122 differs. Expected ES; Found DN
Value at index 124 differs. Expected EU; Found AO
Value at index 125 differs. Expected EV; Found DB
Value at index 127 differs. Expected EX; Found FM
Value at index 128 differs. Expected EY; Found BT
Value at index 129 differs. Expected EZ; Found EE
Value at index 132 differs. Expected FC; Found BZ
Value at index 134 differs. Expected FE; Found AV
Value at index 136 differs. Expected FG; Found AX
Value at index 138 differs. Expected FI; Found BN
Value at index 139 differs. Expected FJ; Found DF
Value at index 141 differs. Expected FL; Found DL
Value at index 142 differs. Expected FM; Found EX
Value at index 143 differs. Expected FN; Found CY
Value at index 144 differs. Expected FO; Found DK

