Invalid read count. Expected: 84; Found: 46
Invalid write count. Expected: 12; Found: 10
Value at index 4 differs. Expected E; Found F
Value at index 5 differs. Expected F; Found E

Invalid read count. Expected: 23 504; Found: 1 144
Invalid write count. Expected: 7 412; Found: 548
Value at index 2 differs. Expected AC; Found BL
Value at index 3 differs. Expected AD; Found AZ
Value at index 4 differs. Expected AE; Found BS
Value at index 5 differs. Expected AF; Found CH
Value at index 6 differs. Expected AG; Found CD
Value at index 7 differs. Expected AH; Found AJ
Value at index 8 differs. Expected AI; Found AH
Value at index 9 differs. Expected AJ; Found AL
Value at index 10 differs. Expected AK; Found AM
Value at index 11 differs. Expected AL; Found BH
Value at index 12 differs. Expected AM; Found CK
Value at index 13 differs. Expected AN; Found AP
Value at index 14 differs. Expected AO; Found AQ
Value at index 15 differs. Expected AP; Found AR
Value at index 16 differs. Expected AQ; Found DO
Value at index 17 differs. Expected AR; Found AT
Value at index 18 differs. Expected AS; Found BP
Value at index 19 differs. Expected AT; Found CJ
Value at index 20 differs. Expected AU; Found DR
Value at index 21 differs. Expected AV; Found DH
Value at index 22 differs. Expected AW; Found AY
Value at index 23 differs. Expected AX; Found DM
Value at index 24 differs. Expected AY; Found AD
Value at index 25 differs. Expected AZ; Found BB
Value at index 26 differs. Expected BA; Found BD
Value at index 27 differs. Expected BB; Found BC
Value at index 28 differs. Expected BC; Found BE
Value at index 29 differs. Expected BD; Found DU
Value at index 30 differs. Expected BE; Found EC
Value at index 31 differs. Expected BF; Found DI
Value at index 32 differs. Expected BG; Found BI
Value at index 33 differs. Expected BH; Found ED
Value at index 34 differs. Expected BI; Found BK
Value at index 35 differs. Expected BJ; Found AE
Value at index 36 differs. Expected BK; Found DA
Value at index 37 differs. Expected BL; Found EL
Value at index 38 differs. Expected BM; Found BO
Value at index 39 differs. Expected BN; Found BM
Value at index 40 differs. Expected BO; Found BU
Value at index 41 differs. Expected BP; Found BA
Value at index 42 differs. Expected BQ; Found BW
Value at index 43 differs. Expected BR; Found BX
Value at index 44 differs. Expected BS; Found BQ
Value at index 45 differs. Expected BT; Found BV
Value at index 46 differs. Expected BU; Found CQ
Value at index 47 differs. Expected BV; Found EB
Value at index 48 differs. Expected BW; Found EO
Value at index 49 differs. Expected BX; Found EQ
Value at index 50 differs. Expected BY; Found CA
Value at index 51 differs. Expected BZ; Found CB
Value at index 52 differs. Expected CA; Found DQ
Value at index 53 differs. Expected CB; Found AI
Value at index 54 differs. Expected CC; Found AC
Value at index 55 differs. Expected CD; Found CI
Value at index 56 differs. Expected CE; Found CG
Value at index 57 differs. Expected CF; Found ES
Value at index 58 differs. Expected CG; Found FG
Value at index 59 differs. Expected CH; Found DG
Value at index 60 differs. Expected CI; Found EU
Value at index 61 differs. Expected CJ; Found CN
Value at index 62 differs. Expected CK; Found CM
Value at index 63 differs. Expected CL; Found AS
Value at index 64 differs. Expected CM; Found CO
Value at index 65 differs. Expected CN; Found EI
Value at index 66 differs. Expected CO; Found CE
Value at index 67 differs. Expected CP; Found CR
Value at index 68 differs. Expected CQ; Found CS
Value at index 69 differs. Expected CR; Found CT
Value at index 70 differs. Expected CS; Found FE
Value at index 71 differs. Expected CT; Found CV
Value at index 72 differs. Expected CU; Found CW
Value at index 73 differs. Expected CV; Found CX
Value at index 74 differs. Expected CW; Found DP
Value at index 75 differs. Expected CX; Found CZ
Value at index 76 differs. Expected CY; Found DX
Value at index 77 differs. Expected CZ; Found EV
Value at index 78 differs. Expected DA; Found DC
Value at index 79 differs. Expected DB; Found DD
Value at index 80 differs. Expected DC; Found DE
Value at index 81 differs. Expected DD; Found FJ
Value at index 82 differs. Expected DE; Found CP
Value at index 83 differs. Expected DF; Found FI
Value at index 84 differs. Expected DG; Found EF
Value at index 85 differs. Expected DH; Found DZ
Value at index 86 differs. Expected DI; Found FL
Value at index 87 differs. Expected DJ; Found CF
Value at index 88 differs. Expected DK; Found AK
Value at index 89 differs. Expected DL; Found CU
Value at index 90 differs. Expected DM; Found CL
Value at index 91 differs. Expected DN; Found BF
Value at index 92 differs. Expected DO; Found BJ
Value at index 93 differs. Expected DP; Found FC
Value at index 94 differs. Expected DQ; Found DS
Value at index 95 differs. Expected DR; Found DT
Value at index 96 differs. Expected DS; Found AG
Value at index 97 differs. Expected DT; Found DV
Value at index 98 differs. Expected DU; Found DW
Value at index 99 differs. Expected DV; Found AU
Value at index 100 differs. Expected DW; Found DY
Value at index 101 differs. Expected DX; Found DJ
Value at index 102 differs. Expected DY; Found EZ
Value at index 103 differs. Expected DZ; Found EG
Value at index 104 differs. Expected EA; Found BG
Value at index 105 differs. Expected EB; Found AW
Value at index 106 differs. Expected EC; Found EA
Value at index 107 differs. Expected ED; Found AN
Value at index 108 differs. Expected EE; Found EY
Value at index 109 differs. Expected EF; Found EK
Value at index 110 differs. Expected EG; Found CC
Value at index 111 differs. Expected EH; Found EJ
Value at index 112 differs. Expected EI; Found EH
Value at index 113 differs. Expected EJ; Found FN
Value at index 114 differs. Expected EK; Found EM
Value at index 115 differs. Expected EL; Found EN
Value at index 116 differs. Expected EM; Found BY
Value at index 117 differs. Expected EN; Found EP
Value at index 118 differs. Expected EO; Found BR
Value at index 119 differs. Expected EP; Found ER
Value at index 120 differs. Expected EQ; Found DN
Value at index 121 differs. Expected ER; Found ET
Value at index 122 differs. Expected ES; Found AO
Value at index 123 differs. Expected ET; Found DB
Value at index 124 differs. Expected EU; Found EW
Value at index 125 differs. Expected EV; Found FM
Value at index 126 differs. Expected EW; Found BT
Value at index 127 differs. Expected EX; Found EE
Value at index 128 differs. Expected EY; Found FA
Value at index 129 differs. Expected EZ; Found FB
Value at index 130 differs. Expected FA; Found BZ
Value at index 131 differs. Expected FB; Found FD
Value at index 132 differs. Expected FC; Found AV
Value at index 133 differs. Expected FD; Found FF
Value at index 134 differs. Expected FE; Found AF
Value at index 135 differs. Expected FF; Found FH
Value at index 136 differs. Expected FG; Found AX
Value at index 137 differs. Expected FH; Found DF
Value at index 138 differs. Expected FI; Found FK
Value at index 139 differs. Expected FJ; Found DL
Value at index 140 differs. Expected FK; Found EX
Value at index 141 differs. Expected FL; Found BN
Value at index 142 differs. Expected FM; Found DK
Value at index 143 differs. Expected FN; Found FO
Value at index 144 differs. Expected FO; Found CY

