Invalid read count. Expected: 134; Found: 68
Invalid write count. Expected: 26; Found: 32
Value at index 1 differs. Expected B; Found E
Value at index 2 differs. Expected C; Found D
Value at index 3 differs. Expected D; Found C
Value at index 4 differs. Expected E; Found H
Value at index 7 differs. Expected H; Found B

Invalid read count. Expected: 25 870; Found: 1 184
Invalid write count. Expected: 8 586; Found: 588
Value at index 1 differs. Expected AB; Found EA
Value at index 2 differs. Expected AC; Found DD
Value at index 3 differs. Expected AD; Found AY
Value at index 4 differs. Expected AE; Found CU
Value at index 5 differs. Expected AF; Found EW
Value at index 7 differs. Expected AH; Found BC
Value at index 8 differs. Expected AI; Found EV
Value at index 9 differs. Expected AJ; Found ET
Value at index 10 differs. Expected AK; Found DP
Value at index 11 differs. Expected AL; Found AO
Value at index 12 differs. Expected AM; Found BX
Value at index 14 differs. Expected AO; Found EH
Value at index 15 differs. Expected AP; Found DM
Value at index 17 differs. Expected AR; Found FP
Value at index 18 differs. Expected AS; Found EZ
Value at index 19 differs. Expected AT; Found BG
Value at index 22 differs. Expected AW; Found BD
Value at index 24 differs. Expected AY; Found BP
Value at index 25 differs. Expected AZ; Found CO
Value at index 27 differs. Expected BB; Found CR
Value at index 28 differs. Expected BC; Found BQ
Value at index 29 differs. Expected BD; Found AW
Value at index 30 differs. Expected BE; Found ER
Value at index 31 differs. Expected BF; Found DB
Value at index 32 differs. Expected BG; Found DZ
Value at index 33 differs. Expected BH; Found DR
Value at index 35 differs. Expected BJ; Found FG
Value at index 37 differs. Expected BL; Found AP
Value at index 39 differs. Expected BN; Found CE
Value at index 40 differs. Expected BO; Found CX
Value at index 41 differs. Expected BP; Found AD
Value at index 42 differs. Expected BQ; Found EE
Value at index 43 differs. Expected BR; Found DY
Value at index 45 differs. Expected BT; Found CA
Value at index 46 differs. Expected BU; Found DJ
Value at index 47 differs. Expected BV; Found BJ
Value at index 48 differs. Expected BW; Found FD
Value at index 49 differs. Expected BX; Found FC
Value at index 52 differs. Expected CA; Found BT
Value at index 56 differs. Expected CE; Found BN
Value at index 57 differs. Expected CF; Found DC
Value at index 59 differs. Expected CH; Found DL
Value at index 63 differs. Expected CL; Found DH
Value at index 64 differs. Expected CM; Found AT
Value at index 66 differs. Expected CO; Found AS
Value at index 69 differs. Expected CR; Found BB
Value at index 71 differs. Expected CT; Found FJ
Value at index 72 differs. Expected CU; Found AE
Value at index 73 differs. Expected CV; Found DF
Value at index 74 differs. Expected CW; Found DA
Value at index 75 differs. Expected CX; Found BO
Value at index 76 differs. Expected CY; Found EI
Value at index 77 differs. Expected CZ; Found FL
Value at index 78 differs. Expected DA; Found FI
Value at index 79 differs. Expected DB; Found BF
Value at index 80 differs. Expected DC; Found BV
Value at index 81 differs. Expected DD; Found CF
Value at index 83 differs. Expected DF; Found CV
Value at index 85 differs. Expected DH; Found EM
Value at index 87 differs. Expected DJ; Found BH
Value at index 89 differs. Expected DL; Found EG
Value at index 90 differs. Expected DM; Found BL
Value at index 93 differs. Expected DP; Found AK
Value at index 94 differs. Expected DQ; Found AZ
Value at index 95 differs. Expected DR; Found BU
Value at index 97 differs. Expected DT; Found EU
Value at index 98 differs. Expected DU; Found EX
Value at index 99 differs. Expected DV; Found AJ
Value at index 102 differs. Expected DY; Found BR
Value at index 103 differs. Expected DZ; Found EF
Value at index 104 differs. Expected EA; Found AB
Value at index 105 differs. Expected EB; Found DQ
Value at index 108 differs. Expected EE; Found EP
Value at index 109 differs. Expected EF; Found BE
Value at index 110 differs. Expected EG; Found FR
Value at index 111 differs. Expected EH; Found AL
Value at index 112 differs. Expected EI; Found CY
Value at index 114 differs. Expected EK; Found EY
Value at index 116 differs. Expected EM; Found AH
Value at index 118 differs. Expected EO; Found CZ
Value at index 119 differs. Expected EP; Found CH
Value at index 120 differs. Expected EQ; Found CT
Value at index 121 differs. Expected ER; Found FB
Value at index 123 differs. Expected ET; Found DV
Value at index 124 differs. Expected EU; Found DT
Value at index 125 differs. Expected EV; Found AI
Value at index 126 differs. Expected EW; Found AF
Value at index 127 differs. Expected EX; Found DU
Value at index 128 differs. Expected EY; Found EK
Value at index 129 differs. Expected EZ; Found EB
Value at index 131 differs. Expected FB; Found CM
Value at index 132 differs. Expected FC; Found AM
Value at index 133 differs. Expected FD; Found BW
Value at index 136 differs. Expected FG; Found AC
Value at index 137 differs. Expected FH; Found FK
Value at index 138 differs. Expected FI; Found CW
Value at index 139 differs. Expected FJ; Found FH
Value at index 140 differs. Expected FK; Found EQ
Value at index 141 differs. Expected FL; Found EO
Value at index 145 differs. Expected FP; Found AR
Value at index 147 differs. Expected FR; Found CL

