Invalid read count. Expected: 138; Found: 0
Invalid write count. Expected: 30; Found: 0
Value at index 0 differs. Expected A; Found I
Value at index 1 differs. Expected B; Found C
Value at index 2 differs. Expected C; Found B
Value at index 7 differs. Expected H; Found A
Value at index 8 differs. Expected I; Found H

Invalid read count. Expected: 20 984; Found: 0
Invalid write count. Expected: 7 276; Found: 0
Value at index 0 differs. Expected AA; Found CM
Value at index 1 differs. Expected AB; Found DH
Value at index 2 differs. Expected AC; Found CQ
Value at index 3 differs. Expected AD; Found CF
Value at index 5 differs. Expected AF; Found FQ
Value at index 6 differs. Expected AG; Found BW
Value at index 7 differs. Expected AH; Found FM
Value at index 9 differs. Expected AJ; Found CB
Value at index 10 differs. Expected AK; Found DY
Value at index 11 differs. Expected AL; Found AS
Value at index 13 differs. Expected AN; Found DX
Value at index 15 differs. Expected AP; Found DJ
Value at index 17 differs. Expected AR; Found AZ
Value at index 18 differs. Expected AS; Found CY
Value at index 20 differs. Expected AU; Found AA
Value at index 21 differs. Expected AV; Found BE
Value at index 23 differs. Expected AX; Found BK
Value at index 24 differs. Expected AY; Found FR
Value at index 25 differs. Expected AZ; Found AR
Value at index 26 differs. Expected BA; Found CP
Value at index 28 differs. Expected BC; Found CW
Value at index 29 differs. Expected BD; Found AP
Value at index 30 differs. Expected BE; Found AV
Value at index 31 differs. Expected BF; Found FC
Value at index 35 differs. Expected BJ; Found BR
Value at index 36 differs. Expected BK; Found AX
Value at index 41 differs. Expected BP; Found BF
Value at index 43 differs. Expected BR; Found CC
Value at index 44 differs. Expected BS; Found AK
Value at index 45 differs. Expected BT; Found EH
Value at index 48 differs. Expected BW; Found FD
Value at index 50 differs. Expected BY; Found DD
Value at index 51 differs. Expected BZ; Found BJ
Value at index 52 differs. Expected CA; Found DK
Value at index 53 differs. Expected CB; Found AJ
Value at index 54 differs. Expected CC; Found CI
Value at index 55 differs. Expected CD; Found FH
Value at index 56 differs. Expected CE; Found DS
Value at index 57 differs. Expected CF; Found CJ
Value at index 60 differs. Expected CI; Found BZ
Value at index 61 differs. Expected CJ; Found DR
Value at index 62 differs. Expected CK; Found EY
Value at index 63 differs. Expected CL; Found CX
Value at index 64 differs. Expected CM; Found CL
Value at index 67 differs. Expected CP; Found BA
Value at index 68 differs. Expected CQ; Found CK
Value at index 69 differs. Expected CR; Found EO
Value at index 71 differs. Expected CT; Found CA
Value at index 72 differs. Expected CU; Found EJ
Value at index 74 differs. Expected CW; Found CE
Value at index 75 differs. Expected CX; Found BP
Value at index 76 differs. Expected CY; Found AL
Value at index 79 differs. Expected DB; Found EM
Value at index 81 differs. Expected DD; Found BY
Value at index 82 differs. Expected DE; Found ED
Value at index 85 differs. Expected DH; Found BD
Value at index 86 differs. Expected DI; Found DP
Value at index 87 differs. Expected DJ; Found AB
Value at index 88 differs. Expected DK; Found DZ
Value at index 90 differs. Expected DM; Found BC
Value at index 92 differs. Expected DO; Found ER
Value at index 93 differs. Expected DP; Found DI
Value at index 95 differs. Expected DR; Found ES
Value at index 96 differs. Expected DS; Found DT
Value at index 97 differs. Expected DT; Found DM
Value at index 101 differs. Expected DX; Found EQ
Value at index 102 differs. Expected DY; Found EB
Value at index 103 differs. Expected DZ; Found FI
Value at index 105 differs. Expected EB; Found FF
Value at index 107 differs. Expected ED; Found AH
Value at index 108 differs. Expected EE; Found AC
Value at index 111 differs. Expected EH; Found BT
Value at index 113 differs. Expected EJ; Found CU
Value at index 116 differs. Expected EM; Found DB
Value at index 117 differs. Expected EN; Found AY
Value at index 118 differs. Expected EO; Found CR
Value at index 120 differs. Expected EQ; Found AN
Value at index 121 differs. Expected ER; Found DO
Value at index 122 differs. Expected ES; Found EZ
Value at index 123 differs. Expected ET; Found FP
Value at index 124 differs. Expected EU; Found ET
Value at index 126 differs. Expected EW; Found EE
Value at index 127 differs. Expected EX; Found AU
Value at index 128 differs. Expected EY; Found CD
Value at index 129 differs. Expected EZ; Found AD
Value at index 132 differs. Expected FC; Found EX
Value at index 133 differs. Expected FD; Found FE
Value at index 134 differs. Expected FE; Found AG
Value at index 135 differs. Expected FF; Found BS
Value at index 136 differs. Expected FG; Found FS
Value at index 137 differs. Expected FH; Found EW
Value at index 138 differs. Expected FI; Found CT
Value at index 142 differs. Expected FM; Found DE
Value at index 143 differs. Expected FN; Found FG
Value at index 145 differs. Expected FP; Found EU
Value at index 146 differs. Expected FQ; Found AF
Value at index 147 differs. Expected FR; Found EN
Value at index 148 differs. Expected FS; Found FN

