Invalid read count. Expected: 120; Found: 60
Invalid write count. Expected: 12; Found: 24
Value at index 0 differs. Expected A; Found J
Value at index 1 differs. Expected B; Found A
Value at index 2 differs. Expected C; Found B
Value at index 3 differs. Expected D; Found C
Value at index 5 differs. Expected F; Found G
Value at index 6 differs. Expected G; Found D
Value at index 7 differs. Expected H; Found F
Value at index 8 differs. Expected I; Found H
Value at index 9 differs. Expected J; Found I

Invalid read count. Expected: 27 028; Found: 1 178
Invalid write count. Expected: 9 148; Found: 582
Value at index 0 differs. Expected AA; Found FT
Value at index 2 differs. Expected AC; Found AT
Value at index 3 differs. Expected AD; Found DD
Value at index 6 differs. Expected AG; Found DC
Value at index 7 differs. Expected AH; Found DP
Value at index 8 differs. Expected AI; Found EG
Value at index 10 differs. Expected AK; Found AQ
Value at index 11 differs. Expected AL; Found AU
Value at index 12 differs. Expected AM; Found EA
Value at index 13 differs. Expected AN; Found BZ
Value at index 14 differs. Expected AO; Found EZ
Value at index 15 differs. Expected AP; Found CX
Value at index 16 differs. Expected AQ; Found AK
Value at index 17 differs. Expected AR; Found EY
Value at index 18 differs. Expected AS; Found EJ
Value at index 19 differs. Expected AT; Found EV
Value at index 20 differs. Expected AU; Found CJ
Value at index 21 differs. Expected AV; Found BQ
Value at index 24 differs. Expected AY; Found BE
Value at index 25 differs. Expected AZ; Found BO
Value at index 26 differs. Expected BA; Found EH
Value at index 27 differs. Expected BB; Found BL
Value at index 28 differs. Expected BC; Found EQ
Value at index 29 differs. Expected BD; Found FF
Value at index 30 differs. Expected BE; Found DL
Value at index 31 differs. Expected BF; Found EL
Value at index 32 differs. Expected BG; Found FP
Value at index 33 differs. Expected BH; Found DW
Value at index 35 differs. Expected BJ; Found AP
Value at index 37 differs. Expected BL; Found BB
Value at index 38 differs. Expected BM; Found CR
Value at index 40 differs. Expected BO; Found EI
Value at index 42 differs. Expected BQ; Found AV
Value at index 47 differs. Expected BV; Found DO
Value at index 51 differs. Expected BZ; Found AN
Value at index 53 differs. Expected CB; Found EO
Value at index 54 differs. Expected CC; Found DI
Value at index 55 differs. Expected CD; Found DN
Value at index 56 differs. Expected CE; Found DT
Value at index 57 differs. Expected CF; Found EN
Value at index 58 differs. Expected CG; Found FJ
Value at index 59 differs. Expected CH; Found CN
Value at index 60 differs. Expected CI; Found CE
Value at index 61 differs. Expected CJ; Found AL
Value at index 62 differs. Expected CK; Found AG
Value at index 63 differs. Expected CL; Found BJ
Value at index 65 differs. Expected CN; Found CH
Value at index 67 differs. Expected CP; Found CS
Value at index 69 differs. Expected CR; Found CK
Value at index 70 differs. Expected CS; Found DX
Value at index 72 differs. Expected CU; Found AS
Value at index 75 differs. Expected CX; Found CL
Value at index 76 differs. Expected CY; Found BM
Value at index 80 differs. Expected DC; Found CY
Value at index 81 differs. Expected DD; Found FH
Value at index 82 differs. Expected DE; Found EU
Value at index 86 differs. Expected DI; Found BF
Value at index 87 differs. Expected DJ; Found FR
Value at index 89 differs. Expected DL; Found AY
Value at index 90 differs. Expected DM; Found EM
Value at index 91 differs. Expected DN; Found CC
Value at index 92 differs. Expected DO; Found FQ
Value at index 93 differs. Expected DP; Found AC
Value at index 95 differs. Expected DR; Found FN
Value at index 97 differs. Expected DT; Found CI
Value at index 100 differs. Expected DW; Found BV
Value at index 101 differs. Expected DX; Found EK
Value at index 102 differs. Expected DY; Found FA
Value at index 103 differs. Expected DZ; Found EE
Value at index 104 differs. Expected EA; Found AM
Value at index 105 differs. Expected EB; Found CB
Value at index 108 differs. Expected EE; Found ER
Value at index 109 differs. Expected EF; Found AA
Value at index 110 differs. Expected EG; Found DY
Value at index 111 differs. Expected EH; Found BA
Value at index 112 differs. Expected EI; Found CP
Value at index 113 differs. Expected EJ; Found CU
Value at index 114 differs. Expected EK; Found ET
Value at index 115 differs. Expected EL; Found CD
Value at index 116 differs. Expected EM; Found DM
Value at index 117 differs. Expected EN; Found CF
Value at index 118 differs. Expected EO; Found EB
Value at index 120 differs. Expected EQ; Found BC
Value at index 121 differs. Expected ER; Found DZ
Value at index 122 differs. Expected ES; Found DJ
Value at index 123 differs. Expected ET; Found FD
Value at index 124 differs. Expected EU; Found DE
Value at index 125 differs. Expected EV; Found EF
Value at index 126 differs. Expected EW; Found FM
Value at index 128 differs. Expected EY; Found AR
Value at index 129 differs. Expected EZ; Found FO
Value at index 130 differs. Expected FA; Found FG
Value at index 133 differs. Expected FD; Found AZ
Value at index 135 differs. Expected FF; Found AO
Value at index 136 differs. Expected FG; Found ES
Value at index 137 differs. Expected FH; Found AD
Value at index 139 differs. Expected FJ; Found CG
Value at index 142 differs. Expected FM; Found AH
Value at index 143 differs. Expected FN; Found DR
Value at index 144 differs. Expected FO; Found AI
Value at index 145 differs. Expected FP; Found BH
Value at index 146 differs. Expected FQ; Found BD
Value at index 147 differs. Expected FR; Found EW
Value at index 148 differs. Expected FS; Found BG
Value at index 149 differs. Expected FT; Found FS

