Invalid read count. Expected: 0; Found: 58
Invalid write count. Expected: 0; Found: 24
Value at index 0 differs. Expected C; Found A
Value at index 1 differs. Expected H; Found C
Value at index 7 differs. Expected A; Found H

Invalid read count. Expected: 0; Found: 1 158
Invalid write count. Expected: 0; Found: 564
Value at index 0 differs. Expected AZ; Found AA
Value at index 1 differs. Expected CZ; Found AZ
Value at index 3 differs. Expected EA; Found CZ
Value at index 6 differs. Expected EY; Found EA
Value at index 8 differs. Expected FD; Found EY
Value at index 13 differs. Expected FI; Found FD
Value at index 36 differs. Expected FK; Found FI
Value at index 58 differs. Expected FS; Found FK
Value at index 95 differs. Expected AA; Found AD
Value at index 104 differs. Expected AD; Found AE
Value at index 105 differs. Expected AE; Found AG
Value at index 128 differs. Expected AG; Found AI
Value at index 133 differs. Expected AI; Found CD
Value at index 146 differs. Expected CD; Found EU
Value at index 148 differs. Expected EU; Found FS

