Invalid read count. Expected: 186; Found: 64
Invalid write count. Expected: 42; Found: 28
Value at index 3 differs. Expected D; Found H
Value at index 4 differs. Expected E; Found D
Value at index 6 differs. Expected G; Found I
Value at index 7 differs. Expected H; Found E
Value at index 8 differs. Expected I; Found G

Invalid read count. Expected: 29 938; Found: 1 168
Invalid write count. Expected: 9 078; Found: 572
Value at index 2 differs. Expected AC; Found BG
Value at index 4 differs. Expected AE; Found BA
Value at index 6 differs. Expected AG; Found EB
Value at index 8 differs. Expected AI; Found ED
Value at index 9 differs. Expected AJ; Found BH
Value at index 10 differs. Expected AK; Found BL
Value at index 11 differs. Expected AL; Found CU
Value at index 14 differs. Expected AO; Found EI
Value at index 15 differs. Expected AP; Found CZ
Value at index 16 differs. Expected AQ; Found EM
Value at index 17 differs. Expected AR; Found DK
Value at index 18 differs. Expected AS; Found EO
Value at index 20 differs. Expected AU; Found CV
Value at index 22 differs. Expected AW; Found CY
Value at index 24 differs. Expected AY; Found BK
Value at index 25 differs. Expected AZ; Found BZ
Value at index 26 differs. Expected BA; Found BD
Value at index 28 differs. Expected BC; Found CA
Value at index 29 differs. Expected BD; Found AE
Value at index 30 differs. Expected BE; Found DF
Value at index 32 differs. Expected BG; Found CP
Value at index 33 differs. Expected BH; Found BJ
Value at index 34 differs. Expected BI; Found DC
Value at index 35 differs. Expected BJ; Found BT
Value at index 36 differs. Expected BK; Found EQ
Value at index 37 differs. Expected BL; Found FJ
Value at index 38 differs. Expected BM; Found CO
Value at index 39 differs. Expected BN; Found CW
Value at index 40 differs. Expected BO; Found EK
Value at index 41 differs. Expected BP; Found AO
Value at index 42 differs. Expected BQ; Found CM
Value at index 44 differs. Expected BS; Found ER
Value at index 45 differs. Expected BT; Found ES
Value at index 46 differs. Expected BU; Found BY
Value at index 47 differs. Expected BV; Found DW
Value at index 48 differs. Expected BW; Found EW
Value at index 50 differs. Expected BY; Found FG
Value at index 51 differs. Expected BZ; Found CG
Value at index 52 differs. Expected CA; Found BC
Value at index 53 differs. Expected CB; Found EF
Value at index 54 differs. Expected CC; Found EX
Value at index 56 differs. Expected CE; Found EG
Value at index 57 differs. Expected CF; Found EZ
Value at index 58 differs. Expected CG; Found FD
Value at index 59 differs. Expected CH; Found DP
Value at index 61 differs. Expected CJ; Found FB
Value at index 62 differs. Expected CK; Found FL
Value at index 64 differs. Expected CM; Found DH
Value at index 65 differs. Expected CN; Found BW
Value at index 66 differs. Expected CO; Found CC
Value at index 67 differs. Expected CP; Found BV
Value at index 68 differs. Expected CQ; Found DV
Value at index 69 differs. Expected CR; Found DD
Value at index 71 differs. Expected CT; Found EN
Value at index 72 differs. Expected CU; Found DO
Value at index 73 differs. Expected CV; Found DQ
Value at index 74 differs. Expected CW; Found CE
Value at index 75 differs. Expected CX; Found ET
Value at index 76 differs. Expected CY; Found AW
Value at index 77 differs. Expected CZ; Found AP
Value at index 79 differs. Expected DB; Found DG
Value at index 80 differs. Expected DC; Found EL
Value at index 81 differs. Expected DD; Found CR
Value at index 82 differs. Expected DE; Found AJ
Value at index 83 differs. Expected DF; Found BE
Value at index 84 differs. Expected DG; Found DB
Value at index 85 differs. Expected DH; Found BQ
Value at index 88 differs. Expected DK; Found CX
Value at index 90 differs. Expected DM; Found BP
Value at index 92 differs. Expected DO; Found DS
Value at index 93 differs. Expected DP; Found FM
Value at index 94 differs. Expected DQ; Found AY
Value at index 96 differs. Expected DS; Found AL
Value at index 98 differs. Expected DU; Found AC
Value at index 99 differs. Expected DV; Found CQ
Value at index 100 differs. Expected DW; Found AZ
Value at index 102 differs. Expected DY; Found AG
Value at index 105 differs. Expected EB; Found DY
Value at index 107 differs. Expected ED; Found BO
Value at index 109 differs. Expected EF; Found FF
Value at index 110 differs. Expected EG; Found BN
Value at index 112 differs. Expected EI; Found AI
Value at index 113 differs. Expected EJ; Found CK
Value at index 114 differs. Expected EK; Found DU
Value at index 115 differs. Expected EL; Found BI
Value at index 116 differs. Expected EM; Found AQ
Value at index 117 differs. Expected EN; Found CJ
Value at index 118 differs. Expected EO; Found DM
Value at index 120 differs. Expected EQ; Found AU
Value at index 121 differs. Expected ER; Found BS
Value at index 122 differs. Expected ES; Found DE
Value at index 123 differs. Expected ET; Found AR
Value at index 126 differs. Expected EW; Found CN
Value at index 127 differs. Expected EX; Found BM
Value at index 129 differs. Expected EZ; Found CF
Value at index 131 differs. Expected FB; Found CT
Value at index 133 differs. Expected FD; Found AK
Value at index 135 differs. Expected FF; Found CB
Value at index 136 differs. Expected FG; Found BU
Value at index 138 differs. Expected FI; Found EJ
Value at index 139 differs. Expected FJ; Found AS
Value at index 140 differs. Expected FK; Found FN
Value at index 141 differs. Expected FL; Found CH
Value at index 142 differs. Expected FM; Found FI
Value at index 143 differs. Expected FN; Found FK
Value at index 146 differs. Expected FQ; Found FS
Value at index 148 differs. Expected FS; Found FQ

