Invalid read count. Expected: 152; Found: 66
Invalid write count. Expected: 44; Found: 30
Value at index 1 differs. Expected B; Found E
Value at index 4 differs. Expected E; Found F
Value at index 5 differs. Expected F; Found B
Value at index 6 differs. Expected G; Found H
Value at index 7 differs. Expected H; Found G

Invalid read count. Expected: 22 332; Found: 1 172
Invalid write count. Expected: 7 432; Found: 576
Value at index 1 differs. Expected AB; Found AD
Value at index 2 differs. Expected AC; Found CK
Value at index 3 differs. Expected AD; Found AV
Value at index 4 differs. Expected AE; Found EF
Value at index 5 differs. Expected AF; Found ER
Value at index 6 differs. Expected AG; Found AU
Value at index 8 differs. Expected AI; Found BG
Value at index 10 differs. Expected AK; Found CN
Value at index 12 differs. Expected AM; Found FB
Value at index 13 differs. Expected AN; Found AM
Value at index 15 differs. Expected AP; Found BQ
Value at index 16 differs. Expected AQ; Found AP
Value at index 17 differs. Expected AR; Found DO
Value at index 18 differs. Expected AS; Found AE
Value at index 19 differs. Expected AT; Found CJ
Value at index 20 differs. Expected AU; Found AI
Value at index 21 differs. Expected AV; Found AC
Value at index 22 differs. Expected AW; Found EE
Value at index 23 differs. Expected AX; Found EG
Value at index 24 differs. Expected AY; Found EK
Value at index 26 differs. Expected BA; Found EB
Value at index 28 differs. Expected BC; Found EQ
Value at index 29 differs. Expected BD; Found CD
Value at index 32 differs. Expected BG; Found EJ
Value at index 39 differs. Expected BN; Found AX
Value at index 40 differs. Expected BO; Found AB
Value at index 41 differs. Expected BP; Found EM
Value at index 42 differs. Expected BQ; Found AQ
Value at index 45 differs. Expected BT; Found DT
Value at index 47 differs. Expected BV; Found BY
Value at index 49 differs. Expected BX; Found EN
Value at index 50 differs. Expected BY; Found BV
Value at index 52 differs. Expected CA; Found EA
Value at index 55 differs. Expected CD; Found BD
Value at index 57 differs. Expected CF; Found DD
Value at index 60 differs. Expected CI; Found FH
Value at index 61 differs. Expected CJ; Found BP
Value at index 62 differs. Expected CK; Found DG
Value at index 63 differs. Expected CL; Found AF
Value at index 65 differs. Expected CN; Found AK
Value at index 69 differs. Expected CR; Found EP
Value at index 71 differs. Expected CT; Found AW
Value at index 72 differs. Expected CU; Found DU
Value at index 73 differs. Expected CV; Found DH
Value at index 75 differs. Expected CX; Found FI
Value at index 76 differs. Expected CY; Found CR
Value at index 77 differs. Expected CZ; Found DQ
Value at index 79 differs. Expected DB; Found FC
Value at index 81 differs. Expected DD; Found CF
Value at index 84 differs. Expected DG; Found CL
Value at index 85 differs. Expected DH; Found DL
Value at index 86 differs. Expected DI; Found DM
Value at index 89 differs. Expected DL; Found CI
Value at index 90 differs. Expected DM; Found EC
Value at index 91 differs. Expected DN; Found FM
Value at index 92 differs. Expected DO; Found ED
Value at index 94 differs. Expected DQ; Found FN
Value at index 96 differs. Expected DS; Found FD
Value at index 97 differs. Expected DT; Found DN
Value at index 98 differs. Expected DU; Found DV
Value at index 99 differs. Expected DV; Found FQ
Value at index 101 differs. Expected DX; Found AN
Value at index 104 differs. Expected EA; Found CA
Value at index 105 differs. Expected EB; Found BA
Value at index 106 differs. Expected EC; Found DI
Value at index 107 differs. Expected ED; Found AR
Value at index 108 differs. Expected EE; Found CT
Value at index 109 differs. Expected EF; Found AS
Value at index 110 differs. Expected EG; Found CU
Value at index 112 differs. Expected EI; Found BX
Value at index 113 differs. Expected EJ; Found AG
Value at index 114 differs. Expected EK; Found AY
Value at index 115 differs. Expected EL; Found DX
Value at index 116 differs. Expected EM; Found CY
Value at index 117 differs. Expected EN; Found EI
Value at index 119 differs. Expected EP; Found DS
Value at index 120 differs. Expected EQ; Found BC
Value at index 121 differs. Expected ER; Found FJ
Value at index 123 differs. Expected ET; Found FO
Value at index 127 differs. Expected EX; Found EL
Value at index 131 differs. Expected FB; Found EX
Value at index 132 differs. Expected FC; Found DB
Value at index 133 differs. Expected FD; Found AT
Value at index 134 differs. Expected FE; Found BT
Value at index 137 differs. Expected FH; Found BN
Value at index 138 differs. Expected FI; Found CX
Value at index 139 differs. Expected FJ; Found BO
Value at index 142 differs. Expected FM; Found CV
Value at index 143 differs. Expected FN; Found CZ
Value at index 144 differs. Expected FO; Found ET
Value at index 146 differs. Expected FQ; Found FE

