Invalid read count. Expected: 136; Found: 0
Invalid write count. Expected: 28; Found: 0
Value at index 0 differs. Expected A; Found C
Value at index 2 differs. Expected C; Found F
Value at index 4 differs. Expected E; Found J
Value at index 5 differs. Expected F; Found A
Value at index 8 differs. Expected I; Found E
Value at index 9 differs. Expected J; Found I

Invalid read count. Expected: 25 670; Found: 0
Invalid write count. Expected: 8 386; Found: 0
Value at index 0 differs. Expected AA; Found CM
Value at index 1 differs. Expected AB; Found BS
Value at index 2 differs. Expected AC; Found BO
Value at index 3 differs. Expected AD; Found AJ
Value at index 5 differs. Expected AF; Found DS
Value at index 7 differs. Expected AH; Found BM
Value at index 8 differs. Expected AI; Found BQ
Value at index 9 differs. Expected AJ; Found AD
Value at index 10 differs. Expected AK; Found BL
Value at index 11 differs. Expected AL; Found AM
Value at index 12 differs. Expected AM; Found AL
Value at index 13 differs. Expected AN; Found CR
Value at index 14 differs. Expected AO; Found FT
Value at index 15 differs. Expected AP; Found FC
Value at index 16 differs. Expected AQ; Found EL
Value at index 17 differs. Expected AR; Found CO
Value at index 18 differs. Expected AS; Found FD
Value at index 20 differs. Expected AU; Found BB
Value at index 22 differs. Expected AW; Found DY
Value at index 23 differs. Expected AX; Found CD
Value at index 24 differs. Expected AY; Found BH
Value at index 25 differs. Expected AZ; Found CL
Value at index 26 differs. Expected BA; Found AA
Value at index 27 differs. Expected BB; Found AU
Value at index 28 differs. Expected BC; Found BZ
Value at index 29 differs. Expected BD; Found EF
Value at index 30 differs. Expected BE; Found FP
Value at index 32 differs. Expected BG; Found AO
Value at index 33 differs. Expected BH; Found AY
Value at index 35 differs. Expected BJ; Found DQ
Value at index 36 differs. Expected BK; Found ED
Value at index 37 differs. Expected BL; Found AK
Value at index 38 differs. Expected BM; Found EM
Value at index 39 differs. Expected BN; Found DE
Value at index 40 differs. Expected BO; Found AC
Value at index 41 differs. Expected BP; Found EC
Value at index 42 differs. Expected BQ; Found BK
Value at index 44 differs. Expected BS; Found AB
Value at index 45 differs. Expected BT; Found CN
Value at index 46 differs. Expected BU; Found DR
Value at index 47 differs. Expected BV; Found DI
Value at index 48 differs. Expected BW; Found AP
Value at index 49 differs. Expected BX; Found AN
Value at index 50 differs. Expected BY; Found DC
Value at index 51 differs. Expected BZ; Found EK
Value at index 52 differs. Expected CA; Found ER
Value at index 53 differs. Expected CB; Found FO
Value at index 54 differs. Expected CC; Found CH
Value at index 55 differs. Expected CD; Found AX
Value at index 56 differs. Expected CE; Found DU
Value at index 57 differs. Expected CF; Found AZ
Value at index 59 differs. Expected CH; Found FM
Value at index 63 differs. Expected CL; Found DM
Value at index 64 differs. Expected CM; Found AF
Value at index 65 differs. Expected CN; Found CS
Value at index 66 differs. Expected CO; Found AR
Value at index 68 differs. Expected CQ; Found FG
Value at index 69 differs. Expected CR; Found BX
Value at index 70 differs. Expected CS; Found EN
Value at index 71 differs. Expected CT; Found FR
Value at index 73 differs. Expected CV; Found FF
Value at index 74 differs. Expected CW; Found EY
Value at index 75 differs. Expected CX; Found CB
Value at index 76 differs. Expected CY; Found DB
Value at index 77 differs. Expected CZ; Found BJ
Value at index 78 differs. Expected DA; Found CE
Value at index 79 differs. Expected DB; Found CY
Value at index 80 differs. Expected DC; Found EZ
Value at index 82 differs. Expected DE; Found DL
Value at index 84 differs. Expected DG; Found EH
Value at index 86 differs. Expected DI; Found BV
Value at index 89 differs. Expected DL; Found CA
Value at index 90 differs. Expected DM; Found BP
Value at index 93 differs. Expected DP; Found EO
Value at index 94 differs. Expected DQ; Found DP
Value at index 95 differs. Expected DR; Found DV
Value at index 96 differs. Expected DS; Found BA
Value at index 97 differs. Expected DT; Found CV
Value at index 98 differs. Expected DU; Found BT
Value at index 99 differs. Expected DV; Found BU
Value at index 100 differs. Expected DW; Found EQ
Value at index 102 differs. Expected DY; Found AW
Value at index 106 differs. Expected EC; Found CF
Value at index 107 differs. Expected ED; Found AI
Value at index 108 differs. Expected EE; Found BC
Value at index 109 differs. Expected EF; Found BD
Value at index 111 differs. Expected EH; Found DG
Value at index 114 differs. Expected EK; Found FA
Value at index 115 differs. Expected EL; Found AQ
Value at index 116 differs. Expected EM; Found AH
Value at index 117 differs. Expected EN; Found FJ
Value at index 118 differs. Expected EO; Found CX
Value at index 120 differs. Expected EQ; Found DW
Value at index 121 differs. Expected ER; Found EE
Value at index 128 differs. Expected EY; Found CW
Value at index 129 differs. Expected EZ; Found BY
Value at index 130 differs. Expected FA; Found BN
Value at index 132 differs. Expected FC; Found BW
Value at index 133 differs. Expected FD; Found BE
Value at index 135 differs. Expected FF; Found FN
Value at index 136 differs. Expected FG; Found CQ
Value at index 139 differs. Expected FJ; Found FK
Value at index 140 differs. Expected FK; Found DA
Value at index 142 differs. Expected FM; Found CC
Value at index 143 differs. Expected FN; Found DT
Value at index 144 differs. Expected FO; Found CZ
Value at index 145 differs. Expected FP; Found AS
Value at index 147 differs. Expected FR; Found CT
Value at index 149 differs. Expected FT; Found BG

