Invalid read count. Expected: 138; Found: 52
Invalid write count. Expected: 30; Found: 18
Value at index 1 differs. Expected B; Found E
Value at index 4 differs. Expected E; Found F
Value at index 5 differs. Expected F; Found B

Invalid read count. Expected: 25 692; Found: 1 172
Invalid write count. Expected: 7 812; Found: 578
Value at index 1 differs. Expected AB; Found AW
Value at index 2 differs. Expected AC; Found CE
Value at index 3 differs. Expected AD; Found DA
Value at index 4 differs. Expected AE; Found EH
Value at index 6 differs. Expected AG; Found AV
Value at index 8 differs. Expected AI; Found DJ
Value at index 9 differs. Expected AJ; Found AN
Value at index 13 differs. Expected AN; Found FP
Value at index 14 differs. Expected AO; Found CA
Value at index 15 differs. Expected AP; Found AB
Value at index 16 differs. Expected AQ; Found CB
Value at index 18 differs. Expected AS; Found CR
Value at index 19 differs. Expected AT; Found AQ
Value at index 20 differs. Expected AU; Found CQ
Value at index 21 differs. Expected AV; Found AX
Value at index 22 differs. Expected AW; Found AC
Value at index 23 differs. Expected AX; Found AG
Value at index 24 differs. Expected AY; Found BU
Value at index 26 differs. Expected BA; Found AI
Value at index 27 differs. Expected BB; Found BN
Value at index 28 differs. Expected BC; Found AP
Value at index 30 differs. Expected BE; Found CO
Value at index 32 differs. Expected BG; Found AU
Value at index 33 differs. Expected BH; Found AO
Value at index 34 differs. Expected BI; Found AE
Value at index 36 differs. Expected BK; Found FH
Value at index 39 differs. Expected BN; Found BV
Value at index 40 differs. Expected BO; Found EM
Value at index 41 differs. Expected BP; Found EC
Value at index 42 differs. Expected BQ; Found BW
Value at index 43 differs. Expected BR; Found DY
Value at index 46 differs. Expected BU; Found AY
Value at index 47 differs. Expected BV; Found BC
Value at index 48 differs. Expected BW; Found CZ
Value at index 51 differs. Expected BZ; Found DR
Value at index 52 differs. Expected CA; Found ET
Value at index 53 differs. Expected CB; Found DV
Value at index 54 differs. Expected CC; Found FS
Value at index 55 differs. Expected CD; Found ER
Value at index 56 differs. Expected CE; Found FE
Value at index 57 differs. Expected CF; Found BG
Value at index 59 differs. Expected CH; Found DZ
Value at index 60 differs. Expected CI; Found EI
Value at index 61 differs. Expected CJ; Found FJ
Value at index 62 differs. Expected CK; Found ED
Value at index 63 differs. Expected CL; Found DM
Value at index 64 differs. Expected CM; Found BE
Value at index 65 differs. Expected CN; Found EP
Value at index 66 differs. Expected CO; Found FR
Value at index 67 differs. Expected CP; Found CY
Value at index 68 differs. Expected CQ; Found DG
Value at index 69 differs. Expected CR; Found FG
Value at index 70 differs. Expected CS; Found FF
Value at index 71 differs. Expected CT; Found CW
Value at index 73 differs. Expected CV; Found FB
Value at index 74 differs. Expected CW; Found EN
Value at index 76 differs. Expected CY; Found FK
Value at index 77 differs. Expected CZ; Found BQ
Value at index 78 differs. Expected DA; Found AD
Value at index 80 differs. Expected DC; Found CK
Value at index 81 differs. Expected DD; Found CI
Value at index 82 differs. Expected DE; Found CM
Value at index 83 differs. Expected DF; Found EV
Value at index 84 differs. Expected DG; Found AJ
Value at index 85 differs. Expected DH; Found BK
Value at index 87 differs. Expected DJ; Found BA
Value at index 90 differs. Expected DM; Found DD
Value at index 93 differs. Expected DP; Found CS
Value at index 94 differs. Expected DQ; Found FI
Value at index 95 differs. Expected DR; Found BZ
Value at index 98 differs. Expected DU; Found CH
Value at index 99 differs. Expected DV; Found BP
Value at index 101 differs. Expected DX; Found CT
Value at index 102 differs. Expected DY; Found BR
Value at index 103 differs. Expected DZ; Found DU
Value at index 105 differs. Expected EB; Found BH
Value at index 106 differs. Expected EC; Found AT
Value at index 107 differs. Expected ED; Found DC
Value at index 109 differs. Expected EF; Found EL
Value at index 111 differs. Expected EH; Found AS
Value at index 112 differs. Expected EI; Found CD
Value at index 115 differs. Expected EL; Found BB
Value at index 116 differs. Expected EM; Found BO
Value at index 117 differs. Expected EN; Found EF
Value at index 119 differs. Expected EP; Found CN
Value at index 121 differs. Expected ER; Found CL
Value at index 123 differs. Expected ET; Found EB
Value at index 124 differs. Expected EU; Found DP
Value at index 125 differs. Expected EV; Found BI
Value at index 128 differs. Expected EY; Found DQ
Value at index 131 differs. Expected FB; Found CV
Value at index 132 differs. Expected FC; Found FN
Value at index 134 differs. Expected FE; Found CJ
Value at index 135 differs. Expected FF; Found EU
Value at index 136 differs. Expected FG; Found DF
Value at index 137 differs. Expected FH; Found FC
Value at index 138 differs. Expected FI; Found EY
Value at index 139 differs. Expected FJ; Found DX
Value at index 140 differs. Expected FK; Found CP
Value at index 143 differs. Expected FN; Found DH
Value at index 145 differs. Expected FP; Found CF
Value at index 147 differs. Expected FR; Found DE
Value at index 148 differs. Expected FS; Found CC

