Invalid read count. Expected: 152; Found: 68
Invalid write count. Expected: 44; Found: 32
Value at index 0 differs. Expected A; Found J
Value at index 1 differs. Expected B; Found G
Value at index 6 differs. Expected G; Found B
Value at index 7 differs. Expected H; Found A
Value at index 8 differs. Expected I; Found H
Value at index 9 differs. Expected J; Found I

Invalid read count. Expected: 25 542; Found: 1 186
Invalid write count. Expected: 8 854; Found: 590
Value at index 0 differs. Expected AA; Found FT
Value at index 1 differs. Expected AB; Found CA
Value at index 3 differs. Expected AD; Found BE
Value at index 4 differs. Expected AE; Found AI
Value at index 5 differs. Expected AF; Found DC
Value at index 6 differs. Expected AG; Found AU
Value at index 8 differs. Expected AI; Found CP
Value at index 9 differs. Expected AJ; Found BV
Value at index 11 differs. Expected AL; Found CD
Value at index 12 differs. Expected AM; Found DQ
Value at index 16 differs. Expected AQ; Found FB
Value at index 20 differs. Expected AU; Found CW
Value at index 21 differs. Expected AV; Found FH
Value at index 22 differs. Expected AW; Found CS
Value at index 23 differs. Expected AX; Found BP
Value at index 24 differs. Expected AY; Found AG
Value at index 27 differs. Expected BB; Found EQ
Value at index 28 differs. Expected BC; Found CN
Value at index 29 differs. Expected BD; Found EV
Value at index 30 differs. Expected BE; Found DN
Value at index 34 differs. Expected BI; Found EH
Value at index 35 differs. Expected BJ; Found BU
Value at index 36 differs. Expected BK; Found DT
Value at index 37 differs. Expected BL; Found BN
Value at index 38 differs. Expected BM; Found FL
Value at index 39 differs. Expected BN; Found BL
Value at index 40 differs. Expected BO; Found EX
Value at index 41 differs. Expected BP; Found BB
Value at index 42 differs. Expected BQ; Found DH
Value at index 43 differs. Expected BR; Found CR
Value at index 44 differs. Expected BS; Found EU
Value at index 45 differs. Expected BT; Found DK
Value at index 46 differs. Expected BU; Found BJ
Value at index 47 differs. Expected BV; Found AJ
Value at index 49 differs. Expected BX; Found BO
Value at index 50 differs. Expected BY; Found CK
Value at index 51 differs. Expected BZ; Found AV
Value at index 52 differs. Expected CA; Found AB
Value at index 54 differs. Expected CC; Found FQ
Value at index 55 differs. Expected CD; Found CL
Value at index 56 differs. Expected CE; Found FI
Value at index 57 differs. Expected CF; Found FJ
Value at index 58 differs. Expected CG; Found FF
Value at index 60 differs. Expected CI; Found BK
Value at index 61 differs. Expected CJ; Found CT
Value at index 62 differs. Expected CK; Found BY
Value at index 63 differs. Expected CL; Found CE
Value at index 64 differs. Expected CM; Found EZ
Value at index 65 differs. Expected CN; Found BC
Value at index 66 differs. Expected CO; Found EB
Value at index 67 differs. Expected CP; Found BX
Value at index 68 differs. Expected CQ; Found FO
Value at index 69 differs. Expected CR; Found BR
Value at index 70 differs. Expected CS; Found AW
Value at index 71 differs. Expected CT; Found EY
Value at index 74 differs. Expected CW; Found AY
Value at index 75 differs. Expected CX; Found DG
Value at index 78 differs. Expected DA; Found DF
Value at index 80 differs. Expected DC; Found DU
Value at index 81 differs. Expected DD; Found DR
Value at index 82 differs. Expected DE; Found EW
Value at index 83 differs. Expected DF; Found DA
Value at index 84 differs. Expected DG; Found CX
Value at index 85 differs. Expected DH; Found CI
Value at index 86 differs. Expected DI; Found FN
Value at index 88 differs. Expected DK; Found DD
Value at index 89 differs. Expected DL; Found FM
Value at index 90 differs. Expected DM; Found CF
Value at index 91 differs. Expected DN; Found AD
Value at index 94 differs. Expected DQ; Found FG
Value at index 95 differs. Expected DR; Found EN
Value at index 97 differs. Expected DT; Found EC
Value at index 98 differs. Expected DU; Found AF
Value at index 100 differs. Expected DW; Found DY
Value at index 102 differs. Expected DY; Found EM
Value at index 103 differs. Expected DZ; Found FS
Value at index 105 differs. Expected EB; Found ES
Value at index 106 differs. Expected EC; Found BQ
Value at index 108 differs. Expected EE; Found BT
Value at index 111 differs. Expected EH; Found AE
Value at index 112 differs. Expected EI; Found FE
Value at index 116 differs. Expected EM; Found DW
Value at index 117 differs. Expected EN; Found EE
Value at index 119 differs. Expected EP; Found AA
Value at index 120 differs. Expected EQ; Found AX
Value at index 122 differs. Expected ES; Found ET
Value at index 123 differs. Expected ET; Found CO
Value at index 124 differs. Expected EU; Found DL
Value at index 125 differs. Expected EV; Found BS
Value at index 126 differs. Expected EW; Found FP
Value at index 127 differs. Expected EX; Found BI
Value at index 128 differs. Expected EY; Found CJ
Value at index 129 differs. Expected EZ; Found FD
Value at index 131 differs. Expected FB; Found AM
Value at index 133 differs. Expected FD; Found DI
Value at index 134 differs. Expected FE; Found BD
Value at index 135 differs. Expected FF; Found CG
Value at index 136 differs. Expected FG; Found EP
Value at index 137 differs. Expected FH; Found AQ
Value at index 138 differs. Expected FI; Found AL
Value at index 139 differs. Expected FJ; Found CQ
Value at index 141 differs. Expected FL; Found BM
Value at index 142 differs. Expected FM; Found EI
Value at index 143 differs. Expected FN; Found CM
Value at index 144 differs. Expected FO; Found DM
Value at index 145 differs. Expected FP; Found DE
Value at index 146 differs. Expected FQ; Found BZ
Value at index 148 differs. Expected FS; Found DZ
Value at index 149 differs. Expected FT; Found CC

