Invalid read count. Expected: 0; Found: 386
Invalid write count. Expected: 0; Found: 26
Value at index 0 differs. Expected C; Found A
Value at index 1 differs. Expected H; Found B
Value at index 2 differs. Expected B; Found C
Value at index 7 differs. Expected A; Found H

Invalid read count. Expected: 0; Found: 97 816
Invalid write count. Expected: 0; Found: 8 416
Value at index 0 differs. Expected AZ; Found AA
Value at index 1 differs. Expected CZ; Found AB
Value at index 2 differs. Expected CR; Found AC
Value at index 3 differs. Expected EA; Found AD
Value at index 4 differs. Expected DZ; Found AE
Value at index 5 differs. Expected DG; Found AF
Value at index 6 differs. Expected EY; Found AG
Value at index 8 differs. Expected FD; Found AI
Value at index 10 differs. Expected AS; Found AK
Value at index 12 differs. Expected BQ; Found AM
Value at index 13 differs. Expected FI; Found AN
Value at index 14 differs. Expected BC; Found AO
Value at index 15 differs. Expected EN; Found AP
Value at index 17 differs. Expected BL; Found AR
Value at index 18 differs. Expected DN; Found AS
Value at index 20 differs. Expected EX; Found AU
Value at index 23 differs. Expected DC; Found AX
Value at index 24 differs. Expected BV; Found AY
Value at index 25 differs. Expected FB; Found AZ
Value at index 26 differs. Expected CU; Found BA
Value at index 28 differs. Expected DY; Found BC
Value at index 30 differs. Expected ER; Found BE
Value at index 31 differs. Expected BP; Found BF
Value at index 34 differs. Expected DV; Found BI
Value at index 35 differs. Expected DD; Found BJ
Value at index 36 differs. Expected FK; Found BK
Value at index 37 differs. Expected AR; Found BL
Value at index 41 differs. Expected BF; Found BP
Value at index 42 differs. Expected BJ; Found BQ
Value at index 47 differs. Expected AY; Found BV
Value at index 48 differs. Expected BE; Found BW
Value at index 49 differs. Expected EI; Found BX
Value at index 51 differs. Expected CC; Found BZ
Value at index 52 differs. Expected AP; Found CA
Value at index 53 differs. Expected CJ; Found CB
Value at index 54 differs. Expected BZ; Found CC
Value at index 55 differs. Expected EH; Found CD
Value at index 57 differs. Expected DR; Found CF
Value at index 58 differs. Expected FS; Found CG
Value at index 59 differs. Expected CX; Found CH
Value at index 60 differs. Expected AB; Found CI
Value at index 61 differs. Expected AM; Found CJ
Value at index 62 differs. Expected EZ; Found CK
Value at index 63 differs. Expected CI; Found CL
Value at index 64 differs. Expected CG; Found CM
Value at index 65 differs. Expected AX; Found CN
Value at index 67 differs. Expected DS; Found CP
Value at index 68 differs. Expected FP; Found CQ
Value at index 69 differs. Expected AC; Found CR
Value at index 71 differs. Expected CV; Found CT
Value at index 72 differs. Expected BA; Found CU
Value at index 73 differs. Expected EF; Found CV
Value at index 74 differs. Expected EB; Found CW
Value at index 75 differs. Expected CH; Found CX
Value at index 76 differs. Expected AU; Found CY
Value at index 77 differs. Expected CL; Found CZ
Value at index 78 differs. Expected DO; Found DA
Value at index 79 differs. Expected FC; Found DB
Value at index 80 differs. Expected ED; Found DC
Value at index 81 differs. Expected FA; Found DD
Value at index 82 differs. Expected AK; Found DE
Value at index 83 differs. Expected CW; Found DF
Value at index 84 differs. Expected AF; Found DG
Value at index 85 differs. Expected AO; Found DH
Value at index 86 differs. Expected CP; Found DI
Value at index 89 differs. Expected BW; Found DL
Value at index 91 differs. Expected DE; Found DN
Value at index 92 differs. Expected DA; Found DO
Value at index 95 differs. Expected AA; Found DR
Value at index 96 differs. Expected DI; Found DS
Value at index 99 differs. Expected FM; Found DV
Value at index 102 differs. Expected DH; Found DY
Value at index 103 differs. Expected DF; Found DZ
Value at index 104 differs. Expected AD; Found EA
Value at index 105 differs. Expected AE; Found EB
Value at index 106 differs. Expected CT; Found EC
Value at index 107 differs. Expected CQ; Found ED
Value at index 109 differs. Expected EC; Found EF
Value at index 111 differs. Expected FQ; Found EH
Value at index 112 differs. Expected BX; Found EI
Value at index 113 differs. Expected BI; Found EJ
Value at index 114 differs. Expected DB; Found EK
Value at index 117 differs. Expected CA; Found EN
Value at index 121 differs. Expected DL; Found ER
Value at index 123 differs. Expected FJ; Found ET
Value at index 124 differs. Expected CM; Found EU
Value at index 127 differs. Expected CY; Found EX
Value at index 128 differs. Expected AG; Found EY
Value at index 129 differs. Expected BK; Found EZ
Value at index 130 differs. Expected CB; Found FA
Value at index 131 differs. Expected CF; Found FB
Value at index 132 differs. Expected AN; Found FC
Value at index 133 differs. Expected AI; Found FD
Value at index 136 differs. Expected EJ; Found FG
Value at index 138 differs. Expected EK; Found FI
Value at index 139 differs. Expected ET; Found FJ
Value at index 140 differs. Expected CK; Found FK
Value at index 142 differs. Expected FG; Found FM
Value at index 145 differs. Expected CN; Found FP
Value at index 146 differs. Expected CD; Found FQ
Value at index 148 differs. Expected EU; Found FS

