Invalid read count. Expected: 25 098; Found: 2 334
Invalid write count. Expected: 8 410; Found: 1 142
Value at index 3 differs. Expected AD; Found AS
Value at index 6 differs. Expected AG; Found CD
Value at index 8 differs. Expected AI; Found ED
Value at index 9 differs. Expected AJ; Found BE
Value at index 11 differs. Expected AL; Found BO
Value at index 12 differs. Expected AM; Found BS
Value at index 13 differs. Expected AN; Found EB
Value at index 14 differs. Expected AO; Found BJ
Value at index 17 differs. Expected AR; Found DV
Value at index 18 differs. Expected AS; Found DS
Value at index 20 differs. Expected AU; Found EI
Value at index 21 differs. Expected AV; Found BD
Value at index 22 differs. Expected AW; Found BA
Value at index 24 differs. Expected AY; Found BK
Value at index 25 differs. Expected AZ; Found DT
Value at index 26 differs. Expected BA; Found AW
Value at index 27 differs. Expected BB; Found EH
Value at index 29 differs. Expected BD; Found EZ
Value at index 30 differs. Expected BE; Found EK
Value at index 31 differs. Expected BF; Found FH
Value at index 32 differs. Expected BG; Found DJ
Value at index 33 differs. Expected BH; Found ES
Value at index 34 differs. Expected BI; Found DP
Value at index 35 differs. Expected BJ; Found DC
Value at index 36 differs. Expected BK; Found AY
Value at index 37 differs. Expected BL; Found EM
Value at index 38 differs. Expected BM; Found FJ
Value at index 39 differs. Expected BN; Found FA
Value at index 40 differs. Expected BO; Found CY
Value at index 41 differs. Expected BP; Found BF
Value at index 43 differs. Expected BR; Found EU
Value at index 44 differs. Expected BS; Found AR
Value at index 46 differs. Expected BU; Found CF
Value at index 50 differs. Expected BY; Found CL
Value at index 51 differs. Expected BZ; Found AU
Value at index 54 differs. Expected CC; Found AV
Value at index 55 differs. Expected CD; Found CG
Value at index 57 differs. Expected CF; Found ET
Value at index 58 differs. Expected CG; Found FI
Value at index 59 differs. Expected CH; Found BR
Value at index 60 differs. Expected CI; Found DR
Value at index 63 differs. Expected CL; Found BP
Value at index 67 differs. Expected CP; Found AN
Value at index 68 differs. Expected CQ; Found EQ
Value at index 69 differs. Expected CR; Found AJ
Value at index 71 differs. Expected CT; Found AL
Value at index 76 differs. Expected CY; Found BG
Value at index 77 differs. Expected CZ; Found DA
Value at index 78 differs. Expected DA; Found CZ
Value at index 80 differs. Expected DC; Found EN
Value at index 82 differs. Expected DE; Found BB
Value at index 83 differs. Expected DF; Found DL
Value at index 85 differs. Expected DH; Found EC
Value at index 87 differs. Expected DJ; Found EV
Value at index 88 differs. Expected DK; Found DZ
Value at index 89 differs. Expected DL; Found DF
Value at index 90 differs. Expected DM; Found EG
Value at index 93 differs. Expected DP; Found BZ
Value at index 95 differs. Expected DR; Found FE
Value at index 96 differs. Expected DS; Found DE
Value at index 97 differs. Expected DT; Found AZ
Value at index 99 differs. Expected DV; Found AM
Value at index 100 differs. Expected DW; Found BI
Value at index 103 differs. Expected DZ; Found AO
Value at index 105 differs. Expected EB; Found CQ
Value at index 106 differs. Expected EC; Found CR
Value at index 107 differs. Expected ED; Found EJ
Value at index 108 differs. Expected EE; Found BN
Value at index 110 differs. Expected EG; Found CC
Value at index 111 differs. Expected EH; Found AD
Value at index 112 differs. Expected EI; Found AI
Value at index 113 differs. Expected EJ; Found AG
Value at index 114 differs. Expected EK; Found CI
Value at index 116 differs. Expected EM; Found BL
Value at index 117 differs. Expected EN; Found DK
Value at index 119 differs. Expected EP; Found EX
Value at index 120 differs. Expected EQ; Found CP
Value at index 121 differs. Expected ER; Found FM
Value at index 122 differs. Expected ES; Found BH
Value at index 123 differs. Expected ET; Found BU
Value at index 124 differs. Expected EU; Found FL
Value at index 125 differs. Expected EV; Found CT
Value at index 126 differs. Expected EW; Found BY
Value at index 127 differs. Expected EX; Found EP
Value at index 129 differs. Expected EZ; Found FQ
Value at index 130 differs. Expected FA; Found BM
Value at index 134 differs. Expected FE; Found DH
Value at index 137 differs. Expected FH; Found DW
Value at index 138 differs. Expected FI; Found DM
Value at index 139 differs. Expected FJ; Found CH
Value at index 141 differs. Expected FL; Found EE
Value at index 142 differs. Expected FM; Found EW
Value at index 146 differs. Expected FQ; Found ER

