Invalid read count. Expected: 144; Found: 108

Invalid read count. Expected: 26 348; Found: 2 322
Invalid write count. Expected: 9 064; Found: 1 130
Value at index 5 differs. Expected AF; Found AJ
Value at index 6 differs. Expected AG; Found AS
Value at index 7 differs. Expected AH; Found AU
Value at index 8 differs. Expected AI; Found CU
Value at index 9 differs. Expected AJ; Found DC
Value at index 12 differs. Expected AM; Found DJ
Value at index 13 differs. Expected AN; Found DG
Value at index 14 differs. Expected AO; Found DN
Value at index 15 differs. Expected AP; Found CR
Value at index 17 differs. Expected AR; Found BL
Value at index 18 differs. Expected AS; Found AF
Value at index 19 differs. Expected AT; Found ED
Value at index 20 differs. Expected AU; Found FB
Value at index 21 differs. Expected AV; Found FF
Value at index 22 differs. Expected AW; Found BC
Value at index 25 differs. Expected AZ; Found AG
Value at index 26 differs. Expected BA; Found EN
Value at index 27 differs. Expected BB; Found EB
Value at index 28 differs. Expected BC; Found EG
Value at index 29 differs. Expected BD; Found DZ
Value at index 30 differs. Expected BE; Found DY
Value at index 33 differs. Expected BH; Found FK
Value at index 34 differs. Expected BI; Found CI
Value at index 36 differs. Expected BK; Found EY
Value at index 37 differs. Expected BL; Found BA
Value at index 38 differs. Expected BM; Found FD
Value at index 39 differs. Expected BN; Found EO
Value at index 40 differs. Expected BO; Found CG
Value at index 41 differs. Expected BP; Found CQ
Value at index 42 differs. Expected BQ; Found AO
Value at index 43 differs. Expected BR; Found BO
Value at index 44 differs. Expected BS; Found CW
Value at index 47 differs. Expected BV; Found DS
Value at index 48 differs. Expected BW; Found AH
Value at index 54 differs. Expected CC; Found DT
Value at index 58 differs. Expected CG; Found BR
Value at index 60 differs. Expected CI; Found DO
Value at index 61 differs. Expected CJ; Found FG
Value at index 62 differs. Expected CK; Found BK
Value at index 65 differs. Expected CN; Found EE
Value at index 68 differs. Expected CQ; Found BP
Value at index 69 differs. Expected CR; Found BS
Value at index 71 differs. Expected CT; Found DR
Value at index 72 differs. Expected CU; Found AI
Value at index 73 differs. Expected CV; Found DL
Value at index 74 differs. Expected CW; Found AP
Value at index 75 differs. Expected CX; Found AN
Value at index 76 differs. Expected CY; Found FI
Value at index 79 differs. Expected DB; Found EX
Value at index 80 differs. Expected DC; Found DU
Value at index 83 differs. Expected DF; Found FN
Value at index 84 differs. Expected DG; Found DF
Value at index 86 differs. Expected DI; Found EZ
Value at index 87 differs. Expected DJ; Found BD
Value at index 89 differs. Expected DL; Found EP
Value at index 90 differs. Expected DM; Found EK
Value at index 91 differs. Expected DN; Found CJ
Value at index 92 differs. Expected DO; Found EJ
Value at index 95 differs. Expected DR; Found CT
Value at index 96 differs. Expected DS; Found BH
Value at index 97 differs. Expected DT; Found EU
Value at index 98 differs. Expected DU; Found BW
Value at index 100 differs. Expected DW; Found FJ
Value at index 102 differs. Expected DY; Found BE
Value at index 103 differs. Expected DZ; Found FP
Value at index 105 differs. Expected EB; Found FL
Value at index 106 differs. Expected EC; Found FC
Value at index 107 differs. Expected ED; Found AM
Value at index 108 differs. Expected EE; Found DW
Value at index 110 differs. Expected EG; Found AW
Value at index 113 differs. Expected EJ; Found BI
Value at index 114 differs. Expected EK; Found DM
Value at index 117 differs. Expected EN; Found CC
Value at index 118 differs. Expected EO; Found BN
Value at index 119 differs. Expected EP; Found CX
Value at index 120 differs. Expected EQ; Found BB
Value at index 121 differs. Expected ER; Found DB
Value at index 124 differs. Expected EU; Found AR
Value at index 127 differs. Expected EX; Found BQ
Value at index 128 differs. Expected EY; Found CK
Value at index 129 differs. Expected EZ; Found DI
Value at index 131 differs. Expected FB; Found ER
Value at index 132 differs. Expected FC; Found EC
Value at index 133 differs. Expected FD; Found FO
Value at index 135 differs. Expected FF; Found BM
Value at index 136 differs. Expected FG; Found AT
Value at index 138 differs. Expected FI; Found CY
Value at index 139 differs. Expected FJ; Found CN
Value at index 140 differs. Expected FK; Found BV
Value at index 141 differs. Expected FL; Found FR
Value at index 143 differs. Expected FN; Found CV
Value at index 144 differs. Expected FO; Found AV
Value at index 145 differs. Expected FP; Found AZ
Value at index 147 differs. Expected FR; Found EQ

