Invalid read count. Expected: 146; Found: 110

Invalid read count. Expected: 30 398; Found: 2 324
Invalid write count. Expected: 9 538; Found: 1 132
Value at index 2 differs. Expected AC; Found BF
Value at index 3 differs. Expected AD; Found CO
Value at index 4 differs. Expected AE; Found CT
Value at index 5 differs. Expected AF; Found AV
Value at index 7 differs. Expected AH; Found AI
Value at index 8 differs. Expected AI; Found DK
Value at index 9 differs. Expected AJ; Found DB
Value at index 10 differs. Expected AK; Found CY
Value at index 11 differs. Expected AL; Found DX
Value at index 12 differs. Expected AM; Found BC
Value at index 13 differs. Expected AN; Found EG
Value at index 15 differs. Expected AP; Found DH
Value at index 16 differs. Expected AQ; Found EN
Value at index 17 differs. Expected AR; Found AP
Value at index 18 differs. Expected AS; Found DF
Value at index 20 differs. Expected AU; Found ET
Value at index 21 differs. Expected AV; Found DD
Value at index 22 differs. Expected AW; Found FE
Value at index 23 differs. Expected AX; Found DI
Value at index 25 differs. Expected AZ; Found AR
Value at index 28 differs. Expected BC; Found AX
Value at index 29 differs. Expected BD; Found AQ
Value at index 31 differs. Expected BF; Found FG
Value at index 35 differs. Expected BJ; Found BP
Value at index 36 differs. Expected BK; Found CS
Value at index 37 differs. Expected BL; Found CG
Value at index 39 differs. Expected BN; Found DN
Value at index 40 differs. Expected BO; Found EM
Value at index 41 differs. Expected BP; Found CX
Value at index 42 differs. Expected BQ; Found CC
Value at index 43 differs. Expected BR; Found AL
Value at index 46 differs. Expected BU; Found DC
Value at index 48 differs. Expected BW; Found FD
Value at index 50 differs. Expected BY; Found EU
Value at index 52 differs. Expected CA; Found EK
Value at index 53 differs. Expected CB; Found EX
Value at index 54 differs. Expected CC; Found EI
Value at index 55 differs. Expected CD; Found BY
Value at index 56 differs. Expected CE; Found CN
Value at index 57 differs. Expected CF; Found EC
Value at index 58 differs. Expected CG; Found CQ
Value at index 59 differs. Expected CH; Found FN
Value at index 60 differs. Expected CI; Found EO
Value at index 62 differs. Expected CK; Found EZ
Value at index 63 differs. Expected CL; Found CM
Value at index 64 differs. Expected CM; Found BW
Value at index 65 differs. Expected CN; Found CE
Value at index 66 differs. Expected CO; Found AC
Value at index 68 differs. Expected CQ; Found BL
Value at index 70 differs. Expected CS; Found BK
Value at index 71 differs. Expected CT; Found DZ
Value at index 72 differs. Expected CU; Found DL
Value at index 74 differs. Expected CW; Found ED
Value at index 75 differs. Expected CX; Found DW
Value at index 76 differs. Expected CY; Found BQ
Value at index 79 differs. Expected DB; Found AS
Value at index 80 differs. Expected DC; Found BU
Value at index 81 differs. Expected DD; Found AF
Value at index 82 differs. Expected DE; Found EH
Value at index 83 differs. Expected DF; Found AJ
Value at index 85 differs. Expected DH; Found CL
Value at index 86 differs. Expected DI; Found FB
Value at index 87 differs. Expected DJ; Found AD
Value at index 88 differs. Expected DK; Found AE
Value at index 89 differs. Expected DL; Found AZ
Value at index 90 differs. Expected DM; Found CW
Value at index 91 differs. Expected DN; Found FK
Value at index 95 differs. Expected DR; Found EQ
Value at index 97 differs. Expected DT; Found FM
Value at index 99 differs. Expected DV; Found ER
Value at index 100 differs. Expected DW; Found CI
Value at index 101 differs. Expected DX; Found DY
Value at index 102 differs. Expected DY; Found DJ
Value at index 103 differs. Expected DZ; Found AH
Value at index 104 differs. Expected EA; Found CU
Value at index 106 differs. Expected EC; Found DV
Value at index 107 differs. Expected ED; Found FP
Value at index 109 differs. Expected EF; Found AN
Value at index 110 differs. Expected EG; Found FI
Value at index 111 differs. Expected EH; Found DE
Value at index 112 differs. Expected EI; Found FR
Value at index 113 differs. Expected EJ; Found ES
Value at index 114 differs. Expected EK; Found CA
Value at index 115 differs. Expected EL; Found EF
Value at index 116 differs. Expected EM; Found BO
Value at index 117 differs. Expected EN; Found BD
Value at index 118 differs. Expected EO; Found BJ
Value at index 120 differs. Expected EQ; Found DR
Value at index 121 differs. Expected ER; Found FL
Value at index 122 differs. Expected ES; Found EJ
Value at index 123 differs. Expected ET; Found CB
Value at index 124 differs. Expected EU; Found CD
Value at index 127 differs. Expected EX; Found BR
Value at index 129 differs. Expected EZ; Found CK
Value at index 131 differs. Expected FB; Found AM
Value at index 133 differs. Expected FD; Found EA
Value at index 134 differs. Expected FE; Found AU
Value at index 136 differs. Expected FG; Found AK
Value at index 138 differs. Expected FI; Found EL
Value at index 139 differs. Expected FJ; Found BN
Value at index 140 differs. Expected FK; Found FJ
Value at index 141 differs. Expected FL; Found CF
Value at index 142 differs. Expected FM; Found DT
Value at index 143 differs. Expected FN; Found AW
Value at index 145 differs. Expected FP; Found CH
Value at index 147 differs. Expected FR; Found DM

