Invalid read count. Expected: 82; Found: 60
Invalid write count. Expected: 10; Found: 24
Value at index 0 differs. Expected A; Found J
Value at index 3 differs. Expected D; Found A
Value at index 4 differs. Expected E; Found D
Value at index 5 differs. Expected F; Found E
Value at index 6 differs. Expected G; Found F
Value at index 7 differs. Expected H; Found G
Value at index 8 differs. Expected I; Found H
Value at index 9 differs. Expected J; Found I

Invalid read count. Expected: 24 474; Found: 1 176
Invalid write count. Expected: 7 190; Found: 580
Value at index 0 differs. Expected AA; Found FT
Value at index 1 differs. Expected AB; Found AA
Value at index 2 differs. Expected AC; Found AB
Value at index 5 differs. Expected AF; Found BC
Value at index 6 differs. Expected AG; Found DJ
Value at index 7 differs. Expected AH; Found BE
Value at index 8 differs. Expected AI; Found AG
Value at index 9 differs. Expected AJ; Found ET
Value at index 10 differs. Expected AK; Found BL
Value at index 13 differs. Expected AN; Found BN
Value at index 15 differs. Expected AP; Found CR
Value at index 16 differs. Expected AQ; Found FD
Value at index 19 differs. Expected AT; Found DS
Value at index 21 differs. Expected AV; Found BR
Value at index 22 differs. Expected AW; Found EW
Value at index 26 differs. Expected BA; Found AQ
Value at index 27 differs. Expected BB; Found BS
Value at index 28 differs. Expected BC; Found EH
Value at index 30 differs. Expected BE; Found AH
Value at index 31 differs. Expected BF; Found DX
Value at index 32 differs. Expected BG; Found BW
Value at index 33 differs. Expected BH; Found CQ
Value at index 34 differs. Expected BI; Found BQ
Value at index 36 differs. Expected BK; Found BY
Value at index 37 differs. Expected BL; Found AK
Value at index 38 differs. Expected BM; Found AC
Value at index 39 differs. Expected BN; Found DZ
Value at index 41 differs. Expected BP; Found AP
Value at index 42 differs. Expected BQ; Found BI
Value at index 43 differs. Expected BR; Found DT
Value at index 44 differs. Expected BS; Found BB
Value at index 45 differs. Expected BT; Found CJ
Value at index 46 differs. Expected BU; Found DR
Value at index 48 differs. Expected BW; Found CM
Value at index 50 differs. Expected BY; Found CU
Value at index 51 differs. Expected BZ; Found EK
Value at index 52 differs. Expected CA; Found AI
Value at index 53 differs. Expected CB; Found FN
Value at index 54 differs. Expected CC; Found AF
Value at index 55 differs. Expected CD; Found DY
Value at index 57 differs. Expected CF; Found DV
Value at index 58 differs. Expected CG; Found DW
Value at index 61 differs. Expected CJ; Found DB
Value at index 63 differs. Expected CL; Found FF
Value at index 64 differs. Expected CM; Found FH
Value at index 65 differs. Expected CN; Found DG
Value at index 67 differs. Expected CP; Found CY
Value at index 68 differs. Expected CQ; Found BH
Value at index 69 differs. Expected CR; Found BP
Value at index 71 differs. Expected CT; Found EG
Value at index 72 differs. Expected CU; Found DQ
Value at index 74 differs. Expected CW; Found DH
Value at index 75 differs. Expected CX; Found FG
Value at index 76 differs. Expected CY; Found CP
Value at index 78 differs. Expected DA; Found EE
Value at index 79 differs. Expected DB; Found FL
Value at index 80 differs. Expected DC; Found ER
Value at index 81 differs. Expected DD; Found DP
Value at index 82 differs. Expected DE; Found EY
Value at index 84 differs. Expected DG; Found CN
Value at index 85 differs. Expected DH; Found FB
Value at index 86 differs. Expected DI; Found DK
Value at index 87 differs. Expected DJ; Found CC
Value at index 88 differs. Expected DK; Found CX
Value at index 90 differs. Expected DM; Found BA
Value at index 91 differs. Expected DN; Found CA
Value at index 93 differs. Expected DP; Found EF
Value at index 94 differs. Expected DQ; Found ED
Value at index 95 differs. Expected DR; Found BU
Value at index 96 differs. Expected DS; Found AT
Value at index 97 differs. Expected DT; Found CG
Value at index 99 differs. Expected DV; Found CF
Value at index 100 differs. Expected DW; Found AV
Value at index 101 differs. Expected DX; Found BF
Value at index 102 differs. Expected DY; Found CD
Value at index 103 differs. Expected DZ; Found AN
Value at index 105 differs. Expected EB; Found EO
Value at index 107 differs. Expected ED; Found DC
Value at index 108 differs. Expected EE; Found DA
Value at index 109 differs. Expected EF; Found DD
Value at index 110 differs. Expected EG; Found CT
Value at index 111 differs. Expected EH; Found BM
Value at index 114 differs. Expected EK; Found BZ
Value at index 118 differs. Expected EO; Found FE
Value at index 121 differs. Expected ER; Found EB
Value at index 123 differs. Expected ET; Found FA
Value at index 126 differs. Expected EW; Found AW
Value at index 127 differs. Expected EX; Found EZ
Value at index 128 differs. Expected EY; Found DI
Value at index 129 differs. Expected EZ; Found EX
Value at index 130 differs. Expected FA; Found FK
Value at index 131 differs. Expected FB; Found CW
Value at index 132 differs. Expected FC; Found BK
Value at index 133 differs. Expected FD; Found DN
Value at index 134 differs. Expected FE; Found FC
Value at index 135 differs. Expected FF; Found CL
Value at index 136 differs. Expected FG; Found FP
Value at index 137 differs. Expected FH; Found FJ
Value at index 139 differs. Expected FJ; Found BG
Value at index 140 differs. Expected FK; Found FO
Value at index 141 differs. Expected FL; Found CB
Value at index 143 differs. Expected FN; Found DM
Value at index 144 differs. Expected FO; Found AJ
Value at index 145 differs. Expected FP; Found BT
Value at index 148 differs. Expected FS; Found DE
Value at index 149 differs. Expected FT; Found FS

