Invalid read count. Expected: 142; Found: 0
Invalid write count. Expected: 34; Found: 0
Value at index 0 differs. Expected A; Found G
Value at index 1 differs. Expected B; Found A
Value at index 2 differs. Expected C; Found E
Value at index 4 differs. Expected E; Found C
Value at index 5 differs. Expected F; Found I
Value at index 6 differs. Expected G; Found B
Value at index 7 differs. Expected H; Found J
Value at index 8 differs. Expected I; Found F
Value at index 9 differs. Expected J; Found H

Invalid read count. Expected: 26,076; Found: 0
Invalid write count. Expected: 7,600; Found: 0
Value at index 2 differs. Expected AC; Found BX
Value at index 3 differs. Expected AD; Found AM
Value at index 5 differs. Expected AF; Found CU
Value at index 6 differs. Expected AG; Found BT
Value at index 7 differs. Expected AH; Found AT
Value at index 9 differs. Expected AJ; Found DO
Value at index 10 differs. Expected AK; Found AO
Value at index 12 differs. Expected AM; Found BB
Value at index 13 differs. Expected AN; Found ED
Value at index 14 differs. Expected AO; Found EF
Value at index 15 differs. Expected AP; Found AY
Value at index 16 differs. Expected AQ; Found AG
Value at index 17 differs. Expected AR; Found DA
Value at index 19 differs. Expected AT; Found EL
Value at index 21 differs. Expected AV; Found DJ
Value at index 22 differs. Expected AW; Found EO
Value at index 24 differs. Expected AY; Found DI
Value at index 25 differs. Expected AZ; Found DX
Value at index 26 differs. Expected BA; Found BZ
Value at index 27 differs. Expected BB; Found DB
Value at index 28 differs. Expected BC; Found ES
Value at index 30 differs. Expected BE; Found BC
Value at index 31 differs. Expected BF; Found AN
Value at index 33 differs. Expected BH; Found DR
Value at index 35 differs. Expected BJ; Found CM
Value at index 36 differs. Expected BK; Found FM
Value at index 38 differs. Expected BM; Found EQ
Value at index 39 differs. Expected BN; Found AJ
Value at index 42 differs. Expected BQ; Found FF
Value at index 43 differs. Expected BR; Found CK
Value at index 45 differs. Expected BT; Found CV
Value at index 46 differs. Expected BU; Found DL
Value at index 49 differs. Expected BX; Found BE
Value at index 50 differs. Expected BY; Found DW
Value at index 51 differs. Expected BZ; Found BA
Value at index 54 differs. Expected CC; Found EN
Value at index 55 differs. Expected CD; Found DY
Value at index 56 differs. Expected CE; Found CX
Value at index 57 differs. Expected CF; Found CE
Value at index 58 differs. Expected CG; Found DP
Value at index 59 differs. Expected CH; Found FN
Value at index 60 differs. Expected CI; Found DQ
Value at index 61 differs. Expected CJ; Found DK
Value at index 62 differs. Expected CK; Found FG
Value at index 64 differs. Expected CM; Found EC
Value at index 65 differs. Expected CN; Found FB
Value at index 66 differs. Expected CO; Found AF
Value at index 70 differs. Expected CS; Found BJ
Value at index 71 differs. Expected CT; Found FS
Value at index 72 differs. Expected CU; Found CO
Value at index 73 differs. Expected CV; Found AQ
Value at index 75 differs. Expected CX; Found AR
Value at index 77 differs. Expected CZ; Found BR
Value at index 78 differs. Expected DA; Found CF
Value at index 79 differs. Expected DB; Found AD
Value at index 83 differs. Expected DF; Found AV
Value at index 84 differs. Expected DG; Found EH
Value at index 85 differs. Expected DH; Found CT
Value at index 86 differs. Expected DI; Found BM
Value at index 87 differs. Expected DJ; Found CI
Value at index 88 differs. Expected DK; Found CJ
Value at index 89 differs. Expected DL; Found AZ
Value at index 92 differs. Expected DO; Found BF
Value at index 93 differs. Expected DP; Found CG
Value at index 94 differs. Expected DQ; Found AW
Value at index 95 differs. Expected DR; Found EJ
Value at index 99 differs. Expected DV; Found DZ
Value at index 100 differs. Expected DW; Found CC
Value at index 101 differs. Expected DX; Found CN
Value at index 102 differs. Expected DY; Found FI
Value at index 103 differs. Expected DZ; Found DV
Value at index 104 differs. Expected EA; Found DH
Value at index 106 differs. Expected EC; Found CS
Value at index 107 differs. Expected ED; Found DG
Value at index 108 differs. Expected EE; Found EK
Value at index 109 differs. Expected EF; Found ER
Value at index 111 differs. Expected EH; Found BN
Value at index 112 differs. Expected EI; Found CD
Value at index 113 differs. Expected EJ; Found EX
Value at index 114 differs. Expected EK; Found FD
Value at index 115 differs. Expected EL; Found EW
Value at index 117 differs. Expected EN; Found FE
Value at index 118 differs. Expected EO; Found DF
Value at index 120 differs. Expected EQ; Found AP
Value at index 121 differs. Expected ER; Found AK
Value at index 122 differs. Expected ES; Found AC
Value at index 123 differs. Expected ET; Found AH
Value at index 126 differs. Expected EW; Found EE
Value at index 127 differs. Expected EX; Found BH
Value at index 129 differs. Expected EZ; Found BU
Value at index 131 differs. Expected FB; Found BQ
Value at index 133 differs. Expected FD; Found FH
Value at index 134 differs. Expected FE; Found BY
Value at index 135 differs. Expected FF; Found EZ
Value at index 136 differs. Expected FG; Found CZ
Value at index 137 differs. Expected FH; Found FT
Value at index 138 differs. Expected FI; Found EI
Value at index 142 differs. Expected FM; Found BK
Value at index 143 differs. Expected FN; Found CH
Value at index 148 differs. Expected FS; Found EA
Value at index 149 differs. Expected FT; Found ET

