Invalid read count. Expected: 156; Found: 66
Invalid write count. Expected: 48; Found: 30
Value at index 1 differs. Expected B; Found E
Value at index 4 differs. Expected E; Found H
Value at index 5 differs. Expected F; Found B
Value at index 7 differs. Expected H; Found F

Invalid read count. Expected: 27 190; Found: 1 166
Invalid write count. Expected: 9 310; Found: 570
Value at index 2 differs. Expected AC; Found BG
Value at index 3 differs. Expected AD; Found DZ
Value at index 4 differs. Expected AE; Found BF
Value at index 5 differs. Expected AF; Found EC
Value at index 6 differs. Expected AG; Found BC
Value at index 7 differs. Expected AH; Found AP
Value at index 8 differs. Expected AI; Found BZ
Value at index 9 differs. Expected AJ; Found EH
Value at index 11 differs. Expected AL; Found BS
Value at index 12 differs. Expected AM; Found CS
Value at index 14 differs. Expected AO; Found AV
Value at index 15 differs. Expected AP; Found DW
Value at index 16 differs. Expected AQ; Found FG
Value at index 17 differs. Expected AR; Found EU
Value at index 18 differs. Expected AS; Found EZ
Value at index 19 differs. Expected AT; Found CQ
Value at index 20 differs. Expected AU; Found ED
Value at index 21 differs. Expected AV; Found AO
Value at index 23 differs. Expected AX; Found EY
Value at index 25 differs. Expected AZ; Found CR
Value at index 26 differs. Expected BA; Found DB
Value at index 28 differs. Expected BC; Found EE
Value at index 30 differs. Expected BE; Found BY
Value at index 31 differs. Expected BF; Found FI
Value at index 32 differs. Expected BG; Found AC
Value at index 33 differs. Expected BH; Found BL
Value at index 34 differs. Expected BI; Found EN
Value at index 37 differs. Expected BL; Found BH
Value at index 38 differs. Expected BM; Found AH
Value at index 39 differs. Expected BN; Found DU
Value at index 40 differs. Expected BO; Found FL
Value at index 41 differs. Expected BP; Found CU
Value at index 42 differs. Expected BQ; Found CD
Value at index 43 differs. Expected BR; Found FH
Value at index 44 differs. Expected BS; Found AL
Value at index 45 differs. Expected BT; Found DY
Value at index 46 differs. Expected BU; Found BX
Value at index 47 differs. Expected BV; Found AI
Value at index 48 differs. Expected BW; Found EO
Value at index 49 differs. Expected BX; Found BW
Value at index 50 differs. Expected BY; Found BE
Value at index 51 differs. Expected BZ; Found BV
Value at index 53 differs. Expected CB; Found BQ
Value at index 55 differs. Expected CD; Found AX
Value at index 58 differs. Expected CG; Found FF
Value at index 60 differs. Expected CI; Found AQ
Value at index 61 differs. Expected CJ; Found DI
Value at index 62 differs. Expected CK; Found FC
Value at index 63 differs. Expected CL; Found CV
Value at index 64 differs. Expected CM; Found FJ
Value at index 67 differs. Expected CP; Found AD
Value at index 68 differs. Expected CQ; Found FA
Value at index 69 differs. Expected CR; Found DH
Value at index 70 differs. Expected CS; Found AM
Value at index 72 differs. Expected CU; Found DK
Value at index 73 differs. Expected CV; Found CL
Value at index 75 differs. Expected CX; Found AT
Value at index 77 differs. Expected CZ; Found EK
Value at index 78 differs. Expected DA; Found EB
Value at index 79 differs. Expected DB; Found DL
Value at index 80 differs. Expected DC; Found CB
Value at index 81 differs. Expected DD; Found BN
Value at index 85 differs. Expected DH; Found EQ
Value at index 86 differs. Expected DI; Found CJ
Value at index 88 differs. Expected DK; Found BP
Value at index 89 differs. Expected DL; Found BA
Value at index 90 differs. Expected DM; Found FO
Value at index 94 differs. Expected DQ; Found DX
Value at index 95 differs. Expected DR; Found EL
Value at index 96 differs. Expected DS; Found BT
Value at index 97 differs. Expected DT; Found FE
Value at index 98 differs. Expected DU; Found AZ
Value at index 100 differs. Expected DW; Found BM
Value at index 101 differs. Expected DX; Found DQ
Value at index 102 differs. Expected DY; Found DS
Value at index 103 differs. Expected DZ; Found EI
Value at index 105 differs. Expected EB; Found DA
Value at index 106 differs. Expected EC; Found CP
Value at index 107 differs. Expected ED; Found AU
Value at index 108 differs. Expected EE; Found AS
Value at index 111 differs. Expected EH; Found CI
Value at index 112 differs. Expected EI; Found FK
Value at index 113 differs. Expected EJ; Found FP
Value at index 114 differs. Expected EK; Found ES
Value at index 115 differs. Expected EL; Found BR
Value at index 116 differs. Expected EM; Found FB
Value at index 117 differs. Expected EN; Found BU
Value at index 118 differs. Expected EO; Found AG
Value at index 120 differs. Expected EQ; Found AJ
Value at index 122 differs. Expected ES; Found BI
Value at index 123 differs. Expected ET; Found FR
Value at index 124 differs. Expected EU; Found AR
Value at index 127 differs. Expected EX; Found BO
Value at index 128 differs. Expected EY; Found DC
Value at index 129 differs. Expected EZ; Found ET
Value at index 130 differs. Expected FA; Found FN
Value at index 131 differs. Expected FB; Found EM
Value at index 132 differs. Expected FC; Found DD
Value at index 134 differs. Expected FE; Found CK
Value at index 135 differs. Expected FF; Found CG
Value at index 136 differs. Expected FG; Found FS
Value at index 137 differs. Expected FH; Found DR
Value at index 138 differs. Expected FI; Found CM
Value at index 139 differs. Expected FJ; Found DT
Value at index 140 differs. Expected FK; Found AE
Value at index 141 differs. Expected FL; Found AF
Value at index 143 differs. Expected FN; Found CX
Value at index 144 differs. Expected FO; Found DM
Value at index 145 differs. Expected FP; Found EX
Value at index 147 differs. Expected FR; Found CZ
Value at index 148 differs. Expected FS; Found EJ

