Invalid read count. Expected: 190; Found: 66
Invalid write count. Expected: 46; Found: 30
Value at index 2 differs. Expected C; Found G
Value at index 3 differs. Expected D; Found C
Value at index 4 differs. Expected E; Found H
Value at index 5 differs. Expected F; Found E
Value at index 6 differs. Expected G; Found D
Value at index 7 differs. Expected H; Found F

Invalid read count. Expected: 25 996; Found: 1 162
Invalid write count. Expected: 8 116; Found: 566
Value at index 2 differs. Expected AC; Found AX
Value at index 3 differs. Expected AD; Found BJ
Value at index 4 differs. Expected AE; Found CK
Value at index 6 differs. Expected AG; Found BD
Value at index 7 differs. Expected AH; Found DG
Value at index 8 differs. Expected AI; Found DL
Value at index 9 differs. Expected AJ; Found BX
Value at index 10 differs. Expected AK; Found DP
Value at index 11 differs. Expected AL; Found EE
Value at index 12 differs. Expected AM; Found CY
Value at index 13 differs. Expected AN; Found CC
Value at index 14 differs. Expected AO; Found DK
Value at index 15 differs. Expected AP; Found EX
Value at index 18 differs. Expected AS; Found AC
Value at index 19 differs. Expected AT; Found CI
Value at index 21 differs. Expected AV; Found FD
Value at index 23 differs. Expected AX; Found AS
Value at index 24 differs. Expected AY; Found BB
Value at index 25 differs. Expected AZ; Found BF
Value at index 26 differs. Expected BA; Found CG
Value at index 27 differs. Expected BB; Found DC
Value at index 29 differs. Expected BD; Found DU
Value at index 30 differs. Expected BE; Found AZ
Value at index 31 differs. Expected BF; Found AY
Value at index 33 differs. Expected BH; Found DT
Value at index 34 differs. Expected BI; Found EN
Value at index 35 differs. Expected BJ; Found CA
Value at index 36 differs. Expected BK; Found EK
Value at index 37 differs. Expected BL; Found AN
Value at index 41 differs. Expected BP; Found BK
Value at index 42 differs. Expected BQ; Found EW
Value at index 45 differs. Expected BT; Found FE
Value at index 46 differs. Expected BU; Found BT
Value at index 48 differs. Expected BW; Found DY
Value at index 49 differs. Expected BX; Found CO
Value at index 50 differs. Expected BY; Found BI
Value at index 52 differs. Expected CA; Found AD
Value at index 54 differs. Expected CC; Found DH
Value at index 56 differs. Expected CE; Found EY
Value at index 57 differs. Expected CF; Found DB
Value at index 58 differs. Expected CG; Found BA
Value at index 59 differs. Expected CH; Found DI
Value at index 60 differs. Expected CI; Found FM
Value at index 61 differs. Expected CJ; Found AO
Value at index 62 differs. Expected CK; Found AE
Value at index 63 differs. Expected CL; Found DF
Value at index 64 differs. Expected CM; Found FO
Value at index 66 differs. Expected CO; Found DR
Value at index 67 differs. Expected CP; Found ER
Value at index 68 differs. Expected CQ; Found AL
Value at index 71 differs. Expected CT; Found ED
Value at index 72 differs. Expected CU; Found BY
Value at index 73 differs. Expected CV; Found DW
Value at index 75 differs. Expected CX; Found CZ
Value at index 76 differs. Expected CY; Found AM
Value at index 77 differs. Expected CZ; Found AG
Value at index 79 differs. Expected DB; Found CF
Value at index 80 differs. Expected DC; Found BE
Value at index 81 differs. Expected DD; Found AH
Value at index 82 differs. Expected DE; Found DX
Value at index 83 differs. Expected DF; Found CL
Value at index 84 differs. Expected DG; Found ES
Value at index 85 differs. Expected DH; Found BL
Value at index 86 differs. Expected DI; Found CH
Value at index 88 differs. Expected DK; Found EA
Value at index 89 differs. Expected DL; Found FF
Value at index 92 differs. Expected DO; Found CE
Value at index 93 differs. Expected DP; Found EI
Value at index 94 differs. Expected DQ; Found EM
Value at index 95 differs. Expected DR; Found EQ
Value at index 96 differs. Expected DS; Found FC
Value at index 97 differs. Expected DT; Found BH
Value at index 98 differs. Expected DU; Found BW
Value at index 99 differs. Expected DV; Found CU
Value at index 100 differs. Expected DW; Found CV
Value at index 101 differs. Expected DX; Found DE
Value at index 102 differs. Expected DY; Found EB
Value at index 103 differs. Expected DZ; Found FK
Value at index 104 differs. Expected EA; Found AT
Value at index 105 differs. Expected EB; Found FA
Value at index 107 differs. Expected ED; Found AK
Value at index 108 differs. Expected EE; Found DD
Value at index 109 differs. Expected EF; Found AV
Value at index 111 differs. Expected EH; Found AJ
Value at index 112 differs. Expected EI; Found BP
Value at index 114 differs. Expected EK; Found CQ
Value at index 116 differs. Expected EM; Found DQ
Value at index 117 differs. Expected EN; Found EU
Value at index 119 differs. Expected EP; Found CJ
Value at index 120 differs. Expected EQ; Found ET
Value at index 121 differs. Expected ER; Found CP
Value at index 122 differs. Expected ES; Found CX
Value at index 123 differs. Expected ET; Found EF
Value at index 124 differs. Expected EU; Found DV
Value at index 126 differs. Expected EW; Found BQ
Value at index 127 differs. Expected EX; Found CT
Value at index 128 differs. Expected EY; Found AI
Value at index 130 differs. Expected FA; Found FJ
Value at index 132 differs. Expected FC; Found DS
Value at index 133 differs. Expected FD; Found EH
Value at index 134 differs. Expected FE; Found FR
Value at index 135 differs. Expected FF; Found DO
Value at index 136 differs. Expected FG; Found DZ
Value at index 137 differs. Expected FH; Found FP
Value at index 139 differs. Expected FJ; Found FN
Value at index 140 differs. Expected FK; Found FG
Value at index 142 differs. Expected FM; Found FH
Value at index 143 differs. Expected FN; Found AP
Value at index 144 differs. Expected FO; Found CM
Value at index 145 differs. Expected FP; Found BU
Value at index 147 differs. Expected FR; Found EP

