Invalid read count. Expected: 146; Found: 0
Invalid write count. Expected: 38; Found: 0
Value at index 2 differs. Expected C; Found I
Value at index 3 differs. Expected D; Found G
Value at index 6 differs. Expected G; Found J
Value at index 8 differs. Expected I; Found C
Value at index 9 differs. Expected J; Found D

Invalid read count. Expected: 25 958; Found: 0
Invalid write count. Expected: 8 674; Found: 0
Value at index 0 differs. Expected AA; Found CY
Value at index 1 differs. Expected AB; Found DG
Value at index 3 differs. Expected AD; Found FH
Value at index 6 differs. Expected AG; Found CK
Value at index 7 differs. Expected AH; Found FM
Value at index 8 differs. Expected AI; Found BO
Value at index 9 differs. Expected AJ; Found BI
Value at index 12 differs. Expected AM; Found CO
Value at index 13 differs. Expected AN; Found DP
Value at index 15 differs. Expected AP; Found CF
Value at index 16 differs. Expected AQ; Found FG
Value at index 17 differs. Expected AR; Found CR
Value at index 18 differs. Expected AS; Found DR
Value at index 22 differs. Expected AW; Found FO
Value at index 26 differs. Expected BA; Found BJ
Value at index 28 differs. Expected BC; Found DI
Value at index 30 differs. Expected BE; Found DK
Value at index 31 differs. Expected BF; Found DS
Value at index 32 differs. Expected BG; Found ER
Value at index 33 differs. Expected BH; Found DW
Value at index 34 differs. Expected BI; Found EQ
Value at index 35 differs. Expected BJ; Found FP
Value at index 37 differs. Expected BL; Found AM
Value at index 38 differs. Expected BM; Found ES
Value at index 39 differs. Expected BN; Found BR
Value at index 40 differs. Expected BO; Found BC
Value at index 42 differs. Expected BQ; Found DX
Value at index 43 differs. Expected BR; Found BN
Value at index 45 differs. Expected BT; Found BZ
Value at index 46 differs. Expected BU; Found DA
Value at index 49 differs. Expected BX; Found CL
Value at index 50 differs. Expected BY; Found EA
Value at index 51 differs. Expected BZ; Found CZ
Value at index 54 differs. Expected CC; Found EG
Value at index 55 differs. Expected CD; Found DM
Value at index 56 differs. Expected CE; Found BT
Value at index 57 differs. Expected CF; Found BX
Value at index 58 differs. Expected CG; Found FL
Value at index 59 differs. Expected CH; Found DV
Value at index 61 differs. Expected CJ; Found AD
Value at index 62 differs. Expected CK; Found CJ
Value at index 63 differs. Expected CL; Found DQ
Value at index 64 differs. Expected CM; Found BE
Value at index 66 differs. Expected CO; Found BL
Value at index 68 differs. Expected CQ; Found FF
Value at index 69 differs. Expected CR; Found AR
Value at index 71 differs. Expected CT; Found FD
Value at index 76 differs. Expected CY; Found AA
Value at index 77 differs. Expected CZ; Found DC
Value at index 78 differs. Expected DA; Found DF
Value at index 79 differs. Expected DB; Found AP
Value at index 80 differs. Expected DC; Found CE
Value at index 83 differs. Expected DF; Found FR
Value at index 84 differs. Expected DG; Found AB
Value at index 86 differs. Expected DI; Found CG
Value at index 88 differs. Expected DK; Found EX
Value at index 90 differs. Expected DM; Found CD
Value at index 93 differs. Expected DP; Found FN
Value at index 94 differs. Expected DQ; Found DT
Value at index 95 differs. Expected DR; Found AS
Value at index 96 differs. Expected DS; Found BF
Value at index 97 differs. Expected DT; Found FQ
Value at index 98 differs. Expected DU; Found AQ
Value at index 99 differs. Expected DV; Found FJ
Value at index 100 differs. Expected DW; Found BH
Value at index 101 differs. Expected DX; Found FE
Value at index 103 differs. Expected DZ; Found BU
Value at index 104 differs. Expected EA; Found BY
Value at index 107 differs. Expected ED; Found AW
Value at index 109 differs. Expected EF; Found AI
Value at index 110 differs. Expected EG; Found CC
Value at index 114 differs. Expected EK; Found FI
Value at index 117 differs. Expected EN; Found DB
Value at index 120 differs. Expected EQ; Found AJ
Value at index 121 differs. Expected ER; Found BG
Value at index 122 differs. Expected ES; Found FB
Value at index 127 differs. Expected EX; Found CM
Value at index 129 differs. Expected EZ; Found DZ
Value at index 131 differs. Expected FB; Found BM
Value at index 133 differs. Expected FD; Found CT
Value at index 134 differs. Expected FE; Found BQ
Value at index 135 differs. Expected FF; Found CQ
Value at index 136 differs. Expected FG; Found EF
Value at index 137 differs. Expected FH; Found EK
Value at index 138 differs. Expected FI; Found AG
Value at index 139 differs. Expected FJ; Found ED
Value at index 141 differs. Expected FL; Found FT
Value at index 142 differs. Expected FM; Found AH
Value at index 143 differs. Expected FN; Found AN
Value at index 144 differs. Expected FO; Found CH
Value at index 145 differs. Expected FP; Found BA
Value at index 146 differs. Expected FQ; Found EN
Value at index 147 differs. Expected FR; Found EZ
Value at index 149 differs. Expected FT; Found DU

