  In (4,6), the ground is expected to be java.awt.Color[r=0,g=155,b=0], but it is green.
  In (5,5), the ground is expected to be java.awt.Color[r=0,g=155,b=0], but it is green.
  In (5,6), the ground is expected to be green, but it is yellow.
  In (5,7), the ground is expected to be java.awt.Color[r=0,g=155,b=0], but it is green.
  In (6,5), the ground is expected to be green, but it is java.awt.Color[r=0,g=155,b=0].
  In (6,6), the ground is expected to be yellow, but it is green.
  In (6,7), the ground is expected to be green, but it is java.awt.Color[r=0,g=155,b=0].
  In (7,6), the ground is expected to be green, but it is java.awt.Color[r=0,g=155,b=0].
  Something is wrong about buggle 'Van Gogh':
    Its position is (5,5); expected: (1,6).
    The color of its brush is java.awt.Color[r=0,g=255,b=0]; expected: java.awt.Color[r=255,g=255,b=0].

  In (4,6), the ground is expected to be java.awt.Color[r=0,g=155,b=0], but it is green.
  In (5,5), the ground is expected to be java.awt.Color[r=0,g=155,b=0], but it is green.
  In (5,6), the ground is expected to be green, but it is yellow.
  In (5,7), the ground is expected to be java.awt.Color[r=0,g=155,b=0], but it is green.
  In (6,5), the ground is expected to be green, but it is java.awt.Color[r=0,g=155,b=0].
  In (6,6), the ground is expected to be yellow, but it is green.
  In (6,7), the ground is expected to be green, but it is java.awt.Color[r=0,g=155,b=0].
  In (7,6), the ground is expected to be green, but it is java.awt.Color[r=0,g=155,b=0].
  Something is wrong about buggle 'Van Gogh':
    Its position is (5,5); expected: (1,6).
    The color of its brush is java.awt.Color[r=0,g=255,b=0]; expected: java.awt.Color[r=255,g=255,b=0].

