  In (3,3), the ground is expected to be java.awt.Color[r=0,g=155,b=0], but it is orange.
  In (3,4), the ground is expected to be orange, but it is java.awt.Color[r=0,g=155,b=0].
  In (4,2), the ground is expected to be java.awt.Color[r=0,g=155,b=0], but it is orange.
  In (4,3), the ground is expected to be orange, but it is yellow.
  In (4,4), the ground is expected to be yellow, but it is orange.
  In (4,5), the ground is expected to be orange, but it is java.awt.Color[r=0,g=155,b=0].
  In (5,3), the ground is expected to be java.awt.Color[r=0,g=155,b=0], but it is orange.
  In (5,4), the ground is expected to be orange, but it is java.awt.Color[r=0,g=155,b=0].
  Something is wrong about buggle 'Van Gogh':
    Its position is (1,5); expected: (1,6).

  In (3,3), the ground is expected to be java.awt.Color[r=0,g=155,b=0], but it is orange.
  In (3,4), the ground is expected to be orange, but it is java.awt.Color[r=0,g=155,b=0].
  In (4,2), the ground is expected to be java.awt.Color[r=0,g=155,b=0], but it is orange.
  In (4,3), the ground is expected to be orange, but it is yellow.
  In (4,4), the ground is expected to be yellow, but it is orange.
  In (4,5), the ground is expected to be orange, but it is java.awt.Color[r=0,g=155,b=0].
  In (5,3), the ground is expected to be java.awt.Color[r=0,g=155,b=0], but it is orange.
  In (5,4), the ground is expected to be orange, but it is java.awt.Color[r=0,g=155,b=0].
  Something is wrong about buggle 'Van Gogh':
    Its position is (1,5); expected: (1,6).

