  In (0,0), the ground reads '15131731317' (expected: '').
  In (0,2), the ground reads '16161616' (expected: '').
  In (0,3), the ground is expected to be white, but it is red, the ground reads '2' (expected: '').
  In (0,4), the ground reads '331317' (expected: '').
  In (0,5), the ground reads '32' (expected: '').
  In (0,6), the ground reads '42' (expected: '').
  In (1,3), the ground is expected to be white, but it is red.
  In (1,5), the ground is expected to be white, but it is red.
  In (2,0), the ground reads '1410410' (expected: '').
  In (2,2), the ground reads '1317111511' (expected: '').
  In (2,3), the ground is expected to be white, but it is red, the ground reads '1' (expected: '').
  In (2,4), the ground reads '26146' (expected: '').
  In (2,5), the ground reads '41' (expected: '').
  In (2,6), the ground reads '177' (expected: '').
  In (3,0), the ground is expected to be white, but it is red.
  In (3,2), the ground is expected to be white, but it is red.
  In (3,4), the ground is expected to be white, but it is red.
  In (3,6), the ground is expected to be white, but it is red.
  In (4,0), the ground reads '1199' (expected: '').
  In (4,1), the ground reads '5' (expected: '').
  In (4,2), the ground reads '12121212' (expected: '').
  In (4,3), the ground is expected to be white, but it is red.
  In (4,4), the ground reads '7595' (expected: '').
  In (4,6), the ground reads '8888' (expected: '').
  In (5,0), the ground reads '1414' (expected: '').
  In (5,1), the ground is expected to be white, but it is red.
  In (5,2), the ground reads '1515' (expected: '').
  In (5,4), the ground reads '4' (expected: '').
  In (5,5), the ground is expected to be white, but it is red.
  In (5,6), the ground reads '1' (expected: '').
  In (6,0), the ground reads '10' (expected: '').
  In (6,1), the ground reads '6' (expected: '').
  In (6,2), the ground reads '911' (expected: '').
  In (6,3), the ground is expected to be white, but it is red.
  In (6,4), the ground reads '610' (expected: '').
  In (6,6), the ground reads '57' (expected: '').
  Something is wrong about buggle 'Puppy':
    Its position is (0,0); expected: (2,0).

