  In (0,0), the ground reads '5' (expected: '').
  In (0,1), the ground reads '0' (expected: '').
  In (0,2), the ground reads '1' (expected: '').
  In (0,3), the ground reads '2' (expected: '').
  In (0,4), the ground reads '3' (expected: '').
  In (0,5), the ground reads '4' (expected: '').
  Something is wrong about buggle 'Picasso':
    Its position is (0,0); expected: (5,5).

  In (0,0), the ground reads '6' (expected: '').
  In (0,1), the ground reads '0' (expected: '').
  In (0,2), the ground reads '1' (expected: '').
  In (0,3), the ground reads '2' (expected: '').
  In (0,4), the ground reads '3' (expected: '').
  In (0,5), the ground reads '4' (expected: '').
  In (0,6), the ground reads '5' (expected: '').
  Something is wrong about buggle 'Braque':
    Its position is (0,0); expected: (6,6).

  In (0,0), the ground reads '7' (expected: '').
  In (0,1), the ground reads '0' (expected: '').
  In (0,2), the ground reads '1' (expected: '').
  In (0,3), the ground reads '2' (expected: '').
  In (0,4), the ground reads '3' (expected: '').
  In (0,5), the ground reads '4' (expected: '').
  In (0,6), the ground reads '5' (expected: '').
  In (0,7), the ground reads '6' (expected: '').
  Something is wrong about buggle 'Ingres':
    Its position is (0,0); expected: (7,7).

