Invalid read count. Expected: 148; Found: 0
Invalid write count. Expected: 58; Found: 0
Value at index 0 differs. Expected A; Found G
Value at index 1 differs. Expected B; Found I
Value at index 2 differs. Expected C; Found H
Value at index 6 differs. Expected G; Found B
Value at index 7 differs. Expected H; Found A
Value at index 8 differs. Expected I; Found C

Invalid read count. Expected: 31 042; Found: 0
Invalid write count. Expected: 8 692; Found: 0
Value at index 0 differs. Expected AA; Found ES
Value at index 1 differs. Expected AB; Found AO
Value at index 3 differs. Expected AD; Found DC
Value at index 4 differs. Expected AE; Found FF
Value at index 5 differs. Expected AF; Found DQ
Value at index 6 differs. Expected AG; Found CL
Value at index 8 differs. Expected AI; Found FE
Value at index 10 differs. Expected AK; Found BN
Value at index 11 differs. Expected AL; Found BB
Value at index 12 differs. Expected AM; Found BY
Value at index 14 differs. Expected AO; Found AS
Value at index 15 differs. Expected AP; Found CJ
Value at index 16 differs. Expected AQ; Found EX
Value at index 17 differs. Expected AR; Found EW
Value at index 18 differs. Expected AS; Found AE
Value at index 19 differs. Expected AT; Found BP
Value at index 20 differs. Expected AU; Found FK
Value at index 21 differs. Expected AV; Found CX
Value at index 22 differs. Expected AW; Found EN
Value at index 23 differs. Expected AX; Found AW
Value at index 24 differs. Expected AY; Found EB
Value at index 25 differs. Expected AZ; Found CM
Value at index 27 differs. Expected BB; Found BZ
Value at index 28 differs. Expected BC; Found DT
Value at index 30 differs. Expected BE; Found CA
Value at index 32 differs. Expected BG; Found AL
Value at index 33 differs. Expected BH; Found FJ
Value at index 34 differs. Expected BI; Found EM
Value at index 35 differs. Expected BJ; Found BM
Value at index 37 differs. Expected BL; Found AF
Value at index 38 differs. Expected BM; Found BJ
Value at index 39 differs. Expected BN; Found BS
Value at index 40 differs. Expected BO; Found ET
Value at index 41 differs. Expected BP; Found BX
Value at index 44 differs. Expected BS; Found FQ
Value at index 47 differs. Expected BV; Found DV
Value at index 49 differs. Expected BX; Found AT
Value at index 50 differs. Expected BY; Found AX
Value at index 51 differs. Expected BZ; Found BG
Value at index 52 differs. Expected CA; Found BE
Value at index 53 differs. Expected CB; Found AP
Value at index 55 differs. Expected CD; Found FC
Value at index 56 differs. Expected CE; Found EH
Value at index 59 differs. Expected CH; Found DK
Value at index 60 differs. Expected CI; Found DJ
Value at index 61 differs. Expected CJ; Found AB
Value at index 63 differs. Expected CL; Found DE
Value at index 64 differs. Expected CM; Found AZ
Value at index 65 differs. Expected CN; Found FH
Value at index 66 differs. Expected CO; Found CY
Value at index 68 differs. Expected CQ; Found AU
Value at index 69 differs. Expected CR; Found DZ
Value at index 70 differs. Expected CS; Found CN
Value at index 73 differs. Expected CV; Found EV
Value at index 75 differs. Expected CX; Found AV
Value at index 76 differs. Expected CY; Found FG
Value at index 78 differs. Expected DA; Found FN
Value at index 79 differs. Expected DB; Found BC
Value at index 80 differs. Expected DC; Found AD
Value at index 82 differs. Expected DE; Found AG
Value at index 83 differs. Expected DF; Found EK
Value at index 84 differs. Expected DG; Found AI
Value at index 87 differs. Expected DJ; Found CI
Value at index 88 differs. Expected DK; Found FB
Value at index 91 differs. Expected DN; Found EG
Value at index 93 differs. Expected DP; Found FD
Value at index 94 differs. Expected DQ; Found BL
Value at index 97 differs. Expected DT; Found DB
Value at index 98 differs. Expected DU; Found BH
Value at index 99 differs. Expected DV; Found BV
Value at index 100 differs. Expected DW; Found CO
Value at index 101 differs. Expected DX; Found AR
Value at index 102 differs. Expected DY; Found EL
Value at index 103 differs. Expected DZ; Found AQ
Value at index 105 differs. Expected EB; Found AY
Value at index 106 differs. Expected EC; Found EU
Value at index 108 differs. Expected EE; Found EI
Value at index 109 differs. Expected EF; Found EE
Value at index 110 differs. Expected EG; Found DN
Value at index 111 differs. Expected EH; Found CE
Value at index 112 differs. Expected EI; Found DG
Value at index 114 differs. Expected EK; Found EQ
Value at index 115 differs. Expected EL; Found DY
Value at index 116 differs. Expected EM; Found FS
Value at index 117 differs. Expected EN; Found AM
Value at index 119 differs. Expected EP; Found CD
Value at index 120 differs. Expected EQ; Found CS
Value at index 122 differs. Expected ES; Found AA
Value at index 123 differs. Expected ET; Found BO
Value at index 124 differs. Expected EU; Found EC
Value at index 125 differs. Expected EV; Found CV
Value at index 126 differs. Expected EW; Found DX
Value at index 127 differs. Expected EX; Found CH
Value at index 131 differs. Expected FB; Found FL
Value at index 132 differs. Expected FC; Found EP
Value at index 133 differs. Expected FD; Found DP
Value at index 134 differs. Expected FE; Found FT
Value at index 135 differs. Expected FF; Found CB
Value at index 136 differs. Expected FG; Found DW
Value at index 137 differs. Expected FH; Found EF
Value at index 139 differs. Expected FJ; Found DU
Value at index 140 differs. Expected FK; Found CQ
Value at index 141 differs. Expected FL; Found CR
Value at index 143 differs. Expected FN; Found DA
Value at index 146 differs. Expected FQ; Found AK
Value at index 148 differs. Expected FS; Found BI
Value at index 149 differs. Expected FT; Found DF

