Invalid read count. Expected: 148; Found: 128
Invalid write count. Expected: 58; Found: 38
Value at index 0 differs. Expected A; Found D
Value at index 1 differs. Expected B; Found E
Value at index 2 differs. Expected C; Found B
Value at index 3 differs. Expected D; Found F
Value at index 4 differs. Expected E; Found A
Value at index 5 differs. Expected F; Found G
Value at index 6 differs. Expected G; Found C

Invalid read count. Expected: 31 042; Found: 28 456
Invalid write count. Expected: 8 692; Found: 6 106
Value at index 0 differs. Expected AA; Found AB
Value at index 1 differs. Expected AB; Found AC
Value at index 2 differs. Expected AC; Found AE
Value at index 3 differs. Expected AD; Found AF
Value at index 4 differs. Expected AE; Found AH
Value at index 5 differs. Expected AF; Found AJ
Value at index 6 differs. Expected AG; Found AL
Value at index 7 differs. Expected AH; Found AN
Value at index 8 differs. Expected AI; Found AO
Value at index 9 differs. Expected AJ; Found AP
Value at index 10 differs. Expected AK; Found AD
Value at index 11 differs. Expected AL; Found AS
Value at index 12 differs. Expected AM; Found AT
Value at index 13 differs. Expected AN; Found AU
Value at index 14 differs. Expected AO; Found AG
Value at index 15 differs. Expected AP; Found AV
Value at index 16 differs. Expected AQ; Found AW
Value at index 17 differs. Expected AR; Found AX
Value at index 18 differs. Expected AS; Found AI
Value at index 19 differs. Expected AT; Found AZ
Value at index 20 differs. Expected AU; Found BA
Value at index 21 differs. Expected AV; Found BB
Value at index 22 differs. Expected AW; Found BC
Value at index 23 differs. Expected AX; Found BD
Value at index 24 differs. Expected AY; Found BE
Value at index 25 differs. Expected AZ; Found BF
Value at index 26 differs. Expected BA; Found BG
Value at index 27 differs. Expected BB; Found BJ
Value at index 28 differs. Expected BC; Found BK
Value at index 29 differs. Expected BD; Found BM
Value at index 30 differs. Expected BE; Found BN
Value at index 31 differs. Expected BF; Found BP
Value at index 32 differs. Expected BG; Found BQ
Value at index 33 differs. Expected BH; Found BR
Value at index 34 differs. Expected BI; Found BS
Value at index 35 differs. Expected BJ; Found BT
Value at index 36 differs. Expected BK; Found BU
Value at index 37 differs. Expected BL; Found BW
Value at index 38 differs. Expected BM; Found BL
Value at index 39 differs. Expected BN; Found BX
Value at index 40 differs. Expected BO; Found BY
Value at index 41 differs. Expected BP; Found BZ
Value at index 42 differs. Expected BQ; Found CA
Value at index 43 differs. Expected BR; Found CC
Value at index 44 differs. Expected BS; Found CF
Value at index 45 differs. Expected BT; Found CG
Value at index 46 differs. Expected BU; Found BH
Value at index 47 differs. Expected BV; Found CI
Value at index 48 differs. Expected BW; Found BV
Value at index 49 differs. Expected BX; Found CJ
Value at index 50 differs. Expected BY; Found CK
Value at index 51 differs. Expected BZ; Found CL
Value at index 52 differs. Expected CA; Found AR
Value at index 53 differs. Expected CB; Found CM
Value at index 54 differs. Expected CC; Found CN
Value at index 55 differs. Expected CD; Found CO
Value at index 56 differs. Expected CE; Found AQ
Value at index 57 differs. Expected CF; Found CP
Value at index 58 differs. Expected CG; Found CT
Value at index 59 differs. Expected CH; Found CU
Value at index 60 differs. Expected CI; Found AY
Value at index 61 differs. Expected CJ; Found CW
Value at index 62 differs. Expected CK; Found CX
Value at index 63 differs. Expected CL; Found CY
Value at index 64 differs. Expected CM; Found CZ
Value at index 65 differs. Expected CN; Found DB
Value at index 66 differs. Expected CO; Found DC
Value at index 67 differs. Expected CP; Found DD
Value at index 68 differs. Expected CQ; Found DE
Value at index 69 differs. Expected CR; Found DH
Value at index 70 differs. Expected CS; Found DI
Value at index 71 differs. Expected CT; Found DJ
Value at index 72 differs. Expected CU; Found CE
Value at index 73 differs. Expected CV; Found DK
Value at index 74 differs. Expected CW; Found DG
Value at index 75 differs. Expected CX; Found DL
Value at index 76 differs. Expected CY; Found DM
Value at index 77 differs. Expected CZ; Found DN
Value at index 78 differs. Expected DA; Found DO
Value at index 79 differs. Expected DB; Found DQ
Value at index 80 differs. Expected DC; Found DR
Value at index 81 differs. Expected DD; Found DS
Value at index 82 differs. Expected DE; Found DT
Value at index 83 differs. Expected DF; Found DV
Value at index 84 differs. Expected DG; Found AM
Value at index 85 differs. Expected DH; Found DY
Value at index 86 differs. Expected DI; Found DZ
Value at index 87 differs. Expected DJ; Found EA
Value at index 88 differs. Expected DK; Found CD
Value at index 89 differs. Expected DL; Found EB
Value at index 90 differs. Expected DM; Found CS
Value at index 91 differs. Expected DN; Found ED
Value at index 92 differs. Expected DO; Found EE
Value at index 93 differs. Expected DP; Found EG
Value at index 94 differs. Expected DQ; Found AA
Value at index 95 differs. Expected DR; Found EH
Value at index 96 differs. Expected DS; Found BO
Value at index 97 differs. Expected DT; Found EI
Value at index 98 differs. Expected DU; Found EC
Value at index 99 differs. Expected DV; Found EJ
Value at index 100 differs. Expected DW; Found CV
Value at index 101 differs. Expected DX; Found EK
Value at index 102 differs. Expected DY; Found DX
Value at index 103 differs. Expected DZ; Found EL
Value at index 104 differs. Expected EA; Found CH
Value at index 105 differs. Expected EB; Found EM
Value at index 106 differs. Expected EC; Found EN
Value at index 107 differs. Expected ED; Found EO
Value at index 108 differs. Expected EE; Found EQ
Value at index 109 differs. Expected EF; Found ER
Value at index 110 differs. Expected EG; Found ES
Value at index 111 differs. Expected EH; Found ET
Value at index 112 differs. Expected EI; Found EU
Value at index 113 differs. Expected EJ; Found EV
Value at index 114 differs. Expected EK; Found EP
Value at index 115 differs. Expected EL; Found EW
Value at index 116 differs. Expected EM; Found DP
Value at index 117 differs. Expected EN; Found EX
Value at index 118 differs. Expected EO; Found EY
Value at index 119 differs. Expected EP; Found EZ
Value at index 120 differs. Expected EQ; Found CB
Value at index 121 differs. Expected ER; Found FA
Value at index 122 differs. Expected ES; Found DW
Value at index 123 differs. Expected ET; Found FB
Value at index 124 differs. Expected EU; Found EF
Value at index 125 differs. Expected EV; Found FC
Value at index 126 differs. Expected EW; Found FD
Value at index 127 differs. Expected EX; Found FE
Value at index 128 differs. Expected EY; Found DU
Value at index 129 differs. Expected EZ; Found FF
Value at index 130 differs. Expected FA; Found CQ
Value at index 131 differs. Expected FB; Found FG
Value at index 132 differs. Expected FC; Found CR
Value at index 133 differs. Expected FD; Found FH
Value at index 134 differs. Expected FE; Found FI
Value at index 135 differs. Expected FF; Found FJ
Value at index 136 differs. Expected FG; Found DA
Value at index 137 differs. Expected FH; Found FK
Value at index 138 differs. Expected FI; Found FL
Value at index 139 differs. Expected FJ; Found FM
Value at index 140 differs. Expected FK; Found FN
Value at index 141 differs. Expected FL; Found FO
Value at index 142 differs. Expected FM; Found AK
Value at index 143 differs. Expected FN; Found FP
Value at index 144 differs. Expected FO; Found FQ
Value at index 145 differs. Expected FP; Found FR
Value at index 146 differs. Expected FQ; Found BI
Value at index 147 differs. Expected FR; Found FS
Value at index 148 differs. Expected FS; Found DF

