Invalid read count. Expected: 116; Found: 0
Invalid write count. Expected: 26; Found: 0
Value at index 2 differs. Expected C; Found G
Value at index 4 differs. Expected E; Found I
Value at index 5 differs. Expected F; Found E
Value at index 6 differs. Expected G; Found H
Value at index 7 differs. Expected H; Found F
Value at index 8 differs. Expected I; Found C

Invalid read count. Expected: 30 966; Found: 0
Invalid write count. Expected: 8 616; Found: 0
Value at index 0 differs. Expected AA; Found EL
Value at index 1 differs. Expected AB; Found BA
Value at index 2 differs. Expected AC; Found CA
Value at index 4 differs. Expected AE; Found EB
Value at index 6 differs. Expected AG; Found BM
Value at index 8 differs. Expected AI; Found DK
Value at index 11 differs. Expected AL; Found AV
Value at index 12 differs. Expected AM; Found FR
Value at index 13 differs. Expected AN; Found BC
Value at index 15 differs. Expected AP; Found BU
Value at index 16 differs. Expected AQ; Found BY
Value at index 18 differs. Expected AS; Found DI
Value at index 19 differs. Expected AT; Found DY
Value at index 20 differs. Expected AU; Found ES
Value at index 21 differs. Expected AV; Found DF
Value at index 23 differs. Expected AX; Found EM
Value at index 24 differs. Expected AY; Found DL
Value at index 26 differs. Expected BA; Found ER
Value at index 28 differs. Expected BC; Found FE
Value at index 30 differs. Expected BE; Found ED
Value at index 31 differs. Expected BF; Found BI
Value at index 32 differs. Expected BG; Found FQ
Value at index 34 differs. Expected BI; Found FO
Value at index 35 differs. Expected BJ; Found BO
Value at index 38 differs. Expected BM; Found BR
Value at index 39 differs. Expected BN; Found EP
Value at index 40 differs. Expected BO; Found BJ
Value at index 42 differs. Expected BQ; Found AA
Value at index 43 differs. Expected BR; Found DQ
Value at index 45 differs. Expected BT; Found AN
Value at index 46 differs. Expected BU; Found AP
Value at index 47 differs. Expected BV; Found EW
Value at index 50 differs. Expected BY; Found BE
Value at index 51 differs. Expected BZ; Found CI
Value at index 52 differs. Expected CA; Found EI
Value at index 53 differs. Expected CB; Found DJ
Value at index 54 differs. Expected CC; Found AU
Value at index 55 differs. Expected CD; Found CN
Value at index 56 differs. Expected CE; Found DO
Value at index 57 differs. Expected CF; Found BT
Value at index 59 differs. Expected CH; Found CQ
Value at index 60 differs. Expected CI; Found BZ
Value at index 61 differs. Expected CJ; Found DB
Value at index 64 differs. Expected CM; Found AM
Value at index 65 differs. Expected CN; Found CD
Value at index 66 differs. Expected CO; Found EV
Value at index 67 differs. Expected CP; Found DZ
Value at index 68 differs. Expected CQ; Found CH
Value at index 69 differs. Expected CR; Found CT
Value at index 70 differs. Expected CS; Found BV
Value at index 71 differs. Expected CT; Found DT
Value at index 73 differs. Expected CV; Found EA
Value at index 76 differs. Expected CY; Found FF
Value at index 77 differs. Expected CZ; Found DU
Value at index 79 differs. Expected DB; Found FB
Value at index 80 differs. Expected DC; Found FN
Value at index 81 differs. Expected DD; Found DX
Value at index 83 differs. Expected DF; Found CJ
Value at index 85 differs. Expected DH; Found BN
Value at index 86 differs. Expected DI; Found ET
Value at index 87 differs. Expected DJ; Found CB
Value at index 88 differs. Expected DK; Found AI
Value at index 89 differs. Expected DL; Found EZ
Value at index 90 differs. Expected DM; Found EQ
Value at index 91 differs. Expected DN; Found CV
Value at index 92 differs. Expected DO; Found CE
Value at index 94 differs. Expected DQ; Found AS
Value at index 96 differs. Expected DS; Found FG
Value at index 97 differs. Expected DT; Found CR
Value at index 98 differs. Expected DU; Found FD
Value at index 99 differs. Expected DV; Found EC
Value at index 100 differs. Expected DW; Found FA
Value at index 101 differs. Expected DX; Found DD
Value at index 102 differs. Expected DY; Found AT
Value at index 103 differs. Expected DZ; Found CP
Value at index 104 differs. Expected EA; Found DN
Value at index 105 differs. Expected EB; Found AE
Value at index 106 differs. Expected EC; Found DV
Value at index 107 differs. Expected ED; Found AC
Value at index 111 differs. Expected EH; Found FL
Value at index 112 differs. Expected EI; Found CF
Value at index 113 differs. Expected EJ; Found FJ
Value at index 115 differs. Expected EL; Found BQ
Value at index 116 differs. Expected EM; Found AX
Value at index 119 differs. Expected EP; Found DH
Value at index 120 differs. Expected EQ; Found DM
Value at index 121 differs. Expected ER; Found AB
Value at index 122 differs. Expected ES; Found EJ
Value at index 123 differs. Expected ET; Found AG
Value at index 125 differs. Expected EV; Found EY
Value at index 126 differs. Expected EW; Found DW
Value at index 128 differs. Expected EY; Found CO
Value at index 129 differs. Expected EZ; Found AY
Value at index 130 differs. Expected FA; Found CS
Value at index 131 differs. Expected FB; Found CY
Value at index 133 differs. Expected FD; Found CZ
Value at index 134 differs. Expected FE; Found AQ
Value at index 135 differs. Expected FF; Found AL
Value at index 136 differs. Expected FG; Found DS
Value at index 139 differs. Expected FJ; Found BF
Value at index 141 differs. Expected FL; Found EH
Value at index 143 differs. Expected FN; Found DC
Value at index 144 differs. Expected FO; Found CC
Value at index 146 differs. Expected FQ; Found BG
Value at index 147 differs. Expected FR; Found CM

