Invalid read count. Expected: 122; Found: 0
Invalid write count. Expected: 32; Found: 0
Value at index 0 differs. Expected A; Found D
Value at index 2 differs. Expected C; Found G
Value at index 3 differs. Expected D; Found C
Value at index 5 differs. Expected F; Found H
Value at index 6 differs. Expected G; Found J
Value at index 7 differs. Expected H; Found A
Value at index 9 differs. Expected J; Found F

Invalid read count. Expected: 30 218; Found: 0
Invalid write count. Expected: 7 868; Found: 0
Value at index 0 differs. Expected AA; Found DP
Value at index 2 differs. Expected AC; Found ED
Value at index 4 differs. Expected AE; Found AZ
Value at index 5 differs. Expected AF; Found BS
Value at index 6 differs. Expected AG; Found CN
Value at index 7 differs. Expected AH; Found DV
Value at index 9 differs. Expected AJ; Found EM
Value at index 10 differs. Expected AK; Found DH
Value at index 11 differs. Expected AL; Found DK
Value at index 12 differs. Expected AM; Found EB
Value at index 13 differs. Expected AN; Found CL
Value at index 14 differs. Expected AO; Found AT
Value at index 15 differs. Expected AP; Found CC
Value at index 16 differs. Expected AQ; Found DG
Value at index 17 differs. Expected AR; Found BM
Value at index 18 differs. Expected AS; Found DW
Value at index 19 differs. Expected AT; Found AV
Value at index 21 differs. Expected AV; Found DF
Value at index 22 differs. Expected AW; Found EF
Value at index 23 differs. Expected AX; Found EA
Value at index 24 differs. Expected AY; Found BG
Value at index 25 differs. Expected AZ; Found AE
Value at index 27 differs. Expected BB; Found BN
Value at index 30 differs. Expected BE; Found CX
Value at index 31 differs. Expected BF; Found CF
Value at index 32 differs. Expected BG; Found AG
Value at index 33 differs. Expected BH; Found ES
Value at index 35 differs. Expected BJ; Found BW
Value at index 36 differs. Expected BK; Found BL
Value at index 37 differs. Expected BL; Found BK
Value at index 38 differs. Expected BM; Found CJ
Value at index 39 differs. Expected BN; Found FG
Value at index 40 differs. Expected BO; Found EJ
Value at index 43 differs. Expected BR; Found DD
Value at index 44 differs. Expected BS; Found BF
Value at index 45 differs. Expected BT; Found AQ
Value at index 46 differs. Expected BU; Found CY
Value at index 47 differs. Expected BV; Found ER
Value at index 48 differs. Expected BW; Found CV
Value at index 49 differs. Expected BX; Found CM
Value at index 50 differs. Expected BY; Found DS
Value at index 51 differs. Expected BZ; Found BX
Value at index 54 differs. Expected CC; Found AL
Value at index 57 differs. Expected CF; Found EL
Value at index 59 differs. Expected CH; Found BJ
Value at index 61 differs. Expected CJ; Found AR
Value at index 63 differs. Expected CL; Found BB
Value at index 64 differs. Expected CM; Found AP
Value at index 65 differs. Expected CN; Found DN
Value at index 68 differs. Expected CQ; Found DM
Value at index 69 differs. Expected CR; Found DU
Value at index 73 differs. Expected CV; Found BO
Value at index 74 differs. Expected CW; Found BE
Value at index 75 differs. Expected CX; Found EG
Value at index 76 differs. Expected CY; Found ET
Value at index 77 differs. Expected CZ; Found DR
Value at index 78 differs. Expected DA; Found DC
Value at index 79 differs. Expected DB; Found EP
Value at index 80 differs. Expected DC; Found DA
Value at index 81 differs. Expected DD; Found DY
Value at index 82 differs. Expected DE; Found EV
Value at index 83 differs. Expected DF; Found DQ
Value at index 84 differs. Expected DG; Found BT
Value at index 85 differs. Expected DH; Found AK
Value at index 86 differs. Expected DI; Found DT
Value at index 88 differs. Expected DK; Found AF
Value at index 89 differs. Expected DL; Found AY
Value at index 90 differs. Expected DM; Found AN
Value at index 91 differs. Expected DN; Found DL
Value at index 93 differs. Expected DP; Found EN
Value at index 94 differs. Expected DQ; Found AO
Value at index 95 differs. Expected DR; Found CR
Value at index 96 differs. Expected DS; Found EY
Value at index 97 differs. Expected DT; Found DI
Value at index 98 differs. Expected DU; Found CZ
Value at index 99 differs. Expected DV; Found BR
Value at index 100 differs. Expected DW; Found AC
Value at index 101 differs. Expected DX; Found DZ
Value at index 102 differs. Expected DY; Found AA
Value at index 103 differs. Expected DZ; Found DX
Value at index 104 differs. Expected EA; Found AX
Value at index 105 differs. Expected EB; Found FI
Value at index 107 differs. Expected ED; Found AS
Value at index 108 differs. Expected EE; Found FM
Value at index 109 differs. Expected EF; Found AW
Value at index 110 differs. Expected EG; Found AM
Value at index 111 differs. Expected EH; Found DB
Value at index 113 differs. Expected EJ; Found FR
Value at index 115 differs. Expected EL; Found BZ
Value at index 116 differs. Expected EM; Found AJ
Value at index 117 differs. Expected EN; Found AH
Value at index 119 differs. Expected EP; Found EH
Value at index 120 differs. Expected EQ; Found FH
Value at index 121 differs. Expected ER; Found BV
Value at index 122 differs. Expected ES; Found BH
Value at index 123 differs. Expected ET; Found BU
Value at index 125 differs. Expected EV; Found FE
Value at index 126 differs. Expected EW; Found CQ
Value at index 127 differs. Expected EX; Found FN
Value at index 128 differs. Expected EY; Found BY
Value at index 129 differs. Expected EZ; Found FF
Value at index 134 differs. Expected FE; Found DE
Value at index 135 differs. Expected FF; Found FL
Value at index 136 differs. Expected FG; Found EW
Value at index 137 differs. Expected FH; Found EQ
Value at index 138 differs. Expected FI; Found CW
Value at index 141 differs. Expected FL; Found EZ
Value at index 142 differs. Expected FM; Found EE
Value at index 143 differs. Expected FN; Found EX
Value at index 147 differs. Expected FR; Found CH

