Invalid read count. Expected: 132; Found: 0
Invalid write count. Expected: 42; Found: 0
Value at index 0 differs. Expected A; Found D
Value at index 2 differs. Expected C; Found F
Value at index 3 differs. Expected D; Found G
Value at index 4 differs. Expected E; Found J
Value at index 5 differs. Expected F; Found C
Value at index 6 differs. Expected G; Found I
Value at index 8 differs. Expected I; Found A
Value at index 9 differs. Expected J; Found E

Invalid read count. Expected: 31 882; Found: 0
Invalid write count. Expected: 9 532; Found: 0
Value at index 0 differs. Expected AA; Found BF
Value at index 2 differs. Expected AC; Found FC
Value at index 5 differs. Expected AF; Found FF
Value at index 7 differs. Expected AH; Found EZ
Value at index 8 differs. Expected AI; Found DE
Value at index 9 differs. Expected AJ; Found DT
Value at index 10 differs. Expected AK; Found DM
Value at index 11 differs. Expected AL; Found DC
Value at index 12 differs. Expected AM; Found FG
Value at index 13 differs. Expected AN; Found FR
Value at index 15 differs. Expected AP; Found EE
Value at index 16 differs. Expected AQ; Found DJ
Value at index 17 differs. Expected AR; Found BU
Value at index 19 differs. Expected AT; Found AC
Value at index 21 differs. Expected AV; Found DV
Value at index 24 differs. Expected AY; Found CZ
Value at index 26 differs. Expected BA; Found CV
Value at index 31 differs. Expected BF; Found AQ
Value at index 33 differs. Expected BH; Found FN
Value at index 34 differs. Expected BI; Found CK
Value at index 35 differs. Expected BJ; Found EV
Value at index 36 differs. Expected BK; Found FJ
Value at index 37 differs. Expected BL; Found EY
Value at index 38 differs. Expected BM; Found DZ
Value at index 40 differs. Expected BO; Found EU
Value at index 42 differs. Expected BQ; Found CM
Value at index 44 differs. Expected BS; Found EJ
Value at index 46 differs. Expected BU; Found AR
Value at index 47 differs. Expected BV; Found BZ
Value at index 50 differs. Expected BY; Found FA
Value at index 51 differs. Expected BZ; Found BV
Value at index 53 differs. Expected CB; Found AA
Value at index 54 differs. Expected CC; Found BI
Value at index 58 differs. Expected CG; Found DX
Value at index 61 differs. Expected CJ; Found EO
Value at index 62 differs. Expected CK; Found DN
Value at index 64 differs. Expected CM; Found BQ
Value at index 67 differs. Expected CP; Found DH
Value at index 68 differs. Expected CQ; Found FQ
Value at index 69 differs. Expected CR; Found DO
Value at index 71 differs. Expected CT; Found ES
Value at index 73 differs. Expected CV; Found EX
Value at index 74 differs. Expected CW; Found FM
Value at index 75 differs. Expected CX; Found FS
Value at index 76 differs. Expected CY; Found DY
Value at index 77 differs. Expected CZ; Found AY
Value at index 78 differs. Expected DA; Found DP
Value at index 80 differs. Expected DC; Found AL
Value at index 82 differs. Expected DE; Found EF
Value at index 83 differs. Expected DF; Found EL
Value at index 85 differs. Expected DH; Found CP
Value at index 87 differs. Expected DJ; Found CB
Value at index 90 differs. Expected DM; Found AK
Value at index 91 differs. Expected DN; Found BM
Value at index 92 differs. Expected DO; Found EH
Value at index 93 differs. Expected DP; Found DA
Value at index 95 differs. Expected DR; Found BS
Value at index 96 differs. Expected DS; Found EA
Value at index 97 differs. Expected DT; Found AJ
Value at index 98 differs. Expected DU; Found FP
Value at index 99 differs. Expected DV; Found CC
Value at index 100 differs. Expected DW; Found FO
Value at index 101 differs. Expected DX; Found CG
Value at index 102 differs. Expected DY; Found CY
Value at index 103 differs. Expected DZ; Found AV
Value at index 104 differs. Expected EA; Found EN
Value at index 108 differs. Expected EE; Found EG
Value at index 109 differs. Expected EF; Found AI
Value at index 110 differs. Expected EG; Found AP
Value at index 111 differs. Expected EH; Found EP
Value at index 112 differs. Expected EI; Found BK
Value at index 113 differs. Expected EJ; Found AF
Value at index 114 differs. Expected EK; Found FD
Value at index 115 differs. Expected EL; Found DF
Value at index 116 differs. Expected EM; Found FB
Value at index 117 differs. Expected EN; Found EQ
Value at index 118 differs. Expected EO; Found CJ
Value at index 119 differs. Expected EP; Found CR
Value at index 120 differs. Expected EQ; Found DS
Value at index 122 differs. Expected ES; Found CT
Value at index 124 differs. Expected EU; Found BO
Value at index 125 differs. Expected EV; Found BJ
Value at index 127 differs. Expected EX; Found BA
Value at index 128 differs. Expected EY; Found BL
Value at index 129 differs. Expected EZ; Found AH
Value at index 130 differs. Expected FA; Found BY
Value at index 131 differs. Expected FB; Found EM
Value at index 132 differs. Expected FC; Found AT
Value at index 133 differs. Expected FD; Found EK
Value at index 135 differs. Expected FF; Found DR
Value at index 136 differs. Expected FG; Found AM
Value at index 139 differs. Expected FJ; Found EI
Value at index 142 differs. Expected FM; Found CW
Value at index 143 differs. Expected FN; Found BH
Value at index 144 differs. Expected FO; Found DW
Value at index 145 differs. Expected FP; Found DU
Value at index 146 differs. Expected FQ; Found CQ
Value at index 147 differs. Expected FR; Found AN
Value at index 148 differs. Expected FS; Found CX

