Invalid read count. Expected: 104; Found: 0
Invalid write count. Expected: 14; Found: 0
Value at index 0 differs. Expected A; Found D
Value at index 3 differs. Expected D; Found A
Value at index 5 differs. Expected F; Found H
Value at index 6 differs. Expected G; Found F
Value at index 7 differs. Expected H; Found G

Invalid read count. Expected: 30 534; Found: 0
Invalid write count. Expected: 8 184; Found: 0
Value at index 0 differs. Expected AA; Found FJ
Value at index 1 differs. Expected AB; Found FC
Value at index 2 differs. Expected AC; Found DN
Value at index 3 differs. Expected AD; Found CV
Value at index 7 differs. Expected AH; Found CO
Value at index 9 differs. Expected AJ; Found BP
Value at index 10 differs. Expected AK; Found EI
Value at index 13 differs. Expected AN; Found EA
Value at index 14 differs. Expected AO; Found FA
Value at index 15 differs. Expected AP; Found FE
Value at index 19 differs. Expected AT; Found CZ
Value at index 20 differs. Expected AU; Found AV
Value at index 21 differs. Expected AV; Found BM
Value at index 23 differs. Expected AX; Found EL
Value at index 24 differs. Expected AY; Found FS
Value at index 29 differs. Expected BD; Found BK
Value at index 33 differs. Expected BH; Found CW
Value at index 35 differs. Expected BJ; Found AB
Value at index 36 differs. Expected BK; Found DJ
Value at index 37 differs. Expected BL; Found CA
Value at index 38 differs. Expected BM; Found DC
Value at index 41 differs. Expected BP; Found AJ
Value at index 42 differs. Expected BQ; Found CU
Value at index 43 differs. Expected BR; Found EB
Value at index 44 differs. Expected BS; Found CF
Value at index 46 differs. Expected BU; Found FQ
Value at index 49 differs. Expected BX; Found BY
Value at index 50 differs. Expected BY; Found BX
Value at index 52 differs. Expected CA; Found FI
Value at index 54 differs. Expected CC; Found CY
Value at index 56 differs. Expected CE; Found ES
Value at index 57 differs. Expected CF; Found BS
Value at index 58 differs. Expected CG; Found EV
Value at index 60 differs. Expected CI; Found FR
Value at index 61 differs. Expected CJ; Found DR
Value at index 62 differs. Expected CK; Found DS
Value at index 64 differs. Expected CM; Found ER
Value at index 66 differs. Expected CO; Found ET
Value at index 67 differs. Expected CP; Found CR
Value at index 68 differs. Expected CQ; Found DA
Value at index 69 differs. Expected CR; Found DH
Value at index 72 differs. Expected CU; Found BQ
Value at index 73 differs. Expected CV; Found AD
Value at index 74 differs. Expected CW; Found AC
Value at index 76 differs. Expected CY; Found DL
Value at index 77 differs. Expected CZ; Found AT
Value at index 78 differs. Expected DA; Found CP
Value at index 79 differs. Expected DB; Found EJ
Value at index 80 differs. Expected DC; Found AU
Value at index 85 differs. Expected DH; Found ED
Value at index 87 differs. Expected DJ; Found EN
Value at index 88 differs. Expected DK; Found CM
Value at index 89 differs. Expected DL; Found CC
Value at index 90 differs. Expected DM; Found FL
Value at index 91 differs. Expected DN; Found BH
Value at index 93 differs. Expected DP; Found DW
Value at index 94 differs. Expected DQ; Found AN
Value at index 95 differs. Expected DR; Found CJ
Value at index 96 differs. Expected DS; Found DM
Value at index 98 differs. Expected DU; Found FM
Value at index 100 differs. Expected DW; Found DP
Value at index 102 differs. Expected DY; Found EH
Value at index 104 differs. Expected EA; Found CK
Value at index 105 differs. Expected EB; Found BR
Value at index 107 differs. Expected ED; Found CQ
Value at index 109 differs. Expected EF; Found EM
Value at index 111 differs. Expected EH; Found DY
Value at index 112 differs. Expected EI; Found AK
Value at index 113 differs. Expected EJ; Found DB
Value at index 115 differs. Expected EL; Found AX
Value at index 116 differs. Expected EM; Found EF
Value at index 117 differs. Expected EN; Found AA
Value at index 121 differs. Expected ER; Found FH
Value at index 122 differs. Expected ES; Found AP
Value at index 123 differs. Expected ET; Found AH
Value at index 125 differs. Expected EV; Found EZ
Value at index 126 differs. Expected EW; Found EX
Value at index 127 differs. Expected EX; Found EW
Value at index 128 differs. Expected EY; Found CI
Value at index 129 differs. Expected EZ; Found CG
Value at index 130 differs. Expected FA; Found AO
Value at index 132 differs. Expected FC; Found BJ
Value at index 134 differs. Expected FE; Found DK
Value at index 137 differs. Expected FH; Found CE
Value at index 138 differs. Expected FI; Found BL
Value at index 139 differs. Expected FJ; Found FO
Value at index 141 differs. Expected FL; Found EY
Value at index 142 differs. Expected FM; Found DU
Value at index 144 differs. Expected FO; Found BD
Value at index 146 differs. Expected FQ; Found BU
Value at index 147 differs. Expected FR; Found DQ
Value at index 148 differs. Expected FS; Found AY

