Invalid read count. Expected: 130; Found: 120
Invalid write count. Expected: 40; Found: 30
Value at index 2 differs. Expected C; Found E
Value at index 3 differs. Expected D; Found F
Value at index 4 differs. Expected E; Found C
Value at index 5 differs. Expected F; Found G
Value at index 6 differs. Expected G; Found D

Invalid read count. Expected: 31 530; Found: 114
Invalid write count. Expected: 9 180; Found: 24
Value at index 0 differs. Expected AA; Found AB
Value at index 1 differs. Expected AB; Found AD
Value at index 2 differs. Expected AC; Found AN
Value at index 3 differs. Expected AD; Found BL
Value at index 4 differs. Expected AE; Found AH
Value at index 5 differs. Expected AF; Found CV
Value at index 6 differs. Expected AG; Found DD
Value at index 7 differs. Expected AH; Found DU
Value at index 8 differs. Expected AI; Found DL
Value at index 9 differs. Expected AJ; Found FI
Value at index 10 differs. Expected AK; Found BS
Value at index 11 differs. Expected AL; Found CM
Value at index 13 differs. Expected AN; Found AC
Value at index 16 differs. Expected AQ; Found EF
Value at index 17 differs. Expected AR; Found EM
Value at index 18 differs. Expected AS; Found FM
Value at index 20 differs. Expected AU; Found BU
Value at index 21 differs. Expected AV; Found FS
Value at index 22 differs. Expected AW; Found EB
Value at index 24 differs. Expected AY; Found EO
Value at index 26 differs. Expected BA; Found DE
Value at index 27 differs. Expected BB; Found BK
Value at index 28 differs. Expected BC; Found AW
Value at index 29 differs. Expected BD; Found EC
Value at index 30 differs. Expected BE; Found DF
Value at index 31 differs. Expected BF; Found DZ
Value at index 36 differs. Expected BK; Found BB
Value at index 37 differs. Expected BL; Found DH
Value at index 38 differs. Expected BM; Found FT
Value at index 39 differs. Expected BN; Found AL
Value at index 40 differs. Expected BO; Found EU
Value at index 41 differs. Expected BP; Found CR
Value at index 42 differs. Expected BQ; Found BW
Value at index 43 differs. Expected BR; Found CL
Value at index 44 differs. Expected BS; Found FC
Value at index 45 differs. Expected BT; Found EN
Value at index 46 differs. Expected BU; Found DW
Value at index 48 differs. Expected BW; Found BD
Value at index 49 differs. Expected BX; Found BO
Value at index 50 differs. Expected BY; Found BF
Value at index 51 differs. Expected BZ; Found CW
Value at index 53 differs. Expected CB; Found CY
Value at index 54 differs. Expected CC; Found CH
Value at index 56 differs. Expected CE; Found EQ
Value at index 57 differs. Expected CF; Found CX
Value at index 59 differs. Expected CH; Found DX
Value at index 63 differs. Expected CL; Found FE
Value at index 64 differs. Expected CM; Found EE
Value at index 66 differs. Expected CO; Found EJ
Value at index 67 differs. Expected CP; Found DI
Value at index 69 differs. Expected CR; Found BP
Value at index 70 differs. Expected CS; Found FG
Value at index 73 differs. Expected CV; Found AF
Value at index 74 differs. Expected CW; Found EP
Value at index 75 differs. Expected CX; Found CF
Value at index 76 differs. Expected CY; Found CB
Value at index 77 differs. Expected CZ; Found BX
Value at index 79 differs. Expected DB; Found BM
Value at index 81 differs. Expected DD; Found DQ
Value at index 82 differs. Expected DE; Found BA
Value at index 83 differs. Expected DF; Found DP
Value at index 85 differs. Expected DH; Found BQ
Value at index 86 differs. Expected DI; Found CP
Value at index 87 differs. Expected DJ; Found BZ
Value at index 89 differs. Expected DL; Found AJ
Value at index 92 differs. Expected DO; Found EK
Value at index 93 differs. Expected DP; Found BC
Value at index 94 differs. Expected DQ; Found DV
Value at index 95 differs. Expected DR; Found FN
Value at index 96 differs. Expected DS; Found ER
Value at index 97 differs. Expected DT; Found FL
Value at index 98 differs. Expected DU; Found AG
Value at index 99 differs. Expected DV; Found FQ
Value at index 100 differs. Expected DW; Found AU
Value at index 101 differs. Expected DX; Found CC
Value at index 102 differs. Expected DY; Found ED
Value at index 103 differs. Expected DZ; Found DT
Value at index 104 differs. Expected EA; Found EI
Value at index 105 differs. Expected EB; Found BE
Value at index 106 differs. Expected EC; Found DJ
Value at index 107 differs. Expected ED; Found FD
Value at index 108 differs. Expected EE; Found DY
Value at index 109 differs. Expected EF; Found AQ
Value at index 110 differs. Expected EG; Found AY
Value at index 111 differs. Expected EH; Found FK
Value at index 112 differs. Expected EI; Found EA
Value at index 113 differs. Expected EJ; Found AI
Value at index 114 differs. Expected EK; Found CS
Value at index 115 differs. Expected EL; Found FR
Value at index 116 differs. Expected EM; Found AR
Value at index 117 differs. Expected EN; Found EV
Value at index 118 differs. Expected EO; Found BR
Value at index 119 differs. Expected EP; Found AE
Value at index 120 differs. Expected EQ; Found CE
Value at index 121 differs. Expected ER; Found FJ
Value at index 124 differs. Expected EU; Found CZ
Value at index 125 differs. Expected EV; Found BT
Value at index 126 differs. Expected EW; Found DO
Value at index 132 differs. Expected FC; Found FF
Value at index 133 differs. Expected FD; Found DS
Value at index 134 differs. Expected FE; Found EG
Value at index 135 differs. Expected FF; Found AK
Value at index 136 differs. Expected FG; Found EW
Value at index 138 differs. Expected FI; Found AA
Value at index 139 differs. Expected FJ; Found BN
Value at index 140 differs. Expected FK; Found EH
Value at index 141 differs. Expected FL; Found BY
Value at index 142 differs. Expected FM; Found AS
Value at index 143 differs. Expected FN; Found DR
Value at index 146 differs. Expected FQ; Found CO
Value at index 147 differs. Expected FR; Found EL
Value at index 148 differs. Expected FS; Found AV
Value at index 149 differs. Expected FT; Found DB

