Invalid read count. Expected: 130; Found: 8
Invalid write count. Expected: 40; Found: 2
Value at index 0 differs. Expected A; Found B
Value at index 1 differs. Expected B; Found E
Value at index 2 differs. Expected C; Found G
Value at index 4 differs. Expected E; Found J
Value at index 6 differs. Expected G; Found A
Value at index 9 differs. Expected J; Found C

Invalid read count. Expected: 31 684; Found: 8
Invalid write count. Expected: 9 334; Found: 2
Value at index 0 differs. Expected AA; Found AS
Value at index 1 differs. Expected AB; Found AI
Value at index 2 differs. Expected AC; Found DV
Value at index 3 differs. Expected AD; Found BH
Value at index 4 differs. Expected AE; Found EL
Value at index 5 differs. Expected AF; Found BG
Value at index 7 differs. Expected AH; Found FJ
Value at index 8 differs. Expected AI; Found DL
Value at index 9 differs. Expected AJ; Found DD
Value at index 10 differs. Expected AK; Found EF
Value at index 11 differs. Expected AL; Found AZ
Value at index 12 differs. Expected AM; Found AN
Value at index 13 differs. Expected AN; Found BK
Value at index 14 differs. Expected AO; Found BI
Value at index 17 differs. Expected AR; Found AW
Value at index 18 differs. Expected AS; Found BU
Value at index 20 differs. Expected AU; Found BT
Value at index 22 differs. Expected AW; Found AE
Value at index 23 differs. Expected AX; Found AK
Value at index 25 differs. Expected AZ; Found CN
Value at index 26 differs. Expected BA; Found DS
Value at index 27 differs. Expected BB; Found CD
Value at index 28 differs. Expected BC; Found BJ
Value at index 29 differs. Expected BD; Found DA
Value at index 30 differs. Expected BE; Found EW
Value at index 32 differs. Expected BG; Found FI
Value at index 33 differs. Expected BH; Found DN
Value at index 34 differs. Expected BI; Found DH
Value at index 35 differs. Expected BJ; Found EX
Value at index 36 differs. Expected BK; Found AM
Value at index 37 differs. Expected BL; Found CO
Value at index 39 differs. Expected BN; Found EM
Value at index 40 differs. Expected BO; Found CB
Value at index 41 differs. Expected BP; Found EC
Value at index 43 differs. Expected BR; Found CR
Value at index 45 differs. Expected BT; Found AU
Value at index 46 differs. Expected BU; Found AH
Value at index 47 differs. Expected BV; Found FD
Value at index 51 differs. Expected BZ; Found EV
Value at index 53 differs. Expected CB; Found CF
Value at index 54 differs. Expected CC; Found AC
Value at index 55 differs. Expected CD; Found DC
Value at index 57 differs. Expected CF; Found DP
Value at index 58 differs. Expected CG; Found ES
Value at index 59 differs. Expected CH; Found CC
Value at index 60 differs. Expected CI; Found DX
Value at index 61 differs. Expected CJ; Found EH
Value at index 62 differs. Expected CK; Found FH
Value at index 63 differs. Expected CL; Found FQ
Value at index 65 differs. Expected CN; Found ED
Value at index 66 differs. Expected CO; Found EG
Value at index 68 differs. Expected CQ; Found FL
Value at index 69 differs. Expected CR; Found BR
Value at index 70 differs. Expected CS; Found DY
Value at index 72 differs. Expected CU; Found FT
Value at index 74 differs. Expected CW; Found EP
Value at index 76 differs. Expected CY; Found FM
Value at index 78 differs. Expected DA; Found BD
Value at index 79 differs. Expected DB; Found BO
Value at index 80 differs. Expected DC; Found FE
Value at index 81 differs. Expected DD; Found AJ
Value at index 82 differs. Expected DE; Found DB
Value at index 83 differs. Expected DF; Found DK
Value at index 85 differs. Expected DH; Found AO
Value at index 87 differs. Expected DJ; Found DU
Value at index 88 differs. Expected DK; Found EU
Value at index 89 differs. Expected DL; Found EZ
Value at index 91 differs. Expected DN; Found EN
Value at index 93 differs. Expected DP; Found DE
Value at index 95 differs. Expected DR; Found FK
Value at index 96 differs. Expected DS; Found BA
Value at index 98 differs. Expected DU; Found EQ
Value at index 99 differs. Expected DV; Found FR
Value at index 101 differs. Expected DX; Found ET
Value at index 102 differs. Expected DY; Found FN
Value at index 103 differs. Expected DZ; Found CH
Value at index 106 differs. Expected EC; Found BP
Value at index 107 differs. Expected ED; Found AL
Value at index 109 differs. Expected EF; Found FS
Value at index 110 differs. Expected EG; Found BL
Value at index 111 differs. Expected EH; Found AA
Value at index 113 differs. Expected EJ; Found FB
Value at index 115 differs. Expected EL; Found DR
Value at index 116 differs. Expected EM; Found BV
Value at index 117 differs. Expected EN; Found AD
Value at index 118 differs. Expected EO; Found BE
Value at index 119 differs. Expected EP; Found CW
Value at index 120 differs. Expected EQ; Found DJ
Value at index 122 differs. Expected ES; Found EJ
Value at index 123 differs. Expected ET; Found CI
Value at index 124 differs. Expected EU; Found CS
Value at index 125 differs. Expected EV; Found BZ
Value at index 126 differs. Expected EW; Found EO
Value at index 127 differs. Expected EX; Found BC
Value at index 128 differs. Expected EY; Found FO
Value at index 129 differs. Expected EZ; Found CJ
Value at index 131 differs. Expected FB; Found CG
Value at index 132 differs. Expected FC; Found CQ
Value at index 133 differs. Expected FD; Found BN
Value at index 134 differs. Expected FE; Found CY
Value at index 135 differs. Expected FF; Found AF
Value at index 137 differs. Expected FH; Found CK
Value at index 138 differs. Expected FI; Found FF
Value at index 139 differs. Expected FJ; Found DZ
Value at index 140 differs. Expected FK; Found AR
Value at index 141 differs. Expected FL; Found FC
Value at index 142 differs. Expected FM; Found BB
Value at index 143 differs. Expected FN; Found DF
Value at index 144 differs. Expected FO; Found EY
Value at index 146 differs. Expected FQ; Found CL
Value at index 147 differs. Expected FR; Found AB
Value at index 148 differs. Expected FS; Found AX
Value at index 149 differs. Expected FT; Found CU

