Invalid read count. Expected: 156; Found: 0
Invalid write count. Expected: 66; Found: 0
Value at index 0 differs. Expected A; Found I
Value at index 1 differs. Expected B; Found C
Value at index 2 differs. Expected C; Found H
Value at index 3 differs. Expected D; Found J
Value at index 7 differs. Expected H; Found D
Value at index 8 differs. Expected I; Found A
Value at index 9 differs. Expected J; Found B

Invalid read count. Expected: 31 870; Found: 0
Invalid write count. Expected: 9 520; Found: 0
Value at index 1 differs. Expected AB; Found FF
Value at index 2 differs. Expected AC; Found BD
Value at index 3 differs. Expected AD; Found AJ
Value at index 4 differs. Expected AE; Found BF
Value at index 5 differs. Expected AF; Found CG
Value at index 6 differs. Expected AG; Found AR
Value at index 8 differs. Expected AI; Found CI
Value at index 9 differs. Expected AJ; Found CT
Value at index 10 differs. Expected AK; Found FG
Value at index 11 differs. Expected AL; Found ED
Value at index 12 differs. Expected AM; Found AL
Value at index 13 differs. Expected AN; Found AC
Value at index 14 differs. Expected AO; Found AM
Value at index 15 differs. Expected AP; Found BJ
Value at index 17 differs. Expected AR; Found AS
Value at index 18 differs. Expected AS; Found CN
Value at index 19 differs. Expected AT; Found CJ
Value at index 21 differs. Expected AV; Found EZ
Value at index 23 differs. Expected AX; Found CZ
Value at index 24 differs. Expected AY; Found BX
Value at index 25 differs. Expected AZ; Found FP
Value at index 26 differs. Expected BA; Found EH
Value at index 27 differs. Expected BB; Found DG
Value at index 29 differs. Expected BD; Found CK
Value at index 31 differs. Expected BF; Found DD
Value at index 32 differs. Expected BG; Found FJ
Value at index 33 differs. Expected BH; Found EP
Value at index 34 differs. Expected BI; Found DW
Value at index 35 differs. Expected BJ; Found CB
Value at index 37 differs. Expected BL; Found DR
Value at index 38 differs. Expected BM; Found DU
Value at index 39 differs. Expected BN; Found CU
Value at index 40 differs. Expected BO; Found FS
Value at index 41 differs. Expected BP; Found CL
Value at index 42 differs. Expected BQ; Found EN
Value at index 43 differs. Expected BR; Found FA
Value at index 46 differs. Expected BU; Found AX
Value at index 48 differs. Expected BW; Found FB
Value at index 49 differs. Expected BX; Found AY
Value at index 50 differs. Expected BY; Found CP
Value at index 53 differs. Expected CB; Found ER
Value at index 58 differs. Expected CG; Found AE
Value at index 59 differs. Expected CH; Found AO
Value at index 60 differs. Expected CI; Found BO
Value at index 61 differs. Expected CJ; Found EB
Value at index 62 differs. Expected CK; Found CR
Value at index 63 differs. Expected CL; Found FR
Value at index 64 differs. Expected CM; Found FH
Value at index 65 differs. Expected CN; Found CM
Value at index 67 differs. Expected CP; Found DF
Value at index 69 differs. Expected CR; Found EG
Value at index 70 differs. Expected CS; Found DP
Value at index 71 differs. Expected CT; Found BL
Value at index 72 differs. Expected CU; Found FO
Value at index 73 differs. Expected CV; Found BM
Value at index 74 differs. Expected CW; Found DM
Value at index 76 differs. Expected CY; Found EV
Value at index 77 differs. Expected CZ; Found DT
Value at index 79 differs. Expected DB; Found ES
Value at index 81 differs. Expected DD; Found BG
Value at index 82 differs. Expected DE; Found EX
Value at index 83 differs. Expected DF; Found EK
Value at index 84 differs. Expected DG; Found BN
Value at index 85 differs. Expected DH; Found BI
Value at index 88 differs. Expected DK; Found AG
Value at index 90 differs. Expected DM; Found EW
Value at index 93 differs. Expected DP; Found FD
Value at index 94 differs. Expected DQ; Found AN
Value at index 95 differs. Expected DR; Found FC
Value at index 96 differs. Expected DS; Found BW
Value at index 97 differs. Expected DT; Found BU
Value at index 98 differs. Expected DU; Found FL
Value at index 100 differs. Expected DW; Found EO
Value at index 105 differs. Expected EB; Found AT
Value at index 107 differs. Expected ED; Found CH
Value at index 108 differs. Expected EE; Found DK
Value at index 110 differs. Expected EG; Found EE
Value at index 111 differs. Expected EH; Found BA
Value at index 114 differs. Expected EK; Found BY
Value at index 115 differs. Expected EL; Found FI
Value at index 117 differs. Expected EN; Found CW
Value at index 118 differs. Expected EO; Found FM
Value at index 119 differs. Expected EP; Found BH
Value at index 121 differs. Expected ER; Found AP
Value at index 122 differs. Expected ES; Found DB
Value at index 123 differs. Expected ET; Found BQ
Value at index 125 differs. Expected EV; Found AB
Value at index 126 differs. Expected EW; Found ET
Value at index 127 differs. Expected EX; Found DE
Value at index 129 differs. Expected EZ; Found AV
Value at index 130 differs. Expected FA; Found BP
Value at index 131 differs. Expected FB; Found DS
Value at index 132 differs. Expected FC; Found AD
Value at index 133 differs. Expected FD; Found CS
Value at index 135 differs. Expected FF; Found CY
Value at index 136 differs. Expected FG; Found BB
Value at index 137 differs. Expected FH; Found FN
Value at index 138 differs. Expected FI; Found EL
Value at index 139 differs. Expected FJ; Found AF
Value at index 141 differs. Expected FL; Found CV
Value at index 142 differs. Expected FM; Found DH
Value at index 143 differs. Expected FN; Found AI
Value at index 144 differs. Expected FO; Found AK
Value at index 145 differs. Expected FP; Found AZ
Value at index 147 differs. Expected FR; Found BR
Value at index 148 differs. Expected FS; Found DQ

