Invalid read count. Expected: 120; Found: 118

Invalid read count. Expected: 31 564; Found: 120
Invalid write count. Expected: 9 214; Found: 32
Value at index 0 differs. Expected AA; Found AB
Value at index 1 differs. Expected AB; Found AD
Value at index 2 differs. Expected AC; Found AE
Value at index 3 differs. Expected AD; Found AF
Value at index 4 differs. Expected AE; Found AH
Value at index 5 differs. Expected AF; Found AI
Value at index 6 differs. Expected AG; Found DR
Value at index 7 differs. Expected AH; Found EE
Value at index 8 differs. Expected AI; Found ET
Value at index 9 differs. Expected AJ; Found FB
Value at index 10 differs. Expected AK; Found EY
Value at index 11 differs. Expected AL; Found FP
Value at index 13 differs. Expected AN; Found EW
Value at index 15 differs. Expected AP; Found DW
Value at index 18 differs. Expected AS; Found EN
Value at index 20 differs. Expected AU; Found BJ
Value at index 22 differs. Expected AW; Found ES
Value at index 23 differs. Expected AX; Found BY
Value at index 24 differs. Expected AY; Found BK
Value at index 25 differs. Expected AZ; Found EU
Value at index 26 differs. Expected BA; Found EG
Value at index 27 differs. Expected BB; Found CA
Value at index 28 differs. Expected BC; Found DF
Value at index 29 differs. Expected BD; Found DN
Value at index 30 differs. Expected BE; Found BW
Value at index 33 differs. Expected BH; Found DQ
Value at index 34 differs. Expected BI; Found EJ
Value at index 35 differs. Expected BJ; Found DI
Value at index 36 differs. Expected BK; Found DC
Value at index 37 differs. Expected BL; Found FD
Value at index 39 differs. Expected BN; Found BI
Value at index 40 differs. Expected BO; Found DE
Value at index 41 differs. Expected BP; Found FF
Value at index 42 differs. Expected BQ; Found BU
Value at index 43 differs. Expected BR; Found CX
Value at index 44 differs. Expected BS; Found BV
Value at index 45 differs. Expected BT; Found EH
Value at index 46 differs. Expected BU; Found FI
Value at index 47 differs. Expected BV; Found CK
Value at index 48 differs. Expected BW; Found CV
Value at index 49 differs. Expected BX; Found BZ
Value at index 50 differs. Expected BY; Found AA
Value at index 51 differs. Expected BZ; Found BX
Value at index 52 differs. Expected CA; Found CS
Value at index 53 differs. Expected CB; Found EP
Value at index 56 differs. Expected CE; Found ER
Value at index 57 differs. Expected CF; Found CP
Value at index 58 differs. Expected CG; Found BO
Value at index 60 differs. Expected CI; Found CQ
Value at index 62 differs. Expected CK; Found EB
Value at index 64 differs. Expected CM; Found AG
Value at index 66 differs. Expected CO; Found CF
Value at index 67 differs. Expected CP; Found CO
Value at index 68 differs. Expected CQ; Found CI
Value at index 70 differs. Expected CS; Found DT
Value at index 73 differs. Expected CV; Found BE
Value at index 75 differs. Expected CX; Found DS
Value at index 77 differs. Expected CZ; Found CE
Value at index 80 differs. Expected DC; Found DL
Value at index 82 differs. Expected DE; Found DJ
Value at index 83 differs. Expected DF; Found BD
Value at index 84 differs. Expected DG; Found DH
Value at index 85 differs. Expected DH; Found EV
Value at index 86 differs. Expected DI; Found BA
Value at index 87 differs. Expected DJ; Found CG
Value at index 89 differs. Expected DL; Found AY
Value at index 91 differs. Expected DN; Found EO
Value at index 94 differs. Expected DQ; Found DV
Value at index 95 differs. Expected DR; Found BR
Value at index 96 differs. Expected DS; Found AP
Value at index 97 differs. Expected DT; Found BB
Value at index 98 differs. Expected DU; Found BC
Value at index 99 differs. Expected DV; Found DX
Value at index 100 differs. Expected DW; Found FM
Value at index 101 differs. Expected DX; Found FR
Value at index 102 differs. Expected DY; Found FL
Value at index 105 differs. Expected EB; Found AC
Value at index 106 differs. Expected EC; Found AL
Value at index 108 differs. Expected EE; Found AJ
Value at index 110 differs. Expected EG; Found AU
Value at index 111 differs. Expected EH; Found BT
Value at index 113 differs. Expected EJ; Found BN
Value at index 114 differs. Expected EK; Found BP
Value at index 117 differs. Expected EN; Found AS
Value at index 118 differs. Expected EO; Found FG
Value at index 119 differs. Expected EP; Found CB
Value at index 121 differs. Expected ER; Found CZ
Value at index 122 differs. Expected ES; Found AW
Value at index 123 differs. Expected ET; Found FE
Value at index 124 differs. Expected EU; Found BQ
Value at index 125 differs. Expected EV; Found DG
Value at index 126 differs. Expected EW; Found AN
Value at index 128 differs. Expected EY; Found AK
Value at index 131 differs. Expected FB; Found CM
Value at index 133 differs. Expected FD; Found BL
Value at index 134 differs. Expected FE; Found FQ
Value at index 135 differs. Expected FF; Found EK
Value at index 136 differs. Expected FG; Found DU
Value at index 138 differs. Expected FI; Found AZ
Value at index 140 differs. Expected FK; Found AX
Value at index 141 differs. Expected FL; Found DY
Value at index 142 differs. Expected FM; Found FO
Value at index 144 differs. Expected FO; Found BS
Value at index 145 differs. Expected FP; Found EC
Value at index 146 differs. Expected FQ; Found FS
Value at index 147 differs. Expected FR; Found BH
Value at index 148 differs. Expected FS; Found FK

