Invalid read count. Expected: 116; Found: 110
Invalid write count. Expected: 26; Found: 20
Value at index 0 differs. Expected A; Found B
Value at index 1 differs. Expected B; Found A
Value at index 3 differs. Expected D; Found G
Value at index 4 differs. Expected E; Found D
Value at index 5 differs. Expected F; Found H
Value at index 6 differs. Expected G; Found I
Value at index 7 differs. Expected H; Found E
Value at index 8 differs. Expected I; Found J
Value at index 9 differs. Expected J; Found F

Invalid read count. Expected: 29 622; Found: 22 650
Invalid write count. Expected: 7 272; Found: 300
Value at index 0 differs. Expected AA; Found DC
Value at index 1 differs. Expected AB; Found BM
Value at index 2 differs. Expected AC; Found AA
Value at index 3 differs. Expected AD; Found AC
Value at index 4 differs. Expected AE; Found AD
Value at index 5 differs. Expected AF; Found AE
Value at index 6 differs. Expected AG; Found BA
Value at index 7 differs. Expected AH; Found BB
Value at index 8 differs. Expected AI; Found CX
Value at index 9 differs. Expected AJ; Found AF
Value at index 10 differs. Expected AK; Found BS
Value at index 11 differs. Expected AL; Found AB
Value at index 12 differs. Expected AM; Found AJ
Value at index 13 differs. Expected AN; Found AG
Value at index 14 differs. Expected AO; Found CY
Value at index 15 differs. Expected AP; Found DJ
Value at index 16 differs. Expected AQ; Found AP
Value at index 17 differs. Expected AR; Found AQ
Value at index 18 differs. Expected AS; Found AH
Value at index 19 differs. Expected AT; Found AS
Value at index 20 differs. Expected AU; Found AT
Value at index 21 differs. Expected AV; Found DI
Value at index 22 differs. Expected AW; Found AV
Value at index 23 differs. Expected AX; Found CJ
Value at index 24 differs. Expected AY; Found AU
Value at index 25 differs. Expected AZ; Found BG
Value at index 26 differs. Expected BA; Found FA
Value at index 27 differs. Expected BB; Found DL
Value at index 28 differs. Expected BC; Found BP
Value at index 29 differs. Expected BD; Found CR
Value at index 30 differs. Expected BE; Found AZ
Value at index 31 differs. Expected BF; Found DV
Value at index 32 differs. Expected BG; Found BR
Value at index 33 differs. Expected BH; Found BW
Value at index 34 differs. Expected BI; Found BE
Value at index 35 differs. Expected BJ; Found BI
Value at index 36 differs. Expected BK; Found BJ
Value at index 37 differs. Expected BL; Found FC
Value at index 38 differs. Expected BM; Found BK
Value at index 39 differs. Expected BN; Found AY
Value at index 41 differs. Expected BP; Found DN
Value at index 42 differs. Expected BQ; Found ES
Value at index 43 differs. Expected BR; Found CT
Value at index 44 differs. Expected BS; Found DG
Value at index 45 differs. Expected BT; Found AI
Value at index 46 differs. Expected BU; Found AK
Value at index 47 differs. Expected BV; Found BN
Value at index 48 differs. Expected BW; Found BV
Value at index 49 differs. Expected BX; Found AW
Value at index 50 differs. Expected BY; Found CE
Value at index 51 differs. Expected BZ; Found BC
Value at index 52 differs. Expected CA; Found AR
Value at index 53 differs. Expected CB; Found AX
Value at index 54 differs. Expected CC; Found BZ
Value at index 55 differs. Expected CD; Found CH
Value at index 56 differs. Expected CE; Found CC
Value at index 57 differs. Expected CF; Found CD
Value at index 58 differs. Expected CG; Found FE
Value at index 59 differs. Expected CH; Found FF
Value at index 60 differs. Expected CI; Found CG
Value at index 61 differs. Expected CJ; Found BQ
Value at index 62 differs. Expected CK; Found CI
Value at index 63 differs. Expected CL; Found EU
Value at index 64 differs. Expected CM; Found AL
Value at index 65 differs. Expected CN; Found CL
Value at index 66 differs. Expected CO; Found CN
Value at index 67 differs. Expected CP; Found BF
Value at index 68 differs. Expected CQ; Found CP
Value at index 69 differs. Expected CR; Found CQ
Value at index 70 differs. Expected CS; Found CO
Value at index 71 differs. Expected CT; Found CZ
Value at index 72 differs. Expected CU; Found CS
Value at index 73 differs. Expected CV; Found DB
Value at index 74 differs. Expected CW; Found EM
Value at index 75 differs. Expected CX; Found BT
Value at index 76 differs. Expected CY; Found AN
Value at index 77 differs. Expected CZ; Found DX
Value at index 78 differs. Expected DA; Found CW
Value at index 79 differs. Expected DB; Found DF
Value at index 80 differs. Expected DC; Found EA
Value at index 81 differs. Expected DD; Found DA
Value at index 82 differs. Expected DE; Found DD
Value at index 83 differs. Expected DF; Found CU
Value at index 84 differs. Expected DG; Found BU
Value at index 85 differs. Expected DH; Found DY
Value at index 86 differs. Expected DI; Found ED
Value at index 87 differs. Expected DJ; Found AM
Value at index 88 differs. Expected DK; Found AO
Value at index 89 differs. Expected DL; Found EJ
Value at index 90 differs. Expected DM; Found BD
Value at index 91 differs. Expected DN; Found FN
Value at index 92 differs. Expected DO; Found DM
Value at index 93 differs. Expected DP; Found EF
Value at index 94 differs. Expected DQ; Found EO
Value at index 95 differs. Expected DR; Found DO
Value at index 96 differs. Expected DS; Found DH
Value at index 97 differs. Expected DT; Found DR
Value at index 99 differs. Expected DV; Found CK
Value at index 100 differs. Expected DW; Found FG
Value at index 101 differs. Expected DX; Found ET
Value at index 102 differs. Expected DY; Found BH
Value at index 103 differs. Expected DZ; Found DW
Value at index 104 differs. Expected EA; Found DZ
Value at index 105 differs. Expected EB; Found BL
Value at index 106 differs. Expected EC; Found BY
Value at index 107 differs. Expected ED; Found FJ
Value at index 108 differs. Expected EE; Found EB
Value at index 109 differs. Expected EF; Found EE
Value at index 110 differs. Expected EG; Found CA
Value at index 111 differs. Expected EH; Found EG
Value at index 112 differs. Expected EI; Found EH
Value at index 113 differs. Expected EJ; Found EI
Value at index 114 differs. Expected EK; Found BX
Value at index 115 differs. Expected EL; Found EK
Value at index 116 differs. Expected EM; Found EL
Value at index 117 differs. Expected EN; Found CB
Value at index 118 differs. Expected EO; Found DE
Value at index 119 differs. Expected EP; Found EN
Value at index 120 differs. Expected EQ; Found EP
Value at index 121 differs. Expected ER; Found DP
Value at index 122 differs. Expected ES; Found DS
Value at index 123 differs. Expected ET; Found CF
Value at index 124 differs. Expected EU; Found DQ
Value at index 125 differs. Expected EV; Found CM
Value at index 126 differs. Expected EW; Found EV
Value at index 127 differs. Expected EX; Found EW
Value at index 128 differs. Expected EY; Found FH
Value at index 129 differs. Expected EZ; Found EX
Value at index 130 differs. Expected FA; Found FR
Value at index 131 differs. Expected FB; Found EZ
Value at index 132 differs. Expected FC; Found FB
Value at index 133 differs. Expected FD; Found CV
Value at index 134 differs. Expected FE; Found DK
Value at index 135 differs. Expected FF; Found DT
Value at index 136 differs. Expected FG; Found EQ
Value at index 137 differs. Expected FH; Found EC
Value at index 138 differs. Expected FI; Found ER
Value at index 139 differs. Expected FJ; Found FI
Value at index 140 differs. Expected FK; Found EY
Value at index 141 differs. Expected FL; Found FD
Value at index 142 differs. Expected FM; Found FL
Value at index 143 differs. Expected FN; Found FM
Value at index 144 differs. Expected FO; Found FK
Value at index 145 differs. Expected FP; Found FO
Value at index 146 differs. Expected FQ; Found FP
Value at index 147 differs. Expected FR; Found FT
Value at index 148 differs. Expected FS; Found FQ
Value at index 149 differs. Expected FT; Found FS

