Invalid read count. Expected: 116; Found: 0
Invalid write count. Expected: 26; Found: 0
Value at index 0 differs. Expected A; Found C
Value at index 2 differs. Expected C; Found A
Value at index 3 differs. Expected D; Found J
Value at index 4 differs. Expected E; Found D
Value at index 9 differs. Expected J; Found E

Invalid read count. Expected: 29 822; Found: 0
Invalid write count. Expected: 7 472; Found: 0
Value at index 1 differs. Expected AB; Found AF
Value at index 2 differs. Expected AC; Found BN
Value at index 3 differs. Expected AD; Found CN
Value at index 5 differs. Expected AF; Found EA
Value at index 6 differs. Expected AG; Found ER
Value at index 7 differs. Expected AH; Found AM
Value at index 8 differs. Expected AI; Found CM
Value at index 11 differs. Expected AL; Found FO
Value at index 12 differs. Expected AM; Found DL
Value at index 14 differs. Expected AO; Found CX
Value at index 15 differs. Expected AP; Found AS
Value at index 17 differs. Expected AR; Found EZ
Value at index 18 differs. Expected AS; Found AP
Value at index 19 differs. Expected AT; Found BI
Value at index 20 differs. Expected AU; Found BT
Value at index 21 differs. Expected AV; Found DT
Value at index 22 differs. Expected AW; Found EE
Value at index 26 differs. Expected BA; Found DF
Value at index 28 differs. Expected BC; Found EO
Value at index 29 differs. Expected BD; Found FN
Value at index 31 differs. Expected BF; Found DJ
Value at index 34 differs. Expected BI; Found AT
Value at index 36 differs. Expected BK; Found FB
Value at index 37 differs. Expected BL; Found EW
Value at index 39 differs. Expected BN; Found BL
Value at index 40 differs. Expected BO; Found EH
Value at index 42 differs. Expected BQ; Found FG
Value at index 43 differs. Expected BR; Found BK
Value at index 45 differs. Expected BT; Found CT
Value at index 46 differs. Expected BU; Found AV
Value at index 47 differs. Expected BV; Found BU
Value at index 49 differs. Expected BX; Found FS
Value at index 55 differs. Expected CD; Found BC
Value at index 57 differs. Expected CF; Found EF
Value at index 58 differs. Expected CG; Found DA
Value at index 59 differs. Expected CH; Found FE
Value at index 60 differs. Expected CI; Found AU
Value at index 61 differs. Expected CJ; Found FH
Value at index 62 differs. Expected CK; Found BR
Value at index 64 differs. Expected CM; Found AI
Value at index 65 differs. Expected CN; Found AD
Value at index 70 differs. Expected CS; Found DO
Value at index 71 differs. Expected CT; Found CI
Value at index 75 differs. Expected CX; Found AR
Value at index 76 differs. Expected CY; Found CJ
Value at index 77 differs. Expected CZ; Found CD
Value at index 78 differs. Expected DA; Found CG
Value at index 79 differs. Expected DB; Found CF
Value at index 81 differs. Expected DD; Found EP
Value at index 83 differs. Expected DF; Found DG
Value at index 84 differs. Expected DG; Found DW
Value at index 86 differs. Expected DI; Found DM
Value at index 87 differs. Expected DJ; Found AW
Value at index 88 differs. Expected DK; Found DB
Value at index 89 differs. Expected DL; Found AH
Value at index 90 differs. Expected DM; Found DS
Value at index 92 differs. Expected DO; Found CS
Value at index 94 differs. Expected DQ; Found AG
Value at index 95 differs. Expected DR; Found CZ
Value at index 96 differs. Expected DS; Found EX
Value at index 97 differs. Expected DT; Found BV
Value at index 100 differs. Expected DW; Found ES
Value at index 102 differs. Expected DY; Found DK
Value at index 103 differs. Expected DZ; Found EB
Value at index 104 differs. Expected EA; Found AB
Value at index 105 differs. Expected EB; Found DZ
Value at index 106 differs. Expected EC; Found FL
Value at index 108 differs. Expected EE; Found BF
Value at index 109 differs. Expected EF; Found DY
Value at index 110 differs. Expected EG; Found EN
Value at index 111 differs. Expected EH; Found BO
Value at index 114 differs. Expected EK; Found CH
Value at index 117 differs. Expected EN; Found EG
Value at index 118 differs. Expected EO; Found DR
Value at index 119 differs. Expected EP; Found DD
Value at index 121 differs. Expected ER; Found FI
Value at index 122 differs. Expected ES; Found BA
Value at index 126 differs. Expected EW; Found AC
Value at index 127 differs. Expected EX; Found DI
Value at index 129 differs. Expected EZ; Found AO
Value at index 130 differs. Expected FA; Found CY
Value at index 131 differs. Expected FB; Found CK
Value at index 134 differs. Expected FE; Found EK
Value at index 136 differs. Expected FG; Found BQ
Value at index 137 differs. Expected FH; Found FA
Value at index 138 differs. Expected FI; Found DQ
Value at index 141 differs. Expected FL; Found EC
Value at index 143 differs. Expected FN; Found BD
Value at index 144 differs. Expected FO; Found AL
Value at index 148 differs. Expected FS; Found BX

