Invalid read count. Expected: 124; Found: 0
Invalid write count. Expected: 34; Found: 0
Value at index 0 differs. Expected A; Found D
Value at index 2 differs. Expected C; Found A
Value at index 3 differs. Expected D; Found H
Value at index 5 differs. Expected F; Found J
Value at index 7 differs. Expected H; Found I
Value at index 8 differs. Expected I; Found C
Value at index 9 differs. Expected J; Found F

Invalid read count. Expected: 29 972; Found: 0
Invalid write count. Expected: 7 622; Found: 0
Value at index 1 differs. Expected AB; Found FE
Value at index 2 differs. Expected AC; Found AN
Value at index 5 differs. Expected AF; Found AL
Value at index 6 differs. Expected AG; Found FS
Value at index 7 differs. Expected AH; Found DY
Value at index 8 differs. Expected AI; Found BK
Value at index 9 differs. Expected AJ; Found CI
Value at index 10 differs. Expected AK; Found ET
Value at index 11 differs. Expected AL; Found AS
Value at index 12 differs. Expected AM; Found BV
Value at index 13 differs. Expected AN; Found BX
Value at index 17 differs. Expected AR; Found ED
Value at index 18 differs. Expected AS; Found DS
Value at index 22 differs. Expected AW; Found CD
Value at index 23 differs. Expected AX; Found EJ
Value at index 24 differs. Expected AY; Found BW
Value at index 26 differs. Expected BA; Found BT
Value at index 28 differs. Expected BC; Found CV
Value at index 29 differs. Expected BD; Found DC
Value at index 30 differs. Expected BE; Found DW
Value at index 31 differs. Expected BF; Found CP
Value at index 33 differs. Expected BH; Found FR
Value at index 34 differs. Expected BI; Found AF
Value at index 35 differs. Expected BJ; Found EQ
Value at index 36 differs. Expected BK; Found AI
Value at index 37 differs. Expected BL; Found DT
Value at index 39 differs. Expected BN; Found DL
Value at index 45 differs. Expected BT; Found BA
Value at index 46 differs. Expected BU; Found EI
Value at index 47 differs. Expected BV; Found AM
Value at index 48 differs. Expected BW; Found AY
Value at index 49 differs. Expected BX; Found FO
Value at index 51 differs. Expected BZ; Found BD
Value at index 55 differs. Expected CD; Found FI
Value at index 57 differs. Expected CF; Found CJ
Value at index 60 differs. Expected CI; Found FT
Value at index 61 differs. Expected CJ; Found CF
Value at index 64 differs. Expected CM; Found EF
Value at index 66 differs. Expected CO; Found DV
Value at index 67 differs. Expected CP; Found CS
Value at index 68 differs. Expected CQ; Found EB
Value at index 70 differs. Expected CS; Found BF
Value at index 72 differs. Expected CU; Found AW
Value at index 73 differs. Expected CV; Found EP
Value at index 74 differs. Expected CW; Found DH
Value at index 76 differs. Expected CY; Found DZ
Value at index 77 differs. Expected CZ; Found EY
Value at index 78 differs. Expected DA; Found CY
Value at index 79 differs. Expected DB; Found DE
Value at index 80 differs. Expected DC; Found DF
Value at index 82 differs. Expected DE; Found DB
Value at index 83 differs. Expected DF; Found BZ
Value at index 84 differs. Expected DG; Found BJ
Value at index 85 differs. Expected DH; Found CW
Value at index 88 differs. Expected DK; Found BC
Value at index 89 differs. Expected DL; Found BN
Value at index 91 differs. Expected DN; Found DQ
Value at index 92 differs. Expected DO; Found EA
Value at index 94 differs. Expected DQ; Found DN
Value at index 96 differs. Expected DS; Found BI
Value at index 97 differs. Expected DT; Found BL
Value at index 99 differs. Expected DV; Found CO
Value at index 100 differs. Expected DW; Found BE
Value at index 102 differs. Expected DY; Found AH
Value at index 103 differs. Expected DZ; Found DA
Value at index 104 differs. Expected EA; Found DO
Value at index 105 differs. Expected EB; Found CQ
Value at index 107 differs. Expected ED; Found FJ
Value at index 109 differs. Expected EF; Found FA
Value at index 112 differs. Expected EI; Found AG
Value at index 113 differs. Expected EJ; Found AX
Value at index 116 differs. Expected EM; Found FN
Value at index 117 differs. Expected EN; Found AC
Value at index 119 differs. Expected EP; Found DK
Value at index 120 differs. Expected EQ; Found DG
Value at index 121 differs. Expected ER; Found FK
Value at index 123 differs. Expected ET; Found AK
Value at index 124 differs. Expected EU; Found EM
Value at index 125 differs. Expected EV; Found EX
Value at index 126 differs. Expected EW; Found EN
Value at index 127 differs. Expected EX; Found EV
Value at index 128 differs. Expected EY; Found EU
Value at index 129 differs. Expected EZ; Found AB
Value at index 130 differs. Expected FA; Found EZ
Value at index 134 differs. Expected FE; Found CM
Value at index 137 differs. Expected FH; Found FQ
Value at index 138 differs. Expected FI; Found BU
Value at index 139 differs. Expected FJ; Found AR
Value at index 140 differs. Expected FK; Found ER
Value at index 143 differs. Expected FN; Found CZ
Value at index 144 differs. Expected FO; Found EW
Value at index 146 differs. Expected FQ; Found FH
Value at index 147 differs. Expected FR; Found AJ
Value at index 148 differs. Expected FS; Found CU
Value at index 149 differs. Expected FT; Found BH

