Invalid read count. Expected: 0; Found: 15
Invalid write count. Expected: 0; Found: 6
Value at index 2 differs. Expected C; Found A
Value at index 3 differs. Expected A; Found C
Value at index 7 differs. Expected H; Found B
Value at index 8 differs. Expected B; Found G
Value at index 9 differs. Expected G; Found H

Invalid read count. Expected: 0; Found: 237
Invalid write count. Expected: 0; Found: 88
Value at index 5 differs. Expected BN; Found AA
Value at index 6 differs. Expected AA; Found BN
Value at index 24 differs. Expected ES; Found AD
Value at index 25 differs. Expected AD; Found ES
Value at index 26 differs. Expected CL; Found AE
Value at index 27 differs. Expected AE; Found CL
Value at index 32 differs. Expected BF; Found AM
Value at index 33 differs. Expected AM; Found BF
Value at index 40 differs. Expected EN; Found AT
Value at index 41 differs. Expected AT; Found EN
Value at index 42 differs. Expected DZ; Found AI
Value at index 43 differs. Expected AI; Found DZ
Value at index 45 differs. Expected BT; Found AF
Value at index 46 differs. Expected AF; Found BT
Value at index 47 differs. Expected CR; Found BD
Value at index 48 differs. Expected BD; Found CR
Value at index 52 differs. Expected DD; Found BI
Value at index 53 differs. Expected BI; Found DD
Value at index 62 differs. Expected CK; Found BH
Value at index 63 differs. Expected BH; Found CK
Value at index 68 differs. Expected EA; Found CP
Value at index 69 differs. Expected CP; Found EA
Value at index 73 differs. Expected DP; Found AC
Value at index 74 differs. Expected AC; Found AJ
Value at index 75 differs. Expected AJ; Found DP
Value at index 82 differs. Expected DE; Found CX
Value at index 83 differs. Expected CX; Found DE
Value at index 87 differs. Expected EJ; Found DG
Value at index 88 differs. Expected DG; Found CH
Value at index 89 differs. Expected CH; Found BL
Value at index 90 differs. Expected BL; Found EJ
Value at index 91 differs. Expected DN; Found DF
Value at index 92 differs. Expected DF; Found BC
Value at index 93 differs. Expected BC; Found DN
Value at index 95 differs. Expected DR; Found AS
Value at index 96 differs. Expected AS; Found DR
Value at index 102 differs. Expected DY; Found BQ
Value at index 103 differs. Expected BQ; Found DB
Value at index 104 differs. Expected DB; Found DY
Value at index 105 differs. Expected EB; Found AZ
Value at index 106 differs. Expected AZ; Found DT
Value at index 107 differs. Expected DT; Found EB
Value at index 108 differs. Expected EQ; Found CD
Value at index 109 differs. Expected CD; Found EQ
Value at index 112 differs. Expected EI; Found DX
Value at index 113 differs. Expected DX; Found EI
Value at index 115 differs. Expected EL; Found AP
Value at index 116 differs. Expected AP; Found DJ
Value at index 117 differs. Expected DJ; Found EL
Value at index 118 differs. Expected EO; Found BS
Value at index 119 differs. Expected BS; Found EE
Value at index 120 differs. Expected EE; Found EO
Value at index 121 differs. Expected ER; Found AY
Value at index 122 differs. Expected AY; Found AO
Value at index 123 differs. Expected AO; Found ER
Value at index 124 differs. Expected EU; Found CA
Value at index 125 differs. Expected CA; Found BW
Value at index 126 differs. Expected BW; Found EU
Value at index 127 differs. Expected EX; Found CW
Value at index 128 differs. Expected CW; Found CG
Value at index 129 differs. Expected CG; Found EX
Value at index 130 differs. Expected FA; Found EF
Value at index 131 differs. Expected EF; Found FA
Value at index 134 differs. Expected FE; Found AG
Value at index 135 differs. Expected AG; Found FE
Value at index 136 differs. Expected FG; Found AK
Value at index 137 differs. Expected AK; Found FG
Value at index 139 differs. Expected FQ; Found EC
Value at index 140 differs. Expected EC; Found CY
Value at index 141 differs. Expected CY; Found FQ
Value at index 142 differs. Expected FM; Found DL
Value at index 143 differs. Expected DL; Found FM
Value at index 145 differs. Expected FP; Found FJ
Value at index 146 differs. Expected FJ; Found FP
Value at index 148 differs. Expected FS; Found DV
Value at index 149 differs. Expected DV; Found FS

