Invalid read count. Expected: 0; Found: 23
Invalid write count. Expected: 0; Found: 14
Value at index 2 differs. Expected C; Found A
Value at index 3 differs. Expected A; Found E
Value at index 4 differs. Expected E; Found I
Value at index 5 differs. Expected I; Found F
Value at index 6 differs. Expected F; Found H
Value at index 7 differs. Expected H; Found B
Value at index 8 differs. Expected B; Found G
Value at index 9 differs. Expected G; Found C

Invalid read count. Expected: 0; Found: 445
Invalid write count. Expected: 0; Found: 296
Value at index 1 differs. Expected AB; Found EY
Value at index 2 differs. Expected EY; Found FK
Value at index 3 differs. Expected FK; Found BB
Value at index 4 differs. Expected BB; Found BN
Value at index 5 differs. Expected BN; Found AA
Value at index 6 differs. Expected AA; Found AH
Value at index 7 differs. Expected AH; Found BM
Value at index 8 differs. Expected BM; Found AX
Value at index 9 differs. Expected AX; Found FH
Value at index 10 differs. Expected FH; Found AL
Value at index 11 differs. Expected AL; Found BA
Value at index 12 differs. Expected BA; Found AN
Value at index 13 differs. Expected AN; Found AW
Value at index 14 differs. Expected AW; Found EM
Value at index 15 differs. Expected EM; Found AQ
Value at index 16 differs. Expected AQ; Found AR
Value at index 17 differs. Expected AR; Found BV
Value at index 18 differs. Expected BV; Found BP
Value at index 19 differs. Expected BP; Found AU
Value at index 20 differs. Expected AU; Found AV
Value at index 21 differs. Expected AV; Found BY
Value at index 22 differs. Expected BY; Found BO
Value at index 23 differs. Expected BO; Found ES
Value at index 24 differs. Expected ES; Found AD
Value at index 25 differs. Expected AD; Found CL
Value at index 26 differs. Expected CL; Found AE
Value at index 27 differs. Expected AE; Found CV
Value at index 28 differs. Expected CV; Found EW
Value at index 29 differs. Expected EW; Found BE
Value at index 30 differs. Expected BE; Found BG
Value at index 31 differs. Expected BG; Found BF
Value at index 32 differs. Expected BF; Found AM
Value at index 33 differs. Expected AM; Found CB
Value at index 34 differs. Expected CB; Found BJ
Value at index 35 differs. Expected BJ; Found BK
Value at index 36 differs. Expected BK; Found DM
Value at index 37 differs. Expected DM; Found BR
Value at index 38 differs. Expected BR; Found BU
Value at index 39 differs. Expected BU; Found EN
Value at index 40 differs. Expected EN; Found AT
Value at index 41 differs. Expected AT; Found DZ
Value at index 42 differs. Expected DZ; Found AI
Value at index 43 differs. Expected AI; Found DO
Value at index 44 differs. Expected DO; Found BT
Value at index 45 differs. Expected BT; Found AF
Value at index 46 differs. Expected AF; Found CR
Value at index 47 differs. Expected CR; Found BD
Value at index 48 differs. Expected BD; Found BX
Value at index 49 differs. Expected BX; Found EH
Value at index 50 differs. Expected EH; Found CQ
Value at index 51 differs. Expected CQ; Found DD
Value at index 52 differs. Expected DD; Found BI
Value at index 53 differs. Expected BI; Found CC
Value at index 54 differs. Expected CC; Found FB
Value at index 55 differs. Expected FB; Found CE
Value at index 56 differs. Expected CE; Found CF
Value at index 57 differs. Expected CF; Found EV
Value at index 58 differs. Expected EV; Found FN
Value at index 59 differs. Expected FN; Found CI
Value at index 60 differs. Expected CI; Found CJ
Value at index 61 differs. Expected CJ; Found CK
Value at index 62 differs. Expected CK; Found BH
Value at index 63 differs. Expected BH; Found CM
Value at index 64 differs. Expected CM; Found CN
Value at index 65 differs. Expected CN; Found CO
Value at index 66 differs. Expected CO; Found DS
Value at index 67 differs. Expected DS; Found EA
Value at index 68 differs. Expected EA; Found CP
Value at index 69 differs. Expected CP; Found CS
Value at index 70 differs. Expected CS; Found CT
Value at index 71 differs. Expected CT; Found CU
Value at index 72 differs. Expected CU; Found DP
Value at index 73 differs. Expected DP; Found AC
Value at index 74 differs. Expected AC; Found AJ
Value at index 75 differs. Expected AJ; Found ET
Value at index 76 differs. Expected ET; Found CZ
Value at index 77 differs. Expected CZ; Found DA
Value at index 78 differs. Expected DA; Found DQ
Value at index 79 differs. Expected DQ; Found DC
Value at index 80 differs. Expected DC; Found EP
Value at index 81 differs. Expected EP; Found DE
Value at index 82 differs. Expected DE; Found CX
Value at index 83 differs. Expected CX; Found DK
Value at index 84 differs. Expected DK; Found DH
Value at index 85 differs. Expected DH; Found DI
Value at index 86 differs. Expected DI; Found EJ
Value at index 87 differs. Expected EJ; Found DG
Value at index 88 differs. Expected DG; Found CH
Value at index 89 differs. Expected CH; Found BL
Value at index 90 differs. Expected BL; Found DN
Value at index 91 differs. Expected DN; Found DF
Value at index 92 differs. Expected DF; Found BC
Value at index 93 differs. Expected BC; Found FF
Value at index 94 differs. Expected FF; Found DR
Value at index 95 differs. Expected DR; Found AS
Value at index 96 differs. Expected AS; Found ED
Value at index 97 differs. Expected ED; Found DU
Value at index 98 differs. Expected DU; Found FT
Value at index 99 differs. Expected FT; Found DW
Value at index 100 differs. Expected DW; Found EZ
Value at index 101 differs. Expected EZ; Found DY
Value at index 102 differs. Expected DY; Found BQ
Value at index 103 differs. Expected BQ; Found DB
Value at index 104 differs. Expected DB; Found EB
Value at index 105 differs. Expected EB; Found AZ
Value at index 106 differs. Expected AZ; Found DT
Value at index 107 differs. Expected DT; Found EQ
Value at index 108 differs. Expected EQ; Found CD
Value at index 109 differs. Expected CD; Found EG
Value at index 110 differs. Expected EG; Found FL
Value at index 111 differs. Expected FL; Found EI
Value at index 112 differs. Expected EI; Found DX
Value at index 113 differs. Expected DX; Found EK
Value at index 114 differs. Expected EK; Found EL
Value at index 115 differs. Expected EL; Found AP
Value at index 116 differs. Expected AP; Found DJ
Value at index 117 differs. Expected DJ; Found EO
Value at index 118 differs. Expected EO; Found BS
Value at index 119 differs. Expected BS; Found EE
Value at index 120 differs. Expected EE; Found ER
Value at index 121 differs. Expected ER; Found AY
Value at index 122 differs. Expected AY; Found AO
Value at index 123 differs. Expected AO; Found EU
Value at index 124 differs. Expected EU; Found CA
Value at index 125 differs. Expected CA; Found BW
Value at index 126 differs. Expected BW; Found EX
Value at index 127 differs. Expected EX; Found CW
Value at index 128 differs. Expected CW; Found CG
Value at index 129 differs. Expected CG; Found FA
Value at index 130 differs. Expected FA; Found EF
Value at index 131 differs. Expected EF; Found FC
Value at index 132 differs. Expected FC; Found FD
Value at index 133 differs. Expected FD; Found FE
Value at index 134 differs. Expected FE; Found AG
Value at index 135 differs. Expected AG; Found FG
Value at index 136 differs. Expected FG; Found AK
Value at index 137 differs. Expected AK; Found FI
Value at index 138 differs. Expected FI; Found FQ
Value at index 139 differs. Expected FQ; Found EC
Value at index 140 differs. Expected EC; Found CY
Value at index 141 differs. Expected CY; Found FM
Value at index 142 differs. Expected FM; Found DL
Value at index 143 differs. Expected DL; Found FO
Value at index 144 differs. Expected FO; Found FP
Value at index 145 differs. Expected FP; Found FJ
Value at index 146 differs. Expected FJ; Found FR
Value at index 147 differs. Expected FR; Found FS
Value at index 148 differs. Expected FS; Found DV
Value at index 149 differs. Expected DV; Found AB

