Invalid read count. Expected: 0; Found: 186
Invalid write count. Expected: 0; Found: 42
Value at index 0 differs. Expected D; Found A
Value at index 1 differs. Expected J; Found B
Value at index 3 differs. Expected A; Found D
Value at index 5 differs. Expected I; Found F
Value at index 6 differs. Expected F; Found G
Value at index 8 differs. Expected B; Found I
Value at index 9 differs. Expected G; Found J

Invalid read count. Expected: 0; Found: 45 630
Invalid write count. Expected: 0; Found: 6 890
Value at index 0 differs. Expected BZ; Found AA
Value at index 2 differs. Expected EY; Found AC
Value at index 3 differs. Expected FK; Found AD
Value at index 4 differs. Expected BB; Found AE
Value at index 5 differs. Expected BN; Found AF
Value at index 6 differs. Expected AA; Found AG
Value at index 8 differs. Expected BM; Found AI
Value at index 9 differs. Expected AX; Found AJ
Value at index 10 differs. Expected FH; Found AK
Value at index 12 differs. Expected BA; Found AM
Value at index 14 differs. Expected AW; Found AO
Value at index 15 differs. Expected EM; Found AP
Value at index 18 differs. Expected BV; Found AS
Value at index 19 differs. Expected BP; Found AT
Value at index 22 differs. Expected BY; Found AW
Value at index 23 differs. Expected BO; Found AX
Value at index 24 differs. Expected ES; Found AY
Value at index 25 differs. Expected AD; Found AZ
Value at index 26 differs. Expected CL; Found BA
Value at index 27 differs. Expected AE; Found BB
Value at index 28 differs. Expected CV; Found BC
Value at index 29 differs. Expected EW; Found BD
Value at index 31 differs. Expected BG; Found BF
Value at index 32 differs. Expected BF; Found BG
Value at index 33 differs. Expected AM; Found BH
Value at index 34 differs. Expected CB; Found BI
Value at index 37 differs. Expected DM; Found BL
Value at index 38 differs. Expected BR; Found BM
Value at index 39 differs. Expected BU; Found BN
Value at index 40 differs. Expected EN; Found BO
Value at index 41 differs. Expected AT; Found BP
Value at index 42 differs. Expected DZ; Found BQ
Value at index 43 differs. Expected AI; Found BR
Value at index 44 differs. Expected DO; Found BS
Value at index 46 differs. Expected AF; Found BU
Value at index 47 differs. Expected CR; Found BV
Value at index 48 differs. Expected BD; Found BW
Value at index 50 differs. Expected EH; Found BY
Value at index 51 differs. Expected CQ; Found BZ
Value at index 52 differs. Expected DD; Found CA
Value at index 53 differs. Expected BI; Found CB
Value at index 55 differs. Expected FB; Found CD
Value at index 58 differs. Expected EV; Found CG
Value at index 59 differs. Expected FN; Found CH
Value at index 63 differs. Expected BH; Found CL
Value at index 67 differs. Expected DS; Found CP
Value at index 68 differs. Expected EA; Found CQ
Value at index 69 differs. Expected CP; Found CR
Value at index 73 differs. Expected DP; Found CV
Value at index 74 differs. Expected AC; Found CW
Value at index 75 differs. Expected AJ; Found CX
Value at index 76 differs. Expected ET; Found CY
Value at index 79 differs. Expected DQ; Found DB
Value at index 81 differs. Expected EP; Found DD
Value at index 83 differs. Expected CX; Found DF
Value at index 84 differs. Expected DK; Found DG
Value at index 87 differs. Expected EJ; Found DJ
Value at index 88 differs. Expected DG; Found DK
Value at index 89 differs. Expected CH; Found DL
Value at index 90 differs. Expected BL; Found DM
Value at index 92 differs. Expected DF; Found DO
Value at index 93 differs. Expected BC; Found DP
Value at index 94 differs. Expected FF; Found DQ
Value at index 96 differs. Expected AS; Found DS
Value at index 97 differs. Expected ED; Found DT
Value at index 99 differs. Expected FT; Found DV
Value at index 101 differs. Expected EZ; Found DX
Value at index 103 differs. Expected BQ; Found DZ
Value at index 104 differs. Expected DB; Found EA
Value at index 106 differs. Expected AZ; Found EC
Value at index 107 differs. Expected DT; Found ED
Value at index 108 differs. Expected EQ; Found EE
Value at index 109 differs. Expected CD; Found EF
Value at index 111 differs. Expected FL; Found EH
Value at index 113 differs. Expected DX; Found EJ
Value at index 116 differs. Expected AP; Found EM
Value at index 117 differs. Expected DJ; Found EN
Value at index 119 differs. Expected BS; Found EP
Value at index 120 differs. Expected EE; Found EQ
Value at index 122 differs. Expected AY; Found ES
Value at index 123 differs. Expected AO; Found ET
Value at index 125 differs. Expected CA; Found EV
Value at index 126 differs. Expected BW; Found EW
Value at index 128 differs. Expected CW; Found EY
Value at index 129 differs. Expected CG; Found EZ
Value at index 131 differs. Expected EF; Found FB
Value at index 135 differs. Expected AG; Found FF
Value at index 137 differs. Expected AK; Found FH
Value at index 139 differs. Expected FQ; Found FJ
Value at index 140 differs. Expected EC; Found FK
Value at index 141 differs. Expected CY; Found FL
Value at index 143 differs. Expected DL; Found FN
Value at index 146 differs. Expected FJ; Found FQ
Value at index 149 differs. Expected DV; Found FT

