Invalid read count. Expected: 112; Found: 0
Invalid write count. Expected: 22; Found: 0
Value at index 0 differs. Expected A; Found C
Value at index 2 differs. Expected C; Found A
Value at index 3 differs. Expected D; Found G
Value at index 5 differs. Expected F; Found D
Value at index 6 differs. Expected G; Found H
Value at index 7 differs. Expected H; Found J
Value at index 9 differs. Expected J; Found F

Invalid read count. Expected: 30 646; Found: 0
Invalid write count. Expected: 8 296; Found: 0
Value at index 1 differs. Expected AB; Found BK
Value at index 2 differs. Expected AC; Found BL
Value at index 5 differs. Expected AF; Found CJ
Value at index 6 differs. Expected AG; Found EB
Value at index 7 differs. Expected AH; Found DQ
Value at index 8 differs. Expected AI; Found AH
Value at index 9 differs. Expected AJ; Found EF
Value at index 10 differs. Expected AK; Found FA
Value at index 12 differs. Expected AM; Found ER
Value at index 13 differs. Expected AN; Found BG
Value at index 21 differs. Expected AV; Found FK
Value at index 25 differs. Expected AZ; Found FP
Value at index 27 differs. Expected BB; Found CB
Value at index 28 differs. Expected BC; Found CF
Value at index 29 differs. Expected BD; Found CY
Value at index 30 differs. Expected BE; Found DE
Value at index 31 differs. Expected BF; Found DW
Value at index 32 differs. Expected BG; Found AK
Value at index 33 differs. Expected BH; Found AV
Value at index 34 differs. Expected BI; Found CZ
Value at index 35 differs. Expected BJ; Found FL
Value at index 36 differs. Expected BK; Found EK
Value at index 37 differs. Expected BL; Found AJ
Value at index 38 differs. Expected BM; Found CG
Value at index 42 differs. Expected BQ; Found DI
Value at index 44 differs. Expected BS; Found FB
Value at index 45 differs. Expected BT; Found FT
Value at index 49 differs. Expected BX; Found EC
Value at index 51 differs. Expected BZ; Found CK
Value at index 52 differs. Expected CA; Found CU
Value at index 53 differs. Expected CB; Found DX
Value at index 54 differs. Expected CC; Found DD
Value at index 55 differs. Expected CD; Found AC
Value at index 56 differs. Expected CE; Found DC
Value at index 57 differs. Expected CF; Found BC
Value at index 58 differs. Expected CG; Found DT
Value at index 59 differs. Expected CH; Found BJ
Value at index 60 differs. Expected CI; Found EZ
Value at index 61 differs. Expected CJ; Found FD
Value at index 62 differs. Expected CK; Found BZ
Value at index 63 differs. Expected CL; Found CI
Value at index 64 differs. Expected CM; Found CT
Value at index 65 differs. Expected CN; Found AM
Value at index 66 differs. Expected CO; Found DR
Value at index 67 differs. Expected CP; Found BI
Value at index 68 differs. Expected CQ; Found CS
Value at index 69 differs. Expected CR; Found DL
Value at index 70 differs. Expected CS; Found FG
Value at index 71 differs. Expected CT; Found CM
Value at index 72 differs. Expected CU; Found FJ
Value at index 75 differs. Expected CX; Found FC
Value at index 76 differs. Expected CY; Found BD
Value at index 77 differs. Expected CZ; Found CP
Value at index 79 differs. Expected DB; Found BX
Value at index 80 differs. Expected DC; Found DO
Value at index 81 differs. Expected DD; Found DF
Value at index 82 differs. Expected DE; Found EX
Value at index 83 differs. Expected DF; Found DS
Value at index 86 differs. Expected DI; Found DK
Value at index 87 differs. Expected DJ; Found ET
Value at index 88 differs. Expected DK; Found FI
Value at index 89 differs. Expected DL; Found EE
Value at index 91 differs. Expected DN; Found EA
Value at index 92 differs. Expected DO; Found CE
Value at index 93 differs. Expected DP; Found BH
Value at index 94 differs. Expected DQ; Found EW
Value at index 95 differs. Expected DR; Found CO
Value at index 96 differs. Expected DS; Found CC
Value at index 97 differs. Expected DT; Found CA
Value at index 98 differs. Expected DU; Found ES
Value at index 100 differs. Expected DW; Found BF
Value at index 101 differs. Expected DX; Found BB
Value at index 104 differs. Expected EA; Found BQ
Value at index 105 differs. Expected EB; Found AG
Value at index 106 differs. Expected EC; Found DB
Value at index 107 differs. Expected ED; Found CR
Value at index 108 differs. Expected EE; Found EV
Value at index 109 differs. Expected EF; Found FH
Value at index 114 differs. Expected EK; Found EL
Value at index 115 differs. Expected EL; Found AB
Value at index 117 differs. Expected EN; Found DJ
Value at index 120 differs. Expected EQ; Found BT
Value at index 121 differs. Expected ER; Found CN
Value at index 122 differs. Expected ES; Found DU
Value at index 123 differs. Expected ET; Found AI
Value at index 125 differs. Expected EV; Found BS
Value at index 126 differs. Expected EW; Found EN
Value at index 127 differs. Expected EX; Found BE
Value at index 128 differs. Expected EY; Found FM
Value at index 129 differs. Expected EZ; Found CL
Value at index 130 differs. Expected FA; Found FE
Value at index 131 differs. Expected FB; Found ED
Value at index 132 differs. Expected FC; Found CX
Value at index 133 differs. Expected FD; Found FO
Value at index 134 differs. Expected FE; Found AN
Value at index 136 differs. Expected FG; Found CQ
Value at index 137 differs. Expected FH; Found CD
Value at index 138 differs. Expected FI; Found DN
Value at index 139 differs. Expected FJ; Found BM
Value at index 140 differs. Expected FK; Found DP
Value at index 141 differs. Expected FL; Found CH
Value at index 142 differs. Expected FM; Found EY
Value at index 143 differs. Expected FN; Found FR
Value at index 144 differs. Expected FO; Found AZ
Value at index 145 differs. Expected FP; Found AF
Value at index 147 differs. Expected FR; Found FN
Value at index 149 differs. Expected FT; Found EQ

