Invalid read count. Expected: 134; Found: 0
Invalid write count. Expected: 44; Found: 0
Value at index 1 differs. Expected B; Found C
Value at index 2 differs. Expected C; Found J
Value at index 3 differs. Expected D; Found H
Value at index 5 differs. Expected F; Found G
Value at index 6 differs. Expected G; Found I
Value at index 7 differs. Expected H; Found D
Value at index 8 differs. Expected I; Found B
Value at index 9 differs. Expected J; Found F

Invalid read count. Expected: 29 824; Found: 0
Invalid write count. Expected: 7 474; Found: 0
Value at index 3 differs. Expected AD; Found EB
Value at index 5 differs. Expected AF; Found CK
Value at index 6 differs. Expected AG; Found FP
Value at index 7 differs. Expected AH; Found AM
Value at index 8 differs. Expected AI; Found BC
Value at index 9 differs. Expected AJ; Found BO
Value at index 10 differs. Expected AK; Found BL
Value at index 12 differs. Expected AM; Found AH
Value at index 13 differs. Expected AN; Found BS
Value at index 15 differs. Expected AP; Found BD
Value at index 16 differs. Expected AQ; Found CQ
Value at index 17 differs. Expected AR; Found DK
Value at index 20 differs. Expected AU; Found BZ
Value at index 21 differs. Expected AV; Found CZ
Value at index 23 differs. Expected AX; Found CJ
Value at index 24 differs. Expected AY; Found EL
Value at index 25 differs. Expected AZ; Found BE
Value at index 26 differs. Expected BA; Found FS
Value at index 27 differs. Expected BB; Found DT
Value at index 28 differs. Expected BC; Found BI
Value at index 29 differs. Expected BD; Found AD
Value at index 30 differs. Expected BE; Found AZ
Value at index 31 differs. Expected BF; Found AN
Value at index 33 differs. Expected BH; Found AK
Value at index 34 differs. Expected BI; Found AI
Value at index 35 differs. Expected BJ; Found DB
Value at index 36 differs. Expected BK; Found FM
Value at index 37 differs. Expected BL; Found BV
Value at index 40 differs. Expected BO; Found EH
Value at index 42 differs. Expected BQ; Found DE
Value at index 43 differs. Expected BR; Found CI
Value at index 44 differs. Expected BS; Found AF
Value at index 47 differs. Expected BV; Found DF
Value at index 48 differs. Expected BW; Found EO
Value at index 50 differs. Expected BY; Found FR
Value at index 51 differs. Expected BZ; Found AY
Value at index 53 differs. Expected CB; Found AP
Value at index 54 differs. Expected CC; Found FF
Value at index 55 differs. Expected CD; Found EY
Value at index 57 differs. Expected CF; Found CP
Value at index 60 differs. Expected CI; Found CR
Value at index 61 differs. Expected CJ; Found DM
Value at index 62 differs. Expected CK; Found EM
Value at index 63 differs. Expected CL; Found ES
Value at index 66 differs. Expected CO; Found AX
Value at index 67 differs. Expected CP; Found CF
Value at index 68 differs. Expected CQ; Found DD
Value at index 69 differs. Expected CR; Found DS
Value at index 70 differs. Expected CS; Found CO
Value at index 72 differs. Expected CU; Found DL
Value at index 74 differs. Expected CW; Found FG
Value at index 77 differs. Expected CZ; Found CC
Value at index 79 differs. Expected DB; Found EP
Value at index 81 differs. Expected DD; Found FQ
Value at index 82 differs. Expected DE; Found BQ
Value at index 83 differs. Expected DF; Found BH
Value at index 85 differs. Expected DH; Found DX
Value at index 86 differs. Expected DI; Found DR
Value at index 88 differs. Expected DK; Found EX
Value at index 89 differs. Expected DL; Found CU
Value at index 90 differs. Expected DM; Found EN
Value at index 91 differs. Expected DN; Found DU
Value at index 95 differs. Expected DR; Found DI
Value at index 96 differs. Expected DS; Found BR
Value at index 97 differs. Expected DT; Found CB
Value at index 98 differs. Expected DU; Found FI
Value at index 100 differs. Expected DW; Found FC
Value at index 101 differs. Expected DX; Found AV
Value at index 105 differs. Expected EB; Found DN
Value at index 106 differs. Expected EC; Found DW
Value at index 107 differs. Expected ED; Found BJ
Value at index 111 differs. Expected EH; Found AJ
Value at index 113 differs. Expected EJ; Found BY
Value at index 114 differs. Expected EK; Found FN
Value at index 115 differs. Expected EL; Found EZ
Value at index 116 differs. Expected EM; Found BF
Value at index 117 differs. Expected EN; Found CS
Value at index 118 differs. Expected EO; Found BB
Value at index 119 differs. Expected EP; Found BK
Value at index 120 differs. Expected EQ; Found EK
Value at index 121 differs. Expected ER; Found FT
Value at index 122 differs. Expected ES; Found CL
Value at index 123 differs. Expected ET; Found FL
Value at index 127 differs. Expected EX; Found AR
Value at index 128 differs. Expected EY; Found CD
Value at index 129 differs. Expected EZ; Found AU
Value at index 132 differs. Expected FC; Found EC
Value at index 133 differs. Expected FD; Found CW
Value at index 135 differs. Expected FF; Found DH
Value at index 136 differs. Expected FG; Found FD
Value at index 138 differs. Expected FI; Found FJ
Value at index 139 differs. Expected FJ; Found BW
Value at index 141 differs. Expected FL; Found ET
Value at index 142 differs. Expected FM; Found ED
Value at index 143 differs. Expected FN; Found EQ
Value at index 145 differs. Expected FP; Found AG
Value at index 146 differs. Expected FQ; Found AQ
Value at index 147 differs. Expected FR; Found BA
Value at index 148 differs. Expected FS; Found EJ
Value at index 149 differs. Expected FT; Found ER

