Invalid read count. Expected: 120; Found: 2
Invalid write count. Expected: 30; Found: 0
Value at index 1 differs. Expected B; Found F
Value at index 2 differs. Expected C; Found B
Value at index 3 differs. Expected D; Found J
Value at index 5 differs. Expected F; Found C
Value at index 6 differs. Expected G; Found D
Value at index 7 differs. Expected H; Found I
Value at index 8 differs. Expected I; Found H
Value at index 9 differs. Expected J; Found G

Invalid read count. Expected: 29 970; Found: 4
Invalid write count. Expected: 7 620; Found: 2
Value at index 0 differs. Expected AA; Found DD
Value at index 1 differs. Expected AB; Found FC
Value at index 2 differs. Expected AC; Found CU
Value at index 3 differs. Expected AD; Found BB
Value at index 6 differs. Expected AG; Found CT
Value at index 8 differs. Expected AI; Found AY
Value at index 9 differs. Expected AJ; Found CN
Value at index 10 differs. Expected AK; Found AX
Value at index 12 differs. Expected AM; Found FM
Value at index 15 differs. Expected AP; Found BE
Value at index 17 differs. Expected AR; Found BH
Value at index 20 differs. Expected AU; Found CC
Value at index 21 differs. Expected AV; Found CP
Value at index 23 differs. Expected AX; Found AK
Value at index 24 differs. Expected AY; Found BC
Value at index 25 differs. Expected AZ; Found FP
Value at index 26 differs. Expected BA; Found EK
Value at index 27 differs. Expected BB; Found CB
Value at index 28 differs. Expected BC; Found CW
Value at index 29 differs. Expected BD; Found EB
Value at index 30 differs. Expected BE; Found BZ
Value at index 31 differs. Expected BF; Found DY
Value at index 33 differs. Expected BH; Found AV
Value at index 34 differs. Expected BI; Found DQ
Value at index 36 differs. Expected BK; Found DK
Value at index 37 differs. Expected BL; Found DU
Value at index 38 differs. Expected BM; Found BL
Value at index 39 differs. Expected BN; Found EU
Value at index 43 differs. Expected BR; Found BT
Value at index 44 differs. Expected BS; Found EE
Value at index 45 differs. Expected BT; Found BR
Value at index 46 differs. Expected BU; Found DJ
Value at index 47 differs. Expected BV; Found DC
Value at index 48 differs. Expected BW; Found EC
Value at index 49 differs. Expected BX; Found AJ
Value at index 51 differs. Expected BZ; Found DV
Value at index 52 differs. Expected CA; Found EL
Value at index 53 differs. Expected CB; Found CF
Value at index 54 differs. Expected CC; Found BV
Value at index 56 differs. Expected CE; Found DP
Value at index 57 differs. Expected CF; Found AD
Value at index 58 differs. Expected CG; Found AZ
Value at index 59 differs. Expected CH; Found CI
Value at index 60 differs. Expected CI; Found ER
Value at index 61 differs. Expected CJ; Found FA
Value at index 62 differs. Expected CK; Found CZ
Value at index 63 differs. Expected CL; Found BI
Value at index 65 differs. Expected CN; Found AB
Value at index 66 differs. Expected CO; Found DT
Value at index 67 differs. Expected CP; Found AR
Value at index 71 differs. Expected CT; Found DL
Value at index 72 differs. Expected CU; Found BN
Value at index 74 differs. Expected CW; Found AI
Value at index 75 differs. Expected CX; Found EY
Value at index 77 differs. Expected CZ; Found BM
Value at index 80 differs. Expected DC; Found AU
Value at index 81 differs. Expected DD; Found BX
Value at index 82 differs. Expected DE; Found EF
Value at index 83 differs. Expected DF; Found FB
Value at index 84 differs. Expected DG; Found DF
Value at index 86 differs. Expected DI; Found EI
Value at index 87 differs. Expected DJ; Found BU
Value at index 88 differs. Expected DK; Found EP
Value at index 89 differs. Expected DL; Found DR
Value at index 90 differs. Expected DM; Found FJ
Value at index 91 differs. Expected DN; Found BF
Value at index 92 differs. Expected DO; Found DW
Value at index 93 differs. Expected DP; Found FK
Value at index 94 differs. Expected DQ; Found CL
Value at index 95 differs. Expected DR; Found AG
Value at index 97 differs. Expected DT; Found FH
Value at index 98 differs. Expected DU; Found DM
Value at index 99 differs. Expected DV; Found BW
Value at index 100 differs. Expected DW; Found EG
Value at index 102 differs. Expected DY; Found BS
Value at index 105 differs. Expected EB; Found BD
Value at index 106 differs. Expected EC; Found FN
Value at index 107 differs. Expected ED; Found AC
Value at index 108 differs. Expected EE; Found DN
Value at index 109 differs. Expected EF; Found DE
Value at index 110 differs. Expected EG; Found DO
Value at index 111 differs. Expected EH; Found AA
Value at index 112 differs. Expected EI; Found DI
Value at index 114 differs. Expected EK; Found ED
Value at index 115 differs. Expected EL; Found CA
Value at index 116 differs. Expected EM; Found FD
Value at index 117 differs. Expected EN; Found BK
Value at index 119 differs. Expected EP; Found EN
Value at index 120 differs. Expected EQ; Found FI
Value at index 121 differs. Expected ER; Found CH
Value at index 123 differs. Expected ET; Found CK
Value at index 124 differs. Expected EU; Found BA
Value at index 128 differs. Expected EY; Found CX
Value at index 130 differs. Expected FA; Found CJ
Value at index 131 differs. Expected FB; Found DG
Value at index 132 differs. Expected FC; Found AM
Value at index 133 differs. Expected FD; Found EM
Value at index 137 differs. Expected FH; Found CO
Value at index 138 differs. Expected FI; Found EQ
Value at index 139 differs. Expected FJ; Found ET
Value at index 140 differs. Expected FK; Found CE
Value at index 142 differs. Expected FM; Found EH
Value at index 143 differs. Expected FN; Found AP
Value at index 144 differs. Expected FO; Found FT
Value at index 145 differs. Expected FP; Found CG
Value at index 147 differs. Expected FR; Found FS
Value at index 148 differs. Expected FS; Found FR
Value at index 149 differs. Expected FT; Found FO

