Invalid read count. Expected: 128; Found: 0
Invalid write count. Expected: 38; Found: 0
Value at index 2 differs. Expected C; Found H
Value at index 3 differs. Expected D; Found J
Value at index 5 differs. Expected F; Found G
Value at index 6 differs. Expected G; Found F
Value at index 7 differs. Expected H; Found C
Value at index 9 differs. Expected J; Found D

Invalid read count. Expected: 31 174; Found: 0
Invalid write count. Expected: 8 824; Found: 0
Value at index 0 differs. Expected AA; Found DI
Value at index 2 differs. Expected AC; Found EV
Value at index 3 differs. Expected AD; Found AY
Value at index 4 differs. Expected AE; Found BZ
Value at index 5 differs. Expected AF; Found CA
Value at index 6 differs. Expected AG; Found CF
Value at index 7 differs. Expected AH; Found CC
Value at index 8 differs. Expected AI; Found EY
Value at index 9 differs. Expected AJ; Found AT
Value at index 10 differs. Expected AK; Found BL
Value at index 11 differs. Expected AL; Found AC
Value at index 14 differs. Expected AO; Found CI
Value at index 15 differs. Expected AP; Found CH
Value at index 16 differs. Expected AQ; Found AZ
Value at index 17 differs. Expected AR; Found FA
Value at index 18 differs. Expected AS; Found CL
Value at index 19 differs. Expected AT; Found EP
Value at index 20 differs. Expected AU; Found AF
Value at index 21 differs. Expected AV; Found AI
Value at index 22 differs. Expected AW; Found DQ
Value at index 24 differs. Expected AY; Found EE
Value at index 25 differs. Expected AZ; Found FR
Value at index 26 differs. Expected BA; Found BC
Value at index 27 differs. Expected BB; Found CZ
Value at index 28 differs. Expected BC; Found AE
Value at index 29 differs. Expected BD; Found BH
Value at index 31 differs. Expected BF; Found DJ
Value at index 32 differs. Expected BG; Found DA
Value at index 33 differs. Expected BH; Found BD
Value at index 35 differs. Expected BJ; Found BV
Value at index 37 differs. Expected BL; Found FE
Value at index 38 differs. Expected BM; Found FK
Value at index 42 differs. Expected BQ; Found AP
Value at index 43 differs. Expected BR; Found AH
Value at index 44 differs. Expected BS; Found CN
Value at index 47 differs. Expected BV; Found DV
Value at index 48 differs. Expected BW; Found AQ
Value at index 49 differs. Expected BX; Found EA
Value at index 50 differs. Expected BY; Found EI
Value at index 51 differs. Expected BZ; Found CE
Value at index 52 differs. Expected CA; Found EF
Value at index 53 differs. Expected CB; Found FB
Value at index 54 differs. Expected CC; Found FH
Value at index 56 differs. Expected CE; Found ET
Value at index 57 differs. Expected CF; Found BM
Value at index 58 differs. Expected CG; Found AJ
Value at index 59 differs. Expected CH; Found EJ
Value at index 60 differs. Expected CI; Found AO
Value at index 61 differs. Expected CJ; Found BS
Value at index 63 differs. Expected CL; Found EQ
Value at index 64 differs. Expected CM; Found CB
Value at index 65 differs. Expected CN; Found CJ
Value at index 66 differs. Expected CO; Found AK
Value at index 67 differs. Expected CP; Found EB
Value at index 68 differs. Expected CQ; Found DK
Value at index 69 differs. Expected CR; Found CG
Value at index 70 differs. Expected CS; Found DU
Value at index 72 differs. Expected CU; Found FJ
Value at index 73 differs. Expected CV; Found DX
Value at index 74 differs. Expected CW; Found AD
Value at index 75 differs. Expected CX; Found EO
Value at index 76 differs. Expected CY; Found DL
Value at index 77 differs. Expected CZ; Found DE
Value at index 78 differs. Expected DA; Found EU
Value at index 80 differs. Expected DC; Found FS
Value at index 82 differs. Expected DE; Found BB
Value at index 84 differs. Expected DG; Found AU
Value at index 85 differs. Expected DH; Found DZ
Value at index 86 differs. Expected DI; Found AR
Value at index 87 differs. Expected DJ; Found BF
Value at index 88 differs. Expected DK; Found CQ
Value at index 89 differs. Expected DL; Found BQ
Value at index 90 differs. Expected DM; Found EK
Value at index 91 differs. Expected DN; Found ED
Value at index 92 differs. Expected DO; Found DN
Value at index 93 differs. Expected DP; Found EX
Value at index 94 differs. Expected DQ; Found AW
Value at index 98 differs. Expected DU; Found EH
Value at index 99 differs. Expected DV; Found BJ
Value at index 100 differs. Expected DW; Found BR
Value at index 101 differs. Expected DX; Found FO
Value at index 103 differs. Expected DZ; Found FT
Value at index 104 differs. Expected EA; Found DC
Value at index 105 differs. Expected EB; Found CP
Value at index 107 differs. Expected ED; Found EW
Value at index 108 differs. Expected EE; Found CU
Value at index 109 differs. Expected EF; Found FL
Value at index 111 differs. Expected EH; Found FQ
Value at index 112 differs. Expected EI; Found BY
Value at index 113 differs. Expected EJ; Found CY
Value at index 114 differs. Expected EK; Found DM
Value at index 115 differs. Expected EL; Found BG
Value at index 118 differs. Expected EO; Found CX
Value at index 119 differs. Expected EP; Found CR
Value at index 120 differs. Expected EQ; Found AS
Value at index 123 differs. Expected ET; Found BA
Value at index 124 differs. Expected EU; Found EL
Value at index 125 differs. Expected EV; Found FD
Value at index 126 differs. Expected EW; Found DO
Value at index 127 differs. Expected EX; Found BX
Value at index 128 differs. Expected EY; Found CM
Value at index 129 differs. Expected EZ; Found AL
Value at index 130 differs. Expected FA; Found AA
Value at index 131 differs. Expected FB; Found DH
Value at index 133 differs. Expected FD; Found EZ
Value at index 134 differs. Expected FE; Found CO
Value at index 137 differs. Expected FH; Found DG
Value at index 138 differs. Expected FI; Found CS
Value at index 139 differs. Expected FJ; Found CW
Value at index 140 differs. Expected FK; Found AG
Value at index 141 differs. Expected FL; Found DW
Value at index 144 differs. Expected FO; Found CV
Value at index 146 differs. Expected FQ; Found FI
Value at index 147 differs. Expected FR; Found DP
Value at index 148 differs. Expected FS; Found BW
Value at index 149 differs. Expected FT; Found AV

