Invalid read count. Expected: 120; Found: 116
Invalid write count. Expected: 30; Found: 26
Value at index 6 differs. Expected G; Found H
Value at index 7 differs. Expected H; Found I
Value at index 8 differs. Expected I; Found G

Invalid read count. Expected: 29 970; Found: 27 784
Invalid write count. Expected: 7 620; Found: 5 434
Value at index 0 differs. Expected AA; Found AB
Value at index 1 differs. Expected AB; Found AD
Value at index 2 differs. Expected AC; Found AE
Value at index 3 differs. Expected AD; Found AF
Value at index 4 differs. Expected AE; Found AH
Value at index 5 differs. Expected AF; Found AI
Value at index 6 differs. Expected AG; Found AJ
Value at index 7 differs. Expected AH; Found AK
Value at index 8 differs. Expected AI; Found AL
Value at index 9 differs. Expected AJ; Found AN
Value at index 10 differs. Expected AK; Found AO
Value at index 11 differs. Expected AL; Found AQ
Value at index 12 differs. Expected AM; Found AR
Value at index 13 differs. Expected AN; Found AS
Value at index 14 differs. Expected AO; Found AT
Value at index 15 differs. Expected AP; Found AU
Value at index 16 differs. Expected AQ; Found AV
Value at index 17 differs. Expected AR; Found AW
Value at index 18 differs. Expected AS; Found AX
Value at index 19 differs. Expected AT; Found AY
Value at index 20 differs. Expected AU; Found AZ
Value at index 21 differs. Expected AV; Found BB
Value at index 22 differs. Expected AW; Found BC
Value at index 23 differs. Expected AX; Found BE
Value at index 24 differs. Expected AY; Found BG
Value at index 25 differs. Expected AZ; Found BH
Value at index 26 differs. Expected BA; Found BI
Value at index 27 differs. Expected BB; Found BJ
Value at index 28 differs. Expected BC; Found BL
Value at index 29 differs. Expected BD; Found BM
Value at index 30 differs. Expected BE; Found BN
Value at index 31 differs. Expected BF; Found BO
Value at index 32 differs. Expected BG; Found BF
Value at index 33 differs. Expected BH; Found BP
Value at index 34 differs. Expected BI; Found BQ
Value at index 35 differs. Expected BJ; Found BR
Value at index 36 differs. Expected BK; Found BT
Value at index 37 differs. Expected BL; Found BU
Value at index 38 differs. Expected BM; Found BV
Value at index 39 differs. Expected BN; Found BX
Value at index 40 differs. Expected BO; Found AG
Value at index 41 differs. Expected BP; Found BY
Value at index 42 differs. Expected BQ; Found BZ
Value at index 43 differs. Expected BR; Found CB
Value at index 44 differs. Expected BS; Found CC
Value at index 45 differs. Expected BT; Found CD
Value at index 46 differs. Expected BU; Found CF
Value at index 47 differs. Expected BV; Found CI
Value at index 49 differs. Expected BX; Found CL
Value at index 50 differs. Expected BY; Found CM
Value at index 51 differs. Expected BZ; Found CN
Value at index 52 differs. Expected CA; Found CP
Value at index 53 differs. Expected CB; Found CQ
Value at index 54 differs. Expected CC; Found BS
Value at index 55 differs. Expected CD; Found CR
Value at index 56 differs. Expected CE; Found CS
Value at index 57 differs. Expected CF; Found CT
Value at index 58 differs. Expected CG; Found CU
Value at index 59 differs. Expected CH; Found CV
Value at index 60 differs. Expected CI; Found BD
Value at index 61 differs. Expected CJ; Found CW
Value at index 62 differs. Expected CK; Found CY
Value at index 63 differs. Expected CL; Found CZ
Value at index 64 differs. Expected CM; Found AC
Value at index 65 differs. Expected CN; Found DA
Value at index 66 differs. Expected CO; Found DB
Value at index 67 differs. Expected CP; Found DC
Value at index 68 differs. Expected CQ; Found DD
Value at index 69 differs. Expected CR; Found DE
Value at index 70 differs. Expected CS; Found DF
Value at index 71 differs. Expected CT; Found DH
Value at index 72 differs. Expected CU; Found AA
Value at index 73 differs. Expected CV; Found DJ
Value at index 74 differs. Expected CW; Found DI
Value at index 75 differs. Expected CX; Found DK
Value at index 76 differs. Expected CY; Found DL
Value at index 77 differs. Expected CZ; Found DM
Value at index 78 differs. Expected DA; Found DN
Value at index 79 differs. Expected DB; Found DO
Value at index 80 differs. Expected DC; Found CA
Value at index 81 differs. Expected DD; Found DP
Value at index 82 differs. Expected DE; Found DQ
Value at index 83 differs. Expected DF; Found DR
Value at index 84 differs. Expected DG; Found BK
Value at index 85 differs. Expected DH; Found DS
Value at index 86 differs. Expected DI; Found DT
Value at index 87 differs. Expected DJ; Found DU
Value at index 88 differs. Expected DK; Found DV
Value at index 89 differs. Expected DL; Found DW
Value at index 90 differs. Expected DM; Found DX
Value at index 91 differs. Expected DN; Found DY
Value at index 92 differs. Expected DO; Found CH
Value at index 93 differs. Expected DP; Found DZ
Value at index 94 differs. Expected DQ; Found EA
Value at index 95 differs. Expected DR; Found EB
Value at index 96 differs. Expected DS; Found CK
Value at index 97 differs. Expected DT; Found EC
Value at index 98 differs. Expected DU; Found BA
Value at index 99 differs. Expected DV; Found ED
Value at index 100 differs. Expected DW; Found EE
Value at index 101 differs. Expected DX; Found EF
Value at index 102 differs. Expected DY; Found EG
Value at index 103 differs. Expected DZ; Found EI
Value at index 104 differs. Expected EA; Found EJ
Value at index 105 differs. Expected EB; Found EK
Value at index 106 differs. Expected EC; Found CX
Value at index 107 differs. Expected ED; Found EL
Value at index 108 differs. Expected EE; Found EN
Value at index 109 differs. Expected EF; Found EO
Value at index 110 differs. Expected EG; Found CJ
Value at index 111 differs. Expected EH; Found EP
Value at index 112 differs. Expected EI; Found DG
Value at index 113 differs. Expected EJ; Found ER
Value at index 114 differs. Expected EK; Found AM
Value at index 115 differs. Expected EL; Found ES
Value at index 117 differs. Expected EN; Found EU
Value at index 118 differs. Expected EO; Found EV
Value at index 119 differs. Expected EP; Found EW
Value at index 120 differs. Expected EQ; Found EX
Value at index 121 differs. Expected ER; Found EY
Value at index 122 differs. Expected ES; Found EZ
Value at index 123 differs. Expected ET; Found FA
Value at index 124 differs. Expected EU; Found CO
Value at index 125 differs. Expected EV; Found FB
Value at index 126 differs. Expected EW; Found EQ
Value at index 127 differs. Expected EX; Found FC
Value at index 128 differs. Expected EY; Found ET
Value at index 129 differs. Expected EZ; Found FD
Value at index 130 differs. Expected FA; Found CE
Value at index 131 differs. Expected FB; Found FE
Value at index 132 differs. Expected FC; Found FF
Value at index 133 differs. Expected FD; Found FG
Value at index 134 differs. Expected FE; Found EH
Value at index 135 differs. Expected FF; Found FH
Value at index 136 differs. Expected FG; Found AP
Value at index 137 differs. Expected FH; Found FI
Value at index 138 differs. Expected FI; Found FJ
Value at index 139 differs. Expected FJ; Found FK
Value at index 140 differs. Expected FK; Found CG
Value at index 144 differs. Expected FO; Found FP
Value at index 145 differs. Expected FP; Found FQ
Value at index 146 differs. Expected FQ; Found FR
Value at index 147 differs. Expected FR; Found FS
Value at index 148 differs. Expected FS; Found FO

