Invalid read count. Expected: 100; Found: 0
Invalid write count. Expected: 10; Found: 0
Value at index 3 differs. Expected D; Found G
Value at index 6 differs. Expected G; Found D

Invalid read count. Expected: 31 582; Found: 0
Invalid write count. Expected: 9 232; Found: 0
Value at index 0 differs. Expected AA; Found BJ
Value at index 1 differs. Expected AB; Found BR
Value at index 2 differs. Expected AC; Found AS
Value at index 3 differs. Expected AD; Found EB
Value at index 4 differs. Expected AE; Found EI
Value at index 5 differs. Expected AF; Found EZ
Value at index 6 differs. Expected AG; Found AN
Value at index 7 differs. Expected AH; Found DZ
Value at index 9 differs. Expected AJ; Found BO
Value at index 10 differs. Expected AK; Found DE
Value at index 11 differs. Expected AL; Found FB
Value at index 12 differs. Expected AM; Found AR
Value at index 13 differs. Expected AN; Found AT
Value at index 14 differs. Expected AO; Found FA
Value at index 15 differs. Expected AP; Found FT
Value at index 17 differs. Expected AR; Found AM
Value at index 18 differs. Expected AS; Found DH
Value at index 19 differs. Expected AT; Found AP
Value at index 22 differs. Expected AW; Found FO
Value at index 23 differs. Expected AX; Found AO
Value at index 26 differs. Expected BA; Found DU
Value at index 28 differs. Expected BC; Found BI
Value at index 33 differs. Expected BH; Found DC
Value at index 34 differs. Expected BI; Found BC
Value at index 35 differs. Expected BJ; Found CP
Value at index 36 differs. Expected BK; Found FF
Value at index 37 differs. Expected BL; Found DR
Value at index 40 differs. Expected BO; Found EX
Value at index 41 differs. Expected BP; Found FK
Value at index 42 differs. Expected BQ; Found AF
Value at index 43 differs. Expected BR; Found AB
Value at index 46 differs. Expected BU; Found FH
Value at index 48 differs. Expected BW; Found FP
Value at index 50 differs. Expected BY; Found CT
Value at index 53 differs. Expected CB; Found DI
Value at index 54 differs. Expected CC; Found EN
Value at index 55 differs. Expected CD; Found FS
Value at index 56 differs. Expected CE; Found DK
Value at index 58 differs. Expected CG; Found EU
Value at index 59 differs. Expected CH; Found DV
Value at index 61 differs. Expected CJ; Found BQ
Value at index 62 differs. Expected CK; Found EV
Value at index 66 differs. Expected CO; Found EG
Value at index 67 differs. Expected CP; Found FC
Value at index 71 differs. Expected CT; Found AJ
Value at index 72 differs. Expected CU; Found DW
Value at index 74 differs. Expected CW; Found BH
Value at index 79 differs. Expected DB; Found BK
Value at index 80 differs. Expected DC; Found CW
Value at index 81 differs. Expected DD; Found BY
Value at index 82 differs. Expected DE; Found AK
Value at index 83 differs. Expected DF; Found CE
Value at index 84 differs. Expected DG; Found AE
Value at index 85 differs. Expected DH; Found EK
Value at index 86 differs. Expected DI; Found CD
Value at index 88 differs. Expected DK; Found DF
Value at index 89 differs. Expected DL; Found ER
Value at index 93 differs. Expected DP; Found DD
Value at index 94 differs. Expected DQ; Found FE
Value at index 95 differs. Expected DR; Found FD
Value at index 96 differs. Expected DS; Found CO
Value at index 97 differs. Expected DT; Found EF
Value at index 98 differs. Expected DU; Found FQ
Value at index 99 differs. Expected DV; Found ED
Value at index 100 differs. Expected DW; Found CU
Value at index 103 differs. Expected DZ; Found AH
Value at index 105 differs. Expected EB; Found FL
Value at index 106 differs. Expected EC; Found DS
Value at index 107 differs. Expected ED; Found CH
Value at index 108 differs. Expected EE; Found DP
Value at index 109 differs. Expected EF; Found EY
Value at index 110 differs. Expected EG; Found EC
Value at index 112 differs. Expected EI; Found DG
Value at index 113 differs. Expected EJ; Found AC
Value at index 114 differs. Expected EK; Found EJ
Value at index 117 differs. Expected EN; Found CC
Value at index 121 differs. Expected ER; Found CB
Value at index 124 differs. Expected EU; Found AA
Value at index 125 differs. Expected EV; Found CK
Value at index 127 differs. Expected EX; Found CG
Value at index 128 differs. Expected EY; Found DT
Value at index 129 differs. Expected EZ; Found DL
Value at index 130 differs. Expected FA; Found AX
Value at index 131 differs. Expected FB; Found AL
Value at index 132 differs. Expected FC; Found EE
Value at index 133 differs. Expected FD; Found DQ
Value at index 134 differs. Expected FE; Found BL
Value at index 135 differs. Expected FF; Found DB
Value at index 137 differs. Expected FH; Found BU
Value at index 140 differs. Expected FK; Found BP
Value at index 141 differs. Expected FL; Found AD
Value at index 144 differs. Expected FO; Found AW
Value at index 145 differs. Expected FP; Found BW
Value at index 146 differs. Expected FQ; Found BA
Value at index 148 differs. Expected FS; Found CJ
Value at index 149 differs. Expected FT; Found AG

