Invalid read count. Expected: 112; Found: 0
Invalid write count. Expected: 22; Found: 0
Value at index 0 differs. Expected A; Found F
Value at index 3 differs. Expected D; Found A
Value at index 5 differs. Expected F; Found H
Value at index 7 differs. Expected H; Found D

Invalid read count. Expected: 29 756; Found: 0
Invalid write count. Expected: 7 406; Found: 0
Value at index 2 differs. Expected AC; Found AS
Value at index 3 differs. Expected AD; Found AN
Value at index 4 differs. Expected AE; Found DS
Value at index 6 differs. Expected AG; Found AI
Value at index 7 differs. Expected AH; Found EX
Value at index 8 differs. Expected AI; Found AG
Value at index 9 differs. Expected AJ; Found CJ
Value at index 11 differs. Expected AL; Found DO
Value at index 12 differs. Expected AM; Found EI
Value at index 13 differs. Expected AN; Found AD
Value at index 14 differs. Expected AO; Found BY
Value at index 16 differs. Expected AQ; Found FG
Value at index 18 differs. Expected AS; Found DF
Value at index 19 differs. Expected AT; Found AV
Value at index 20 differs. Expected AU; Found BB
Value at index 21 differs. Expected AV; Found AT
Value at index 22 differs. Expected AW; Found EF
Value at index 23 differs. Expected AX; Found DY
Value at index 26 differs. Expected BA; Found AE
Value at index 27 differs. Expected BB; Found EY
Value at index 28 differs. Expected BC; Found BS
Value at index 29 differs. Expected BD; Found BV
Value at index 30 differs. Expected BE; Found ET
Value at index 32 differs. Expected BG; Found EE
Value at index 33 differs. Expected BH; Found EC
Value at index 34 differs. Expected BI; Found FE
Value at index 35 differs. Expected BJ; Found CH
Value at index 36 differs. Expected BK; Found AJ
Value at index 38 differs. Expected BM; Found AO
Value at index 39 differs. Expected BN; Found BO
Value at index 40 differs. Expected BO; Found BN
Value at index 41 differs. Expected BP; Found BT
Value at index 42 differs. Expected BQ; Found AU
Value at index 44 differs. Expected BS; Found FQ
Value at index 45 differs. Expected BT; Found DC
Value at index 47 differs. Expected BV; Found CT
Value at index 49 differs. Expected BX; Found EJ
Value at index 50 differs. Expected BY; Found BM
Value at index 54 differs. Expected CC; Found DT
Value at index 56 differs. Expected CE; Found BK
Value at index 59 differs. Expected CH; Found EB
Value at index 61 differs. Expected CJ; Found EO
Value at index 62 differs. Expected CK; Found BX
Value at index 64 differs. Expected CM; Found FH
Value at index 65 differs. Expected CN; Found BD
Value at index 67 differs. Expected CP; Found AL
Value at index 69 differs. Expected CR; Found DV
Value at index 71 differs. Expected CT; Found DB
Value at index 73 differs. Expected CV; Found DA
Value at index 76 differs. Expected CY; Found ED
Value at index 77 differs. Expected CZ; Found EZ
Value at index 78 differs. Expected DA; Found CV
Value at index 79 differs. Expected DB; Found BE
Value at index 80 differs. Expected DC; Found DX
Value at index 82 differs. Expected DE; Found EV
Value at index 83 differs. Expected DF; Found DH
Value at index 85 differs. Expected DH; Found CK
Value at index 87 differs. Expected DJ; Found BA
Value at index 90 differs. Expected DM; Found DP
Value at index 92 differs. Expected DO; Found EQ
Value at index 93 differs. Expected DP; Found AC
Value at index 95 differs. Expected DR; Found BI
Value at index 96 differs. Expected DS; Found DJ
Value at index 97 differs. Expected DT; Found CC
Value at index 98 differs. Expected DU; Found FN
Value at index 99 differs. Expected DV; Found DZ
Value at index 101 differs. Expected DX; Found CR
Value at index 102 differs. Expected DY; Found DM
Value at index 103 differs. Expected DZ; Found BP
Value at index 105 differs. Expected EB; Found BJ
Value at index 106 differs. Expected EC; Found BH
Value at index 107 differs. Expected ED; Found FK
Value at index 108 differs. Expected EE; Found ES
Value at index 109 differs. Expected EF; Found AW
Value at index 111 differs. Expected EH; Found FI
Value at index 112 differs. Expected EI; Found DR
Value at index 113 differs. Expected EJ; Found ER
Value at index 114 differs. Expected EK; Found EP
Value at index 115 differs. Expected EL; Found CY
Value at index 118 differs. Expected EO; Found AH
Value at index 119 differs. Expected EP; Found EK
Value at index 120 differs. Expected EQ; Found CP
Value at index 121 differs. Expected ER; Found AX
Value at index 122 differs. Expected ES; Found BG
Value at index 123 differs. Expected ET; Found CN
Value at index 125 differs. Expected EV; Found FD
Value at index 127 differs. Expected EX; Found CE
Value at index 128 differs. Expected EY; Found BQ
Value at index 129 differs. Expected EZ; Found CZ
Value at index 131 differs. Expected FB; Found FM
Value at index 133 differs. Expected FD; Found FF
Value at index 134 differs. Expected FE; Found DE
Value at index 135 differs. Expected FF; Found FO
Value at index 136 differs. Expected FG; Found AQ
Value at index 137 differs. Expected FH; Found CM
Value at index 138 differs. Expected FI; Found EH
Value at index 140 differs. Expected FK; Found EL
Value at index 142 differs. Expected FM; Found FB
Value at index 143 differs. Expected FN; Found DU
Value at index 144 differs. Expected FO; Found AM
Value at index 146 differs. Expected FQ; Found BC

