Invalid read count. Expected: 130; Found: 110
Invalid write count. Expected: 40; Found: 32
Value at index 5 differs. Expected F; Found H
Value at index 6 differs. Expected G; Found I
Value at index 7 differs. Expected H; Found F
Value at index 8 differs. Expected I; Found G

Invalid read count. Expected: 31 530; Found: 24 258
Invalid write count. Expected: 9 180; Found: 7 310
Value at index 75 differs. Expected CX; Found DU
Value at index 76 differs. Expected CY; Found CX
Value at index 77 differs. Expected CZ; Found DD
Value at index 78 differs. Expected DA; Found FI
Value at index 79 differs. Expected DB; Found DL
Value at index 80 differs. Expected DC; Found CY
Value at index 81 differs. Expected DD; Found DE
Value at index 82 differs. Expected DE; Found EF
Value at index 83 differs. Expected DF; Found EM
Value at index 84 differs. Expected DG; Found FM
Value at index 85 differs. Expected DH; Found FS
Value at index 86 differs. Expected DI; Found EB
Value at index 87 differs. Expected DJ; Found EO
Value at index 88 differs. Expected DK; Found DF
Value at index 89 differs. Expected DL; Found EC
Value at index 90 differs. Expected DM; Found DZ
Value at index 91 differs. Expected DN; Found CZ
Value at index 92 differs. Expected DO; Found DA
Value at index 93 differs. Expected DP; Found DH
Value at index 94 differs. Expected DQ; Found FT
Value at index 95 differs. Expected DR; Found EU
Value at index 96 differs. Expected DS; Found EN
Value at index 97 differs. Expected DT; Found FC
Value at index 98 differs. Expected DU; Found DW
Value at index 99 differs. Expected DV; Found DC
Value at index 100 differs. Expected DW; Found DG
Value at index 101 differs. Expected DX; Found DI
Value at index 102 differs. Expected DY; Found DJ
Value at index 103 differs. Expected DZ; Found EQ
Value at index 104 differs. Expected EA; Found DX
Value at index 105 differs. Expected EB; Found DK
Value at index 106 differs. Expected EC; Found FE
Value at index 107 differs. Expected ED; Found EE
Value at index 108 differs. Expected EE; Found EJ
Value at index 109 differs. Expected EF; Found DM
Value at index 110 differs. Expected EG; Found FG
Value at index 111 differs. Expected EH; Found DN
Value at index 112 differs. Expected EI; Found EP
Value at index 113 differs. Expected EJ; Found DO
Value at index 114 differs. Expected EK; Found DP
Value at index 115 differs. Expected EL; Found DQ
Value at index 116 differs. Expected EM; Found DS
Value at index 117 differs. Expected EN; Found DT
Value at index 118 differs. Expected EO; Found DV
Value at index 119 differs. Expected EP; Found DY
Value at index 120 differs. Expected EQ; Found EK
Value at index 122 differs. Expected ES; Found FN
Value at index 123 differs. Expected ET; Found FL
Value at index 124 differs. Expected EU; Found FQ
Value at index 125 differs. Expected EV; Found EA
Value at index 126 differs. Expected EW; Found ED
Value at index 127 differs. Expected EX; Found EI
Value at index 128 differs. Expected EY; Found FD
Value at index 129 differs. Expected EZ; Found EG
Value at index 130 differs. Expected FA; Found FK
Value at index 131 differs. Expected FB; Found ES
Value at index 132 differs. Expected FC; Found FR
Value at index 133 differs. Expected FD; Found EV
Value at index 134 differs. Expected FE; Found ET
Value at index 135 differs. Expected FF; Found FJ
Value at index 136 differs. Expected FG; Found EX
Value at index 137 differs. Expected FH; Found EY
Value at index 138 differs. Expected FI; Found EZ
Value at index 139 differs. Expected FJ; Found FA
Value at index 140 differs. Expected FK; Found FB
Value at index 141 differs. Expected FL; Found FF
Value at index 142 differs. Expected FM; Found EW
Value at index 143 differs. Expected FN; Found FH
Value at index 144 differs. Expected FO; Found DR
Value at index 145 differs. Expected FP; Found EH
Value at index 146 differs. Expected FQ; Found FO
Value at index 147 differs. Expected FR; Found FP
Value at index 148 differs. Expected FS; Found EL
Value at index 149 differs. Expected FT; Found DB

