Invalid read count. Expected: 116; Found: 0
Invalid write count. Expected: 26; Found: 0
Value at index 0 differs. Expected A; Found H
Value at index 1 differs. Expected B; Found A
Value at index 7 differs. Expected H; Found I
Value at index 8 differs. Expected I; Found B

Invalid read count. Expected: 31 190; Found: 0
Invalid write count. Expected: 8 840; Found: 0
Value at index 0 differs. Expected AA; Found EA
Value at index 1 differs. Expected AB; Found EQ
Value at index 2 differs. Expected AC; Found FR
Value at index 3 differs. Expected AD; Found DP
Value at index 4 differs. Expected AE; Found CZ
Value at index 5 differs. Expected AF; Found DE
Value at index 7 differs. Expected AH; Found BJ
Value at index 8 differs. Expected AI; Found AE
Value at index 9 differs. Expected AJ; Found BQ
Value at index 11 differs. Expected AL; Found CO
Value at index 13 differs. Expected AN; Found DG
Value at index 14 differs. Expected AO; Found BC
Value at index 15 differs. Expected AP; Found DV
Value at index 19 differs. Expected AT; Found DZ
Value at index 21 differs. Expected AV; Found BU
Value at index 23 differs. Expected AX; Found AP
Value at index 24 differs. Expected AY; Found DL
Value at index 25 differs. Expected AZ; Found CG
Value at index 26 differs. Expected BA; Found CU
Value at index 27 differs. Expected BB; Found DK
Value at index 28 differs. Expected BC; Found DB
Value at index 29 differs. Expected BD; Found AD
Value at index 30 differs. Expected BE; Found EE
Value at index 32 differs. Expected BG; Found AL
Value at index 33 differs. Expected BH; Found DT
Value at index 34 differs. Expected BI; Found ES
Value at index 35 differs. Expected BJ; Found BI
Value at index 36 differs. Expected BK; Found DM
Value at index 37 differs. Expected BL; Found DY
Value at index 38 differs. Expected BM; Found AY
Value at index 39 differs. Expected BN; Found EZ
Value at index 41 differs. Expected BP; Found FB
Value at index 42 differs. Expected BQ; Found AJ
Value at index 43 differs. Expected BR; Found BG
Value at index 44 differs. Expected BS; Found DA
Value at index 45 differs. Expected BT; Found BP
Value at index 46 differs. Expected BU; Found FD
Value at index 47 differs. Expected BV; Found EJ
Value at index 49 differs. Expected BX; Found AC
Value at index 50 differs. Expected BY; Found FO
Value at index 51 differs. Expected BZ; Found CQ
Value at index 52 differs. Expected CA; Found EN
Value at index 53 differs. Expected CB; Found DJ
Value at index 54 differs. Expected CC; Found ET
Value at index 55 differs. Expected CD; Found AN
Value at index 58 differs. Expected CG; Found FK
Value at index 61 differs. Expected CJ; Found CK
Value at index 62 differs. Expected CK; Found CJ
Value at index 64 differs. Expected CM; Found FL
Value at index 66 differs. Expected CO; Found FA
Value at index 68 differs. Expected CQ; Found BA
Value at index 71 differs. Expected CT; Found CW
Value at index 72 differs. Expected CU; Found EF
Value at index 73 differs. Expected CV; Found BR
Value at index 74 differs. Expected CW; Found BE
Value at index 77 differs. Expected CZ; Found DR
Value at index 78 differs. Expected DA; Found BT
Value at index 79 differs. Expected DB; Found AV
Value at index 81 differs. Expected DD; Found EW
Value at index 82 differs. Expected DE; Found AF
Value at index 84 differs. Expected DG; Found FI
Value at index 86 differs. Expected DI; Found CT
Value at index 87 differs. Expected DJ; Found CB
Value at index 88 differs. Expected DK; Found BB
Value at index 89 differs. Expected DL; Found BM
Value at index 90 differs. Expected DM; Found AT
Value at index 93 differs. Expected DP; Found BD
Value at index 95 differs. Expected DR; Found AA
Value at index 96 differs. Expected DS; Found AX
Value at index 97 differs. Expected DT; Found BH
Value at index 98 differs. Expected DU; Found EB
Value at index 99 differs. Expected DV; Found BX
Value at index 102 differs. Expected DY; Found EC
Value at index 103 differs. Expected DZ; Found EG
Value at index 104 differs. Expected EA; Found AI
Value at index 105 differs. Expected EB; Found DU
Value at index 106 differs. Expected EC; Found BL
Value at index 108 differs. Expected EE; Found BS
Value at index 109 differs. Expected EF; Found FH
Value at index 110 differs. Expected EG; Found BK
Value at index 112 differs. Expected EI; Found EP
Value at index 113 differs. Expected EJ; Found BN
Value at index 115 differs. Expected EL; Found FC
Value at index 116 differs. Expected EM; Found EO
Value at index 117 differs. Expected EN; Found CA
Value at index 118 differs. Expected EO; Found EM
Value at index 119 differs. Expected EP; Found EI
Value at index 120 differs. Expected EQ; Found EL
Value at index 122 differs. Expected ES; Found AH
Value at index 123 differs. Expected ET; Found CC
Value at index 124 differs. Expected EU; Found FJ
Value at index 126 differs. Expected EW; Found FS
Value at index 129 differs. Expected EZ; Found FG
Value at index 130 differs. Expected FA; Found DI
Value at index 131 differs. Expected FB; Found CV
Value at index 132 differs. Expected FC; Found AB
Value at index 133 differs. Expected FD; Found AO
Value at index 136 differs. Expected FG; Found BV
Value at index 137 differs. Expected FH; Found BZ
Value at index 138 differs. Expected FI; Found CD
Value at index 139 differs. Expected FJ; Found EU
Value at index 140 differs. Expected FK; Found AZ
Value at index 141 differs. Expected FL; Found CM
Value at index 143 differs. Expected FN; Found FP
Value at index 144 differs. Expected FO; Found BY
Value at index 145 differs. Expected FP; Found FN
Value at index 147 differs. Expected FR; Found DS
Value at index 148 differs. Expected FS; Found DD

