Invalid read count. Expected: 112; Found: 0
Invalid write count. Expected: 22; Found: 0
Value at index 0 differs. Expected A; Found C
Value at index 2 differs. Expected C; Found A
Value at index 4 differs. Expected E; Found G
Value at index 5 differs. Expected F; Found J
Value at index 6 differs. Expected G; Found E
Value at index 9 differs. Expected J; Found F

Invalid read count. Expected: 29 746; Found: 0
Invalid write count. Expected: 7 396; Found: 0
Value at index 0 differs. Expected AA; Found FL
Value at index 1 differs. Expected AB; Found FK
Value at index 2 differs. Expected AC; Found DV
Value at index 4 differs. Expected AE; Found EE
Value at index 7 differs. Expected AH; Found EJ
Value at index 8 differs. Expected AI; Found CX
Value at index 9 differs. Expected AJ; Found AT
Value at index 11 differs. Expected AL; Found AH
Value at index 12 differs. Expected AM; Found BR
Value at index 14 differs. Expected AO; Found DE
Value at index 15 differs. Expected AP; Found DH
Value at index 16 differs. Expected AQ; Found EN
Value at index 17 differs. Expected AR; Found BE
Value at index 18 differs. Expected AS; Found BV
Value at index 19 differs. Expected AT; Found EQ
Value at index 20 differs. Expected AU; Found EK
Value at index 21 differs. Expected AV; Found AO
Value at index 22 differs. Expected AW; Found AP
Value at index 25 differs. Expected AZ; Found AA
Value at index 26 differs. Expected BA; Found EH
Value at index 27 differs. Expected BB; Found FP
Value at index 28 differs. Expected BC; Found CQ
Value at index 30 differs. Expected BE; Found AR
Value at index 31 differs. Expected BF; Found AU
Value at index 38 differs. Expected BM; Found EC
Value at index 43 differs. Expected BR; Found AM
Value at index 44 differs. Expected BS; Found AS
Value at index 45 differs. Expected BT; Found CN
Value at index 46 differs. Expected BU; Found BT
Value at index 47 differs. Expected BV; Found CI
Value at index 48 differs. Expected BW; Found AW
Value at index 50 differs. Expected BY; Found AB
Value at index 52 differs. Expected CA; Found DD
Value at index 53 differs. Expected CB; Found EW
Value at index 55 differs. Expected CD; Found BA
Value at index 58 differs. Expected CG; Found EA
Value at index 59 differs. Expected CH; Found EY
Value at index 60 differs. Expected CI; Found AC
Value at index 63 differs. Expected CL; Found DP
Value at index 65 differs. Expected CN; Found EP
Value at index 68 differs. Expected CQ; Found BC
Value at index 70 differs. Expected CS; Found CT
Value at index 71 differs. Expected CT; Found FE
Value at index 75 differs. Expected CX; Found AI
Value at index 76 differs. Expected CY; Found BB
Value at index 77 differs. Expected CZ; Found EF
Value at index 79 differs. Expected DB; Found BF
Value at index 80 differs. Expected DC; Found FQ
Value at index 81 differs. Expected DD; Found DT
Value at index 82 differs. Expected DE; Found DF
Value at index 83 differs. Expected DF; Found AV
Value at index 84 differs. Expected DG; Found DO
Value at index 85 differs. Expected DH; Found EZ
Value at index 86 differs. Expected DI; Found DC
Value at index 87 differs. Expected DJ; Found CH
Value at index 91 differs. Expected DN; Found DX
Value at index 92 differs. Expected DO; Found DG
Value at index 93 differs. Expected DP; Found AZ
Value at index 94 differs. Expected DQ; Found FF
Value at index 96 differs. Expected DS; Found EM
Value at index 97 differs. Expected DT; Found CA
Value at index 98 differs. Expected DU; Found EL
Value at index 99 differs. Expected DV; Found EX
Value at index 101 differs. Expected DX; Found DN
Value at index 104 differs. Expected EA; Found CG
Value at index 106 differs. Expected EC; Found BM
Value at index 108 differs. Expected EE; Found DS
Value at index 109 differs. Expected EF; Found ES
Value at index 111 differs. Expected EH; Found CD
Value at index 112 differs. Expected EI; Found FB
Value at index 113 differs. Expected EJ; Found AJ
Value at index 114 differs. Expected EK; Found DB
Value at index 115 differs. Expected EL; Found DU
Value at index 116 differs. Expected EM; Found AE
Value at index 117 differs. Expected EN; Found CZ
Value at index 118 differs. Expected EO; Found EI
Value at index 119 differs. Expected EP; Found BU
Value at index 120 differs. Expected EQ; Found AL
Value at index 122 differs. Expected ES; Found AQ
Value at index 126 differs. Expected EW; Found CB
Value at index 127 differs. Expected EX; Found BS
Value at index 128 differs. Expected EY; Found FA
Value at index 129 differs. Expected EZ; Found BW
Value at index 130 differs. Expected FA; Found DJ
Value at index 131 differs. Expected FB; Found EO
Value at index 134 differs. Expected FE; Found CS
Value at index 135 differs. Expected FF; Found FT
Value at index 140 differs. Expected FK; Found BY
Value at index 141 differs. Expected FL; Found CL
Value at index 145 differs. Expected FP; Found CY
Value at index 146 differs. Expected FQ; Found DI
Value at index 149 differs. Expected FT; Found DQ

