Invalid read count. Expected: 132; Found: 0
Invalid write count. Expected: 42; Found: 0
Value at index 0 differs. Expected A; Found G
Value at index 3 differs. Expected D; Found I
Value at index 4 differs. Expected E; Found H
Value at index 5 differs. Expected F; Found A
Value at index 6 differs. Expected G; Found J
Value at index 7 differs. Expected H; Found E
Value at index 8 differs. Expected I; Found D
Value at index 9 differs. Expected J; Found F

Invalid read count. Expected: 29 800; Found: 0
Invalid write count. Expected: 7 450; Found: 0
Value at index 2 differs. Expected AC; Found CT
Value at index 3 differs. Expected AD; Found AW
Value at index 7 differs. Expected AH; Found AN
Value at index 8 differs. Expected AI; Found CV
Value at index 9 differs. Expected AJ; Found DQ
Value at index 10 differs. Expected AK; Found BB
Value at index 11 differs. Expected AL; Found FR
Value at index 13 differs. Expected AN; Found AH
Value at index 14 differs. Expected AO; Found EU
Value at index 15 differs. Expected AP; Found DJ
Value at index 16 differs. Expected AQ; Found DW
Value at index 18 differs. Expected AS; Found BI
Value at index 19 differs. Expected AT; Found FA
Value at index 20 differs. Expected AU; Found CI
Value at index 21 differs. Expected AV; Found AQ
Value at index 22 differs. Expected AW; Found DP
Value at index 23 differs. Expected AX; Found EQ
Value at index 24 differs. Expected AY; Found BY
Value at index 26 differs. Expected BA; Found EC
Value at index 27 differs. Expected BB; Found EF
Value at index 28 differs. Expected BC; Found BM
Value at index 31 differs. Expected BF; Found AK
Value at index 34 differs. Expected BI; Found DT
Value at index 38 differs. Expected BM; Found BC
Value at index 41 differs. Expected BP; Found AO
Value at index 42 differs. Expected BQ; Found CS
Value at index 43 differs. Expected BR; Found CB
Value at index 44 differs. Expected BS; Found EG
Value at index 45 differs. Expected BT; Found ER
Value at index 48 differs. Expected BW; Found FG
Value at index 49 differs. Expected BX; Found CG
Value at index 50 differs. Expected BY; Found AY
Value at index 53 differs. Expected CB; Found BR
Value at index 56 differs. Expected CE; Found FN
Value at index 58 differs. Expected CG; Found BX
Value at index 60 differs. Expected CI; Found FE
Value at index 62 differs. Expected CK; Found EL
Value at index 63 differs. Expected CL; Found AL
Value at index 66 differs. Expected CO; Found BT
Value at index 69 differs. Expected CR; Found EZ
Value at index 70 differs. Expected CS; Found BQ
Value at index 71 differs. Expected CT; Found FS
Value at index 72 differs. Expected CU; Found BW
Value at index 73 differs. Expected CV; Found AI
Value at index 77 differs. Expected CZ; Found FM
Value at index 82 differs. Expected DE; Found FC
Value at index 84 differs. Expected DG; Found EM
Value at index 87 differs. Expected DJ; Found AP
Value at index 93 differs. Expected DP; Found AD
Value at index 94 differs. Expected DQ; Found FI
Value at index 95 differs. Expected DR; Found EW
Value at index 97 differs. Expected DT; Found AS
Value at index 98 differs. Expected DU; Found AV
Value at index 100 differs. Expected DW; Found FD
Value at index 106 differs. Expected EC; Found BP
Value at index 108 differs. Expected EE; Found AU
Value at index 109 differs. Expected EF; Found BF
Value at index 110 differs. Expected EG; Found EO
Value at index 111 differs. Expected EH; Found CK
Value at index 112 differs. Expected EI; Found CE
Value at index 115 differs. Expected EL; Found EH
Value at index 116 differs. Expected EM; Found DE
Value at index 118 differs. Expected EO; Found BS
Value at index 120 differs. Expected EQ; Found AX
Value at index 121 differs. Expected ER; Found CO
Value at index 124 differs. Expected EU; Found FO
Value at index 126 differs. Expected EW; Found FJ
Value at index 129 differs. Expected EZ; Found FH
Value at index 130 differs. Expected FA; Found AT
Value at index 132 differs. Expected FC; Found DG
Value at index 133 differs. Expected FD; Found DU
Value at index 134 differs. Expected FE; Found EE
Value at index 136 differs. Expected FG; Found CU
Value at index 137 differs. Expected FH; Found CR
Value at index 138 differs. Expected FI; Found AJ
Value at index 139 differs. Expected FJ; Found DR
Value at index 142 differs. Expected FM; Found CZ
Value at index 143 differs. Expected FN; Found EI
Value at index 144 differs. Expected FO; Found BA
Value at index 147 differs. Expected FR; Found CL
Value at index 148 differs. Expected FS; Found AC

