Invalid read count. Expected: 140; Found: 20
Invalid write count. Expected: 50; Found: 2
Value at index 0 differs. Expected A; Found B
Value at index 1 differs. Expected B; Found J
Value at index 3 differs. Expected D; Found I
Value at index 4 differs. Expected E; Found D
Value at index 5 differs. Expected F; Found G
Value at index 6 differs. Expected G; Found F
Value at index 8 differs. Expected I; Found A
Value at index 9 differs. Expected J; Found E

Invalid read count. Expected: 30 244; Found: 300
Invalid write count. Expected: 7 894; Found: 2
Value at index 0 differs. Expected AA; Found AB
Value at index 1 differs. Expected AB; Found EC
Value at index 2 differs. Expected AC; Found DP
Value at index 3 differs. Expected AD; Found CF
Value at index 4 differs. Expected AE; Found BH
Value at index 6 differs. Expected AG; Found DY
Value at index 7 differs. Expected AH; Found DH
Value at index 8 differs. Expected AI; Found AO
Value at index 9 differs. Expected AJ; Found CQ
Value at index 10 differs. Expected AK; Found BT
Value at index 14 differs. Expected AO; Found CW
Value at index 15 differs. Expected AP; Found BQ
Value at index 16 differs. Expected AQ; Found EB
Value at index 21 differs. Expected AV; Found DK
Value at index 23 differs. Expected AX; Found CK
Value at index 24 differs. Expected AY; Found CY
Value at index 25 differs. Expected AZ; Found CS
Value at index 27 differs. Expected BB; Found CB
Value at index 30 differs. Expected BE; Found CU
Value at index 31 differs. Expected BF; Found FO
Value at index 32 differs. Expected BG; Found DX
Value at index 33 differs. Expected BH; Found DD
Value at index 37 differs. Expected BL; Found DU
Value at index 38 differs. Expected BM; Found DA
Value at index 39 differs. Expected BN; Found FL
Value at index 40 differs. Expected BO; Found CC
Value at index 42 differs. Expected BQ; Found AK
Value at index 45 differs. Expected BT; Found CJ
Value at index 46 differs. Expected BU; Found AV
Value at index 47 differs. Expected BV; Found CZ
Value at index 48 differs. Expected BW; Found FA
Value at index 49 differs. Expected BX; Found CG
Value at index 51 differs. Expected BZ; Found DZ
Value at index 53 differs. Expected CB; Found BB
Value at index 54 differs. Expected CC; Found BO
Value at index 55 differs. Expected CD; Found FQ
Value at index 57 differs. Expected CF; Found AQ
Value at index 58 differs. Expected CG; Found AG
Value at index 59 differs. Expected CH; Found FR
Value at index 61 differs. Expected CJ; Found CT
Value at index 62 differs. Expected CK; Found EG
Value at index 64 differs. Expected CM; Found EE
Value at index 65 differs. Expected CN; Found BG
Value at index 66 differs. Expected CO; Found DF
Value at index 68 differs. Expected CQ; Found ER
Value at index 69 differs. Expected CR; Found DL
Value at index 70 differs. Expected CS; Found EH
Value at index 71 differs. Expected CT; Found AP
Value at index 72 differs. Expected CU; Found BE
Value at index 74 differs. Expected CW; Found DI
Value at index 75 differs. Expected CX; Found CH
Value at index 76 differs. Expected CY; Found AI
Value at index 77 differs. Expected CZ; Found BV
Value at index 78 differs. Expected DA; Found EO
Value at index 79 differs. Expected DB; Found EM
Value at index 80 differs. Expected DC; Found EP
Value at index 81 differs. Expected DD; Found AJ
Value at index 83 differs. Expected DF; Found CO
Value at index 85 differs. Expected DH; Found AH
Value at index 86 differs. Expected DI; Found EA
Value at index 88 differs. Expected DK; Found EU
Value at index 89 differs. Expected DL; Found FB
Value at index 90 differs. Expected DM; Found CD
Value at index 93 differs. Expected DP; Found DM
Value at index 95 differs. Expected DR; Found EZ
Value at index 98 differs. Expected DU; Found EX
Value at index 101 differs. Expected DX; Found CN
Value at index 102 differs. Expected DY; Found DR
Value at index 103 differs. Expected DZ; Found BZ
Value at index 104 differs. Expected EA; Found EJ
Value at index 105 differs. Expected EB; Found AD
Value at index 106 differs. Expected EC; Found AA
Value at index 108 differs. Expected EE; Found CM
Value at index 110 differs. Expected EG; Found AX
Value at index 111 differs. Expected EH; Found BL
Value at index 113 differs. Expected EJ; Found AY
Value at index 114 differs. Expected EK; Found BX
Value at index 115 differs. Expected EL; Found BN
Value at index 116 differs. Expected EM; Found FN
Value at index 118 differs. Expected EO; Found EL
Value at index 119 differs. Expected EP; Found FD
Value at index 121 differs. Expected ER; Found FJ
Value at index 122 differs. Expected ES; Found EW
Value at index 124 differs. Expected EU; Found AE
Value at index 126 differs. Expected EW; Found ES
Value at index 127 differs. Expected EX; Found AZ
Value at index 129 differs. Expected EZ; Found EK
Value at index 130 differs. Expected FA; Found FI
Value at index 131 differs. Expected FB; Found CR
Value at index 133 differs. Expected FD; Found DC
Value at index 138 differs. Expected FI; Found BW
Value at index 139 differs. Expected FJ; Found BU
Value at index 140 differs. Expected FK; Found FM
Value at index 141 differs. Expected FL; Found BM
Value at index 142 differs. Expected FM; Found FK
Value at index 143 differs. Expected FN; Found DB
Value at index 144 differs. Expected FO; Found BF
Value at index 146 differs. Expected FQ; Found AC
Value at index 147 differs. Expected FR; Found CX

