Invalid read count. Expected: 142; Found: 0
Invalid write count. Expected: 52; Found: 0
Value at index 0 differs. Expected A; Found I
Value at index 2 differs. Expected C; Found F
Value at index 3 differs. Expected D; Found H
Value at index 5 differs. Expected F; Found C
Value at index 7 differs. Expected H; Found J
Value at index 8 differs. Expected I; Found A
Value at index 9 differs. Expected J; Found D

Invalid read count. Expected: 31 132; Found: 0
Invalid write count. Expected: 8 782; Found: 0
Value at index 0 differs. Expected AA; Found CT
Value at index 1 differs. Expected AB; Found EK
Value at index 2 differs. Expected AC; Found EZ
Value at index 4 differs. Expected AE; Found DD
Value at index 5 differs. Expected AF; Found FB
Value at index 7 differs. Expected AH; Found AM
Value at index 8 differs. Expected AI; Found CZ
Value at index 10 differs. Expected AK; Found BH
Value at index 12 differs. Expected AM; Found AF
Value at index 13 differs. Expected AN; Found CK
Value at index 14 differs. Expected AO; Found BZ
Value at index 15 differs. Expected AP; Found CY
Value at index 16 differs. Expected AQ; Found DY
Value at index 17 differs. Expected AR; Found AA
Value at index 18 differs. Expected AS; Found DC
Value at index 24 differs. Expected AY; Found BY
Value at index 26 differs. Expected BA; Found AO
Value at index 27 differs. Expected BB; Found EV
Value at index 29 differs. Expected BD; Found AK
Value at index 30 differs. Expected BE; Found DJ
Value at index 31 differs. Expected BF; Found FM
Value at index 32 differs. Expected BG; Found EO
Value at index 33 differs. Expected BH; Found BG
Value at index 34 differs. Expected BI; Found DV
Value at index 35 differs. Expected BJ; Found FG
Value at index 36 differs. Expected BK; Found CW
Value at index 37 differs. Expected BL; Found BX
Value at index 40 differs. Expected BO; Found EU
Value at index 41 differs. Expected BP; Found EI
Value at index 42 differs. Expected BQ; Found CM
Value at index 44 differs. Expected BS; Found DZ
Value at index 45 differs. Expected BT; Found EQ
Value at index 46 differs. Expected BU; Found EN
Value at index 47 differs. Expected BV; Found EM
Value at index 48 differs. Expected BW; Found DQ
Value at index 49 differs. Expected BX; Found ER
Value at index 50 differs. Expected BY; Found AY
Value at index 51 differs. Expected BZ; Found BF
Value at index 53 differs. Expected CB; Found EE
Value at index 54 differs. Expected CC; Found DK
Value at index 55 differs. Expected CD; Found FR
Value at index 56 differs. Expected CE; Found DS
Value at index 57 differs. Expected CF; Found EA
Value at index 58 differs. Expected CG; Found DM
Value at index 59 differs. Expected CH; Found BL
Value at index 61 differs. Expected CJ; Found BD
Value at index 62 differs. Expected CK; Found AN
Value at index 63 differs. Expected CL; Found CJ
Value at index 64 differs. Expected CM; Found BQ
Value at index 69 differs. Expected CR; Found EH
Value at index 70 differs. Expected CS; Found BT
Value at index 71 differs. Expected CT; Found EY
Value at index 74 differs. Expected CW; Found BK
Value at index 76 differs. Expected CY; Found AP
Value at index 77 differs. Expected CZ; Found DU
Value at index 80 differs. Expected DC; Found FE
Value at index 81 differs. Expected DD; Found AE
Value at index 83 differs. Expected DF; Found DL
Value at index 87 differs. Expected DJ; Found AR
Value at index 88 differs. Expected DK; Found CE
Value at index 89 differs. Expected DL; Found DT
Value at index 90 differs. Expected DM; Found DF
Value at index 93 differs. Expected DP; Found BE
Value at index 94 differs. Expected DQ; Found BW
Value at index 95 differs. Expected DR; Found BS
Value at index 96 differs. Expected DS; Found DR
Value at index 97 differs. Expected DT; Found AQ
Value at index 98 differs. Expected DU; Found FP
Value at index 99 differs. Expected DV; Found BI
Value at index 102 differs. Expected DY; Found CG
Value at index 103 differs. Expected DZ; Found CC
Value at index 104 differs. Expected EA; Found CF
Value at index 108 differs. Expected EE; Found CB
Value at index 111 differs. Expected EH; Found CR
Value at index 112 differs. Expected EI; Found BP
Value at index 114 differs. Expected EK; Found AB
Value at index 115 differs. Expected EL; Found BO
Value at index 116 differs. Expected EM; Found BV
Value at index 117 differs. Expected EN; Found FJ
Value at index 118 differs. Expected EO; Found CL
Value at index 120 differs. Expected EQ; Found AC
Value at index 121 differs. Expected ER; Found BB
Value at index 124 differs. Expected EU; Found EL
Value at index 125 differs. Expected EV; Found BA
Value at index 128 differs. Expected EY; Found DP
Value at index 129 differs. Expected EZ; Found FN
Value at index 131 differs. Expected FB; Found FT
Value at index 132 differs. Expected FC; Found AI
Value at index 133 differs. Expected FD; Found CH
Value at index 134 differs. Expected FE; Found AS
Value at index 136 differs. Expected FG; Found BJ
Value at index 138 differs. Expected FI; Found FK
Value at index 139 differs. Expected FJ; Found BU
Value at index 140 differs. Expected FK; Found FD
Value at index 142 differs. Expected FM; Found FC
Value at index 143 differs. Expected FN; Found CS
Value at index 145 differs. Expected FP; Found FI
Value at index 147 differs. Expected FR; Found CD
Value at index 149 differs. Expected FT; Found AH

