Invalid read count. Expected: 96; Found: 0
Invalid write count. Expected: 6; Found: 0
Value at index 5 differs. Expected F; Found H
Value at index 7 differs. Expected H; Found F

Invalid read count. Expected: 29 750; Found: 0
Invalid write count. Expected: 7 400; Found: 0
Value at index 0 differs. Expected AA; Found BS
Value at index 1 differs. Expected AB; Found FB
Value at index 2 differs. Expected AC; Found EO
Value at index 3 differs. Expected AD; Found EJ
Value at index 5 differs. Expected AF; Found AT
Value at index 6 differs. Expected AG; Found CG
Value at index 7 differs. Expected AH; Found CQ
Value at index 8 differs. Expected AI; Found DU
Value at index 10 differs. Expected AK; Found BR
Value at index 11 differs. Expected AL; Found BZ
Value at index 14 differs. Expected AO; Found EH
Value at index 15 differs. Expected AP; Found DF
Value at index 19 differs. Expected AT; Found CZ
Value at index 21 differs. Expected AV; Found AF
Value at index 22 differs. Expected AW; Found BU
Value at index 23 differs. Expected AX; Found FE
Value at index 25 differs. Expected AZ; Found BN
Value at index 29 differs. Expected BD; Found DN
Value at index 30 differs. Expected BE; Found CS
Value at index 31 differs. Expected BF; Found EG
Value at index 32 differs. Expected BG; Found BE
Value at index 36 differs. Expected BK; Found CA
Value at index 38 differs. Expected BM; Found BQ
Value at index 39 differs. Expected BN; Found DH
Value at index 40 differs. Expected BO; Found BG
Value at index 41 differs. Expected BP; Found BW
Value at index 42 differs. Expected BQ; Found AI
Value at index 43 differs. Expected BR; Found AK
Value at index 44 differs. Expected BS; Found CL
Value at index 46 differs. Expected BU; Found DA
Value at index 47 differs. Expected BV; Found FI
Value at index 48 differs. Expected BW; Found BP
Value at index 51 differs. Expected BZ; Found AL
Value at index 52 differs. Expected CA; Found EB
Value at index 54 differs. Expected CC; Found FF
Value at index 55 differs. Expected CD; Found CU
Value at index 57 differs. Expected CF; Found CJ
Value at index 58 differs. Expected CG; Found AG
Value at index 59 differs. Expected CH; Found DQ
Value at index 61 differs. Expected CJ; Found AO
Value at index 62 differs. Expected CK; Found FR
Value at index 63 differs. Expected CL; Found EM
Value at index 64 differs. Expected CM; Found AH
Value at index 65 differs. Expected CN; Found EK
Value at index 67 differs. Expected CP; Found DW
Value at index 68 differs. Expected CQ; Found AA
Value at index 70 differs. Expected CS; Found BO
Value at index 71 differs. Expected CT; Found AP
Value at index 72 differs. Expected CU; Found CD
Value at index 75 differs. Expected CX; Found ER
Value at index 76 differs. Expected CY; Found AX
Value at index 77 differs. Expected CZ; Found AV
Value at index 78 differs. Expected DA; Found AZ
Value at index 80 differs. Expected DC; Found CM
Value at index 81 differs. Expected DD; Found FO
Value at index 82 differs. Expected DE; Found CC
Value at index 83 differs. Expected DF; Found FC
Value at index 84 differs. Expected DG; Found DE
Value at index 85 differs. Expected DH; Found DK
Value at index 88 differs. Expected DK; Found AW
Value at index 91 differs. Expected DN; Found BD
Value at index 94 differs. Expected DQ; Found FQ
Value at index 96 differs. Expected DS; Found EY
Value at index 97 differs. Expected DT; Found EV
Value at index 98 differs. Expected DU; Found BM
Value at index 99 differs. Expected DV; Found FT
Value at index 100 differs. Expected DW; Found EQ
Value at index 101 differs. Expected DX; Found AC
Value at index 102 differs. Expected DY; Found CN
Value at index 103 differs. Expected DZ; Found DV
Value at index 105 differs. Expected EB; Found BK
Value at index 107 differs. Expected ED; Found FH
Value at index 108 differs. Expected EE; Found FG
Value at index 110 differs. Expected EG; Found DX
Value at index 111 differs. Expected EH; Found CF
Value at index 113 differs. Expected EJ; Found AD
Value at index 114 differs. Expected EK; Found DY
Value at index 116 differs. Expected EM; Found DC
Value at index 117 differs. Expected EN; Found EP
Value at index 118 differs. Expected EO; Found DG
Value at index 119 differs. Expected EP; Found EN
Value at index 120 differs. Expected EQ; Found CP
Value at index 121 differs. Expected ER; Found CX
Value at index 125 differs. Expected EV; Found DT
Value at index 128 differs. Expected EY; Found DS
Value at index 130 differs. Expected FA; Found BF
Value at index 131 differs. Expected FB; Found FD
Value at index 132 differs. Expected FC; Found CH
Value at index 133 differs. Expected FD; Found AB
Value at index 134 differs. Expected FE; Found CK
Value at index 135 differs. Expected FF; Found FA
Value at index 136 differs. Expected FG; Found EE
Value at index 137 differs. Expected FH; Found ED
Value at index 138 differs. Expected FI; Found FL
Value at index 141 differs. Expected FL; Found BV
Value at index 144 differs. Expected FO; Found DD
Value at index 146 differs. Expected FQ; Found CT
Value at index 147 differs. Expected FR; Found CY
Value at index 149 differs. Expected FT; Found DZ

