Invalid read count. Expected: 118; Found: 104
Invalid write count. Expected: 28; Found: 14
Value at index 0 differs. Expected A; Found J
Value at index 1 differs. Expected B; Found A
Value at index 3 differs. Expected D; Found B
Value at index 4 differs. Expected E; Found I
Value at index 5 differs. Expected F; Found D
Value at index 6 differs. Expected G; Found H
Value at index 7 differs. Expected H; Found G
Value at index 8 differs. Expected I; Found F
Value at index 9 differs. Expected J; Found E

Invalid read count. Expected: 30 172; Found: 22 638
Invalid write count. Expected: 7 822; Found: 288
Value at index 0 differs. Expected AA; Found FT
Value at index 1 differs. Expected AB; Found AA
Value at index 2 differs. Expected AC; Found DS
Value at index 3 differs. Expected AD; Found AL
Value at index 4 differs. Expected AE; Found AD
Value at index 5 differs. Expected AF; Found FS
Value at index 6 differs. Expected AG; Found AY
Value at index 7 differs. Expected AH; Found BR
Value at index 8 differs. Expected AI; Found AC
Value at index 9 differs. Expected AJ; Found DC
Value at index 10 differs. Expected AK; Found AJ
Value at index 11 differs. Expected AL; Found DN
Value at index 12 differs. Expected AM; Found AH
Value at index 13 differs. Expected AN; Found FR
Value at index 14 differs. Expected AO; Found BG
Value at index 15 differs. Expected AP; Found BW
Value at index 16 differs. Expected AQ; Found AZ
Value at index 17 differs. Expected AR; Found BB
Value at index 18 differs. Expected AS; Found AR
Value at index 19 differs. Expected AT; Found CY
Value at index 20 differs. Expected AU; Found EA
Value at index 21 differs. Expected AV; Found CQ
Value at index 22 differs. Expected AW; Found EG
Value at index 23 differs. Expected AX; Found AW
Value at index 24 differs. Expected AY; Found EZ
Value at index 25 differs. Expected AZ; Found CL
Value at index 26 differs. Expected BA; Found CP
Value at index 27 differs. Expected BB; Found BA
Value at index 28 differs. Expected BC; Found CN
Value at index 29 differs. Expected BD; Found BI
Value at index 30 differs. Expected BE; Found BD
Value at index 31 differs. Expected BF; Found CZ
Value at index 32 differs. Expected BG; Found BF
Value at index 33 differs. Expected BH; Found AN
Value at index 34 differs. Expected BI; Found DB
Value at index 35 differs. Expected BJ; Found DM
Value at index 36 differs. Expected BK; Found CT
Value at index 37 differs. Expected BL; Found BK
Value at index 38 differs. Expected BM; Found AB
Value at index 39 differs. Expected BN; Found BQ
Value at index 40 differs. Expected BO; Found BN
Value at index 41 differs. Expected BP; Found EB
Value at index 42 differs. Expected BQ; Found BP
Value at index 43 differs. Expected BR; Found CM
Value at index 44 differs. Expected BS; Found AG
Value at index 45 differs. Expected BT; Found CF
Value at index 46 differs. Expected BU; Found DA
Value at index 47 differs. Expected BV; Found AX
Value at index 48 differs. Expected BW; Found ES
Value at index 49 differs. Expected BX; Found BJ
Value at index 50 differs. Expected BY; Found AM
Value at index 51 differs. Expected BZ; Found AQ
Value at index 52 differs. Expected CA; Found CB
Value at index 53 differs. Expected CB; Found CA
Value at index 54 differs. Expected CC; Found BZ
Value at index 55 differs. Expected CD; Found EK
Value at index 56 differs. Expected CE; Found CD
Value at index 57 differs. Expected CF; Found BY
Value at index 58 differs. Expected CG; Found BS
Value at index 59 differs. Expected CH; Found CG
Value at index 60 differs. Expected CI; Found CH
Value at index 61 differs. Expected CJ; Found BX
Value at index 62 differs. Expected CK; Found DY
Value at index 63 differs. Expected CL; Found FP
Value at index 64 differs. Expected CM; Found EH
Value at index 65 differs. Expected CN; Found EE
Value at index 66 differs. Expected CO; Found CC
Value at index 67 differs. Expected CP; Found EU
Value at index 68 differs. Expected CQ; Found EO
Value at index 69 differs. Expected CR; Found DX
Value at index 70 differs. Expected CS; Found CR
Value at index 71 differs. Expected CT; Found CS
Value at index 72 differs. Expected CU; Found FJ
Value at index 73 differs. Expected CV; Found CU
Value at index 74 differs. Expected CW; Found CV
Value at index 75 differs. Expected CX; Found BH
Value at index 76 differs. Expected CY; Found CX
Value at index 77 differs. Expected CZ; Found AS
Value at index 78 differs. Expected DA; Found BE
Value at index 79 differs. Expected DB; Found FQ
Value at index 80 differs. Expected DC; Found DT
Value at index 81 differs. Expected DD; Found AI
Value at index 82 differs. Expected DE; Found FD
Value at index 83 differs. Expected DF; Found AU
Value at index 84 differs. Expected DG; Found DF
Value at index 85 differs. Expected DH; Found DG
Value at index 86 differs. Expected DI; Found DH
Value at index 87 differs. Expected DJ; Found EF
Value at index 88 differs. Expected DK; Found EM
Value at index 89 differs. Expected DL; Found BO
Value at index 90 differs. Expected DM; Found DL
Value at index 91 differs. Expected DN; Found AE
Value at index 92 differs. Expected DO; Found DP
Value at index 93 differs. Expected DP; Found DO
Value at index 94 differs. Expected DQ; Found DE
Value at index 95 differs. Expected DR; Found DJ
Value at index 96 differs. Expected DS; Found AO
Value at index 97 differs. Expected DT; Found BL
Value at index 98 differs. Expected DU; Found CW
Value at index 99 differs. Expected DV; Found DU
Value at index 100 differs. Expected DW; Found DV
Value at index 101 differs. Expected DX; Found BC
Value at index 102 differs. Expected DY; Found EI
Value at index 103 differs. Expected DZ; Found CJ
Value at index 104 differs. Expected EA; Found DZ
Value at index 105 differs. Expected EB; Found FE
Value at index 106 differs. Expected EC; Found FO
Value at index 107 differs. Expected ED; Found EC
Value at index 108 differs. Expected EE; Found ED
Value at index 109 differs. Expected EF; Found FL
Value at index 110 differs. Expected EG; Found AK
Value at index 111 differs. Expected EH; Found AV
Value at index 112 differs. Expected EI; Found AF
Value at index 113 differs. Expected EJ; Found DI
Value at index 114 differs. Expected EK; Found EJ
Value at index 115 differs. Expected EL; Found EX
Value at index 116 differs. Expected EM; Found EL
Value at index 117 differs. Expected EN; Found DQ
Value at index 118 differs. Expected EO; Found EN
Value at index 119 differs. Expected EP; Found FA
Value at index 120 differs. Expected EQ; Found EP
Value at index 121 differs. Expected ER; Found FG
Value at index 122 differs. Expected ES; Found AT
Value at index 123 differs. Expected ET; Found BU
Value at index 124 differs. Expected EU; Found ET
Value at index 125 differs. Expected EV; Found CO
Value at index 126 differs. Expected EW; Found EV
Value at index 127 differs. Expected EX; Found EW
Value at index 128 differs. Expected EY; Found CE
Value at index 129 differs. Expected EZ; Found EQ
Value at index 130 differs. Expected FA; Found BV
Value at index 131 differs. Expected FB; Found DW
Value at index 132 differs. Expected FC; Found FB
Value at index 133 differs. Expected FD; Found FC
Value at index 134 differs. Expected FE; Found ER
Value at index 135 differs. Expected FF; Found DD
Value at index 136 differs. Expected FG; Found FF
Value at index 137 differs. Expected FH; Found EY
Value at index 138 differs. Expected FI; Found FH
Value at index 139 differs. Expected FJ; Found FI
Value at index 140 differs. Expected FK; Found CK
Value at index 141 differs. Expected FL; Found FK
Value at index 142 differs. Expected FM; Found BM
Value at index 144 differs. Expected FO; Found FM
Value at index 145 differs. Expected FP; Found DK
Value at index 146 differs. Expected FQ; Found DR
Value at index 147 differs. Expected FR; Found CI
Value at index 148 differs. Expected FS; Found BT
Value at index 149 differs. Expected FT; Found AP

