Invalid read count. Expected: 130; Found: 0
Invalid write count. Expected: 40; Found: 0
Value at index 2 differs. Expected C; Found G
Value at index 3 differs. Expected D; Found J
Value at index 4 differs. Expected E; Found H
Value at index 5 differs. Expected F; Found C
Value at index 6 differs. Expected G; Found I
Value at index 7 differs. Expected H; Found F
Value at index 8 differs. Expected I; Found E
Value at index 9 differs. Expected J; Found D

Invalid read count. Expected: 31,588; Found: 0
Invalid write count. Expected: 9,238; Found: 0
Value at index 0 differs. Expected AA; Found CB
Value at index 1 differs. Expected AB; Found ER
Value at index 2 differs. Expected AC; Found CG
Value at index 3 differs. Expected AD; Found BT
Value at index 5 differs. Expected AF; Found CQ
Value at index 6 differs. Expected AG; Found EP
Value at index 7 differs. Expected AH; Found DB
Value at index 8 differs. Expected AI; Found CH
Value at index 9 differs. Expected AJ; Found CE
Value at index 10 differs. Expected AK; Found FP
Value at index 11 differs. Expected AL; Found CW
Value at index 12 differs. Expected AM; Found DY
Value at index 13 differs. Expected AN; Found FM
Value at index 14 differs. Expected AO; Found DD
Value at index 16 differs. Expected AQ; Found AK
Value at index 17 differs. Expected AR; Found EC
Value at index 18 differs. Expected AS; Found AT
Value at index 19 differs. Expected AT; Found BU
Value at index 20 differs. Expected AU; Found FA
Value at index 21 differs. Expected AV; Found CU
Value at index 22 differs. Expected AW; Found DW
Value at index 23 differs. Expected AX; Found CO
Value at index 24 differs. Expected AY; Found FN
Value at index 25 differs. Expected AZ; Found EZ
Value at index 28 differs. Expected BC; Found BD
Value at index 29 differs. Expected BD; Found BC
Value at index 30 differs. Expected BE; Found FK
Value at index 32 differs. Expected BG; Found DM
Value at index 34 differs. Expected BI; Found DI
Value at index 35 differs. Expected BJ; Found AN
Value at index 37 differs. Expected BL; Found FO
Value at index 38 differs. Expected BM; Found CX
Value at index 39 differs. Expected BN; Found EK
Value at index 41 differs. Expected BP; Found DQ
Value at index 42 differs. Expected BQ; Found ED
Value at index 45 differs. Expected BT; Found AD
Value at index 46 differs. Expected BU; Found AS
Value at index 48 differs. Expected BW; Found EA
Value at index 49 differs. Expected BX; Found BQ
Value at index 50 differs. Expected BY; Found EX
Value at index 52 differs. Expected CA; Found AY
Value at index 53 differs. Expected CB; Found AA
Value at index 56 differs. Expected CE; Found EB
Value at index 58 differs. Expected CG; Found AC
Value at index 59 differs. Expected CH; Found EI
Value at index 62 differs. Expected CK; Found AZ
Value at index 63 differs. Expected CL; Found CY
Value at index 65 differs. Expected CN; Found ET
Value at index 66 differs. Expected CO; Found AX
Value at index 68 differs. Expected CQ; Found DJ
Value at index 69 differs. Expected CR; Found DL
Value at index 72 differs. Expected CU; Found AV
Value at index 73 differs. Expected CV; Found FF
Value at index 74 differs. Expected CW; Found AL
Value at index 75 differs. Expected CX; Found AO
Value at index 76 differs. Expected CY; Found CN
Value at index 79 differs. Expected DB; Found AH
Value at index 81 differs. Expected DD; Found BM
Value at index 86 differs. Expected DI; Found BI
Value at index 87 differs. Expected DJ; Found AG
Value at index 89 differs. Expected DL; Found CR
Value at index 90 differs. Expected DM; Found BG
Value at index 94 differs. Expected DQ; Found BP
Value at index 97 differs. Expected DT; Found FC
Value at index 99 differs. Expected DV; Found BN
Value at index 100 differs. Expected DW; Found CV
Value at index 101 differs. Expected DX; Found AJ
Value at index 102 differs. Expected DY; Found DX
Value at index 104 differs. Expected EA; Found BW
Value at index 105 differs. Expected EB; Found EO
Value at index 106 differs. Expected EC; Found EM
Value at index 107 differs. Expected ED; Found EF
Value at index 109 differs. Expected EF; Found BX
Value at index 111 differs. Expected EH; Found BL
Value at index 112 differs. Expected EI; Found EH
Value at index 114 differs. Expected EK; Found DV
Value at index 116 differs. Expected EM; Found AI
Value at index 118 differs. Expected EO; Found AM
Value at index 119 differs. Expected EP; Found BE
Value at index 121 differs. Expected ER; Found AB
Value at index 123 differs. Expected ET; Found AR
Value at index 124 differs. Expected EU; Found AU
Value at index 127 differs. Expected EX; Found DT
Value at index 128 differs. Expected EY; Found FQ
Value at index 129 differs. Expected EZ; Found CK
Value at index 130 differs. Expected FA; Found EU
Value at index 132 differs. Expected FC; Found BY
Value at index 135 differs. Expected FF; Found AW
Value at index 140 differs. Expected FK; Found AQ
Value at index 142 differs. Expected FM; Found BJ
Value at index 143 differs. Expected FN; Found CA
Value at index 144 differs. Expected FO; Found CL
Value at index 145 differs. Expected FP; Found FS
Value at index 146 differs. Expected FQ; Found EY
Value at index 148 differs. Expected FS; Found AF

