Invalid read count. Expected: 118; Found: 0
Invalid write count. Expected: 28; Found: 0
Value at index 1 differs. Expected B; Found C
Value at index 2 differs. Expected C; Found B
Value at index 3 differs. Expected D; Found J
Value at index 4 differs. Expected E; Found D
Value at index 5 differs. Expected F; Found H
Value at index 7 differs. Expected H; Found F
Value at index 9 differs. Expected J; Found E

Invalid read count. Expected: 30 172; Found: 0
Invalid write count. Expected: 7 822; Found: 0
Value at index 1 differs. Expected AB; Found DS
Value at index 2 differs. Expected AC; Found AL
Value at index 4 differs. Expected AE; Found FS
Value at index 5 differs. Expected AF; Found AY
Value at index 6 differs. Expected AG; Found BR
Value at index 7 differs. Expected AH; Found AC
Value at index 8 differs. Expected AI; Found DC
Value at index 10 differs. Expected AK; Found DN
Value at index 11 differs. Expected AL; Found AH
Value at index 12 differs. Expected AM; Found FT
Value at index 13 differs. Expected AN; Found BG
Value at index 14 differs. Expected AO; Found BW
Value at index 15 differs. Expected AP; Found AZ
Value at index 16 differs. Expected AQ; Found BB
Value at index 18 differs. Expected AS; Found CY
Value at index 19 differs. Expected AT; Found EA
Value at index 20 differs. Expected AU; Found CQ
Value at index 21 differs. Expected AV; Found EG
Value at index 23 differs. Expected AX; Found EZ
Value at index 24 differs. Expected AY; Found CL
Value at index 25 differs. Expected AZ; Found CP
Value at index 27 differs. Expected BB; Found CN
Value at index 28 differs. Expected BC; Found BI
Value at index 30 differs. Expected BE; Found CZ
Value at index 32 differs. Expected BG; Found AN
Value at index 33 differs. Expected BH; Found DB
Value at index 34 differs. Expected BI; Found DM
Value at index 35 differs. Expected BJ; Found CT
Value at index 37 differs. Expected BL; Found AB
Value at index 38 differs. Expected BM; Found BQ
Value at index 40 differs. Expected BO; Found EB
Value at index 42 differs. Expected BQ; Found CM
Value at index 43 differs. Expected BR; Found AG
Value at index 44 differs. Expected BS; Found CF
Value at index 45 differs. Expected BT; Found DA
Value at index 46 differs. Expected BU; Found AX
Value at index 47 differs. Expected BV; Found ES
Value at index 48 differs. Expected BW; Found BJ
Value at index 49 differs. Expected BX; Found AM
Value at index 50 differs. Expected BY; Found AQ
Value at index 51 differs. Expected BZ; Found CB
Value at index 53 differs. Expected CB; Found BZ
Value at index 54 differs. Expected CC; Found EK
Value at index 56 differs. Expected CE; Found BY
Value at index 57 differs. Expected CF; Found BS
Value at index 60 differs. Expected CI; Found BX
Value at index 61 differs. Expected CJ; Found DY
Value at index 62 differs. Expected CK; Found FP
Value at index 63 differs. Expected CL; Found EH
Value at index 64 differs. Expected CM; Found EE
Value at index 65 differs. Expected CN; Found CC
Value at index 66 differs. Expected CO; Found EU
Value at index 67 differs. Expected CP; Found EO
Value at index 68 differs. Expected CQ; Found DX
Value at index 71 differs. Expected CT; Found FJ
Value at index 74 differs. Expected CW; Found BH
Value at index 76 differs. Expected CY; Found AS
Value at index 77 differs. Expected CZ; Found BE
Value at index 78 differs. Expected DA; Found FR
Value at index 79 differs. Expected DB; Found DT
Value at index 80 differs. Expected DC; Found AI
Value at index 81 differs. Expected DD; Found FD
Value at index 82 differs. Expected DE; Found AU
Value at index 86 differs. Expected DI; Found EF
Value at index 87 differs. Expected DJ; Found EM
Value at index 88 differs. Expected DK; Found BO
Value at index 90 differs. Expected DM; Found AE
Value at index 91 differs. Expected DN; Found DP
Value at index 93 differs. Expected DP; Found DE
Value at index 94 differs. Expected DQ; Found DJ
Value at index 95 differs. Expected DR; Found AO
Value at index 96 differs. Expected DS; Found BL
Value at index 97 differs. Expected DT; Found CW
Value at index 100 differs. Expected DW; Found BC
Value at index 101 differs. Expected DX; Found EI
Value at index 102 differs. Expected DY; Found CJ
Value at index 104 differs. Expected EA; Found FE
Value at index 105 differs. Expected EB; Found FO
Value at index 108 differs. Expected EE; Found FL
Value at index 109 differs. Expected EF; Found AK
Value at index 110 differs. Expected EG; Found AV
Value at index 111 differs. Expected EH; Found AF
Value at index 112 differs. Expected EI; Found DI
Value at index 114 differs. Expected EK; Found EX
Value at index 116 differs. Expected EM; Found DQ
Value at index 118 differs. Expected EO; Found FA
Value at index 120 differs. Expected EQ; Found FG
Value at index 121 differs. Expected ER; Found AT
Value at index 122 differs. Expected ES; Found BU
Value at index 124 differs. Expected EU; Found CO
Value at index 127 differs. Expected EX; Found CE
Value at index 128 differs. Expected EY; Found EQ
Value at index 129 differs. Expected EZ; Found BV
Value at index 130 differs. Expected FA; Found DW
Value at index 133 differs. Expected FD; Found ER
Value at index 134 differs. Expected FE; Found DD
Value at index 136 differs. Expected FG; Found EY
Value at index 139 differs. Expected FJ; Found CK
Value at index 141 differs. Expected FL; Found BM
Value at index 142 differs. Expected FM; Found FQ
Value at index 144 differs. Expected FO; Found DK
Value at index 145 differs. Expected FP; Found DR
Value at index 146 differs. Expected FQ; Found FM
Value at index 147 differs. Expected FR; Found BT
Value at index 148 differs. Expected FS; Found AP
Value at index 149 differs. Expected FT; Found CI

