Invalid read count. Expected: 118; Found: 0
Invalid write count. Expected: 28; Found: 0
Value at index 0 differs. Expected A; Found H
Value at index 6 differs. Expected G; Found A
Value at index 7 differs. Expected H; Found I
Value at index 8 differs. Expected I; Found J
Value at index 9 differs. Expected J; Found G

Invalid read count. Expected: 31 754; Found: 0
Invalid write count. Expected: 9 404; Found: 0
Value at index 2 differs. Expected AC; Found CC
Value at index 3 differs. Expected AD; Found AX
Value at index 4 differs. Expected AE; Found DE
Value at index 5 differs. Expected AF; Found DH
Value at index 6 differs. Expected AG; Found FK
Value at index 8 differs. Expected AI; Found BM
Value at index 9 differs. Expected AJ; Found BI
Value at index 11 differs. Expected AL; Found EF
Value at index 12 differs. Expected AM; Found EG
Value at index 13 differs. Expected AN; Found AE
Value at index 14 differs. Expected AO; Found FP
Value at index 15 differs. Expected AP; Found DC
Value at index 17 differs. Expected AR; Found CE
Value at index 18 differs. Expected AS; Found FO
Value at index 19 differs. Expected AT; Found DT
Value at index 20 differs. Expected AU; Found DJ
Value at index 21 differs. Expected AV; Found DI
Value at index 22 differs. Expected AW; Found CS
Value at index 23 differs. Expected AX; Found AD
Value at index 26 differs. Expected BA; Found DF
Value at index 27 differs. Expected BB; Found FH
Value at index 29 differs. Expected BD; Found FC
Value at index 30 differs. Expected BE; Found BJ
Value at index 31 differs. Expected BF; Found AF
Value at index 32 differs. Expected BG; Found CZ
Value at index 33 differs. Expected BH; Found BZ
Value at index 34 differs. Expected BI; Found FD
Value at index 35 differs. Expected BJ; Found BE
Value at index 36 differs. Expected BK; Found FI
Value at index 37 differs. Expected BL; Found DL
Value at index 38 differs. Expected BM; Found AI
Value at index 39 differs. Expected BN; Found CR
Value at index 42 differs. Expected BQ; Found BV
Value at index 43 differs. Expected BR; Found EY
Value at index 44 differs. Expected BS; Found DP
Value at index 47 differs. Expected BV; Found DR
Value at index 48 differs. Expected BW; Found EE
Value at index 49 differs. Expected BX; Found BG
Value at index 50 differs. Expected BY; Found DZ
Value at index 51 differs. Expected BZ; Found DA
Value at index 54 differs. Expected CC; Found CU
Value at index 56 differs. Expected CE; Found AR
Value at index 58 differs. Expected CG; Found CK
Value at index 60 differs. Expected CI; Found CM
Value at index 62 differs. Expected CK; Found CW
Value at index 63 differs. Expected CL; Found BY
Value at index 64 differs. Expected CM; Found FR
Value at index 65 differs. Expected CN; Found EL
Value at index 68 differs. Expected CQ; Found BA
Value at index 69 differs. Expected CR; Found BN
Value at index 70 differs. Expected CS; Found AO
Value at index 72 differs. Expected CU; Found FG
Value at index 73 differs. Expected CV; Found AT
Value at index 74 differs. Expected CW; Found BH
Value at index 76 differs. Expected CY; Found FF
Value at index 77 differs. Expected CZ; Found ES
Value at index 78 differs. Expected DA; Found EO
Value at index 80 differs. Expected DC; Found AP
Value at index 82 differs. Expected DE; Found AN
Value at index 83 differs. Expected DF; Found CQ
Value at index 85 differs. Expected DH; Found DK
Value at index 86 differs. Expected DI; Found FQ
Value at index 87 differs. Expected DJ; Found AJ
Value at index 88 differs. Expected DK; Found EB
Value at index 89 differs. Expected DL; Found BL
Value at index 91 differs. Expected DN; Found FN
Value at index 93 differs. Expected DP; Found EJ
Value at index 94 differs. Expected DQ; Found EN
Value at index 95 differs. Expected DR; Found ER
Value at index 96 differs. Expected DS; Found AM
Value at index 97 differs. Expected DT; Found DX
Value at index 100 differs. Expected DW; Found ED
Value at index 101 differs. Expected DX; Found AV
Value at index 102 differs. Expected DY; Found FJ
Value at index 103 differs. Expected DZ; Found EM
Value at index 104 differs. Expected EA; Found DW
Value at index 105 differs. Expected EB; Found CN
Value at index 106 differs. Expected EC; Found FL
Value at index 107 differs. Expected ED; Found EA
Value at index 108 differs. Expected EE; Found BF
Value at index 109 differs. Expected EF; Found AC
Value at index 110 differs. Expected EG; Found EK
Value at index 113 differs. Expected EJ; Found BS
Value at index 114 differs. Expected EK; Found DS
Value at index 115 differs. Expected EL; Found AG
Value at index 116 differs. Expected EM; Found CL
Value at index 117 differs. Expected EN; Found DQ
Value at index 118 differs. Expected EO; Found CG
Value at index 121 differs. Expected ER; Found BQ
Value at index 122 differs. Expected ES; Found BX
Value at index 124 differs. Expected EU; Found FE
Value at index 125 differs. Expected EV; Found AU
Value at index 128 differs. Expected EY; Found BR
Value at index 130 differs. Expected FA; Found FT
Value at index 132 differs. Expected FC; Found BD
Value at index 133 differs. Expected FD; Found EV
Value at index 134 differs. Expected FE; Found EU
Value at index 135 differs. Expected FF; Found CY
Value at index 136 differs. Expected FG; Found AL
Value at index 137 differs. Expected FH; Found BB
Value at index 138 differs. Expected FI; Found BK
Value at index 139 differs. Expected FJ; Found DY
Value at index 140 differs. Expected FK; Found BW
Value at index 141 differs. Expected FL; Found EC
Value at index 143 differs. Expected FN; Found DN
Value at index 144 differs. Expected FO; Found AS
Value at index 145 differs. Expected FP; Found AW
Value at index 146 differs. Expected FQ; Found CV
Value at index 147 differs. Expected FR; Found CI
Value at index 149 differs. Expected FT; Found FA

