Invalid read count. Expected: 134; Found: 0
Invalid write count. Expected: 44; Found: 0
Value at index 1 differs. Expected B; Found G
Value at index 2 differs. Expected C; Found H
Value at index 3 differs. Expected D; Found I
Value at index 6 differs. Expected G; Found C
Value at index 7 differs. Expected H; Found B
Value at index 8 differs. Expected I; Found D

Invalid read count. Expected: 31 114; Found: 0
Invalid write count. Expected: 8 764; Found: 0
Value at index 0 differs. Expected AA; Found EG
Value at index 2 differs. Expected AC; Found BY
Value at index 3 differs. Expected AD; Found BH
Value at index 4 differs. Expected AE; Found DB
Value at index 5 differs. Expected AF; Found EM
Value at index 6 differs. Expected AG; Found FL
Value at index 7 differs. Expected AH; Found EK
Value at index 8 differs. Expected AI; Found DJ
Value at index 12 differs. Expected AM; Found AG
Value at index 13 differs. Expected AN; Found CN
Value at index 14 differs. Expected AO; Found AT
Value at index 15 differs. Expected AP; Found EI
Value at index 16 differs. Expected AQ; Found CM
Value at index 18 differs. Expected AS; Found DD
Value at index 19 differs. Expected AT; Found AO
Value at index 20 differs. Expected AU; Found EF
Value at index 21 differs. Expected AV; Found DX
Value at index 22 differs. Expected AW; Found BQ
Value at index 23 differs. Expected AX; Found DE
Value at index 25 differs. Expected AZ; Found DI
Value at index 28 differs. Expected BC; Found FS
Value at index 29 differs. Expected BD; Found EU
Value at index 30 differs. Expected BE; Found EV
Value at index 31 differs. Expected BF; Found BX
Value at index 32 differs. Expected BG; Found DG
Value at index 33 differs. Expected BH; Found BZ
Value at index 34 differs. Expected BI; Found AX
Value at index 35 differs. Expected BJ; Found DV
Value at index 36 differs. Expected BK; Found DN
Value at index 40 differs. Expected BO; Found AW
Value at index 41 differs. Expected BP; Found DH
Value at index 42 differs. Expected BQ; Found BO
Value at index 43 differs. Expected BR; Found DU
Value at index 45 differs. Expected BT; Found AQ
Value at index 49 differs. Expected BX; Found BF
Value at index 50 differs. Expected BY; Found AC
Value at index 51 differs. Expected BZ; Found CX
Value at index 52 differs. Expected CA; Found DF
Value at index 53 differs. Expected CB; Found EZ
Value at index 55 differs. Expected CD; Found ES
Value at index 56 differs. Expected CE; Found DK
Value at index 57 differs. Expected CF; Found CD
Value at index 59 differs. Expected CH; Found EJ
Value at index 62 differs. Expected CK; Found BD
Value at index 63 differs. Expected CL; Found AM
Value at index 64 differs. Expected CM; Found BE
Value at index 65 differs. Expected CN; Found AN
Value at index 66 differs. Expected CO; Found CW
Value at index 68 differs. Expected CQ; Found CA
Value at index 69 differs. Expected CR; Found FB
Value at index 73 differs. Expected CV; Found DR
Value at index 74 differs. Expected CW; Found CQ
Value at index 75 differs. Expected CX; Found FN
Value at index 76 differs. Expected CY; Found FR
Value at index 79 differs. Expected DB; Found AZ
Value at index 80 differs. Expected DC; Found AE
Value at index 81 differs. Expected DD; Found FG
Value at index 82 differs. Expected DE; Found DC
Value at index 83 differs. Expected DF; Found AD
Value at index 84 differs. Expected DG; Found FT
Value at index 85 differs. Expected DH; Found EX
Value at index 86 differs. Expected DI; Found CV
Value at index 87 differs. Expected DJ; Found AU
Value at index 88 differs. Expected DK; Found CE
Value at index 89 differs. Expected DL; Found BJ
Value at index 91 differs. Expected DN; Found BK
Value at index 94 differs. Expected DQ; Found CF
Value at index 95 differs. Expected DR; Found AI
Value at index 98 differs. Expected DU; Found FH
Value at index 99 differs. Expected DV; Found BI
Value at index 101 differs. Expected DX; Found AV
Value at index 105 differs. Expected EB; Found EQ
Value at index 108 differs. Expected EE; Found EL
Value at index 109 differs. Expected EF; Found EN
Value at index 110 differs. Expected EG; Found AA
Value at index 112 differs. Expected EI; Found DQ
Value at index 113 differs. Expected EJ; Found CH
Value at index 114 differs. Expected EK; Found CB
Value at index 115 differs. Expected EL; Found EE
Value at index 116 differs. Expected EM; Found AF
Value at index 117 differs. Expected EN; Found EB
Value at index 118 differs. Expected EO; Found FK
Value at index 120 differs. Expected EQ; Found DL
Value at index 122 differs. Expected ES; Found CR
Value at index 124 differs. Expected EU; Found CK
Value at index 125 differs. Expected EV; Found BT
Value at index 126 differs. Expected EW; Found CY
Value at index 127 differs. Expected EX; Found BP
Value at index 129 differs. Expected EZ; Found AH
Value at index 131 differs. Expected FB; Found AP
Value at index 136 differs. Expected FG; Found EO
Value at index 137 differs. Expected FH; Found BR
Value at index 138 differs. Expected FI; Found CO
Value at index 140 differs. Expected FK; Found AS
Value at index 141 differs. Expected FL; Found CL
Value at index 143 differs. Expected FN; Found FI
Value at index 147 differs. Expected FR; Found EW
Value at index 148 differs. Expected FS; Found BC
Value at index 149 differs. Expected FT; Found BG

