Invalid read count. Expected: 136; Found: 0
Invalid write count. Expected: 46; Found: 0
Value at index 1 differs. Expected B; Found J
Value at index 4 differs. Expected E; Found I
Value at index 5 differs. Expected F; Found G
Value at index 6 differs. Expected G; Found F
Value at index 8 differs. Expected I; Found E
Value at index 9 differs. Expected J; Found B

Invalid read count. Expected: 31 142; Found: 0
Invalid write count. Expected: 8 792; Found: 0
Value at index 0 differs. Expected AA; Found ED
Value at index 1 differs. Expected AB; Found DK
Value at index 2 differs. Expected AC; Found DL
Value at index 4 differs. Expected AE; Found BP
Value at index 6 differs. Expected AG; Found DR
Value at index 7 differs. Expected AH; Found AT
Value at index 8 differs. Expected AI; Found AG
Value at index 10 differs. Expected AK; Found FP
Value at index 14 differs. Expected AO; Found FT
Value at index 15 differs. Expected AP; Found EL
Value at index 16 differs. Expected AQ; Found BQ
Value at index 17 differs. Expected AR; Found AZ
Value at index 18 differs. Expected AS; Found EB
Value at index 19 differs. Expected AT; Found BY
Value at index 20 differs. Expected AU; Found BE
Value at index 21 differs. Expected AV; Found FM
Value at index 22 differs. Expected AW; Found BL
Value at index 23 differs. Expected AX; Found FE
Value at index 25 differs. Expected AZ; Found EC
Value at index 27 differs. Expected BB; Found ES
Value at index 28 differs. Expected BC; Found DS
Value at index 30 differs. Expected BE; Found FO
Value at index 32 differs. Expected BG; Found AK
Value at index 34 differs. Expected BI; Found AP
Value at index 35 differs. Expected BJ; Found BG
Value at index 37 differs. Expected BL; Found AO
Value at index 38 differs. Expected BM; Found EI
Value at index 39 differs. Expected BN; Found CD
Value at index 40 differs. Expected BO; Found DM
Value at index 41 differs. Expected BP; Found EV
Value at index 42 differs. Expected BQ; Found AQ
Value at index 43 differs. Expected BR; Found ET
Value at index 45 differs. Expected BT; Found BX
Value at index 49 differs. Expected BX; Found ER
Value at index 50 differs. Expected BY; Found DT
Value at index 51 differs. Expected BZ; Found CJ
Value at index 52 differs. Expected CA; Found BI
Value at index 53 differs. Expected CB; Found DO
Value at index 55 differs. Expected CD; Found BN
Value at index 56 differs. Expected CE; Found BC
Value at index 57 differs. Expected CF; Found DI
Value at index 58 differs. Expected CG; Found EF
Value at index 59 differs. Expected CH; Found CZ
Value at index 60 differs. Expected CI; Found AB
Value at index 61 differs. Expected CJ; Found CX
Value at index 64 differs. Expected CM; Found EY
Value at index 69 differs. Expected CR; Found CG
Value at index 72 differs. Expected CU; Found EQ
Value at index 73 differs. Expected CV; Found DP
Value at index 75 differs. Expected CX; Found AW
Value at index 76 differs. Expected CY; Found FH
Value at index 77 differs. Expected CZ; Found DE
Value at index 80 differs. Expected DC; Found DJ
Value at index 81 differs. Expected DD; Found CF
Value at index 82 differs. Expected DE; Found CH
Value at index 83 differs. Expected DF; Found AV
Value at index 84 differs. Expected DG; Found DN
Value at index 86 differs. Expected DI; Found DD
Value at index 87 differs. Expected DJ; Found FB
Value at index 88 differs. Expected DK; Found CI
Value at index 89 differs. Expected DL; Found DU
Value at index 90 differs. Expected DM; Found BO
Value at index 91 differs. Expected DN; Found EX
Value at index 92 differs. Expected DO; Found BM
Value at index 93 differs. Expected DP; Found CV
Value at index 95 differs. Expected DR; Found EH
Value at index 96 differs. Expected DS; Found CE
Value at index 97 differs. Expected DT; Found CU
Value at index 98 differs. Expected DU; Found AC
Value at index 100 differs. Expected DW; Found BT
Value at index 102 differs. Expected DY; Found EA
Value at index 104 differs. Expected EA; Found EM
Value at index 105 differs. Expected EB; Found DY
Value at index 106 differs. Expected EC; Found AR
Value at index 107 differs. Expected ED; Found EU
Value at index 108 differs. Expected EE; Found EZ
Value at index 109 differs. Expected EF; Found EJ
Value at index 111 differs. Expected EH; Found DW
Value at index 112 differs. Expected EI; Found EO
Value at index 113 differs. Expected EJ; Found CM
Value at index 115 differs. Expected EL; Found FJ
Value at index 116 differs. Expected EM; Found AS
Value at index 117 differs. Expected EN; Found CA
Value at index 118 differs. Expected EO; Found FC
Value at index 119 differs. Expected EP; Found EE
Value at index 120 differs. Expected EQ; Found AH
Value at index 121 differs. Expected ER; Found FF
Value at index 122 differs. Expected ES; Found BB
Value at index 123 differs. Expected ET; Found BR
Value at index 124 differs. Expected EU; Found FR
Value at index 125 differs. Expected EV; Found BZ
Value at index 127 differs. Expected EX; Found FD
Value at index 128 differs. Expected EY; Found DC
Value at index 129 differs. Expected EZ; Found FA
Value at index 130 differs. Expected FA; Found EP
Value at index 131 differs. Expected FB; Found CR
Value at index 132 differs. Expected FC; Found CB
Value at index 133 differs. Expected FD; Found DG
Value at index 134 differs. Expected FE; Found AX
Value at index 135 differs. Expected FF; Found AI
Value at index 137 differs. Expected FH; Found CY
Value at index 139 differs. Expected FJ; Found EN
Value at index 142 differs. Expected FM; Found DF
Value at index 144 differs. Expected FO; Found AU
Value at index 145 differs. Expected FP; Found BJ
Value at index 147 differs. Expected FR; Found AA
Value at index 149 differs. Expected FT; Found AE

