Invalid read count. Expected: 126; Found: 0
Invalid write count. Expected: 36; Found: 0
Value at index 0 differs. Expected A; Found E
Value at index 2 differs. Expected C; Found F
Value at index 4 differs. Expected E; Found H
Value at index 5 differs. Expected F; Found I
Value at index 7 differs. Expected H; Found A
Value at index 8 differs. Expected I; Found C

Invalid read count. Expected: 30 414; Found: 0
Invalid write count. Expected: 8 064; Found: 0
Value at index 0 differs. Expected AA; Found ES
Value at index 1 differs. Expected AB; Found AV
Value at index 2 differs. Expected AC; Found CH
Value at index 5 differs. Expected AF; Found FD
Value at index 6 differs. Expected AG; Found DX
Value at index 8 differs. Expected AI; Found AG
Value at index 9 differs. Expected AJ; Found AA
Value at index 10 differs. Expected AK; Found EF
Value at index 11 differs. Expected AL; Found AB
Value at index 13 differs. Expected AN; Found EU
Value at index 14 differs. Expected AO; Found FF
Value at index 17 differs. Expected AR; Found CR
Value at index 19 differs. Expected AT; Found DU
Value at index 20 differs. Expected AU; Found CM
Value at index 21 differs. Expected AV; Found BW
Value at index 22 differs. Expected AW; Found EZ
Value at index 23 differs. Expected AX; Found CK
Value at index 24 differs. Expected AY; Found EK
Value at index 25 differs. Expected AZ; Found BC
Value at index 27 differs. Expected BB; Found CD
Value at index 28 differs. Expected BC; Found CL
Value at index 29 differs. Expected BD; Found EH
Value at index 30 differs. Expected BE; Found BX
Value at index 33 differs. Expected BH; Found BU
Value at index 37 differs. Expected BL; Found AF
Value at index 38 differs. Expected BM; Found DT
Value at index 39 differs. Expected BN; Found AY
Value at index 42 differs. Expected BQ; Found CC
Value at index 45 differs. Expected BT; Found BB
Value at index 46 differs. Expected BU; Found FE
Value at index 48 differs. Expected BW; Found DG
Value at index 49 differs. Expected BX; Found BE
Value at index 50 differs. Expected BY; Found BZ
Value at index 51 differs. Expected BZ; Found BY
Value at index 52 differs. Expected CA; Found CU
Value at index 53 differs. Expected CB; Found FB
Value at index 54 differs. Expected CC; Found CP
Value at index 55 differs. Expected CD; Found BT
Value at index 58 differs. Expected CG; Found EL
Value at index 59 differs. Expected CH; Found FI
Value at index 61 differs. Expected CJ; Found AN
Value at index 62 differs. Expected CK; Found FA
Value at index 63 differs. Expected CL; Found DV
Value at index 64 differs. Expected CM; Found CZ
Value at index 65 differs. Expected CN; Found CG
Value at index 66 differs. Expected CO; Found FS
Value at index 67 differs. Expected CP; Found CQ
Value at index 68 differs. Expected CQ; Found EY
Value at index 69 differs. Expected CR; Found CS
Value at index 70 differs. Expected CS; Found AR
Value at index 72 differs. Expected CU; Found EB
Value at index 73 differs. Expected CV; Found CO
Value at index 77 differs. Expected CZ; Found AU
Value at index 78 differs. Expected DA; Found FJ
Value at index 79 differs. Expected DB; Found EA
Value at index 80 differs. Expected DC; Found EW
Value at index 83 differs. Expected DF; Found DH
Value at index 84 differs. Expected DG; Found AL
Value at index 85 differs. Expected DH; Found DF
Value at index 89 differs. Expected DL; Found AX
Value at index 90 differs. Expected DM; Found AW
Value at index 92 differs. Expected DO; Found EI
Value at index 97 differs. Expected DT; Found BM
Value at index 98 differs. Expected DU; Found EV
Value at index 99 differs. Expected DV; Found AZ
Value at index 100 differs. Expected DW; Found FH
Value at index 101 differs. Expected DX; Found BD
Value at index 102 differs. Expected DY; Found DO
Value at index 104 differs. Expected EA; Found BH
Value at index 105 differs. Expected EB; Found CB
Value at index 107 differs. Expected ED; Found FR
Value at index 109 differs. Expected EF; Found AK
Value at index 111 differs. Expected EH; Found AI
Value at index 112 differs. Expected EI; Found FM
Value at index 113 differs. Expected EJ; Found EN
Value at index 114 differs. Expected EK; Found DL
Value at index 115 differs. Expected EL; Found CA
Value at index 117 differs. Expected EN; Found FK
Value at index 118 differs. Expected EO; Found EX
Value at index 119 differs. Expected EP; Found AC
Value at index 122 differs. Expected ES; Found AT
Value at index 124 differs. Expected EU; Found CJ
Value at index 125 differs. Expected EV; Found AO
Value at index 126 differs. Expected EW; Found DC
Value at index 127 differs. Expected EX; Found EO
Value at index 128 differs. Expected EY; Found BQ
Value at index 129 differs. Expected EZ; Found DY
Value at index 130 differs. Expected FA; Found BN
Value at index 131 differs. Expected FB; Found CN
Value at index 132 differs. Expected FC; Found DA
Value at index 133 differs. Expected FD; Found BL
Value at index 134 differs. Expected FE; Found DM
Value at index 135 differs. Expected FF; Found AJ
Value at index 137 differs. Expected FH; Found DW
Value at index 138 differs. Expected FI; Found EP
Value at index 139 differs. Expected FJ; Found FC
Value at index 140 differs. Expected FK; Found EJ
Value at index 142 differs. Expected FM; Found DB
Value at index 147 differs. Expected FR; Found ED
Value at index 148 differs. Expected FS; Found CV

