Invalid read count. Expected: 118; Found: 18
Invalid write count. Expected: 28; Found: 0
Value at index 0 differs. Expected A; Found B
Value at index 1 differs. Expected B; Found A
Value at index 2 differs. Expected C; Found D
Value at index 3 differs. Expected D; Found H
Value at index 4 differs. Expected E; Found J
Value at index 6 differs. Expected G; Found E
Value at index 7 differs. Expected H; Found C
Value at index 8 differs. Expected I; Found G
Value at index 9 differs. Expected J; Found I

Invalid read count. Expected: 31 582; Found: 298
Invalid write count. Expected: 9 232; Found: 0
Value at index 0 differs. Expected AA; Found AV
Value at index 1 differs. Expected AB; Found EF
Value at index 2 differs. Expected AC; Found FT
Value at index 3 differs. Expected AD; Found DY
Value at index 4 differs. Expected AE; Found DG
Value at index 5 differs. Expected AF; Found EW
Value at index 6 differs. Expected AG; Found CS
Value at index 7 differs. Expected AH; Found CU
Value at index 8 differs. Expected AI; Found DQ
Value at index 9 differs. Expected AJ; Found EX
Value at index 10 differs. Expected AK; Found DS
Value at index 11 differs. Expected AL; Found DN
Value at index 13 differs. Expected AN; Found BE
Value at index 14 differs. Expected AO; Found BD
Value at index 16 differs. Expected AQ; Found CJ
Value at index 19 differs. Expected AT; Found BY
Value at index 20 differs. Expected AU; Found FN
Value at index 21 differs. Expected AV; Found AW
Value at index 22 differs. Expected AW; Found BR
Value at index 23 differs. Expected AX; Found AN
Value at index 24 differs. Expected AY; Found EE
Value at index 25 differs. Expected AZ; Found DB
Value at index 26 differs. Expected BA; Found DZ
Value at index 28 differs. Expected BC; Found BM
Value at index 29 differs. Expected BD; Found CI
Value at index 30 differs. Expected BE; Found FQ
Value at index 32 differs. Expected BG; Found AY
Value at index 34 differs. Expected BI; Found CA
Value at index 35 differs. Expected BJ; Found BZ
Value at index 36 differs. Expected BK; Found FO
Value at index 38 differs. Expected BM; Found AC
Value at index 39 differs. Expected BN; Found DC
Value at index 40 differs. Expected BO; Found EJ
Value at index 41 differs. Expected BP; Found FR
Value at index 42 differs. Expected BQ; Found BK
Value at index 43 differs. Expected BR; Found DJ
Value at index 45 differs. Expected BT; Found CT
Value at index 48 differs. Expected BW; Found EH
Value at index 49 differs. Expected BX; Found AE
Value at index 50 differs. Expected BY; Found AT
Value at index 51 differs. Expected BZ; Found BJ
Value at index 52 differs. Expected CA; Found BI
Value at index 53 differs. Expected CB; Found EG
Value at index 56 differs. Expected CE; Found CF
Value at index 57 differs. Expected CF; Found AO
Value at index 58 differs. Expected CG; Found FH
Value at index 59 differs. Expected CH; Found EZ
Value at index 60 differs. Expected CI; Found CE
Value at index 61 differs. Expected CJ; Found FF
Value at index 62 differs. Expected CK; Found CL
Value at index 63 differs. Expected CL; Found CK
Value at index 64 differs. Expected CM; Found CY
Value at index 65 differs. Expected CN; Found FK
Value at index 66 differs. Expected CO; Found AI
Value at index 67 differs. Expected CP; Found AG
Value at index 68 differs. Expected CQ; Found CH
Value at index 69 differs. Expected CR; Found DD
Value at index 70 differs. Expected CS; Found CP
Value at index 71 differs. Expected CT; Found BT
Value at index 72 differs. Expected CU; Found AH
Value at index 75 differs. Expected CX; Found EI
Value at index 76 differs. Expected CY; Found CM
Value at index 77 differs. Expected CZ; Found BN
Value at index 79 differs. Expected DB; Found EB
Value at index 80 differs. Expected DC; Found CZ
Value at index 81 differs. Expected DD; Found AK
Value at index 84 differs. Expected DG; Found BQ
Value at index 87 differs. Expected DJ; Found ER
Value at index 91 differs. Expected DN; Found AZ
Value at index 93 differs. Expected DP; Found AB
Value at index 94 differs. Expected DQ; Found BP
Value at index 96 differs. Expected DS; Found BO
Value at index 100 differs. Expected DW; Found FG
Value at index 102 differs. Expected DY; Found AD
Value at index 103 differs. Expected DZ; Found BA
Value at index 105 differs. Expected EB; Found DW
Value at index 107 differs. Expected ED; Found FC
Value at index 108 differs. Expected EE; Found EM
Value at index 109 differs. Expected EF; Found DP
Value at index 110 differs. Expected EG; Found CB
Value at index 111 differs. Expected EH; Found EO
Value at index 112 differs. Expected EI; Found CN
Value at index 113 differs. Expected EJ; Found CR
Value at index 115 differs. Expected EL; Found ET
Value at index 116 differs. Expected EM; Found BG
Value at index 117 differs. Expected EN; Found CO
Value at index 118 differs. Expected EO; Found BW
Value at index 121 differs. Expected ER; Found AF
Value at index 123 differs. Expected ET; Found EL
Value at index 124 differs. Expected EU; Found AX
Value at index 125 differs. Expected EV; Found FL
Value at index 126 differs. Expected EW; Found AA
Value at index 127 differs. Expected EX; Found AJ
Value at index 129 differs. Expected EZ; Found CQ
Value at index 132 differs. Expected FC; Found ED
Value at index 134 differs. Expected FE; Found BC
Value at index 135 differs. Expected FF; Found AQ
Value at index 136 differs. Expected FG; Found AL
Value at index 137 differs. Expected FH; Found CG
Value at index 140 differs. Expected FK; Found CX
Value at index 141 differs. Expected FL; Found EV
Value at index 143 differs. Expected FN; Found AU
Value at index 144 differs. Expected FO; Found BX
Value at index 146 differs. Expected FQ; Found EU
Value at index 147 differs. Expected FR; Found EN
Value at index 149 differs. Expected FT; Found FE

