Invalid read count. Expected: 114; Found: 0
Invalid write count. Expected: 24; Found: 0
Value at index 2 differs. Expected C; Found I
Value at index 7 differs. Expected H; Found J
Value at index 8 differs. Expected I; Found C
Value at index 9 differs. Expected J; Found H

Invalid read count. Expected: 31 582; Found: 0
Invalid write count. Expected: 9 232; Found: 0
Value at index 0 differs. Expected AA; Found FF
Value at index 1 differs. Expected AB; Found DG
Value at index 2 differs. Expected AC; Found BD
Value at index 5 differs. Expected AF; Found CN
Value at index 8 differs. Expected AI; Found CK
Value at index 11 differs. Expected AL; Found ER
Value at index 12 differs. Expected AM; Found DH
Value at index 13 differs. Expected AN; Found DS
Value at index 15 differs. Expected AP; Found AY
Value at index 16 differs. Expected AQ; Found DV
Value at index 19 differs. Expected AT; Found BV
Value at index 20 differs. Expected AU; Found DM
Value at index 21 differs. Expected AV; Found CS
Value at index 22 differs. Expected AW; Found DK
Value at index 23 differs. Expected AX; Found DQ
Value at index 24 differs. Expected AY; Found EA
Value at index 25 differs. Expected AZ; Found BU
Value at index 28 differs. Expected BC; Found EH
Value at index 29 differs. Expected BD; Found BK
Value at index 30 differs. Expected BE; Found EN
Value at index 31 differs. Expected BF; Found BO
Value at index 33 differs. Expected BH; Found DJ
Value at index 34 differs. Expected BI; Found DI
Value at index 35 differs. Expected BJ; Found DL
Value at index 36 differs. Expected BK; Found EF
Value at index 37 differs. Expected BL; Found DZ
Value at index 38 differs. Expected BM; Found CM
Value at index 39 differs. Expected BN; Found DX
Value at index 40 differs. Expected BO; Found BT
Value at index 41 differs. Expected BP; Found CL
Value at index 42 differs. Expected BQ; Found CI
Value at index 43 differs. Expected BR; Found AN
Value at index 44 differs. Expected BS; Found CH
Value at index 45 differs. Expected BT; Found FG
Value at index 46 differs. Expected BU; Found FS
Value at index 47 differs. Expected BV; Found AF
Value at index 51 differs. Expected BZ; Found EV
Value at index 52 differs. Expected CA; Found ES
Value at index 53 differs. Expected CB; Found CY
Value at index 57 differs. Expected CF; Found FI
Value at index 59 differs. Expected CH; Found BS
Value at index 60 differs. Expected CI; Found CQ
Value at index 62 differs. Expected CK; Found DR
Value at index 63 differs. Expected CL; Found CA
Value at index 64 differs. Expected CM; Found DN
Value at index 65 differs. Expected CN; Found AT
Value at index 66 differs. Expected CO; Found EI
Value at index 67 differs. Expected CP; Found BH
Value at index 68 differs. Expected CQ; Found CV
Value at index 69 differs. Expected CR; Found EW
Value at index 70 differs. Expected CS; Found AV
Value at index 71 differs. Expected CT; Found CR
Value at index 73 differs. Expected CV; Found FE
Value at index 76 differs. Expected CY; Found CB
Value at index 79 differs. Expected DB; Found DU
Value at index 81 differs. Expected DD; Found EL
Value at index 83 differs. Expected DF; Found AP
Value at index 84 differs. Expected DG; Found AB
Value at index 85 differs. Expected DH; Found AM
Value at index 86 differs. Expected DI; Found FP
Value at index 87 differs. Expected DJ; Found CP
Value at index 88 differs. Expected DK; Found AW
Value at index 89 differs. Expected DL; Found FC
Value at index 90 differs. Expected DM; Found FB
Value at index 91 differs. Expected DN; Found BM
Value at index 93 differs. Expected DP; Found BR
Value at index 94 differs. Expected DQ; Found BL
Value at index 95 differs. Expected DR; Found FQ
Value at index 96 differs. Expected DS; Found CO
Value at index 97 differs. Expected DT; Found DY
Value at index 98 differs. Expected DU; Found FT
Value at index 99 differs. Expected DV; Found EG
Value at index 101 differs. Expected DX; Found BN
Value at index 102 differs. Expected DY; Found EP
Value at index 103 differs. Expected DZ; Found AX
Value at index 104 differs. Expected EA; Found DF
Value at index 108 differs. Expected EE; Found DT
Value at index 109 differs. Expected EF; Found FJ
Value at index 110 differs. Expected EG; Found FM
Value at index 111 differs. Expected EH; Found FL
Value at index 112 differs. Expected EI; Found EU
Value at index 115 differs. Expected EL; Found AC
Value at index 116 differs. Expected EM; Found CF
Value at index 117 differs. Expected EN; Found BE
Value at index 119 differs. Expected EP; Found EE
Value at index 121 differs. Expected ER; Found AL
Value at index 122 differs. Expected ES; Found BQ
Value at index 124 differs. Expected EU; Found DP
Value at index 125 differs. Expected EV; Found BZ
Value at index 126 differs. Expected EW; Found BC
Value at index 128 differs. Expected EY; Found AQ
Value at index 131 differs. Expected FB; Found FK
Value at index 132 differs. Expected FC; Found BJ
Value at index 134 differs. Expected FE; Found BP
Value at index 135 differs. Expected FF; Found AA
Value at index 136 differs. Expected FG; Found BF
Value at index 138 differs. Expected FI; Found EM
Value at index 139 differs. Expected FJ; Found DD
Value at index 140 differs. Expected FK; Found AU
Value at index 141 differs. Expected FL; Found AZ
Value at index 142 differs. Expected FM; Found EY
Value at index 145 differs. Expected FP; Found BI
Value at index 146 differs. Expected FQ; Found CT
Value at index 147 differs. Expected FR; Found DB
Value at index 148 differs. Expected FS; Found AI
Value at index 149 differs. Expected FT; Found FR

