Invalid read count. Expected: 116; Found: 0
Invalid write count. Expected: 26; Found: 0
Value at index 0 differs. Expected A; Found D
Value at index 3 differs. Expected D; Found F
Value at index 4 differs. Expected E; Found G
Value at index 5 differs. Expected F; Found A
Value at index 6 differs. Expected G; Found I
Value at index 8 differs. Expected I; Found J
Value at index 9 differs. Expected J; Found E

Invalid read count. Expected: 30,166; Found: 0
Invalid write count. Expected: 7,816; Found: 0
Value at index 0 differs. Expected AA; Found CX
Value at index 2 differs. Expected AC; Found AJ
Value at index 4 differs. Expected AE; Found BP
Value at index 5 differs. Expected AF; Found AZ
Value at index 7 differs. Expected AH; Found ET
Value at index 8 differs. Expected AI; Found ED
Value at index 9 differs. Expected AJ; Found CE
Value at index 12 differs. Expected AM; Found EM
Value at index 14 differs. Expected AO; Found BA
Value at index 15 differs. Expected AP; Found FQ
Value at index 18 differs. Expected AS; Found AO
Value at index 20 differs. Expected AU; Found DI
Value at index 21 differs. Expected AV; Found BI
Value at index 25 differs. Expected AZ; Found BL
Value at index 26 differs. Expected BA; Found AA
Value at index 28 differs. Expected BC; Found FJ
Value at index 29 differs. Expected BD; Found DP
Value at index 30 differs. Expected BE; Found FB
Value at index 32 differs. Expected BG; Found DT
Value at index 33 differs. Expected BH; Found EF
Value at index 34 differs. Expected BI; Found AV
Value at index 36 differs. Expected BK; Found BG
Value at index 37 differs. Expected BL; Found EK
Value at index 38 differs. Expected BM; Found AI
Value at index 39 differs. Expected BN; Found FM
Value at index 40 differs. Expected BO; Found EX
Value at index 41 differs. Expected BP; Found AE
Value at index 43 differs. Expected BR; Found BK
Value at index 44 differs. Expected BS; Found DF
Value at index 45 differs. Expected BT; Found DJ
Value at index 46 differs. Expected BU; Found DQ
Value at index 48 differs. Expected BW; Found CI
Value at index 50 differs. Expected BY; Found EP
Value at index 53 differs. Expected CB; Found ER
Value at index 54 differs. Expected CC; Found CZ
Value at index 55 differs. Expected CD; Found FT
Value at index 56 differs. Expected CE; Found DV
Value at index 57 differs. Expected CF; Found FL
Value at index 58 differs. Expected CG; Found EH
Value at index 60 differs. Expected CI; Found BW
Value at index 61 differs. Expected CJ; Found CK
Value at index 62 differs. Expected CK; Found CJ
Value at index 65 differs. Expected CN; Found EA
Value at index 66 differs. Expected CO; Found CF
Value at index 73 differs. Expected CV; Found DD
Value at index 74 differs. Expected CW; Found DL
Value at index 75 differs. Expected CX; Found BD
Value at index 77 differs. Expected CZ; Found BE
Value at index 80 differs. Expected DC; Found BT
Value at index 81 differs. Expected DD; Found BC
Value at index 83 differs. Expected DF; Found BS
Value at index 84 differs. Expected DG; Found BN
Value at index 86 differs. Expected DI; Found AU
Value at index 87 differs. Expected DJ; Found DC
Value at index 88 differs. Expected DK; Found FD
Value at index 89 differs. Expected DL; Found CW
Value at index 90 differs. Expected DM; Found BH
Value at index 92 differs. Expected DO; Found EL
Value at index 93 differs. Expected DP; Found EG
Value at index 94 differs. Expected DQ; Found EB
Value at index 95 differs. Expected DR; Found ES
Value at index 96 differs. Expected DS; Found EZ
Value at index 97 differs. Expected DT; Found FE
Value at index 99 differs. Expected DV; Found DZ
Value at index 103 differs. Expected DZ; Found BU
Value at index 104 differs. Expected EA; Found CN
Value at index 105 differs. Expected EB; Found AF
Value at index 107 differs. Expected ED; Found BM
Value at index 109 differs. Expected EF; Found DM
Value at index 110 differs. Expected EG; Found AS
Value at index 111 differs. Expected EH; Found AC
Value at index 113 differs. Expected EJ; Found EY
Value at index 114 differs. Expected EK; Found EU
Value at index 115 differs. Expected EL; Found BY
Value at index 116 differs. Expected EM; Found AM
Value at index 119 differs. Expected EP; Found FO
Value at index 121 differs. Expected ER; Found CB
Value at index 122 differs. Expected ES; Found FP
Value at index 123 differs. Expected ET; Found DR
Value at index 124 differs. Expected EU; Found CG
Value at index 125 differs. Expected EV; Found DG
Value at index 127 differs. Expected EX; Found BO
Value at index 128 differs. Expected EY; Found EJ
Value at index 129 differs. Expected EZ; Found DS
Value at index 131 differs. Expected FB; Found CC
Value at index 133 differs. Expected FD; Found DK
Value at index 134 differs. Expected FE; Found BR
Value at index 139 differs. Expected FJ; Found CV
Value at index 141 differs. Expected FL; Found CO
Value at index 142 differs. Expected FM; Found DO
Value at index 144 differs. Expected FO; Found AH
Value at index 145 differs. Expected FP; Found EV
Value at index 146 differs. Expected FQ; Found AP
Value at index 149 differs. Expected FT; Found CD

