Invalid read count. Expected: 124; Found: 0
Invalid write count. Expected: 34; Found: 0
Value at index 0 differs. Expected A; Found D
Value at index 1 differs. Expected B; Found E
Value at index 3 differs. Expected D; Found G
Value at index 4 differs. Expected E; Found H
Value at index 6 differs. Expected G; Found B
Value at index 7 differs. Expected H; Found A

Invalid read count. Expected: 29 936; Found: 0
Invalid write count. Expected: 7 586; Found: 0
Value at index 1 differs. Expected AB; Found CQ
Value at index 2 differs. Expected AC; Found CN
Value at index 3 differs. Expected AD; Found EQ
Value at index 4 differs. Expected AE; Found EN
Value at index 5 differs. Expected AF; Found FF
Value at index 8 differs. Expected AI; Found BQ
Value at index 9 differs. Expected AJ; Found DV
Value at index 10 differs. Expected AK; Found DE
Value at index 12 differs. Expected AM; Found AK
Value at index 13 differs. Expected AN; Found FA
Value at index 14 differs. Expected AO; Found FO
Value at index 15 differs. Expected AP; Found BA
Value at index 18 differs. Expected AS; Found AC
Value at index 19 differs. Expected AT; Found CI
Value at index 22 differs. Expected AW; Found CA
Value at index 26 differs. Expected BA; Found DF
Value at index 27 differs. Expected BB; Found BU
Value at index 29 differs. Expected BD; Found FJ
Value at index 30 differs. Expected BE; Found BX
Value at index 32 differs. Expected BG; Found BN
Value at index 36 differs. Expected BK; Found BL
Value at index 37 differs. Expected BL; Found BS
Value at index 39 differs. Expected BN; Found CC
Value at index 40 differs. Expected BO; Found FC
Value at index 42 differs. Expected BQ; Found AI
Value at index 43 differs. Expected BR; Found CZ
Value at index 44 differs. Expected BS; Found BK
Value at index 46 differs. Expected BU; Found BW
Value at index 47 differs. Expected BV; Found CD
Value at index 48 differs. Expected BW; Found DC
Value at index 49 differs. Expected BX; Found BE
Value at index 50 differs. Expected BY; Found CW
Value at index 51 differs. Expected BZ; Found AP
Value at index 52 differs. Expected CA; Found AW
Value at index 54 differs. Expected CC; Found EB
Value at index 55 differs. Expected CD; Found DD
Value at index 56 differs. Expected CE; Found EK
Value at index 60 differs. Expected CI; Found FB
Value at index 61 differs. Expected CJ; Found AT
Value at index 62 differs. Expected CK; Found AF
Value at index 64 differs. Expected CM; Found BZ
Value at index 65 differs. Expected CN; Found FI
Value at index 66 differs. Expected CO; Found AN
Value at index 67 differs. Expected CP; Found EH
Value at index 68 differs. Expected CQ; Found AB
Value at index 71 differs. Expected CT; Found EC
Value at index 72 differs. Expected CU; Found ES
Value at index 74 differs. Expected CW; Found EL
Value at index 76 differs. Expected CY; Found BD
Value at index 77 differs. Expected CZ; Found EX
Value at index 80 differs. Expected DC; Found BB
Value at index 81 differs. Expected DD; Found DT
Value at index 82 differs. Expected DE; Found EM
Value at index 83 differs. Expected DF; Found CM
Value at index 84 differs. Expected DG; Found EV
Value at index 86 differs. Expected DI; Found DU
Value at index 87 differs. Expected DJ; Found CT
Value at index 89 differs. Expected DL; Found FN
Value at index 92 differs. Expected DO; Found EW
Value at index 97 differs. Expected DT; Found EZ
Value at index 98 differs. Expected DU; Found BY
Value at index 99 differs. Expected DV; Found AJ
Value at index 101 differs. Expected DX; Found EO
Value at index 105 differs. Expected EB; Found BG
Value at index 106 differs. Expected EC; Found DJ
Value at index 107 differs. Expected ED; Found BV
Value at index 111 differs. Expected EH; Found CP
Value at index 113 differs. Expected EJ; Found FP
Value at index 114 differs. Expected EK; Found CE
Value at index 115 differs. Expected EL; Found DI
Value at index 116 differs. Expected EM; Found FK
Value at index 117 differs. Expected EN; Found AE
Value at index 118 differs. Expected EO; Found EU
Value at index 120 differs. Expected EQ; Found AD
Value at index 122 differs. Expected ES; Found CU
Value at index 124 differs. Expected EU; Found DX
Value at index 125 differs. Expected EV; Found DG
Value at index 126 differs. Expected EW; Found DO
Value at index 127 differs. Expected EX; Found BR
Value at index 128 differs. Expected EY; Found FD
Value at index 129 differs. Expected EZ; Found BO
Value at index 130 differs. Expected FA; Found AM
Value at index 131 differs. Expected FB; Found CJ
Value at index 132 differs. Expected FC; Found ED
Value at index 133 differs. Expected FD; Found EY
Value at index 135 differs. Expected FF; Found CK
Value at index 138 differs. Expected FI; Found AS
Value at index 139 differs. Expected FJ; Found CY
Value at index 140 differs. Expected FK; Found CO
Value at index 141 differs. Expected FL; Found FT
Value at index 143 differs. Expected FN; Found DL
Value at index 144 differs. Expected FO; Found AO
Value at index 145 differs. Expected FP; Found EJ
Value at index 149 differs. Expected FT; Found FL

