Invalid read count. Expected: 98; Found: 0
Invalid write count. Expected: 16; Found: 0
Value at index 0 differs. Expected A; Found J
Value at index 1 differs. Expected B; Found F
Value at index 4 differs. Expected E; Found H
Value at index 5 differs. Expected F; Found B
Value at index 6 differs. Expected G; Found A
Value at index 7 differs. Expected H; Found E
Value at index 9 differs. Expected J; Found G

Invalid read count. Expected: 5 198; Found: 0
Invalid write count. Expected: 758; Found: 0
Value at index 0 differs. Expected AA; Found BE
Value at index 2 differs. Expected AC; Found DV
Value at index 3 differs. Expected AD; Found AQ
Value at index 4 differs. Expected AE; Found ED
Value at index 5 differs. Expected AF; Found AH
Value at index 7 differs. Expected AH; Found CG
Value at index 10 differs. Expected AK; Found BG
Value at index 11 differs. Expected AL; Found CU
Value at index 12 differs. Expected AM; Found DP
Value at index 13 differs. Expected AN; Found BC
Value at index 16 differs. Expected AQ; Found AD
Value at index 17 differs. Expected AR; Found EV
Value at index 19 differs. Expected AT; Found CA
Value at index 21 differs. Expected AV; Found CO
Value at index 22 differs. Expected AW; Found EA
Value at index 24 differs. Expected AY; Found CN
Value at index 25 differs. Expected AZ; Found FC
Value at index 26 differs. Expected BA; Found DG
Value at index 28 differs. Expected BC; Found AR
Value at index 29 differs. Expected BD; Found FJ
Value at index 30 differs. Expected BE; Found DM
Value at index 31 differs. Expected BF; Found CC
Value at index 32 differs. Expected BG; Found AK
Value at index 33 differs. Expected BH; Found CR
Value at index 34 differs. Expected BI; Found CL
Value at index 35 differs. Expected BJ; Found DS
Value at index 39 differs. Expected BN; Found AW
Value at index 41 differs. Expected BP; Found EB
Value at index 43 differs. Expected BR; Found CF
Value at index 44 differs. Expected BS; Found CI
Value at index 47 differs. Expected BV; Found EN
Value at index 48 differs. Expected BW; Found BF
Value at index 49 differs. Expected BX; Found AF
Value at index 51 differs. Expected BZ; Found CH
Value at index 52 differs. Expected CA; Found FE
Value at index 53 differs. Expected CB; Found CQ
Value at index 54 differs. Expected CC; Found BS
Value at index 56 differs. Expected CE; Found EE
Value at index 57 differs. Expected CF; Found FR
Value at index 58 differs. Expected CG; Found BP
Value at index 59 differs. Expected CH; Found EQ
Value at index 60 differs. Expected CI; Found BW
Value at index 61 differs. Expected CJ; Found EG
Value at index 62 differs. Expected CK; Found EI
Value at index 63 differs. Expected CL; Found BI
Value at index 65 differs. Expected CN; Found DK
Value at index 66 differs. Expected CO; Found AV
Value at index 68 differs. Expected CQ; Found DX
Value at index 69 differs. Expected CR; Found BR
Value at index 72 differs. Expected CU; Found AL
Value at index 77 differs. Expected CZ; Found DO
Value at index 79 differs. Expected DB; Found EL
Value at index 80 differs. Expected DC; Found DW
Value at index 81 differs. Expected DD; Found DH
Value at index 84 differs. Expected DG; Found BA
Value at index 85 differs. Expected DH; Found BV
Value at index 87 differs. Expected DJ; Found FG
Value at index 88 differs. Expected DK; Found FT
Value at index 89 differs. Expected DL; Found BD
Value at index 90 differs. Expected DM; Found FL
Value at index 91 differs. Expected DN; Found FD
Value at index 92 differs. Expected DO; Found DC
Value at index 93 differs. Expected DP; Found AM
Value at index 96 differs. Expected DS; Found BJ
Value at index 97 differs. Expected DT; Found EW
Value at index 99 differs. Expected DV; Found AC
Value at index 100 differs. Expected DW; Found CK
Value at index 101 differs. Expected DX; Found CB
Value at index 104 differs. Expected EA; Found AA
Value at index 105 differs. Expected EB; Found BX
Value at index 106 differs. Expected EC; Found FQ
Value at index 107 differs. Expected ED; Found AE
Value at index 108 differs. Expected EE; Found CE
Value at index 110 differs. Expected EG; Found CJ
Value at index 112 differs. Expected EI; Found CZ
Value at index 114 differs. Expected EK; Found EU
Value at index 115 differs. Expected EL; Found FS
Value at index 117 differs. Expected EN; Found FK
Value at index 118 differs. Expected EO; Found AT
Value at index 120 differs. Expected EQ; Found BZ
Value at index 123 differs. Expected ET; Found EC
Value at index 124 differs. Expected EU; Found EO
Value at index 125 differs. Expected EV; Found AN
Value at index 126 differs. Expected EW; Found DT
Value at index 132 differs. Expected FC; Found AZ
Value at index 133 differs. Expected FD; Found DN
Value at index 134 differs. Expected FE; Found EK
Value at index 136 differs. Expected FG; Found DJ
Value at index 139 differs. Expected FJ; Found DL
Value at index 140 differs. Expected FK; Found DD
Value at index 141 differs. Expected FL; Found BN
Value at index 146 differs. Expected FQ; Found ET
Value at index 147 differs. Expected FR; Found BH
Value at index 148 differs. Expected FS; Found DB
Value at index 149 differs. Expected FT; Found AY

