Invalid read count. Expected: 108; Found: 0
Invalid write count. Expected: 26; Found: 0
Value at index 0 differs. Expected A; Found I
Value at index 1 differs. Expected B; Found F
Value at index 2 differs. Expected C; Found H
Value at index 3 differs. Expected D; Found G
Value at index 4 differs. Expected E; Found A
Value at index 5 differs. Expected F; Found E
Value at index 6 differs. Expected G; Found C
Value at index 7 differs. Expected H; Found D
Value at index 8 differs. Expected I; Found B

Invalid read count. Expected: 5 048; Found: 0
Invalid write count. Expected: 906; Found: 0
Value at index 0 differs. Expected AA; Found DV
Value at index 1 differs. Expected AB; Found FI
Value at index 2 differs. Expected AC; Found DL
Value at index 3 differs. Expected AD; Found AF
Value at index 4 differs. Expected AE; Found FM
Value at index 5 differs. Expected AF; Found DO
Value at index 9 differs. Expected AJ; Found EZ
Value at index 12 differs. Expected AM; Found DI
Value at index 13 differs. Expected AN; Found AM
Value at index 14 differs. Expected AO; Found EN
Value at index 16 differs. Expected AQ; Found FF
Value at index 17 differs. Expected AR; Found BS
Value at index 19 differs. Expected AT; Found EE
Value at index 20 differs. Expected AU; Found CK
Value at index 21 differs. Expected AV; Found DJ
Value at index 22 differs. Expected AW; Found CM
Value at index 24 differs. Expected AY; Found ES
Value at index 26 differs. Expected BA; Found EJ
Value at index 31 differs. Expected BF; Found DM
Value at index 32 differs. Expected BG; Found FH
Value at index 33 differs. Expected BH; Found DS
Value at index 34 differs. Expected BI; Found BZ
Value at index 35 differs. Expected BJ; Found FT
Value at index 36 differs. Expected BK; Found EO
Value at index 40 differs. Expected BO; Found CD
Value at index 42 differs. Expected BQ; Found BR
Value at index 43 differs. Expected BR; Found CR
Value at index 44 differs. Expected BS; Found AR
Value at index 48 differs. Expected BW; Found ER
Value at index 51 differs. Expected BZ; Found EK
Value at index 52 differs. Expected CA; Found AO
Value at index 53 differs. Expected CB; Found CG
Value at index 54 differs. Expected CC; Found DR
Value at index 55 differs. Expected CD; Found BO
Value at index 57 differs. Expected CF; Found EQ
Value at index 58 differs. Expected CG; Found CW
Value at index 59 differs. Expected CH; Found CO
Value at index 61 differs. Expected CJ; Found AU
Value at index 62 differs. Expected CK; Found EM
Value at index 63 differs. Expected CL; Found DU
Value at index 64 differs. Expected CM; Found EY
Value at index 66 differs. Expected CO; Found EV
Value at index 67 differs. Expected CP; Found AJ
Value at index 69 differs. Expected CR; Found BQ
Value at index 70 differs. Expected CS; Found DY
Value at index 72 differs. Expected CU; Found FS
Value at index 73 differs. Expected CV; Found FA
Value at index 74 differs. Expected CW; Found AD
Value at index 75 differs. Expected CX; Found AB
Value at index 77 differs. Expected CZ; Found BK
Value at index 80 differs. Expected DC; Found CB
Value at index 81 differs. Expected DD; Found EH
Value at index 82 differs. Expected DE; Found DH
Value at index 84 differs. Expected DG; Found BI
Value at index 85 differs. Expected DH; Found DE
Value at index 86 differs. Expected DI; Found AN
Value at index 87 differs. Expected DJ; Found AV
Value at index 89 differs. Expected DL; Found BA
Value at index 90 differs. Expected DM; Found CP
Value at index 92 differs. Expected DO; Found DC
Value at index 93 differs. Expected DP; Found FC
Value at index 95 differs. Expected DR; Found CA
Value at index 96 differs. Expected DS; Found DW
Value at index 97 differs. Expected DT; Found AT
Value at index 98 differs. Expected DU; Found CL
Value at index 99 differs. Expected DV; Found AA
Value at index 100 differs. Expected DW; Found BH
Value at index 101 differs. Expected DX; Found AQ
Value at index 102 differs. Expected DY; Found CS
Value at index 107 differs. Expected ED; Found FR
Value at index 108 differs. Expected EE; Found DT
Value at index 111 differs. Expected EH; Found DD
Value at index 113 differs. Expected EJ; Found AC
Value at index 114 differs. Expected EK; Found EW
Value at index 116 differs. Expected EM; Found ET
Value at index 117 differs. Expected EN; Found CC
Value at index 118 differs. Expected EO; Found CZ
Value at index 120 differs. Expected EQ; Found CF
Value at index 121 differs. Expected ER; Found BW
Value at index 122 differs. Expected ES; Found FK
Value at index 123 differs. Expected ET; Found CJ
Value at index 124 differs. Expected EU; Found AY
Value at index 125 differs. Expected EV; Found CH
Value at index 126 differs. Expected EW; Found DG
Value at index 128 differs. Expected EY; Found AW
Value at index 129 differs. Expected EZ; Found FE
Value at index 130 differs. Expected FA; Found FP
Value at index 131 differs. Expected FB; Found FG
Value at index 132 differs. Expected FC; Found DP
Value at index 133 differs. Expected FD; Found AE
Value at index 134 differs. Expected FE; Found BF
Value at index 135 differs. Expected FF; Found DX
Value at index 136 differs. Expected FG; Found FB
Value at index 137 differs. Expected FH; Found FO
Value at index 138 differs. Expected FI; Found CU
Value at index 140 differs. Expected FK; Found EU
Value at index 141 differs. Expected FL; Found FN
Value at index 142 differs. Expected FM; Found ED
Value at index 143 differs. Expected FN; Found FL
Value at index 144 differs. Expected FO; Found BG
Value at index 145 differs. Expected FP; Found CV
Value at index 147 differs. Expected FR; Found FD
Value at index 148 differs. Expected FS; Found CX
Value at index 149 differs. Expected FT; Found BJ

