Invalid read count. Expected: 102; Found: 0
Invalid write count. Expected: 20; Found: 0
Value at index 0 differs. Expected A; Found G
Value at index 1 differs. Expected B; Found D
Value at index 3 differs. Expected D; Found B
Value at index 4 differs. Expected E; Found J
Value at index 6 differs. Expected G; Found E
Value at index 9 differs. Expected J; Found A

Invalid read count. Expected: 4 836; Found: 0
Invalid write count. Expected: 694; Found: 0
Value at index 0 differs. Expected AA; Found CJ
Value at index 1 differs. Expected AB; Found AX
Value at index 2 differs. Expected AC; Found AL
Value at index 3 differs. Expected AD; Found EQ
Value at index 4 differs. Expected AE; Found BM
Value at index 5 differs. Expected AF; Found DK
Value at index 7 differs. Expected AH; Found DF
Value at index 10 differs. Expected AK; Found DI
Value at index 11 differs. Expected AL; Found ER
Value at index 12 differs. Expected AM; Found DT
Value at index 13 differs. Expected AN; Found FJ
Value at index 16 differs. Expected AQ; Found CQ
Value at index 17 differs. Expected AR; Found BQ
Value at index 18 differs. Expected AS; Found BB
Value at index 19 differs. Expected AT; Found AH
Value at index 20 differs. Expected AU; Found EV
Value at index 22 differs. Expected AW; Found CG
Value at index 23 differs. Expected AX; Found EG
Value at index 24 differs. Expected AY; Found CT
Value at index 25 differs. Expected AZ; Found DW
Value at index 26 differs. Expected BA; Found BG
Value at index 27 differs. Expected BB; Found AW
Value at index 29 differs. Expected BD; Found CS
Value at index 32 differs. Expected BG; Found FT
Value at index 33 differs. Expected BH; Found FQ
Value at index 34 differs. Expected BI; Found CW
Value at index 35 differs. Expected BJ; Found AB
Value at index 36 differs. Expected BK; Found CP
Value at index 37 differs. Expected BL; Found DP
Value at index 38 differs. Expected BM; Found DH
Value at index 39 differs. Expected BN; Found AF
Value at index 40 differs. Expected BO; Found BL
Value at index 41 differs. Expected BP; Found EC
Value at index 42 differs. Expected BQ; Found AR
Value at index 44 differs. Expected BS; Found FO
Value at index 47 differs. Expected BV; Found FI
Value at index 48 differs. Expected BW; Found CI
Value at index 51 differs. Expected BZ; Found CC
Value at index 54 differs. Expected CC; Found CZ
Value at index 55 differs. Expected CD; Found BS
Value at index 58 differs. Expected CG; Found AS
Value at index 59 differs. Expected CH; Found DO
Value at index 60 differs. Expected CI; Found BW
Value at index 61 differs. Expected CJ; Found CX
Value at index 66 differs. Expected CO; Found AZ
Value at index 67 differs. Expected CP; Found BA
Value at index 68 differs. Expected CQ; Found AQ
Value at index 70 differs. Expected CS; Found DM
Value at index 71 differs. Expected CT; Found EX
Value at index 74 differs. Expected CW; Found AC
Value at index 75 differs. Expected CX; Found AA
Value at index 77 differs. Expected CZ; Found BZ
Value at index 78 differs. Expected DA; Found DQ
Value at index 80 differs. Expected DC; Found DX
Value at index 81 differs. Expected DD; Found EM
Value at index 83 differs. Expected DF; Found FC
Value at index 85 differs. Expected DH; Found DN
Value at index 86 differs. Expected DI; Found EH
Value at index 88 differs. Expected DK; Found FE
Value at index 90 differs. Expected DM; Found EE
Value at index 91 differs. Expected DN; Found AE
Value at index 92 differs. Expected DO; Found BI
Value at index 93 differs. Expected DP; Found BO
Value at index 94 differs. Expected DQ; Found DA
Value at index 97 differs. Expected DT; Found EI
Value at index 98 differs. Expected DU; Found EJ
Value at index 100 differs. Expected DW; Found CO
Value at index 101 differs. Expected DX; Found EN
Value at index 104 differs. Expected EA; Found EW
Value at index 106 differs. Expected EC; Found BP
Value at index 108 differs. Expected EE; Found FD
Value at index 109 differs. Expected EF; Found BJ
Value at index 110 differs. Expected EG; Found EF
Value at index 111 differs. Expected EH; Found EA
Value at index 112 differs. Expected EI; Found AM
Value at index 113 differs. Expected EJ; Found AK
Value at index 116 differs. Expected EM; Found DD
Value at index 117 differs. Expected EN; Found FA
Value at index 118 differs. Expected EO; Found CD
Value at index 119 differs. Expected EP; Found EO
Value at index 120 differs. Expected EQ; Found BH
Value at index 121 differs. Expected ER; Found EU
Value at index 124 differs. Expected EU; Found CH
Value at index 125 differs. Expected EV; Found BN
Value at index 126 differs. Expected EW; Found DU
Value at index 127 differs. Expected EX; Found AY
Value at index 128 differs. Expected EY; Found EP
Value at index 130 differs. Expected FA; Found FH
Value at index 132 differs. Expected FC; Found AT
Value at index 133 differs. Expected FD; Found BD
Value at index 134 differs. Expected FE; Found AU
Value at index 135 differs. Expected FF; Found BK
Value at index 137 differs. Expected FH; Found DC
Value at index 138 differs. Expected FI; Found BV
Value at index 139 differs. Expected FJ; Found FK
Value at index 140 differs. Expected FK; Found AN
Value at index 144 differs. Expected FO; Found EY
Value at index 145 differs. Expected FP; Found FF
Value at index 146 differs. Expected FQ; Found FP
Value at index 149 differs. Expected FT; Found AD

