Invalid read count. Expected: 108; Found: 0
Invalid write count. Expected: 26; Found: 0
Value at index 0 differs. Expected A; Found G
Value at index 1 differs. Expected B; Found J
Value at index 4 differs. Expected E; Found H
Value at index 5 differs. Expected F; Found E
Value at index 6 differs. Expected G; Found B
Value at index 7 differs. Expected H; Found F
Value at index 9 differs. Expected J; Found A

Invalid read count. Expected: 4 842; Found: 0
Invalid write count. Expected: 700; Found: 0
Value at index 1 differs. Expected AB; Found FQ
Value at index 3 differs. Expected AD; Found DW
Value at index 4 differs. Expected AE; Found BD
Value at index 5 differs. Expected AF; Found AO
Value at index 6 differs. Expected AG; Found BV
Value at index 7 differs. Expected AH; Found FA
Value at index 8 differs. Expected AI; Found AY
Value at index 9 differs. Expected AJ; Found BQ
Value at index 12 differs. Expected AM; Found CJ
Value at index 14 differs. Expected AO; Found AF
Value at index 17 differs. Expected AR; Found DK
Value at index 19 differs. Expected AT; Found CS
Value at index 21 differs. Expected AV; Found FC
Value at index 22 differs. Expected AW; Found EH
Value at index 23 differs. Expected AX; Found FN
Value at index 24 differs. Expected AY; Found BC
Value at index 25 differs. Expected AZ; Found ET
Value at index 26 differs. Expected BA; Found DF
Value at index 27 differs. Expected BB; Found CF
Value at index 28 differs. Expected BC; Found AT
Value at index 29 differs. Expected BD; Found CX
Value at index 30 differs. Expected BE; Found BF
Value at index 31 differs. Expected BF; Found CH
Value at index 32 differs. Expected BG; Found DU
Value at index 35 differs. Expected BJ; Found AH
Value at index 36 differs. Expected BK; Found BZ
Value at index 38 differs. Expected BM; Found CD
Value at index 39 differs. Expected BN; Found BJ
Value at index 40 differs. Expected BO; Found EC
Value at index 41 differs. Expected BP; Found BB
Value at index 42 differs. Expected BQ; Found AB
Value at index 43 differs. Expected BR; Found BG
Value at index 45 differs. Expected BT; Found BK
Value at index 46 differs. Expected BU; Found EA
Value at index 47 differs. Expected BV; Found BT
Value at index 49 differs. Expected BX; Found AJ
Value at index 50 differs. Expected BY; Found DA
Value at index 51 differs. Expected BZ; Found BY
Value at index 52 differs. Expected CA; Found FF
Value at index 53 differs. Expected CB; Found DY
Value at index 55 differs. Expected CD; Found EL
Value at index 57 differs. Expected CF; Found EK
Value at index 58 differs. Expected CG; Found CM
Value at index 59 differs. Expected CH; Found DO
Value at index 60 differs. Expected CI; Found FG
Value at index 61 differs. Expected CJ; Found AM
Value at index 62 differs. Expected CK; Found CY
Value at index 63 differs. Expected CL; Found EW
Value at index 64 differs. Expected CM; Found DB
Value at index 65 differs. Expected CN; Found DM
Value at index 66 differs. Expected CO; Found AG
Value at index 67 differs. Expected CP; Found EQ
Value at index 70 differs. Expected CS; Found EN
Value at index 71 differs. Expected CT; Found BR
Value at index 72 differs. Expected CU; Found AR
Value at index 74 differs. Expected CW; Found BM
Value at index 75 differs. Expected CX; Found AE
Value at index 76 differs. Expected CY; Found FH
Value at index 77 differs. Expected CZ; Found EY
Value at index 78 differs. Expected DA; Found EO
Value at index 79 differs. Expected DB; Found DL
Value at index 80 differs. Expected DC; Found CN
Value at index 81 differs. Expected DD; Found DP
Value at index 82 differs. Expected DE; Found ED
Value at index 83 differs. Expected DF; Found DC
Value at index 86 differs. Expected DI; Found FM
Value at index 88 differs. Expected DK; Found CU
Value at index 89 differs. Expected DL; Found CG
Value at index 90 differs. Expected DM; Found DN
Value at index 91 differs. Expected DN; Found BA
Value at index 92 differs. Expected DO; Found FD
Value at index 93 differs. Expected DP; Found DD
Value at index 95 differs. Expected DR; Found DX
Value at index 96 differs. Expected DS; Found DT
Value at index 97 differs. Expected DT; Found DS
Value at index 98 differs. Expected DU; Found CT
Value at index 100 differs. Expected DW; Found AD
Value at index 101 differs. Expected DX; Found AZ
Value at index 102 differs. Expected DY; Found CB
Value at index 104 differs. Expected EA; Found BU
Value at index 105 differs. Expected EB; Found CZ
Value at index 106 differs. Expected EC; Found BO
Value at index 107 differs. Expected ED; Found DE
Value at index 110 differs. Expected EG; Found CP
Value at index 111 differs. Expected EH; Found AW
Value at index 112 differs. Expected EI; Found CA
Value at index 113 differs. Expected EJ; Found FR
Value at index 114 differs. Expected EK; Found BP
Value at index 115 differs. Expected EL; Found CW
Value at index 116 differs. Expected EM; Found ES
Value at index 117 differs. Expected EN; Found EB
Value at index 118 differs. Expected EO; Found AI
Value at index 120 differs. Expected EQ; Found EG
Value at index 122 differs. Expected ES; Found DR
Value at index 123 differs. Expected ET; Found EM
Value at index 126 differs. Expected EW; Found CL
Value at index 128 differs. Expected EY; Found CO
Value at index 130 differs. Expected FA; Found BN
Value at index 131 differs. Expected FB; Found FL
Value at index 132 differs. Expected FC; Found AV
Value at index 133 differs. Expected FD; Found BE
Value at index 135 differs. Expected FF; Found EI
Value at index 136 differs. Expected FG; Found CI
Value at index 137 differs. Expected FH; Found CK
Value at index 139 differs. Expected FJ; Found FT
Value at index 141 differs. Expected FL; Found FB
Value at index 142 differs. Expected FM; Found DI
Value at index 143 differs. Expected FN; Found AX
Value at index 146 differs. Expected FQ; Found BX
Value at index 147 differs. Expected FR; Found EJ
Value at index 149 differs. Expected FT; Found FJ

