Invalid read count. Expected: 118; Found: 0
Invalid write count. Expected: 18; Found: 0
Value at index 2 differs. Expected C; Found I
Value at index 8 differs. Expected I; Found C

Invalid read count. Expected: 4 856; Found: 0
Invalid write count. Expected: 714; Found: 0
Value at index 3 differs. Expected AD; Found BZ
Value at index 4 differs. Expected AE; Found DH
Value at index 5 differs. Expected AF; Found CI
Value at index 6 differs. Expected AG; Found BD
Value at index 7 differs. Expected AH; Found AS
Value at index 9 differs. Expected AJ; Found AK
Value at index 10 differs. Expected AK; Found FH
Value at index 11 differs. Expected AL; Found DU
Value at index 12 differs. Expected AM; Found CB
Value at index 13 differs. Expected AN; Found AW
Value at index 14 differs. Expected AO; Found DQ
Value at index 17 differs. Expected AR; Found FS
Value at index 18 differs. Expected AS; Found AU
Value at index 19 differs. Expected AT; Found BT
Value at index 20 differs. Expected AU; Found CA
Value at index 22 differs. Expected AW; Found CX
Value at index 23 differs. Expected AX; Found FG
Value at index 25 differs. Expected AZ; Found AN
Value at index 26 differs. Expected BA; Found DA
Value at index 27 differs. Expected BB; Found BU
Value at index 28 differs. Expected BC; Found CL
Value at index 29 differs. Expected BD; Found DY
Value at index 31 differs. Expected BF; Found CP
Value at index 32 differs. Expected BG; Found FP
Value at index 33 differs. Expected BH; Found BJ
Value at index 34 differs. Expected BI; Found BY
Value at index 35 differs. Expected BJ; Found BH
Value at index 36 differs. Expected BK; Found BI
Value at index 37 differs. Expected BL; Found DS
Value at index 38 differs. Expected BM; Found EQ
Value at index 39 differs. Expected BN; Found FF
Value at index 40 differs. Expected BO; Found FA
Value at index 41 differs. Expected BP; Found ED
Value at index 42 differs. Expected BQ; Found DP
Value at index 43 differs. Expected BR; Found EN
Value at index 45 differs. Expected BT; Found EH
Value at index 46 differs. Expected BU; Found AD
Value at index 47 differs. Expected BV; Found CY
Value at index 48 differs. Expected BW; Found CK
Value at index 49 differs. Expected BX; Found CG
Value at index 50 differs. Expected BY; Found BK
Value at index 51 differs. Expected BZ; Found CF
Value at index 52 differs. Expected CA; Found AH
Value at index 53 differs. Expected CB; Found AM
Value at index 55 differs. Expected CD; Found AE
Value at index 56 differs. Expected CE; Found EW
Value at index 57 differs. Expected CF; Found BB
Value at index 58 differs. Expected CG; Found BX
Value at index 60 differs. Expected CI; Found AF
Value at index 62 differs. Expected CK; Found BW
Value at index 63 differs. Expected CL; Found DV
Value at index 64 differs. Expected CM; Found EL
Value at index 65 differs. Expected CN; Found DC
Value at index 67 differs. Expected CP; Found DJ
Value at index 68 differs. Expected CQ; Found AG
Value at index 69 differs. Expected CR; Found BV
Value at index 70 differs. Expected CS; Found BF
Value at index 71 differs. Expected CT; Found FI
Value at index 72 differs. Expected CU; Found DM
Value at index 74 differs. Expected CW; Found EB
Value at index 75 differs. Expected CX; Found AZ
Value at index 76 differs. Expected CY; Found CR
Value at index 77 differs. Expected CZ; Found DT
Value at index 78 differs. Expected DA; Found BA
Value at index 79 differs. Expected DB; Found EU
Value at index 80 differs. Expected DC; Found CN
Value at index 82 differs. Expected DE; Found DG
Value at index 83 differs. Expected DF; Found CD
Value at index 84 differs. Expected DG; Found AR
Value at index 85 differs. Expected DH; Found EG
Value at index 87 differs. Expected DJ; Found CS
Value at index 88 differs. Expected DK; Found ER
Value at index 90 differs. Expected DM; Found EZ
Value at index 91 differs. Expected DN; Found DE
Value at index 93 differs. Expected DP; Found FE
Value at index 94 differs. Expected DQ; Found AO
Value at index 95 differs. Expected DR; Found BR
Value at index 96 differs. Expected DS; Found BL
Value at index 97 differs. Expected DT; Found DB
Value at index 98 differs. Expected DU; Found AL
Value at index 99 differs. Expected DV; Found BC
Value at index 100 differs. Expected DW; Found EJ
Value at index 101 differs. Expected DX; Found FN
Value at index 102 differs. Expected DY; Found EI
Value at index 104 differs. Expected EA; Found EP
Value at index 105 differs. Expected EB; Found FQ
Value at index 106 differs. Expected EC; Found DK
Value at index 107 differs. Expected ED; Found BP
Value at index 110 differs. Expected EG; Found DF
Value at index 111 differs. Expected EH; Found AT
Value at index 112 differs. Expected EI; Found EX
Value at index 113 differs. Expected EJ; Found DW
Value at index 115 differs. Expected EL; Found DR
Value at index 116 differs. Expected EM; Found FC
Value at index 117 differs. Expected EN; Found CM
Value at index 118 differs. Expected EO; Found FD
Value at index 119 differs. Expected EP; Found EA
Value at index 120 differs. Expected EQ; Found BM
Value at index 121 differs. Expected ER; Found EC
Value at index 123 differs. Expected ET; Found DN
Value at index 124 differs. Expected EU; Found CZ
Value at index 125 differs. Expected EV; Found CW
Value at index 126 differs. Expected EW; Found CE
Value at index 127 differs. Expected EX; Found CT
Value at index 129 differs. Expected EZ; Found FR
Value at index 130 differs. Expected FA; Found BO
Value at index 132 differs. Expected FC; Found EM
Value at index 133 differs. Expected FD; Found EO
Value at index 134 differs. Expected FE; Found BQ
Value at index 135 differs. Expected FF; Found BN
Value at index 136 differs. Expected FG; Found AX
Value at index 137 differs. Expected FH; Found AJ
Value at index 138 differs. Expected FI; Found ET
Value at index 143 differs. Expected FN; Found DX
Value at index 145 differs. Expected FP; Found BG
Value at index 146 differs. Expected FQ; Found EV
Value at index 147 differs. Expected FR; Found CU
Value at index 148 differs. Expected FS; Found CQ

