Invalid read count. Expected: 126; Found: 0
Invalid write count. Expected: 26; Found: 0
Value at index 0 differs. Expected A; Found D
Value at index 3 differs. Expected D; Found G
Value at index 5 differs. Expected F; Found I
Value at index 6 differs. Expected G; Found F
Value at index 8 differs. Expected I; Found J
Value at index 9 differs. Expected J; Found A

Invalid read count. Expected: 4 892; Found: 0
Invalid write count. Expected: 750; Found: 0
Value at index 0 differs. Expected AA; Found EQ
Value at index 1 differs. Expected AB; Found AO
Value at index 2 differs. Expected AC; Found CK
Value at index 3 differs. Expected AD; Found CQ
Value at index 5 differs. Expected AF; Found BT
Value at index 6 differs. Expected AG; Found FM
Value at index 7 differs. Expected AH; Found CS
Value at index 8 differs. Expected AI; Found BS
Value at index 11 differs. Expected AL; Found EB
Value at index 12 differs. Expected AM; Found CV
Value at index 13 differs. Expected AN; Found EG
Value at index 14 differs. Expected AO; Found AB
Value at index 16 differs. Expected AQ; Found BQ
Value at index 17 differs. Expected AR; Found BO
Value at index 18 differs. Expected AS; Found DB
Value at index 19 differs. Expected AT; Found FH
Value at index 20 differs. Expected AU; Found CW
Value at index 22 differs. Expected AW; Found AN
Value at index 23 differs. Expected AX; Found FK
Value at index 24 differs. Expected AY; Found CP
Value at index 26 differs. Expected BA; Found CC
Value at index 28 differs. Expected BC; Found AQ
Value at index 30 differs. Expected BE; Found FI
Value at index 31 differs. Expected BF; Found EY
Value at index 32 differs. Expected BG; Found CH
Value at index 33 differs. Expected BH; Found CZ
Value at index 36 differs. Expected BK; Found DJ
Value at index 38 differs. Expected BM; Found AU
Value at index 39 differs. Expected BN; Found CY
Value at index 40 differs. Expected BO; Found EV
Value at index 42 differs. Expected BQ; Found BV
Value at index 44 differs. Expected BS; Found DD
Value at index 45 differs. Expected BT; Found CA
Value at index 46 differs. Expected BU; Found AY
Value at index 47 differs. Expected BV; Found BC
Value at index 48 differs. Expected BW; Found DQ
Value at index 49 differs. Expected BX; Found DY
Value at index 50 differs. Expected BY; Found EU
Value at index 52 differs. Expected CA; Found AF
Value at index 54 differs. Expected CC; Found CT
Value at index 56 differs. Expected CE; Found BY
Value at index 57 differs. Expected CF; Found BF
Value at index 58 differs. Expected CG; Found DV
Value at index 59 differs. Expected CH; Found BM
Value at index 61 differs. Expected CJ; Found EX
Value at index 62 differs. Expected CK; Found BA
Value at index 63 differs. Expected CL; Found AG
Value at index 64 differs. Expected CM; Found DR
Value at index 65 differs. Expected CN; Found AM
Value at index 66 differs. Expected CO; Found DZ
Value at index 67 differs. Expected CP; Found CN
Value at index 68 differs. Expected CQ; Found EF
Value at index 69 differs. Expected CR; Found EA
Value at index 70 differs. Expected CS; Found AH
Value at index 71 differs. Expected CT; Found CO
Value at index 72 differs. Expected CU; Found DL
Value at index 73 differs. Expected CV; Found BH
Value at index 74 differs. Expected CW; Found BG
Value at index 76 differs. Expected CY; Found FP
Value at index 77 differs. Expected CZ; Found CU
Value at index 78 differs. Expected DA; Found BX
Value at index 79 differs. Expected DB; Found AS
Value at index 81 differs. Expected DD; Found AI
Value at index 87 differs. Expected DJ; Found EE
Value at index 89 differs. Expected DL; Found BU
Value at index 90 differs. Expected DM; Found EC
Value at index 92 differs. Expected DO; Found FT
Value at index 94 differs. Expected DQ; Found BW
Value at index 95 differs. Expected DR; Found CM
Value at index 98 differs. Expected DU; Found EZ
Value at index 99 differs. Expected DV; Found CG
Value at index 101 differs. Expected DX; Found ER
Value at index 102 differs. Expected DY; Found EW
Value at index 103 differs. Expected DZ; Found AC
Value at index 104 differs. Expected EA; Found FG
Value at index 105 differs. Expected EB; Found CL
Value at index 106 differs. Expected EC; Found DM
Value at index 108 differs. Expected EE; Found BK
Value at index 109 differs. Expected EF; Found AD
Value at index 110 differs. Expected EG; Found DU
Value at index 112 differs. Expected EI; Found AR
Value at index 114 differs. Expected EK; Found FL
Value at index 118 differs. Expected EO; Found FO
Value at index 119 differs. Expected EP; Found ES
Value at index 120 differs. Expected EQ; Found AA
Value at index 121 differs. Expected ER; Found AX
Value at index 122 differs. Expected ES; Found EP
Value at index 124 differs. Expected EU; Found CE
Value at index 125 differs. Expected EV; Found EI
Value at index 126 differs. Expected EW; Found DA
Value at index 127 differs. Expected EX; Found CJ
Value at index 128 differs. Expected EY; Found CF
Value at index 129 differs. Expected EZ; Found AW
Value at index 131 differs. Expected FB; Found AL
Value at index 136 differs. Expected FG; Found CR
Value at index 137 differs. Expected FH; Found AT
Value at index 138 differs. Expected FI; Found BE
Value at index 140 differs. Expected FK; Found DX
Value at index 141 differs. Expected FL; Found EK
Value at index 142 differs. Expected FM; Found FB
Value at index 143 differs. Expected FN; Found FS
Value at index 144 differs. Expected FO; Found EO
Value at index 145 differs. Expected FP; Found FQ
Value at index 146 differs. Expected FQ; Found BN
Value at index 148 differs. Expected FS; Found FN
Value at index 149 differs. Expected FT; Found DO

