Invalid read count. Expected: 122; Found: 0
Invalid write count. Expected: 22; Found: 0
Value at index 1 differs. Expected B; Found J
Value at index 2 differs. Expected C; Found E
Value at index 3 differs. Expected D; Found H
Value at index 4 differs. Expected E; Found C
Value at index 6 differs. Expected G; Found B
Value at index 7 differs. Expected H; Found G
Value at index 9 differs. Expected J; Found D

Invalid read count. Expected: 4 904; Found: 0
Invalid write count. Expected: 762; Found: 0
Value at index 0 differs. Expected AA; Found CB
Value at index 1 differs. Expected AB; Found AF
Value at index 2 differs. Expected AC; Found FH
Value at index 5 differs. Expected AF; Found FL
Value at index 6 differs. Expected AG; Found AQ
Value at index 7 differs. Expected AH; Found AU
Value at index 8 differs. Expected AI; Found AS
Value at index 9 differs. Expected AJ; Found EU
Value at index 10 differs. Expected AK; Found DN
Value at index 11 differs. Expected AL; Found DC
Value at index 12 differs. Expected AM; Found CR
Value at index 13 differs. Expected AN; Found DJ
Value at index 14 differs. Expected AO; Found CY
Value at index 15 differs. Expected AP; Found DD
Value at index 16 differs. Expected AQ; Found AG
Value at index 17 differs. Expected AR; Found EJ
Value at index 18 differs. Expected AS; Found AI
Value at index 19 differs. Expected AT; Found DA
Value at index 20 differs. Expected AU; Found EK
Value at index 22 differs. Expected AW; Found AJ
Value at index 24 differs. Expected AY; Found CW
Value at index 25 differs. Expected AZ; Found FQ
Value at index 27 differs. Expected BB; Found CX
Value at index 28 differs. Expected BC; Found BU
Value at index 29 differs. Expected BD; Found EN
Value at index 30 differs. Expected BE; Found EF
Value at index 31 differs. Expected BF; Found FO
Value at index 32 differs. Expected BG; Found DF
Value at index 33 differs. Expected BH; Found DT
Value at index 36 differs. Expected BK; Found BT
Value at index 37 differs. Expected BL; Found BO
Value at index 40 differs. Expected BO; Found FN
Value at index 42 differs. Expected BQ; Found AA
Value at index 43 differs. Expected BR; Found CQ
Value at index 44 differs. Expected BS; Found CL
Value at index 45 differs. Expected BT; Found BK
Value at index 46 differs. Expected BU; Found FI
Value at index 47 differs. Expected BV; Found CF
Value at index 48 differs. Expected BW; Found BL
Value at index 49 differs. Expected BX; Found EY
Value at index 50 differs. Expected BY; Found EX
Value at index 53 differs. Expected CB; Found FK
Value at index 54 differs. Expected CC; Found BV
Value at index 57 differs. Expected CF; Found CC
Value at index 58 differs. Expected CG; Found BC
Value at index 59 differs. Expected CH; Found CI
Value at index 60 differs. Expected CI; Found AZ
Value at index 61 differs. Expected CJ; Found BD
Value at index 63 differs. Expected CL; Found BS
Value at index 65 differs. Expected CN; Found DI
Value at index 68 differs. Expected CQ; Found BR
Value at index 69 differs. Expected CR; Found FS
Value at index 74 differs. Expected CW; Found AY
Value at index 75 differs. Expected CX; Found BB
Value at index 76 differs. Expected CY; Found FA
Value at index 78 differs. Expected DA; Found AT
Value at index 80 differs. Expected DC; Found FR
Value at index 81 differs. Expected DD; Found BX
Value at index 82 differs. Expected DE; Found EC
Value at index 83 differs. Expected DF; Found FE
Value at index 84 differs. Expected DG; Found FM
Value at index 85 differs. Expected DH; Found DR
Value at index 86 differs. Expected DI; Found EO
Value at index 87 differs. Expected DJ; Found AN
Value at index 91 differs. Expected DN; Found DY
Value at index 92 differs. Expected DO; Found AL
Value at index 93 differs. Expected DP; Found FF
Value at index 94 differs. Expected DQ; Found DZ
Value at index 95 differs. Expected DR; Found DH
Value at index 96 differs. Expected DS; Found DG
Value at index 97 differs. Expected DT; Found BH
Value at index 98 differs. Expected DU; Found EZ
Value at index 102 differs. Expected DY; Found AK
Value at index 103 differs. Expected DZ; Found EH
Value at index 106 differs. Expected EC; Found DE
Value at index 109 differs. Expected EF; Found BE
Value at index 111 differs. Expected EH; Found AP
Value at index 112 differs. Expected EI; Found DU
Value at index 113 differs. Expected EJ; Found FT
Value at index 114 differs. Expected EK; Found FG
Value at index 116 differs. Expected EM; Found BF
Value at index 117 differs. Expected EN; Found EP
Value at index 118 differs. Expected EO; Found FP
Value at index 119 differs. Expected EP; Found CJ
Value at index 120 differs. Expected EQ; Found DO
Value at index 121 differs. Expected ER; Found AB
Value at index 124 differs. Expected EU; Found ER
Value at index 126 differs. Expected EW; Found AW
Value at index 127 differs. Expected EX; Found EW
Value at index 128 differs. Expected EY; Found DQ
Value at index 129 differs. Expected EZ; Found FD
Value at index 130 differs. Expected FA; Found AO
Value at index 133 differs. Expected FD; Found EI
Value at index 134 differs. Expected FE; Found BG
Value at index 135 differs. Expected FF; Found CG
Value at index 136 differs. Expected FG; Found DS
Value at index 137 differs. Expected FH; Found AC
Value at index 138 differs. Expected FI; Found CN
Value at index 140 differs. Expected FK; Found BQ
Value at index 141 differs. Expected FL; Found BY
Value at index 142 differs. Expected FM; Found AH
Value at index 143 differs. Expected FN; Found BW
Value at index 144 differs. Expected FO; Found EM
Value at index 145 differs. Expected FP; Found DP
Value at index 146 differs. Expected FQ; Found CH
Value at index 147 differs. Expected FR; Found EQ
Value at index 148 differs. Expected FS; Found AM
Value at index 149 differs. Expected FT; Found AR

