Invalid read count. Expected: 100; Found: 0
Invalid write count. Expected: 18; Found: 0
Value at index 0 differs. Expected A; Found F
Value at index 1 differs. Expected B; Found I
Value at index 5 differs. Expected F; Found A
Value at index 8 differs. Expected I; Found J
Value at index 9 differs. Expected J; Found B

Invalid read count. Expected: 4 872; Found: 0
Invalid write count. Expected: 730; Found: 0
Value at index 0 differs. Expected AA; Found EZ
Value at index 1 differs. Expected AB; Found BA
Value at index 2 differs. Expected AC; Found EJ
Value at index 3 differs. Expected AD; Found AM
Value at index 4 differs. Expected AE; Found AL
Value at index 5 differs. Expected AF; Found CM
Value at index 6 differs. Expected AG; Found BR
Value at index 7 differs. Expected AH; Found CZ
Value at index 9 differs. Expected AJ; Found BW
Value at index 10 differs. Expected AK; Found BG
Value at index 11 differs. Expected AL; Found FR
Value at index 12 differs. Expected AM; Found DR
Value at index 13 differs. Expected AN; Found CT
Value at index 14 differs. Expected AO; Found DW
Value at index 15 differs. Expected AP; Found CE
Value at index 16 differs. Expected AQ; Found CQ
Value at index 17 differs. Expected AR; Found AB
Value at index 18 differs. Expected AS; Found DB
Value at index 19 differs. Expected AT; Found FL
Value at index 22 differs. Expected AW; Found AC
Value at index 23 differs. Expected AX; Found AE
Value at index 24 differs. Expected AY; Found DY
Value at index 26 differs. Expected BA; Found DF
Value at index 27 differs. Expected BB; Found FK
Value at index 28 differs. Expected BC; Found EW
Value at index 29 differs. Expected BD; Found FE
Value at index 31 differs. Expected BF; Found AK
Value at index 32 differs. Expected BG; Found BQ
Value at index 33 differs. Expected BH; Found EE
Value at index 38 differs. Expected BM; Found EF
Value at index 40 differs. Expected BO; Found FD
Value at index 41 differs. Expected BP; Found BO
Value at index 42 differs. Expected BQ; Found BF
Value at index 43 differs. Expected BR; Found BY
Value at index 45 differs. Expected BT; Found BV
Value at index 46 differs. Expected BU; Found CB
Value at index 47 differs. Expected BV; Found EG
Value at index 48 differs. Expected BW; Found DZ
Value at index 49 differs. Expected BX; Found EI
Value at index 50 differs. Expected BY; Found CI
Value at index 51 differs. Expected BZ; Found DA
Value at index 52 differs. Expected CA; Found EC
Value at index 53 differs. Expected CB; Found EP
Value at index 54 differs. Expected CC; Found DS
Value at index 55 differs. Expected CD; Found CS
Value at index 56 differs. Expected CE; Found DG
Value at index 58 differs. Expected CG; Found BM
Value at index 59 differs. Expected CH; Found FN
Value at index 60 differs. Expected CI; Found AG
Value at index 61 differs. Expected CJ; Found CP
Value at index 62 differs. Expected CK; Found BC
Value at index 64 differs. Expected CM; Found AF
Value at index 65 differs. Expected CN; Found EV
Value at index 66 differs. Expected CO; Found FJ
Value at index 67 differs. Expected CP; Found CJ
Value at index 68 differs. Expected CQ; Found FI
Value at index 70 differs. Expected CS; Found CX
Value at index 71 differs. Expected CT; Found AN
Value at index 74 differs. Expected CW; Found FH
Value at index 75 differs. Expected CX; Found FS
Value at index 76 differs. Expected CY; Found DJ
Value at index 77 differs. Expected CZ; Found AH
Value at index 78 differs. Expected DA; Found BZ
Value at index 79 differs. Expected DB; Found AS
Value at index 81 differs. Expected DD; Found DX
Value at index 83 differs. Expected DF; Found AR
Value at index 84 differs. Expected DG; Found AP
Value at index 86 differs. Expected DI; Found FA
Value at index 87 differs. Expected DJ; Found AY
Value at index 89 differs. Expected DL; Found EU
Value at index 90 differs. Expected DM; Found FO
Value at index 91 differs. Expected DN; Found CD
Value at index 92 differs. Expected DO; Found DT
Value at index 95 differs. Expected DR; Found AD
Value at index 96 differs. Expected DS; Found EK
Value at index 97 differs. Expected DT; Found ED
Value at index 100 differs. Expected DW; Found AX
Value at index 101 differs. Expected DX; Found EQ
Value at index 102 differs. Expected DY; Found EA
Value at index 103 differs. Expected DZ; Found AJ
Value at index 104 differs. Expected EA; Found CY
Value at index 106 differs. Expected EC; Found CH
Value at index 107 differs. Expected ED; Found DO
Value at index 108 differs. Expected EE; Found AO
Value at index 109 differs. Expected EF; Found EH
Value at index 110 differs. Expected EG; Found BT
Value at index 111 differs. Expected EH; Found AQ
Value at index 112 differs. Expected EI; Found ES
Value at index 113 differs. Expected EJ; Found EX
Value at index 114 differs. Expected EK; Found CC
Value at index 115 differs. Expected EL; Found EN
Value at index 117 differs. Expected EN; Found EL
Value at index 119 differs. Expected EP; Found BU
Value at index 120 differs. Expected EQ; Found CA
Value at index 122 differs. Expected ES; Found BX
Value at index 124 differs. Expected EU; Found DL
Value at index 125 differs. Expected EV; Found FM
Value at index 126 differs. Expected EW; Found EY
Value at index 127 differs. Expected EX; Found AW
Value at index 128 differs. Expected EY; Found CK
Value at index 129 differs. Expected EZ; Found AA
Value at index 130 differs. Expected FA; Found DI
Value at index 132 differs. Expected FC; Found FP
Value at index 133 differs. Expected FD; Found BP
Value at index 134 differs. Expected FE; Found BD
Value at index 137 differs. Expected FH; Found CW
Value at index 138 differs. Expected FI; Found DD
Value at index 139 differs. Expected FJ; Found CO
Value at index 140 differs. Expected FK; Found BB
Value at index 141 differs. Expected FL; Found DN
Value at index 142 differs. Expected FM; Found CN
Value at index 143 differs. Expected FN; Found CG
Value at index 144 differs. Expected FO; Found DM
Value at index 145 differs. Expected FP; Found FC
Value at index 147 differs. Expected FR; Found BH
Value at index 148 differs. Expected FS; Found AT

