Invalid read count. Expected: 84; Found: 82

Invalid read count. Expected: 28 792; Found: 26
Invalid write count. Expected: 9 506; Found: 10
Value at index 0 differs. Expected AA; Found AE
Value at index 1 differs. Expected AB; Found EB
Value at index 2 differs. Expected AC; Found DH
Value at index 3 differs. Expected AD; Found ES
Value at index 4 differs. Expected AE; Found EW
Value at index 5 differs. Expected AF; Found ER
Value at index 6 differs. Expected AG; Found CR
Value at index 8 differs. Expected AI; Found AL
Value at index 11 differs. Expected AL; Found AN
Value at index 12 differs. Expected AM; Found DC
Value at index 13 differs. Expected AN; Found FJ
Value at index 14 differs. Expected AO; Found AW
Value at index 15 differs. Expected AP; Found DO
Value at index 16 differs. Expected AQ; Found DQ
Value at index 17 differs. Expected AR; Found AD
Value at index 18 differs. Expected AS; Found FO
Value at index 19 differs. Expected AT; Found AC
Value at index 20 differs. Expected AU; Found FR
Value at index 21 differs. Expected AV; Found CF
Value at index 22 differs. Expected AW; Found BW
Value at index 24 differs. Expected AY; Found FM
Value at index 25 differs. Expected AZ; Found BD
Value at index 29 differs. Expected BD; Found AZ
Value at index 30 differs. Expected BE; Found CN
Value at index 32 differs. Expected BG; Found DI
Value at index 33 differs. Expected BH; Found AM
Value at index 34 differs. Expected BI; Found EC
Value at index 35 differs. Expected BJ; Found CU
Value at index 36 differs. Expected BK; Found FL
Value at index 39 differs. Expected BN; Found FP
Value at index 40 differs. Expected BO; Found CB
Value at index 41 differs. Expected BP; Found DA
Value at index 42 differs. Expected BQ; Found EL
Value at index 43 differs. Expected BR; Found DM
Value at index 44 differs. Expected BS; Found DT
Value at index 45 differs. Expected BT; Found BY
Value at index 46 differs. Expected BU; Found BH
Value at index 48 differs. Expected BW; Found AP
Value at index 49 differs. Expected BX; Found CL
Value at index 50 differs. Expected BY; Found CZ
Value at index 52 differs. Expected CA; Found FT
Value at index 53 differs. Expected CB; Found BO
Value at index 54 differs. Expected CC; Found EY
Value at index 57 differs. Expected CF; Found AV
Value at index 58 differs. Expected CG; Found FN
Value at index 59 differs. Expected CH; Found EI
Value at index 61 differs. Expected CJ; Found BQ
Value at index 62 differs. Expected CK; Found DF
Value at index 63 differs. Expected CL; Found BX
Value at index 65 differs. Expected CN; Found CW
Value at index 69 differs. Expected CR; Found DN
Value at index 70 differs. Expected CS; Found FS
Value at index 71 differs. Expected CT; Found AR
Value at index 72 differs. Expected CU; Found DZ
Value at index 74 differs. Expected CW; Found BT
Value at index 75 differs. Expected CX; Found FG
Value at index 77 differs. Expected CZ; Found BE
Value at index 78 differs. Expected DA; Found CK
Value at index 80 differs. Expected DC; Found BU
Value at index 83 differs. Expected DF; Found BP
Value at index 85 differs. Expected DH; Found DK
Value at index 86 differs. Expected DI; Found DL
Value at index 88 differs. Expected DK; Found AB
Value at index 89 differs. Expected DL; Found BG
Value at index 90 differs. Expected DM; Found FB
Value at index 91 differs. Expected DN; Found BJ
Value at index 92 differs. Expected DO; Found AO
Value at index 93 differs. Expected DP; Found EV
Value at index 94 differs. Expected DQ; Found AQ
Value at index 95 differs. Expected DR; Found FQ
Value at index 97 differs. Expected DT; Found DY
Value at index 102 differs. Expected DY; Found FE
Value at index 103 differs. Expected DZ; Found AG
Value at index 105 differs. Expected EB; Found AA
Value at index 106 differs. Expected EC; Found CS
Value at index 107 differs. Expected ED; Found DR
Value at index 112 differs. Expected EI; Found CH
Value at index 115 differs. Expected EL; Found CJ
Value at index 116 differs. Expected EM; Found AT
Value at index 119 differs. Expected EP; Found FC
Value at index 121 differs. Expected ER; Found AU
Value at index 122 differs. Expected ES; Found CT
Value at index 124 differs. Expected EU; Found CX
Value at index 125 differs. Expected EV; Found DP
Value at index 126 differs. Expected EW; Found AS
Value at index 128 differs. Expected EY; Found CC
Value at index 131 differs. Expected FB; Found BR
Value at index 132 differs. Expected FC; Found FF
Value at index 134 differs. Expected FE; Found FH
Value at index 135 differs. Expected FF; Found EP
Value at index 136 differs. Expected FG; Found EU
Value at index 137 differs. Expected FH; Found ED
Value at index 139 differs. Expected FJ; Found BI
Value at index 141 differs. Expected FL; Found BK
Value at index 142 differs. Expected FM; Found AY
Value at index 143 differs. Expected FN; Found CG
Value at index 144 differs. Expected FO; Found EM
Value at index 145 differs. Expected FP; Found BN
Value at index 146 differs. Expected FQ; Found BS
Value at index 147 differs. Expected FR; Found AF
Value at index 148 differs. Expected FS; Found AI
Value at index 149 differs. Expected FT; Found CA

