Invalid read count. Expected: 136; Found: 0
Invalid write count. Expected: 42; Found: 0
Value at index 0 differs. Expected A; Found F
Value at index 1 differs. Expected B; Found G
Value at index 3 differs. Expected D; Found H
Value at index 5 differs. Expected F; Found A
Value at index 6 differs. Expected G; Found D
Value at index 7 differs. Expected H; Found I
Value at index 8 differs. Expected I; Found B

Invalid read count. Expected: 22 498; Found: 0
Invalid write count. Expected: 7 400; Found: 0
Value at index 1 differs. Expected AB; Found EP
Value at index 2 differs. Expected AC; Found CB
Value at index 6 differs. Expected AG; Found DC
Value at index 7 differs. Expected AH; Found DW
Value at index 8 differs. Expected AI; Found AP
Value at index 9 differs. Expected AJ; Found DQ
Value at index 11 differs. Expected AL; Found CO
Value at index 13 differs. Expected AN; Found AS
Value at index 14 differs. Expected AO; Found ES
Value at index 15 differs. Expected AP; Found EX
Value at index 16 differs. Expected AQ; Found FP
Value at index 17 differs. Expected AR; Found AZ
Value at index 18 differs. Expected AS; Found DP
Value at index 21 differs. Expected AV; Found EW
Value at index 23 differs. Expected AX; Found AC
Value at index 24 differs. Expected AY; Found AB
Value at index 25 differs. Expected AZ; Found AR
Value at index 26 differs. Expected BA; Found DG
Value at index 27 differs. Expected BB; Found EF
Value at index 30 differs. Expected BE; Found DK
Value at index 31 differs. Expected BF; Found EN
Value at index 34 differs. Expected BI; Found CR
Value at index 35 differs. Expected BJ; Found DE
Value at index 39 differs. Expected BN; Found FC
Value at index 41 differs. Expected BP; Found AY
Value at index 42 differs. Expected BQ; Found DR
Value at index 46 differs. Expected BU; Found CD
Value at index 47 differs. Expected BV; Found CY
Value at index 49 differs. Expected BX; Found DI
Value at index 50 differs. Expected BY; Found BX
Value at index 51 differs. Expected BZ; Found EH
Value at index 53 differs. Expected CB; Found AG
Value at index 55 differs. Expected CD; Found CN
Value at index 56 differs. Expected CE; Found BF
Value at index 59 differs. Expected CH; Found EL
Value at index 60 differs. Expected CI; Found BZ
Value at index 61 differs. Expected CJ; Found BE
Value at index 62 differs. Expected CK; Found DA
Value at index 64 differs. Expected CM; Found BP
Value at index 65 differs. Expected CN; Found BU
Value at index 66 differs. Expected CO; Found DB
Value at index 68 differs. Expected CQ; Found AL
Value at index 69 differs. Expected CR; Found DV
Value at index 71 differs. Expected CT; Found CZ
Value at index 72 differs. Expected CU; Found EU
Value at index 75 differs. Expected CX; Found ER
Value at index 76 differs. Expected CY; Found BV
Value at index 77 differs. Expected CZ; Found CT
Value at index 78 differs. Expected DA; Found DT
Value at index 79 differs. Expected DB; Found FQ
Value at index 80 differs. Expected DC; Found AH
Value at index 82 differs. Expected DE; Found AX
Value at index 84 differs. Expected DG; Found EI
Value at index 86 differs. Expected DI; Found EJ
Value at index 87 differs. Expected DJ; Found AQ
Value at index 88 differs. Expected DK; Found FI
Value at index 89 differs. Expected DL; Found AI
Value at index 93 differs. Expected DP; Found AN
Value at index 94 differs. Expected DQ; Found AJ
Value at index 95 differs. Expected DR; Found BQ
Value at index 96 differs. Expected DS; Found EG
Value at index 97 differs. Expected DT; Found AV
Value at index 98 differs. Expected DU; Found EY
Value at index 99 differs. Expected DV; Found CH
Value at index 100 differs. Expected DW; Found FK
Value at index 101 differs. Expected DX; Found FA
Value at index 106 differs. Expected EC; Found CK
Value at index 107 differs. Expected ED; Found CU
Value at index 109 differs. Expected EF; Found DU
Value at index 110 differs. Expected EG; Found CQ
Value at index 111 differs. Expected EH; Found CI
Value at index 112 differs. Expected EI; Found BA
Value at index 113 differs. Expected EJ; Found BY
Value at index 114 differs. Expected EK; Found ET
Value at index 115 differs. Expected EL; Found BI
Value at index 116 differs. Expected EM; Found FF
Value at index 117 differs. Expected EN; Found CJ
Value at index 119 differs. Expected EP; Found EV
Value at index 121 differs. Expected ER; Found CX
Value at index 122 differs. Expected ES; Found AO
Value at index 123 differs. Expected ET; Found EK
Value at index 124 differs. Expected EU; Found ED
Value at index 125 differs. Expected EV; Found DS
Value at index 126 differs. Expected EW; Found FG
Value at index 127 differs. Expected EX; Found FH
Value at index 128 differs. Expected EY; Found BB
Value at index 130 differs. Expected FA; Found DX
Value at index 132 differs. Expected FC; Found BN
Value at index 135 differs. Expected FF; Found EM
Value at index 136 differs. Expected FG; Found EC
Value at index 137 differs. Expected FH; Found DL
Value at index 138 differs. Expected FI; Found CE
Value at index 140 differs. Expected FK; Found BJ
Value at index 142 differs. Expected FM; Found FS
Value at index 145 differs. Expected FP; Found DJ
Value at index 146 differs. Expected FQ; Found CM
Value at index 148 differs. Expected FS; Found FT
Value at index 149 differs. Expected FT; Found FM

