Invalid read count. Expected: 90; Found: 28
Invalid write count. Expected: 24; Found: 8
Value at index 0 differs. Expected A; Found I
Value at index 1 differs. Expected B; Found D
Value at index 3 differs. Expected D; Found A
Value at index 7 differs. Expected H; Found B
Value at index 8 differs. Expected I; Found H

Invalid read count. Expected: 26 216; Found: 448
Invalid write count. Expected: 8 642; Found: 148
Value at index 0 differs. Expected AA; Found FP
Value at index 1 differs. Expected AB; Found FL
Value at index 2 differs. Expected AC; Found EU
Value at index 3 differs. Expected AD; Found ET
Value at index 4 differs. Expected AE; Found ES
Value at index 5 differs. Expected AF; Found CP
Value at index 6 differs. Expected AG; Found CH
Value at index 7 differs. Expected AH; Found BH
Value at index 8 differs. Expected AI; Found BA
Value at index 9 differs. Expected AJ; Found AO
Value at index 10 differs. Expected AK; Found AN
Value at index 11 differs. Expected AL; Found AJ
Value at index 12 differs. Expected AM; Found AI
Value at index 13 differs. Expected AN; Found AE
Value at index 14 differs. Expected AO; Found AD
Value at index 15 differs. Expected AP; Found AB
Value at index 17 differs. Expected AR; Found BS
Value at index 19 differs. Expected AT; Found BX
Value at index 20 differs. Expected AU; Found BU
Value at index 21 differs. Expected AV; Found BB
Value at index 22 differs. Expected AW; Found AY
Value at index 24 differs. Expected AY; Found BP
Value at index 25 differs. Expected AZ; Found AW
Value at index 26 differs. Expected BA; Found CI
Value at index 27 differs. Expected BB; Found BZ
Value at index 29 differs. Expected BD; Found DZ
Value at index 31 differs. Expected BF; Found FJ
Value at index 32 differs. Expected BG; Found EY
Value at index 33 differs. Expected BH; Found AG
Value at index 34 differs. Expected BI; Found DO
Value at index 36 differs. Expected BK; Found ED
Value at index 37 differs. Expected BL; Found DF
Value at index 38 differs. Expected BM; Found EA
Value at index 39 differs. Expected BN; Found DT
Value at index 40 differs. Expected BO; Found CN
Value at index 41 differs. Expected BP; Found AZ
Value at index 43 differs. Expected BR; Found EL
Value at index 44 differs. Expected BS; Found AU
Value at index 46 differs. Expected BU; Found EZ
Value at index 48 differs. Expected BW; Found FM
Value at index 49 differs. Expected BX; Found FN
Value at index 51 differs. Expected BZ; Found EG
Value at index 52 differs. Expected CA; Found FK
Value at index 53 differs. Expected CB; Found AK
Value at index 55 differs. Expected CD; Found EJ
Value at index 57 differs. Expected CF; Found DH
Value at index 58 differs. Expected CG; Found FC
Value at index 59 differs. Expected CH; Found AL
Value at index 60 differs. Expected CI; Found CQ
Value at index 61 differs. Expected CJ; Found BG
Value at index 62 differs. Expected CK; Found DK
Value at index 64 differs. Expected CM; Found EO
Value at index 65 differs. Expected CN; Found BO
Value at index 66 differs. Expected CO; Found DL
Value at index 67 differs. Expected CP; Found DJ
Value at index 68 differs. Expected CQ; Found AH
Value at index 70 differs. Expected CS; Found AF
Value at index 71 differs. Expected CT; Found CX
Value at index 72 differs. Expected CU; Found EB
Value at index 74 differs. Expected CW; Found FG
Value at index 75 differs. Expected CX; Found EQ
Value at index 76 differs. Expected CY; Found BM
Value at index 78 differs. Expected DA; Found DM
Value at index 79 differs. Expected DB; Found CO
Value at index 82 differs. Expected DE; Found CU
Value at index 83 differs. Expected DF; Found CA
Value at index 85 differs. Expected DH; Found CF
Value at index 87 differs. Expected DJ; Found BF
Value at index 88 differs. Expected DK; Found DB
Value at index 89 differs. Expected DL; Found CK
Value at index 90 differs. Expected DM; Found CS
Value at index 91 differs. Expected DN; Found EE
Value at index 92 differs. Expected DO; Found AM
Value at index 97 differs. Expected DT; Found BN
Value at index 99 differs. Expected DV; Found FQ
Value at index 100 differs. Expected DW; Found CT
Value at index 102 differs. Expected DY; Found DV
Value at index 103 differs. Expected DZ; Found BD
Value at index 104 differs. Expected EA; Found CY
Value at index 105 differs. Expected EB; Found EM
Value at index 106 differs. Expected EC; Found AC
Value at index 107 differs. Expected ED; Found BK
Value at index 108 differs. Expected EE; Found FT
Value at index 110 differs. Expected EG; Found BW
Value at index 111 differs. Expected EH; Found EP
Value at index 113 differs. Expected EJ; Found CD
Value at index 115 differs. Expected EL; Found FD
Value at index 116 differs. Expected EM; Found DE
Value at index 118 differs. Expected EO; Found CM
Value at index 119 differs. Expected EP; Found EH
Value at index 120 differs. Expected EQ; Found AP
Value at index 122 differs. Expected ES; Found FE
Value at index 123 differs. Expected ET; Found EC
Value at index 124 differs. Expected EU; Found AA
Value at index 128 differs. Expected EY; Found CJ
Value at index 129 differs. Expected EZ; Found AR
Value at index 130 differs. Expected FA; Found DY
Value at index 131 differs. Expected FB; Found BR
Value at index 132 differs. Expected FC; Found CG
Value at index 133 differs. Expected FD; Found FB
Value at index 134 differs. Expected FE; Found AT
Value at index 136 differs. Expected FG; Found BL
Value at index 138 differs. Expected FI; Found FA
Value at index 139 differs. Expected FJ; Found CB
Value at index 140 differs. Expected FK; Found CW
Value at index 141 differs. Expected FL; Found BI
Value at index 142 differs. Expected FM; Found AV
Value at index 143 differs. Expected FN; Found DA
Value at index 145 differs. Expected FP; Found DW
Value at index 146 differs. Expected FQ; Found FI
Value at index 149 differs. Expected FT; Found DN

