Invalid read count. Expected: 90; Found: 80
Invalid write count. Expected: 24; Found: 8
Value at index 1 differs. Expected B; Found D
Value at index 3 differs. Expected D; Found B
Value at index 7 differs. Expected H; Found I
Value at index 8 differs. Expected I; Found H

Invalid read count. Expected: 26 216; Found: 26 030
Invalid write count. Expected: 8 642; Found: 3 978
Value at index 0 differs. Expected AA; Found AE
Value at index 2 differs. Expected AC; Found AI
Value at index 4 differs. Expected AE; Found AO
Value at index 5 differs. Expected AF; Found AJ
Value at index 6 differs. Expected AG; Found AQ
Value at index 7 differs. Expected AH; Found AN
Value at index 8 differs. Expected AI; Found AS
Value at index 9 differs. Expected AJ; Found AW
Value at index 10 differs. Expected AK; Found AY
Value at index 11 differs. Expected AL; Found AG
Value at index 12 differs. Expected AM; Found BC
Value at index 13 differs. Expected AN; Found AX
Value at index 14 differs. Expected AO; Found AU
Value at index 15 differs. Expected AP; Found AZ
Value at index 16 differs. Expected AQ; Found BE
Value at index 17 differs. Expected AR; Found AK
Value at index 18 differs. Expected AS; Found BH
Value at index 19 differs. Expected AT; Found AL
Value at index 20 differs. Expected AU; Found BP
Value at index 21 differs. Expected AV; Found BA
Value at index 22 differs. Expected AW; Found AH
Value at index 23 differs. Expected AX; Found BB
Value at index 24 differs. Expected AY; Found AF
Value at index 25 differs. Expected AZ; Found BG
Value at index 26 differs. Expected BA; Found BM
Value at index 27 differs. Expected BB; Found BJ
Value at index 28 differs. Expected BC; Found BQ
Value at index 29 differs. Expected BD; Found BF
Value at index 30 differs. Expected BE; Found AM
Value at index 31 differs. Expected BF; Found BO
Value at index 32 differs. Expected BG; Found BU
Value at index 33 differs. Expected BH; Found BN
Value at index 34 differs. Expected BI; Found BY
Value at index 35 differs. Expected BJ; Found BD
Value at index 36 differs. Expected BK; Found AC
Value at index 37 differs. Expected BL; Found BK
Value at index 38 differs. Expected BM; Found BW
Value at index 39 differs. Expected BN; Found BS
Value at index 40 differs. Expected BO; Found AP
Value at index 41 differs. Expected BP; Found BT
Value at index 42 differs. Expected BQ; Found AA
Value at index 43 differs. Expected BR; Found AR
Value at index 44 differs. Expected BS; Found AT
Value at index 45 differs. Expected BT; Found BR
Value at index 46 differs. Expected BU; Found BL
Value at index 47 differs. Expected BV; Found BI
Value at index 48 differs. Expected BW; Found AV
Value at index 49 differs. Expected BX; Found BV
Value at index 50 differs. Expected BY; Found CC
Value at index 51 differs. Expected BZ; Found BX
Value at index 52 differs. Expected CA; Found CE
Value at index 53 differs. Expected CB; Found BZ
Value at index 54 differs. Expected CC; Found CG
Value at index 55 differs. Expected CD; Found CA
Value at index 56 differs. Expected CE; Found CI
Value at index 57 differs. Expected CF; Found CB
Value at index 58 differs. Expected CG; Found CJ
Value at index 59 differs. Expected CH; Found CD
Value at index 60 differs. Expected CI; Found CM
Value at index 61 differs. Expected CJ; Found CF
Value at index 62 differs. Expected CK; Found CN
Value at index 63 differs. Expected CL; Found CH
Value at index 64 differs. Expected CM; Found CP
Value at index 65 differs. Expected CN; Found CK
Value at index 66 differs. Expected CO; Found CQ
Value at index 67 differs. Expected CP; Found CL
Value at index 68 differs. Expected CQ; Found CS
Value at index 69 differs. Expected CR; Found CO
Value at index 70 differs. Expected CS; Found CT
Value at index 71 differs. Expected CT; Found CR
Value at index 78 differs. Expected DA; Found DB
Value at index 79 differs. Expected DB; Found DA
Value at index 89 differs. Expected DL; Found DN
Value at index 90 differs. Expected DM; Found DL
Value at index 91 differs. Expected DN; Found DP
Value at index 92 differs. Expected DO; Found DM
Value at index 93 differs. Expected DP; Found DR
Value at index 94 differs. Expected DQ; Found DO
Value at index 95 differs. Expected DR; Found DT
Value at index 96 differs. Expected DS; Found DQ
Value at index 97 differs. Expected DT; Found DW
Value at index 98 differs. Expected DU; Found DS
Value at index 99 differs. Expected DV; Found DX
Value at index 100 differs. Expected DW; Found DU
Value at index 101 differs. Expected DX; Found DZ
Value at index 102 differs. Expected DY; Found DV
Value at index 103 differs. Expected DZ; Found EC
Value at index 104 differs. Expected EA; Found DY
Value at index 105 differs. Expected EB; Found EE
Value at index 106 differs. Expected EC; Found EA
Value at index 107 differs. Expected ED; Found EF
Value at index 108 differs. Expected EE; Found EB
Value at index 109 differs. Expected EF; Found EG
Value at index 110 differs. Expected EG; Found ED
Value at index 116 differs. Expected EM; Found EO
Value at index 117 differs. Expected EN; Found EM
Value at index 118 differs. Expected EO; Found ET
Value at index 119 differs. Expected EP; Found EN
Value at index 120 differs. Expected EQ; Found EW
Value at index 121 differs. Expected ER; Found EP
Value at index 122 differs. Expected ES; Found EY
Value at index 123 differs. Expected ET; Found EQ
Value at index 124 differs. Expected EU; Found EZ
Value at index 125 differs. Expected EV; Found ER
Value at index 126 differs. Expected EW; Found FA
Value at index 127 differs. Expected EX; Found ES
Value at index 128 differs. Expected EY; Found FC
Value at index 129 differs. Expected EZ; Found EU
Value at index 130 differs. Expected FA; Found FE
Value at index 131 differs. Expected FB; Found EV
Value at index 132 differs. Expected FC; Found FG
Value at index 133 differs. Expected FD; Found EX
Value at index 134 differs. Expected FE; Found FI
Value at index 135 differs. Expected FF; Found FB
Value at index 136 differs. Expected FG; Found FK
Value at index 137 differs. Expected FH; Found FD
Value at index 138 differs. Expected FI; Found FL
Value at index 139 differs. Expected FJ; Found FF
Value at index 140 differs. Expected FK; Found FM
Value at index 141 differs. Expected FL; Found FH
Value at index 142 differs. Expected FM; Found FO
Value at index 143 differs. Expected FN; Found FJ
Value at index 144 differs. Expected FO; Found FP
Value at index 145 differs. Expected FP; Found FN
Value at index 146 differs. Expected FQ; Found FS
Value at index 147 differs. Expected FR; Found FQ
Value at index 148 differs. Expected FS; Found FT
Value at index 149 differs. Expected FT; Found FR

