Invalid read count. Expected: 76; Found: 60

Invalid read count. Expected: 24 902; Found: 16 642
Invalid write count. Expected: 8 204; Found: 8 172
Value at index 1 differs. Expected AB; Found AR
Value at index 2 differs. Expected AC; Found AB
Value at index 3 differs. Expected AD; Found AC
Value at index 4 differs. Expected AE; Found AD
Value at index 5 differs. Expected AF; Found AE
Value at index 6 differs. Expected AG; Found AF
Value at index 7 differs. Expected AH; Found AG
Value at index 8 differs. Expected AI; Found AH
Value at index 9 differs. Expected AJ; Found AI
Value at index 10 differs. Expected AK; Found AJ
Value at index 11 differs. Expected AL; Found AK
Value at index 12 differs. Expected AM; Found AL
Value at index 13 differs. Expected AN; Found AM
Value at index 14 differs. Expected AO; Found AN
Value at index 15 differs. Expected AP; Found AO
Value at index 16 differs. Expected AQ; Found AP
Value at index 17 differs. Expected AR; Found AQ

