Invalid read count. Expected: 80; Found: 2
Invalid write count. Expected: 22; Found: 0
Value at index 0 differs. Expected A; Found E
Value at index 1 differs. Expected B; Found F
Value at index 2 differs. Expected C; Found A
Value at index 3 differs. Expected D; Found G
Value at index 4 differs. Expected E; Found B
Value at index 5 differs. Expected F; Found C
Value at index 6 differs. Expected G; Found D

Invalid read count. Expected: 28 432; Found: 2
Invalid write count. Expected: 9 378; Found: 0
Value at index 1 differs. Expected AB; Found DW
Value at index 2 differs. Expected AC; Found CR
Value at index 3 differs. Expected AD; Found CI
Value at index 4 differs. Expected AE; Found DK
Value at index 5 differs. Expected AF; Found FE
Value at index 7 differs. Expected AH; Found CA
Value at index 8 differs. Expected AI; Found EX
Value at index 9 differs. Expected AJ; Found CG
Value at index 11 differs. Expected AL; Found EJ
Value at index 13 differs. Expected AN; Found EU
Value at index 14 differs. Expected AO; Found BN
Value at index 17 differs. Expected AR; Found DE
Value at index 19 differs. Expected AT; Found DT
Value at index 20 differs. Expected AU; Found EH
Value at index 22 differs. Expected AW; Found FH
Value at index 24 differs. Expected AY; Found DC
Value at index 26 differs. Expected BA; Found EL
Value at index 27 differs. Expected BB; Found CX
Value at index 28 differs. Expected BC; Found BT
Value at index 32 differs. Expected BG; Found EW
Value at index 33 differs. Expected BH; Found BQ
Value at index 34 differs. Expected BI; Found EO
Value at index 35 differs. Expected BJ; Found EI
Value at index 37 differs. Expected BL; Found ER
Value at index 39 differs. Expected BN; Found BL
Value at index 40 differs. Expected BO; Found CE
Value at index 41 differs. Expected BP; Found CB
Value at index 42 differs. Expected BQ; Found BH
Value at index 45 differs. Expected BT; Found BC
Value at index 46 differs. Expected BU; Found EM
Value at index 47 differs. Expected BV; Found AN
Value at index 48 differs. Expected BW; Found BY
Value at index 49 differs. Expected BX; Found DN
Value at index 50 differs. Expected BY; Found BW
Value at index 52 differs. Expected CA; Found EE
Value at index 53 differs. Expected CB; Found BP
Value at index 55 differs. Expected CD; Found FP
Value at index 56 differs. Expected CE; Found DV
Value at index 58 differs. Expected CG; Found CD
Value at index 60 differs. Expected CI; Found DM
Value at index 61 differs. Expected CJ; Found FK
Value at index 63 differs. Expected CL; Found BO
Value at index 64 differs. Expected CM; Found FT
Value at index 65 differs. Expected CN; Found FI
Value at index 67 differs. Expected CP; Found EB
Value at index 68 differs. Expected CQ; Found DP
Value at index 69 differs. Expected CR; Found BA
Value at index 71 differs. Expected CT; Found DI
Value at index 72 differs. Expected CU; Found AE
Value at index 75 differs. Expected CX; Found BB
Value at index 77 differs. Expected CZ; Found AI
Value at index 79 differs. Expected DB; Found DH
Value at index 80 differs. Expected DC; Found ES
Value at index 81 differs. Expected DD; Found EV
Value at index 82 differs. Expected DE; Found AO
Value at index 84 differs. Expected DG; Found FF
Value at index 85 differs. Expected DH; Found CZ
Value at index 86 differs. Expected DI; Found DQ
Value at index 88 differs. Expected DK; Found CU
Value at index 90 differs. Expected DM; Found CQ
Value at index 91 differs. Expected DN; Found BV
Value at index 92 differs. Expected DO; Found FO
Value at index 93 differs. Expected DP; Found AD
Value at index 94 differs. Expected DQ; Found FC
Value at index 97 differs. Expected DT; Found FR
Value at index 98 differs. Expected DU; Found AY
Value at index 99 differs. Expected DV; Found AJ
Value at index 100 differs. Expected DW; Found DD
Value at index 101 differs. Expected DX; Found CL
Value at index 105 differs. Expected EB; Found FB
Value at index 108 differs. Expected EE; Found AH
Value at index 111 differs. Expected EH; Found AU
Value at index 112 differs. Expected EI; Found BJ
Value at index 113 differs. Expected EJ; Found AL
Value at index 114 differs. Expected EK; Found BU
Value at index 115 differs. Expected EL; Found AW
Value at index 116 differs. Expected EM; Found EK
Value at index 117 differs. Expected EN; Found FD
Value at index 118 differs. Expected EO; Found BI
Value at index 119 differs. Expected EP; Found CJ
Value at index 120 differs. Expected EQ; Found FL
Value at index 121 differs. Expected ER; Found CP
Value at index 122 differs. Expected ES; Found FS
Value at index 124 differs. Expected EU; Found BX
Value at index 125 differs. Expected EV; Found CN
Value at index 126 differs. Expected EW; Found BG
Value at index 127 differs. Expected EX; Found DB
Value at index 131 differs. Expected FB; Found AR
Value at index 132 differs. Expected FC; Found CT
Value at index 133 differs. Expected FD; Found EN
Value at index 134 differs. Expected FE; Found AF
Value at index 135 differs. Expected FF; Found DG
Value at index 136 differs. Expected FG; Found CM
Value at index 137 differs. Expected FH; Found AC
Value at index 138 differs. Expected FI; Found AB
Value at index 140 differs. Expected FK; Found EP
Value at index 141 differs. Expected FL; Found AT
Value at index 144 differs. Expected FO; Found DO
Value at index 145 differs. Expected FP; Found DX
Value at index 147 differs. Expected FR; Found EQ
Value at index 148 differs. Expected FS; Found DU
Value at index 149 differs. Expected FT; Found FG

