Invalid read count. Expected: 122; Found: 106
Invalid write count. Expected: 36; Found: 32
Value at index 7 differs. Expected H; Found I
Value at index 8 differs. Expected I; Found J
Value at index 9 differs. Expected J; Found H

Invalid read count. Expected: 22 470; Found: 22 268
Invalid write count. Expected: 7 396; Found: 7 330
Value at index 116 differs. Expected EM; Found EN
Value at index 117 differs. Expected EN; Found EO
Value at index 118 differs. Expected EO; Found EP
Value at index 119 differs. Expected EP; Found EQ
Value at index 120 differs. Expected EQ; Found ER
Value at index 121 differs. Expected ER; Found ES
Value at index 122 differs. Expected ES; Found ET
Value at index 123 differs. Expected ET; Found EU
Value at index 124 differs. Expected EU; Found EV
Value at index 125 differs. Expected EV; Found EW
Value at index 126 differs. Expected EW; Found EX
Value at index 127 differs. Expected EX; Found EY
Value at index 128 differs. Expected EY; Found EZ
Value at index 129 differs. Expected EZ; Found FA
Value at index 130 differs. Expected FA; Found FB
Value at index 131 differs. Expected FB; Found FC
Value at index 132 differs. Expected FC; Found FD
Value at index 133 differs. Expected FD; Found FE
Value at index 134 differs. Expected FE; Found FF
Value at index 135 differs. Expected FF; Found FG
Value at index 136 differs. Expected FG; Found FH
Value at index 137 differs. Expected FH; Found FI
Value at index 138 differs. Expected FI; Found FJ
Value at index 139 differs. Expected FJ; Found FK
Value at index 140 differs. Expected FK; Found FL
Value at index 141 differs. Expected FL; Found FM
Value at index 142 differs. Expected FM; Found FN
Value at index 143 differs. Expected FN; Found FO
Value at index 144 differs. Expected FO; Found FP
Value at index 145 differs. Expected FP; Found FQ
Value at index 146 differs. Expected FQ; Found FR
Value at index 147 differs. Expected FR; Found FS
Value at index 148 differs. Expected FS; Found FT
Value at index 149 differs. Expected FT; Found EM

