Invalid read count. Expected: 104; Found: 0
Invalid write count. Expected: 30; Found: 0
Value at index 0 differs. Expected A; Found B
Value at index 1 differs. Expected B; Found I
Value at index 6 differs. Expected G; Found A
Value at index 7 differs. Expected H; Found J
Value at index 8 differs. Expected I; Found H
Value at index 9 differs. Expected J; Found G

Invalid read count. Expected: 29 688; Found: 0
Invalid write count. Expected: 9 802; Found: 0
Value at index 0 differs. Expected AA; Found FF
Value at index 1 differs. Expected AB; Found CN
Value at index 4 differs. Expected AE; Found DU
Value at index 5 differs. Expected AF; Found EM
Value at index 6 differs. Expected AG; Found EK
Value at index 10 differs. Expected AK; Found FC
Value at index 11 differs. Expected AL; Found AF
Value at index 12 differs. Expected AM; Found FI
Value at index 13 differs. Expected AN; Found DK
Value at index 14 differs. Expected AO; Found CD
Value at index 16 differs. Expected AQ; Found AR
Value at index 17 differs. Expected AR; Found EI
Value at index 20 differs. Expected AU; Found DS
Value at index 22 differs. Expected AW; Found AK
Value at index 23 differs. Expected AX; Found BD
Value at index 25 differs. Expected AZ; Found FA
Value at index 26 differs. Expected BA; Found EL
Value at index 27 differs. Expected BB; Found DE
Value at index 28 differs. Expected BC; Found CP
Value at index 29 differs. Expected BD; Found BQ
Value at index 30 differs. Expected BE; Found EE
Value at index 31 differs. Expected BF; Found DX
Value at index 32 differs. Expected BG; Found FO
Value at index 33 differs. Expected BH; Found CM
Value at index 36 differs. Expected BK; Found FP
Value at index 37 differs. Expected BL; Found AX
Value at index 38 differs. Expected BM; Found DB
Value at index 40 differs. Expected BO; Found AW
Value at index 41 differs. Expected BP; Found DJ
Value at index 42 differs. Expected BQ; Found BL
Value at index 44 differs. Expected BS; Found DT
Value at index 46 differs. Expected BU; Found EC
Value at index 47 differs. Expected BV; Found BE
Value at index 48 differs. Expected BW; Found DY
Value at index 49 differs. Expected BX; Found EO
Value at index 50 differs. Expected BY; Found BP
Value at index 52 differs. Expected CA; Found EP
Value at index 53 differs. Expected CB; Found BV
Value at index 55 differs. Expected CD; Found AO
Value at index 56 differs. Expected CE; Found FJ
Value at index 58 differs. Expected CG; Found FK
Value at index 59 differs. Expected CH; Found FL
Value at index 60 differs. Expected CI; Found DI
Value at index 61 differs. Expected CJ; Found CQ
Value at index 63 differs. Expected CL; Found AQ
Value at index 64 differs. Expected CM; Found DO
Value at index 65 differs. Expected CN; Found AB
Value at index 66 differs. Expected CO; Found AG
Value at index 67 differs. Expected CP; Found FS
Value at index 68 differs. Expected CQ; Found CG
Value at index 70 differs. Expected CS; Found FM
Value at index 72 differs. Expected CU; Found BW
Value at index 73 differs. Expected CV; Found FT
Value at index 74 differs. Expected CW; Found EJ
Value at index 76 differs. Expected CY; Found DP
Value at index 77 differs. Expected CZ; Found EB
Value at index 79 differs. Expected DB; Found EX
Value at index 81 differs. Expected DD; Found FQ
Value at index 82 differs. Expected DE; Found BB
Value at index 85 differs. Expected DH; Found CJ
Value at index 86 differs. Expected DI; Found CI
Value at index 87 differs. Expected DJ; Found CO
Value at index 88 differs. Expected DK; Found AN
Value at index 90 differs. Expected DM; Found CY
Value at index 91 differs. Expected DN; Found BX
Value at index 92 differs. Expected DO; Found BH
Value at index 93 differs. Expected DP; Found DM
Value at index 96 differs. Expected DS; Found AU
Value at index 97 differs. Expected DT; Found DV
Value at index 98 differs. Expected DU; Found AE
Value at index 99 differs. Expected DV; Found BS
Value at index 100 differs. Expected DW; Found ES
Value at index 101 differs. Expected DX; Found EY
Value at index 102 differs. Expected DY; Found CU
Value at index 105 differs. Expected EB; Found CZ
Value at index 106 differs. Expected EC; Found EQ
Value at index 107 differs. Expected ED; Found DN
Value at index 108 differs. Expected EE; Found CB
Value at index 109 differs. Expected EF; Found EV
Value at index 110 differs. Expected EG; Found AL
Value at index 112 differs. Expected EI; Found CH
Value at index 113 differs. Expected EJ; Found ER
Value at index 114 differs. Expected EK; Found FG
Value at index 115 differs. Expected EL; Found BA
Value at index 116 differs. Expected EM; Found DD
Value at index 118 differs. Expected EO; Found ED
Value at index 119 differs. Expected EP; Found CA
Value at index 120 differs. Expected EQ; Found BU
Value at index 121 differs. Expected ER; Found CW
Value at index 122 differs. Expected ES; Found DW
Value at index 125 differs. Expected EV; Found EF
Value at index 127 differs. Expected EX; Found BM
Value at index 128 differs. Expected EY; Found BF
Value at index 129 differs. Expected EZ; Found FR
Value at index 130 differs. Expected FA; Found AZ
Value at index 132 differs. Expected FC; Found BO
Value at index 133 differs. Expected FD; Found BY
Value at index 135 differs. Expected FF; Found FN
Value at index 136 differs. Expected FG; Found FD
Value at index 138 differs. Expected FI; Found AM
Value at index 139 differs. Expected FJ; Found CE
Value at index 140 differs. Expected FK; Found DH
Value at index 141 differs. Expected FL; Found EG
Value at index 142 differs. Expected FM; Found CS
Value at index 143 differs. Expected FN; Found BC
Value at index 144 differs. Expected FO; Found BG
Value at index 145 differs. Expected FP; Found BK
Value at index 146 differs. Expected FQ; Found CL
Value at index 147 differs. Expected FR; Found EZ
Value at index 148 differs. Expected FS; Found AA
Value at index 149 differs. Expected FT; Found CV

