Invalid read count. Expected: 86; Found: 2
Invalid write count. Expected: 24; Found: 0
Value at index 0 differs. Expected A; Found C
Value at index 1 differs. Expected B; Found D
Value at index 2 differs. Expected C; Found A
Value at index 3 differs. Expected D; Found F
Value at index 5 differs. Expected F; Found B
Value at index 6 differs. Expected G; Found J
Value at index 9 differs. Expected J; Found G

Invalid read count. Expected: 25,988; Found: 6
Invalid write count. Expected: 8,566; Found: 2
Value at index 0 differs. Expected AA; Found AB
Value at index 1 differs. Expected AB; Found CM
Value at index 2 differs. Expected AC; Found CT
Value at index 4 differs. Expected AE; Found FB
Value at index 6 differs. Expected AG; Found AS
Value at index 8 differs. Expected AI; Found AW
Value at index 9 differs. Expected AJ; Found AM
Value at index 11 differs. Expected AL; Found CL
Value at index 12 differs. Expected AM; Found BD
Value at index 13 differs. Expected AN; Found DT
Value at index 14 differs. Expected AO; Found BP
Value at index 15 differs. Expected AP; Found BT
Value at index 18 differs. Expected AS; Found AG
Value at index 19 differs. Expected AT; Found FO
Value at index 21 differs. Expected AV; Found DG
Value at index 22 differs. Expected AW; Found BU
Value at index 23 differs. Expected AX; Found CX
Value at index 25 differs. Expected AZ; Found FI
Value at index 26 differs. Expected BA; Found EO
Value at index 28 differs. Expected BC; Found BN
Value at index 29 differs. Expected BD; Found FK
Value at index 30 differs. Expected BE; Found DP
Value at index 32 differs. Expected BG; Found DY
Value at index 33 differs. Expected BH; Found EN
Value at index 34 differs. Expected BI; Found DQ
Value at index 35 differs. Expected BJ; Found FD
Value at index 37 differs. Expected BL; Found DS
Value at index 39 differs. Expected BN; Found AX
Value at index 40 differs. Expected BO; Found BV
Value at index 41 differs. Expected BP; Found AO
Value at index 44 differs. Expected BS; Found DB
Value at index 45 differs. Expected BT; Found AI
Value at index 46 differs. Expected BU; Found AJ
Value at index 47 differs. Expected BV; Found CQ
Value at index 50 differs. Expected BY; Found FJ
Value at index 51 differs. Expected BZ; Found EZ
Value at index 54 differs. Expected CC; Found BC
Value at index 56 differs. Expected CE; Found EY
Value at index 58 differs. Expected CG; Found EQ
Value at index 59 differs. Expected CH; Found CY
Value at index 60 differs. Expected CI; Found DH
Value at index 61 differs. Expected CJ; Found FP
Value at index 62 differs. Expected CK; Found EL
Value at index 63 differs. Expected CL; Found EP
Value at index 64 differs. Expected CM; Found AA
Value at index 65 differs. Expected CN; Found DW
Value at index 66 differs. Expected CO; Found ET
Value at index 68 differs. Expected CQ; Found BO
Value at index 71 differs. Expected CT; Found FS
Value at index 74 differs. Expected CW; Found ER
Value at index 75 differs. Expected CX; Found DX
Value at index 76 differs. Expected CY; Found FA
Value at index 78 differs. Expected DA; Found CO
Value at index 79 differs. Expected DB; Found EB
Value at index 81 differs. Expected DD; Found DN
Value at index 83 differs. Expected DF; Found AE
Value at index 84 differs. Expected DG; Found AV
Value at index 85 differs. Expected DH; Found DU
Value at index 86 differs. Expected DI; Found BI
Value at index 89 differs. Expected DL; Found EJ
Value at index 90 differs. Expected DM; Found BA
Value at index 91 differs. Expected DN; Found FT
Value at index 93 differs. Expected DP; Found BE
Value at index 94 differs. Expected DQ; Found AT
Value at index 96 differs. Expected DS; Found CG
Value at index 97 differs. Expected DT; Found AN
Value at index 98 differs. Expected DU; Found EX
Value at index 100 differs. Expected DW; Found ES
Value at index 101 differs. Expected DX; Found CC
Value at index 102 differs. Expected DY; Found BG
Value at index 105 differs. Expected EB; Found BS
Value at index 106 differs. Expected EC; Found DM
Value at index 111 differs. Expected EH; Found EI
Value at index 112 differs. Expected EI; Found EH
Value at index 113 differs. Expected EJ; Found DL
Value at index 114 differs. Expected EK; Found FN
Value at index 115 differs. Expected EL; Found CK
Value at index 116 differs. Expected EM; Found CN
Value at index 117 differs. Expected EN; Found AL
Value at index 118 differs. Expected EO; Found EC
Value at index 119 differs. Expected EP; Found BH
Value at index 120 differs. Expected EQ; Found BL
Value at index 121 differs. Expected ER; Found CW
Value at index 122 differs. Expected ES; Found BY
Value at index 123 differs. Expected ET; Found EV
Value at index 125 differs. Expected EV; Found DA
Value at index 126 differs. Expected EW; Found FE
Value at index 127 differs. Expected EX; Found CE
Value at index 128 differs. Expected EY; Found FC
Value at index 129 differs. Expected EZ; Found BZ
Value at index 130 differs. Expected FA; Found EK
Value at index 131 differs. Expected FB; Found DF
Value at index 132 differs. Expected FC; Found CI
Value at index 133 differs. Expected FD; Found BJ
Value at index 134 differs. Expected FE; Found FQ
Value at index 138 differs. Expected FI; Found AZ
Value at index 139 differs. Expected FJ; Found CJ
Value at index 140 differs. Expected FK; Found AP
Value at index 143 differs. Expected FN; Found CH
Value at index 144 differs. Expected FO; Found DI
Value at index 145 differs. Expected FP; Found EM
Value at index 146 differs. Expected FQ; Found EW
Value at index 148 differs. Expected FS; Found AC
Value at index 149 differs. Expected FT; Found DD

