Invalid read count. Expected: 90; Found: 4
Invalid write count. Expected: 28; Found: 2
Value at index 0 differs. Expected A; Found C
Value at index 1 differs. Expected B; Found D
Value at index 2 differs. Expected C; Found G
Value at index 3 differs. Expected D; Found B
Value at index 5 differs. Expected F; Found H
Value at index 6 differs. Expected G; Found F
Value at index 7 differs. Expected H; Found A

Invalid read count. Expected: 26 552; Found: 4
Invalid write count. Expected: 8 754; Found: 2
Value at index 0 differs. Expected AA; Found AB
Value at index 1 differs. Expected AB; Found DM
Value at index 2 differs. Expected AC; Found EF
Value at index 3 differs. Expected AD; Found BH
Value at index 4 differs. Expected AE; Found AK
Value at index 5 differs. Expected AF; Found DY
Value at index 6 differs. Expected AG; Found CC
Value at index 7 differs. Expected AH; Found DD
Value at index 8 differs. Expected AI; Found DR
Value at index 9 differs. Expected AJ; Found EA
Value at index 10 differs. Expected AK; Found BR
Value at index 11 differs. Expected AL; Found DB
Value at index 13 differs. Expected AN; Found FS
Value at index 14 differs. Expected AO; Found CT
Value at index 15 differs. Expected AP; Found AX
Value at index 16 differs. Expected AQ; Found BG
Value at index 17 differs. Expected AR; Found BE
Value at index 18 differs. Expected AS; Found BM
Value at index 19 differs. Expected AT; Found CP
Value at index 20 differs. Expected AU; Found DP
Value at index 21 differs. Expected AV; Found CV
Value at index 22 differs. Expected AW; Found DN
Value at index 23 differs. Expected AX; Found AU
Value at index 24 differs. Expected AY; Found FJ
Value at index 25 differs. Expected AZ; Found FC
Value at index 26 differs. Expected BA; Found DZ
Value at index 28 differs. Expected BC; Found AA
Value at index 30 differs. Expected BE; Found AR
Value at index 32 differs. Expected BG; Found AQ
Value at index 33 differs. Expected BH; Found AL
Value at index 34 differs. Expected BI; Found CR
Value at index 35 differs. Expected BJ; Found FF
Value at index 37 differs. Expected BL; Found BQ
Value at index 38 differs. Expected BM; Found AS
Value at index 42 differs. Expected BQ; Found FP
Value at index 43 differs. Expected BR; Found BS
Value at index 44 differs. Expected BS; Found BU
Value at index 46 differs. Expected BU; Found CF
Value at index 50 differs. Expected BY; Found CL
Value at index 51 differs. Expected BZ; Found FQ
Value at index 52 differs. Expected CA; Found EU
Value at index 53 differs. Expected CB; Found AC
Value at index 54 differs. Expected CC; Found DU
Value at index 56 differs. Expected CE; Found AG
Value at index 57 differs. Expected CF; Found AE
Value at index 63 differs. Expected CL; Found BY
Value at index 64 differs. Expected CM; Found CO
Value at index 66 differs. Expected CO; Found DW
Value at index 67 differs. Expected CP; Found BA
Value at index 68 differs. Expected CQ; Found EG
Value at index 69 differs. Expected CR; Found EX
Value at index 70 differs. Expected CS; Found AJ
Value at index 71 differs. Expected CT; Found AH
Value at index 72 differs. Expected CU; Found EW
Value at index 73 differs. Expected CV; Found EM
Value at index 74 differs. Expected CW; Found EE
Value at index 75 differs. Expected CX; Found EC
Value at index 79 differs. Expected DB; Found DH
Value at index 80 differs. Expected DC; Found EI
Value at index 81 differs. Expected DD; Found DG
Value at index 82 differs. Expected DE; Found BZ
Value at index 84 differs. Expected DG; Found AO
Value at index 85 differs. Expected DH; Found ET
Value at index 89 differs. Expected DL; Found EP
Value at index 90 differs. Expected DM; Found BJ
Value at index 91 differs. Expected DN; Found CS
Value at index 92 differs. Expected DO; Found FM
Value at index 93 differs. Expected DP; Found AF
Value at index 94 differs. Expected DQ; Found FD
Value at index 95 differs. Expected DR; Found AI
Value at index 96 differs. Expected DS; Found FB
Value at index 98 differs. Expected DU; Found CX
Value at index 99 differs. Expected DV; Found ES
Value at index 100 differs. Expected DW; Found DQ
Value at index 102 differs. Expected DY; Found CE
Value at index 103 differs. Expected DZ; Found FL
Value at index 104 differs. Expected EA; Found AW
Value at index 106 differs. Expected EC; Found FT
Value at index 107 differs. Expected ED; Found AZ
Value at index 108 differs. Expected EE; Found CM
Value at index 109 differs. Expected EF; Found CB
Value at index 110 differs. Expected EG; Found CQ
Value at index 111 differs. Expected EH; Found DC
Value at index 112 differs. Expected EI; Found FE
Value at index 113 differs. Expected EJ; Found AV
Value at index 114 differs. Expected EK; Found EV
Value at index 116 differs. Expected EM; Found EJ
Value at index 119 differs. Expected EP; Found DL
Value at index 122 differs. Expected ES; Found DV
Value at index 123 differs. Expected ET; Found AD
Value at index 124 differs. Expected EU; Found EZ
Value at index 125 differs. Expected EV; Found FA
Value at index 126 differs. Expected EW; Found CU
Value at index 127 differs. Expected EX; Found BI
Value at index 129 differs. Expected EZ; Found CA
Value at index 130 differs. Expected FA; Found EK
Value at index 131 differs. Expected FB; Found DS
Value at index 132 differs. Expected FC; Found ED
Value at index 133 differs. Expected FD; Found CW
Value at index 134 differs. Expected FE; Found FK
Value at index 135 differs. Expected FF; Found BC
Value at index 139 differs. Expected FJ; Found BL
Value at index 140 differs. Expected FK; Found EH
Value at index 141 differs. Expected FL; Found AT
Value at index 142 differs. Expected FM; Found DO
Value at index 145 differs. Expected FP; Found AY
Value at index 146 differs. Expected FQ; Found DE
Value at index 148 differs. Expected FS; Found AN
Value at index 149 differs. Expected FT; Found AP

