Invalid read count. Expected: 124; Found: 4
Invalid write count. Expected: 38; Found: 2
Value at index 0 differs. Expected A; Found B
Value at index 1 differs. Expected B; Found I
Value at index 2 differs. Expected C; Found D
Value at index 3 differs. Expected D; Found E
Value at index 4 differs. Expected E; Found G
Value at index 6 differs. Expected G; Found A
Value at index 8 differs. Expected I; Found C

Invalid read count. Expected: 28 374; Found: 10
Invalid write count. Expected: 9 364; Found: 4
Value at index 0 differs. Expected AA; Found BI
Value at index 1 differs. Expected AB; Found DN
Value at index 2 differs. Expected AC; Found FO
Value at index 4 differs. Expected AE; Found CX
Value at index 5 differs. Expected AF; Found EU
Value at index 6 differs. Expected AG; Found AU
Value at index 9 differs. Expected AJ; Found BM
Value at index 10 differs. Expected AK; Found EP
Value at index 11 differs. Expected AL; Found AC
Value at index 12 differs. Expected AM; Found FH
Value at index 13 differs. Expected AN; Found BD
Value at index 14 differs. Expected AO; Found DT
Value at index 15 differs. Expected AP; Found BA
Value at index 17 differs. Expected AR; Found AO
Value at index 19 differs. Expected AT; Found EF
Value at index 20 differs. Expected AU; Found EB
Value at index 21 differs. Expected AV; Found ED
Value at index 22 differs. Expected AW; Found FG
Value at index 23 differs. Expected AX; Found EI
Value at index 26 differs. Expected BA; Found AP
Value at index 27 differs. Expected BB; Found FS
Value at index 28 differs. Expected BC; Found CF
Value at index 29 differs. Expected BD; Found BB
Value at index 30 differs. Expected BE; Found DK
Value at index 31 differs. Expected BF; Found CT
Value at index 32 differs. Expected BG; Found CB
Value at index 33 differs. Expected BH; Found CQ
Value at index 34 differs. Expected BI; Found EW
Value at index 36 differs. Expected BK; Found BQ
Value at index 37 differs. Expected BL; Found BS
Value at index 38 differs. Expected BM; Found CM
Value at index 39 differs. Expected BN; Found CI
Value at index 41 differs. Expected BP; Found DV
Value at index 42 differs. Expected BQ; Found ER
Value at index 43 differs. Expected BR; Found DW
Value at index 44 differs. Expected BS; Found BV
Value at index 45 differs. Expected BT; Found CN
Value at index 47 differs. Expected BV; Found AK
Value at index 48 differs. Expected BW; Found CG
Value at index 51 differs. Expected BZ; Found CW
Value at index 53 differs. Expected CB; Found BG
Value at index 54 differs. Expected CC; Found AW
Value at index 55 differs. Expected CD; Found ET
Value at index 56 differs. Expected CE; Found BC
Value at index 57 differs. Expected CF; Found FB
Value at index 58 differs. Expected CG; Found EV
Value at index 59 differs. Expected CH; Found EY
Value at index 60 differs. Expected CI; Found CR
Value at index 62 differs. Expected CK; Found BP
Value at index 64 differs. Expected CM; Found EJ
Value at index 65 differs. Expected CN; Found BT
Value at index 68 differs. Expected CQ; Found DI
Value at index 69 differs. Expected CR; Found AR
Value at index 71 differs. Expected CT; Found BF
Value at index 73 differs. Expected CV; Found EX
Value at index 74 differs. Expected CW; Found EO
Value at index 75 differs. Expected CX; Found FF
Value at index 78 differs. Expected DA; Found EK
Value at index 79 differs. Expected DB; Found AF
Value at index 82 differs. Expected DE; Found FJ
Value at index 84 differs. Expected DG; Found AG
Value at index 85 differs. Expected DH; Found AT
Value at index 86 differs. Expected DI; Found BH
Value at index 88 differs. Expected DK; Found BE
Value at index 89 differs. Expected DL; Found FC
Value at index 91 differs. Expected DN; Found DS
Value at index 93 differs. Expected DP; Found FN
Value at index 94 differs. Expected DQ; Found DA
Value at index 95 differs. Expected DR; Found FL
Value at index 96 differs. Expected DS; Found AA
Value at index 97 differs. Expected DT; Found CV
Value at index 99 differs. Expected DV; Found AX
Value at index 100 differs. Expected DW; Found BR
Value at index 101 differs. Expected DX; Found EH
Value at index 105 differs. Expected EB; Found DP
Value at index 107 differs. Expected ED; Found AV
Value at index 108 differs. Expected EE; Found FI
Value at index 109 differs. Expected EF; Found EZ
Value at index 111 differs. Expected EH; Found DX
Value at index 112 differs. Expected EI; Found CK
Value at index 113 differs. Expected EJ; Found FT
Value at index 114 differs. Expected EK; Found AN
Value at index 118 differs. Expected EO; Found BZ
Value at index 119 differs. Expected EP; Found BL
Value at index 121 differs. Expected ER; Found AL
Value at index 123 differs. Expected ET; Found CD
Value at index 124 differs. Expected EU; Found DB
Value at index 125 differs. Expected EV; Found BW
Value at index 126 differs. Expected EW; Found BK
Value at index 127 differs. Expected EX; Found BN
Value at index 128 differs. Expected EY; Found CE
Value at index 129 differs. Expected EZ; Found DH
Value at index 131 differs. Expected FB; Found CH
Value at index 132 differs. Expected FC; Found DL
Value at index 133 differs. Expected FD; Found FM
Value at index 135 differs. Expected FF; Found AE
Value at index 136 differs. Expected FG; Found CC
Value at index 137 differs. Expected FH; Found AM
Value at index 138 differs. Expected FI; Found EE
Value at index 139 differs. Expected FJ; Found DE
Value at index 141 differs. Expected FL; Found DR
Value at index 142 differs. Expected FM; Found FD
Value at index 143 differs. Expected FN; Found DG
Value at index 144 differs. Expected FO; Found AB
Value at index 148 differs. Expected FS; Found DQ
Value at index 149 differs. Expected FT; Found AJ

