Invalid read count. Expected: 124; Found: 132
Invalid write count. Expected: 38; Found: 24
Value at index 2 differs. Expected C; Found D
Value at index 3 differs. Expected D; Found E
Value at index 4 differs. Expected E; Found F
Value at index 5 differs. Expected F; Found G
Value at index 6 differs. Expected G; Found H
Value at index 7 differs. Expected H; Found C

Invalid read count. Expected: 23 846; Found: 18
Invalid write count. Expected: 7 852; Found: 6
Value at index 0 differs. Expected AA; Found AB
Value at index 1 differs. Expected AB; Found AD
Value at index 2 differs. Expected AC; Found AF
Value at index 3 differs. Expected AD; Found DN
Value at index 4 differs. Expected AE; Found DM
Value at index 5 differs. Expected AF; Found BQ
Value at index 6 differs. Expected AG; Found DQ
Value at index 7 differs. Expected AH; Found AY
Value at index 9 differs. Expected AJ; Found FL
Value at index 10 differs. Expected AK; Found CV
Value at index 13 differs. Expected AN; Found DC
Value at index 14 differs. Expected AO; Found EU
Value at index 17 differs. Expected AR; Found BD
Value at index 18 differs. Expected AS; Found DR
Value at index 19 differs. Expected AT; Found DW
Value at index 20 differs. Expected AU; Found CB
Value at index 23 differs. Expected AX; Found AZ
Value at index 24 differs. Expected AY; Found AH
Value at index 25 differs. Expected AZ; Found AX
Value at index 26 differs. Expected BA; Found BS
Value at index 27 differs. Expected BB; Found CZ
Value at index 28 differs. Expected BC; Found EA
Value at index 29 differs. Expected BD; Found BX
Value at index 30 differs. Expected BE; Found ET
Value at index 33 differs. Expected BH; Found DD
Value at index 35 differs. Expected BJ; Found BM
Value at index 36 differs. Expected BK; Found FD
Value at index 38 differs. Expected BM; Found CL
Value at index 40 differs. Expected BO; Found CU
Value at index 41 differs. Expected BP; Found DI
Value at index 42 differs. Expected BQ; Found AC
Value at index 43 differs. Expected BR; Found FJ
Value at index 44 differs. Expected BS; Found BA
Value at index 45 differs. Expected BT; Found FG
Value at index 46 differs. Expected BU; Found EE
Value at index 47 differs. Expected BV; Found AK
Value at index 48 differs. Expected BW; Found DZ
Value at index 49 differs. Expected BX; Found AR
Value at index 51 differs. Expected BZ; Found EB
Value at index 52 differs. Expected CA; Found ES
Value at index 53 differs. Expected CB; Found AU
Value at index 56 differs. Expected CE; Found CM
Value at index 57 differs. Expected CF; Found BZ
Value at index 59 differs. Expected CH; Found FE
Value at index 60 differs. Expected CI; Found BV
Value at index 61 differs. Expected CJ; Found CP
Value at index 62 differs. Expected CK; Found CY
Value at index 63 differs. Expected CL; Found BJ
Value at index 64 differs. Expected CM; Found CE
Value at index 65 differs. Expected CN; Found DV
Value at index 67 differs. Expected CP; Found CJ
Value at index 69 differs. Expected CR; Found AE
Value at index 71 differs. Expected CT; Found EJ
Value at index 72 differs. Expected CU; Found CW
Value at index 73 differs. Expected CV; Found EI
Value at index 74 differs. Expected CW; Found BO
Value at index 75 differs. Expected CX; Found CT
Value at index 76 differs. Expected CY; Found CK
Value at index 77 differs. Expected CZ; Found EV
Value at index 78 differs. Expected DA; Found BR
Value at index 80 differs. Expected DC; Found AN
Value at index 81 differs. Expected DD; Found BH
Value at index 83 differs. Expected DF; Found FF
Value at index 85 differs. Expected DH; Found FB
Value at index 86 differs. Expected DI; Found EZ
Value at index 89 differs. Expected DL; Found DH
Value at index 90 differs. Expected DM; Found EL
Value at index 91 differs. Expected DN; Found AJ
Value at index 94 differs. Expected DQ; Found AG
Value at index 95 differs. Expected DR; Found CA
Value at index 97 differs. Expected DT; Found FH
Value at index 98 differs. Expected DU; Found EM
Value at index 99 differs. Expected DV; Found CN
Value at index 100 differs. Expected DW; Found BB
Value at index 102 differs. Expected DY; Found EQ
Value at index 103 differs. Expected DZ; Found BW
Value at index 104 differs. Expected EA; Found BC
Value at index 105 differs. Expected EB; Found FT
Value at index 107 differs. Expected ED; Found AT
Value at index 108 differs. Expected EE; Found BU
Value at index 109 differs. Expected EF; Found DU
Value at index 111 differs. Expected EH; Found BK
Value at index 112 differs. Expected EI; Found EW
Value at index 113 differs. Expected EJ; Found EF
Value at index 115 differs. Expected EL; Found AO
Value at index 116 differs. Expected EM; Found CX
Value at index 119 differs. Expected EP; Found FQ
Value at index 120 differs. Expected EQ; Found DY
Value at index 121 differs. Expected ER; Found BP
Value at index 122 differs. Expected ES; Found AS
Value at index 123 differs. Expected ET; Found BE
Value at index 124 differs. Expected EU; Found BT
Value at index 125 differs. Expected EV; Found DF
Value at index 126 differs. Expected EW; Found EP
Value at index 129 differs. Expected EZ; Found FM
Value at index 131 differs. Expected FB; Found FP
Value at index 133 differs. Expected FD; Found EH
Value at index 134 differs. Expected FE; Found CR
Value at index 135 differs. Expected FF; Found CI
Value at index 136 differs. Expected FG; Found CH
Value at index 137 differs. Expected FH; Found DT
Value at index 139 differs. Expected FJ; Found DA
Value at index 141 differs. Expected FL; Found AA
Value at index 142 differs. Expected FM; Found ER
Value at index 143 differs. Expected FN; Found ED
Value at index 145 differs. Expected FP; Found DL
Value at index 146 differs. Expected FQ; Found FN
Value at index 149 differs. Expected FT; Found CF

