Invalid read count. Expected: 76; Found: 80

Invalid read count. Expected: 22 606; Found: 174
Invalid write count. Expected: 7 440; Found: 54
Value at index 1 differs. Expected AB; Found AC
Value at index 2 differs. Expected AC; Found AG
Value at index 3 differs. Expected AD; Found AH
Value at index 4 differs. Expected AE; Found AI
Value at index 5 differs. Expected AF; Found BX
Value at index 6 differs. Expected AG; Found DR
Value at index 7 differs. Expected AH; Found DY
Value at index 8 differs. Expected AI; Found EB
Value at index 9 differs. Expected AJ; Found EJ
Value at index 13 differs. Expected AN; Found DC
Value at index 14 differs. Expected AO; Found AZ
Value at index 16 differs. Expected AQ; Found FI
Value at index 18 differs. Expected AS; Found CQ
Value at index 20 differs. Expected AU; Found FJ
Value at index 21 differs. Expected AV; Found DH
Value at index 24 differs. Expected AY; Found AF
Value at index 25 differs. Expected AZ; Found AJ
Value at index 26 differs. Expected BA; Found FB
Value at index 27 differs. Expected BB; Found BU
Value at index 31 differs. Expected BF; Found EQ
Value at index 32 differs. Expected BG; Found EE
Value at index 35 differs. Expected BJ; Found CV
Value at index 39 differs. Expected BN; Found CK
Value at index 41 differs. Expected BP; Found AU
Value at index 43 differs. Expected BR; Found BW
Value at index 44 differs. Expected BS; Found DD
Value at index 46 differs. Expected BU; Found BB
Value at index 48 differs. Expected BW; Found EZ
Value at index 49 differs. Expected BX; Found CH
Value at index 50 differs. Expected BY; Found CS
Value at index 51 differs. Expected BZ; Found BR
Value at index 52 differs. Expected CA; Found EH
Value at index 53 differs. Expected CB; Found EN
Value at index 55 differs. Expected CD; Found DA
Value at index 58 differs. Expected CG; Found AO
Value at index 59 differs. Expected CH; Found BA
Value at index 60 differs. Expected CI; Found EO
Value at index 61 differs. Expected CJ; Found BZ
Value at index 62 differs. Expected CK; Found CN
Value at index 63 differs. Expected CL; Found CB
Value at index 65 differs. Expected CN; Found DU
Value at index 68 differs. Expected CQ; Found DM
Value at index 69 differs. Expected CR; Found CZ
Value at index 70 differs. Expected CS; Found BY
Value at index 71 differs. Expected CT; Found EL
Value at index 72 differs. Expected CU; Found FE
Value at index 73 differs. Expected CV; Found BJ
Value at index 76 differs. Expected CY; Found AN
Value at index 77 differs. Expected CZ; Found CR
Value at index 78 differs. Expected DA; Found CD
Value at index 80 differs. Expected DC; Found EK
Value at index 81 differs. Expected DD; Found BS
Value at index 83 differs. Expected DF; Found ER
Value at index 84 differs. Expected DG; Found FG
Value at index 85 differs. Expected DH; Found AV
Value at index 86 differs. Expected DI; Found DF
Value at index 88 differs. Expected DK; Found EC
Value at index 89 differs. Expected DL; Found FP
Value at index 90 differs. Expected DM; Found AS
Value at index 92 differs. Expected DO; Found DQ
Value at index 93 differs. Expected DP; Found FK
Value at index 94 differs. Expected DQ; Found DO
Value at index 95 differs. Expected DR; Found FN
Value at index 96 differs. Expected DS; Found BP
Value at index 97 differs. Expected DT; Found AY
Value at index 98 differs. Expected DU; Found ET
Value at index 100 differs. Expected DW; Found FT
Value at index 101 differs. Expected DX; Found DW
Value at index 102 differs. Expected DY; Found DG
Value at index 103 differs. Expected DZ; Found FO
Value at index 104 differs. Expected EA; Found ED
Value at index 105 differs. Expected EB; Found CL
Value at index 106 differs. Expected EC; Found DK
Value at index 107 differs. Expected ED; Found EA
Value at index 108 differs. Expected EE; Found FM
Value at index 111 differs. Expected EH; Found DL
Value at index 113 differs. Expected EJ; Found DT
Value at index 114 differs. Expected EK; Found EW
Value at index 115 differs. Expected EL; Found DZ
Value at index 116 differs. Expected EM; Found AE
Value at index 117 differs. Expected EN; Found CG
Value at index 118 differs. Expected EO; Found EU
Value at index 120 differs. Expected EQ; Found EV
Value at index 121 differs. Expected ER; Found FQ
Value at index 122 differs. Expected ES; Found AD
Value at index 123 differs. Expected ET; Found BN
Value at index 124 differs. Expected EU; Found CI
Value at index 125 differs. Expected EV; Found FD
Value at index 126 differs. Expected EW; Found CY
Value at index 128 differs. Expected EY; Found DX
Value at index 129 differs. Expected EZ; Found EM
Value at index 131 differs. Expected FB; Found AB
Value at index 133 differs. Expected FD; Found BF
Value at index 134 differs. Expected FE; Found CU
Value at index 136 differs. Expected FG; Found CJ
Value at index 137 differs. Expected FH; Found BG
Value at index 138 differs. Expected FI; Found AQ
Value at index 139 differs. Expected FJ; Found DS
Value at index 140 differs. Expected FK; Found DP
Value at index 142 differs. Expected FM; Found FH
Value at index 143 differs. Expected FN; Found ES
Value at index 144 differs. Expected FO; Found EY
Value at index 145 differs. Expected FP; Found CA
Value at index 146 differs. Expected FQ; Found DI
Value at index 149 differs. Expected FT; Found CT

