Invalid read count. Expected: 90; Found: 88

Invalid read count. Expected: 26 216; Found: 18 302
Invalid write count. Expected: 8 642; Found: 6 102
Value at index 1 differs. Expected AB; Found AE
Value at index 2 differs. Expected AC; Found AB
Value at index 3 differs. Expected AD; Found AC
Value at index 4 differs. Expected AE; Found AD
Value at index 17 differs. Expected AR; Found AS
Value at index 18 differs. Expected AS; Found AU
Value at index 19 differs. Expected AT; Found AW
Value at index 20 differs. Expected AU; Found AX
Value at index 21 differs. Expected AV; Found AY
Value at index 22 differs. Expected AW; Found AZ
Value at index 23 differs. Expected AX; Found BA
Value at index 24 differs. Expected AY; Found BB
Value at index 25 differs. Expected AZ; Found BC
Value at index 26 differs. Expected BA; Found BD
Value at index 27 differs. Expected BB; Found BE
Value at index 28 differs. Expected BC; Found BF
Value at index 29 differs. Expected BD; Found BG
Value at index 30 differs. Expected BE; Found BH
Value at index 31 differs. Expected BF; Found BJ
Value at index 32 differs. Expected BG; Found BK
Value at index 33 differs. Expected BH; Found BM
Value at index 34 differs. Expected BI; Found BN
Value at index 35 differs. Expected BJ; Found BO
Value at index 36 differs. Expected BK; Found BP
Value at index 37 differs. Expected BL; Found BQ
Value at index 38 differs. Expected BM; Found BS
Value at index 39 differs. Expected BN; Found BT
Value at index 40 differs. Expected BO; Found BU
Value at index 41 differs. Expected BP; Found BV
Value at index 42 differs. Expected BQ; Found BW
Value at index 43 differs. Expected BR; Found BX
Value at index 44 differs. Expected BS; Found BY
Value at index 45 differs. Expected BT; Found BZ
Value at index 46 differs. Expected BU; Found CA
Value at index 47 differs. Expected BV; Found CC
Value at index 48 differs. Expected BW; Found CD
Value at index 49 differs. Expected BX; Found CE
Value at index 50 differs. Expected BY; Found CF
Value at index 51 differs. Expected BZ; Found CH
Value at index 52 differs. Expected CA; Found CI
Value at index 53 differs. Expected CB; Found CK
Value at index 54 differs. Expected CC; Found CL
Value at index 55 differs. Expected CD; Found CM
Value at index 56 differs. Expected CE; Found CN
Value at index 57 differs. Expected CF; Found CO
Value at index 58 differs. Expected CG; Found CP
Value at index 59 differs. Expected CH; Found CQ
Value at index 60 differs. Expected CI; Found CR
Value at index 61 differs. Expected CJ; Found CS
Value at index 62 differs. Expected CK; Found CT
Value at index 63 differs. Expected CL; Found CU
Value at index 64 differs. Expected CM; Found CV
Value at index 65 differs. Expected CN; Found CX
Value at index 66 differs. Expected CO; Found CY
Value at index 67 differs. Expected CP; Found CZ
Value at index 68 differs. Expected CQ; Found DB
Value at index 69 differs. Expected CR; Found DC
Value at index 70 differs. Expected CS; Found DD
Value at index 71 differs. Expected CT; Found DE
Value at index 72 differs. Expected CU; Found DF
Value at index 73 differs. Expected CV; Found DG
Value at index 74 differs. Expected CW; Found DH
Value at index 75 differs. Expected CX; Found DI
Value at index 76 differs. Expected CY; Found DJ
Value at index 77 differs. Expected CZ; Found DK
Value at index 78 differs. Expected DA; Found DL
Value at index 79 differs. Expected DB; Found DM
Value at index 80 differs. Expected DC; Found DO
Value at index 81 differs. Expected DD; Found DP
Value at index 82 differs. Expected DE; Found DQ
Value at index 83 differs. Expected DF; Found DR
Value at index 84 differs. Expected DG; Found DS
Value at index 85 differs. Expected DH; Found DT
Value at index 86 differs. Expected DI; Found DU
Value at index 87 differs. Expected DJ; Found DV
Value at index 88 differs. Expected DK; Found DX
Value at index 89 differs. Expected DL; Found DZ
Value at index 90 differs. Expected DM; Found EA
Value at index 91 differs. Expected DN; Found EB
Value at index 92 differs. Expected DO; Found EC
Value at index 93 differs. Expected DP; Found ED
Value at index 94 differs. Expected DQ; Found EE
Value at index 95 differs. Expected DR; Found EF
Value at index 96 differs. Expected DS; Found EG
Value at index 97 differs. Expected DT; Found EH
Value at index 98 differs. Expected DU; Found EI
Value at index 99 differs. Expected DV; Found EJ
Value at index 100 differs. Expected DW; Found EK
Value at index 101 differs. Expected DX; Found EL
Value at index 102 differs. Expected DY; Found EM
Value at index 103 differs. Expected DZ; Found EN
Value at index 104 differs. Expected EA; Found EO
Value at index 105 differs. Expected EB; Found EP
Value at index 106 differs. Expected EC; Found EQ
Value at index 107 differs. Expected ED; Found ER
Value at index 108 differs. Expected EE; Found ES
Value at index 109 differs. Expected EF; Found ET
Value at index 110 differs. Expected EG; Found EU
Value at index 111 differs. Expected EH; Found EY
Value at index 112 differs. Expected EI; Found EZ
Value at index 113 differs. Expected EJ; Found FC
Value at index 114 differs. Expected EK; Found FD
Value at index 115 differs. Expected EL; Found FE
Value at index 116 differs. Expected EM; Found FG
Value at index 117 differs. Expected EN; Found FJ
Value at index 118 differs. Expected EO; Found FK
Value at index 119 differs. Expected EP; Found FL
Value at index 120 differs. Expected EQ; Found FM
Value at index 121 differs. Expected ER; Found FN
Value at index 122 differs. Expected ES; Found FP
Value at index 123 differs. Expected ET; Found FQ
Value at index 124 differs. Expected EU; Found FT
Value at index 128 differs. Expected EY; Found CJ
Value at index 129 differs. Expected EZ; Found AR
Value at index 130 differs. Expected FA; Found DY
Value at index 131 differs. Expected FB; Found BR
Value at index 132 differs. Expected FC; Found CG
Value at index 133 differs. Expected FD; Found FB
Value at index 134 differs. Expected FE; Found AT
Value at index 136 differs. Expected FG; Found BL
Value at index 138 differs. Expected FI; Found FA
Value at index 139 differs. Expected FJ; Found CB
Value at index 140 differs. Expected FK; Found CW
Value at index 141 differs. Expected FL; Found BI
Value at index 142 differs. Expected FM; Found AV
Value at index 143 differs. Expected FN; Found DA
Value at index 145 differs. Expected FP; Found DW
Value at index 146 differs. Expected FQ; Found FI
Value at index 149 differs. Expected FT; Found DN

