Invalid read count. Expected: 160; Found: 158

Invalid read count. Expected: 24 234; Found: 7 116
Invalid write count. Expected: 7 980; Found: 2 322
Value at index 0 differs. Expected AA; Found AC
Value at index 1 differs. Expected AB; Found ED
Value at index 2 differs. Expected AC; Found DL
Value at index 3 differs. Expected AD; Found FI
Value at index 5 differs. Expected AF; Found EX
Value at index 6 differs. Expected AG; Found CF
Value at index 9 differs. Expected AJ; Found EI
Value at index 10 differs. Expected AK; Found DU
Value at index 11 differs. Expected AL; Found BI
Value at index 12 differs. Expected AM; Found AV
Value at index 13 differs. Expected AN; Found CP
Value at index 14 differs. Expected AO; Found DR
Value at index 15 differs. Expected AP; Found AZ
Value at index 17 differs. Expected AR; Found BK
Value at index 19 differs. Expected AT; Found AL
Value at index 21 differs. Expected AV; Found BP
Value at index 22 differs. Expected AW; Found FB
Value at index 23 differs. Expected AX; Found CZ
Value at index 25 differs. Expected AZ; Found BD
Value at index 26 differs. Expected BA; Found BG
Value at index 28 differs. Expected BC; Found CT
Value at index 29 differs. Expected BD; Found AP
Value at index 30 differs. Expected BE; Found BX
Value at index 32 differs. Expected BG; Found BA
Value at index 34 differs. Expected BI; Found AT
Value at index 35 differs. Expected BJ; Found BU
Value at index 36 differs. Expected BK; Found FD
Value at index 37 differs. Expected BL; Found CM
Value at index 38 differs. Expected BM; Found BE
Value at index 39 differs. Expected BN; Found EB
Value at index 41 differs. Expected BP; Found CI
Value at index 42 differs. Expected BQ; Found AA
Value at index 44 differs. Expected BS; Found BJ
Value at index 45 differs. Expected BT; Found DH
Value at index 46 differs. Expected BU; Found BS
Value at index 49 differs. Expected BX; Found DI
Value at index 51 differs. Expected BZ; Found DJ
Value at index 53 differs. Expected CB; Found FQ
Value at index 55 differs. Expected CD; Found CY
Value at index 56 differs. Expected CE; Found EG
Value at index 57 differs. Expected CF; Found ET
Value at index 58 differs. Expected CG; Found EU
Value at index 59 differs. Expected CH; Found BQ
Value at index 60 differs. Expected CI; Found FK
Value at index 62 differs. Expected CK; Found FM
Value at index 64 differs. Expected CM; Found EL
Value at index 65 differs. Expected CN; Found DE
Value at index 67 differs. Expected CP; Found AB
Value at index 69 differs. Expected CR; Found CG
Value at index 70 differs. Expected CS; Found AR
Value at index 71 differs. Expected CT; Found DD
Value at index 72 differs. Expected CU; Found DN
Value at index 74 differs. Expected CW; Found AD
Value at index 75 differs. Expected CX; Found AF
Value at index 76 differs. Expected CY; Found AG
Value at index 77 differs. Expected CZ; Found AJ
Value at index 78 differs. Expected DA; Found AK
Value at index 79 differs. Expected DB; Found AM
Value at index 80 differs. Expected DC; Found AN
Value at index 81 differs. Expected DD; Found AO
Value at index 82 differs. Expected DE; Found AW
Value at index 83 differs. Expected DF; Found AX
Value at index 84 differs. Expected DG; Found BC
Value at index 85 differs. Expected DH; Found BL
Value at index 86 differs. Expected DI; Found BM
Value at index 87 differs. Expected DJ; Found BN
Value at index 88 differs. Expected DK; Found BT
Value at index 89 differs. Expected DL; Found BZ
Value at index 90 differs. Expected DM; Found CB
Value at index 91 differs. Expected DN; Found CD
Value at index 92 differs. Expected DO; Found CE
Value at index 93 differs. Expected DP; Found CH
Value at index 94 differs. Expected DQ; Found CK
Value at index 95 differs. Expected DR; Found CN
Value at index 96 differs. Expected DS; Found CR
Value at index 97 differs. Expected DT; Found CS
Value at index 98 differs. Expected DU; Found CU
Value at index 99 differs. Expected DV; Found CW
Value at index 100 differs. Expected DW; Found CX
Value at index 101 differs. Expected DX; Found DA
Value at index 102 differs. Expected DY; Found DB
Value at index 103 differs. Expected DZ; Found DC
Value at index 104 differs. Expected EA; Found DF
Value at index 105 differs. Expected EB; Found DG
Value at index 106 differs. Expected EC; Found DK
Value at index 107 differs. Expected ED; Found DM
Value at index 108 differs. Expected EE; Found DO
Value at index 109 differs. Expected EF; Found DP
Value at index 110 differs. Expected EG; Found DQ
Value at index 111 differs. Expected EH; Found DS
Value at index 112 differs. Expected EI; Found DT
Value at index 113 differs. Expected EJ; Found DV
Value at index 114 differs. Expected EK; Found DW
Value at index 115 differs. Expected EL; Found DX
Value at index 116 differs. Expected EM; Found DY
Value at index 117 differs. Expected EN; Found DZ
Value at index 118 differs. Expected EO; Found EA
Value at index 119 differs. Expected EP; Found EC
Value at index 120 differs. Expected EQ; Found EE
Value at index 121 differs. Expected ER; Found EF
Value at index 122 differs. Expected ES; Found EH
Value at index 123 differs. Expected ET; Found EJ
Value at index 124 differs. Expected EU; Found EK
Value at index 125 differs. Expected EV; Found EM
Value at index 126 differs. Expected EW; Found EN
Value at index 127 differs. Expected EX; Found EO
Value at index 128 differs. Expected EY; Found EP
Value at index 129 differs. Expected EZ; Found EQ
Value at index 130 differs. Expected FA; Found ER
Value at index 131 differs. Expected FB; Found ES
Value at index 132 differs. Expected FC; Found EV
Value at index 133 differs. Expected FD; Found EW
Value at index 134 differs. Expected FE; Found EY
Value at index 135 differs. Expected FF; Found EZ
Value at index 136 differs. Expected FG; Found FA
Value at index 137 differs. Expected FH; Found FC
Value at index 138 differs. Expected FI; Found FE
Value at index 139 differs. Expected FJ; Found FF
Value at index 140 differs. Expected FK; Found FG
Value at index 141 differs. Expected FL; Found FH
Value at index 142 differs. Expected FM; Found FJ
Value at index 143 differs. Expected FN; Found FL
Value at index 144 differs. Expected FO; Found FN
Value at index 145 differs. Expected FP; Found FO
Value at index 146 differs. Expected FQ; Found FP

