Invalid read count. Expected: 118; Found: 4
Invalid write count. Expected: 36; Found: 2
Value at index 0 differs. Expected A; Found B
Value at index 1 differs. Expected B; Found F
Value at index 2 differs. Expected C; Found G
Value at index 4 differs. Expected E; Found C
Value at index 5 differs. Expected F; Found I
Value at index 6 differs. Expected G; Found A
Value at index 7 differs. Expected H; Found J
Value at index 8 differs. Expected I; Found E
Value at index 9 differs. Expected J; Found H

Invalid read count. Expected: 24 886; Found: 2
Invalid write count. Expected: 8 196; Found: 0
Value at index 1 differs. Expected AB; Found AQ
Value at index 3 differs. Expected AD; Found DS
Value at index 4 differs. Expected AE; Found CB
Value at index 7 differs. Expected AH; Found ED
Value at index 8 differs. Expected AI; Found DX
Value at index 9 differs. Expected AJ; Found BW
Value at index 11 differs. Expected AL; Found BI
Value at index 14 differs. Expected AO; Found BC
Value at index 16 differs. Expected AQ; Found FK
Value at index 17 differs. Expected AR; Found ES
Value at index 18 differs. Expected AS; Found BS
Value at index 20 differs. Expected AU; Found AJ
Value at index 21 differs. Expected AV; Found EE
Value at index 22 differs. Expected AW; Found FQ
Value at index 24 differs. Expected AY; Found AH
Value at index 25 differs. Expected AZ; Found EC
Value at index 26 differs. Expected BA; Found CM
Value at index 28 differs. Expected BC; Found AO
Value at index 29 differs. Expected BD; Found DT
Value at index 31 differs. Expected BF; Found AE
Value at index 32 differs. Expected BG; Found DU
Value at index 33 differs. Expected BH; Found BX
Value at index 34 differs. Expected BI; Found BQ
Value at index 36 differs. Expected BK; Found EM
Value at index 37 differs. Expected BL; Found DI
Value at index 39 differs. Expected BN; Found CQ
Value at index 41 differs. Expected BP; Found DZ
Value at index 42 differs. Expected BQ; Found BN
Value at index 43 differs. Expected BR; Found DW
Value at index 44 differs. Expected BS; Found DO
Value at index 45 differs. Expected BT; Found DY
Value at index 46 differs. Expected BU; Found FJ
Value at index 47 differs. Expected BV; Found BK
Value at index 48 differs. Expected BW; Found EA
Value at index 49 differs. Expected BX; Found FG
Value at index 51 differs. Expected BZ; Found DL
Value at index 52 differs. Expected CA; Found DH
Value at index 53 differs. Expected CB; Found CA
Value at index 54 differs. Expected CC; Found BZ
Value at index 55 differs. Expected CD; Found FS
Value at index 56 differs. Expected CE; Found CY
Value at index 57 differs. Expected CF; Found EI
Value at index 58 differs. Expected CG; Found EU
Value at index 60 differs. Expected CI; Found BA
Value at index 62 differs. Expected CK; Found AB
Value at index 63 differs. Expected CL; Found CI
Value at index 64 differs. Expected CM; Found FN
Value at index 65 differs. Expected CN; Found CE
Value at index 68 differs. Expected CQ; Found AL
Value at index 69 differs. Expected CR; Found AW
Value at index 72 differs. Expected CU; Found EF
Value at index 76 differs. Expected CY; Found BD
Value at index 82 differs. Expected DE; Found AV
Value at index 84 differs. Expected DG; Found BF
Value at index 85 differs. Expected DH; Found AU
Value at index 86 differs. Expected DI; Found FA
Value at index 89 differs. Expected DL; Found CD
Value at index 90 differs. Expected DM; Found BV
Value at index 91 differs. Expected DN; Found AR
Value at index 92 differs. Expected DO; Found AS
Value at index 93 differs. Expected DP; Found DQ
Value at index 94 differs. Expected DQ; Found FT
Value at index 96 differs. Expected DS; Found DV
Value at index 97 differs. Expected DT; Found CN
Value at index 98 differs. Expected DU; Found FE
Value at index 99 differs. Expected DV; Found EL
Value at index 100 differs. Expected DW; Found BR
Value at index 101 differs. Expected DX; Found FH
Value at index 102 differs. Expected DY; Found BT
Value at index 103 differs. Expected DZ; Found BP
Value at index 104 differs. Expected EA; Found DG
Value at index 106 differs. Expected EC; Found AZ
Value at index 107 differs. Expected ED; Found AY
Value at index 108 differs. Expected EE; Found FC
Value at index 109 differs. Expected EF; Found CL
Value at index 110 differs. Expected EG; Found EV
Value at index 111 differs. Expected EH; Found FM
Value at index 112 differs. Expected EI; Found CF
Value at index 114 differs. Expected EK; Found EX
Value at index 115 differs. Expected EL; Found AD
Value at index 116 differs. Expected EM; Found ER
Value at index 120 differs. Expected EQ; Found DN
Value at index 121 differs. Expected ER; Found FR
Value at index 122 differs. Expected ES; Found EQ
Value at index 124 differs. Expected EU; Found FP
Value at index 125 differs. Expected EV; Found EG
Value at index 126 differs. Expected EW; Found CU
Value at index 127 differs. Expected EX; Found EZ
Value at index 129 differs. Expected EZ; Found BG
Value at index 130 differs. Expected FA; Found BL
Value at index 131 differs. Expected FB; Found CC
Value at index 132 differs. Expected FC; Found DE
Value at index 133 differs. Expected FD; Found CK
Value at index 134 differs. Expected FE; Found EK
Value at index 136 differs. Expected FG; Found DP
Value at index 137 differs. Expected FH; Found AI
Value at index 139 differs. Expected FJ; Found BU
Value at index 140 differs. Expected FK; Found FD
Value at index 142 differs. Expected FM; Found EH
Value at index 143 differs. Expected FN; Found EW
Value at index 145 differs. Expected FP; Found CG
Value at index 146 differs. Expected FQ; Found CR
Value at index 147 differs. Expected FR; Found DM
Value at index 148 differs. Expected FS; Found FB
Value at index 149 differs. Expected FT; Found BH

