Invalid read count. Expected: 144; Found: 2
Invalid write count. Expected: 42; Found: 0
Value at index 1 differs. Expected B; Found G
Value at index 3 differs. Expected D; Found J
Value at index 6 differs. Expected G; Found I
Value at index 8 differs. Expected I; Found B
Value at index 9 differs. Expected J; Found D

Invalid read count. Expected: 28 942; Found: 2
Invalid write count. Expected: 9 548; Found: 0
Value at index 4 differs. Expected AE; Found DB
Value at index 6 differs. Expected AG; Found CM
Value at index 8 differs. Expected AI; Found CU
Value at index 10 differs. Expected AK; Found BL
Value at index 11 differs. Expected AL; Found BT
Value at index 12 differs. Expected AM; Found EO
Value at index 13 differs. Expected AN; Found FP
Value at index 16 differs. Expected AQ; Found FN
Value at index 17 differs. Expected AR; Found AI
Value at index 18 differs. Expected AS; Found FE
Value at index 19 differs. Expected AT; Found EU
Value at index 20 differs. Expected AU; Found FL
Value at index 21 differs. Expected AV; Found FD
Value at index 22 differs. Expected AW; Found FH
Value at index 24 differs. Expected AY; Found AL
Value at index 25 differs. Expected AZ; Found BC
Value at index 26 differs. Expected BA; Found FJ
Value at index 27 differs. Expected BB; Found DG
Value at index 28 differs. Expected BC; Found CF
Value at index 30 differs. Expected BE; Found BS
Value at index 31 differs. Expected BF; Found EQ
Value at index 32 differs. Expected BG; Found BQ
Value at index 34 differs. Expected BI; Found FO
Value at index 35 differs. Expected BJ; Found CP
Value at index 36 differs. Expected BK; Found CW
Value at index 37 differs. Expected BL; Found AK
Value at index 38 differs. Expected BM; Found CI
Value at index 40 differs. Expected BO; Found EW
Value at index 42 differs. Expected BQ; Found BG
Value at index 44 differs. Expected BS; Found FG
Value at index 45 differs. Expected BT; Found AY
Value at index 47 differs. Expected BV; Found EG
Value at index 50 differs. Expected BY; Found DL
Value at index 51 differs. Expected BZ; Found FF
Value at index 53 differs. Expected CB; Found FT
Value at index 57 differs. Expected CF; Found DC
Value at index 58 differs. Expected CG; Found AM
Value at index 59 differs. Expected CH; Found CQ
Value at index 60 differs. Expected CI; Found AG
Value at index 62 differs. Expected CK; Found EF
Value at index 64 differs. Expected CM; Found DP
Value at index 65 differs. Expected CN; Found FK
Value at index 66 differs. Expected CO; Found DA
Value at index 67 differs. Expected CP; Found FQ
Value at index 68 differs. Expected CQ; Found DD
Value at index 69 differs. Expected CR; Found AT
Value at index 70 differs. Expected CS; Found CO
Value at index 71 differs. Expected CT; Found ES
Value at index 72 differs. Expected CU; Found DX
Value at index 73 differs. Expected CV; Found DV
Value at index 74 differs. Expected CW; Found AR
Value at index 75 differs. Expected CX; Found CY
Value at index 76 differs. Expected CY; Found CX
Value at index 78 differs. Expected DA; Found CS
Value at index 79 differs. Expected DB; Found AE
Value at index 80 differs. Expected DC; Found DF
Value at index 81 differs. Expected DD; Found CN
Value at index 83 differs. Expected DF; Found EB
Value at index 84 differs. Expected DG; Found ER
Value at index 85 differs. Expected DH; Found FC
Value at index 88 differs. Expected DK; Found EN
Value at index 89 differs. Expected DL; Found DK
Value at index 91 differs. Expected DN; Found FR
Value at index 92 differs. Expected DO; Found DW
Value at index 93 differs. Expected DP; Found BM
Value at index 95 differs. Expected DR; Found DS
Value at index 96 differs. Expected DS; Found DT
Value at index 97 differs. Expected DT; Found DR
Value at index 99 differs. Expected DV; Found EC
Value at index 100 differs. Expected DW; Found BI
Value at index 101 differs. Expected DX; Found BY
Value at index 102 differs. Expected DY; Found FA
Value at index 105 differs. Expected EB; Found AZ
Value at index 106 differs. Expected EC; Found CV
Value at index 109 differs. Expected EF; Found BF
Value at index 110 differs. Expected EG; Found ET
Value at index 114 differs. Expected EK; Found AQ
Value at index 115 differs. Expected EL; Found CR
Value at index 117 differs. Expected EN; Found AU
Value at index 118 differs. Expected EO; Found CG
Value at index 120 differs. Expected EQ; Found CK
Value at index 121 differs. Expected ER; Found BB
Value at index 122 differs. Expected ES; Found CT
Value at index 123 differs. Expected ET; Found BV
Value at index 124 differs. Expected EU; Found FI
Value at index 126 differs. Expected EW; Found BO
Value at index 130 differs. Expected FA; Found DY
Value at index 132 differs. Expected FC; Found DH
Value at index 133 differs. Expected FD; Found AV
Value at index 134 differs. Expected FE; Found DN
Value at index 135 differs. Expected FF; Found CH
Value at index 136 differs. Expected FG; Found BE
Value at index 137 differs. Expected FH; Found AW
Value at index 138 differs. Expected FI; Found EL
Value at index 139 differs. Expected FJ; Found BA
Value at index 140 differs. Expected FK; Found BZ
Value at index 141 differs. Expected FL; Found BK
Value at index 143 differs. Expected FN; Found EK
Value at index 144 differs. Expected FO; Found DO
Value at index 145 differs. Expected FP; Found AN
Value at index 146 differs. Expected FQ; Found BJ
Value at index 147 differs. Expected FR; Found AS
Value at index 149 differs. Expected FT; Found CB

