Invalid read count. Expected: 78; Found: 14
Invalid write count. Expected: 20; Found: 4
Value at index 0 differs. Expected A; Found C
Value at index 1 differs. Expected B; Found H
Value at index 2 differs. Expected C; Found A
Value at index 5 differs. Expected F; Found B
Value at index 6 differs. Expected G; Found I
Value at index 7 differs. Expected H; Found F
Value at index 8 differs. Expected I; Found G

Invalid read count. Expected: 26 754; Found: 224
Invalid write count. Expected: 8 824; Found: 88
Value at index 0 differs. Expected AA; Found CC
Value at index 1 differs. Expected AB; Found AD
Value at index 2 differs. Expected AC; Found AE
Value at index 3 differs. Expected AD; Found AF
Value at index 4 differs. Expected AE; Found AG
Value at index 5 differs. Expected AF; Found DO
Value at index 6 differs. Expected AG; Found AI
Value at index 7 differs. Expected AH; Found DS
Value at index 8 differs. Expected AI; Found EQ
Value at index 9 differs. Expected AJ; Found AL
Value at index 10 differs. Expected AK; Found EL
Value at index 11 differs. Expected AL; Found ES
Value at index 12 differs. Expected AM; Found CL
Value at index 13 differs. Expected AN; Found AP
Value at index 14 differs. Expected AO; Found DD
Value at index 15 differs. Expected AP; Found BW
Value at index 16 differs. Expected AQ; Found DT
Value at index 17 differs. Expected AR; Found AT
Value at index 18 differs. Expected AS; Found EA
Value at index 19 differs. Expected AT; Found AO
Value at index 20 differs. Expected AU; Found CW
Value at index 21 differs. Expected AV; Found FI
Value at index 22 differs. Expected AW; Found CB
Value at index 23 differs. Expected AX; Found AZ
Value at index 24 differs. Expected AY; Found EG
Value at index 25 differs. Expected AZ; Found DG
Value at index 26 differs. Expected BA; Found BC
Value at index 27 differs. Expected BB; Found CS
Value at index 28 differs. Expected BC; Found AX
Value at index 29 differs. Expected BD; Found BF
Value at index 30 differs. Expected BE; Found BG
Value at index 31 differs. Expected BF; Found EX
Value at index 32 differs. Expected BG; Found BI
Value at index 33 differs. Expected BH; Found BJ
Value at index 34 differs. Expected BI; Found BK
Value at index 35 differs. Expected BJ; Found BL
Value at index 36 differs. Expected BK; Found BM
Value at index 37 differs. Expected BL; Found BN
Value at index 38 differs. Expected BM; Found AH
Value at index 39 differs. Expected BN; Found AM
Value at index 40 differs. Expected BO; Found CF
Value at index 41 differs. Expected BP; Found BR
Value at index 42 differs. Expected BQ; Found AY
Value at index 43 differs. Expected BR; Found FB
Value at index 44 differs. Expected BS; Found DK
Value at index 45 differs. Expected BT; Found FQ
Value at index 46 differs. Expected BU; Found FS
Value at index 47 differs. Expected BV; Found EN
Value at index 48 differs. Expected BW; Found BX
Value at index 49 differs. Expected BX; Found ER
Value at index 50 differs. Expected BY; Found DW
Value at index 51 differs. Expected BZ; Found EH
Value at index 53 differs. Expected CB; Found EE
Value at index 54 differs. Expected CC; Found BB
Value at index 56 differs. Expected CE; Found FT
Value at index 57 differs. Expected CF; Found DX
Value at index 58 differs. Expected CG; Found FE
Value at index 60 differs. Expected CI; Found CE
Value at index 63 differs. Expected CL; Found CP
Value at index 65 differs. Expected CN; Found BO
Value at index 66 differs. Expected CO; Found CU
Value at index 67 differs. Expected CP; Found EP
Value at index 68 differs. Expected CQ; Found AC
Value at index 70 differs. Expected CS; Found BD
Value at index 71 differs. Expected CT; Found CN
Value at index 72 differs. Expected CU; Found CO
Value at index 74 differs. Expected CW; Found AV
Value at index 78 differs. Expected DA; Found AR
Value at index 79 differs. Expected DB; Found FO
Value at index 80 differs. Expected DC; Found DU
Value at index 81 differs. Expected DD; Found DR
Value at index 82 differs. Expected DE; Found DQ
Value at index 84 differs. Expected DG; Found DM
Value at index 86 differs. Expected DI; Found CT
Value at index 87 differs. Expected DJ; Found EZ
Value at index 88 differs. Expected DK; Found AA
Value at index 90 differs. Expected DM; Found BH
Value at index 91 differs. Expected DN; Found DY
Value at index 92 differs. Expected DO; Found DI
Value at index 93 differs. Expected DP; Found EY
Value at index 94 differs. Expected DQ; Found DE
Value at index 95 differs. Expected DR; Found BU
Value at index 96 differs. Expected DS; Found FG
Value at index 97 differs. Expected DT; Found AS
Value at index 98 differs. Expected DU; Found DC
Value at index 100 differs. Expected DW; Found BY
Value at index 101 differs. Expected DX; Found BQ
Value at index 102 differs. Expected DY; Found AN
Value at index 103 differs. Expected DZ; Found FC
Value at index 104 differs. Expected EA; Found AW
Value at index 108 differs. Expected EE; Found BS
Value at index 110 differs. Expected EG; Found BA
Value at index 111 differs. Expected EH; Found BZ
Value at index 115 differs. Expected EL; Found BP
Value at index 116 differs. Expected EM; Found DZ
Value at index 117 differs. Expected EN; Found AQ
Value at index 119 differs. Expected EP; Found EW
Value at index 120 differs. Expected EQ; Found AK
Value at index 121 differs. Expected ER; Found AJ
Value at index 122 differs. Expected ES; Found DN
Value at index 123 differs. Expected ET; Found FL
Value at index 126 differs. Expected EW; Found FH
Value at index 127 differs. Expected EX; Found AU
Value at index 128 differs. Expected EY; Found CQ
Value at index 129 differs. Expected EZ; Found DJ
Value at index 130 differs. Expected FA; Found DP
Value at index 131 differs. Expected FB; Found BT
Value at index 132 differs. Expected FC; Found EM
Value at index 134 differs. Expected FE; Found CG
Value at index 136 differs. Expected FG; Found DA
Value at index 137 differs. Expected FH; Found FP
Value at index 138 differs. Expected FI; Found BE
Value at index 141 differs. Expected FL; Found FR
Value at index 143 differs. Expected FN; Found ET
Value at index 144 differs. Expected FO; Found FN
Value at index 145 differs. Expected FP; Found FA
Value at index 146 differs. Expected FQ; Found AB
Value at index 147 differs. Expected FR; Found BV
Value at index 148 differs. Expected FS; Found DB
Value at index 149 differs. Expected FT; Found CI

