Invalid read count. Expected: 146; Found: 2
Invalid write count. Expected: 44; Found: 0
Value at index 0 differs. Expected A; Found D
Value at index 1 differs. Expected B; Found G
Value at index 2 differs. Expected C; Found I
Value at index 3 differs. Expected D; Found F
Value at index 5 differs. Expected F; Found A
Value at index 6 differs. Expected G; Found B
Value at index 8 differs. Expected I; Found C

Invalid read count. Expected: 26,062; Found: 4
Invalid write count. Expected: 8,592; Found: 0
Value at index 0 differs. Expected AA; Found DT
Value at index 1 differs. Expected AB; Found BQ
Value at index 2 differs. Expected AC; Found FI
Value at index 3 differs. Expected AD; Found CM
Value at index 4 differs. Expected AE; Found DJ
Value at index 6 differs. Expected AG; Found BX
Value at index 7 differs. Expected AH; Found CQ
Value at index 8 differs. Expected AI; Found EU
Value at index 11 differs. Expected AL; Found AU
Value at index 12 differs. Expected AM; Found AP
Value at index 14 differs. Expected AO; Found FT
Value at index 15 differs. Expected AP; Found DU
Value at index 16 differs. Expected AQ; Found DH
Value at index 17 differs. Expected AR; Found CU
Value at index 18 differs. Expected AS; Found BD
Value at index 19 differs. Expected AT; Found CY
Value at index 20 differs. Expected AU; Found AL
Value at index 23 differs. Expected AX; Found ED
Value at index 24 differs. Expected AY; Found DF
Value at index 26 differs. Expected BA; Found FL
Value at index 29 differs. Expected BD; Found CK
Value at index 30 differs. Expected BE; Found BW
Value at index 31 differs. Expected BF; Found EW
Value at index 32 differs. Expected BG; Found FO
Value at index 33 differs. Expected BH; Found AG
Value at index 37 differs. Expected BL; Found CP
Value at index 38 differs. Expected BM; Found DI
Value at index 41 differs. Expected BP; Found AA
Value at index 42 differs. Expected BQ; Found AS
Value at index 44 differs. Expected BS; Found CB
Value at index 48 differs. Expected BW; Found BE
Value at index 49 differs. Expected BX; Found BH
Value at index 50 differs. Expected BY; Found CZ
Value at index 51 differs. Expected BZ; Found DB
Value at index 52 differs. Expected CA; Found BY
Value at index 53 differs. Expected CB; Found BS
Value at index 54 differs. Expected CC; Found FJ
Value at index 56 differs. Expected CE; Found FG
Value at index 57 differs. Expected CF; Found DM
Value at index 58 differs. Expected CG; Found AB
Value at index 59 differs. Expected CH; Found BA
Value at index 60 differs. Expected CI; Found EA
Value at index 62 differs. Expected CK; Found EB
Value at index 64 differs. Expected CM; Found EZ
Value at index 67 differs. Expected CP; Found EX
Value at index 68 differs. Expected CQ; Found AE
Value at index 69 differs. Expected CR; Found EH
Value at index 70 differs. Expected CS; Found FC
Value at index 71 differs. Expected CT; Found AM
Value at index 72 differs. Expected CU; Found EI
Value at index 73 differs. Expected CV; Found FA
Value at index 76 differs. Expected CY; Found EE
Value at index 77 differs. Expected CZ; Found CA
Value at index 79 differs. Expected DB; Found DW
Value at index 83 differs. Expected DF; Found DK
Value at index 85 differs. Expected DH; Found AQ
Value at index 86 differs. Expected DI; Found BM
Value at index 87 differs. Expected DJ; Found FN
Value at index 88 differs. Expected DK; Found ER
Value at index 90 differs. Expected DM; Found CF
Value at index 97 differs. Expected DT; Found CG
Value at index 98 differs. Expected DU; Found CT
Value at index 100 differs. Expected DW; Found BZ
Value at index 101 differs. Expected DX; Found FB
Value at index 104 differs. Expected EA; Found CV
Value at index 105 differs. Expected EB; Found BP
Value at index 106 differs. Expected EC; Found ES
Value at index 107 differs. Expected ED; Found AX
Value at index 108 differs. Expected EE; Found CE
Value at index 109 differs. Expected EF; Found CH
Value at index 111 differs. Expected EH; Found AH
Value at index 112 differs. Expected EI; Found AR
Value at index 120 differs. Expected EQ; Found CS
Value at index 121 differs. Expected ER; Found AY
Value at index 122 differs. Expected ES; Found EC
Value at index 124 differs. Expected EU; Found FP
Value at index 126 differs. Expected EW; Found BF
Value at index 127 differs. Expected EX; Found BL
Value at index 128 differs. Expected EY; Found DX
Value at index 129 differs. Expected EZ; Found AD
Value at index 130 differs. Expected FA; Found CI
Value at index 131 differs. Expected FB; Found EY
Value at index 132 differs. Expected FC; Found EQ
Value at index 136 differs. Expected FG; Found AT
Value at index 138 differs. Expected FI; Found AC
Value at index 139 differs. Expected FJ; Found CC
Value at index 141 differs. Expected FL; Found EF
Value at index 143 differs. Expected FN; Found CR
Value at index 144 differs. Expected FO; Found BG
Value at index 145 differs. Expected FP; Found AI
Value at index 149 differs. Expected FT; Found AO

