Invalid read count. Expected: 138; Found: 24
Invalid write count. Expected: 40; Found: 6
Value at index 1 differs. Expected B; Found I
Value at index 4 differs. Expected E; Found F
Value at index 5 differs. Expected F; Found E
Value at index 8 differs. Expected I; Found J
Value at index 9 differs. Expected J; Found B

Invalid read count. Expected: 24 128; Found: 6 050
Invalid write count. Expected: 7 946; Found: 1 970
Value at index 0 differs. Expected AA; Found FQ
Value at index 2 differs. Expected AC; Found AA
Value at index 4 differs. Expected AE; Found AC
Value at index 6 differs. Expected AG; Found AE
Value at index 8 differs. Expected AI; Found AG
Value at index 9 differs. Expected AJ; Found DT
Value at index 10 differs. Expected AK; Found AI
Value at index 11 differs. Expected AL; Found CC
Value at index 15 differs. Expected AP; Found DM
Value at index 16 differs. Expected AQ; Found AS
Value at index 17 differs. Expected AR; Found EV
Value at index 18 differs. Expected AS; Found AT
Value at index 19 differs. Expected AT; Found DQ
Value at index 21 differs. Expected AV; Found AL
Value at index 22 differs. Expected AW; Found AV
Value at index 23 differs. Expected AX; Found FO
Value at index 24 differs. Expected AY; Found AW
Value at index 25 differs. Expected AZ; Found FG
Value at index 26 differs. Expected BA; Found AY
Value at index 27 differs. Expected BB; Found DE
Value at index 28 differs. Expected BC; Found AZ
Value at index 30 differs. Expected BE; Found BC
Value at index 31 differs. Expected BF; Found DK
Value at index 32 differs. Expected BG; Found BF
Value at index 34 differs. Expected BI; Found BG
Value at index 35 differs. Expected BJ; Found BE
Value at index 36 differs. Expected BK; Found BJ
Value at index 37 differs. Expected BL; Found CD
Value at index 38 differs. Expected BM; Found BK
Value at index 40 differs. Expected BO; Found BM
Value at index 41 differs. Expected BP; Found EC
Value at index 42 differs. Expected BQ; Found BO
Value at index 43 differs. Expected BR; Found CN
Value at index 44 differs. Expected BS; Found BP
Value at index 45 differs. Expected BT; Found BI
Value at index 46 differs. Expected BU; Found BS
Value at index 47 differs. Expected BV; Found CA
Value at index 48 differs. Expected BW; Found BT
Value at index 50 differs. Expected BY; Found BU
Value at index 51 differs. Expected BZ; Found CF
Value at index 52 differs. Expected CA; Found BV
Value at index 54 differs. Expected CC; Found BW
Value at index 55 differs. Expected CD; Found AK
Value at index 56 differs. Expected CE; Found BY
Value at index 57 differs. Expected CF; Found DH
Value at index 58 differs. Expected CG; Found BZ
Value at index 59 differs. Expected CH; Found DG
Value at index 60 differs. Expected CI; Found CE
Value at index 62 differs. Expected CK; Found CG
Value at index 64 differs. Expected CM; Found CH
Value at index 65 differs. Expected CN; Found BA
Value at index 66 differs. Expected CO; Found CK
Value at index 67 differs. Expected CP; Found EN
Value at index 68 differs. Expected CQ; Found CM
Value at index 69 differs. Expected CR; Found DR
Value at index 70 differs. Expected CS; Found CO
Value at index 71 differs. Expected CT; Found EB
Value at index 72 differs. Expected CU; Found CQ
Value at index 73 differs. Expected CV; Found BL
Value at index 74 differs. Expected CW; Found CS
Value at index 75 differs. Expected CX; Found DP
Value at index 76 differs. Expected CY; Found CT
Value at index 78 differs. Expected DA; Found CU
Value at index 79 differs. Expected DB; Found CY
Value at index 80 differs. Expected DC; Found CV
Value at index 82 differs. Expected DE; Found CW
Value at index 84 differs. Expected DG; Found DA
Value at index 85 differs. Expected DH; Found AP
Value at index 86 differs. Expected DI; Found DC
Value at index 87 differs. Expected DJ; Found BQ
Value at index 88 differs. Expected DK; Found DI
Value at index 89 differs. Expected DL; Found CP
Value at index 90 differs. Expected DM; Found DJ
Value at index 91 differs. Expected DN; Found EK
Value at index 92 differs. Expected DO; Found DN
Value at index 93 differs. Expected DP; Found CX
Value at index 94 differs. Expected DQ; Found DO
Value at index 95 differs. Expected DR; Found CR
Value at index 97 differs. Expected DT; Found AJ
Value at index 101 differs. Expected DX; Found AR
Value at index 102 differs. Expected DY; Found DX
Value at index 103 differs. Expected DZ; Found EO
Value at index 104 differs. Expected EA; Found DY
Value at index 105 differs. Expected EB; Found EW
Value at index 106 differs. Expected EC; Found DZ
Value at index 108 differs. Expected EE; Found EA
Value at index 109 differs. Expected EF; Found EZ
Value at index 110 differs. Expected EG; Found EE
Value at index 112 differs. Expected EI; Found EF
Value at index 113 differs. Expected EJ; Found FN
Value at index 114 differs. Expected EK; Found EG
Value at index 115 differs. Expected EL; Found BB
Value at index 116 differs. Expected EM; Found EI
Value at index 117 differs. Expected EN; Found DB
Value at index 118 differs. Expected EO; Found EJ
Value at index 119 differs. Expected EP; Found AQ
Value at index 120 differs. Expected EQ; Found EL
Value at index 121 differs. Expected ER; Found FF
Value at index 122 differs. Expected ES; Found EM
Value at index 123 differs. Expected ET; Found EP
Value at index 124 differs. Expected EU; Found EQ
Value at index 125 differs. Expected EV; Found CI
Value at index 126 differs. Expected EW; Found ES
Value at index 128 differs. Expected EY; Found ET
Value at index 129 differs. Expected EZ; Found AX
Value at index 130 differs. Expected FA; Found EY
Value at index 132 differs. Expected FC; Found FA
Value at index 133 differs. Expected FD; Found DL
Value at index 134 differs. Expected FE; Found FC
Value at index 135 differs. Expected FF; Found ER
Value at index 136 differs. Expected FG; Found FD
Value at index 138 differs. Expected FI; Found FE
Value at index 140 differs. Expected FK; Found FI
Value at index 141 differs. Expected FL; Found FM
Value at index 142 differs. Expected FM; Found FK
Value at index 143 differs. Expected FN; Found BR
Value at index 144 differs. Expected FO; Found FL
Value at index 145 differs. Expected FP; Found EU
Value at index 146 differs. Expected FQ; Found FP

