Invalid read count. Expected: 110; Found: 4
Invalid write count. Expected: 32; Found: 2
Value at index 1 differs. Expected B; Found H
Value at index 3 differs. Expected D; Found F
Value at index 4 differs. Expected E; Found G
Value at index 5 differs. Expected F; Found D
Value at index 6 differs. Expected G; Found E
Value at index 7 differs. Expected H; Found B

Invalid read count. Expected: 26 874; Found: 4
Invalid write count. Expected: 8 864; Found: 2
Value at index 0 differs. Expected AA; Found AM
Value at index 1 differs. Expected AB; Found AZ
Value at index 2 differs. Expected AC; Found ET
Value at index 3 differs. Expected AD; Found FM
Value at index 4 differs. Expected AE; Found EF
Value at index 6 differs. Expected AG; Found BI
Value at index 9 differs. Expected AJ; Found CU
Value at index 11 differs. Expected AL; Found AG
Value at index 12 differs. Expected AM; Found AB
Value at index 14 differs. Expected AO; Found BW
Value at index 15 differs. Expected AP; Found BD
Value at index 16 differs. Expected AQ; Found BB
Value at index 17 differs. Expected AR; Found CS
Value at index 19 differs. Expected AT; Found FF
Value at index 20 differs. Expected AU; Found CD
Value at index 21 differs. Expected AV; Found FB
Value at index 24 differs. Expected AY; Found DN
Value at index 25 differs. Expected AZ; Found FK
Value at index 27 differs. Expected BB; Found FG
Value at index 28 differs. Expected BC; Found DT
Value at index 29 differs. Expected BD; Found AP
Value at index 30 differs. Expected BE; Found DP
Value at index 31 differs. Expected BF; Found DL
Value at index 33 differs. Expected BH; Found BS
Value at index 34 differs. Expected BI; Found EJ
Value at index 35 differs. Expected BJ; Found EO
Value at index 36 differs. Expected BK; Found BY
Value at index 37 differs. Expected BL; Found ES
Value at index 38 differs. Expected BM; Found FP
Value at index 39 differs. Expected BN; Found BZ
Value at index 42 differs. Expected BQ; Found FQ
Value at index 43 differs. Expected BR; Found DF
Value at index 44 differs. Expected BS; Found AE
Value at index 45 differs. Expected BT; Found BE
Value at index 48 differs. Expected BW; Found DJ
Value at index 49 differs. Expected BX; Found EU
Value at index 50 differs. Expected BY; Found FO
Value at index 51 differs. Expected BZ; Found BN
Value at index 52 differs. Expected CA; Found EY
Value at index 53 differs. Expected CB; Found BK
Value at index 54 differs. Expected CC; Found CB
Value at index 55 differs. Expected CD; Found AC
Value at index 56 differs. Expected CE; Found EX
Value at index 57 differs. Expected CF; Found EN
Value at index 63 differs. Expected CL; Found DY
Value at index 68 differs. Expected CQ; Found ER
Value at index 69 differs. Expected CR; Found AU
Value at index 70 differs. Expected CS; Found AY
Value at index 72 differs. Expected CU; Found CF
Value at index 78 differs. Expected DA; Found EL
Value at index 79 differs. Expected DB; Found AD
Value at index 80 differs. Expected DC; Found AL
Value at index 83 differs. Expected DF; Found BR
Value at index 85 differs. Expected DH; Found BM
Value at index 87 differs. Expected DJ; Found AO
Value at index 88 differs. Expected DK; Found DS
Value at index 89 differs. Expected DL; Found CE
Value at index 90 differs. Expected DM; Found EP
Value at index 91 differs. Expected DN; Found EW
Value at index 92 differs. Expected DO; Found EM
Value at index 93 differs. Expected DP; Found DW
Value at index 96 differs. Expected DS; Found ED
Value at index 97 differs. Expected DT; Found BC
Value at index 98 differs. Expected DU; Found CA
Value at index 100 differs. Expected DW; Found DK
Value at index 101 differs. Expected DX; Found EH
Value at index 102 differs. Expected DY; Found CL
Value at index 104 differs. Expected EA; Found EQ
Value at index 105 differs. Expected EB; Found DX
Value at index 107 differs. Expected ED; Found BT
Value at index 109 differs. Expected EF; Found BH
Value at index 111 differs. Expected EH; Found EB
Value at index 113 differs. Expected EJ; Found EA
Value at index 114 differs. Expected EK; Found FE
Value at index 115 differs. Expected EL; Found DA
Value at index 116 differs. Expected EM; Found DO
Value at index 117 differs. Expected EN; Found AJ
Value at index 118 differs. Expected EO; Found BJ
Value at index 119 differs. Expected EP; Found DM
Value at index 120 differs. Expected EQ; Found AT
Value at index 121 differs. Expected ER; Found CQ
Value at index 122 differs. Expected ES; Found CC
Value at index 123 differs. Expected ET; Found CR
Value at index 124 differs. Expected EU; Found FS
Value at index 126 differs. Expected EW; Found BX
Value at index 127 differs. Expected EX; Found DB
Value at index 128 differs. Expected EY; Found EZ
Value at index 129 differs. Expected EZ; Found FN
Value at index 130 differs. Expected FA; Found FL
Value at index 131 differs. Expected FB; Found AV
Value at index 134 differs. Expected FE; Found EK
Value at index 135 differs. Expected FF; Found DC
Value at index 136 differs. Expected FG; Found AQ
Value at index 140 differs. Expected FK; Found AA
Value at index 141 differs. Expected FL; Found FA
Value at index 142 differs. Expected FM; Found DH
Value at index 143 differs. Expected FN; Found DU
Value at index 144 differs. Expected FO; Found BL
Value at index 145 differs. Expected FP; Found BQ
Value at index 146 differs. Expected FQ; Found BF
Value at index 148 differs. Expected FS; Found AR

