Invalid read count. Expected: 148; Found: 0
Invalid write count. Expected: 46; Found: 0
Value at index 0 differs. Expected A; Found E
Value at index 3 differs. Expected D; Found J
Value at index 4 differs. Expected E; Found G
Value at index 5 differs. Expected F; Found I
Value at index 6 differs. Expected G; Found D
Value at index 8 differs. Expected I; Found F
Value at index 9 differs. Expected J; Found A

Invalid read count. Expected: 27 192; Found: 0
Invalid write count. Expected: 8 970; Found: 0
Value at index 0 differs. Expected AA; Found BW
Value at index 1 differs. Expected AB; Found EJ
Value at index 2 differs. Expected AC; Found DF
Value at index 3 differs. Expected AD; Found BE
Value at index 4 differs. Expected AE; Found BI
Value at index 7 differs. Expected AH; Found CW
Value at index 8 differs. Expected AI; Found DZ
Value at index 9 differs. Expected AJ; Found AM
Value at index 10 differs. Expected AK; Found CO
Value at index 11 differs. Expected AL; Found BA
Value at index 12 differs. Expected AM; Found AZ
Value at index 13 differs. Expected AN; Found EF
Value at index 14 differs. Expected AO; Found BR
Value at index 16 differs. Expected AQ; Found EQ
Value at index 17 differs. Expected AR; Found DM
Value at index 18 differs. Expected AS; Found AH
Value at index 19 differs. Expected AT; Found AE
Value at index 22 differs. Expected AW; Found FQ
Value at index 23 differs. Expected AX; Found DQ
Value at index 24 differs. Expected AY; Found EO
Value at index 25 differs. Expected AZ; Found CN
Value at index 26 differs. Expected BA; Found DP
Value at index 27 differs. Expected BB; Found CZ
Value at index 28 differs. Expected BC; Found EA
Value at index 30 differs. Expected BE; Found AS
Value at index 33 differs. Expected BH; Found FI
Value at index 34 differs. Expected BI; Found FF
Value at index 35 differs. Expected BJ; Found FP
Value at index 36 differs. Expected BK; Found ED
Value at index 39 differs. Expected BN; Found AY
Value at index 40 differs. Expected BO; Found DS
Value at index 41 differs. Expected BP; Found EK
Value at index 43 differs. Expected BR; Found EX
Value at index 44 differs. Expected BS; Found CM
Value at index 47 differs. Expected BV; Found CS
Value at index 48 differs. Expected BW; Found EY
Value at index 50 differs. Expected BY; Found FE
Value at index 51 differs. Expected BZ; Found CH
Value at index 53 differs. Expected CB; Found AA
Value at index 54 differs. Expected CC; Found DG
Value at index 56 differs. Expected CE; Found CL
Value at index 59 differs. Expected CH; Found CU
Value at index 60 differs. Expected CI; Found DW
Value at index 61 differs. Expected CJ; Found ER
Value at index 62 differs. Expected CK; Found DO
Value at index 63 differs. Expected CL; Found CE
Value at index 64 differs. Expected CM; Found AN
Value at index 65 differs. Expected CN; Found BV
Value at index 66 differs. Expected CO; Found FH
Value at index 68 differs. Expected CQ; Found AQ
Value at index 69 differs. Expected CR; Found CT
Value at index 70 differs. Expected CS; Found AL
Value at index 71 differs. Expected CT; Found CQ
Value at index 72 differs. Expected CU; Found AD
Value at index 73 differs. Expected CV; Found CB
Value at index 74 differs. Expected CW; Found DK
Value at index 76 differs. Expected CY; Found EH
Value at index 77 differs. Expected CZ; Found BB
Value at index 78 differs. Expected DA; Found AR
Value at index 79 differs. Expected DB; Found CY
Value at index 80 differs. Expected DC; Found DI
Value at index 81 differs. Expected DD; Found DA
Value at index 82 differs. Expected DE; Found DH
Value at index 83 differs. Expected DF; Found EE
Value at index 84 differs. Expected DG; Found EN
Value at index 85 differs. Expected DH; Found BY
Value at index 86 differs. Expected DI; Found DC
Value at index 87 differs. Expected DJ; Found FB
Value at index 88 differs. Expected DK; Found FD
Value at index 90 differs. Expected DM; Found DD
Value at index 92 differs. Expected DO; Found CK
Value at index 93 differs. Expected DP; Found ES
Value at index 94 differs. Expected DQ; Found AX
Value at index 96 differs. Expected DS; Found BO
Value at index 97 differs. Expected DT; Found CV
Value at index 100 differs. Expected DW; Found CI
Value at index 101 differs. Expected DX; Found EB
Value at index 102 differs. Expected DY; Found DT
Value at index 103 differs. Expected DZ; Found AW
Value at index 104 differs. Expected EA; Found BC
Value at index 105 differs. Expected EB; Found DX
Value at index 107 differs. Expected ED; Found BK
Value at index 108 differs. Expected EE; Found AC
Value at index 109 differs. Expected EF; Found BS
Value at index 110 differs. Expected EG; Found FA
Value at index 111 differs. Expected EH; Found DB
Value at index 112 differs. Expected EI; Found DY
Value at index 113 differs. Expected EJ; Found AB
Value at index 114 differs. Expected EK; Found BP
Value at index 115 differs. Expected EL; Found EG
Value at index 117 differs. Expected EN; Found DE
Value at index 118 differs. Expected EO; Found EV
Value at index 120 differs. Expected EQ; Found CR
Value at index 121 differs. Expected ER; Found CJ
Value at index 122 differs. Expected ES; Found AJ
Value at index 123 differs. Expected ET; Found BN
Value at index 124 differs. Expected EU; Found AK
Value at index 125 differs. Expected EV; Found ET
Value at index 127 differs. Expected EX; Found FT
Value at index 128 differs. Expected EY; Found EI
Value at index 130 differs. Expected FA; Found EL
Value at index 131 differs. Expected FB; Found DJ
Value at index 133 differs. Expected FD; Found BZ
Value at index 134 differs. Expected FE; Found CC
Value at index 135 differs. Expected FF; Found FG
Value at index 136 differs. Expected FG; Found AT
Value at index 137 differs. Expected FH; Found FO
Value at index 138 differs. Expected FI; Found BH
Value at index 143 differs. Expected FN; Found AI
Value at index 144 differs. Expected FO; Found BJ
Value at index 145 differs. Expected FP; Found EU
Value at index 146 differs. Expected FQ; Found FN
Value at index 149 differs. Expected FT; Found AO

