Invalid read count. Expected: 80; Found: 2
Invalid write count. Expected: 8; Found: 0
Value at index 1 differs. Expected B; Found C
Value at index 2 differs. Expected C; Found B
Value at index 6 differs. Expected G; Found H
Value at index 7 differs. Expected H; Found I
Value at index 8 differs. Expected I; Found J
Value at index 9 differs. Expected J; Found G

Invalid read count. Expected: 45 708; Found: 2
Invalid write count. Expected: 7 862; Found: 0
Value at index 0 differs. Expected AA; Found CO
Value at index 1 differs. Expected AB; Found DE
Value at index 4 differs. Expected AE; Found CU
Value at index 7 differs. Expected AH; Found BB
Value at index 8 differs. Expected AI; Found AW
Value at index 10 differs. Expected AK; Found EK
Value at index 12 differs. Expected AM; Found BG
Value at index 13 differs. Expected AN; Found FB
Value at index 14 differs. Expected AO; Found EQ
Value at index 16 differs. Expected AQ; Found DJ
Value at index 17 differs. Expected AR; Found DW
Value at index 18 differs. Expected AS; Found DL
Value at index 19 differs. Expected AT; Found AA
Value at index 20 differs. Expected AU; Found DB
Value at index 21 differs. Expected AV; Found AM
Value at index 22 differs. Expected AW; Found AI
Value at index 23 differs. Expected AX; Found BR
Value at index 24 differs. Expected AY; Found EM
Value at index 25 differs. Expected AZ; Found DA
Value at index 27 differs. Expected BB; Found AH
Value at index 28 differs. Expected BC; Found CQ
Value at index 29 differs. Expected BD; Found EN
Value at index 32 differs. Expected BG; Found AV
Value at index 34 differs. Expected BI; Found CL
Value at index 35 differs. Expected BJ; Found BQ
Value at index 37 differs. Expected BL; Found CS
Value at index 38 differs. Expected BM; Found BP
Value at index 39 differs. Expected BN; Found FE
Value at index 40 differs. Expected BO; Found FK
Value at index 41 differs. Expected BP; Found DK
Value at index 42 differs. Expected BQ; Found CF
Value at index 43 differs. Expected BR; Found AZ
Value at index 44 differs. Expected BS; Found CZ
Value at index 45 differs. Expected BT; Found FP
Value at index 47 differs. Expected BV; Found AT
Value at index 49 differs. Expected BX; Found DF
Value at index 51 differs. Expected BZ; Found BM
Value at index 54 differs. Expected CC; Found ED
Value at index 55 differs. Expected CD; Found DD
Value at index 57 differs. Expected CF; Found BJ
Value at index 61 differs. Expected CJ; Found BO
Value at index 63 differs. Expected CL; Found BI
Value at index 65 differs. Expected CN; Found FT
Value at index 66 differs. Expected CO; Found FQ
Value at index 68 differs. Expected CQ; Found BC
Value at index 69 differs. Expected CR; Found FD
Value at index 70 differs. Expected CS; Found FG
Value at index 72 differs. Expected CU; Found DI
Value at index 73 differs. Expected CV; Found DR
Value at index 74 differs. Expected CW; Found AQ
Value at index 76 differs. Expected CY; Found DP
Value at index 77 differs. Expected CZ; Found EO
Value at index 78 differs. Expected DA; Found CN
Value at index 79 differs. Expected DB; Found FH
Value at index 80 differs. Expected DC; Found DG
Value at index 81 differs. Expected DD; Found CD
Value at index 82 differs. Expected DE; Found AB
Value at index 83 differs. Expected DF; Found BV
Value at index 84 differs. Expected DG; Found DC
Value at index 85 differs. Expected DH; Found DZ
Value at index 86 differs. Expected DI; Found BD
Value at index 87 differs. Expected DJ; Found CW
Value at index 88 differs. Expected DK; Found DM
Value at index 89 differs. Expected DL; Found AS
Value at index 90 differs. Expected DM; Found BZ
Value at index 93 differs. Expected DP; Found CY
Value at index 95 differs. Expected DR; Found CV
Value at index 96 differs. Expected DS; Found DY
Value at index 99 differs. Expected DV; Found FA
Value at index 100 differs. Expected DW; Found AR
Value at index 102 differs. Expected DY; Found DS
Value at index 103 differs. Expected DZ; Found FN
Value at index 104 differs. Expected EA; Found EE
Value at index 107 differs. Expected ED; Found CC
Value at index 108 differs. Expected EE; Found EA
Value at index 109 differs. Expected EF; Found FL
Value at index 111 differs. Expected EH; Found FI
Value at index 112 differs. Expected EI; Found BL
Value at index 114 differs. Expected EK; Found AK
Value at index 116 differs. Expected EM; Found AY
Value at index 117 differs. Expected EN; Found AE
Value at index 118 differs. Expected EO; Found BS
Value at index 120 differs. Expected EQ; Found AO
Value at index 124 differs. Expected EU; Found EZ
Value at index 129 differs. Expected EZ; Found EU
Value at index 130 differs. Expected FA; Found DV
Value at index 131 differs. Expected FB; Found AN
Value at index 133 differs. Expected FD; Found CR
Value at index 134 differs. Expected FE; Found BN
Value at index 136 differs. Expected FG; Found EI
Value at index 137 differs. Expected FH; Found AU
Value at index 138 differs. Expected FI; Found EH
Value at index 140 differs. Expected FK; Found CJ
Value at index 141 differs. Expected FL; Found EF
Value at index 143 differs. Expected FN; Found DH
Value at index 145 differs. Expected FP; Found BT
Value at index 146 differs. Expected FQ; Found BX
Value at index 149 differs. Expected FT; Found AX

