Invalid read count. Expected: 180; Found: 0
Invalid write count. Expected: 36; Found: 0
Value at index 1 differs. Expected B; Found I
Value at index 2 differs. Expected C; Found D
Value at index 3 differs. Expected D; Found C
Value at index 5 differs. Expected F; Found J
Value at index 6 differs. Expected G; Found F
Value at index 8 differs. Expected I; Found B
Value at index 9 differs. Expected J; Found G

Invalid read count. Expected: 47 084; Found: 0
Invalid write count. Expected: 8 046; Found: 0
Value at index 0 differs. Expected AA; Found EU
Value at index 2 differs. Expected AC; Found AZ
Value at index 3 differs. Expected AD; Found FP
Value at index 5 differs. Expected AF; Found BM
Value at index 7 differs. Expected AH; Found FC
Value at index 8 differs. Expected AI; Found CM
Value at index 9 differs. Expected AJ; Found AO
Value at index 10 differs. Expected AK; Found CO
Value at index 11 differs. Expected AL; Found AI
Value at index 12 differs. Expected AM; Found BU
Value at index 13 differs. Expected AN; Found DC
Value at index 14 differs. Expected AO; Found AJ
Value at index 17 differs. Expected AR; Found BF
Value at index 18 differs. Expected AS; Found AK
Value at index 20 differs. Expected AU; Found DO
Value at index 21 differs. Expected AV; Found CG
Value at index 24 differs. Expected AY; Found AR
Value at index 25 differs. Expected AZ; Found AD
Value at index 26 differs. Expected BA; Found AH
Value at index 28 differs. Expected BC; Found FA
Value at index 29 differs. Expected BD; Found ER
Value at index 30 differs. Expected BE; Found BZ
Value at index 31 differs. Expected BF; Found AY
Value at index 32 differs. Expected BG; Found DU
Value at index 34 differs. Expected BI; Found EQ
Value at index 38 differs. Expected BM; Found FF
Value at index 39 differs. Expected BN; Found BE
Value at index 40 differs. Expected BO; Found EM
Value at index 41 differs. Expected BP; Found EH
Value at index 42 differs. Expected BQ; Found EZ
Value at index 45 differs. Expected BT; Found EN
Value at index 46 differs. Expected BU; Found EX
Value at index 47 differs. Expected BV; Found DL
Value at index 48 differs. Expected BW; Found CE
Value at index 51 differs. Expected BZ; Found FI
Value at index 52 differs. Expected CA; Found EY
Value at index 53 differs. Expected CB; Found CP
Value at index 56 differs. Expected CE; Found BD
Value at index 58 differs. Expected CG; Found DM
Value at index 59 differs. Expected CH; Found BI
Value at index 61 differs. Expected CJ; Found AL
Value at index 62 differs. Expected CK; Found EE
Value at index 64 differs. Expected CM; Found CT
Value at index 66 differs. Expected CO; Found EG
Value at index 67 differs. Expected CP; Found ED
Value at index 68 differs. Expected CQ; Found EK
Value at index 69 differs. Expected CR; Found CU
Value at index 71 differs. Expected CT; Found AV
Value at index 72 differs. Expected CU; Found CR
Value at index 73 differs. Expected CV; Found ES
Value at index 76 differs. Expected CY; Found BV
Value at index 79 differs. Expected DB; Found DK
Value at index 80 differs. Expected DC; Found DQ
Value at index 81 differs. Expected DD; Found AC
Value at index 82 differs. Expected DE; Found FN
Value at index 83 differs. Expected DF; Found FB
Value at index 85 differs. Expected DH; Found DS
Value at index 87 differs. Expected DJ; Found EP
Value at index 88 differs. Expected DK; Found DB
Value at index 89 differs. Expected DL; Found CY
Value at index 90 differs. Expected DM; Found CJ
Value at index 91 differs. Expected DN; Found FD
Value at index 92 differs. Expected DO; Found AU
Value at index 93 differs. Expected DP; Found CH
Value at index 94 differs. Expected DQ; Found AN
Value at index 95 differs. Expected DR; Found BW
Value at index 96 differs. Expected DS; Found DJ
Value at index 98 differs. Expected DU; Found DY
Value at index 102 differs. Expected DY; Found BG
Value at index 103 differs. Expected DZ; Found FM
Value at index 104 differs. Expected EA; Found BQ
Value at index 106 differs. Expected EC; Found BC
Value at index 107 differs. Expected ED; Found CK
Value at index 108 differs. Expected EE; Found EF
Value at index 109 differs. Expected EF; Found CQ
Value at index 110 differs. Expected EG; Found AS
Value at index 111 differs. Expected EH; Found BP
Value at index 112 differs. Expected EI; Found CV
Value at index 114 differs. Expected EK; Found FH
Value at index 116 differs. Expected EM; Found BO
Value at index 117 differs. Expected EN; Found BT
Value at index 119 differs. Expected EP; Found DH
Value at index 120 differs. Expected EQ; Found FR
Value at index 121 differs. Expected ER; Found DR
Value at index 122 differs. Expected ES; Found EI
Value at index 124 differs. Expected EU; Found AA
Value at index 125 differs. Expected EV; Found CB
Value at index 127 differs. Expected EX; Found DD
Value at index 128 differs. Expected EY; Found DE
Value at index 129 differs. Expected EZ; Found EA
Value at index 130 differs. Expected FA; Found EC
Value at index 131 differs. Expected FB; Found DP
Value at index 132 differs. Expected FC; Found AM
Value at index 133 differs. Expected FD; Found DN
Value at index 135 differs. Expected FF; Found AF
Value at index 137 differs. Expected FH; Found BA
Value at index 138 differs. Expected FI; Found BN
Value at index 142 differs. Expected FM; Found DZ
Value at index 143 differs. Expected FN; Found FQ
Value at index 145 differs. Expected FP; Found DF
Value at index 146 differs. Expected FQ; Found CA
Value at index 147 differs. Expected FR; Found EV

