Invalid read count. Expected: 130; Found: 0
Invalid write count. Expected: 22; Found: 0
Value at index 3 differs. Expected D; Found G
Value at index 4 differs. Expected E; Found I
Value at index 6 differs. Expected G; Found D
Value at index 8 differs. Expected I; Found J
Value at index 9 differs. Expected J; Found E

Invalid read count. Expected: 45 338; Found: 0
Invalid write count. Expected: 7 194; Found: 0
Value at index 0 differs. Expected AA; Found EI
Value at index 2 differs. Expected AC; Found BL
Value at index 3 differs. Expected AD; Found BO
Value at index 4 differs. Expected AE; Found EO
Value at index 5 differs. Expected AF; Found DM
Value at index 9 differs. Expected AJ; Found BR
Value at index 12 differs. Expected AM; Found DD
Value at index 13 differs. Expected AN; Found EY
Value at index 15 differs. Expected AP; Found BN
Value at index 18 differs. Expected AS; Found BG
Value at index 19 differs. Expected AT; Found AZ
Value at index 20 differs. Expected AU; Found EJ
Value at index 21 differs. Expected AV; Found AU
Value at index 23 differs. Expected AX; Found BS
Value at index 25 differs. Expected AZ; Found AX
Value at index 26 differs. Expected BA; Found EG
Value at index 27 differs. Expected BB; Found DQ
Value at index 30 differs. Expected BE; Found CE
Value at index 31 differs. Expected BF; Found EL
Value at index 32 differs. Expected BG; Found CI
Value at index 34 differs. Expected BI; Found BQ
Value at index 35 differs. Expected BJ; Found CU
Value at index 36 differs. Expected BK; Found DA
Value at index 37 differs. Expected BL; Found FO
Value at index 38 differs. Expected BM; Found CP
Value at index 39 differs. Expected BN; Found AP
Value at index 40 differs. Expected BO; Found CC
Value at index 41 differs. Expected BP; Found FM
Value at index 42 differs. Expected BQ; Found BI
Value at index 43 differs. Expected BR; Found AV
Value at index 44 differs. Expected BS; Found AS
Value at index 46 differs. Expected BU; Found ED
Value at index 48 differs. Expected BW; Found BE
Value at index 49 differs. Expected BX; Found CM
Value at index 52 differs. Expected CA; Found EK
Value at index 54 differs. Expected CC; Found AD
Value at index 55 differs. Expected CD; Found EN
Value at index 56 differs. Expected CE; Found BW
Value at index 57 differs. Expected CF; Found EU
Value at index 59 differs. Expected CH; Found EM
Value at index 60 differs. Expected CI; Found AT
Value at index 64 differs. Expected CM; Found BA
Value at index 65 differs. Expected CN; Found CA
Value at index 67 differs. Expected CP; Found FG
Value at index 68 differs. Expected CQ; Found EA
Value at index 69 differs. Expected CR; Found FS
Value at index 70 differs. Expected CS; Found DO
Value at index 71 differs. Expected CT; Found AE
Value at index 72 differs. Expected CU; Found BJ
Value at index 73 differs. Expected CV; Found EH
Value at index 76 differs. Expected CY; Found CH
Value at index 78 differs. Expected DA; Found DB
Value at index 79 differs. Expected DB; Found DE
Value at index 80 differs. Expected DC; Found CF
Value at index 81 differs. Expected DD; Found AM
Value at index 82 differs. Expected DE; Found EB
Value at index 83 differs. Expected DF; Found EC
Value at index 84 differs. Expected DG; Found BB
Value at index 85 differs. Expected DH; Found FJ
Value at index 90 differs. Expected DM; Found CV
Value at index 91 differs. Expected DN; Found CS
Value at index 92 differs. Expected DO; Found EQ
Value at index 94 differs. Expected DQ; Found DG
Value at index 97 differs. Expected DT; Found BU
Value at index 100 differs. Expected DW; Found DF
Value at index 104 differs. Expected EA; Found EX
Value at index 105 differs. Expected EB; Found BK
Value at index 106 differs. Expected EC; Found DW
Value at index 107 differs. Expected ED; Found ER
Value at index 108 differs. Expected EE; Found FL
Value at index 110 differs. Expected EG; Found DT
Value at index 111 differs. Expected EH; Found BF
Value at index 112 differs. Expected EI; Found AA
Value at index 113 differs. Expected EJ; Found AJ
Value at index 114 differs. Expected EK; Found CN
Value at index 115 differs. Expected EL; Found AF
Value at index 116 differs. Expected EM; Found CT
Value at index 117 differs. Expected EN; Found EP
Value at index 118 differs. Expected EO; Found CY
Value at index 119 differs. Expected EP; Found CD
Value at index 120 differs. Expected EQ; Found DN
Value at index 121 differs. Expected ER; Found BX
Value at index 124 differs. Expected EU; Found DC
Value at index 127 differs. Expected EX; Found CR
Value at index 128 differs. Expected EY; Found AN
Value at index 129 differs. Expected EZ; Found AC
Value at index 130 differs. Expected FA; Found FB
Value at index 131 differs. Expected FB; Found FA
Value at index 134 differs. Expected FE; Found CQ
Value at index 136 differs. Expected FG; Found BM
Value at index 138 differs. Expected FI; Found FP
Value at index 139 differs. Expected FJ; Found DH
Value at index 141 differs. Expected FL; Found EE
Value at index 142 differs. Expected FM; Found BP
Value at index 144 differs. Expected FO; Found FR
Value at index 145 differs. Expected FP; Found FE
Value at index 147 differs. Expected FR; Found EZ
Value at index 148 differs. Expected FS; Found FI

