Invalid read count. Expected: 174; Found: 0
Invalid write count. Expected: 30; Found: 0
Value at index 0 differs. Expected A; Found F
Value at index 1 differs. Expected B; Found D
Value at index 3 differs. Expected D; Found B
Value at index 5 differs. Expected F; Found H
Value at index 7 differs. Expected H; Found A

Invalid read count. Expected: 44 808; Found: 0
Invalid write count. Expected: 7 856; Found: 0
Value at index 1 differs. Expected AB; Found EX
Value at index 2 differs. Expected AC; Found FR
Value at index 4 differs. Expected AE; Found BF
Value at index 5 differs. Expected AF; Found AU
Value at index 6 differs. Expected AG; Found AP
Value at index 8 differs. Expected AI; Found DU
Value at index 9 differs. Expected AJ; Found AO
Value at index 12 differs. Expected AM; Found CW
Value at index 13 differs. Expected AN; Found DH
Value at index 14 differs. Expected AO; Found EL
Value at index 15 differs. Expected AP; Found AG
Value at index 16 differs. Expected AQ; Found CP
Value at index 17 differs. Expected AR; Found AQ
Value at index 20 differs. Expected AU; Found EE
Value at index 22 differs. Expected AW; Found DQ
Value at index 23 differs. Expected AX; Found BG
Value at index 24 differs. Expected AY; Found CO
Value at index 25 differs. Expected AZ; Found BC
Value at index 26 differs. Expected BA; Found AF
Value at index 27 differs. Expected BB; Found EG
Value at index 28 differs. Expected BC; Found AZ
Value at index 29 differs. Expected BD; Found CC
Value at index 31 differs. Expected BF; Found AE
Value at index 32 differs. Expected BG; Found AX
Value at index 33 differs. Expected BH; Found BK
Value at index 34 differs. Expected BI; Found AC
Value at index 35 differs. Expected BJ; Found CY
Value at index 36 differs. Expected BK; Found CX
Value at index 40 differs. Expected BO; Found ET
Value at index 41 differs. Expected BP; Found CB
Value at index 42 differs. Expected BQ; Found BU
Value at index 43 differs. Expected BR; Found FG
Value at index 44 differs. Expected BS; Found DY
Value at index 45 differs. Expected BT; Found EM
Value at index 46 differs. Expected BU; Found BQ
Value at index 48 differs. Expected BW; Found FI
Value at index 49 differs. Expected BX; Found FN
Value at index 50 differs. Expected BY; Found EY
Value at index 51 differs. Expected BZ; Found DO
Value at index 52 differs. Expected CA; Found AN
Value at index 53 differs. Expected CB; Found BR
Value at index 54 differs. Expected CC; Found CR
Value at index 58 differs. Expected CG; Found BY
Value at index 59 differs. Expected CH; Found AY
Value at index 60 differs. Expected CI; Found FA
Value at index 61 differs. Expected CJ; Found DJ
Value at index 63 differs. Expected CL; Found AW
Value at index 65 differs. Expected CN; Found ER
Value at index 66 differs. Expected CO; Found CS
Value at index 67 differs. Expected CP; Found DN
Value at index 69 differs. Expected CR; Found CV
Value at index 70 differs. Expected CS; Found DI
Value at index 73 differs. Expected CV; Found AI
Value at index 74 differs. Expected CW; Found AM
Value at index 75 differs. Expected CX; Found FM
Value at index 76 differs. Expected CY; Found BJ
Value at index 78 differs. Expected DA; Found AB
Value at index 82 differs. Expected DE; Found CJ
Value at index 84 differs. Expected DG; Found FT
Value at index 85 differs. Expected DH; Found BS
Value at index 86 differs. Expected DI; Found DW
Value at index 87 differs. Expected DJ; Found DT
Value at index 88 differs. Expected DK; Found CL
Value at index 89 differs. Expected DL; Found FS
Value at index 91 differs. Expected DN; Found EV
Value at index 92 differs. Expected DO; Found EK
Value at index 94 differs. Expected DQ; Found AR
Value at index 96 differs. Expected DS; Found EJ
Value at index 97 differs. Expected DT; Found BP
Value at index 98 differs. Expected DU; Found FQ
Value at index 100 differs. Expected DW; Found BW
Value at index 102 differs. Expected DY; Found FF
Value at index 107 differs. Expected ED; Found EO
Value at index 108 differs. Expected EE; Found DG
Value at index 109 differs. Expected EF; Found DS
Value at index 110 differs. Expected EG; Found BB
Value at index 112 differs. Expected EI; Found ES
Value at index 113 differs. Expected EJ; Found EF
Value at index 114 differs. Expected EK; Found BZ
Value at index 115 differs. Expected EL; Found FB
Value at index 116 differs. Expected EM; Found BT
Value at index 117 differs. Expected EN; Found BH
Value at index 118 differs. Expected EO; Found ED
Value at index 120 differs. Expected EQ; Found CN
Value at index 121 differs. Expected ER; Found EQ
Value at index 122 differs. Expected ES; Found EI
Value at index 123 differs. Expected ET; Found EU
Value at index 124 differs. Expected EU; Found BO
Value at index 125 differs. Expected EV; Found DK
Value at index 126 differs. Expected EW; Found FK
Value at index 127 differs. Expected EX; Found DL
Value at index 128 differs. Expected EY; Found CG
Value at index 130 differs. Expected FA; Found CI
Value at index 131 differs. Expected FB; Found AJ
Value at index 135 differs. Expected FF; Found FL
Value at index 136 differs. Expected FG; Found DE
Value at index 138 differs. Expected FI; Found CH
Value at index 140 differs. Expected FK; Found EW
Value at index 141 differs. Expected FL; Found CA
Value at index 142 differs. Expected FM; Found EN
Value at index 143 differs. Expected FN; Found BX
Value at index 146 differs. Expected FQ; Found BD
Value at index 147 differs. Expected FR; Found BI
Value at index 148 differs. Expected FS; Found DA
Value at index 149 differs. Expected FT; Found BA

