Invalid read count. Expected: 196; Found: 4
Invalid write count. Expected: 34; Found: 2
Value at index 0 differs. Expected A; Found C
Value at index 1 differs. Expected B; Found D
Value at index 2 differs. Expected C; Found G
Value at index 3 differs. Expected D; Found E
Value at index 4 differs. Expected E; Found H
Value at index 5 differs. Expected F; Found B
Value at index 6 differs. Expected G; Found F
Value at index 7 differs. Expected H; Found I
Value at index 8 differs. Expected I; Found A

Invalid read count. Expected: 49 272; Found: 4
Invalid write count. Expected: 9 340; Found: 2
Value at index 0 differs. Expected AA; Found BJ
Value at index 1 differs. Expected AB; Found CU
Value at index 2 differs. Expected AC; Found DT
Value at index 4 differs. Expected AE; Found AA
Value at index 5 differs. Expected AF; Found EZ
Value at index 7 differs. Expected AH; Found EL
Value at index 8 differs. Expected AI; Found CQ
Value at index 9 differs. Expected AJ; Found CH
Value at index 11 differs. Expected AL; Found CC
Value at index 12 differs. Expected AM; Found CF
Value at index 13 differs. Expected AN; Found DX
Value at index 14 differs. Expected AO; Found FI
Value at index 15 differs. Expected AP; Found FN
Value at index 17 differs. Expected AR; Found EK
Value at index 20 differs. Expected AU; Found DV
Value at index 21 differs. Expected AV; Found ES
Value at index 25 differs. Expected AZ; Found CR
Value at index 26 differs. Expected BA; Found FS
Value at index 30 differs. Expected BE; Found EG
Value at index 31 differs. Expected BF; Found CE
Value at index 32 differs. Expected BG; Found DO
Value at index 33 differs. Expected BH; Found BR
Value at index 34 differs. Expected BI; Found BK
Value at index 35 differs. Expected BJ; Found AB
Value at index 36 differs. Expected BK; Found AE
Value at index 37 differs. Expected BL; Found FT
Value at index 39 differs. Expected BN; Found CV
Value at index 40 differs. Expected BO; Found AO
Value at index 43 differs. Expected BR; Found FK
Value at index 46 differs. Expected BU; Found BV
Value at index 47 differs. Expected BV; Found CD
Value at index 48 differs. Expected BW; Found FD
Value at index 49 differs. Expected BX; Found AH
Value at index 50 differs. Expected BY; Found FC
Value at index 51 differs. Expected BZ; Found AJ
Value at index 54 differs. Expected CC; Found DA
Value at index 55 differs. Expected CD; Found CY
Value at index 56 differs. Expected CE; Found DF
Value at index 57 differs. Expected CF; Found AM
Value at index 59 differs. Expected CH; Found DP
Value at index 60 differs. Expected CI; Found CX
Value at index 61 differs. Expected CJ; Found CL
Value at index 63 differs. Expected CL; Found EY
Value at index 64 differs. Expected CM; Found DY
Value at index 65 differs. Expected CN; Found ER
Value at index 67 differs. Expected CP; Found DW
Value at index 68 differs. Expected CQ; Found BF
Value at index 69 differs. Expected CR; Found FP
Value at index 70 differs. Expected CS; Found EF
Value at index 72 differs. Expected CU; Found DH
Value at index 73 differs. Expected CV; Found DE
Value at index 75 differs. Expected CX; Found CI
Value at index 76 differs. Expected CY; Found BW
Value at index 78 differs. Expected DA; Found EM
Value at index 79 differs. Expected DB; Found DL
Value at index 80 differs. Expected DC; Found FF
Value at index 82 differs. Expected DE; Found BN
Value at index 83 differs. Expected DF; Found AI
Value at index 85 differs. Expected DH; Found FH
Value at index 89 differs. Expected DL; Found EW
Value at index 90 differs. Expected DM; Found FA
Value at index 92 differs. Expected DO; Found DM
Value at index 93 differs. Expected DP; Found ED
Value at index 97 differs. Expected DT; Found CM
Value at index 98 differs. Expected DU; Found EN
Value at index 99 differs. Expected DV; Found AU
Value at index 100 differs. Expected DW; Found CP
Value at index 101 differs. Expected DX; Found AC
Value at index 102 differs. Expected DY; Found AN
Value at index 105 differs. Expected EB; Found BH
Value at index 107 differs. Expected ED; Found BZ
Value at index 109 differs. Expected EF; Found EU
Value at index 110 differs. Expected EG; Found BE
Value at index 112 differs. Expected EI; Found FR
Value at index 114 differs. Expected EK; Found AR
Value at index 115 differs. Expected EL; Found BA
Value at index 116 differs. Expected EM; Found AL
Value at index 117 differs. Expected EN; Found DU
Value at index 119 differs. Expected EP; Found ET
Value at index 121 differs. Expected ER; Found EP
Value at index 122 differs. Expected ES; Found AV
Value at index 123 differs. Expected ET; Found EX
Value at index 124 differs. Expected EU; Found FJ
Value at index 126 differs. Expected EW; Found FL
Value at index 127 differs. Expected EX; Found FE
Value at index 128 differs. Expected EY; Found CJ
Value at index 129 differs. Expected EZ; Found DB
Value at index 130 differs. Expected FA; Found BG
Value at index 132 differs. Expected FC; Found BY
Value at index 133 differs. Expected FD; Found BU
Value at index 134 differs. Expected FE; Found FM
Value at index 135 differs. Expected FF; Found CS
Value at index 137 differs. Expected FH; Found DC
Value at index 138 differs. Expected FI; Found AF
Value at index 139 differs. Expected FJ; Found BI
Value at index 140 differs. Expected FK; Found BO
Value at index 141 differs. Expected FL; Found BX
Value at index 142 differs. Expected FM; Found CN
Value at index 143 differs. Expected FN; Found AP
Value at index 145 differs. Expected FP; Found AZ
Value at index 147 differs. Expected FR; Found EI
Value at index 148 differs. Expected FS; Found EB
Value at index 149 differs. Expected FT; Found BL

