Invalid read count. Expected: 168; Found: 174

Invalid read count. Expected: 50 736; Found: 32
Invalid write count. Expected: 8 420; Found: 10
Value at index 2 differs. Expected AC; Found AD
Value at index 3 differs. Expected AD; Found AM
Value at index 4 differs. Expected AE; Found CB
Value at index 5 differs. Expected AF; Found AG
Value at index 6 differs. Expected AG; Found DG
Value at index 7 differs. Expected AH; Found CJ
Value at index 8 differs. Expected AI; Found AJ
Value at index 9 differs. Expected AJ; Found EN
Value at index 10 differs. Expected AK; Found FP
Value at index 11 differs. Expected AL; Found AY
Value at index 12 differs. Expected AM; Found AC
Value at index 14 differs. Expected AO; Found BW
Value at index 15 differs. Expected AP; Found EU
Value at index 16 differs. Expected AQ; Found DX
Value at index 17 differs. Expected AR; Found EA
Value at index 19 differs. Expected AT; Found FS
Value at index 24 differs. Expected AY; Found AH
Value at index 25 differs. Expected AZ; Found ES
Value at index 26 differs. Expected BA; Found CR
Value at index 27 differs. Expected BB; Found DL
Value at index 29 differs. Expected BD; Found EK
Value at index 30 differs. Expected BE; Found BU
Value at index 32 differs. Expected BG; Found DY
Value at index 35 differs. Expected BJ; Found AQ
Value at index 36 differs. Expected BK; Found BX
Value at index 37 differs. Expected BL; Found CL
Value at index 38 differs. Expected BM; Found FH
Value at index 39 differs. Expected BN; Found CY
Value at index 40 differs. Expected BO; Found ET
Value at index 42 differs. Expected BQ; Found FM
Value at index 43 differs. Expected BR; Found BY
Value at index 44 differs. Expected BS; Found FG
Value at index 45 differs. Expected BT; Found BO
Value at index 46 differs. Expected BU; Found CI
Value at index 47 differs. Expected BV; Found EP
Value at index 48 differs. Expected BW; Found AO
Value at index 49 differs. Expected BX; Found CT
Value at index 50 differs. Expected BY; Found BR
Value at index 52 differs. Expected CA; Found FC
Value at index 53 differs. Expected CB; Found AF
Value at index 54 differs. Expected CC; Found EX
Value at index 55 differs. Expected CD; Found CS
Value at index 56 differs. Expected CE; Found DS
Value at index 57 differs. Expected CF; Found EF
Value at index 59 differs. Expected CH; Found FN
Value at index 60 differs. Expected CI; Found BE
Value at index 61 differs. Expected CJ; Found AI
Value at index 63 differs. Expected CL; Found BL
Value at index 64 differs. Expected CM; Found AT
Value at index 65 differs. Expected CN; Found EE
Value at index 66 differs. Expected CO; Found CF
Value at index 69 differs. Expected CR; Found BA
Value at index 70 differs. Expected CS; Found CA
Value at index 71 differs. Expected CT; Found DR
Value at index 72 differs. Expected CU; Found EH
Value at index 76 differs. Expected CY; Found FF
Value at index 80 differs. Expected DC; Found FD
Value at index 81 differs. Expected DD; Found EV
Value at index 84 differs. Expected DG; Found AK
Value at index 86 differs. Expected DI; Found CD
Value at index 87 differs. Expected DJ; Found DW
Value at index 89 differs. Expected DL; Found EB
Value at index 90 differs. Expected DM; Found BB
Value at index 93 differs. Expected DP; Found DD
Value at index 95 differs. Expected DR; Found CO
Value at index 96 differs. Expected DS; Found CE
Value at index 100 differs. Expected DW; Found DJ
Value at index 101 differs. Expected DX; Found BK
Value at index 102 differs. Expected DY; Found BG
Value at index 104 differs. Expected EA; Found AR
Value at index 105 differs. Expected EB; Found FL
Value at index 106 differs. Expected EC; Found ER
Value at index 108 differs. Expected EE; Found CN
Value at index 109 differs. Expected EF; Found CC
Value at index 111 differs. Expected EH; Found CU
Value at index 112 differs. Expected EI; Found BM
Value at index 114 differs. Expected EK; Found BN
Value at index 117 differs. Expected EN; Found DP
Value at index 118 differs. Expected EO; Found DM
Value at index 119 differs. Expected EP; Found EC
Value at index 121 differs. Expected ER; Found BV
Value at index 122 differs. Expected ES; Found AZ
Value at index 123 differs. Expected ET; Found BT
Value at index 124 differs. Expected EU; Found EO
Value at index 125 differs. Expected EV; Found AL
Value at index 127 differs. Expected EX; Found BJ
Value at index 129 differs. Expected EZ; Found CH
Value at index 132 differs. Expected FC; Found DI
Value at index 133 differs. Expected FD; Found DC
Value at index 135 differs. Expected FF; Found BD
Value at index 136 differs. Expected FG; Found BS
Value at index 137 differs. Expected FH; Found FK
Value at index 138 differs. Expected FI; Found AP
Value at index 140 differs. Expected FK; Found FT
Value at index 141 differs. Expected FL; Found FI
Value at index 142 differs. Expected FM; Found BQ
Value at index 143 differs. Expected FN; Found EZ
Value at index 145 differs. Expected FP; Found AE
Value at index 148 differs. Expected FS; Found CM
Value at index 149 differs. Expected FT; Found EI

