Invalid read count. Expected: 196; Found: 1 852

Invalid read count. Expected: 49 272; Found: 39 230
Invalid write count. Expected: 9 340; Found: 9 132
Value at index 5 differs. Expected AF; Found AG
Value at index 6 differs. Expected AG; Found AH
Value at index 7 differs. Expected AH; Found AI
Value at index 8 differs. Expected AI; Found AJ
Value at index 9 differs. Expected AJ; Found AK
Value at index 10 differs. Expected AK; Found AM
Value at index 11 differs. Expected AL; Found AN
Value at index 12 differs. Expected AM; Found AO
Value at index 13 differs. Expected AN; Found AQ
Value at index 14 differs. Expected AO; Found AR
Value at index 15 differs. Expected AP; Found AL
Value at index 16 differs. Expected AQ; Found AS
Value at index 17 differs. Expected AR; Found AT
Value at index 18 differs. Expected AS; Found AU
Value at index 19 differs. Expected AT; Found AW
Value at index 20 differs. Expected AU; Found AX
Value at index 22 differs. Expected AW; Found AY
Value at index 23 differs. Expected AX; Found BA
Value at index 24 differs. Expected AY; Found BB
Value at index 25 differs. Expected AZ; Found BC
Value at index 26 differs. Expected BA; Found BD
Value at index 27 differs. Expected BB; Found BE
Value at index 28 differs. Expected BC; Found BF
Value at index 29 differs. Expected BD; Found BG
Value at index 30 differs. Expected BE; Found BH
Value at index 31 differs. Expected BF; Found BJ
Value at index 32 differs. Expected BG; Found BK
Value at index 33 differs. Expected BH; Found BM
Value at index 34 differs. Expected BI; Found BN
Value at index 35 differs. Expected BJ; Found BP
Value at index 36 differs. Expected BK; Found BQ
Value at index 37 differs. Expected BL; Found AF
Value at index 38 differs. Expected BM; Found BI
Value at index 39 differs. Expected BN; Found BO
Value at index 40 differs. Expected BO; Found BR
Value at index 41 differs. Expected BP; Found BS
Value at index 42 differs. Expected BQ; Found AP
Value at index 43 differs. Expected BR; Found BT
Value at index 44 differs. Expected BS; Found AZ
Value at index 45 differs. Expected BT; Found BU
Value at index 46 differs. Expected BU; Found BV
Value at index 47 differs. Expected BV; Found BW
Value at index 48 differs. Expected BW; Found BL

