Invalid read count. Expected: 68; Found: 1 832

Invalid read count. Expected: 47 594; Found: 38 172
Invalid write count. Expected: 8 258; Found: 8 074
Value at index 1 differs. Expected AB; Found AC
Value at index 2 differs. Expected AC; Found AE
Value at index 3 differs. Expected AD; Found AF
Value at index 4 differs. Expected AE; Found AH
Value at index 5 differs. Expected AF; Found AI
Value at index 6 differs. Expected AG; Found AJ
Value at index 7 differs. Expected AH; Found AK
Value at index 8 differs. Expected AI; Found AL
Value at index 9 differs. Expected AJ; Found AN
Value at index 10 differs. Expected AK; Found AO
Value at index 11 differs. Expected AL; Found AP
Value at index 12 differs. Expected AM; Found AQ
Value at index 13 differs. Expected AN; Found AM
Value at index 14 differs. Expected AO; Found AS
Value at index 15 differs. Expected AP; Found AT
Value at index 16 differs. Expected AQ; Found AU
Value at index 17 differs. Expected AR; Found AV
Value at index 18 differs. Expected AS; Found AD
Value at index 19 differs. Expected AT; Found AW
Value at index 20 differs. Expected AU; Found AY
Value at index 21 differs. Expected AV; Found AZ
Value at index 22 differs. Expected AW; Found AR
Value at index 23 differs. Expected AX; Found BA
Value at index 24 differs. Expected AY; Found BC
Value at index 25 differs. Expected AZ; Found BD
Value at index 26 differs. Expected BA; Found AX
Value at index 27 differs. Expected BB; Found BE
Value at index 28 differs. Expected BC; Found AB
Value at index 29 differs. Expected BD; Found BB
Value at index 30 differs. Expected BE; Found BF
Value at index 31 differs. Expected BF; Found BG
Value at index 32 differs. Expected BG; Found BH
Value at index 33 differs. Expected BH; Found BI
Value at index 34 differs. Expected BI; Found BJ
Value at index 35 differs. Expected BJ; Found BK
Value at index 36 differs. Expected BK; Found AG

