Invalid read count. Expected: 112; Found: 0
Invalid write count. Expected: 22; Found: 0
Value at index 1 differs. Expected B; Found C
Value at index 2 differs. Expected C; Found B
Value at index 3 differs. Expected D; Found H
Value at index 6 differs. Expected G; Found J
Value at index 7 differs. Expected H; Found D
Value at index 9 differs. Expected J; Found G

Invalid read count. Expected: 47 344; Found: 0
Invalid write count. Expected: 8 008; Found: 0
Value at index 3 differs. Expected AD; Found CI
Value at index 6 differs. Expected AG; Found DZ
Value at index 7 differs. Expected AH; Found EQ
Value at index 8 differs. Expected AI; Found AY
Value at index 9 differs. Expected AJ; Found DR
Value at index 10 differs. Expected AK; Found DN
Value at index 13 differs. Expected AN; Found BQ
Value at index 14 differs. Expected AO; Found BW
Value at index 15 differs. Expected AP; Found FB
Value at index 18 differs. Expected AS; Found CC
Value at index 20 differs. Expected AU; Found BG
Value at index 22 differs. Expected AW; Found BZ
Value at index 24 differs. Expected AY; Found BD
Value at index 26 differs. Expected BA; Found CT
Value at index 27 differs. Expected BB; Found BV
Value at index 28 differs. Expected BC; Found DI
Value at index 29 differs. Expected BD; Found CP
Value at index 32 differs. Expected BG; Found EH
Value at index 34 differs. Expected BI; Found DH
Value at index 35 differs. Expected BJ; Found BS
Value at index 37 differs. Expected BL; Found FC
Value at index 38 differs. Expected BM; Found AW
Value at index 39 differs. Expected BN; Found ET
Value at index 40 differs. Expected BO; Found DD
Value at index 41 differs. Expected BP; Found BO
Value at index 42 differs. Expected BQ; Found CN
Value at index 43 differs. Expected BR; Found CA
Value at index 44 differs. Expected BS; Found DY
Value at index 45 differs. Expected BT; Found DU
Value at index 47 differs. Expected BV; Found EP
Value at index 48 differs. Expected BW; Found CU
Value at index 51 differs. Expected BZ; Found BN
Value at index 52 differs. Expected CA; Found CJ
Value at index 53 differs. Expected CB; Found CD
Value at index 54 differs. Expected CC; Found AS
Value at index 55 differs. Expected CD; Found AU
Value at index 56 differs. Expected CE; Found FR
Value at index 58 differs. Expected CG; Found DT
Value at index 60 differs. Expected CI; Found AD
Value at index 61 differs. Expected CJ; Found DC
Value at index 62 differs. Expected CK; Found DG
Value at index 63 differs. Expected CL; Found DW
Value at index 64 differs. Expected CM; Found FM
Value at index 65 differs. Expected CN; Found AN
Value at index 67 differs. Expected CP; Found DO
Value at index 68 differs. Expected CQ; Found CY
Value at index 69 differs. Expected CR; Found EJ
Value at index 70 differs. Expected CS; Found FT
Value at index 71 differs. Expected CT; Found EF
Value at index 72 differs. Expected CU; Found DK
Value at index 73 differs. Expected CV; Found BB
Value at index 74 differs. Expected CW; Found DS
Value at index 76 differs. Expected CY; Found FS
Value at index 77 differs. Expected CZ; Found DL
Value at index 79 differs. Expected DB; Found ED
Value at index 80 differs. Expected DC; Found FJ
Value at index 81 differs. Expected DD; Found EA
Value at index 82 differs. Expected DE; Found CG
Value at index 83 differs. Expected DF; Found EK
Value at index 84 differs. Expected DG; Found EC
Value at index 85 differs. Expected DH; Found BI
Value at index 86 differs. Expected DI; Found BC
Value at index 88 differs. Expected DK; Found EM
Value at index 89 differs. Expected DL; Found CQ
Value at index 91 differs. Expected DN; Found CW
Value at index 92 differs. Expected DO; Found BR
Value at index 93 differs. Expected DP; Found FE
Value at index 94 differs. Expected DQ; Found FH
Value at index 95 differs. Expected DR; Found BA
Value at index 96 differs. Expected DS; Found FO
Value at index 97 differs. Expected DT; Found EY
Value at index 98 differs. Expected DU; Found FG
Value at index 100 differs. Expected DW; Found CL
Value at index 102 differs. Expected DY; Found AG
Value at index 103 differs. Expected DZ; Found BJ
Value at index 104 differs. Expected EA; Found BL
Value at index 106 differs. Expected EC; Found CK
Value at index 107 differs. Expected ED; Found DQ
Value at index 109 differs. Expected EF; Found AJ
Value at index 110 differs. Expected EG; Found EU
Value at index 111 differs. Expected EH; Found CE
Value at index 113 differs. Expected EJ; Found CR
Value at index 114 differs. Expected EK; Found DF
Value at index 116 differs. Expected EM; Found DP
Value at index 119 differs. Expected EP; Found CV
Value at index 120 differs. Expected EQ; Found AH
Value at index 122 differs. Expected ES; Found FA
Value at index 123 differs. Expected ET; Found CZ
Value at index 124 differs. Expected EU; Found EG
Value at index 128 differs. Expected EY; Found DE
Value at index 130 differs. Expected FA; Found AK
Value at index 131 differs. Expected FB; Found AP
Value at index 132 differs. Expected FC; Found BP
Value at index 133 differs. Expected FD; Found ES
Value at index 134 differs. Expected FE; Found AO
Value at index 136 differs. Expected FG; Found FN
Value at index 137 differs. Expected FH; Found FL
Value at index 138 differs. Expected FI; Found FQ
Value at index 139 differs. Expected FJ; Found AI
Value at index 141 differs. Expected FL; Found DB
Value at index 142 differs. Expected FM; Found CM
Value at index 143 differs. Expected FN; Found FD
Value at index 144 differs. Expected FO; Found BM
Value at index 146 differs. Expected FQ; Found FI
Value at index 147 differs. Expected FR; Found CB
Value at index 148 differs. Expected FS; Found BT
Value at index 149 differs. Expected FT; Found CS

