Invalid read count. Expected: 160; Found: 0
Invalid write count. Expected: 34; Found: 0
Value at index 0 differs. Expected A; Found C
Value at index 1 differs. Expected B; Found A
Value at index 2 differs. Expected C; Found G
Value at index 3 differs. Expected D; Found F
Value at index 5 differs. Expected F; Found J
Value at index 6 differs. Expected G; Found B
Value at index 9 differs. Expected J; Found D

Invalid read count. Expected: 49 754; Found: 0
Invalid write count. Expected: 8 928; Found: 0
Value at index 0 differs. Expected AA; Found AV
Value at index 3 differs. Expected AD; Found CC
Value at index 4 differs. Expected AE; Found DG
Value at index 5 differs. Expected AF; Found AJ
Value at index 7 differs. Expected AH; Found DW
Value at index 8 differs. Expected AI; Found EB
Value at index 9 differs. Expected AJ; Found BG
Value at index 10 differs. Expected AK; Found AU
Value at index 11 differs. Expected AL; Found DY
Value at index 13 differs. Expected AN; Found CG
Value at index 14 differs. Expected AO; Found EU
Value at index 15 differs. Expected AP; Found EX
Value at index 16 differs. Expected AQ; Found FA
Value at index 17 differs. Expected AR; Found DI
Value at index 18 differs. Expected AS; Found FG
Value at index 20 differs. Expected AU; Found EI
Value at index 21 differs. Expected AV; Found AW
Value at index 22 differs. Expected AW; Found BA
Value at index 23 differs. Expected AX; Found EQ
Value at index 25 differs. Expected AZ; Found CF
Value at index 26 differs. Expected BA; Found AA
Value at index 27 differs. Expected BB; Found EK
Value at index 28 differs. Expected BC; Found AO
Value at index 29 differs. Expected BD; Found FO
Value at index 30 differs. Expected BE; Found AX
Value at index 32 differs. Expected BG; Found AF
Value at index 36 differs. Expected BK; Found EO
Value at index 37 differs. Expected BL; Found EE
Value at index 38 differs. Expected BM; Found BY
Value at index 39 differs. Expected BN; Found CY
Value at index 40 differs. Expected BO; Found DO
Value at index 42 differs. Expected BQ; Found BK
Value at index 43 differs. Expected BR; Found FC
Value at index 45 differs. Expected BT; Found BM
Value at index 46 differs. Expected BU; Found EJ
Value at index 47 differs. Expected BV; Found ET
Value at index 48 differs. Expected BW; Found BV
Value at index 50 differs. Expected BY; Found CW
Value at index 52 differs. Expected CA; Found CD
Value at index 54 differs. Expected CC; Found EN
Value at index 55 differs. Expected CD; Found CA
Value at index 56 differs. Expected CE; Found AN
Value at index 57 differs. Expected CF; Found EW
Value at index 58 differs. Expected CG; Found FN
Value at index 60 differs. Expected CI; Found CM
Value at index 62 differs. Expected CK; Found DD
Value at index 63 differs. Expected CL; Found DX
Value at index 64 differs. Expected CM; Found FJ
Value at index 67 differs. Expected CP; Found DF
Value at index 72 differs. Expected CU; Found AQ
Value at index 73 differs. Expected CV; Found AR
Value at index 74 differs. Expected CW; Found DQ
Value at index 75 differs. Expected CX; Found BN
Value at index 76 differs. Expected CY; Found CX
Value at index 78 differs. Expected DA; Found DL
Value at index 79 differs. Expected DB; Found EV
Value at index 80 differs. Expected DC; Found FE
Value at index 81 differs. Expected DD; Found EH
Value at index 83 differs. Expected DF; Found DU
Value at index 84 differs. Expected DG; Found AE
Value at index 86 differs. Expected DI; Found DR
Value at index 87 differs. Expected DJ; Found EP
Value at index 88 differs. Expected DK; Found BT
Value at index 89 differs. Expected DL; Found DT
Value at index 92 differs. Expected DO; Found DB
Value at index 94 differs. Expected DQ; Found ED
Value at index 95 differs. Expected DR; Found CV
Value at index 96 differs. Expected DS; Found BO
Value at index 97 differs. Expected DT; Found DA
Value at index 98 differs. Expected DU; Found CP
Value at index 99 differs. Expected DV; Found EA
Value at index 100 differs. Expected DW; Found AH
Value at index 101 differs. Expected DX; Found CL
Value at index 102 differs. Expected DY; Found AL
Value at index 104 differs. Expected EA; Found DV
Value at index 105 differs. Expected EB; Found BD
Value at index 106 differs. Expected EC; Found EZ
Value at index 107 differs. Expected ED; Found CE
Value at index 108 differs. Expected EE; Found BL
Value at index 111 differs. Expected EH; Found CK
Value at index 112 differs. Expected EI; Found AS
Value at index 113 differs. Expected EJ; Found BU
Value at index 114 differs. Expected EK; Found BB
Value at index 115 differs. Expected EL; Found FP
Value at index 117 differs. Expected EN; Found DC
Value at index 118 differs. Expected EO; Found BQ
Value at index 119 differs. Expected EP; Found FD
Value at index 120 differs. Expected EQ; Found BE
Value at index 122 differs. Expected ES; Found DJ
Value at index 123 differs. Expected ET; Found FI
Value at index 124 differs. Expected EU; Found BC
Value at index 125 differs. Expected EV; Found DS
Value at index 126 differs. Expected EW; Found AZ
Value at index 127 differs. Expected EX; Found BR
Value at index 129 differs. Expected EZ; Found FT
Value at index 130 differs. Expected FA; Found CU
Value at index 132 differs. Expected FC; Found AP
Value at index 133 differs. Expected FD; Found ES
Value at index 134 differs. Expected FE; Found AK
Value at index 136 differs. Expected FG; Found AD
Value at index 137 differs. Expected FH; Found FQ
Value at index 138 differs. Expected FI; Found BW
Value at index 139 differs. Expected FJ; Found CI
Value at index 143 differs. Expected FN; Found DK
Value at index 144 differs. Expected FO; Found AI
Value at index 145 differs. Expected FP; Found EL
Value at index 146 differs. Expected FQ; Found FH
Value at index 149 differs. Expected FT; Found EC

