Invalid read count. Expected: 130; Found: 0
Invalid write count. Expected: 40; Found: 0
Value at index 0 differs. Expected A; Found C
Value at index 1 differs. Expected B; Found H
Value at index 2 differs. Expected C; Found I
Value at index 3 differs. Expected D; Found E
Value at index 4 differs. Expected E; Found A
Value at index 5 differs. Expected F; Found B
Value at index 7 differs. Expected H; Found D
Value at index 8 differs. Expected I; Found J
Value at index 9 differs. Expected J; Found F

Invalid read count. Expected: 49 442; Found: 0
Invalid write count. Expected: 8 020; Found: 0
Value at index 0 differs. Expected AA; Found DO
Value at index 1 differs. Expected AB; Found EH
Value at index 2 differs. Expected AC; Found AX
Value at index 3 differs. Expected AD; Found EG
Value at index 4 differs. Expected AE; Found CL
Value at index 5 differs. Expected AF; Found EM
Value at index 6 differs. Expected AG; Found BI
Value at index 8 differs. Expected AI; Found EI
Value at index 10 differs. Expected AK; Found EC
Value at index 12 differs. Expected AM; Found DP
Value at index 13 differs. Expected AN; Found DQ
Value at index 17 differs. Expected AR; Found EZ
Value at index 19 differs. Expected AT; Found CE
Value at index 21 differs. Expected AV; Found BW
Value at index 22 differs. Expected AW; Found FD
Value at index 23 differs. Expected AX; Found CN
Value at index 26 differs. Expected BA; Found CT
Value at index 28 differs. Expected BC; Found CW
Value at index 29 differs. Expected BD; Found CD
Value at index 30 differs. Expected BE; Found BQ
Value at index 31 differs. Expected BF; Found BE
Value at index 33 differs. Expected BH; Found BK
Value at index 34 differs. Expected BI; Found CH
Value at index 35 differs. Expected BJ; Found EO
Value at index 36 differs. Expected BK; Found BH
Value at index 37 differs. Expected BL; Found BF
Value at index 38 differs. Expected BM; Found AB
Value at index 39 differs. Expected BN; Found BP
Value at index 40 differs. Expected BO; Found AG
Value at index 41 differs. Expected BP; Found CG
Value at index 42 differs. Expected BQ; Found ET
Value at index 43 differs. Expected BR; Found CI
Value at index 46 differs. Expected BU; Found ED
Value at index 47 differs. Expected BV; Found EN
Value at index 48 differs. Expected BW; Found CJ
Value at index 50 differs. Expected BY; Found CX
Value at index 52 differs. Expected CA; Found FJ
Value at index 55 differs. Expected CD; Found AF
Value at index 56 differs. Expected CE; Found CA
Value at index 58 differs. Expected CG; Found DB
Value at index 59 differs. Expected CH; Found BO
Value at index 60 differs. Expected CI; Found BR
Value at index 61 differs. Expected CJ; Found DJ
Value at index 63 differs. Expected CL; Found EW
Value at index 65 differs. Expected CN; Found AC
Value at index 67 differs. Expected CP; Found CV
Value at index 69 differs. Expected CR; Found EY
Value at index 70 differs. Expected CS; Found DU
Value at index 71 differs. Expected CT; Found CR
Value at index 72 differs. Expected CU; Found EA
Value at index 73 differs. Expected CV; Found DX
Value at index 74 differs. Expected CW; Found BU
Value at index 75 differs. Expected CX; Found BY
Value at index 78 differs. Expected DA; Found BL
Value at index 79 differs. Expected DB; Found DN
Value at index 82 differs. Expected DE; Found FC
Value at index 83 differs. Expected DF; Found AW
Value at index 85 differs. Expected DH; Found DR
Value at index 86 differs. Expected DI; Found BJ
Value at index 87 differs. Expected DJ; Found AV
Value at index 88 differs. Expected DK; Found AD
Value at index 91 differs. Expected DN; Found CS
Value at index 92 differs. Expected DO; Found BD
Value at index 93 differs. Expected DP; Found AM
Value at index 94 differs. Expected DQ; Found AN
Value at index 95 differs. Expected DR; Found AK
Value at index 97 differs. Expected DT; Found FT
Value at index 98 differs. Expected DU; Found BN
Value at index 99 differs. Expected DV; Found DW
Value at index 100 differs. Expected DW; Found DV
Value at index 101 differs. Expected DX; Found CP
Value at index 103 differs. Expected DZ; Found FL
Value at index 104 differs. Expected EA; Found FH
Value at index 106 differs. Expected EC; Found DH
Value at index 107 differs. Expected ED; Found FP
Value at index 109 differs. Expected EF; Found AR
Value at index 110 differs. Expected EG; Found DK
Value at index 111 differs. Expected EH; Found BM
Value at index 112 differs. Expected EI; Found AI
Value at index 113 differs. Expected EJ; Found EU
Value at index 114 differs. Expected EK; Found EL
Value at index 115 differs. Expected EL; Found EK
Value at index 116 differs. Expected EM; Found FF
Value at index 117 differs. Expected EN; Found BV
Value at index 118 differs. Expected EO; Found DI
Value at index 119 differs. Expected EP; Found DZ
Value at index 121 differs. Expected ER; Found FO
Value at index 122 differs. Expected ES; Found FQ
Value at index 123 differs. Expected ET; Found DA
Value at index 124 differs. Expected EU; Found FA
Value at index 126 differs. Expected EW; Found AE
Value at index 128 differs. Expected EY; Found BA
Value at index 129 differs. Expected EZ; Found EF
Value at index 130 differs. Expected FA; Found EJ
Value at index 131 differs. Expected FB; Found FE
Value at index 132 differs. Expected FC; Found DE
Value at index 133 differs. Expected FD; Found DF
Value at index 134 differs. Expected FE; Found FB
Value at index 135 differs. Expected FF; Found FI
Value at index 136 differs. Expected FG; Found FS
Value at index 137 differs. Expected FH; Found CU
Value at index 138 differs. Expected FI; Found AA
Value at index 139 differs. Expected FJ; Found AT
Value at index 141 differs. Expected FL; Found EP
Value at index 144 differs. Expected FO; Found ER
Value at index 145 differs. Expected FP; Found BC
Value at index 146 differs. Expected FQ; Found ES
Value at index 148 differs. Expected FS; Found FG
Value at index 149 differs. Expected FT; Found DT

