Invalid read count. Expected: 154; Found: 55
Invalid write count. Expected: 28; Found: 18
Value at index 0 differs. Expected A; Found C
Value at index 2 differs. Expected C; Found F
Value at index 3 differs. Expected D; Found E
Value at index 4 differs. Expected E; Found J
Value at index 5 differs. Expected F; Found I
Value at index 6 differs. Expected G; Found H
Value at index 7 differs. Expected H; Found G
Value at index 8 differs. Expected I; Found D
Value at index 9 differs. Expected J; Found A

Invalid read count. Expected: 45 704; Found: 60
Invalid write count. Expected: 8 752; Found: 20
Value at index 0 differs. Expected AA; Found AB
Value at index 1 differs. Expected AB; Found AC
Value at index 2 differs. Expected AC; Found AD
Value at index 3 differs. Expected AD; Found AE
Value at index 4 differs. Expected AE; Found AF
Value at index 5 differs. Expected AF; Found AK
Value at index 6 differs. Expected AG; Found AH
Value at index 7 differs. Expected AH; Found EF
Value at index 8 differs. Expected AI; Found BV
Value at index 9 differs. Expected AJ; Found FA
Value at index 10 differs. Expected AK; Found AA
Value at index 12 differs. Expected AM; Found AZ
Value at index 13 differs. Expected AN; Found AG
Value at index 14 differs. Expected AO; Found DH
Value at index 16 differs. Expected AQ; Found BB
Value at index 18 differs. Expected AS; Found FL
Value at index 19 differs. Expected AT; Found FC
Value at index 20 differs. Expected AU; Found EJ
Value at index 22 differs. Expected AW; Found CO
Value at index 23 differs. Expected AX; Found CZ
Value at index 24 differs. Expected AY; Found CW
Value at index 25 differs. Expected AZ; Found AY
Value at index 26 differs. Expected BA; Found DD
Value at index 27 differs. Expected BB; Found CR
Value at index 28 differs. Expected BC; Found EO
Value at index 29 differs. Expected BD; Found FP
Value at index 30 differs. Expected BE; Found FS
Value at index 32 differs. Expected BG; Found BT
Value at index 33 differs. Expected BH; Found AT
Value at index 35 differs. Expected BJ; Found DT
Value at index 36 differs. Expected BK; Found DV
Value at index 38 differs. Expected BM; Found BS
Value at index 39 differs. Expected BN; Found DS
Value at index 40 differs. Expected BO; Found DM
Value at index 41 differs. Expected BP; Found BO
Value at index 42 differs. Expected BQ; Found EB
Value at index 43 differs. Expected BR; Found BC
Value at index 44 differs. Expected BS; Found BM
Value at index 45 differs. Expected BT; Found BG
Value at index 47 differs. Expected BV; Found BJ
Value at index 48 differs. Expected BW; Found FE
Value at index 49 differs. Expected BX; Found FO
Value at index 50 differs. Expected BY; Found FJ
Value at index 53 differs. Expected CB; Found FN
Value at index 57 differs. Expected CF; Found FD
Value at index 58 differs. Expected CG; Found CK
Value at index 59 differs. Expected CH; Found DE
Value at index 61 differs. Expected CJ; Found EI
Value at index 62 differs. Expected CK; Found EL
Value at index 63 differs. Expected CL; Found CM
Value at index 64 differs. Expected CM; Found DZ
Value at index 66 differs. Expected CO; Found AQ
Value at index 67 differs. Expected CP; Found CY
Value at index 69 differs. Expected CR; Found CT
Value at index 70 differs. Expected CS; Found BH
Value at index 71 differs. Expected CT; Found EK
Value at index 72 differs. Expected CU; Found DB
Value at index 74 differs. Expected CW; Found BY
Value at index 75 differs. Expected CX; Found EU
Value at index 76 differs. Expected CY; Found EZ
Value at index 77 differs. Expected CZ; Found AX
Value at index 78 differs. Expected DA; Found EM
Value at index 79 differs. Expected DB; Found CU
Value at index 81 differs. Expected DD; Found BA
Value at index 82 differs. Expected DE; Found CJ
Value at index 83 differs. Expected DF; Found DY
Value at index 85 differs. Expected DH; Found AO
Value at index 87 differs. Expected DJ; Found FB
Value at index 89 differs. Expected DL; Found EC
Value at index 90 differs. Expected DM; Found AU
Value at index 91 differs. Expected DN; Found EX
Value at index 94 differs. Expected DQ; Found CL
Value at index 95 differs. Expected DR; Found CH
Value at index 96 differs. Expected DS; Found BN
Value at index 97 differs. Expected DT; Found DJ
Value at index 99 differs. Expected DV; Found BK
Value at index 100 differs. Expected DW; Found EG
Value at index 101 differs. Expected DX; Found AI
Value at index 102 differs. Expected DY; Found FT
Value at index 103 differs. Expected DZ; Found DX
Value at index 104 differs. Expected EA; Found CG
Value at index 105 differs. Expected EB; Found BQ
Value at index 106 differs. Expected EC; Found DL
Value at index 108 differs. Expected EE; Found FM
Value at index 109 differs. Expected EF; Found DQ
Value at index 110 differs. Expected EG; Found ES
Value at index 112 differs. Expected EI; Found FK
Value at index 113 differs. Expected EJ; Found DA
Value at index 114 differs. Expected EK; Found AW
Value at index 115 differs. Expected EL; Found FF
Value at index 116 differs. Expected EM; Found DF
Value at index 118 differs. Expected EO; Found CX
Value at index 119 differs. Expected EP; Found AN
Value at index 122 differs. Expected ES; Found DW
Value at index 124 differs. Expected EU; Found BR
Value at index 127 differs. Expected EX; Found FR
Value at index 129 differs. Expected EZ; Found CP
Value at index 130 differs. Expected FA; Found EP
Value at index 131 differs. Expected FB; Found AJ
Value at index 132 differs. Expected FC; Found CS
Value at index 133 differs. Expected FD; Found CF
Value at index 134 differs. Expected FE; Found BW
Value at index 135 differs. Expected FF; Found AM
Value at index 137 differs. Expected FH; Found AS
Value at index 139 differs. Expected FJ; Found EA
Value at index 140 differs. Expected FK; Found DR
Value at index 141 differs. Expected FL; Found FH
Value at index 142 differs. Expected FM; Found BD
Value at index 143 differs. Expected FN; Found CB
Value at index 144 differs. Expected FO; Found BE
Value at index 145 differs. Expected FP; Found EE
Value at index 146 differs. Expected FQ; Found DN
Value at index 147 differs. Expected FR; Found FQ
Value at index 148 differs. Expected FS; Found BX
Value at index 149 differs. Expected FT; Found BP

