Invalid read count. Expected: 126; Found: 0
Invalid write count. Expected: 36; Found: 0
Value at index 0 differs. Expected A; Found E
Value at index 1 differs. Expected B; Found G
Value at index 2 differs. Expected C; Found B
Value at index 3 differs. Expected D; Found C
Value at index 4 differs. Expected E; Found A
Value at index 5 differs. Expected F; Found J
Value at index 6 differs. Expected G; Found D
Value at index 7 differs. Expected H; Found I
Value at index 8 differs. Expected I; Found H
Value at index 9 differs. Expected J; Found F

Invalid read count. Expected: 49 352; Found: 0
Invalid write count. Expected: 8 526; Found: 0
Value at index 0 differs. Expected AA; Found EJ
Value at index 1 differs. Expected AB; Found FA
Value at index 2 differs. Expected AC; Found EC
Value at index 3 differs. Expected AD; Found FJ
Value at index 5 differs. Expected AF; Found BF
Value at index 6 differs. Expected AG; Found AR
Value at index 7 differs. Expected AH; Found EY
Value at index 8 differs. Expected AI; Found BD
Value at index 9 differs. Expected AJ; Found EH
Value at index 10 differs. Expected AK; Found CC
Value at index 12 differs. Expected AM; Found EB
Value at index 13 differs. Expected AN; Found AI
Value at index 14 differs. Expected AO; Found FD
Value at index 17 differs. Expected AR; Found AU
Value at index 18 differs. Expected AS; Found DW
Value at index 19 differs. Expected AT; Found FI
Value at index 20 differs. Expected AU; Found AG
Value at index 22 differs. Expected AW; Found EI
Value at index 24 differs. Expected AY; Found DU
Value at index 25 differs. Expected AZ; Found BY
Value at index 28 differs. Expected BC; Found DN
Value at index 29 differs. Expected BD; Found AN
Value at index 31 differs. Expected BF; Found AF
Value at index 32 differs. Expected BG; Found BP
Value at index 33 differs. Expected BH; Found EQ
Value at index 34 differs. Expected BI; Found AC
Value at index 35 differs. Expected BJ; Found CB
Value at index 38 differs. Expected BM; Found DY
Value at index 41 differs. Expected BP; Found BW
Value at index 42 differs. Expected BQ; Found AT
Value at index 45 differs. Expected BT; Found CT
Value at index 46 differs. Expected BU; Found FP
Value at index 47 differs. Expected BV; Found CL
Value at index 48 differs. Expected BW; Found BG
Value at index 50 differs. Expected BY; Found CE
Value at index 51 differs. Expected BZ; Found DX
Value at index 52 differs. Expected CA; Found DS
Value at index 53 differs. Expected CB; Found EV
Value at index 54 differs. Expected CC; Found AK
Value at index 56 differs. Expected CE; Found AZ
Value at index 57 differs. Expected CF; Found BJ
Value at index 59 differs. Expected CH; Found CA
Value at index 62 differs. Expected CK; Found ED
Value at index 63 differs. Expected CL; Found CX
Value at index 67 differs. Expected CP; Found CY
Value at index 68 differs. Expected CQ; Found DQ
Value at index 69 differs. Expected CR; Found FF
Value at index 71 differs. Expected CT; Found CU
Value at index 72 differs. Expected CU; Found EX
Value at index 75 differs. Expected CX; Found CP
Value at index 76 differs. Expected CY; Found BV
Value at index 77 differs. Expected CZ; Found EO
Value at index 80 differs. Expected DC; Found CZ
Value at index 81 differs. Expected DD; Found FB
Value at index 83 differs. Expected DF; Found CQ
Value at index 87 differs. Expected DJ; Found BT
Value at index 88 differs. Expected DK; Found FM
Value at index 91 differs. Expected DN; Found BC
Value at index 92 differs. Expected DO; Found EW
Value at index 94 differs. Expected DQ; Found ER
Value at index 96 differs. Expected DS; Found CH
Value at index 98 differs. Expected DU; Found AY
Value at index 100 differs. Expected DW; Found AS
Value at index 101 differs. Expected DX; Found FQ
Value at index 102 differs. Expected DY; Found BM
Value at index 103 differs. Expected DZ; Found EN
Value at index 105 differs. Expected EB; Found AM
Value at index 106 differs. Expected EC; Found BI
Value at index 107 differs. Expected ED; Found CK
Value at index 109 differs. Expected EF; Found FC
Value at index 110 differs. Expected EG; Found EM
Value at index 111 differs. Expected EH; Found AJ
Value at index 112 differs. Expected EI; Found ET
Value at index 113 differs. Expected EJ; Found FN
Value at index 115 differs. Expected EL; Found AO
Value at index 116 differs. Expected EM; Found EG
Value at index 117 differs. Expected EN; Found AA
Value at index 118 differs. Expected EO; Found DC
Value at index 119 differs. Expected EP; Found BQ
Value at index 120 differs. Expected EQ; Found BH
Value at index 121 differs. Expected ER; Found DF
Value at index 122 differs. Expected ES; Found BZ
Value at index 123 differs. Expected ET; Found AW
Value at index 124 differs. Expected EU; Found DD
Value at index 125 differs. Expected EV; Found CF
Value at index 126 differs. Expected EW; Found DO
Value at index 127 differs. Expected EX; Found CR
Value at index 128 differs. Expected EY; Found AH
Value at index 130 differs. Expected FA; Found AB
Value at index 131 differs. Expected FB; Found FO
Value at index 132 differs. Expected FC; Found EF
Value at index 133 differs. Expected FD; Found ES
Value at index 135 differs. Expected FF; Found FR
Value at index 138 differs. Expected FI; Found EP
Value at index 139 differs. Expected FJ; Found AD
Value at index 142 differs. Expected FM; Found DK
Value at index 143 differs. Expected FN; Found DZ
Value at index 144 differs. Expected FO; Found EU
Value at index 145 differs. Expected FP; Found BU
Value at index 146 differs. Expected FQ; Found EL
Value at index 147 differs. Expected FR; Found DJ

