Invalid read count. Expected: 164; Found: 232
Invalid write count. Expected: 38; Found: 52
Value at index 0 differs. Expected A; Found J
Value at index 1 differs. Expected B; Found I
Value at index 2 differs. Expected C; Found H
Value at index 3 differs. Expected D; Found G
Value at index 4 differs. Expected E; Found F
Value at index 5 differs. Expected F; Found E
Value at index 6 differs. Expected G; Found D
Value at index 7 differs. Expected H; Found C
Value at index 8 differs. Expected I; Found B
Value at index 9 differs. Expected J; Found A

Invalid read count. Expected: 52 342; Found: 188
Invalid write count. Expected: 8 536; Found: 44
Value at index 0 differs. Expected AA; Found ER
Value at index 1 differs. Expected AB; Found DT
Value at index 2 differs. Expected AC; Found DP
Value at index 3 differs. Expected AD; Found CM
Value at index 4 differs. Expected AE; Found CG
Value at index 5 differs. Expected AF; Found CC
Value at index 6 differs. Expected AG; Found BH
Value at index 7 differs. Expected AH; Found AI
Value at index 8 differs. Expected AI; Found AE
Value at index 9 differs. Expected AJ; Found AD
Value at index 10 differs. Expected AK; Found EA
Value at index 11 differs. Expected AL; Found CH
Value at index 12 differs. Expected AM; Found DI
Value at index 13 differs. Expected AN; Found DO
Value at index 14 differs. Expected AO; Found EU
Value at index 15 differs. Expected AP; Found DJ
Value at index 21 differs. Expected AV; Found BE
Value at index 24 differs. Expected AY; Found EM
Value at index 25 differs. Expected AZ; Found DN
Value at index 26 differs. Expected BA; Found CQ
Value at index 27 differs. Expected BB; Found CU
Value at index 28 differs. Expected BC; Found EC
Value at index 30 differs. Expected BE; Found AV
Value at index 31 differs. Expected BF; Found DV
Value at index 32 differs. Expected BG; Found EK
Value at index 33 differs. Expected BH; Found AG
Value at index 34 differs. Expected BI; Found BU
Value at index 36 differs. Expected BK; Found BM
Value at index 37 differs. Expected BL; Found EN
Value at index 38 differs. Expected BM; Found DH
Value at index 40 differs. Expected BO; Found FL
Value at index 41 differs. Expected BP; Found CI
Value at index 44 differs. Expected BS; Found BV
Value at index 45 differs. Expected BT; Found FD
Value at index 46 differs. Expected BU; Found BI
Value at index 47 differs. Expected BV; Found BA
Value at index 48 differs. Expected BW; Found CX
Value at index 50 differs. Expected BY; Found BT
Value at index 51 differs. Expected BZ; Found CK
Value at index 52 differs. Expected CA; Found EI
Value at index 54 differs. Expected CC; Found CO
Value at index 55 differs. Expected CD; Found DZ
Value at index 58 differs. Expected CG; Found AF
Value at index 59 differs. Expected CH; Found EB
Value at index 60 differs. Expected CI; Found AA
Value at index 61 differs. Expected CJ; Found EV
Value at index 62 differs. Expected CK; Found CY
Value at index 64 differs. Expected CM; Found CP
Value at index 65 differs. Expected CN; Found FP
Value at index 66 differs. Expected CO; Found AB
Value at index 67 differs. Expected CP; Found AH
Value at index 68 differs. Expected CQ; Found FN
Value at index 70 differs. Expected CS; Found FO
Value at index 71 differs. Expected CT; Found BY
Value at index 72 differs. Expected CU; Found EL
Value at index 73 differs. Expected CV; Found CT
Value at index 75 differs. Expected CX; Found BW
Value at index 76 differs. Expected CY; Found BL
Value at index 78 differs. Expected DA; Found EP
Value at index 79 differs. Expected DB; Found DW
Value at index 80 differs. Expected DC; Found DB
Value at index 82 differs. Expected DE; Found CS
Value at index 83 differs. Expected DF; Found BC
Value at index 85 differs. Expected DH; Found BK
Value at index 86 differs. Expected DI; Found DF
Value at index 87 differs. Expected DJ; Found AP
Value at index 88 differs. Expected DK; Found BF
Value at index 89 differs. Expected DL; Found DY
Value at index 90 differs. Expected DM; Found AY
Value at index 91 differs. Expected DN; Found AZ
Value at index 92 differs. Expected DO; Found DM
Value at index 93 differs. Expected DP; Found AJ
Value at index 94 differs. Expected DQ; Found FQ
Value at index 95 differs. Expected DR; Found FT
Value at index 97 differs. Expected DT; Found BP
Value at index 98 differs. Expected DU; Found FH
Value at index 99 differs. Expected DV; Found DK
Value at index 100 differs. Expected DW; Found EQ
Value at index 102 differs. Expected DY; Found BG
Value at index 103 differs. Expected DZ; Found CD
Value at index 104 differs. Expected EA; Found AK
Value at index 105 differs. Expected EB; Found AL
Value at index 106 differs. Expected EC; Found FF
Value at index 107 differs. Expected ED; Found DU
Value at index 108 differs. Expected EE; Found EF
Value at index 109 differs. Expected EF; Found CA
Value at index 111 differs. Expected EH; Found AO
Value at index 112 differs. Expected EI; Found AN
Value at index 114 differs. Expected EK; Found DL
Value at index 115 differs. Expected EL; Found ET
Value at index 116 differs. Expected EM; Found DR
Value at index 117 differs. Expected EN; Found BZ
Value at index 119 differs. Expected EP; Found FA
Value at index 120 differs. Expected EQ; Found DC
Value at index 121 differs. Expected ER; Found BS
Value at index 123 differs. Expected ET; Found EX
Value at index 124 differs. Expected EU; Found EH
Value at index 125 differs. Expected EV; Found CV
Value at index 127 differs. Expected EX; Found BB
Value at index 130 differs. Expected FA; Found DA
Value at index 133 differs. Expected FD; Found CJ
Value at index 135 differs. Expected FF; Found FM
Value at index 137 differs. Expected FH; Found ED
Value at index 141 differs. Expected FL; Found FS
Value at index 142 differs. Expected FM; Found AM
Value at index 143 differs. Expected FN; Found BO
Value at index 144 differs. Expected FO; Found DE
Value at index 145 differs. Expected FP; Found CN
Value at index 146 differs. Expected FQ; Found DQ
Value at index 148 differs. Expected FS; Found AC
Value at index 149 differs. Expected FT; Found EE

