Invalid read count. Expected: 194; Found: 1
Invalid write count. Expected: 32; Found: 0
Value at index 0 differs. Expected A; Found H
Value at index 1 differs. Expected B; Found A
Value at index 3 differs. Expected D; Found E
Value at index 4 differs. Expected E; Found D
Value at index 7 differs. Expected H; Found J
Value at index 9 differs. Expected J; Found B

Invalid read count. Expected: 51 398; Found: 1
Invalid write count. Expected: 8 486; Found: 0
Value at index 1 differs. Expected AB; Found DP
Value at index 2 differs. Expected AC; Found DT
Value at index 3 differs. Expected AD; Found BM
Value at index 4 differs. Expected AE; Found AP
Value at index 5 differs. Expected AF; Found CU
Value at index 6 differs. Expected AG; Found EZ
Value at index 9 differs. Expected AJ; Found AS
Value at index 10 differs. Expected AK; Found BR
Value at index 11 differs. Expected AL; Found DZ
Value at index 12 differs. Expected AM; Found AO
Value at index 14 differs. Expected AO; Found AD
Value at index 15 differs. Expected AP; Found AE
Value at index 17 differs. Expected AR; Found DV
Value at index 18 differs. Expected AS; Found BY
Value at index 19 differs. Expected AT; Found CN
Value at index 20 differs. Expected AU; Found DN
Value at index 21 differs. Expected AV; Found DA
Value at index 22 differs. Expected AW; Found ER
Value at index 23 differs. Expected AX; Found DU
Value at index 24 differs. Expected AY; Found FP
Value at index 26 differs. Expected BA; Found BQ
Value at index 28 differs. Expected BC; Found DM
Value at index 30 differs. Expected BE; Found AV
Value at index 31 differs. Expected BF; Found BA
Value at index 32 differs. Expected BG; Found AM
Value at index 34 differs. Expected BI; Found CT
Value at index 38 differs. Expected BM; Found AF
Value at index 39 differs. Expected BN; Found FG
Value at index 40 differs. Expected BO; Found BT
Value at index 41 differs. Expected BP; Found CB
Value at index 42 differs. Expected BQ; Found CI
Value at index 43 differs. Expected BR; Found DK
Value at index 44 differs. Expected BS; Found DQ
Value at index 45 differs. Expected BT; Found CX
Value at index 47 differs. Expected BV; Found DY
Value at index 48 differs. Expected BW; Found EO
Value at index 49 differs. Expected BX; Found CW
Value at index 50 differs. Expected BY; Found CC
Value at index 52 differs. Expected CA; Found DR
Value at index 53 differs. Expected CB; Found CL
Value at index 54 differs. Expected CC; Found EJ
Value at index 55 differs. Expected CD; Found CG
Value at index 56 differs. Expected CE; Found CA
Value at index 57 differs. Expected CF; Found FL
Value at index 58 differs. Expected CG; Found FT
Value at index 59 differs. Expected CH; Found BX
Value at index 60 differs. Expected CI; Found FD
Value at index 61 differs. Expected CJ; Found CK
Value at index 62 differs. Expected CK; Found AJ
Value at index 63 differs. Expected CL; Found BP
Value at index 64 differs. Expected CM; Found BF
Value at index 65 differs. Expected CN; Found EY
Value at index 67 differs. Expected CP; Found EG
Value at index 68 differs. Expected CQ; Found DH
Value at index 69 differs. Expected CR; Found BV
Value at index 71 differs. Expected CT; Found EV
Value at index 72 differs. Expected CU; Found EE
Value at index 74 differs. Expected CW; Found BG
Value at index 75 differs. Expected CX; Found BO
Value at index 76 differs. Expected CY; Found DS
Value at index 78 differs. Expected DA; Found BE
Value at index 80 differs. Expected DC; Found CR
Value at index 82 differs. Expected DE; Found ES
Value at index 83 differs. Expected DF; Found FE
Value at index 84 differs. Expected DG; Found DE
Value at index 85 differs. Expected DH; Found CE
Value at index 88 differs. Expected DK; Found FQ
Value at index 90 differs. Expected DM; Found FA
Value at index 91 differs. Expected DN; Found AU
Value at index 92 differs. Expected DO; Found FF
Value at index 93 differs. Expected DP; Found FN
Value at index 94 differs. Expected DQ; Found BS
Value at index 95 differs. Expected DR; Found AB
Value at index 96 differs. Expected DS; Found CJ
Value at index 97 differs. Expected DT; Found AC
Value at index 98 differs. Expected DU; Found EA
Value at index 99 differs. Expected DV; Found AR
Value at index 100 differs. Expected DW; Found AX
Value at index 101 differs. Expected DX; Found CH
Value at index 102 differs. Expected DY; Found EW
Value at index 103 differs. Expected DZ; Found BC
Value at index 104 differs. Expected EA; Found DW
Value at index 105 differs. Expected EB; Found EP
Value at index 108 differs. Expected EE; Found BI
Value at index 110 differs. Expected EG; Found AY
Value at index 113 differs. Expected EJ; Found CY
Value at index 114 differs. Expected EK; Found ET
Value at index 115 differs. Expected EL; Found AL
Value at index 116 differs. Expected EM; Found FM
Value at index 118 differs. Expected EO; Found DO
Value at index 119 differs. Expected EP; Found CM
Value at index 121 differs. Expected ER; Found AW
Value at index 122 differs. Expected ES; Found FO
Value at index 123 differs. Expected ET; Found EK
Value at index 124 differs. Expected EU; Found AT
Value at index 125 differs. Expected EV; Found BW
Value at index 126 differs. Expected EW; Found DC
Value at index 128 differs. Expected EY; Found EU
Value at index 129 differs. Expected EZ; Found CD
Value at index 130 differs. Expected FA; Found EL
Value at index 133 differs. Expected FD; Found EB
Value at index 134 differs. Expected FE; Found DF
Value at index 135 differs. Expected FF; Found EM
Value at index 136 differs. Expected FG; Found CP
Value at index 141 differs. Expected FL; Found CF
Value at index 142 differs. Expected FM; Found DX
Value at index 143 differs. Expected FN; Found CQ
Value at index 144 differs. Expected FO; Found DG
Value at index 145 differs. Expected FP; Found BN
Value at index 146 differs. Expected FQ; Found AK
Value at index 149 differs. Expected FT; Found AG

