Invalid read count. Expected: 164; Found: 116
Invalid write count. Expected: 38; Found: 26
Value at index 0 differs. Expected A; Found E
Value at index 2 differs. Expected C; Found A
Value at index 4 differs. Expected E; Found C

Invalid read count. Expected: 52 342; Found: 28 952
Invalid write count. Expected: 8 536; Found: 6 602
Value at index 0 differs. Expected AA; Found CC
Value at index 1 differs. Expected AB; Found AD
Value at index 2 differs. Expected AC; Found AE
Value at index 3 differs. Expected AD; Found BH
Value at index 4 differs. Expected AE; Found AI
Value at index 5 differs. Expected AF; Found CG
Value at index 6 differs. Expected AG; Found CH
Value at index 7 differs. Expected AH; Found CM
Value at index 8 differs. Expected AI; Found AQ
Value at index 9 differs. Expected AJ; Found AR
Value at index 10 differs. Expected AK; Found AS
Value at index 11 differs. Expected AL; Found AT
Value at index 12 differs. Expected AM; Found AU
Value at index 13 differs. Expected AN; Found AW
Value at index 14 differs. Expected AO; Found AX
Value at index 15 differs. Expected AP; Found AV
Value at index 16 differs. Expected AQ; Found AG
Value at index 17 differs. Expected AR; Found BD
Value at index 18 differs. Expected AS; Found BE
Value at index 19 differs. Expected AT; Found BJ
Value at index 20 differs. Expected AU; Found BM
Value at index 21 differs. Expected AV; Found BN
Value at index 22 differs. Expected AW; Found BQ
Value at index 23 differs. Expected AX; Found BA
Value at index 24 differs. Expected AY; Found BI
Value at index 25 differs. Expected AZ; Found BR
Value at index 26 differs. Expected BA; Found BT
Value at index 27 differs. Expected BB; Found BU
Value at index 28 differs. Expected BC; Found BV
Value at index 29 differs. Expected BD; Found AF
Value at index 30 differs. Expected BE; Found AA
Value at index 31 differs. Expected BF; Found BX
Value at index 32 differs. Expected BG; Found CB
Value at index 33 differs. Expected BH; Found AB
Value at index 34 differs. Expected BI; Found AH
Value at index 35 differs. Expected BJ; Found BY
Value at index 36 differs. Expected BK; Found CE
Value at index 37 differs. Expected BL; Found BW
Value at index 38 differs. Expected BM; Found BL
Value at index 39 differs. Expected BN; Found CF
Value at index 40 differs. Expected BO; Found CI
Value at index 41 differs. Expected BP; Found BC
Value at index 42 differs. Expected BQ; Found BK
Value at index 43 differs. Expected BR; Found AP
Value at index 44 differs. Expected BS; Found BF
Value at index 45 differs. Expected BT; Found AY
Value at index 46 differs. Expected BU; Found AJ
Value at index 47 differs. Expected BV; Found AZ
Value at index 48 differs. Expected BW; Found BP
Value at index 49 differs. Expected BX; Found CK
Value at index 50 differs. Expected BY; Found CL
Value at index 51 differs. Expected BZ; Found BG
Value at index 52 differs. Expected CA; Found AK
Value at index 53 differs. Expected CB; Found AL
Value at index 54 differs. Expected CC; Found CA
Value at index 55 differs. Expected CD; Found AO
Value at index 56 differs. Expected CE; Found AN
Value at index 57 differs. Expected CF; Found CD
Value at index 58 differs. Expected CG; Found BZ
Value at index 59 differs. Expected CH; Found CO
Value at index 60 differs. Expected CI; Found BS
Value at index 61 differs. Expected CJ; Found CP
Value at index 62 differs. Expected CK; Found CQ
Value at index 63 differs. Expected CL; Found BB
Value at index 64 differs. Expected CM; Found CR
Value at index 65 differs. Expected CN; Found CS
Value at index 66 differs. Expected CO; Found CJ
Value at index 67 differs. Expected CP; Found CT
Value at index 68 differs. Expected CQ; Found CU
Value at index 69 differs. Expected CR; Found CV
Value at index 70 differs. Expected CS; Found CW
Value at index 71 differs. Expected CT; Found AM
Value at index 72 differs. Expected CU; Found BO
Value at index 73 differs. Expected CV; Found CN
Value at index 74 differs. Expected CW; Found AC

