Invalid read count. Expected: 168; Found: 394
Invalid write count. Expected: 42; Found: 70
Value at index 0 differs. Expected A; Found I
Value at index 1 differs. Expected B; Found H
Value at index 7 differs. Expected H; Found B
Value at index 8 differs. Expected I; Found A

Invalid read count. Expected: 50 736; Found: 194 220
Invalid write count. Expected: 8 420; Found: 35 088
Value at index 2 differs. Expected AC; Found AD
Value at index 3 differs. Expected AD; Found AC
Value at index 4 differs. Expected AE; Found AP
Value at index 15 differs. Expected AP; Found AE
Value at index 16 differs. Expected AQ; Found FS
Value at index 21 differs. Expected AV; Found FT
Value at index 40 differs. Expected BO; Found FM
Value at index 42 differs. Expected BQ; Found FR
Value at index 142 differs. Expected FM; Found BO
Value at index 147 differs. Expected FR; Found BQ
Value at index 148 differs. Expected FS; Found AQ
Value at index 149 differs. Expected FT; Found AV

