Invalid read count. Expected: 47 594; Found: 186
Invalid write count. Expected: 8 258; Found: 42
Value at index 1 differs. Expected AB; Found AC
Value at index 2 differs. Expected AC; Found AJ
Value at index 3 differs. Expected AD; Found AU
Value at index 4 differs. Expected AE; Found BP
Value at index 5 differs. Expected AF; Found BT
Value at index 6 differs. Expected AG; Found CO
Value at index 7 differs. Expected AH; Found DB
Value at index 8 differs. Expected AI; Found EZ
Value at index 9 differs. Expected AJ; Found FH
Value at index 11 differs. Expected AL; Found CZ
Value at index 12 differs. Expected AM; Found BX
Value at index 13 differs. Expected AN; Found DE
Value at index 15 differs. Expected AP; Found FD
Value at index 16 differs. Expected AQ; Found DY
Value at index 17 differs. Expected AR; Found EY
Value at index 18 differs. Expected AS; Found AH
Value at index 19 differs. Expected AT; Found FE
Value at index 20 differs. Expected AU; Found BM
Value at index 22 differs. Expected AW; Found BC
Value at index 23 differs. Expected AX; Found BU
Value at index 26 differs. Expected BA; Found CB
Value at index 27 differs. Expected BB; Found CM
Value at index 28 differs. Expected BC; Found EL
Value at index 29 differs. Expected BD; Found AQ
Value at index 30 differs. Expected BE; Found BF
Value at index 31 differs. Expected BF; Found DX
Value at index 33 differs. Expected BH; Found FN
Value at index 37 differs. Expected BL; Found CT
Value at index 38 differs. Expected BM; Found AE
Value at index 41 differs. Expected BP; Found AI
Value at index 43 differs. Expected BR; Found AP
Value at index 45 differs. Expected BT; Found CU
Value at index 46 differs. Expected BU; Found EJ
Value at index 47 differs. Expected BV; Found DF
Value at index 48 differs. Expected BW; Found EC
Value at index 49 differs. Expected BX; Found EK
Value at index 51 differs. Expected BZ; Found CG
Value at index 53 differs. Expected CB; Found DP
Value at index 56 differs. Expected CE; Found CW
Value at index 58 differs. Expected CG; Found AL
Value at index 59 differs. Expected CH; Found EX
Value at index 61 differs. Expected CJ; Found FS
Value at index 62 differs. Expected CK; Found BA
Value at index 64 differs. Expected CM; Found DU
Value at index 65 differs. Expected CN; Found DW
Value at index 66 differs. Expected CO; Found EP
Value at index 68 differs. Expected CQ; Found EB
Value at index 69 differs. Expected CR; Found FL
Value at index 70 differs. Expected CS; Found CN
Value at index 71 differs. Expected CT; Found BL
Value at index 72 differs. Expected CU; Found EF
Value at index 73 differs. Expected CV; Found DM
Value at index 74 differs. Expected CW; Found AW
Value at index 77 differs. Expected CZ; Found BZ
Value at index 78 differs. Expected DA; Found AT
Value at index 79 differs. Expected DB; Found AF
Value at index 82 differs. Expected DE; Found AN
Value at index 83 differs. Expected DF; Found CH
Value at index 85 differs. Expected DH; Found FT
Value at index 87 differs. Expected DJ; Found EA
Value at index 88 differs. Expected DK; Found CE
Value at index 90 differs. Expected DM; Found CV
Value at index 91 differs. Expected DN; Found EI
Value at index 93 differs. Expected DP; Found BE
Value at index 97 differs. Expected DT; Found BW
Value at index 98 differs. Expected DU; Found BV
Value at index 99 differs. Expected DV; Found BH
Value at index 100 differs. Expected DW; Found ES
Value at index 101 differs. Expected DX; Found CK
Value at index 102 differs. Expected DY; Found BD
Value at index 104 differs. Expected EA; Found DJ
Value at index 105 differs. Expected EB; Found CQ
Value at index 106 differs. Expected EC; Found ET
Value at index 109 differs. Expected EF; Found AS
Value at index 110 differs. Expected EG; Found EO
Value at index 112 differs. Expected EI; Found FB
Value at index 113 differs. Expected EJ; Found FA
Value at index 114 differs. Expected EK; Found AM
Value at index 115 differs. Expected EL; Found FJ
Value at index 118 differs. Expected EO; Found DV
Value at index 119 differs. Expected EP; Found AD
Value at index 122 differs. Expected ES; Found FK
Value at index 123 differs. Expected ET; Found AR
Value at index 124 differs. Expected EU; Found FQ
Value at index 127 differs. Expected EX; Found AX
Value at index 128 differs. Expected EY; Found DT
Value at index 129 differs. Expected EZ; Found AB
Value at index 130 differs. Expected FA; Found BB
Value at index 131 differs. Expected FB; Found FM
Value at index 132 differs. Expected FC; Found FO
Value at index 133 differs. Expected FD; Found BR
Value at index 134 differs. Expected FE; Found DA
Value at index 137 differs. Expected FH; Found AG
Value at index 139 differs. Expected FJ; Found DK
Value at index 140 differs. Expected FK; Found CS
Value at index 141 differs. Expected FL; Found CR
Value at index 142 differs. Expected FM; Found DN
Value at index 143 differs. Expected FN; Found EG
Value at index 144 differs. Expected FO; Found FC
Value at index 146 differs. Expected FQ; Found EU
Value at index 148 differs. Expected FS; Found CJ
Value at index 149 differs. Expected FT; Found DH

