Invalid read count. Expected: 212; Found: 1
Invalid write count. Expected: 50; Found: 0
Value at index 0 differs. Expected A; Found G
Value at index 1 differs. Expected B; Found D
Value at index 2 differs. Expected C; Found F
Value at index 3 differs. Expected D; Found E
Value at index 4 differs. Expected E; Found J
Value at index 5 differs. Expected F; Found C
Value at index 6 differs. Expected G; Found A
Value at index 9 differs. Expected J; Found B

Invalid read count. Expected: 48 174; Found: 1
Invalid write count. Expected: 7 944; Found: 0
Value at index 0 differs. Expected AA; Found EI
Value at index 1 differs. Expected AB; Found DX
Value at index 2 differs. Expected AC; Found BV
Value at index 3 differs. Expected AD; Found BY
Value at index 5 differs. Expected AF; Found CT
Value at index 6 differs. Expected AG; Found BO
Value at index 7 differs. Expected AH; Found AO
Value at index 8 differs. Expected AI; Found CC
Value at index 11 differs. Expected AL; Found AN
Value at index 13 differs. Expected AN; Found AL
Value at index 14 differs. Expected AO; Found CH
Value at index 15 differs. Expected AP; Found CK
Value at index 17 differs. Expected AR; Found BG
Value at index 19 differs. Expected AT; Found CV
Value at index 20 differs. Expected AU; Found BZ
Value at index 21 differs. Expected AV; Found CM
Value at index 22 differs. Expected AW; Found EN
Value at index 23 differs. Expected AX; Found BQ
Value at index 26 differs. Expected BA; Found DP
Value at index 27 differs. Expected BB; Found DM
Value at index 28 differs. Expected BC; Found CF
Value at index 29 differs. Expected BD; Found EX
Value at index 30 differs. Expected BE; Found FQ
Value at index 31 differs. Expected BF; Found ET
Value at index 32 differs. Expected BG; Found AR
Value at index 33 differs. Expected BH; Found FK
Value at index 35 differs. Expected BJ; Found FF
Value at index 40 differs. Expected BO; Found AG
Value at index 42 differs. Expected BQ; Found AT
Value at index 44 differs. Expected BS; Found CX
Value at index 45 differs. Expected BT; Found BU
Value at index 46 differs. Expected BU; Found EJ
Value at index 47 differs. Expected BV; Found AC
Value at index 48 differs. Expected BW; Found FJ
Value at index 50 differs. Expected BY; Found AH
Value at index 51 differs. Expected BZ; Found AU
Value at index 52 differs. Expected CA; Found DD
Value at index 54 differs. Expected CC; Found AI
Value at index 56 differs. Expected CE; Found BA
Value at index 57 differs. Expected CF; Found DE
Value at index 58 differs. Expected CG; Found DW
Value at index 59 differs. Expected CH; Found EA
Value at index 60 differs. Expected CI; Found CQ
Value at index 61 differs. Expected CJ; Found ED
Value at index 62 differs. Expected CK; Found AP
Value at index 64 differs. Expected CM; Found EK
Value at index 65 differs. Expected CN; Found BS
Value at index 66 differs. Expected CO; Found EY
Value at index 68 differs. Expected CQ; Found CI
Value at index 69 differs. Expected CR; Found CY
Value at index 70 differs. Expected CS; Found FG
Value at index 71 differs. Expected CT; Found DG
Value at index 73 differs. Expected CV; Found AX
Value at index 75 differs. Expected CX; Found DZ
Value at index 76 differs. Expected CY; Found CR
Value at index 79 differs. Expected DB; Found EV
Value at index 80 differs. Expected DC; Found EQ
Value at index 81 differs. Expected DD; Found CA
Value at index 82 differs. Expected DE; Found DJ
Value at index 84 differs. Expected DG; Found AF
Value at index 85 differs. Expected DH; Found EC
Value at index 86 differs. Expected DI; Found BJ
Value at index 87 differs. Expected DJ; Found EW
Value at index 90 differs. Expected DM; Found BB
Value at index 92 differs. Expected DO; Found FE
Value at index 93 differs. Expected DP; Found FL
Value at index 99 differs. Expected DV; Found EM
Value at index 100 differs. Expected DW; Found EZ
Value at index 101 differs. Expected DX; Found AB
Value at index 102 differs. Expected DY; Found ES
Value at index 103 differs. Expected DZ; Found EF
Value at index 104 differs. Expected EA; Found FH
Value at index 106 differs. Expected EC; Found DH
Value at index 107 differs. Expected ED; Found CJ
Value at index 109 differs. Expected EF; Found BC
Value at index 111 differs. Expected EH; Found AV
Value at index 112 differs. Expected EI; Found AA
Value at index 113 differs. Expected EJ; Found BT
Value at index 114 differs. Expected EK; Found CG
Value at index 116 differs. Expected EM; Found DV
Value at index 117 differs. Expected EN; Found AW
Value at index 119 differs. Expected EP; Found BE
Value at index 120 differs. Expected EQ; Found CS
Value at index 122 differs. Expected ES; Found FM
Value at index 123 differs. Expected ET; Found BF
Value at index 125 differs. Expected EV; Found DB
Value at index 126 differs. Expected EW; Found FR
Value at index 127 differs. Expected EX; Found BD
Value at index 128 differs. Expected EY; Found CO
Value at index 129 differs. Expected EZ; Found EH
Value at index 131 differs. Expected FB; Found FT
Value at index 133 differs. Expected FD; Found CE
Value at index 134 differs. Expected FE; Found DO
Value at index 135 differs. Expected FF; Found DI
Value at index 136 differs. Expected FG; Found DC
Value at index 137 differs. Expected FH; Found AD
Value at index 139 differs. Expected FJ; Found DY
Value at index 140 differs. Expected FK; Found BH
Value at index 141 differs. Expected FL; Found FD
Value at index 142 differs. Expected FM; Found FN
Value at index 143 differs. Expected FN; Found FP
Value at index 145 differs. Expected FP; Found BW
Value at index 146 differs. Expected FQ; Found EP
Value at index 147 differs. Expected FR; Found CN
Value at index 149 differs. Expected FT; Found FB

