Invalid read count. Expected: 130; Found: 20
Invalid write count. Expected: 22; Found: 2
Value at index 0 differs. Expected A; Found B
Value at index 1 differs. Expected B; Found A
Value at index 2 differs. Expected C; Found F
Value at index 3 differs. Expected D; Found E
Value at index 4 differs. Expected E; Found G
Value at index 5 differs. Expected F; Found H
Value at index 6 differs. Expected G; Found I
Value at index 7 differs. Expected H; Found C
Value at index 8 differs. Expected I; Found D

Invalid read count. Expected: 51 758; Found: 300
Invalid write count. Expected: 8 846; Found: 2
Value at index 0 differs. Expected AA; Found FN
Value at index 1 differs. Expected AB; Found AA
Value at index 2 differs. Expected AC; Found DU
Value at index 3 differs. Expected AD; Found BZ
Value at index 5 differs. Expected AF; Found FP
Value at index 6 differs. Expected AG; Found EX
Value at index 7 differs. Expected AH; Found DG
Value at index 8 differs. Expected AI; Found DY
Value at index 9 differs. Expected AJ; Found AO
Value at index 10 differs. Expected AK; Found FB
Value at index 11 differs. Expected AL; Found DR
Value at index 13 differs. Expected AN; Found BW
Value at index 14 differs. Expected AO; Found AJ
Value at index 15 differs. Expected AP; Found CT
Value at index 17 differs. Expected AR; Found CK
Value at index 18 differs. Expected AS; Found AB
Value at index 20 differs. Expected AU; Found AR
Value at index 21 differs. Expected AV; Found EU
Value at index 23 differs. Expected AX; Found FL
Value at index 24 differs. Expected AY; Found ET
Value at index 26 differs. Expected BA; Found CP
Value at index 33 differs. Expected BH; Found DK
Value at index 35 differs. Expected BJ; Found FD
Value at index 39 differs. Expected BN; Found DX
Value at index 40 differs. Expected BO; Found ED
Value at index 41 differs. Expected BP; Found CZ
Value at index 43 differs. Expected BR; Found DA
Value at index 44 differs. Expected BS; Found CW
Value at index 45 differs. Expected BT; Found AS
Value at index 47 differs. Expected BV; Found BJ
Value at index 48 differs. Expected BW; Found FO
Value at index 49 differs. Expected BX; Found FK
Value at index 51 differs. Expected BZ; Found CH
Value at index 52 differs. Expected CA; Found DC
Value at index 56 differs. Expected CE; Found EE
Value at index 58 differs. Expected CG; Found AF
Value at index 59 differs. Expected CH; Found DB
Value at index 61 differs. Expected CJ; Found FE
Value at index 62 differs. Expected CK; Found AU
Value at index 63 differs. Expected CL; Found CO
Value at index 64 differs. Expected CM; Found EO
Value at index 65 differs. Expected CN; Found FM
Value at index 66 differs. Expected CO; Found CL
Value at index 67 differs. Expected CP; Found AD
Value at index 68 differs. Expected CQ; Found FR
Value at index 69 differs. Expected CR; Found CY
Value at index 70 differs. Expected CS; Found BH
Value at index 71 differs. Expected CT; Found CV
Value at index 72 differs. Expected CU; Found AG
Value at index 73 differs. Expected CV; Found AP
Value at index 74 differs. Expected CW; Found DO
Value at index 75 differs. Expected CX; Found AN
Value at index 76 differs. Expected CY; Found CR
Value at index 77 differs. Expected CZ; Found BP
Value at index 78 differs. Expected DA; Found FJ
Value at index 79 differs. Expected DB; Found EL
Value at index 80 differs. Expected DC; Found CA
Value at index 81 differs. Expected DD; Found AV
Value at index 82 differs. Expected DE; Found DS
Value at index 83 differs. Expected DF; Found DT
Value at index 84 differs. Expected DG; Found AH
Value at index 85 differs. Expected DH; Found EN
Value at index 86 differs. Expected DI; Found CJ
Value at index 88 differs. Expected DK; Found CS
Value at index 90 differs. Expected DM; Found BV
Value at index 91 differs. Expected DN; Found AX
Value at index 92 differs. Expected DO; Found ES
Value at index 93 differs. Expected DP; Found CE
Value at index 94 differs. Expected DQ; Found EF
Value at index 95 differs. Expected DR; Found EB
Value at index 96 differs. Expected DS; Found AI
Value at index 97 differs. Expected DT; Found AK
Value at index 98 differs. Expected DU; Found AC
Value at index 101 differs. Expected DX; Found BN
Value at index 102 differs. Expected DY; Found DH
Value at index 103 differs. Expected DZ; Found EP
Value at index 104 differs. Expected EA; Found DM
Value at index 105 differs. Expected EB; Found AL
Value at index 106 differs. Expected EC; Found DI
Value at index 107 differs. Expected ED; Found BO
Value at index 108 differs. Expected EE; Found EM
Value at index 109 differs. Expected EF; Found BS
Value at index 114 differs. Expected EK; Found EC
Value at index 115 differs. Expected EL; Found DE
Value at index 116 differs. Expected EM; Found DP
Value at index 117 differs. Expected EN; Found BA
Value at index 118 differs. Expected EO; Found CM
Value at index 119 differs. Expected EP; Found DZ
Value at index 120 differs. Expected EQ; Found FI
Value at index 121 differs. Expected ER; Found DF
Value at index 122 differs. Expected ES; Found DQ
Value at index 123 differs. Expected ET; Found AY
Value at index 124 differs. Expected EU; Found EV
Value at index 125 differs. Expected EV; Found EK
Value at index 127 differs. Expected EX; Found CN
Value at index 131 differs. Expected FB; Found ER
Value at index 133 differs. Expected FD; Found EA
Value at index 134 differs. Expected FE; Found DD
Value at index 136 differs. Expected FG; Found EQ
Value at index 138 differs. Expected FI; Found FG
Value at index 139 differs. Expected FJ; Found DN
Value at index 140 differs. Expected FK; Found BX
Value at index 141 differs. Expected FL; Found BR
Value at index 142 differs. Expected FM; Found CU
Value at index 143 differs. Expected FN; Found BT
Value at index 144 differs. Expected FO; Found CX
Value at index 145 differs. Expected FP; Found CG
Value at index 147 differs. Expected FR; Found CQ

