Invalid read count. Expected: 222; Found: 34
Invalid write count. Expected: 60; Found: 16
Value at index 0 differs. Expected A; Found F
Value at index 1 differs. Expected B; Found C
Value at index 2 differs. Expected C; Found I
Value at index 3 differs. Expected D; Found E
Value at index 4 differs. Expected E; Found G
Value at index 5 differs. Expected F; Found B
Value at index 6 differs. Expected G; Found H
Value at index 7 differs. Expected H; Found A
Value at index 8 differs. Expected I; Found D

Invalid read count. Expected: 49 790; Found: 30
Invalid write count. Expected: 8 070; Found: 12
Value at index 0 differs. Expected AA; Found AB
Value at index 1 differs. Expected AB; Found BA
Value at index 2 differs. Expected AC; Found BB
Value at index 3 differs. Expected AD; Found AE
Value at index 4 differs. Expected AE; Found AF
Value at index 5 differs. Expected AF; Found BG
Value at index 6 differs. Expected AG; Found EQ
Value at index 7 differs. Expected AH; Found EM
Value at index 8 differs. Expected AI; Found DA
Value at index 9 differs. Expected AJ; Found FS
Value at index 10 differs. Expected AK; Found EO
Value at index 11 differs. Expected AL; Found CN
Value at index 12 differs. Expected AM; Found FH
Value at index 14 differs. Expected AO; Found CX
Value at index 16 differs. Expected AQ; Found CB
Value at index 17 differs. Expected AR; Found DC
Value at index 19 differs. Expected AT; Found EG
Value at index 20 differs. Expected AU; Found CI
Value at index 21 differs. Expected AV; Found CJ
Value at index 23 differs. Expected AX; Found AA
Value at index 24 differs. Expected AY; Found AJ
Value at index 25 differs. Expected AZ; Found CW
Value at index 26 differs. Expected BA; Found CA
Value at index 27 differs. Expected BB; Found FF
Value at index 28 differs. Expected BC; Found AY
Value at index 31 differs. Expected BF; Found DI
Value at index 32 differs. Expected BG; Found AL
Value at index 35 differs. Expected BJ; Found BQ
Value at index 36 differs. Expected BK; Found DD
Value at index 37 differs. Expected BL; Found BT
Value at index 38 differs. Expected BM; Found CK
Value at index 39 differs. Expected BN; Found CP
Value at index 41 differs. Expected BP; Found CU
Value at index 42 differs. Expected BQ; Found FB
Value at index 45 differs. Expected BT; Found AU
Value at index 47 differs. Expected BV; Found DB
Value at index 49 differs. Expected BX; Found EL
Value at index 51 differs. Expected BZ; Found DX
Value at index 52 differs. Expected CA; Found AC
Value at index 53 differs. Expected CB; Found AQ
Value at index 55 differs. Expected CD; Found EC
Value at index 58 differs. Expected CG; Found EX
Value at index 59 differs. Expected CH; Found CS
Value at index 60 differs. Expected CI; Found DP
Value at index 61 differs. Expected CJ; Found BK
Value at index 62 differs. Expected CK; Found DU
Value at index 64 differs. Expected CM; Found FT
Value at index 65 differs. Expected CN; Found DM
Value at index 67 differs. Expected CP; Found BN
Value at index 68 differs. Expected CQ; Found BF
Value at index 70 differs. Expected CS; Found CH
Value at index 72 differs. Expected CU; Found BX
Value at index 73 differs. Expected CV; Found FL
Value at index 74 differs. Expected CW; Found EK
Value at index 75 differs. Expected CX; Found AM
Value at index 77 differs. Expected CZ; Found FC
Value at index 78 differs. Expected DA; Found BC
Value at index 79 differs. Expected DB; Found DF
Value at index 80 differs. Expected DC; Found FR
Value at index 81 differs. Expected DD; Found DZ
Value at index 82 differs. Expected DE; Found AD
Value at index 83 differs. Expected DF; Found CQ
Value at index 85 differs. Expected DH; Found DS
Value at index 86 differs. Expected DI; Found BV
Value at index 89 differs. Expected DL; Found AZ
Value at index 90 differs. Expected DM; Found DE
Value at index 92 differs. Expected DO; Found DH
Value at index 93 differs. Expected DP; Found BL
Value at index 95 differs. Expected DR; Found EJ
Value at index 96 differs. Expected DS; Found DO
Value at index 98 differs. Expected DU; Found FG
Value at index 101 differs. Expected DX; Found EB
Value at index 102 differs. Expected DY; Found BM
Value at index 103 differs. Expected DZ; Found AV
Value at index 105 differs. Expected EB; Found BZ
Value at index 106 differs. Expected EC; Found CM
Value at index 108 differs. Expected EE; Found CG
Value at index 109 differs. Expected EF; Found EP
Value at index 110 differs. Expected EG; Found AT
Value at index 113 differs. Expected EJ; Found DR
Value at index 114 differs. Expected EK; Found DL
Value at index 115 differs. Expected EL; Found AK
Value at index 116 differs. Expected EM; Found AI
Value at index 118 differs. Expected EO; Found BP
Value at index 119 differs. Expected EP; Found EF
Value at index 120 differs. Expected EQ; Found AG
Value at index 127 differs. Expected EX; Found EE
Value at index 131 differs. Expected FB; Found BJ
Value at index 132 differs. Expected FC; Found CZ
Value at index 135 differs. Expected FF; Found FQ
Value at index 136 differs. Expected FG; Found DY
Value at index 137 differs. Expected FH; Found AO
Value at index 139 differs. Expected FJ; Found FM
Value at index 141 differs. Expected FL; Found CV
Value at index 142 differs. Expected FM; Found AX
Value at index 146 differs. Expected FQ; Found AH
Value at index 147 differs. Expected FR; Found AR
Value at index 148 differs. Expected FS; Found FJ
Value at index 149 differs. Expected FT; Found CD

