Invalid read count. Expected: 130; Found: 27
Invalid write count. Expected: 22; Found: 18
Value at index 0 differs. Expected A; Found D
Value at index 1 differs. Expected B; Found C
Value at index 2 differs. Expected C; Found I
Value at index 3 differs. Expected D; Found F
Value at index 5 differs. Expected F; Found G
Value at index 6 differs. Expected G; Found A
Value at index 8 differs. Expected I; Found B

Invalid read count. Expected: 51 758; Found: 447
Invalid write count. Expected: 8 846; Found: 298
Value at index 0 differs. Expected AA; Found FS
Value at index 1 differs. Expected AB; Found CQ
Value at index 2 differs. Expected AC; Found FQ
Value at index 3 differs. Expected AD; Found CG
Value at index 4 differs. Expected AE; Found CX
Value at index 5 differs. Expected AF; Found AA
Value at index 6 differs. Expected AG; Found FP
Value at index 7 differs. Expected AH; Found BR
Value at index 8 differs. Expected AI; Found BX
Value at index 9 differs. Expected AJ; Found DN
Value at index 10 differs. Expected AK; Found FG
Value at index 11 differs. Expected AL; Found FH
Value at index 12 differs. Expected AM; Found EQ
Value at index 13 differs. Expected AN; Found FN
Value at index 14 differs. Expected AO; Found DD
Value at index 15 differs. Expected AP; Found EA
Value at index 16 differs. Expected AQ; Found FC
Value at index 17 differs. Expected AR; Found AJ
Value at index 18 differs. Expected AS; Found FA
Value at index 19 differs. Expected AT; Found AB
Value at index 20 differs. Expected AU; Found EY
Value at index 21 differs. Expected AV; Found CN
Value at index 22 differs. Expected AW; Found EW
Value at index 23 differs. Expected AX; Found EK
Value at index 24 differs. Expected AY; Found FL
Value at index 25 differs. Expected AZ; Found ET
Value at index 26 differs. Expected BA; Found DQ
Value at index 27 differs. Expected BB; Found DF
Value at index 28 differs. Expected BC; Found FI
Value at index 29 differs. Expected BD; Found DZ
Value at index 30 differs. Expected BE; Found CM
Value at index 31 differs. Expected BF; Found BA
Value at index 32 differs. Expected BG; Found DP
Value at index 33 differs. Expected BH; Found DE
Value at index 34 differs. Expected BI; Found EC
Value at index 35 differs. Expected BJ; Found EJ
Value at index 36 differs. Expected BK; Found FD
Value at index 37 differs. Expected BL; Found EH
Value at index 38 differs. Expected BM; Found EG
Value at index 39 differs. Expected BN; Found BS
Value at index 40 differs. Expected BO; Found EM
Value at index 41 differs. Expected BP; Found ED
Value at index 42 differs. Expected BQ; Found DI
Value at index 43 differs. Expected BR; Found AL
Value at index 44 differs. Expected BS; Found AR
Value at index 45 differs. Expected BT; Found EP
Value at index 46 differs. Expected BU; Found AS
Value at index 47 differs. Expected BV; Found BN
Value at index 48 differs. Expected BW; Found DW
Value at index 49 differs. Expected BX; Found BJ
Value at index 50 differs. Expected BY; Found FK
Value at index 51 differs. Expected BZ; Found AK
Value at index 52 differs. Expected CA; Found AI
Value at index 53 differs. Expected CB; Found EB
Value at index 54 differs. Expected CC; Found EF
Value at index 55 differs. Expected CD; Found CE
Value at index 56 differs. Expected CE; Found AC
Value at index 57 differs. Expected CF; Found AX
Value at index 58 differs. Expected CG; Found BV
Value at index 59 differs. Expected CH; Found DL
Value at index 60 differs. Expected CI; Found AF
Value at index 61 differs. Expected CJ; Found DJ
Value at index 62 differs. Expected CK; Found FE
Value at index 63 differs. Expected CL; Found EN
Value at index 64 differs. Expected CM; Found AH
Value at index 65 differs. Expected CN; Found EO
Value at index 66 differs. Expected CO; Found AU
Value at index 67 differs. Expected CP; Found AV
Value at index 68 differs. Expected CQ; Found CA
Value at index 69 differs. Expected CR; Found AD
Value at index 70 differs. Expected CS; Found FJ
Value at index 71 differs. Expected CT; Found BH
Value at index 72 differs. Expected CU; Found AG
Value at index 73 differs. Expected CV; Found AN
Value at index 74 differs. Expected CW; Found AP
Value at index 75 differs. Expected CX; Found DO
Value at index 76 differs. Expected CY; Found CR
Value at index 77 differs. Expected CZ; Found BP
Value at index 78 differs. Expected DA; Found CV
Value at index 79 differs. Expected DB; Found FR
Value at index 80 differs. Expected DC; Found EL
Value at index 81 differs. Expected DD; Found CY
Value at index 82 differs. Expected DE; Found FM
Value at index 83 differs. Expected DF; Found DS
Value at index 84 differs. Expected DG; Found DT
Value at index 85 differs. Expected DH; Found CL
Value at index 86 differs. Expected DI; Found CO
Value at index 87 differs. Expected DJ; Found CJ
Value at index 88 differs. Expected DK; Found CS
Value at index 89 differs. Expected DL; Found CI
Value at index 90 differs. Expected DM; Found DB
Value at index 91 differs. Expected DN; Found EE
Value at index 92 differs. Expected DO; Found ES
Value at index 93 differs. Expected DP; Found CF
Value at index 94 differs. Expected DQ; Found CD
Value at index 95 differs. Expected DR; Found CC
Value at index 96 differs. Expected DS; Found CB
Value at index 97 differs. Expected DT; Found DC
Value at index 98 differs. Expected DU; Found CH
Value at index 99 differs. Expected DV; Found FO
Value at index 100 differs. Expected DW; Found DV
Value at index 101 differs. Expected DX; Found BY
Value at index 102 differs. Expected DY; Found DH
Value at index 103 differs. Expected DZ; Found BU
Value at index 104 differs. Expected EA; Found DM
Value at index 105 differs. Expected EB; Found CW
Value at index 106 differs. Expected EC; Found DA
Value at index 107 differs. Expected ED; Found BQ
Value at index 108 differs. Expected EE; Found BO
Value at index 109 differs. Expected EF; Found CZ
Value at index 110 differs. Expected EG; Found DX
Value at index 111 differs. Expected EH; Found BM
Value at index 112 differs. Expected EI; Found BL
Value at index 113 differs. Expected EJ; Found EI
Value at index 114 differs. Expected EK; Found BK
Value at index 115 differs. Expected EL; Found BI
Value at index 116 differs. Expected EM; Found DK
Value at index 117 differs. Expected EN; Found BG
Value at index 118 differs. Expected EO; Found BF
Value at index 119 differs. Expected EP; Found BE
Value at index 120 differs. Expected EQ; Found BD
Value at index 121 differs. Expected ER; Found BC
Value at index 122 differs. Expected ES; Found BB
Value at index 123 differs. Expected ET; Found CP
Value at index 124 differs. Expected EU; Found AY
Value at index 126 differs. Expected EW; Found AZ
Value at index 127 differs. Expected EX; Found AW
Value at index 128 differs. Expected EY; Found EU
Value at index 130 differs. Expected FA; Found AT
Value at index 131 differs. Expected FB; Found ER
Value at index 132 differs. Expected FC; Found CK
Value at index 133 differs. Expected FD; Found AQ
Value at index 134 differs. Expected FE; Found CT
Value at index 136 differs. Expected FG; Found BW
Value at index 137 differs. Expected FH; Found AM
Value at index 138 differs. Expected FI; Found DR
Value at index 139 differs. Expected FJ; Found FB
Value at index 140 differs. Expected FK; Found AO
Value at index 141 differs. Expected FL; Found DY
Value at index 142 differs. Expected FM; Found DG
Value at index 143 differs. Expected FN; Found CU
Value at index 144 differs. Expected FO; Found EX
Value at index 145 differs. Expected FP; Found AE
Value at index 146 differs. Expected FQ; Found BZ
Value at index 147 differs. Expected FR; Found DU
Value at index 148 differs. Expected FS; Found BT

