Invalid read count. Expected: 130; Found: 1 340
Invalid write count. Expected: 22; Found: 10
Value at index 2 differs. Expected C; Found F
Value at index 3 differs. Expected D; Found E
Value at index 4 differs. Expected E; Found D
Value at index 5 differs. Expected F; Found C

Invalid read count. Expected: 51 758; Found: 4 540 552
Invalid write count. Expected: 8 846; Found: 20 376
Value at index 0 differs. Expected AA; Found DH
Value at index 1 differs. Expected AB; Found BC
Value at index 2 differs. Expected AC; Found BV
Value at index 3 differs. Expected AD; Found BG
Value at index 4 differs. Expected AE; Found AS
Value at index 5 differs. Expected AF; Found AJ
Value at index 6 differs. Expected AG; Found AE
Value at index 7 differs. Expected AH; Found BO
Value at index 8 differs. Expected AI; Found BB
Value at index 9 differs. Expected AJ; Found AP
Value at index 10 differs. Expected AK; Found AB
Value at index 11 differs. Expected AL; Found BN
Value at index 12 differs. Expected AM; Found AT
Value at index 13 differs. Expected AN; Found BF
Value at index 14 differs. Expected AO; Found AY
Value at index 15 differs. Expected AP; Found AO
Value at index 16 differs. Expected AQ; Found AC
Value at index 18 differs. Expected AS; Found AN
Value at index 19 differs. Expected AT; Found BI
Value at index 20 differs. Expected AU; Found AQ
Value at index 22 differs. Expected AW; Found AD
Value at index 24 differs. Expected AY; Found AF
Value at index 25 differs. Expected AZ; Found AW
Value at index 26 differs. Expected BA; Found AL
Value at index 27 differs. Expected BB; Found BA
Value at index 28 differs. Expected BC; Found AI
Value at index 29 differs. Expected BD; Found AH
Value at index 31 differs. Expected BF; Found BH
Value at index 32 differs. Expected BG; Found AM
Value at index 33 differs. Expected BH; Found AZ
Value at index 34 differs. Expected BI; Found BD
Value at index 36 differs. Expected BK; Found AG
Value at index 39 differs. Expected BN; Found BK
Value at index 40 differs. Expected BO; Found AU
Value at index 47 differs. Expected BV; Found AK
Value at index 62 differs. Expected CK; Found CU
Value at index 72 differs. Expected CU; Found CK
Value at index 78 differs. Expected DA; Found DD
Value at index 79 differs. Expected DB; Found DI
Value at index 81 differs. Expected DD; Found DA
Value at index 82 differs. Expected DE; Found DK
Value at index 85 differs. Expected DH; Found AA
Value at index 86 differs. Expected DI; Found DB
Value at index 88 differs. Expected DK; Found DE
Value at index 98 differs. Expected DU; Found EC
Value at index 106 differs. Expected EC; Found DU
Value at index 145 differs. Expected FP; Found FQ
Value at index 146 differs. Expected FQ; Found FP

