Invalid read count. Expected: 142; Found: 17
Invalid write count. Expected: 34; Found: 8
Value at index 0 differs. Expected A; Found C
Value at index 1 differs. Expected B; Found A
Value at index 2 differs. Expected C; Found B
Value at index 3 differs. Expected D; Found J
Value at index 4 differs. Expected E; Found D
Value at index 6 differs. Expected G; Found I
Value at index 7 differs. Expected H; Found G
Value at index 8 differs. Expected I; Found E
Value at index 9 differs. Expected J; Found H

Invalid read count. Expected: 48 326; Found: 257
Invalid write count. Expected: 8 692; Found: 108
Value at index 0 differs. Expected AA; Found BF
Value at index 1 differs. Expected AB; Found AA
Value at index 2 differs. Expected AC; Found AX
Value at index 3 differs. Expected AD; Found BQ
Value at index 5 differs. Expected AF; Found CS
Value at index 7 differs. Expected AH; Found EN
Value at index 8 differs. Expected AI; Found DN
Value at index 9 differs. Expected AJ; Found AT
Value at index 10 differs. Expected AK; Found AY
Value at index 11 differs. Expected AL; Found AI
Value at index 12 differs. Expected AM; Found AL
Value at index 13 differs. Expected AN; Found CR
Value at index 14 differs. Expected AO; Found DB
Value at index 15 differs. Expected AP; Found BH
Value at index 16 differs. Expected AQ; Found CJ
Value at index 17 differs. Expected AR; Found BL
Value at index 18 differs. Expected AS; Found FC
Value at index 19 differs. Expected AT; Found DZ
Value at index 20 differs. Expected AU; Found FQ
Value at index 21 differs. Expected AV; Found DT
Value at index 22 differs. Expected AW; Found AC
Value at index 23 differs. Expected AX; Found AW
Value at index 24 differs. Expected AY; Found BG
Value at index 25 differs. Expected AZ; Found DS
Value at index 26 differs. Expected BA; Found FL
Value at index 29 differs. Expected BD; Found EF
Value at index 30 differs. Expected BE; Found AB
Value at index 31 differs. Expected BF; Found AK
Value at index 32 differs. Expected BG; Found AP
Value at index 33 differs. Expected BH; Found BW
Value at index 34 differs. Expected BI; Found AQ
Value at index 35 differs. Expected BJ; Found FH
Value at index 36 differs. Expected BK; Found FT
Value at index 37 differs. Expected BL; Found EI
Value at index 38 differs. Expected BM; Found DR
Value at index 39 differs. Expected BN; Found BE
Value at index 40 differs. Expected BO; Found FF
Value at index 41 differs. Expected BP; Found EZ
Value at index 42 differs. Expected BQ; Found DL
Value at index 43 differs. Expected BR; Found CW
Value at index 44 differs. Expected BS; Found DW
Value at index 45 differs. Expected BT; Found DH
Value at index 46 differs. Expected BU; Found CO
Value at index 47 differs. Expected BV; Found BO
Value at index 48 differs. Expected BW; Found BV
Value at index 49 differs. Expected BX; Found DO
Value at index 50 differs. Expected BY; Found FN
Value at index 51 differs. Expected BZ; Found AZ
Value at index 52 differs. Expected CA; Found CF
Value at index 53 differs. Expected CB; Found CV
Value at index 54 differs. Expected CC; Found EX
Value at index 55 differs. Expected CD; Found BT
Value at index 56 differs. Expected CE; Found CD
Value at index 57 differs. Expected CF; Found EC
Value at index 59 differs. Expected CH; Found DM
Value at index 60 differs. Expected CI; Found BJ
Value at index 61 differs. Expected CJ; Found CI
Value at index 63 differs. Expected CL; Found BA
Value at index 64 differs. Expected CM; Found CL
Value at index 65 differs. Expected CN; Found CE
Value at index 66 differs. Expected CO; Found CN
Value at index 68 differs. Expected CQ; Found AN
Value at index 69 differs. Expected CR; Found CQ
Value at index 70 differs. Expected CS; Found DV
Value at index 73 differs. Expected CV; Found BK
Value at index 74 differs. Expected CW; Found AR
Value at index 75 differs. Expected CX; Found BD
Value at index 76 differs. Expected CY; Found EG
Value at index 77 differs. Expected CZ; Found EQ
Value at index 78 differs. Expected DA; Found AO
Value at index 79 differs. Expected DB; Found DA
Value at index 80 differs. Expected DC; Found DP
Value at index 81 differs. Expected DD; Found FR
Value at index 84 differs. Expected DG; Found BU
Value at index 85 differs. Expected DH; Found DG
Value at index 86 differs. Expected DI; Found BN
Value at index 87 differs. Expected DJ; Found DI
Value at index 89 differs. Expected DL; Found AF
Value at index 90 differs. Expected DM; Found AM
Value at index 91 differs. Expected DN; Found BX
Value at index 92 differs. Expected DO; Found EH
Value at index 93 differs. Expected DP; Found BR
Value at index 94 differs. Expected DQ; Found BM
Value at index 95 differs. Expected DR; Found CA
Value at index 96 differs. Expected DS; Found AV
Value at index 97 differs. Expected DT; Found AD
Value at index 98 differs. Expected DU; Found BP
Value at index 99 differs. Expected DV; Found BS
Value at index 100 differs. Expected DW; Found ET
Value at index 101 differs. Expected DX; Found EW
Value at index 102 differs. Expected DY; Found EV
Value at index 103 differs. Expected DZ; Found AS
Value at index 104 differs. Expected EA; Found FI
Value at index 106 differs. Expected EC; Found EY
Value at index 107 differs. Expected ED; Found FD
Value at index 108 differs. Expected EE; Found CM
Value at index 109 differs. Expected EF; Found EE
Value at index 110 differs. Expected EG; Found DY
Value at index 111 differs. Expected EH; Found CX
Value at index 112 differs. Expected EI; Found FB
Value at index 113 differs. Expected EJ; Found EU
Value at index 116 differs. Expected EM; Found AH
Value at index 117 differs. Expected EN; Found EM
Value at index 119 differs. Expected EP; Found CZ
Value at index 120 differs. Expected EQ; Found EP
Value at index 122 differs. Expected ES; Found DC
Value at index 123 differs. Expected ET; Found EJ
Value at index 124 differs. Expected EU; Found DU
Value at index 125 differs. Expected EV; Found ES
Value at index 126 differs. Expected EW; Found FE
Value at index 127 differs. Expected EX; Found CC
Value at index 128 differs. Expected EY; Found CH
Value at index 129 differs. Expected EZ; Found FK
Value at index 131 differs. Expected FB; Found CB
Value at index 132 differs. Expected FC; Found BY
Value at index 133 differs. Expected FD; Found BZ
Value at index 134 differs. Expected FE; Found DJ
Value at index 135 differs. Expected FF; Found FP
Value at index 136 differs. Expected FG; Found BI
Value at index 137 differs. Expected FH; Found CY
Value at index 138 differs. Expected FI; Found FG
Value at index 139 differs. Expected FJ; Found DX
Value at index 140 differs. Expected FK; Found AJ
Value at index 141 differs. Expected FL; Found FJ
Value at index 142 differs. Expected FM; Found AU
Value at index 143 differs. Expected FN; Found EA
Value at index 144 differs. Expected FO; Found FM
Value at index 145 differs. Expected FP; Found ED
Value at index 146 differs. Expected FQ; Found DQ
Value at index 147 differs. Expected FR; Found FO
Value at index 148 differs. Expected FS; Found DD
Value at index 149 differs. Expected FT; Found FS

