Invalid read count. Expected: 142; Found: 6
Invalid write count. Expected: 34; Found: 2
Value at index 0 differs. Expected A; Found C
Value at index 1 differs. Expected B; Found A
Value at index 2 differs. Expected C; Found B
Value at index 3 differs. Expected D; Found J
Value at index 4 differs. Expected E; Found F
Value at index 5 differs. Expected F; Found D
Value at index 6 differs. Expected G; Found I
Value at index 8 differs. Expected I; Found G
Value at index 9 differs. Expected J; Found E

Invalid read count. Expected: 48 326; Found: 4
Invalid write count. Expected: 8 692; Found: 0
Value at index 0 differs. Expected AA; Found BF
Value at index 1 differs. Expected AB; Found AA
Value at index 2 differs. Expected AC; Found AX
Value at index 3 differs. Expected AD; Found BQ
Value at index 5 differs. Expected AF; Found CS
Value at index 7 differs. Expected AH; Found EN
Value at index 8 differs. Expected AI; Found DN
Value at index 9 differs. Expected AJ; Found AT
Value at index 10 differs. Expected AK; Found AY
Value at index 12 differs. Expected AM; Found AI
Value at index 13 differs. Expected AN; Found CR
Value at index 14 differs. Expected AO; Found DB
Value at index 15 differs. Expected AP; Found BH
Value at index 16 differs. Expected AQ; Found CJ
Value at index 17 differs. Expected AR; Found BL
Value at index 18 differs. Expected AS; Found FC
Value at index 19 differs. Expected AT; Found DZ
Value at index 20 differs. Expected AU; Found FQ
Value at index 21 differs. Expected AV; Found DT
Value at index 23 differs. Expected AX; Found AC
Value at index 24 differs. Expected AY; Found BG
Value at index 25 differs. Expected AZ; Found DS
Value at index 26 differs. Expected BA; Found FL
Value at index 29 differs. Expected BD; Found EF
Value at index 30 differs. Expected BE; Found BW
Value at index 31 differs. Expected BF; Found AB
Value at index 32 differs. Expected BG; Found AK
Value at index 33 differs. Expected BH; Found AP
Value at index 34 differs. Expected BI; Found FH
Value at index 35 differs. Expected BJ; Found AQ
Value at index 36 differs. Expected BK; Found FT
Value at index 37 differs. Expected BL; Found EI
Value at index 38 differs. Expected BM; Found DR
Value at index 39 differs. Expected BN; Found FF
Value at index 40 differs. Expected BO; Found BE
Value at index 41 differs. Expected BP; Found EZ
Value at index 42 differs. Expected BQ; Found DL
Value at index 43 differs. Expected BR; Found CW
Value at index 44 differs. Expected BS; Found DW
Value at index 45 differs. Expected BT; Found DH
Value at index 46 differs. Expected BU; Found CO
Value at index 48 differs. Expected BW; Found BO
Value at index 49 differs. Expected BX; Found DO
Value at index 50 differs. Expected BY; Found FN
Value at index 51 differs. Expected BZ; Found CF
Value at index 52 differs. Expected CA; Found AZ
Value at index 53 differs. Expected CB; Found CV
Value at index 54 differs. Expected CC; Found EX
Value at index 56 differs. Expected CE; Found BT
Value at index 57 differs. Expected CF; Found EC
Value at index 59 differs. Expected CH; Found DM
Value at index 61 differs. Expected CJ; Found BJ
Value at index 64 differs. Expected CM; Found BA
Value at index 66 differs. Expected CO; Found CE
Value at index 69 differs. Expected CR; Found AN
Value at index 70 differs. Expected CS; Found DV
Value at index 73 differs. Expected CV; Found EG
Value at index 74 differs. Expected CW; Found BK
Value at index 75 differs. Expected CX; Found AR
Value at index 76 differs. Expected CY; Found BD
Value at index 77 differs. Expected CZ; Found EQ
Value at index 79 differs. Expected DB; Found AO
Value at index 80 differs. Expected DC; Found DP
Value at index 81 differs. Expected DD; Found FR
Value at index 85 differs. Expected DH; Found BU
Value at index 87 differs. Expected DJ; Found BN
Value at index 89 differs. Expected DL; Found EH
Value at index 90 differs. Expected DM; Found AF
Value at index 91 differs. Expected DN; Found AM
Value at index 92 differs. Expected DO; Found BX
Value at index 93 differs. Expected DP; Found ET
Value at index 94 differs. Expected DQ; Found BR
Value at index 95 differs. Expected DR; Found BM
Value at index 96 differs. Expected DS; Found CA
Value at index 97 differs. Expected DT; Found AV
Value at index 98 differs. Expected DU; Found AD
Value at index 99 differs. Expected DV; Found BP
Value at index 100 differs. Expected DW; Found BS
Value at index 101 differs. Expected DX; Found EW
Value at index 102 differs. Expected DY; Found EV
Value at index 103 differs. Expected DZ; Found FI
Value at index 104 differs. Expected EA; Found AS
Value at index 106 differs. Expected EC; Found EY
Value at index 107 differs. Expected ED; Found FD
Value at index 109 differs. Expected EF; Found CM
Value at index 110 differs. Expected EG; Found FB
Value at index 111 differs. Expected EH; Found DY
Value at index 112 differs. Expected EI; Found CX
Value at index 113 differs. Expected EJ; Found EU
Value at index 117 differs. Expected EN; Found AH
Value at index 120 differs. Expected EQ; Found CZ
Value at index 123 differs. Expected ET; Found DC
Value at index 124 differs. Expected EU; Found EJ
Value at index 125 differs. Expected EV; Found DU
Value at index 126 differs. Expected EW; Found FE
Value at index 127 differs. Expected EX; Found FK
Value at index 128 differs. Expected EY; Found CC
Value at index 129 differs. Expected EZ; Found CH
Value at index 131 differs. Expected FB; Found FP
Value at index 132 differs. Expected FC; Found CB
Value at index 133 differs. Expected FD; Found BY
Value at index 134 differs. Expected FE; Found BZ
Value at index 135 differs. Expected FF; Found DJ
Value at index 137 differs. Expected FH; Found BI
Value at index 138 differs. Expected FI; Found CY
Value at index 140 differs. Expected FK; Found DX
Value at index 141 differs. Expected FL; Found AJ
Value at index 143 differs. Expected FN; Found AU
Value at index 144 differs. Expected FO; Found EA
Value at index 145 differs. Expected FP; Found FO
Value at index 146 differs. Expected FQ; Found ED
Value at index 147 differs. Expected FR; Found DQ
Value at index 149 differs. Expected FT; Found DD

