Invalid read count. Expected: 112; Found: 52
Invalid write count. Expected: 22; Found: 16
Value at index 3 differs. Expected D; Found E
Value at index 4 differs. Expected E; Found G
Value at index 5 differs. Expected F; Found D
Value at index 6 differs. Expected G; Found F

Invalid read count. Expected: 52 052; Found: 4 450
Invalid write count. Expected: 7 948; Found: 2 066
Value at index 0 differs. Expected AA; Found AE
Value at index 1 differs. Expected AB; Found AF
Value at index 2 differs. Expected AC; Found AG
Value at index 3 differs. Expected AD; Found AH
Value at index 4 differs. Expected AE; Found AI
Value at index 5 differs. Expected AF; Found AJ
Value at index 6 differs. Expected AG; Found BI
Value at index 7 differs. Expected AH; Found AW
Value at index 8 differs. Expected AI; Found AQ
Value at index 9 differs. Expected AJ; Found BP
Value at index 10 differs. Expected AK; Found BS
Value at index 11 differs. Expected AL; Found AT
Value at index 12 differs. Expected AM; Found AR
Value at index 13 differs. Expected AN; Found BT
Value at index 14 differs. Expected AO; Found BH
Value at index 15 differs. Expected AP; Found CE
Value at index 16 differs. Expected AQ; Found CG
Value at index 17 differs. Expected AR; Found AZ
Value at index 18 differs. Expected AS; Found BA
Value at index 19 differs. Expected AT; Found BB
Value at index 20 differs. Expected AU; Found BC
Value at index 21 differs. Expected AV; Found CP
Value at index 22 differs. Expected AW; Found CC
Value at index 23 differs. Expected AX; Found DH
Value at index 24 differs. Expected AY; Found BG
Value at index 25 differs. Expected AZ; Found CJ
Value at index 26 differs. Expected BA; Found CM
Value at index 27 differs. Expected BB; Found BW
Value at index 28 differs. Expected BC; Found BK
Value at index 29 differs. Expected BD; Found DW
Value at index 30 differs. Expected BE; Found CR
Value at index 31 differs. Expected BF; Found CL
Value at index 32 differs. Expected BG; Found DM
Value at index 33 differs. Expected BH; Found BQ
Value at index 34 differs. Expected BI; Found CO
Value at index 35 differs. Expected BJ; Found BV
Value at index 36 differs. Expected BK; Found AS
Value at index 37 differs. Expected BL; Found ED
Value at index 38 differs. Expected BM; Found BU
Value at index 39 differs. Expected BN; Found EO
Value at index 40 differs. Expected BO; Found BJ
Value at index 41 differs. Expected BP; Found BX
Value at index 42 differs. Expected BQ; Found EM
Value at index 43 differs. Expected BR; Found DP
Value at index 44 differs. Expected BS; Found CA
Value at index 45 differs. Expected BT; Found EV
Value at index 46 differs. Expected BU; Found AO
Value at index 47 differs. Expected BV; Found DK
Value at index 48 differs. Expected BW; Found EH
Value at index 49 differs. Expected BX; Found CF
Value at index 50 differs. Expected BY; Found BO
Value at index 51 differs. Expected BZ; Found DY
Value at index 52 differs. Expected CA; Found CI
Value at index 53 differs. Expected CB; Found AP
Value at index 54 differs. Expected CC; Found DN
Value at index 55 differs. Expected CD; Found CN
Value at index 56 differs. Expected CE; Found AL
Value at index 57 differs. Expected CF; Found DX
Value at index 58 differs. Expected CG; Found AK
Value at index 59 differs. Expected CH; Found DB
Value at index 60 differs. Expected CI; Found CQ
Value at index 61 differs. Expected CJ; Found BM
Value at index 62 differs. Expected CK; Found BN
Value at index 63 differs. Expected CL; Found CT
Value at index 64 differs. Expected CM; Found BE
Value at index 65 differs. Expected CN; Found CV
Value at index 66 differs. Expected CO; Found CW
Value at index 67 differs. Expected CP; Found CX
Value at index 68 differs. Expected CQ; Found CY
Value at index 69 differs. Expected CR; Found CZ
Value at index 70 differs. Expected CS; Found DA
Value at index 71 differs. Expected CT; Found AN
Value at index 72 differs. Expected CU; Found DC
Value at index 73 differs. Expected CV; Found DD
Value at index 74 differs. Expected CW; Found EW
Value at index 75 differs. Expected CX; Found DJ
Value at index 76 differs. Expected CY; Found DG
Value at index 77 differs. Expected CZ; Found AC
Value at index 78 differs. Expected DA; Found DI
Value at index 79 differs. Expected DB; Found EK
Value at index 80 differs. Expected DC; Found CD
Value at index 81 differs. Expected DD; Found DL
Value at index 82 differs. Expected DE; Found AV
Value at index 83 differs. Expected DF; Found EE
Value at index 84 differs. Expected DG; Found DO
Value at index 85 differs. Expected DH; Found BZ
Value at index 86 differs. Expected DI; Found DQ
Value at index 87 differs. Expected DJ; Found DS
Value at index 88 differs. Expected DK; Found DR
Value at index 89 differs. Expected DL; Found DT
Value at index 90 differs. Expected DM; Found DU
Value at index 91 differs. Expected DN; Found DV
Value at index 92 differs. Expected DO; Found AM
Value at index 93 differs. Expected DP; Found CU
Value at index 94 differs. Expected DQ; Found EZ
Value at index 95 differs. Expected DR; Found DZ
Value at index 96 differs. Expected DS; Found EG
Value at index 97 differs. Expected DT; Found EB
Value at index 98 differs. Expected DU; Found AX
Value at index 99 differs. Expected DV; Found BL
Value at index 100 differs. Expected DW; Found CK
Value at index 101 differs. Expected DX; Found EF
Value at index 102 differs. Expected DY; Found EA
Value at index 103 differs. Expected DZ; Found FA
Value at index 104 differs. Expected EA; Found EI
Value at index 105 differs. Expected EB; Found EJ
Value at index 106 differs. Expected EC; Found DF
Value at index 107 differs. Expected ED; Found EL
Value at index 108 differs. Expected EE; Found EN
Value at index 109 differs. Expected EF; Found BY
Value at index 110 differs. Expected EG; Found EC
Value at index 111 differs. Expected EH; Found FB
Value at index 112 differs. Expected EI; Found EQ
Value at index 113 differs. Expected EJ; Found ER
Value at index 114 differs. Expected EK; Found AA
Value at index 115 differs. Expected EL; Found FC
Value at index 116 differs. Expected EM; Found EU
Value at index 117 differs. Expected EN; Found ES
Value at index 118 differs. Expected EO; Found BD
Value at index 119 differs. Expected EP; Found EX
Value at index 120 differs. Expected EQ; Found EY
Value at index 121 differs. Expected ER; Found DE
Value at index 122 differs. Expected ES; Found CS
Value at index 123 differs. Expected ET; Found CH
Value at index 124 differs. Expected EU; Found AD
Value at index 125 differs. Expected EV; Found BF
Value at index 126 differs. Expected EW; Found FD
Value at index 127 differs. Expected EX; Found FE
Value at index 128 differs. Expected EY; Found FF
Value at index 129 differs. Expected EZ; Found FG
Value at index 130 differs. Expected FA; Found EP
Value at index 131 differs. Expected FB; Found FH
Value at index 132 differs. Expected FC; Found AY
Value at index 133 differs. Expected FD; Found AU
Value at index 134 differs. Expected FE; Found CB
Value at index 135 differs. Expected FF; Found FI
Value at index 136 differs. Expected FG; Found FJ
Value at index 137 differs. Expected FH; Found FK
Value at index 138 differs. Expected FI; Found FL
Value at index 139 differs. Expected FJ; Found ET
Value at index 140 differs. Expected FK; Found AB
Value at index 141 differs. Expected FL; Found BR

