Invalid read count. Expected: 134; Found: 0
Invalid write count. Expected: 26; Found: 0
Value at index 0 differs. Expected A; Found F
Value at index 3 differs. Expected D; Found A
Value at index 4 differs. Expected E; Found D
Value at index 5 differs. Expected F; Found G
Value at index 6 differs. Expected G; Found J
Value at index 9 differs. Expected J; Found E

Invalid read count. Expected: 46 448; Found: 0
Invalid write count. Expected: 9 496; Found: 0
Value at index 5 differs. Expected AF; Found DR
Value at index 7 differs. Expected AH; Found EB
Value at index 8 differs. Expected AI; Found DU
Value at index 9 differs. Expected AJ; Found EI
Value at index 10 differs. Expected AK; Found CF
Value at index 12 differs. Expected AM; Found DG
Value at index 13 differs. Expected AN; Found FQ
Value at index 14 differs. Expected AO; Found DV
Value at index 15 differs. Expected AP; Found FK
Value at index 17 differs. Expected AR; Found BR
Value at index 18 differs. Expected AS; Found EX
Value at index 19 differs. Expected AT; Found DY
Value at index 20 differs. Expected AU; Found BA
Value at index 23 differs. Expected AX; Found EJ
Value at index 24 differs. Expected AY; Found FR
Value at index 25 differs. Expected AZ; Found CB
Value at index 26 differs. Expected BA; Found BL
Value at index 27 differs. Expected BB; Found CO
Value at index 28 differs. Expected BC; Found FG
Value at index 30 differs. Expected BE; Found DP
Value at index 31 differs. Expected BF; Found BS
Value at index 34 differs. Expected BI; Found BZ
Value at index 36 differs. Expected BK; Found AR
Value at index 37 differs. Expected BL; Found CE
Value at index 39 differs. Expected BN; Found CV
Value at index 40 differs. Expected BO; Found FF
Value at index 42 differs. Expected BQ; Found CT
Value at index 43 differs. Expected BR; Found FH
Value at index 44 differs. Expected BS; Found FA
Value at index 45 differs. Expected BT; Found ES
Value at index 47 differs. Expected BV; Found FT
Value at index 49 differs. Expected BX; Found FP
Value at index 50 differs. Expected BY; Found DF
Value at index 51 differs. Expected BZ; Found BI
Value at index 52 differs. Expected CA; Found AJ
Value at index 53 differs. Expected CB; Found AN
Value at index 55 differs. Expected CD; Found EE
Value at index 56 differs. Expected CE; Found CK
Value at index 57 differs. Expected CF; Found DZ
Value at index 58 differs. Expected CG; Found DX
Value at index 60 differs. Expected CI; Found AO
Value at index 62 differs. Expected CK; Found EZ
Value at index 63 differs. Expected CL; Found DM
Value at index 65 differs. Expected CN; Found EO
Value at index 66 differs. Expected CO; Found BB
Value at index 69 differs. Expected CR; Found AP
Value at index 71 differs. Expected CT; Found BQ
Value at index 72 differs. Expected CU; Found DN
Value at index 73 differs. Expected CV; Found BN
Value at index 74 differs. Expected CW; Found EQ
Value at index 75 differs. Expected CX; Found CD
Value at index 77 differs. Expected CZ; Found DL
Value at index 78 differs. Expected DA; Found CZ
Value at index 79 differs. Expected DB; Found EU
Value at index 80 differs. Expected DC; Found DS
Value at index 81 differs. Expected DD; Found DA
Value at index 83 differs. Expected DF; Found EL
Value at index 84 differs. Expected DG; Found AM
Value at index 85 differs. Expected DH; Found FS
Value at index 89 differs. Expected DL; Found DD
Value at index 90 differs. Expected DM; Found CL
Value at index 91 differs. Expected DN; Found CU
Value at index 93 differs. Expected DP; Found FB
Value at index 94 differs. Expected DQ; Found EF
Value at index 95 differs. Expected DR; Found AF
Value at index 96 differs. Expected DS; Found DC
Value at index 98 differs. Expected DU; Found AI
Value at index 99 differs. Expected DV; Found CI
Value at index 101 differs. Expected DX; Found CG
Value at index 102 differs. Expected DY; Found EV
Value at index 103 differs. Expected DZ; Found AK
Value at index 104 differs. Expected EA; Found EP
Value at index 105 differs. Expected EB; Found AH
Value at index 107 differs. Expected ED; Found CX
Value at index 108 differs. Expected EE; Found AU
Value at index 109 differs. Expected EF; Found DQ
Value at index 110 differs. Expected EG; Found BT
Value at index 111 differs. Expected EH; Found CA
Value at index 112 differs. Expected EI; Found AT
Value at index 113 differs. Expected EJ; Found AX
Value at index 115 differs. Expected EL; Found FL
Value at index 118 differs. Expected EO; Found CN
Value at index 119 differs. Expected EP; Found EA
Value at index 120 differs. Expected EQ; Found CW
Value at index 122 differs. Expected ES; Found BY
Value at index 124 differs. Expected EU; Found FD
Value at index 125 differs. Expected EV; Found BK
Value at index 127 differs. Expected EX; Found ED
Value at index 129 differs. Expected EZ; Found BO
Value at index 130 differs. Expected FA; Found DH
Value at index 131 differs. Expected FB; Found BE
Value at index 133 differs. Expected FD; Found DB
Value at index 135 differs. Expected FF; Found AS
Value at index 136 differs. Expected FG; Found BC
Value at index 137 differs. Expected FH; Found EG
Value at index 138 differs. Expected FI; Found EH
Value at index 140 differs. Expected FK; Found CR
Value at index 141 differs. Expected FL; Found FI
Value at index 145 differs. Expected FP; Found BX
Value at index 146 differs. Expected FQ; Found AZ
Value at index 147 differs. Expected FR; Found AY
Value at index 148 differs. Expected FS; Found BF
Value at index 149 differs. Expected FT; Found BV

