Invalid read count. Expected: 156; Found: 13
Invalid write count. Expected: 30; Found: 4
Value at index 0 differs. Expected A; Found D
Value at index 2 differs. Expected C; Found G
Value at index 3 differs. Expected D; Found A
Value at index 4 differs. Expected E; Found F
Value at index 5 differs. Expected F; Found E
Value at index 6 differs. Expected G; Found I
Value at index 7 differs. Expected H; Found C
Value at index 8 differs. Expected I; Found H

Invalid read count. Expected: 50 006; Found: 245
Invalid write count. Expected: 7 690; Found: 96
Value at index 0 differs. Expected AA; Found EO
Value at index 2 differs. Expected AC; Found AS
Value at index 3 differs. Expected AD; Found AQ
Value at index 4 differs. Expected AE; Found CQ
Value at index 5 differs. Expected AF; Found BI
Value at index 6 differs. Expected AG; Found BM
Value at index 7 differs. Expected AH; Found AJ
Value at index 8 differs. Expected AI; Found AH
Value at index 9 differs. Expected AJ; Found CF
Value at index 10 differs. Expected AK; Found DN
Value at index 12 differs. Expected AM; Found BC
Value at index 14 differs. Expected AO; Found BQ
Value at index 15 differs. Expected AP; Found CW
Value at index 16 differs. Expected AQ; Found EX
Value at index 17 differs. Expected AR; Found AD
Value at index 18 differs. Expected AS; Found AR
Value at index 19 differs. Expected AT; Found EE
Value at index 20 differs. Expected AU; Found BR
Value at index 22 differs. Expected AW; Found CN
Value at index 23 differs. Expected AX; Found DI
Value at index 25 differs. Expected AZ; Found CI
Value at index 27 differs. Expected BB; Found DX
Value at index 28 differs. Expected BC; Found CJ
Value at index 29 differs. Expected BD; Found DH
Value at index 30 differs. Expected BE; Found BS
Value at index 31 differs. Expected BF; Found EB
Value at index 33 differs. Expected BH; Found AF
Value at index 34 differs. Expected BI; Found DL
Value at index 36 differs. Expected BK; Found DQ
Value at index 37 differs. Expected BL; Found CO
Value at index 38 differs. Expected BM; Found CV
Value at index 39 differs. Expected BN; Found DW
Value at index 40 differs. Expected BO; Found CY
Value at index 41 differs. Expected BP; Found AO
Value at index 42 differs. Expected BQ; Found BT
Value at index 43 differs. Expected BR; Found BE
Value at index 44 differs. Expected BS; Found CB
Value at index 45 differs. Expected BT; Found EQ
Value at index 47 differs. Expected BV; Found DG
Value at index 49 differs. Expected BX; Found EK
Value at index 50 differs. Expected BY; Found DO
Value at index 52 differs. Expected CA; Found BV
Value at index 53 differs. Expected CB; Found CA
Value at index 56 differs. Expected CE; Found AI
Value at index 57 differs. Expected CF; Found CH
Value at index 58 differs. Expected CG; Found CE
Value at index 59 differs. Expected CH; Found FP
Value at index 60 differs. Expected CI; Found AM
Value at index 61 differs. Expected CJ; Found EG
Value at index 63 differs. Expected CL; Found AX
Value at index 64 differs. Expected CM; Found CL
Value at index 65 differs. Expected CN; Found FE
Value at index 66 differs. Expected CO; Found FA
Value at index 68 differs. Expected CQ; Found BF
Value at index 69 differs. Expected CR; Found EW
Value at index 71 differs. Expected CT; Found FR
Value at index 72 differs. Expected CU; Found AG
Value at index 73 differs. Expected CV; Found BB
Value at index 74 differs. Expected CW; Found CU
Value at index 75 differs. Expected CX; Found BO
Value at index 76 differs. Expected CY; Found CX
Value at index 78 differs. Expected DA; Found ER
Value at index 79 differs. Expected DB; Found AT
Value at index 80 differs. Expected DC; Found DB
Value at index 81 differs. Expected DD; Found DP
Value at index 83 differs. Expected DF; Found AU
Value at index 84 differs. Expected DG; Found FT
Value at index 85 differs. Expected DH; Found CM
Value at index 86 differs. Expected DI; Found EF
Value at index 88 differs. Expected DK; Found AZ
Value at index 89 differs. Expected DL; Found DK
Value at index 90 differs. Expected DM; Found AK
Value at index 91 differs. Expected DN; Found BY
Value at index 92 differs. Expected DO; Found DM
Value at index 93 differs. Expected DP; Found BK
Value at index 94 differs. Expected DQ; Found EI
Value at index 95 differs. Expected DR; Found CG
Value at index 96 differs. Expected DS; Found FN
Value at index 97 differs. Expected DT; Found FD
Value at index 98 differs. Expected DU; Found FF
Value at index 99 differs. Expected DV; Found EN
Value at index 100 differs. Expected DW; Found AP
Value at index 101 differs. Expected DX; Found FC
Value at index 103 differs. Expected DZ; Found DS
Value at index 104 differs. Expected EA; Found DZ
Value at index 105 differs. Expected EB; Found CR
Value at index 108 differs. Expected EE; Found EY
Value at index 109 differs. Expected EF; Found CT
Value at index 110 differs. Expected EG; Found FB
Value at index 111 differs. Expected EH; Found BL
Value at index 112 differs. Expected EI; Found DT
Value at index 113 differs. Expected EJ; Found BH
Value at index 114 differs. Expected EK; Found EH
Value at index 116 differs. Expected EM; Found DV
Value at index 117 differs. Expected EN; Found AA
Value at index 118 differs. Expected EO; Found EM
Value at index 119 differs. Expected EP; Found BX
Value at index 120 differs. Expected EQ; Found DA
Value at index 121 differs. Expected ER; Found EP
Value at index 125 differs. Expected EV; Found EA
Value at index 126 differs. Expected EW; Found AC
Value at index 127 differs. Expected EX; Found DC
Value at index 128 differs. Expected EY; Found EV
Value at index 129 differs. Expected EZ; Found DD
Value at index 130 differs. Expected FA; Found BD
Value at index 131 differs. Expected FB; Found AW
Value at index 132 differs. Expected FC; Found EJ
Value at index 133 differs. Expected FD; Found BN
Value at index 134 differs. Expected FE; Found DU
Value at index 135 differs. Expected FF; Found BP
Value at index 136 differs. Expected FG; Found EZ
Value at index 140 differs. Expected FK; Found FO
Value at index 142 differs. Expected FM; Found DR
Value at index 143 differs. Expected FN; Found FK
Value at index 144 differs. Expected FO; Found AE
Value at index 145 differs. Expected FP; Found FM
Value at index 146 differs. Expected FQ; Found FG
Value at index 147 differs. Expected FR; Found FQ
Value at index 148 differs. Expected FS; Found DF
Value at index 149 differs. Expected FT; Found FS

