Invalid read count. Expected: 124; Found: 0
Invalid write count. Expected: 16; Found: 0
Value at index 0 differs. Expected A; Found E
Value at index 4 differs. Expected E; Found F
Value at index 5 differs. Expected F; Found A

Invalid read count. Expected: 50 250; Found: 0
Invalid write count. Expected: 8 828; Found: 0
Value at index 2 differs. Expected AC; Found CF
Value at index 3 differs. Expected AD; Found BG
Value at index 4 differs. Expected AE; Found CC
Value at index 6 differs. Expected AG; Found AH
Value at index 7 differs. Expected AH; Found FC
Value at index 8 differs. Expected AI; Found DB
Value at index 9 differs. Expected AJ; Found BJ
Value at index 10 differs. Expected AK; Found FS
Value at index 11 differs. Expected AL; Found DF
Value at index 12 differs. Expected AM; Found DJ
Value at index 15 differs. Expected AP; Found DG
Value at index 16 differs. Expected AQ; Found AY
Value at index 17 differs. Expected AR; Found DW
Value at index 18 differs. Expected AS; Found EP
Value at index 20 differs. Expected AU; Found CY
Value at index 21 differs. Expected AV; Found CX
Value at index 22 differs. Expected AW; Found FD
Value at index 23 differs. Expected AX; Found FQ
Value at index 24 differs. Expected AY; Found AQ
Value at index 25 differs. Expected AZ; Found AE
Value at index 26 differs. Expected BA; Found BZ
Value at index 27 differs. Expected BB; Found DK
Value at index 28 differs. Expected BC; Found CR
Value at index 32 differs. Expected BG; Found DM
Value at index 33 differs. Expected BH; Found EJ
Value at index 34 differs. Expected BI; Found EO
Value at index 35 differs. Expected BJ; Found EC
Value at index 36 differs. Expected BK; Found FO
Value at index 38 differs. Expected BM; Found CN
Value at index 40 differs. Expected BO; Found FG
Value at index 43 differs. Expected BR; Found EU
Value at index 45 differs. Expected BT; Found EA
Value at index 46 differs. Expected BU; Found EX
Value at index 49 differs. Expected BX; Found CV
Value at index 50 differs. Expected BY; Found FH
Value at index 51 differs. Expected BZ; Found BA
Value at index 52 differs. Expected CA; Found AL
Value at index 53 differs. Expected CB; Found CH
Value at index 54 differs. Expected CC; Found AZ
Value at index 57 differs. Expected CF; Found AC
Value at index 58 differs. Expected CG; Found DE
Value at index 59 differs. Expected CH; Found CB
Value at index 60 differs. Expected CI; Found ED
Value at index 63 differs. Expected CL; Found FE
Value at index 65 differs. Expected CN; Found EV
Value at index 66 differs. Expected CO; Found DS
Value at index 69 differs. Expected CR; Found BC
Value at index 72 differs. Expected CU; Found DN
Value at index 73 differs. Expected CV; Found BX
Value at index 75 differs. Expected CX; Found AV
Value at index 76 differs. Expected CY; Found EB
Value at index 79 differs. Expected DB; Found AI
Value at index 81 differs. Expected DD; Found CI
Value at index 82 differs. Expected DE; Found CA
Value at index 83 differs. Expected DF; Found DH
Value at index 84 differs. Expected DG; Found AP
Value at index 85 differs. Expected DH; Found AS
Value at index 87 differs. Expected DJ; Found AM
Value at index 88 differs. Expected DK; Found DD
Value at index 90 differs. Expected DM; Found AD
Value at index 91 differs. Expected DN; Found BY
Value at index 92 differs. Expected DO; Found BO
Value at index 95 differs. Expected DR; Found DV
Value at index 96 differs. Expected DS; Found CO
Value at index 99 differs. Expected DV; Found DR
Value at index 100 differs. Expected DW; Found AR
Value at index 104 differs. Expected EA; Found BT
Value at index 105 differs. Expected EB; Found ES
Value at index 106 differs. Expected EC; Found BM
Value at index 107 differs. Expected ED; Found FT
Value at index 109 differs. Expected EF; Found BU
Value at index 113 differs. Expected EJ; Found EN
Value at index 114 differs. Expected EK; Found FA
Value at index 117 differs. Expected EN; Found BH
Value at index 118 differs. Expected EO; Found BI
Value at index 119 differs. Expected EP; Found CL
Value at index 122 differs. Expected ES; Found AU
Value at index 124 differs. Expected EU; Found BB
Value at index 125 differs. Expected EV; Found EK
Value at index 127 differs. Expected EX; Found AW
Value at index 130 differs. Expected FA; Found FR
Value at index 132 differs. Expected FC; Found AG
Value at index 133 differs. Expected FD; Found EF
Value at index 134 differs. Expected FE; Found CG
Value at index 136 differs. Expected FG; Found DO
Value at index 137 differs. Expected FH; Found CU
Value at index 144 differs. Expected FO; Found BK
Value at index 146 differs. Expected FQ; Found AX
Value at index 147 differs. Expected FR; Found AJ
Value at index 148 differs. Expected FS; Found AK
Value at index 149 differs. Expected FT; Found BR

