Invalid read count. Expected: 166; Found: 32
Invalid write count. Expected: 40; Found: 14
Value at index 1 differs. Expected B; Found C
Value at index 2 differs. Expected C; Found H
Value at index 3 differs. Expected D; Found E
Value at index 4 differs. Expected E; Found D
Value at index 5 differs. Expected F; Found I
Value at index 6 differs. Expected G; Found B
Value at index 7 differs. Expected H; Found G
Value at index 8 differs. Expected I; Found F

Invalid read count. Expected: 46 952; Found: 586
Invalid write count. Expected: 8 808; Found: 288
Value at index 0 differs. Expected AA; Found AB
Value at index 1 differs. Expected AB; Found AQ
Value at index 2 differs. Expected AC; Found AD
Value at index 3 differs. Expected AD; Found EG
Value at index 4 differs. Expected AE; Found BV
Value at index 5 differs. Expected AF; Found EP
Value at index 6 differs. Expected AG; Found CJ
Value at index 7 differs. Expected AH; Found DR
Value at index 8 differs. Expected AI; Found AV
Value at index 9 differs. Expected AJ; Found AC
Value at index 10 differs. Expected AK; Found CS
Value at index 11 differs. Expected AL; Found AM
Value at index 12 differs. Expected AM; Found DW
Value at index 13 differs. Expected AN; Found DX
Value at index 14 differs. Expected AO; Found CL
Value at index 15 differs. Expected AP; Found EO
Value at index 16 differs. Expected AQ; Found EV
Value at index 17 differs. Expected AR; Found AS
Value at index 18 differs. Expected AS; Found DG
Value at index 19 differs. Expected AT; Found BW
Value at index 20 differs. Expected AU; Found CD
Value at index 21 differs. Expected AV; Found AP
Value at index 22 differs. Expected AW; Found CN
Value at index 23 differs. Expected AX; Found FI
Value at index 24 differs. Expected AY; Found AZ
Value at index 25 differs. Expected AZ; Found CX
Value at index 26 differs. Expected BA; Found BB
Value at index 27 differs. Expected BB; Found BF
Value at index 28 differs. Expected BC; Found CK
Value at index 29 differs. Expected BD; Found BE
Value at index 30 differs. Expected BE; Found BC
Value at index 31 differs. Expected BF; Found DP
Value at index 32 differs. Expected BG; Found BJ
Value at index 33 differs. Expected BH; Found BI
Value at index 34 differs. Expected BI; Found BH
Value at index 35 differs. Expected BJ; Found EJ
Value at index 36 differs. Expected BK; Found BU
Value at index 37 differs. Expected BL; Found CH
Value at index 38 differs. Expected BM; Found BN
Value at index 39 differs. Expected BN; Found FB
Value at index 40 differs. Expected BO; Found BP
Value at index 41 differs. Expected BP; Found FA
Value at index 42 differs. Expected BQ; Found EH
Value at index 43 differs. Expected BR; Found DT
Value at index 44 differs. Expected BS; Found CI
Value at index 45 differs. Expected BT; Found BL
Value at index 46 differs. Expected BU; Found BO
Value at index 47 differs. Expected BV; Found BT
Value at index 48 differs. Expected BW; Found FJ
Value at index 49 differs. Expected BX; Found EL
Value at index 50 differs. Expected BY; Found FM
Value at index 51 differs. Expected BZ; Found BM
Value at index 52 differs. Expected CA; Found AU
Value at index 53 differs. Expected CB; Found AK
Value at index 54 differs. Expected CC; Found CO
Value at index 55 differs. Expected CD; Found CE
Value at index 56 differs. Expected CE; Found CF
Value at index 57 differs. Expected CF; Found AW
Value at index 58 differs. Expected CG; Found BG
Value at index 59 differs. Expected CH; Found ER
Value at index 60 differs. Expected CI; Found FE
Value at index 61 differs. Expected CJ; Found DJ
Value at index 62 differs. Expected CK; Found DQ
Value at index 63 differs. Expected CL; Found EI
Value at index 64 differs. Expected CM; Found AX
Value at index 65 differs. Expected CN; Found EC
Value at index 66 differs. Expected CO; Found DK
Value at index 67 differs. Expected CP; Found CQ
Value at index 68 differs. Expected CQ; Found CR
Value at index 69 differs. Expected CR; Found AG
Value at index 70 differs. Expected CS; Found BQ
Value at index 71 differs. Expected CT; Found DA
Value at index 72 differs. Expected CU; Found CV
Value at index 73 differs. Expected CV; Found CW
Value at index 74 differs. Expected CW; Found BA
Value at index 75 differs. Expected CX; Found CY
Value at index 76 differs. Expected CY; Found CZ
Value at index 77 differs. Expected CZ; Found CU
Value at index 78 differs. Expected DA; Found DU
Value at index 79 differs. Expected DB; Found DV
Value at index 80 differs. Expected DC; Found BZ
Value at index 81 differs. Expected DD; Found DE
Value at index 82 differs. Expected DE; Found DF
Value at index 83 differs. Expected DF; Found AT
Value at index 84 differs. Expected DG; Found DH
Value at index 85 differs. Expected DH; Found DI
Value at index 86 differs. Expected DI; Found AN
Value at index 87 differs. Expected DJ; Found DL
Value at index 88 differs. Expected DK; Found CP
Value at index 89 differs. Expected DL; Found DM
Value at index 90 differs. Expected DM; Found FH
Value at index 91 differs. Expected DN; Found DO
Value at index 92 differs. Expected DO; Found DY
Value at index 93 differs. Expected DP; Found CG
Value at index 94 differs. Expected DQ; Found BK
Value at index 95 differs. Expected DR; Found DS
Value at index 96 differs. Expected DS; Found EY
Value at index 97 differs. Expected DT; Found DB
Value at index 98 differs. Expected DU; Found DC
Value at index 99 differs. Expected DV; Found DZ
Value at index 100 differs. Expected DW; Found AO
Value at index 101 differs. Expected DX; Found BX
Value at index 102 differs. Expected DY; Found BD
Value at index 103 differs. Expected DZ; Found EA
Value at index 104 differs. Expected EA; Found EB
Value at index 105 differs. Expected EB; Found AJ
Value at index 106 differs. Expected EC; Found ED
Value at index 107 differs. Expected ED; Found EE
Value at index 108 differs. Expected EE; Found AF
Value at index 109 differs. Expected EF; Found AA
Value at index 110 differs. Expected EG; Found BR
Value at index 111 differs. Expected EH; Found CM
Value at index 112 differs. Expected EI; Found AI
Value at index 113 differs. Expected EJ; Found EK
Value at index 114 differs. Expected EK; Found EF
Value at index 115 differs. Expected EL; Found CB
Value at index 116 differs. Expected EM; Found EN
Value at index 117 differs. Expected EN; Found EZ
Value at index 118 differs. Expected EO; Found AE
Value at index 119 differs. Expected EP; Found EQ
Value at index 120 differs. Expected EQ; Found EM
Value at index 121 differs. Expected ER; Found ES
Value at index 122 differs. Expected ES; Found FF
Value at index 123 differs. Expected ET; Found DD
Value at index 124 differs. Expected EU; Found AL
Value at index 125 differs. Expected EV; Found EW
Value at index 126 differs. Expected EW; Found FK
Value at index 127 differs. Expected EX; Found ET
Value at index 128 differs. Expected EY; Found CC
Value at index 129 differs. Expected EZ; Found CT
Value at index 130 differs. Expected FA; Found BS
Value at index 131 differs. Expected FB; Found FC
Value at index 132 differs. Expected FC; Found FD
Value at index 133 differs. Expected FD; Found AH
Value at index 134 differs. Expected FE; Found DN
Value at index 135 differs. Expected FF; Found FO
Value at index 136 differs. Expected FG; Found AR
Value at index 137 differs. Expected FH; Found BY
Value at index 138 differs. Expected FI; Found AY
Value at index 139 differs. Expected FJ; Found EX
Value at index 140 differs. Expected FK; Found FL
Value at index 141 differs. Expected FL; Found EU
Value at index 142 differs. Expected FM; Found FN
Value at index 143 differs. Expected FN; Found FG
Value at index 144 differs. Expected FO; Found FP
Value at index 145 differs. Expected FP; Found FQ
Value at index 146 differs. Expected FQ; Found FR
Value at index 147 differs. Expected FR; Found FS
Value at index 148 differs. Expected FS; Found CA

