Invalid read count. Expected: 0; Found: 182
Invalid write count. Expected: 0; Found: 56
Value at index 0 differs. Expected J; Found A
Value at index 1 differs. Expected H; Found B
Value at index 3 differs. Expected A; Found D
Value at index 4 differs. Expected I; Found E
Value at index 5 differs. Expected D; Found F
Value at index 7 differs. Expected B; Found H
Value at index 8 differs. Expected F; Found I
Value at index 9 differs. Expected E; Found J

Invalid read count. Expected: 0; Found: 42 716
Invalid write count. Expected: 0; Found: 7 552
Value at index 0 differs. Expected AU; Found AA
Value at index 1 differs. Expected AS; Found AB
Value at index 4 differs. Expected ER; Found AE
Value at index 5 differs. Expected AP; Found AF
Value at index 6 differs. Expected FN; Found AG
Value at index 7 differs. Expected DD; Found AH
Value at index 13 differs. Expected CZ; Found AN
Value at index 15 differs. Expected AF; Found AP
Value at index 16 differs. Expected AV; Found AQ
Value at index 18 differs. Expected CC; Found AS
Value at index 19 differs. Expected EB; Found AT
Value at index 20 differs. Expected DX; Found AU
Value at index 21 differs. Expected BC; Found AV
Value at index 23 differs. Expected DN; Found AX
Value at index 25 differs. Expected BA; Found AZ
Value at index 26 differs. Expected CA; Found BA
Value at index 28 differs. Expected AQ; Found BC
Value at index 29 differs. Expected CE; Found BD
Value at index 30 differs. Expected CB; Found BE
Value at index 31 differs. Expected FQ; Found BF
Value at index 32 differs. Expected DA; Found BG
Value at index 33 differs. Expected BP; Found BH
Value at index 34 differs. Expected DV; Found BI
Value at index 35 differs. Expected EN; Found BJ
Value at index 36 differs. Expected DI; Found BK
Value at index 38 differs. Expected AT; Found BM
Value at index 39 differs. Expected EC; Found BN
Value at index 40 differs. Expected AB; Found BO
Value at index 41 differs. Expected CH; Found BP
Value at index 43 differs. Expected FE; Found BR
Value at index 44 differs. Expected CN; Found BS
Value at index 45 differs. Expected FL; Found BT
Value at index 47 differs. Expected BG; Found BV
Value at index 48 differs. Expected DC; Found BW
Value at index 49 differs. Expected DP; Found BX
Value at index 50 differs. Expected DZ; Found BY
Value at index 52 differs. Expected EG; Found CA
Value at index 53 differs. Expected CU; Found CB
Value at index 54 differs. Expected DW; Found CC
Value at index 56 differs. Expected FJ; Found CE
Value at index 59 differs. Expected BH; Found CH
Value at index 60 differs. Expected EV; Found CI
Value at index 61 differs. Expected BE; Found CJ
Value at index 62 differs. Expected AZ; Found CK
Value at index 65 differs. Expected BS; Found CN
Value at index 67 differs. Expected FS; Found CP
Value at index 68 differs. Expected FK; Found CQ
Value at index 70 differs. Expected EP; Found CS
Value at index 71 differs. Expected BI; Found CT
Value at index 72 differs. Expected DE; Found CU
Value at index 73 differs. Expected BD; Found CV
Value at index 74 differs. Expected EL; Found CW
Value at index 77 differs. Expected BV; Found CZ
Value at index 78 differs. Expected AN; Found DA
Value at index 80 differs. Expected BR; Found DC
Value at index 81 differs. Expected BN; Found DD
Value at index 82 differs. Expected CJ; Found DE
Value at index 83 differs. Expected FP; Found DF
Value at index 86 differs. Expected BK; Found DI
Value at index 88 differs. Expected FA; Found DK
Value at index 90 differs. Expected AA; Found DM
Value at index 91 differs. Expected AX; Found DN
Value at index 93 differs. Expected BX; Found DP
Value at index 94 differs. Expected EW; Found DQ
Value at index 96 differs. Expected EY; Found DS
Value at index 97 differs. Expected AH; Found DT
Value at index 99 differs. Expected CT; Found DV
Value at index 100 differs. Expected BJ; Found DW
Value at index 101 differs. Expected EZ; Found DX
Value at index 103 differs. Expected BY; Found DZ
Value at index 105 differs. Expected BM; Found EB
Value at index 106 differs. Expected DT; Found EC
Value at index 108 differs. Expected DM; Found EE
Value at index 110 differs. Expected EE; Found EG
Value at index 112 differs. Expected AG; Found EI
Value at index 114 differs. Expected FD; Found EK
Value at index 115 differs. Expected DQ; Found EL
Value at index 117 differs. Expected BO; Found EN
Value at index 118 differs. Expected CI; Found EO
Value at index 119 differs. Expected ET; Found EP
Value at index 121 differs. Expected AE; Found ER
Value at index 122 differs. Expected FR; Found ES
Value at index 123 differs. Expected CS; Found ET
Value at index 125 differs. Expected EO; Found EV
Value at index 126 differs. Expected CW; Found EW
Value at index 127 differs. Expected DK; Found EX
Value at index 128 differs. Expected EX; Found EY
Value at index 129 differs. Expected CK; Found EZ
Value at index 130 differs. Expected EI; Found FA
Value at index 132 differs. Expected BT; Found FC
Value at index 133 differs. Expected EK; Found FD
Value at index 134 differs. Expected CQ; Found FE
Value at index 139 differs. Expected CV; Found FJ
Value at index 140 differs. Expected BW; Found FK
Value at index 141 differs. Expected FC; Found FL
Value at index 143 differs. Expected DS; Found FN
Value at index 145 differs. Expected DF; Found FP
Value at index 146 differs. Expected BF; Found FQ
Value at index 147 differs. Expected ES; Found FR
Value at index 148 differs. Expected CP; Found FS

