Invalid read count. Expected: 0; Found: 68
Invalid write count. Expected: 0; Found: 32
Value at index 0 differs. Expected J; Found C
Value at index 1 differs. Expected H; Found A
Value at index 2 differs. Expected C; Found H
Value at index 3 differs. Expected A; Found D
Value at index 4 differs. Expected I; Found G
Value at index 5 differs. Expected D; Found B
Value at index 6 differs. Expected G; Found F
Value at index 7 differs. Expected B; Found E
Value at index 8 differs. Expected F; Found I
Value at index 9 differs. Expected E; Found J

Invalid read count. Expected: 0; Found: 586
Invalid write count. Expected: 0; Found: 288
Value at index 0 differs. Expected AU; Found AS
Value at index 1 differs. Expected AS; Found AC
Value at index 2 differs. Expected AC; Found AD
Value at index 3 differs. Expected AD; Found AU
Value at index 4 differs. Expected ER; Found AP
Value at index 5 differs. Expected AP; Found ER
Value at index 6 differs. Expected FN; Found DD
Value at index 7 differs. Expected DD; Found AI
Value at index 8 differs. Expected AI; Found AJ
Value at index 9 differs. Expected AJ; Found AK
Value at index 10 differs. Expected AK; Found AL
Value at index 11 differs. Expected AL; Found AM
Value at index 12 differs. Expected AM; Found CZ
Value at index 13 differs. Expected CZ; Found AO
Value at index 14 differs. Expected AO; Found AF
Value at index 15 differs. Expected AF; Found AV
Value at index 16 differs. Expected AV; Found AR
Value at index 17 differs. Expected AR; Found CC
Value at index 18 differs. Expected CC; Found EB
Value at index 19 differs. Expected EB; Found DX
Value at index 20 differs. Expected DX; Found BC
Value at index 21 differs. Expected BC; Found AW
Value at index 22 differs. Expected AW; Found DN
Value at index 23 differs. Expected DN; Found AY
Value at index 24 differs. Expected AY; Found BA
Value at index 25 differs. Expected BA; Found CA
Value at index 26 differs. Expected CA; Found BB
Value at index 27 differs. Expected BB; Found AQ
Value at index 28 differs. Expected AQ; Found CE
Value at index 29 differs. Expected CE; Found CB
Value at index 30 differs. Expected CB; Found FN
Value at index 31 differs. Expected FQ; Found DA
Value at index 32 differs. Expected DA; Found BP
Value at index 33 differs. Expected BP; Found DV
Value at index 34 differs. Expected DV; Found EN
Value at index 35 differs. Expected EN; Found DI
Value at index 36 differs. Expected DI; Found BL
Value at index 37 differs. Expected BL; Found AT
Value at index 38 differs. Expected AT; Found EC
Value at index 39 differs. Expected EC; Found AB
Value at index 40 differs. Expected AB; Found CH
Value at index 41 differs. Expected CH; Found BQ
Value at index 42 differs. Expected BQ; Found FE
Value at index 43 differs. Expected FE; Found CN
Value at index 44 differs. Expected CN; Found FL
Value at index 45 differs. Expected FL; Found BU
Value at index 46 differs. Expected BU; Found BG
Value at index 47 differs. Expected BG; Found DC
Value at index 48 differs. Expected DC; Found DP
Value at index 49 differs. Expected DP; Found DZ
Value at index 50 differs. Expected DZ; Found BZ
Value at index 51 differs. Expected BZ; Found EG
Value at index 52 differs. Expected EG; Found CU
Value at index 53 differs. Expected CU; Found DW
Value at index 54 differs. Expected DW; Found CD
Value at index 55 differs. Expected CD; Found FJ
Value at index 56 differs. Expected FJ; Found CF
Value at index 57 differs. Expected CF; Found CG
Value at index 58 differs. Expected CG; Found BH
Value at index 59 differs. Expected BH; Found EV
Value at index 60 differs. Expected EV; Found BE
Value at index 61 differs. Expected BE; Found AZ
Value at index 62 differs. Expected AZ; Found CL
Value at index 63 differs. Expected CL; Found CM
Value at index 64 differs. Expected CM; Found BS
Value at index 65 differs. Expected BS; Found CO
Value at index 66 differs. Expected CO; Found FQ
Value at index 67 differs. Expected FS; Found FK
Value at index 68 differs. Expected FK; Found CR
Value at index 69 differs. Expected CR; Found EP
Value at index 70 differs. Expected EP; Found BI
Value at index 71 differs. Expected BI; Found DE
Value at index 72 differs. Expected DE; Found BD
Value at index 73 differs. Expected BD; Found EL
Value at index 74 differs. Expected EL; Found CX
Value at index 75 differs. Expected CX; Found CY
Value at index 76 differs. Expected CY; Found BV
Value at index 77 differs. Expected BV; Found AN
Value at index 78 differs. Expected AN; Found DB
Value at index 79 differs. Expected DB; Found BR
Value at index 80 differs. Expected BR; Found BN
Value at index 81 differs. Expected BN; Found CJ
Value at index 82 differs. Expected CJ; Found FP
Value at index 83 differs. Expected FP; Found DG
Value at index 84 differs. Expected DG; Found DH
Value at index 85 differs. Expected DH; Found BK
Value at index 86 differs. Expected BK; Found DJ
Value at index 87 differs. Expected DJ; Found FA
Value at index 88 differs. Expected FA; Found DL
Value at index 89 differs. Expected DL; Found AA
Value at index 90 differs. Expected AA; Found AX
Value at index 91 differs. Expected AX; Found DO
Value at index 92 differs. Expected DO; Found BX
Value at index 93 differs. Expected BX; Found EW
Value at index 94 differs. Expected EW; Found DR
Value at index 95 differs. Expected DR; Found EY
Value at index 96 differs. Expected EY; Found AH
Value at index 97 differs. Expected AH; Found DU
Value at index 98 differs. Expected DU; Found CT
Value at index 99 differs. Expected CT; Found BJ
Value at index 100 differs. Expected BJ; Found EZ
Value at index 101 differs. Expected EZ; Found DY
Value at index 102 differs. Expected DY; Found BY
Value at index 103 differs. Expected BY; Found EA
Value at index 104 differs. Expected EA; Found BM
Value at index 105 differs. Expected BM; Found DT
Value at index 106 differs. Expected DT; Found ED
Value at index 107 differs. Expected ED; Found DM
Value at index 108 differs. Expected DM; Found EF
Value at index 109 differs. Expected EF; Found EE
Value at index 110 differs. Expected EE; Found EH
Value at index 111 differs. Expected EH; Found AG
Value at index 112 differs. Expected AG; Found EJ
Value at index 113 differs. Expected EJ; Found FD
Value at index 114 differs. Expected FD; Found DQ
Value at index 115 differs. Expected DQ; Found EM
Value at index 116 differs. Expected EM; Found BO
Value at index 117 differs. Expected BO; Found CI
Value at index 118 differs. Expected CI; Found ET
Value at index 119 differs. Expected ET; Found EQ
Value at index 120 differs. Expected EQ; Found AE
Value at index 121 differs. Expected AE; Found FR
Value at index 122 differs. Expected FR; Found CS
Value at index 123 differs. Expected CS; Found EU
Value at index 124 differs. Expected EU; Found EO
Value at index 125 differs. Expected EO; Found CW
Value at index 126 differs. Expected CW; Found DK
Value at index 127 differs. Expected DK; Found EX
Value at index 128 differs. Expected EX; Found CK
Value at index 129 differs. Expected CK; Found EI
Value at index 130 differs. Expected EI; Found FB
Value at index 131 differs. Expected FB; Found BT
Value at index 132 differs. Expected BT; Found EK
Value at index 133 differs. Expected EK; Found CQ
Value at index 134 differs. Expected CQ; Found FF
Value at index 135 differs. Expected FF; Found FG
Value at index 136 differs. Expected FG; Found FH
Value at index 137 differs. Expected FH; Found FI
Value at index 138 differs. Expected FI; Found CV
Value at index 139 differs. Expected CV; Found BW
Value at index 140 differs. Expected BW; Found FC
Value at index 141 differs. Expected FC; Found FM
Value at index 142 differs. Expected FM; Found DS
Value at index 143 differs. Expected DS; Found FO
Value at index 144 differs. Expected FO; Found DF
Value at index 145 differs. Expected DF; Found BF
Value at index 146 differs. Expected BF; Found ES
Value at index 147 differs. Expected ES; Found CP
Value at index 148 differs. Expected CP; Found FS

