Invalid read count. Expected: 190; Found: 0
Invalid write count. Expected: 46; Found: 0
Value at index 0 differs. Expected A; Found F
Value at index 1 differs. Expected B; Found H
Value at index 2 differs. Expected C; Found D
Value at index 3 differs. Expected D; Found E
Value at index 4 differs. Expected E; Found G
Value at index 5 differs. Expected F; Found A
Value at index 6 differs. Expected G; Found I
Value at index 7 differs. Expected H; Found B
Value at index 8 differs. Expected I; Found J
Value at index 9 differs. Expected J; Found C

Invalid read count. Expected: 46 660; Found: 0
Invalid write count. Expected: 8 218; Found: 0
Value at index 0 differs. Expected AA; Found CO
Value at index 2 differs. Expected AC; Found CD
Value at index 3 differs. Expected AD; Found AK
Value at index 4 differs. Expected AE; Found CA
Value at index 7 differs. Expected AH; Found AA
Value at index 8 differs. Expected AI; Found BV
Value at index 9 differs. Expected AJ; Found DX
Value at index 10 differs. Expected AK; Found AD
Value at index 11 differs. Expected AL; Found DZ
Value at index 12 differs. Expected AM; Found AQ
Value at index 13 differs. Expected AN; Found DQ
Value at index 14 differs. Expected AO; Found CG
Value at index 15 differs. Expected AP; Found BP
Value at index 16 differs. Expected AQ; Found AT
Value at index 18 differs. Expected AS; Found EW
Value at index 19 differs. Expected AT; Found AM
Value at index 21 differs. Expected AV; Found AH
Value at index 22 differs. Expected AW; Found ET
Value at index 23 differs. Expected AX; Found DP
Value at index 24 differs. Expected AY; Found BH
Value at index 26 differs. Expected BA; Found FJ
Value at index 28 differs. Expected BC; Found AL
Value at index 30 differs. Expected BE; Found FF
Value at index 31 differs. Expected BF; Found CT
Value at index 32 differs. Expected BG; Found DA
Value at index 33 differs. Expected BH; Found AJ
Value at index 35 differs. Expected BJ; Found BL
Value at index 36 differs. Expected BK; Found CB
Value at index 37 differs. Expected BL; Found FT
Value at index 38 differs. Expected BM; Found FB
Value at index 39 differs. Expected BN; Found FM
Value at index 41 differs. Expected BP; Found EP
Value at index 43 differs. Expected BR; Found DJ
Value at index 47 differs. Expected BV; Found AI
Value at index 48 differs. Expected BW; Found BR
Value at index 49 differs. Expected BX; Found AE
Value at index 50 differs. Expected BY; Found FL
Value at index 51 differs. Expected BZ; Found DT
Value at index 52 differs. Expected CA; Found AO
Value at index 53 differs. Expected CB; Found BY
Value at index 54 differs. Expected CC; Found EY
Value at index 55 differs. Expected CD; Found CR
Value at index 56 differs. Expected CE; Found DO
Value at index 57 differs. Expected CF; Found FS
Value at index 58 differs. Expected CG; Found CV
Value at index 60 differs. Expected CI; Found AX
Value at index 61 differs. Expected CJ; Found CI
Value at index 63 differs. Expected CL; Found DR
Value at index 66 differs. Expected CO; Found CX
Value at index 68 differs. Expected CQ; Found AY
Value at index 69 differs. Expected CR; Found FG
Value at index 70 differs. Expected CS; Found FR
Value at index 71 differs. Expected CT; Found BZ
Value at index 73 differs. Expected CV; Found BX
Value at index 75 differs. Expected CX; Found BJ
Value at index 76 differs. Expected CY; Found FD
Value at index 77 differs. Expected CZ; Found DB
Value at index 78 differs. Expected DA; Found BG
Value at index 79 differs. Expected DB; Found CZ
Value at index 81 differs. Expected DD; Found DW
Value at index 82 differs. Expected DE; Found EX
Value at index 84 differs. Expected DG; Found ED
Value at index 87 differs. Expected DJ; Found CY
Value at index 89 differs. Expected DL; Found EN
Value at index 90 differs. Expected DM; Found DY
Value at index 92 differs. Expected DO; Found DG
Value at index 93 differs. Expected DP; Found EM
Value at index 94 differs. Expected DQ; Found FI
Value at index 95 differs. Expected DR; Found EE
Value at index 97 differs. Expected DT; Found EO
Value at index 98 differs. Expected DU; Found DV
Value at index 99 differs. Expected DV; Found CJ
Value at index 100 differs. Expected DW; Found BA
Value at index 101 differs. Expected DX; Found CQ
Value at index 102 differs. Expected DY; Found DM
Value at index 103 differs. Expected DZ; Found BC
Value at index 107 differs. Expected ED; Found CE
Value at index 108 differs. Expected EE; Found CL
Value at index 112 differs. Expected EI; Found CF
Value at index 113 differs. Expected EJ; Found AC
Value at index 116 differs. Expected EM; Found DU
Value at index 117 differs. Expected EN; Found DL
Value at index 118 differs. Expected EO; Found BF
Value at index 119 differs. Expected EP; Found EV
Value at index 123 differs. Expected ET; Found AW
Value at index 125 differs. Expected EV; Found AN
Value at index 126 differs. Expected EW; Found AS
Value at index 127 differs. Expected EX; Found DE
Value at index 128 differs. Expected EY; Found FN
Value at index 131 differs. Expected FB; Found BM
Value at index 132 differs. Expected FC; Found DD
Value at index 133 differs. Expected FD; Found BW
Value at index 135 differs. Expected FF; Found BE
Value at index 136 differs. Expected FG; Found EJ
Value at index 138 differs. Expected FI; Found AP
Value at index 139 differs. Expected FJ; Found FC
Value at index 141 differs. Expected FL; Found BK
Value at index 142 differs. Expected FM; Found BN
Value at index 143 differs. Expected FN; Found CC
Value at index 147 differs. Expected FR; Found CS
Value at index 148 differs. Expected FS; Found EI
Value at index 149 differs. Expected FT; Found AV

