Invalid read count. Expected: 98; Found: 0
Invalid write count. Expected: 26; Found: 0
Value at index 0 differs. Expected A; Found C
Value at index 1 differs. Expected B; Found G
Value at index 2 differs. Expected C; Found A
Value at index 3 differs. Expected D; Found E
Value at index 4 differs. Expected E; Found B
Value at index 5 differs. Expected F; Found I
Value at index 6 differs. Expected G; Found D
Value at index 8 differs. Expected I; Found F

Invalid read count. Expected: 43 690; Found: 0
Invalid write count. Expected: 8 228; Found: 0
Value at index 0 differs. Expected AA; Found CG
Value at index 1 differs. Expected AB; Found DJ
Value at index 3 differs. Expected AD; Found BV
Value at index 5 differs. Expected AF; Found DN
Value at index 6 differs. Expected AG; Found AF
Value at index 7 differs. Expected AH; Found FT
Value at index 8 differs. Expected AI; Found EF
Value at index 9 differs. Expected AJ; Found AA
Value at index 11 differs. Expected AL; Found CN
Value at index 12 differs. Expected AM; Found EK
Value at index 17 differs. Expected AR; Found AM
Value at index 18 differs. Expected AS; Found CD
Value at index 19 differs. Expected AT; Found DD
Value at index 20 differs. Expected AU; Found BH
Value at index 21 differs. Expected AV; Found FE
Value at index 22 differs. Expected AW; Found EG
Value at index 23 differs. Expected AX; Found CR
Value at index 25 differs. Expected AZ; Found DO
Value at index 26 differs. Expected BA; Found EY
Value at index 27 differs. Expected BB; Found DU
Value at index 28 differs. Expected BC; Found DY
Value at index 30 differs. Expected BE; Found ER
Value at index 31 differs. Expected BF; Found DG
Value at index 32 differs. Expected BG; Found AG
Value at index 33 differs. Expected BH; Found AU
Value at index 34 differs. Expected BI; Found AT
Value at index 40 differs. Expected BO; Found BI
Value at index 42 differs. Expected BQ; Found ET
Value at index 44 differs. Expected BS; Found CY
Value at index 45 differs. Expected BT; Found CC
Value at index 46 differs. Expected BU; Found EM
Value at index 47 differs. Expected BV; Found CQ
Value at index 48 differs. Expected BW; Found CU
Value at index 50 differs. Expected BY; Found EV
Value at index 51 differs. Expected BZ; Found EZ
Value at index 53 differs. Expected CB; Found BE
Value at index 54 differs. Expected CC; Found AJ
Value at index 55 differs. Expected CD; Found AS
Value at index 56 differs. Expected CE; Found DB
Value at index 57 differs. Expected CF; Found AB
Value at index 58 differs. Expected CG; Found BT
Value at index 59 differs. Expected CH; Found AL
Value at index 60 differs. Expected CI; Found CX
Value at index 62 differs. Expected CK; Found DP
Value at index 65 differs. Expected CN; Found EA
Value at index 66 differs. Expected CO; Found EE
Value at index 67 differs. Expected CP; Found DI
Value at index 68 differs. Expected CQ; Found CF
Value at index 69 differs. Expected CR; Found AX
Value at index 70 differs. Expected CS; Found BG
Value at index 72 differs. Expected CU; Found EH
Value at index 73 differs. Expected CV; Found DE
Value at index 75 differs. Expected CX; Found FM
Value at index 76 differs. Expected CY; Found DH
Value at index 77 differs. Expected CZ; Found CV
Value at index 79 differs. Expected DB; Found FS
Value at index 80 differs. Expected DC; Found AV
Value at index 81 differs. Expected DD; Found FP
Value at index 82 differs. Expected DE; Found CO
Value at index 84 differs. Expected DG; Found BZ
Value at index 85 differs. Expected DH; Found BS
Value at index 86 differs. Expected DI; Found CP
Value at index 87 differs. Expected DJ; Found AD
Value at index 90 differs. Expected DM; Found AW
Value at index 91 differs. Expected DN; Found CS
Value at index 92 differs. Expected DO; Found BW
Value at index 93 differs. Expected DP; Found EU
Value at index 94 differs. Expected DQ; Found EX
Value at index 96 differs. Expected DS; Found FN
Value at index 97 differs. Expected DT; Found EJ
Value at index 98 differs. Expected DU; Found BB
Value at index 99 differs. Expected DV; Found BC
Value at index 100 differs. Expected DW; Found EB
Value at index 102 differs. Expected DY; Found AR
Value at index 104 differs. Expected EA; Found CH
Value at index 105 differs. Expected EB; Found ES
Value at index 108 differs. Expected EE; Found FF
Value at index 109 differs. Expected EF; Found AI
Value at index 110 differs. Expected EG; Found DM
Value at index 111 differs. Expected EH; Found AZ
Value at index 112 differs. Expected EI; Found FR
Value at index 113 differs. Expected EJ; Found DT
Value at index 114 differs. Expected EK; Found FG
Value at index 116 differs. Expected EM; Found CZ
Value at index 118 differs. Expected EO; Found CK
Value at index 121 differs. Expected ER; Found DC
Value at index 122 differs. Expected ES; Found DW
Value at index 123 differs. Expected ET; Found FJ
Value at index 124 differs. Expected EU; Found EO
Value at index 125 differs. Expected EV; Found AH
Value at index 127 differs. Expected EX; Found DQ
Value at index 128 differs. Expected EY; Found FB
Value at index 129 differs. Expected EZ; Found BF
Value at index 131 differs. Expected FB; Found BA
Value at index 134 differs. Expected FE; Found EI
Value at index 135 differs. Expected FF; Found BU
Value at index 136 differs. Expected FG; Found DV
Value at index 139 differs. Expected FJ; Found BQ
Value at index 142 differs. Expected FM; Found CI
Value at index 143 differs. Expected FN; Found DS
Value at index 145 differs. Expected FP; Found BO
Value at index 147 differs. Expected FR; Found CB
Value at index 148 differs. Expected FS; Found CE
Value at index 149 differs. Expected FT; Found BY

