Invalid read count. Expected: 132; Found: 0
Invalid write count. Expected: 24; Found: 0
Value at index 1 differs. Expected B; Found F
Value at index 3 differs. Expected D; Found H
Value at index 4 differs. Expected E; Found B
Value at index 5 differs. Expected F; Found E
Value at index 7 differs. Expected H; Found I
Value at index 8 differs. Expected I; Found D

Invalid read count. Expected: 45 934; Found: 0
Invalid write count. Expected: 8 684; Found: 0
Value at index 0 differs. Expected AA; Found DP
Value at index 1 differs. Expected AB; Found EW
Value at index 2 differs. Expected AC; Found AF
Value at index 3 differs. Expected AD; Found BF
Value at index 5 differs. Expected AF; Found DE
Value at index 6 differs. Expected AG; Found CM
Value at index 8 differs. Expected AI; Found DG
Value at index 9 differs. Expected AJ; Found DW
Value at index 11 differs. Expected AL; Found CY
Value at index 12 differs. Expected AM; Found ER
Value at index 14 differs. Expected AO; Found AU
Value at index 15 differs. Expected AP; Found FJ
Value at index 17 differs. Expected AR; Found FF
Value at index 20 differs. Expected AU; Found AO
Value at index 21 differs. Expected AV; Found AC
Value at index 22 differs. Expected AW; Found EA
Value at index 24 differs. Expected AY; Found EO
Value at index 26 differs. Expected BA; Found EJ
Value at index 28 differs. Expected BC; Found CK
Value at index 30 differs. Expected BE; Found BC
Value at index 31 differs. Expected BF; Found FO
Value at index 32 differs. Expected BG; Found BN
Value at index 34 differs. Expected BI; Found FR
Value at index 35 differs. Expected BJ; Found EU
Value at index 37 differs. Expected BL; Found BJ
Value at index 38 differs. Expected BM; Found DM
Value at index 39 differs. Expected BN; Found BA
Value at index 41 differs. Expected BP; Found EN
Value at index 42 differs. Expected BQ; Found CD
Value at index 43 differs. Expected BR; Found FQ
Value at index 45 differs. Expected BT; Found EV
Value at index 46 differs. Expected BU; Found AB
Value at index 51 differs. Expected BZ; Found BE
Value at index 53 differs. Expected CB; Found CC
Value at index 54 differs. Expected CC; Found FT
Value at index 55 differs. Expected CD; Found FK
Value at index 59 differs. Expected CH; Found EX
Value at index 60 differs. Expected CI; Found EZ
Value at index 61 differs. Expected CJ; Found AD
Value at index 62 differs. Expected CK; Found CO
Value at index 64 differs. Expected CM; Found EY
Value at index 65 differs. Expected CN; Found AV
Value at index 66 differs. Expected CO; Found BZ
Value at index 67 differs. Expected CP; Found AI
Value at index 68 differs. Expected CQ; Found CR
Value at index 69 differs. Expected CR; Found CS
Value at index 70 differs. Expected CS; Found AG
Value at index 71 differs. Expected CT; Found FB
Value at index 76 differs. Expected CY; Found DQ
Value at index 77 differs. Expected CZ; Found FD
Value at index 80 differs. Expected DC; Found BQ
Value at index 82 differs. Expected DE; Found DY
Value at index 84 differs. Expected DG; Found CP
Value at index 87 differs. Expected DJ; Found DN
Value at index 88 differs. Expected DK; Found AM
Value at index 90 differs. Expected DM; Found BM
Value at index 91 differs. Expected DN; Found DJ
Value at index 93 differs. Expected DP; Found AA
Value at index 94 differs. Expected DQ; Found AL
Value at index 97 differs. Expected DT; Found FA
Value at index 100 differs. Expected DW; Found EE
Value at index 101 differs. Expected DX; Found FS
Value at index 102 differs. Expected DY; Found CN
Value at index 104 differs. Expected EA; Found BG
Value at index 106 differs. Expected EC; Found FE
Value at index 107 differs. Expected ED; Found EC
Value at index 108 differs. Expected EE; Found AJ
Value at index 110 differs. Expected EG; Found ES
Value at index 111 differs. Expected EH; Found DT
Value at index 113 differs. Expected EJ; Found AW
Value at index 117 differs. Expected EN; Found BP
Value at index 118 differs. Expected EO; Found AY
Value at index 120 differs. Expected EQ; Found BL
Value at index 121 differs. Expected ER; Found DK
Value at index 122 differs. Expected ES; Found EG
Value at index 124 differs. Expected EU; Found EQ
Value at index 125 differs. Expected EV; Found BI
Value at index 126 differs. Expected EW; Found BU
Value at index 127 differs. Expected EX; Found CH
Value at index 128 differs. Expected EY; Found CQ
Value at index 129 differs. Expected EZ; Found CI
Value at index 130 differs. Expected FA; Found EH
Value at index 131 differs. Expected FB; Found FC
Value at index 132 differs. Expected FC; Found CT
Value at index 133 differs. Expected FD; Found CZ
Value at index 134 differs. Expected FE; Found ED
Value at index 135 differs. Expected FF; Found AR
Value at index 137 differs. Expected FH; Found BR
Value at index 139 differs. Expected FJ; Found AP
Value at index 140 differs. Expected FK; Found DC
Value at index 143 differs. Expected FN; Found FP
Value at index 144 differs. Expected FO; Found CJ
Value at index 145 differs. Expected FP; Found FN
Value at index 146 differs. Expected FQ; Found BT
Value at index 147 differs. Expected FR; Found FH
Value at index 148 differs. Expected FS; Found DX
Value at index 149 differs. Expected FT; Found CB

