Invalid read count. Expected: 144; Found: 0
Invalid write count. Expected: 36; Found: 0
Value at index 1 differs. Expected B; Found G
Value at index 3 differs. Expected D; Found F
Value at index 4 differs. Expected E; Found J
Value at index 5 differs. Expected F; Found B
Value at index 6 differs. Expected G; Found H
Value at index 7 differs. Expected H; Found I
Value at index 8 differs. Expected I; Found D
Value at index 9 differs. Expected J; Found E

Invalid read count. Expected: 46 718; Found: 0
Invalid write count. Expected: 7 680; Found: 0
Value at index 0 differs. Expected AA; Found EU
Value at index 2 differs. Expected AC; Found DZ
Value at index 3 differs. Expected AD; Found DH
Value at index 6 differs. Expected AG; Found AY
Value at index 7 differs. Expected AH; Found BH
Value at index 8 differs. Expected AI; Found FH
Value at index 11 differs. Expected AL; Found EG
Value at index 14 differs. Expected AO; Found CH
Value at index 16 differs. Expected AQ; Found CC
Value at index 17 differs. Expected AR; Found CT
Value at index 18 differs. Expected AS; Found BC
Value at index 19 differs. Expected AT; Found BF
Value at index 20 differs. Expected AU; Found ET
Value at index 21 differs. Expected AV; Found CB
Value at index 22 differs. Expected AW; Found BT
Value at index 23 differs. Expected AX; Found ED
Value at index 24 differs. Expected AY; Found AG
Value at index 28 differs. Expected BC; Found FN
Value at index 31 differs. Expected BF; Found AT
Value at index 32 differs. Expected BG; Found AO
Value at index 33 differs. Expected BH; Found AQ
Value at index 35 differs. Expected BJ; Found AI
Value at index 37 differs. Expected BL; Found BP
Value at index 38 differs. Expected BM; Found DV
Value at index 39 differs. Expected BN; Found DN
Value at index 41 differs. Expected BP; Found EY
Value at index 43 differs. Expected BR; Found CV
Value at index 44 differs. Expected BS; Found EZ
Value at index 45 differs. Expected BT; Found AW
Value at index 46 differs. Expected BU; Found EC
Value at index 48 differs. Expected BW; Found CR
Value at index 50 differs. Expected BY; Found DJ
Value at index 51 differs. Expected BZ; Found AH
Value at index 52 differs. Expected CA; Found EF
Value at index 53 differs. Expected CB; Found AV
Value at index 54 differs. Expected CC; Found BZ
Value at index 55 differs. Expected CD; Found CN
Value at index 58 differs. Expected CG; Found AR
Value at index 59 differs. Expected CH; Found DC
Value at index 60 differs. Expected CI; Found BS
Value at index 61 differs. Expected CJ; Found AD
Value at index 63 differs. Expected CL; Found DL
Value at index 64 differs. Expected CM; Found DW
Value at index 65 differs. Expected CN; Found CD
Value at index 66 differs. Expected CO; Found CS
Value at index 68 differs. Expected CQ; Found DK
Value at index 69 differs. Expected CR; Found ES
Value at index 70 differs. Expected CS; Found CL
Value at index 71 differs. Expected CT; Found CG
Value at index 73 differs. Expected CV; Found FA
Value at index 78 differs. Expected DA; Found EM
Value at index 79 differs. Expected DB; Found DG
Value at index 80 differs. Expected DC; Found BG
Value at index 81 differs. Expected DD; Found FI
Value at index 84 differs. Expected DG; Found DP
Value at index 85 differs. Expected DH; Found FS
Value at index 86 differs. Expected DI; Found BJ
Value at index 87 differs. Expected DJ; Found FR
Value at index 88 differs. Expected DK; Found DO
Value at index 89 differs. Expected DL; Found CO
Value at index 91 differs. Expected DN; Found BN
Value at index 92 differs. Expected DO; Found FL
Value at index 93 differs. Expected DP; Found DB
Value at index 94 differs. Expected DQ; Found FC
Value at index 96 differs. Expected DS; Found EO
Value at index 97 differs. Expected DT; Found FJ
Value at index 99 differs. Expected DV; Found BM
Value at index 100 differs. Expected DW; Found CM
Value at index 103 differs. Expected DZ; Found AC
Value at index 104 differs. Expected EA; Found FQ
Value at index 106 differs. Expected EC; Found BU
Value at index 107 differs. Expected ED; Found FG
Value at index 109 differs. Expected EF; Found CA
Value at index 110 differs. Expected EG; Found EX
Value at index 111 differs. Expected EH; Found EL
Value at index 112 differs. Expected EI; Found DD
Value at index 113 differs. Expected EJ; Found EI
Value at index 115 differs. Expected EL; Found EN
Value at index 116 differs. Expected EM; Found DA
Value at index 117 differs. Expected EN; Found EH
Value at index 118 differs. Expected EO; Found DS
Value at index 121 differs. Expected ER; Found BL
Value at index 122 differs. Expected ES; Found FM
Value at index 123 differs. Expected ET; Found AU
Value at index 124 differs. Expected EU; Found FE
Value at index 127 differs. Expected EX; Found AL
Value at index 128 differs. Expected EY; Found ER
Value at index 129 differs. Expected EZ; Found CI
Value at index 130 differs. Expected FA; Found AA
Value at index 132 differs. Expected FC; Found DQ
Value at index 134 differs. Expected FE; Found FF
Value at index 135 differs. Expected FF; Found BR
Value at index 136 differs. Expected FG; Found AX
Value at index 137 differs. Expected FH; Found DI
Value at index 138 differs. Expected FI; Found EJ
Value at index 139 differs. Expected FJ; Found DT
Value at index 140 differs. Expected FK; Found BW
Value at index 141 differs. Expected FL; Found CQ
Value at index 142 differs. Expected FM; Found FK
Value at index 143 differs. Expected FN; Found AS
Value at index 146 differs. Expected FQ; Found EA
Value at index 147 differs. Expected FR; Found BY
Value at index 148 differs. Expected FS; Found CJ

