Invalid read count. Expected: 118; Found: 0
Invalid write count. Expected: 28; Found: 0
Value at index 1 differs. Expected B; Found G
Value at index 2 differs. Expected C; Found H
Value at index 5 differs. Expected F; Found B
Value at index 6 differs. Expected G; Found C
Value at index 7 differs. Expected H; Found F

Invalid read count. Expected: 48 714; Found: 0
Invalid write count. Expected: 7 888; Found: 0
Value at index 0 differs. Expected AA; Found CH
Value at index 4 differs. Expected AE; Found ER
Value at index 5 differs. Expected AF; Found FL
Value at index 6 differs. Expected AG; Found AW
Value at index 7 differs. Expected AH; Found DM
Value at index 8 differs. Expected AI; Found BL
Value at index 9 differs. Expected AJ; Found EC
Value at index 11 differs. Expected AL; Found BM
Value at index 12 differs. Expected AM; Found BF
Value at index 13 differs. Expected AN; Found CC
Value at index 14 differs. Expected AO; Found AL
Value at index 15 differs. Expected AP; Found CR
Value at index 18 differs. Expected AS; Found FS
Value at index 19 differs. Expected AT; Found BB
Value at index 20 differs. Expected AU; Found EX
Value at index 22 differs. Expected AW; Found BT
Value at index 23 differs. Expected AX; Found AA
Value at index 26 differs. Expected BA; Found BO
Value at index 27 differs. Expected BB; Found CG
Value at index 28 differs. Expected BC; Found EI
Value at index 29 differs. Expected BD; Found EJ
Value at index 31 differs. Expected BF; Found DK
Value at index 32 differs. Expected BG; Found FK
Value at index 36 differs. Expected BK; Found CV
Value at index 37 differs. Expected BL; Found AU
Value at index 38 differs. Expected BM; Found AG
Value at index 39 differs. Expected BN; Found BX
Value at index 40 differs. Expected BO; Found BA
Value at index 43 differs. Expected BR; Found EA
Value at index 45 differs. Expected BT; Found DS
Value at index 46 differs. Expected BU; Found FN
Value at index 47 differs. Expected BV; Found EG
Value at index 48 differs. Expected BW; Found AO
Value at index 49 differs. Expected BX; Found DG
Value at index 51 differs. Expected BZ; Found DW
Value at index 52 differs. Expected CA; Found AH
Value at index 54 differs. Expected CC; Found FP
Value at index 56 differs. Expected CE; Found FO
Value at index 57 differs. Expected CF; Found DC
Value at index 58 differs. Expected CG; Found AT
Value at index 59 differs. Expected CH; Found FR
Value at index 60 differs. Expected CI; Found CY
Value at index 61 differs. Expected CJ; Found EW
Value at index 69 differs. Expected CR; Found AP
Value at index 73 differs. Expected CV; Found DI
Value at index 76 differs. Expected CY; Found CI
Value at index 78 differs. Expected DA; Found DL
Value at index 79 differs. Expected DB; Found DA
Value at index 80 differs. Expected DC; Found CF
Value at index 84 differs. Expected DG; Found DR
Value at index 86 differs. Expected DI; Found AM
Value at index 88 differs. Expected DK; Found FI
Value at index 89 differs. Expected DL; Found DO
Value at index 90 differs. Expected DM; Found AE
Value at index 92 differs. Expected DO; Found DB
Value at index 95 differs. Expected DR; Found DX
Value at index 96 differs. Expected DS; Found BW
Value at index 100 differs. Expected DW; Found EM
Value at index 101 differs. Expected DX; Found EN
Value at index 102 differs. Expected DY; Found CA
Value at index 104 differs. Expected EA; Found BR
Value at index 105 differs. Expected EB; Found BG
Value at index 106 differs. Expected EC; Found AJ
Value at index 110 differs. Expected EG; Found ET
Value at index 111 differs. Expected EH; Found AI
Value at index 112 differs. Expected EI; Found BN
Value at index 113 differs. Expected EJ; Found BZ
Value at index 116 differs. Expected EM; Found BU
Value at index 117 differs. Expected EN; Found BC
Value at index 118 differs. Expected EO; Found AN
Value at index 120 differs. Expected EQ; Found FQ
Value at index 121 differs. Expected ER; Found DY
Value at index 123 differs. Expected ET; Found BV
Value at index 125 differs. Expected EV; Found EY
Value at index 126 differs. Expected EW; Found CJ
Value at index 127 differs. Expected EX; Found FJ
Value at index 128 differs. Expected EY; Found FT
Value at index 132 differs. Expected FC; Found CE
Value at index 133 differs. Expected FD; Found FF
Value at index 135 differs. Expected FF; Found FD
Value at index 138 differs. Expected FI; Found BK
Value at index 139 differs. Expected FJ; Found EH
Value at index 140 differs. Expected FK; Found EB
Value at index 141 differs. Expected FL; Found AF
Value at index 143 differs. Expected FN; Found BD
Value at index 144 differs. Expected FO; Found FC
Value at index 145 differs. Expected FP; Found EO
Value at index 146 differs. Expected FQ; Found EQ
Value at index 147 differs. Expected FR; Found AX
Value at index 148 differs. Expected FS; Found AS
Value at index 149 differs. Expected FT; Found EV

