Invalid read count. Expected: 176; Found: 0
Invalid write count. Expected: 32; Found: 0
Value at index 0 differs. Expected A; Found C
Value at index 2 differs. Expected C; Found D
Value at index 3 differs. Expected D; Found E
Value at index 4 differs. Expected E; Found I
Value at index 5 differs. Expected F; Found J
Value at index 7 differs. Expected H; Found A
Value at index 8 differs. Expected I; Found H
Value at index 9 differs. Expected J; Found F

Invalid read count. Expected: 45 582; Found: 0
Invalid write count. Expected: 8 034; Found: 0
Value at index 0 differs. Expected AA; Found CM
Value at index 1 differs. Expected AB; Found EH
Value at index 4 differs. Expected AE; Found BR
Value at index 5 differs. Expected AF; Found DB
Value at index 9 differs. Expected AJ; Found EV
Value at index 11 differs. Expected AL; Found CR
Value at index 13 differs. Expected AN; Found CF
Value at index 14 differs. Expected AO; Found DA
Value at index 16 differs. Expected AQ; Found FI
Value at index 18 differs. Expected AS; Found EB
Value at index 19 differs. Expected AT; Found DS
Value at index 20 differs. Expected AU; Found BY
Value at index 22 differs. Expected AW; Found EG
Value at index 24 differs. Expected AY; Found BT
Value at index 26 differs. Expected BA; Found BS
Value at index 27 differs. Expected BB; Found BM
Value at index 28 differs. Expected BC; Found CO
Value at index 29 differs. Expected BD; Found BF
Value at index 31 differs. Expected BF; Found FB
Value at index 33 differs. Expected BH; Found EI
Value at index 34 differs. Expected BI; Found BB
Value at index 35 differs. Expected BJ; Found BD
Value at index 36 differs. Expected BK; Found CP
Value at index 37 differs. Expected BL; Found AF
Value at index 38 differs. Expected BM; Found BI
Value at index 39 differs. Expected BN; Found AB
Value at index 40 differs. Expected BO; Found DT
Value at index 41 differs. Expected BP; Found EW
Value at index 43 differs. Expected BR; Found AE
Value at index 44 differs. Expected BS; Found FT
Value at index 45 differs. Expected BT; Found BK
Value at index 47 differs. Expected BV; Found CS
Value at index 48 differs. Expected BW; Found CU
Value at index 49 differs. Expected BX; Found DJ
Value at index 50 differs. Expected BY; Found FN
Value at index 52 differs. Expected CA; Found AS
Value at index 55 differs. Expected CD; Found DU
Value at index 56 differs. Expected CE; Found EZ
Value at index 57 differs. Expected CF; Found AN
Value at index 61 differs. Expected CJ; Found CW
Value at index 63 differs. Expected CL; Found BA
Value at index 64 differs. Expected CM; Found CA
Value at index 66 differs. Expected CO; Found EL
Value at index 67 differs. Expected CP; Found FR
Value at index 68 differs. Expected CQ; Found ER
Value at index 69 differs. Expected CR; Found FD
Value at index 70 differs. Expected CS; Found BP
Value at index 71 differs. Expected CT; Found AA
Value at index 72 differs. Expected CU; Found CT
Value at index 74 differs. Expected CW; Found CJ
Value at index 76 differs. Expected CY; Found CQ
Value at index 78 differs. Expected DA; Found EQ
Value at index 79 differs. Expected DB; Found EM
Value at index 83 differs. Expected DF; Found FO
Value at index 84 differs. Expected DG; Found CL
Value at index 85 differs. Expected DH; Found DP
Value at index 87 differs. Expected DJ; Found AJ
Value at index 90 differs. Expected DM; Found EP
Value at index 93 differs. Expected DP; Found DH
Value at index 96 differs. Expected DS; Found AT
Value at index 97 differs. Expected DT; Found BO
Value at index 98 differs. Expected DU; Found EC
Value at index 99 differs. Expected DV; Found FL
Value at index 101 differs. Expected DX; Found CY
Value at index 102 differs. Expected DY; Found DF
Value at index 105 differs. Expected EB; Found FE
Value at index 106 differs. Expected EC; Found FQ
Value at index 110 differs. Expected EG; Found AW
Value at index 111 differs. Expected EH; Found BN
Value at index 112 differs. Expected EI; Found AL
Value at index 114 differs. Expected EK; Found BJ
Value at index 115 differs. Expected EL; Found BC
Value at index 116 differs. Expected EM; Found BL
Value at index 119 differs. Expected EP; Found BV
Value at index 120 differs. Expected EQ; Found AO
Value at index 121 differs. Expected ER; Found FS
Value at index 124 differs. Expected EU; Found EX
Value at index 125 differs. Expected EV; Found FK
Value at index 126 differs. Expected EW; Found DM
Value at index 127 differs. Expected EX; Found EU
Value at index 129 differs. Expected EZ; Found FG
Value at index 131 differs. Expected FB; Found EK
Value at index 133 differs. Expected FD; Found BH
Value at index 134 differs. Expected FE; Found FH
Value at index 136 differs. Expected FG; Found CE
Value at index 137 differs. Expected FH; Found BW
Value at index 138 differs. Expected FI; Found AQ
Value at index 140 differs. Expected FK; Found BX
Value at index 141 differs. Expected FL; Found DV
Value at index 143 differs. Expected FN; Found FP
Value at index 144 differs. Expected FO; Found DY
Value at index 145 differs. Expected FP; Found AU
Value at index 146 differs. Expected FQ; Found CD
Value at index 147 differs. Expected FR; Found AY
Value at index 148 differs. Expected FS; Found DX
Value at index 149 differs. Expected FT; Found DG

