Invalid read count. Expected: 168; Found: 38
Invalid write count. Expected: 42; Found: 2
Value at index 0 differs. Expected A; Found H
Value at index 1 differs. Expected B; Found A
Value at index 2 differs. Expected C; Found I
Value at index 3 differs. Expected D; Found B
Value at index 6 differs. Expected G; Found J
Value at index 7 differs. Expected H; Found G
Value at index 8 differs. Expected I; Found C
Value at index 9 differs. Expected J; Found D

Invalid read count. Expected: 44,690; Found: 598
Invalid write count. Expected: 7,142; Found: 2
Value at index 0 differs. Expected AA; Found AD
Value at index 1 differs. Expected AB; Found AA
Value at index 3 differs. Expected AD; Found AB
Value at index 4 differs. Expected AE; Found ER
Value at index 7 differs. Expected AH; Found CL
Value at index 9 differs. Expected AJ; Found BQ
Value at index 10 differs. Expected AK; Found EC
Value at index 11 differs. Expected AL; Found EB
Value at index 12 differs. Expected AM; Found EP
Value at index 13 differs. Expected AN; Found EV
Value at index 14 differs. Expected AO; Found BH
Value at index 15 differs. Expected AP; Found AO
Value at index 17 differs. Expected AR; Found BV
Value at index 20 differs. Expected AU; Found AJ
Value at index 23 differs. Expected AX; Found CY
Value at index 24 differs. Expected AY; Found CJ
Value at index 27 differs. Expected BB; Found BW
Value at index 29 differs. Expected BD; Found CB
Value at index 30 differs. Expected BE; Found FN
Value at index 31 differs. Expected BF; Found CR
Value at index 32 differs. Expected BG; Found DO
Value at index 33 differs. Expected BH; Found AP
Value at index 34 differs. Expected BI; Found AM
Value at index 37 differs. Expected BL; Found DF
Value at index 38 differs. Expected BM; Found BZ
Value at index 39 differs. Expected BN; Found CX
Value at index 41 differs. Expected BP; Found FR
Value at index 42 differs. Expected BQ; Found FP
Value at index 43 differs. Expected BR; Found DL
Value at index 45 differs. Expected BT; Found BG
Value at index 47 differs. Expected BV; Found AE
Value at index 48 differs. Expected BW; Found CM
Value at index 49 differs. Expected BX; Found AX
Value at index 51 differs. Expected BZ; Found BM
Value at index 52 differs. Expected CA; Found CG
Value at index 53 differs. Expected CB; Found EG
Value at index 54 differs. Expected CC; Found EE
Value at index 57 differs. Expected CF; Found DX
Value at index 58 differs. Expected CG; Found CA
Value at index 60 differs. Expected CI; Found FM
Value at index 61 differs. Expected CJ; Found AY
Value at index 62 differs. Expected CK; Found DA
Value at index 63 differs. Expected CL; Found AH
Value at index 64 differs. Expected CM; Found CV
Value at index 69 differs. Expected CR; Found EA
Value at index 70 differs. Expected CS; Found FA
Value at index 71 differs. Expected CT; Found DM
Value at index 72 differs. Expected CU; Found BX
Value at index 73 differs. Expected CV; Found BB
Value at index 74 differs. Expected CW; Found FG
Value at index 75 differs. Expected CX; Found BN
Value at index 76 differs. Expected CY; Found EU
Value at index 78 differs. Expected DA; Found CK
Value at index 80 differs. Expected DC; Found DH
Value at index 81 differs. Expected DD; Found EN
Value at index 82 differs. Expected DE; Found CF
Value at index 83 differs. Expected DF; Found AR
Value at index 85 differs. Expected DH; Found BF
Value at index 86 differs. Expected DI; Found EK
Value at index 87 differs. Expected DJ; Found DC
Value at index 89 differs. Expected DL; Found BR
Value at index 90 differs. Expected DM; Found CT
Value at index 92 differs. Expected DO; Found BT
Value at index 93 differs. Expected DP; Found FC
Value at index 94 differs. Expected DQ; Found EW
Value at index 97 differs. Expected DT; Found DW
Value at index 98 differs. Expected DU; Found DY
Value at index 99 differs. Expected DV; Found BD
Value at index 100 differs. Expected DW; Found CI
Value at index 101 differs. Expected DX; Found DE
Value at index 102 differs. Expected DY; Found FT
Value at index 103 differs. Expected DZ; Found BE
Value at index 104 differs. Expected EA; Found DJ
Value at index 105 differs. Expected EB; Found AL
Value at index 106 differs. Expected EC; Found FE
Value at index 107 differs. Expected ED; Found EM
Value at index 108 differs. Expected EE; Found ES
Value at index 109 differs. Expected EF; Found FJ
Value at index 110 differs. Expected EG; Found FK
Value at index 111 differs. Expected EH; Found FH
Value at index 114 differs. Expected EK; Found BL
Value at index 116 differs. Expected EM; Found ED
Value at index 117 differs. Expected EN; Found AK
Value at index 118 differs. Expected EO; Found DU
Value at index 119 differs. Expected EP; Found BI
Value at index 121 differs. Expected ER; Found FI
Value at index 122 differs. Expected ES; Found CC
Value at index 124 differs. Expected EU; Found DP
Value at index 125 differs. Expected EV; Found AN
Value at index 126 differs. Expected EW; Found DQ
Value at index 129 differs. Expected EZ; Found CW
Value at index 130 differs. Expected FA; Found CS
Value at index 132 differs. Expected FC; Found CU
Value at index 134 differs. Expected FE; Found DD
Value at index 136 differs. Expected FG; Found EZ
Value at index 137 differs. Expected FH; Found FS
Value at index 138 differs. Expected FI; Found DI
Value at index 139 differs. Expected FJ; Found EF
Value at index 140 differs. Expected FK; Found DV
Value at index 142 differs. Expected FM; Found DT
Value at index 143 differs. Expected FN; Found DZ
Value at index 145 differs. Expected FP; Found AU
Value at index 147 differs. Expected FR; Found BP
Value at index 148 differs. Expected FS; Found EH
Value at index 149 differs. Expected FT; Found EO

