Invalid read count. Expected: 182; Found: 2
Invalid write count. Expected: 38; Found: 0
Value at index 0 differs. Expected A; Found C
Value at index 1 differs. Expected B; Found D
Value at index 2 differs. Expected C; Found H
Value at index 3 differs. Expected D; Found B
Value at index 4 differs. Expected E; Found F
Value at index 5 differs. Expected F; Found J
Value at index 7 differs. Expected H; Found A
Value at index 9 differs. Expected J; Found E

Invalid read count. Expected: 51 398; Found: 150
Invalid write count. Expected: 7 890; Found: 74
Value at index 0 differs. Expected AA; Found AB
Value at index 1 differs. Expected AB; Found DB
Value at index 2 differs. Expected AC; Found AK
Value at index 3 differs. Expected AD; Found BM
Value at index 4 differs. Expected AE; Found CY
Value at index 5 differs. Expected AF; Found AG
Value at index 6 differs. Expected AG; Found CK
Value at index 7 differs. Expected AH; Found CB
Value at index 8 differs. Expected AI; Found BD
Value at index 9 differs. Expected AJ; Found BL
Value at index 10 differs. Expected AK; Found AT
Value at index 11 differs. Expected AL; Found CI
Value at index 12 differs. Expected AM; Found CM
Value at index 13 differs. Expected AN; Found AO
Value at index 14 differs. Expected AO; Found AP
Value at index 15 differs. Expected AP; Found FC
Value at index 16 differs. Expected AQ; Found AR
Value at index 17 differs. Expected AR; Found AS
Value at index 18 differs. Expected AS; Found CA
Value at index 19 differs. Expected AT; Found AU
Value at index 20 differs. Expected AU; Found DH
Value at index 21 differs. Expected AV; Found CX
Value at index 22 differs. Expected AW; Found EK
Value at index 23 differs. Expected AX; Found BA
Value at index 24 differs. Expected AY; Found AZ
Value at index 25 differs. Expected AZ; Found AY
Value at index 26 differs. Expected BA; Found BB
Value at index 27 differs. Expected BB; Found BC
Value at index 28 differs. Expected BC; Found DS
Value at index 29 differs. Expected BD; Found BE
Value at index 30 differs. Expected BE; Found BF
Value at index 31 differs. Expected BF; Found BG
Value at index 32 differs. Expected BG; Found FD
Value at index 33 differs. Expected BH; Found DT
Value at index 34 differs. Expected BI; Found BJ
Value at index 35 differs. Expected BJ; Found BK
Value at index 36 differs. Expected BK; Found DE
Value at index 37 differs. Expected BL; Found FN
Value at index 38 differs. Expected BM; Found FT
Value at index 39 differs. Expected BN; Found EM
Value at index 40 differs. Expected BO; Found FP
Value at index 42 differs. Expected BQ; Found DC
Value at index 47 differs. Expected BV; Found EL
Value at index 50 differs. Expected BY; Found CS
Value at index 51 differs. Expected BZ; Found BN
Value at index 52 differs. Expected CA; Found AL
Value at index 53 differs. Expected CB; Found CE
Value at index 54 differs. Expected CC; Found EQ
Value at index 55 differs. Expected CD; Found BQ
Value at index 56 differs. Expected CE; Found DR
Value at index 57 differs. Expected CF; Found EX
Value at index 59 differs. Expected CH; Found EP
Value at index 60 differs. Expected CI; Found ER
Value at index 61 differs. Expected CJ; Found AQ
Value at index 62 differs. Expected CK; Found EB
Value at index 63 differs. Expected CL; Found DJ
Value at index 64 differs. Expected CM; Found AN
Value at index 66 differs. Expected CO; Found EH
Value at index 68 differs. Expected CQ; Found EW
Value at index 69 differs. Expected CR; Found CC
Value at index 70 differs. Expected CS; Found BY
Value at index 72 differs. Expected CU; Found FJ
Value at index 73 differs. Expected CV; Found AV
Value at index 74 differs. Expected CW; Found CJ
Value at index 75 differs. Expected CX; Found DG
Value at index 76 differs. Expected CY; Found ED
Value at index 78 differs. Expected DA; Found CL
Value at index 79 differs. Expected DB; Found AC
Value at index 80 differs. Expected DC; Found CD
Value at index 82 differs. Expected DE; Found AD
Value at index 84 differs. Expected DG; Found DM
Value at index 85 differs. Expected DH; Found DN
Value at index 87 differs. Expected DJ; Found ET
Value at index 90 differs. Expected DM; Found AW
Value at index 91 differs. Expected DN; Found CR
Value at index 92 differs. Expected DO; Found EN
Value at index 95 differs. Expected DR; Found AX
Value at index 96 differs. Expected DS; Found BI
Value at index 97 differs. Expected DT; Found AJ
Value at index 99 differs. Expected DV; Found EZ
Value at index 101 differs. Expected DX; Found EV
Value at index 102 differs. Expected DY; Found DV
Value at index 104 differs. Expected EA; Found EC
Value at index 105 differs. Expected EB; Found AH
Value at index 106 differs. Expected EC; Found EA
Value at index 107 differs. Expected ED; Found AI
Value at index 110 differs. Expected EG; Found CH
Value at index 111 differs. Expected EH; Found CO
Value at index 114 differs. Expected EK; Found AF
Value at index 115 differs. Expected EL; Found BV
Value at index 116 differs. Expected EM; Found BZ
Value at index 117 differs. Expected EN; Found DO
Value at index 118 differs. Expected EO; Found FF
Value at index 119 differs. Expected EP; Found FK
Value at index 120 differs. Expected EQ; Found CV
Value at index 121 differs. Expected ER; Found AM
Value at index 123 differs. Expected ET; Found BO
Value at index 125 differs. Expected EV; Found DX
Value at index 126 differs. Expected EW; Found CW
Value at index 127 differs. Expected EX; Found CF
Value at index 129 differs. Expected EZ; Found FI
Value at index 132 differs. Expected FC; Found AA
Value at index 133 differs. Expected FD; Found BH
Value at index 135 differs. Expected FF; Found EO
Value at index 137 differs. Expected FH; Found FM
Value at index 138 differs. Expected FI; Found DY
Value at index 139 differs. Expected FJ; Found CU
Value at index 140 differs. Expected FK; Found EG
Value at index 141 differs. Expected FL; Found DA
Value at index 142 differs. Expected FM; Found FH
Value at index 143 differs. Expected FN; Found CQ
Value at index 145 differs. Expected FP; Found FL
Value at index 149 differs. Expected FT; Found AE

