Invalid read count. Expected: 170; Found: 0
Invalid write count. Expected: 26; Found: 0
Value at index 1 differs. Expected B; Found I
Value at index 8 differs. Expected I; Found B

Invalid read count. Expected: 43,668; Found: 0
Invalid write count. Expected: 7,312; Found: 0
Value at index 0 differs. Expected AA; Found CL
Value at index 5 differs. Expected AF; Found CB
Value at index 8 differs. Expected AI; Found AF
Value at index 9 differs. Expected AJ; Found ES
Value at index 11 differs. Expected AL; Found CD
Value at index 12 differs. Expected AM; Found BF
Value at index 14 differs. Expected AO; Found CT
Value at index 16 differs. Expected AQ; Found DH
Value at index 18 differs. Expected AS; Found EQ
Value at index 19 differs. Expected AT; Found BO
Value at index 21 differs. Expected AV; Found EF
Value at index 24 differs. Expected AY; Found AL
Value at index 26 differs. Expected BA; Found BD
Value at index 28 differs. Expected BC; Found DI
Value at index 29 differs. Expected BD; Found BU
Value at index 30 differs. Expected BE; Found CF
Value at index 31 differs. Expected BF; Found AS
Value at index 32 differs. Expected BG; Found AI
Value at index 33 differs. Expected BH; Found CP
Value at index 35 differs. Expected BJ; Found EJ
Value at index 36 differs. Expected BK; Found EI
Value at index 37 differs. Expected BL; Found DB
Value at index 38 differs. Expected BM; Found FA
Value at index 40 differs. Expected BO; Found EA
Value at index 41 differs. Expected BP; Found EZ
Value at index 42 differs. Expected BQ; Found CJ
Value at index 44 differs. Expected BS; Found BG
Value at index 46 differs. Expected BU; Found BJ
Value at index 48 differs. Expected BW; Found DP
Value at index 49 differs. Expected BX; Found DO
Value at index 50 differs. Expected BY; Found FH
Value at index 51 differs. Expected BZ; Found DC
Value at index 52 differs. Expected CA; Found CN
Value at index 53 differs. Expected CB; Found EY
Value at index 54 differs. Expected CC; Found CW
Value at index 55 differs. Expected CD; Found DV
Value at index 57 differs. Expected CF; Found BE
Value at index 58 differs. Expected CG; Found FP
Value at index 59 differs. Expected CH; Found BM
Value at index 60 differs. Expected CI; Found ER
Value at index 61 differs. Expected CJ; Found DA
Value at index 63 differs. Expected CL; Found EL
Value at index 64 differs. Expected CM; Found CZ
Value at index 65 differs. Expected CN; Found CA
Value at index 66 differs. Expected CO; Found CS
Value at index 67 differs. Expected CP; Found CG
Value at index 70 differs. Expected CS; Found FN
Value at index 71 differs. Expected CT; Found DG
Value at index 73 differs. Expected CV; Found FO
Value at index 74 differs. Expected CW; Found DY
Value at index 75 differs. Expected CX; Found CC
Value at index 77 differs. Expected CZ; Found DD
Value at index 78 differs. Expected DA; Found BQ
Value at index 79 differs. Expected DB; Found DQ
Value at index 80 differs. Expected DC; Found BZ
Value at index 81 differs. Expected DD; Found CM
Value at index 82 differs. Expected DE; Found EE
Value at index 83 differs. Expected DF; Found EM
Value at index 84 differs. Expected DG; Found BA
Value at index 85 differs. Expected DH; Found AQ
Value at index 86 differs. Expected DI; Found BC
Value at index 87 differs. Expected DJ; Found EC
Value at index 88 differs. Expected DK; Found EK
Value at index 89 differs. Expected DL; Found BL
Value at index 91 differs. Expected DN; Found FI
Value at index 92 differs. Expected DO; Found BX
Value at index 93 differs. Expected DP; Found DW
Value at index 94 differs. Expected DQ; Found DF
Value at index 95 differs. Expected DR; Found ET
Value at index 99 differs. Expected DV; Found AY
Value at index 100 differs. Expected DW; Found AO
Value at index 101 differs. Expected DX; Found EG
Value at index 102 differs. Expected DY; Found AT
Value at index 104 differs. Expected EA; Found CX
Value at index 106 differs. Expected EC; Found DJ
Value at index 107 differs. Expected ED; Found CH
Value at index 108 differs. Expected EE; Found DE
Value at index 109 differs. Expected EF; Found FM
Value at index 110 differs. Expected EG; Found DX
Value at index 111 differs. Expected EH; Found BH
Value at index 112 differs. Expected EI; Found BK
Value at index 113 differs. Expected EJ; Found BW
Value at index 114 differs. Expected EK; Found FD
Value at index 115 differs. Expected EL; Found AA
Value at index 116 differs. Expected EM; Found DL
Value at index 118 differs. Expected EO; Found BP
Value at index 120 differs. Expected EQ; Found AM
Value at index 121 differs. Expected ER; Found CI
Value at index 122 differs. Expected ES; Found AJ
Value at index 123 differs. Expected ET; Found EX
Value at index 124 differs. Expected EU; Found FE
Value at index 125 differs. Expected EV; Found FK
Value at index 127 differs. Expected EX; Found FB
Value at index 128 differs. Expected EY; Found BS
Value at index 129 differs. Expected EZ; Found EO
Value at index 130 differs. Expected FA; Found ED
Value at index 131 differs. Expected FB; Found DR
Value at index 133 differs. Expected FD; Found DK
Value at index 134 differs. Expected FE; Found EU
Value at index 136 differs. Expected FG; Found CV
Value at index 137 differs. Expected FH; Found BY
Value at index 138 differs. Expected FI; Found DN
Value at index 140 differs. Expected FK; Found EV
Value at index 142 differs. Expected FM; Found AV
Value at index 143 differs. Expected FN; Found CO
Value at index 144 differs. Expected FO; Found FG
Value at index 145 differs. Expected FP; Found EH

