Invalid read count. Expected: 112; Found: 0
Invalid write count. Expected: 22; Found: 0
Value at index 3 differs. Expected D; Found H
Value at index 4 differs. Expected E; Found I
Value at index 5 differs. Expected F; Found E
Value at index 7 differs. Expected H; Found D
Value at index 8 differs. Expected I; Found F

Invalid read count. Expected: 52 052; Found: 0
Invalid write count. Expected: 7 948; Found: 0
Value at index 0 differs. Expected AA; Found BT
Value at index 1 differs. Expected AB; Found FS
Value at index 2 differs. Expected AC; Found EO
Value at index 3 differs. Expected AD; Found FC
Value at index 10 differs. Expected AK; Found BP
Value at index 11 differs. Expected AL; Found BI
Value at index 12 differs. Expected AM; Found DW
Value at index 13 differs. Expected AN; Found CP
Value at index 14 differs. Expected AO; Found ED
Value at index 15 differs. Expected AP; Found AW
Value at index 17 differs. Expected AR; Found CE
Value at index 18 differs. Expected AS; Found BS
Value at index 20 differs. Expected AU; Found AR
Value at index 21 differs. Expected AV; Found CG
Value at index 22 differs. Expected AW; Found BH
Value at index 23 differs. Expected AX; Found DH
Value at index 24 differs. Expected AY; Found FK
Value at index 29 differs. Expected BD; Found EW
Value at index 30 differs. Expected BE; Found CC
Value at index 31 differs. Expected BF; Found FD
Value at index 33 differs. Expected BH; Found CJ
Value at index 34 differs. Expected BI; Found CM
Value at index 35 differs. Expected BJ; Found BW
Value at index 37 differs. Expected BL; Found FA
Value at index 38 differs. Expected BM; Found CR
Value at index 39 differs. Expected BN; Found CL
Value at index 40 differs. Expected BO; Found DM
Value at index 41 differs. Expected BP; Found BQ
Value at index 42 differs. Expected BQ; Found CO
Value at index 43 differs. Expected BR; Found BV
Value at index 44 differs. Expected BS; Found AS
Value at index 45 differs. Expected BT; Found FE
Value at index 47 differs. Expected BV; Found EV
Value at index 48 differs. Expected BW; Found BJ
Value at index 50 differs. Expected BY; Found EM
Value at index 51 differs. Expected BZ; Found DP
Value at index 53 differs. Expected CB; Found FR
Value at index 54 differs. Expected CC; Found AO
Value at index 55 differs. Expected CD; Found DK
Value at index 56 differs. Expected CE; Found EH
Value at index 58 differs. Expected CG; Found BO
Value at index 59 differs. Expected CH; Found DY
Value at index 61 differs. Expected CJ; Found AP
Value at index 62 differs. Expected CK; Found DN
Value at index 63 differs. Expected CL; Found CN
Value at index 64 differs. Expected CM; Found AL
Value at index 65 differs. Expected CN; Found DX
Value at index 66 differs. Expected CO; Found AK
Value at index 67 differs. Expected CP; Found DB
Value at index 69 differs. Expected CR; Found BM
Value at index 70 differs. Expected CS; Found BN
Value at index 72 differs. Expected CU; Found BE
Value at index 79 differs. Expected DB; Found AN
Value at index 82 differs. Expected DE; Found EZ
Value at index 83 differs. Expected DF; Found DJ
Value at index 85 differs. Expected DH; Found AC
Value at index 87 differs. Expected DJ; Found EK
Value at index 88 differs. Expected DK; Found CD
Value at index 90 differs. Expected DM; Found AV
Value at index 91 differs. Expected DN; Found EE
Value at index 93 differs. Expected DP; Found BZ
Value at index 95 differs. Expected DR; Found DS
Value at index 96 differs. Expected DS; Found DR
Value at index 100 differs. Expected DW; Found AM
Value at index 101 differs. Expected DX; Found CU
Value at index 102 differs. Expected DY; Found FB
Value at index 104 differs. Expected EA; Found EG
Value at index 106 differs. Expected EC; Found AX
Value at index 107 differs. Expected ED; Found BL
Value at index 108 differs. Expected EE; Found CK
Value at index 110 differs. Expected EG; Found EA
Value at index 111 differs. Expected EH; Found FL
Value at index 114 differs. Expected EK; Found DF
Value at index 116 differs. Expected EM; Found EN
Value at index 117 differs. Expected EN; Found BY
Value at index 118 differs. Expected EO; Found EC
Value at index 119 differs. Expected EP; Found FI
Value at index 122 differs. Expected ES; Found AA
Value at index 123 differs. Expected ET; Found FO
Value at index 125 differs. Expected EV; Found ES
Value at index 126 differs. Expected EW; Found BD
Value at index 129 differs. Expected EZ; Found DE
Value at index 130 differs. Expected FA; Found CS
Value at index 131 differs. Expected FB; Found CH
Value at index 132 differs. Expected FC; Found AD
Value at index 133 differs. Expected FD; Found BF
Value at index 134 differs. Expected FE; Found FT
Value at index 138 differs. Expected FI; Found EP
Value at index 140 differs. Expected FK; Found AY
Value at index 141 differs. Expected FL; Found AU
Value at index 142 differs. Expected FM; Found CB
Value at index 144 differs. Expected FO; Found FM
Value at index 147 differs. Expected FR; Found ET
Value at index 148 differs. Expected FS; Found AB
Value at index 149 differs. Expected FT; Found BR

