Invalid read count. Expected: 84; Found: 0
Invalid write count. Expected: 12; Found: 0
Value at index 3 differs. Expected D; Found E
Value at index 4 differs. Expected E; Found D
Value at index 5 differs. Expected F; Found H
Value at index 7 differs. Expected H; Found J
Value at index 8 differs. Expected I; Found F
Value at index 9 differs. Expected J; Found I

Invalid read count. Expected: 50 178; Found: 0
Invalid write count. Expected: 8 756; Found: 0
Value at index 0 differs. Expected AA; Found CS
Value at index 1 differs. Expected AB; Found CW
Value at index 2 differs. Expected AC; Found EX
Value at index 3 differs. Expected AD; Found BY
Value at index 4 differs. Expected AE; Found BO
Value at index 5 differs. Expected AF; Found CH
Value at index 6 differs. Expected AG; Found DB
Value at index 7 differs. Expected AH; Found DJ
Value at index 10 differs. Expected AK; Found EZ
Value at index 11 differs. Expected AL; Found DW
Value at index 13 differs. Expected AN; Found CX
Value at index 14 differs. Expected AO; Found AE
Value at index 15 differs. Expected AP; Found AX
Value at index 16 differs. Expected AQ; Found EN
Value at index 17 differs. Expected AR; Found AT
Value at index 19 differs. Expected AT; Found DM
Value at index 20 differs. Expected AU; Found BJ
Value at index 21 differs. Expected AV; Found AB
Value at index 23 differs. Expected AX; Found CZ
Value at index 25 differs. Expected AZ; Found FP
Value at index 26 differs. Expected BA; Found CL
Value at index 27 differs. Expected BB; Found AQ
Value at index 28 differs. Expected BC; Found FJ
Value at index 30 differs. Expected BE; Found EC
Value at index 31 differs. Expected BF; Found FI
Value at index 32 differs. Expected BG; Found BQ
Value at index 33 differs. Expected BH; Found AV
Value at index 34 differs. Expected BI; Found EJ
Value at index 35 differs. Expected BJ; Found AA
Value at index 37 differs. Expected BL; Found DY
Value at index 39 differs. Expected BN; Found CK
Value at index 40 differs. Expected BO; Found BV
Value at index 41 differs. Expected BP; Found DU
Value at index 42 differs. Expected BQ; Found AU
Value at index 43 differs. Expected BR; Found EI
Value at index 46 differs. Expected BU; Found CN
Value at index 47 differs. Expected BV; Found EV
Value at index 48 differs. Expected BW; Found BA
Value at index 50 differs. Expected BY; Found DR
Value at index 51 differs. Expected BZ; Found DG
Value at index 52 differs. Expected CA; Found EB
Value at index 55 differs. Expected CD; Found EH
Value at index 56 differs. Expected CE; Found DD
Value at index 59 differs. Expected CH; Found BU
Value at index 60 differs. Expected CI; Found ED
Value at index 61 differs. Expected CJ; Found CE
Value at index 62 differs. Expected CK; Found BN
Value at index 63 differs. Expected CL; Found AD
Value at index 64 differs. Expected CM; Found BP
Value at index 65 differs. Expected CN; Found AF
Value at index 68 differs. Expected CQ; Found EU
Value at index 69 differs. Expected CR; Found EY
Value at index 70 differs. Expected CS; Found BI
Value at index 73 differs. Expected CV; Found FQ
Value at index 74 differs. Expected CW; Found BH
Value at index 75 differs. Expected CX; Found DE
Value at index 76 differs. Expected CY; Found FA
Value at index 77 differs. Expected CZ; Found AP
Value at index 79 differs. Expected DB; Found CD
Value at index 81 differs. Expected DD; Found BG
Value at index 82 differs. Expected DE; Found AN
Value at index 83 differs. Expected DF; Found EP
Value at index 84 differs. Expected DG; Found BZ
Value at index 85 differs. Expected DH; Found EA
Value at index 86 differs. Expected DI; Found DK
Value at index 87 differs. Expected DJ; Found EL
Value at index 88 differs. Expected DK; Found DS
Value at index 90 differs. Expected DM; Found DZ
Value at index 95 differs. Expected DR; Found CY
Value at index 96 differs. Expected DS; Found DI
Value at index 98 differs. Expected DU; Found CM
Value at index 99 differs. Expected DV; Found BW
Value at index 100 differs. Expected DW; Found FT
Value at index 102 differs. Expected DY; Found BL
Value at index 103 differs. Expected DZ; Found AR
Value at index 104 differs. Expected EA; Found DH
Value at index 105 differs. Expected EB; Found AO
Value at index 106 differs. Expected EC; Found BE
Value at index 107 differs. Expected ED; Found CV
Value at index 108 differs. Expected EE; Found BR
Value at index 111 differs. Expected EH; Found EM
Value at index 112 differs. Expected EI; Found FH
Value at index 113 differs. Expected EJ; Found AK
Value at index 115 differs. Expected EL; Found AH
Value at index 116 differs. Expected EM; Found AG
Value at index 117 differs. Expected EN; Found FE
Value at index 118 differs. Expected EO; Found AC
Value at index 119 differs. Expected EP; Found DF
Value at index 123 differs. Expected ET; Found AZ
Value at index 124 differs. Expected EU; Found BB
Value at index 125 differs. Expected EV; Found CA
Value at index 127 differs. Expected EX; Found FS
Value at index 128 differs. Expected EY; Found CR
Value at index 129 differs. Expected EZ; Found CJ
Value at index 130 differs. Expected FA; Found DV
Value at index 133 differs. Expected FD; Found BF
Value at index 134 differs. Expected FE; Found FN
Value at index 136 differs. Expected FG; Found FL
Value at index 137 differs. Expected FH; Found EE
Value at index 138 differs. Expected FI; Found FD
Value at index 139 differs. Expected FJ; Found BC
Value at index 141 differs. Expected FL; Found FG
Value at index 143 differs. Expected FN; Found CQ
Value at index 145 differs. Expected FP; Found FR
Value at index 146 differs. Expected FQ; Found CI
Value at index 147 differs. Expected FR; Found ET
Value at index 148 differs. Expected FS; Found EO
Value at index 149 differs. Expected FT; Found AL

