Invalid read count. Expected: 198; Found: 0
Invalid write count. Expected: 54; Found: 0
Value at index 0 differs. Expected A; Found H
Value at index 1 differs. Expected B; Found I
Value at index 3 differs. Expected D; Found A
Value at index 4 differs. Expected E; Found J
Value at index 5 differs. Expected F; Found D
Value at index 7 differs. Expected H; Found F
Value at index 8 differs. Expected I; Found B
Value at index 9 differs. Expected J; Found E

Invalid read count. Expected: 45,830; Found: 0
Invalid write count. Expected: 8,580; Found: 0
Value at index 0 differs. Expected AA; Found EZ
Value at index 1 differs. Expected AB; Found BV
Value at index 2 differs. Expected AC; Found CB
Value at index 3 differs. Expected AD; Found AH
Value at index 4 differs. Expected AE; Found EI
Value at index 5 differs. Expected AF; Found BM
Value at index 6 differs. Expected AG; Found DM
Value at index 7 differs. Expected AH; Found AG
Value at index 8 differs. Expected AI; Found BR
Value at index 9 differs. Expected AJ; Found CC
Value at index 11 differs. Expected AL; Found AN
Value at index 12 differs. Expected AM; Found DQ
Value at index 13 differs. Expected AN; Found AL
Value at index 14 differs. Expected AO; Found FP
Value at index 15 differs. Expected AP; Found AB
Value at index 16 differs. Expected AQ; Found BA
Value at index 17 differs. Expected AR; Found BG
Value at index 19 differs. Expected AT; Found CH
Value at index 20 differs. Expected AU; Found CF
Value at index 21 differs. Expected AV; Found EL
Value at index 22 differs. Expected AW; Found BK
Value at index 23 differs. Expected AX; Found FM
Value at index 25 differs. Expected AZ; Found CM
Value at index 26 differs. Expected BA; Found FR
Value at index 27 differs. Expected BB; Found DX
Value at index 28 differs. Expected BC; Found BB
Value at index 29 differs. Expected BD; Found FH
Value at index 30 differs. Expected BE; Found CN
Value at index 31 differs. Expected BF; Found DB
Value at index 32 differs. Expected BG; Found DY
Value at index 33 differs. Expected BH; Found AE
Value at index 34 differs. Expected BI; Found BJ
Value at index 35 differs. Expected BJ; Found EX
Value at index 36 differs. Expected BK; Found AM
Value at index 37 differs. Expected BL; Found EK
Value at index 38 differs. Expected BM; Found CL
Value at index 41 differs. Expected BP; Found FN
Value at index 43 differs. Expected BR; Found AI
Value at index 44 differs. Expected BS; Found DC
Value at index 45 differs. Expected BT; Found FA
Value at index 47 differs. Expected BV; Found CR
Value at index 48 differs. Expected BW; Found AZ
Value at index 52 differs. Expected CA; Found CD
Value at index 53 differs. Expected CB; Found FF
Value at index 54 differs. Expected CC; Found FS
Value at index 55 differs. Expected CD; Found DF
Value at index 57 differs. Expected CF; Found ER
Value at index 59 differs. Expected CH; Found AT
Value at index 61 differs. Expected CJ; Found EB
Value at index 63 differs. Expected CL; Found ES
Value at index 64 differs. Expected CM; Found BW
Value at index 65 differs. Expected CN; Found BE
Value at index 66 differs. Expected CO; Found DA
Value at index 68 differs. Expected CQ; Found BS
Value at index 69 differs. Expected CR; Found AP
Value at index 70 differs. Expected CS; Found EW
Value at index 71 differs. Expected CT; Found AW
Value at index 73 differs. Expected CV; Found DS
Value at index 74 differs. Expected CW; Found AC
Value at index 75 differs. Expected CX; Found AJ
Value at index 77 differs. Expected CZ; Found BH
Value at index 78 differs. Expected DA; Found CO
Value at index 79 differs. Expected DB; Found BF
Value at index 80 differs. Expected DC; Found DI
Value at index 81 differs. Expected DD; Found DR
Value at index 83 differs. Expected DF; Found FE
Value at index 86 differs. Expected DI; Found CQ
Value at index 90 differs. Expected DM; Found AD
Value at index 91 differs. Expected DN; Found CA
Value at index 93 differs. Expected DP; Found EF
Value at index 94 differs. Expected DQ; Found EA
Value at index 95 differs. Expected DR; Found EM
Value at index 96 differs. Expected DS; Found CV
Value at index 97 differs. Expected DT; Found BD
Value at index 98 differs. Expected DU; Found EH
Value at index 101 differs. Expected DX; Found BC
Value at index 102 differs. Expected DY; Found AR
Value at index 103 differs. Expected DZ; Found DN
Value at index 104 differs. Expected EA; Found CT
Value at index 105 differs. Expected EB; Found CJ
Value at index 106 differs. Expected EC; Found EP
Value at index 108 differs. Expected EE; Found AQ
Value at index 109 differs. Expected EF; Found DP
Value at index 111 differs. Expected EH; Found AO
Value at index 112 differs. Expected EI; Found CZ
Value at index 114 differs. Expected EK; Found AV
Value at index 115 differs. Expected EL; Found BL
Value at index 116 differs. Expected EM; Found DD
Value at index 119 differs. Expected EP; Found EC
Value at index 121 differs. Expected ER; Found AU
Value at index 122 differs. Expected ES; Found AF
Value at index 123 differs. Expected ET; Found EY
Value at index 124 differs. Expected EU; Found AA
Value at index 126 differs. Expected EW; Found DT
Value at index 127 differs. Expected EX; Found BI
Value at index 128 differs. Expected EY; Found ET
Value at index 129 differs. Expected EZ; Found EU
Value at index 130 differs. Expected FA; Found BT
Value at index 134 differs. Expected FE; Found DZ
Value at index 135 differs. Expected FF; Found CW
Value at index 137 differs. Expected FH; Found CS
Value at index 142 differs. Expected FM; Found AX
Value at index 143 differs. Expected FN; Found BP
Value at index 145 differs. Expected FP; Found DU
Value at index 147 differs. Expected FR; Found EE
Value at index 148 differs. Expected FS; Found CX

