Invalid read count. Expected: 140; Found: 26
Invalid write count. Expected: 50; Found: 12
Value at index 0 differs. Expected A; Found G
Value at index 1 differs. Expected B; Found C
Value at index 2 differs. Expected C; Found D
Value at index 3 differs. Expected D; Found E
Value at index 4 differs. Expected E; Found F
Value at index 5 differs. Expected F; Found B
Value at index 6 differs. Expected G; Found H
Value at index 7 differs. Expected H; Found J
Value at index 9 differs. Expected J; Found A

Invalid read count. Expected: 30 882; Found: 6
Invalid write count. Expected: 8 664; Found: 2
Value at index 0 differs. Expected AA; Found AB
Value at index 1 differs. Expected AB; Found FA
Value at index 2 differs. Expected AC; Found FJ
Value at index 4 differs. Expected AE; Found FD
Value at index 7 differs. Expected AH; Found FG
Value at index 8 differs. Expected AI; Found CJ
Value at index 9 differs. Expected AJ; Found DC
Value at index 10 differs. Expected AK; Found DF
Value at index 11 differs. Expected AL; Found AP
Value at index 14 differs. Expected AO; Found CU
Value at index 15 differs. Expected AP; Found AL
Value at index 17 differs. Expected AR; Found DV
Value at index 18 differs. Expected AS; Found BM
Value at index 20 differs. Expected AU; Found FN
Value at index 21 differs. Expected AV; Found BT
Value at index 22 differs. Expected AW; Found FL
Value at index 23 differs. Expected AX; Found CV
Value at index 24 differs. Expected AY; Found AV
Value at index 27 differs. Expected BB; Found CH
Value at index 30 differs. Expected BE; Found BP
Value at index 32 differs. Expected BG; Found DB
Value at index 33 differs. Expected BH; Found BE
Value at index 34 differs. Expected BI; Found FC
Value at index 37 differs. Expected BL; Found AH
Value at index 38 differs. Expected BM; Found FM
Value at index 39 differs. Expected BN; Found ET
Value at index 41 differs. Expected BP; Found EA
Value at index 42 differs. Expected BQ; Found DT
Value at index 43 differs. Expected BR; Found BG
Value at index 44 differs. Expected BS; Found EH
Value at index 45 differs. Expected BT; Found AY
Value at index 46 differs. Expected BU; Found FB
Value at index 47 differs. Expected BV; Found FQ
Value at index 48 differs. Expected BW; Found BX
Value at index 49 differs. Expected BX; Found BW
Value at index 50 differs. Expected BY; Found EN
Value at index 51 differs. Expected BZ; Found AJ
Value at index 52 differs. Expected CA; Found DH
Value at index 53 differs. Expected CB; Found EG
Value at index 55 differs. Expected CD; Found CG
Value at index 56 differs. Expected CE; Found BL
Value at index 57 differs. Expected CF; Found BS
Value at index 58 differs. Expected CG; Found CM
Value at index 59 differs. Expected CH; Found BB
Value at index 60 differs. Expected CI; Found DQ
Value at index 61 differs. Expected CJ; Found AI
Value at index 62 differs. Expected CK; Found CS
Value at index 64 differs. Expected CM; Found AA
Value at index 65 differs. Expected CN; Found EZ
Value at index 66 differs. Expected CO; Found AW
Value at index 67 differs. Expected CP; Found FH
Value at index 70 differs. Expected CS; Found CK
Value at index 72 differs. Expected CU; Found DZ
Value at index 73 differs. Expected CV; Found DA
Value at index 75 differs. Expected CX; Found CY
Value at index 76 differs. Expected CY; Found EU
Value at index 78 differs. Expected DA; Found EI
Value at index 79 differs. Expected DB; Found ER
Value at index 80 differs. Expected DC; Found BY
Value at index 82 differs. Expected DE; Found DG
Value at index 83 differs. Expected DF; Found AK
Value at index 84 differs. Expected DG; Found DE
Value at index 85 differs. Expected DH; Found CA
Value at index 86 differs. Expected DI; Found CB
Value at index 87 differs. Expected DJ; Found FR
Value at index 88 differs. Expected DK; Found EF
Value at index 91 differs. Expected DN; Found CI
Value at index 93 differs. Expected DP; Found BQ
Value at index 94 differs. Expected DQ; Found BU
Value at index 95 differs. Expected DR; Found CD
Value at index 97 differs. Expected DT; Found DP
Value at index 99 differs. Expected DV; Found BH
Value at index 102 differs. Expected DY; Found EY
Value at index 103 differs. Expected DZ; Found AO
Value at index 104 differs. Expected EA; Found EJ
Value at index 105 differs. Expected EB; Found AR
Value at index 106 differs. Expected EC; Found BN
Value at index 107 differs. Expected ED; Found AC
Value at index 109 differs. Expected EF; Found DK
Value at index 110 differs. Expected EG; Found FP
Value at index 111 differs. Expected EH; Found CF
Value at index 112 differs. Expected EI; Found AX
Value at index 113 differs. Expected EJ; Found DI
Value at index 115 differs. Expected EL; Found BV
Value at index 117 differs. Expected EN; Found FE
Value at index 119 differs. Expected EP; Found CO
Value at index 121 differs. Expected ER; Found BR
Value at index 123 differs. Expected ET; Found DJ
Value at index 124 differs. Expected EU; Found CX
Value at index 128 differs. Expected EY; Found DY
Value at index 129 differs. Expected EZ; Found CN
Value at index 130 differs. Expected FA; Found DR
Value at index 131 differs. Expected FB; Found DN
Value at index 132 differs. Expected FC; Found BI
Value at index 133 differs. Expected FD; Found EC
Value at index 134 differs. Expected FE; Found BZ
Value at index 136 differs. Expected FG; Found CE
Value at index 137 differs. Expected FH; Found CP
Value at index 139 differs. Expected FJ; Found ED
Value at index 141 differs. Expected FL; Found AE
Value at index 142 differs. Expected FM; Found EL
Value at index 143 differs. Expected FN; Found AS
Value at index 145 differs. Expected FP; Found EB
Value at index 146 differs. Expected FQ; Found AU
Value at index 147 differs. Expected FR; Found EP

