Invalid read count. Expected: 136; Found: 0
Invalid write count. Expected: 46; Found: 0
Value at index 0 differs. Expected A; Found C
Value at index 1 differs. Expected B; Found H
Value at index 2 differs. Expected C; Found D
Value at index 3 differs. Expected D; Found E
Value at index 4 differs. Expected E; Found J
Value at index 5 differs. Expected F; Found G
Value at index 6 differs. Expected G; Found F
Value at index 7 differs. Expected H; Found A
Value at index 9 differs. Expected J; Found B

Invalid read count. Expected: 30 908; Found: 0
Invalid write count. Expected: 8 938; Found: 0
Value at index 0 differs. Expected AA; Found AD
Value at index 1 differs. Expected AB; Found FA
Value at index 3 differs. Expected AD; Found DZ
Value at index 6 differs. Expected AG; Found AR
Value at index 7 differs. Expected AH; Found DH
Value at index 8 differs. Expected AI; Found CW
Value at index 9 differs. Expected AJ; Found EX
Value at index 10 differs. Expected AK; Found AU
Value at index 11 differs. Expected AL; Found BT
Value at index 12 differs. Expected AM; Found DW
Value at index 14 differs. Expected AO; Found BH
Value at index 17 differs. Expected AR; Found AG
Value at index 20 differs. Expected AU; Found CM
Value at index 21 differs. Expected AV; Found EE
Value at index 22 differs. Expected AW; Found EU
Value at index 23 differs. Expected AX; Found BA
Value at index 25 differs. Expected AZ; Found DP
Value at index 26 differs. Expected BA; Found FR
Value at index 29 differs. Expected BD; Found CZ
Value at index 30 differs. Expected BE; Found AX
Value at index 31 differs. Expected BF; Found EZ
Value at index 32 differs. Expected BG; Found EW
Value at index 33 differs. Expected BH; Found AO
Value at index 35 differs. Expected BJ; Found DV
Value at index 36 differs. Expected BK; Found FT
Value at index 38 differs. Expected BM; Found EJ
Value at index 39 differs. Expected BN; Found BD
Value at index 41 differs. Expected BP; Found DK
Value at index 42 differs. Expected BQ; Found DS
Value at index 43 differs. Expected BR; Found CD
Value at index 44 differs. Expected BS; Found EM
Value at index 45 differs. Expected BT; Found AA
Value at index 46 differs. Expected BU; Found FM
Value at index 47 differs. Expected BV; Found EG
Value at index 48 differs. Expected BW; Found FJ
Value at index 49 differs. Expected BX; Found DD
Value at index 50 differs. Expected BY; Found ES
Value at index 51 differs. Expected BZ; Found AM
Value at index 52 differs. Expected CA; Found DB
Value at index 53 differs. Expected CB; Found DN
Value at index 54 differs. Expected CC; Found BX
Value at index 55 differs. Expected CD; Found CI
Value at index 56 differs. Expected CE; Found BP
Value at index 60 differs. Expected CI; Found BF
Value at index 64 differs. Expected CM; Found CU
Value at index 65 differs. Expected CN; Found EB
Value at index 66 differs. Expected CO; Found FE
Value at index 69 differs. Expected CR; Found FG
Value at index 71 differs. Expected CT; Found FS
Value at index 72 differs. Expected CU; Found AK
Value at index 73 differs. Expected CV; Found EF
Value at index 74 differs. Expected CW; Found AW
Value at index 76 differs. Expected CY; Found CA
Value at index 77 differs. Expected CZ; Found EH
Value at index 78 differs. Expected DA; Found FF
Value at index 79 differs. Expected DB; Found CY
Value at index 80 differs. Expected DC; Found CR
Value at index 81 differs. Expected DD; Found CC
Value at index 82 differs. Expected DE; Found CB
Value at index 85 differs. Expected DH; Found AH
Value at index 88 differs. Expected DK; Found CE
Value at index 89 differs. Expected DL; Found EQ
Value at index 91 differs. Expected DN; Found DE
Value at index 93 differs. Expected DP; Found AZ
Value at index 94 differs. Expected DQ; Found FH
Value at index 96 differs. Expected DS; Found BQ
Value at index 97 differs. Expected DT; Found BW
Value at index 99 differs. Expected DV; Found BJ
Value at index 100 differs. Expected DW; Found CV
Value at index 103 differs. Expected DZ; Found AL
Value at index 105 differs. Expected EB; Found CN
Value at index 107 differs. Expected ED; Found EP
Value at index 108 differs. Expected EE; Found FB
Value at index 109 differs. Expected EF; Found BZ
Value at index 110 differs. Expected EG; Found DA
Value at index 111 differs. Expected EH; Found BN
Value at index 112 differs. Expected EI; Found EN
Value at index 113 differs. Expected EJ; Found BM
Value at index 116 differs. Expected EM; Found EO
Value at index 117 differs. Expected EN; Found ET
Value at index 118 differs. Expected EO; Found BS
Value at index 119 differs. Expected EP; Found ED
Value at index 120 differs. Expected EQ; Found DL
Value at index 122 differs. Expected ES; Found EI
Value at index 123 differs. Expected ET; Found BY
Value at index 124 differs. Expected EU; Found AI
Value at index 126 differs. Expected EW; Found BG
Value at index 127 differs. Expected EX; Found AJ
Value at index 129 differs. Expected EZ; Found DC
Value at index 130 differs. Expected FA; Found AB
Value at index 131 differs. Expected FB; Found AV
Value at index 134 differs. Expected FE; Found CO
Value at index 135 differs. Expected FF; Found BV
Value at index 136 differs. Expected FG; Found BR
Value at index 137 differs. Expected FH; Found DQ
Value at index 139 differs. Expected FJ; Found DT
Value at index 142 differs. Expected FM; Found BU
Value at index 146 differs. Expected FQ; Found BK
Value at index 147 differs. Expected FR; Found BE
Value at index 148 differs. Expected FS; Found CT
Value at index 149 differs. Expected FT; Found FQ

