Invalid read count. Expected: 136; Found: 0
Invalid write count. Expected: 48; Found: 0
Value at index 0 differs. Expected A; Found E
Value at index 1 differs. Expected B; Found I
Value at index 2 differs. Expected C; Found H
Value at index 4 differs. Expected E; Found A
Value at index 5 differs. Expected F; Found C
Value at index 7 differs. Expected H; Found F
Value at index 8 differs. Expected I; Found B

Invalid read count. Expected: 32 758; Found: 0
Invalid write count. Expected: 10 464; Found: 0
Value at index 0 differs. Expected AA; Found DC
Value at index 1 differs. Expected AB; Found EC
Value at index 2 differs. Expected AC; Found CA
Value at index 3 differs. Expected AD; Found FH
Value at index 4 differs. Expected AE; Found FI
Value at index 5 differs. Expected AF; Found DZ
Value at index 6 differs. Expected AG; Found EF
Value at index 7 differs. Expected AH; Found FS
Value at index 8 differs. Expected AI; Found BS
Value at index 9 differs. Expected AJ; Found AM
Value at index 10 differs. Expected AK; Found AQ
Value at index 11 differs. Expected AL; Found CJ
Value at index 12 differs. Expected AM; Found AJ
Value at index 15 differs. Expected AP; Found FF
Value at index 16 differs. Expected AQ; Found BN
Value at index 17 differs. Expected AR; Found EK
Value at index 18 differs. Expected AS; Found CM
Value at index 19 differs. Expected AT; Found FQ
Value at index 20 differs. Expected AU; Found CQ
Value at index 21 differs. Expected AV; Found AI
Value at index 22 differs. Expected AW; Found FB
Value at index 23 differs. Expected AX; Found EE
Value at index 24 differs. Expected AY; Found FK
Value at index 25 differs. Expected AZ; Found BK
Value at index 27 differs. Expected BB; Found CT
Value at index 33 differs. Expected BH; Found DW
Value at index 34 differs. Expected BI; Found EO
Value at index 35 differs. Expected BJ; Found FT
Value at index 36 differs. Expected BK; Found DD
Value at index 37 differs. Expected BL; Found FL
Value at index 38 differs. Expected BM; Found EL
Value at index 39 differs. Expected BN; Found CB
Value at index 40 differs. Expected BO; Found DJ
Value at index 44 differs. Expected BS; Found CW
Value at index 47 differs. Expected BV; Found EQ
Value at index 48 differs. Expected BW; Found EN
Value at index 49 differs. Expected BX; Found ER
Value at index 50 differs. Expected BY; Found CU
Value at index 52 differs. Expected CA; Found BY
Value at index 53 differs. Expected CB; Found EY
Value at index 55 differs. Expected CD; Found DS
Value at index 58 differs. Expected CG; Found EJ
Value at index 60 differs. Expected CI; Found DB
Value at index 61 differs. Expected CJ; Found AV
Value at index 63 differs. Expected CL; Found EV
Value at index 64 differs. Expected CM; Found AS
Value at index 66 differs. Expected CO; Found DQ
Value at index 68 differs. Expected CQ; Found AU
Value at index 69 differs. Expected CR; Found ET
Value at index 70 differs. Expected CS; Found AD
Value at index 71 differs. Expected CT; Found BB
Value at index 72 differs. Expected CU; Found CO
Value at index 73 differs. Expected CV; Found AB
Value at index 74 differs. Expected CW; Found AL
Value at index 75 differs. Expected CX; Found CS
Value at index 76 differs. Expected CY; Found FJ
Value at index 77 differs. Expected CZ; Found FA
Value at index 78 differs. Expected DA; Found AP
Value at index 79 differs. Expected DB; Found CX
Value at index 80 differs. Expected DC; Found AZ
Value at index 81 differs. Expected DD; Found BL
Value at index 85 differs. Expected DH; Found BM
Value at index 86 differs. Expected DI; Found AR
Value at index 87 differs. Expected DJ; Found BO
Value at index 93 differs. Expected DP; Found AC
Value at index 94 differs. Expected DQ; Found EH
Value at index 96 differs. Expected DS; Found DY
Value at index 98 differs. Expected DU; Found FO
Value at index 99 differs. Expected DV; Found CY
Value at index 100 differs. Expected DW; Found CI
Value at index 102 differs. Expected DY; Found BX
Value at index 103 differs. Expected DZ; Found FD
Value at index 104 differs. Expected EA; Found CL
Value at index 105 differs. Expected EB; Found FM
Value at index 106 differs. Expected EC; Found CG
Value at index 108 differs. Expected EE; Found AX
Value at index 109 differs. Expected EF; Found AG
Value at index 110 differs. Expected EG; Found AE
Value at index 111 differs. Expected EH; Found DP
Value at index 113 differs. Expected EJ; Found AK
Value at index 114 differs. Expected EK; Found FN
Value at index 115 differs. Expected EL; Found DH
Value at index 116 differs. Expected EM; Found AF
Value at index 117 differs. Expected EN; Found BW
Value at index 118 differs. Expected EO; Found BJ
Value at index 119 differs. Expected EP; Found EX
Value at index 120 differs. Expected EQ; Found BV
Value at index 121 differs. Expected ER; Found CD
Value at index 123 differs. Expected ET; Found CR
Value at index 124 differs. Expected EU; Found AA
Value at index 125 differs. Expected EV; Found EP
Value at index 127 differs. Expected EX; Found EA
Value at index 128 differs. Expected EY; Found CV
Value at index 129 differs. Expected EZ; Found FE
Value at index 130 differs. Expected FA; Found CZ
Value at index 131 differs. Expected FB; Found BH
Value at index 133 differs. Expected FD; Found EM
Value at index 134 differs. Expected FE; Found BI
Value at index 135 differs. Expected FF; Found DA
Value at index 137 differs. Expected FH; Found DU
Value at index 138 differs. Expected FI; Found EG
Value at index 139 differs. Expected FJ; Found DV
Value at index 140 differs. Expected FK; Found EU
Value at index 141 differs. Expected FL; Found AY
Value at index 142 differs. Expected FM; Found EB
Value at index 143 differs. Expected FN; Found DI
Value at index 144 differs. Expected FO; Found AW
Value at index 146 differs. Expected FQ; Found AT
Value at index 148 differs. Expected FS; Found AH
Value at index 149 differs. Expected FT; Found EZ

