Invalid read count. Expected: 124; Found: 14
Invalid write count. Expected: 34; Found: 6
Value at index 0 differs. Expected A; Found B
Value at index 1 differs. Expected B; Found C
Value at index 2 differs. Expected C; Found D
Value at index 3 differs. Expected D; Found F
Value at index 4 differs. Expected E; Found H
Value at index 5 differs. Expected F; Found I
Value at index 7 differs. Expected H; Found E
Value at index 8 differs. Expected I; Found A

Invalid read count. Expected: 30 828; Found: 2
Invalid write count. Expected: 9 030; Found: 0
Value at index 0 differs. Expected AA; Found CS
Value at index 1 differs. Expected AB; Found FB
Value at index 2 differs. Expected AC; Found DY
Value at index 3 differs. Expected AD; Found FJ
Value at index 4 differs. Expected AE; Found DU
Value at index 9 differs. Expected AJ; Found FM
Value at index 12 differs. Expected AM; Found EM
Value at index 14 differs. Expected AO; Found EK
Value at index 16 differs. Expected AQ; Found AR
Value at index 17 differs. Expected AR; Found AQ
Value at index 18 differs. Expected AS; Found BH
Value at index 19 differs. Expected AT; Found FO
Value at index 25 differs. Expected AZ; Found FQ
Value at index 26 differs. Expected BA; Found BG
Value at index 29 differs. Expected BD; Found CH
Value at index 30 differs. Expected BE; Found BM
Value at index 31 differs. Expected BF; Found EY
Value at index 32 differs. Expected BG; Found ED
Value at index 33 differs. Expected BH; Found AS
Value at index 34 differs. Expected BI; Found DM
Value at index 35 differs. Expected BJ; Found ET
Value at index 36 differs. Expected BK; Found DD
Value at index 37 differs. Expected BL; Found EU
Value at index 38 differs. Expected BM; Found DL
Value at index 39 differs. Expected BN; Found AE
Value at index 41 differs. Expected BP; Found EQ
Value at index 42 differs. Expected BQ; Found CY
Value at index 44 differs. Expected BS; Found BY
Value at index 45 differs. Expected BT; Found DV
Value at index 47 differs. Expected BV; Found CG
Value at index 48 differs. Expected BW; Found AA
Value at index 50 differs. Expected BY; Found AB
Value at index 52 differs. Expected CA; Found EL
Value at index 53 differs. Expected CB; Found EI
Value at index 54 differs. Expected CC; Found EX
Value at index 55 differs. Expected CD; Found DC
Value at index 56 differs. Expected CE; Found FE
Value at index 57 differs. Expected CF; Found FT
Value at index 58 differs. Expected CG; Found AD
Value at index 59 differs. Expected CH; Found DK
Value at index 60 differs. Expected CI; Found FN
Value at index 61 differs. Expected CJ; Found BK
Value at index 62 differs. Expected CK; Found AZ
Value at index 65 differs. Expected CN; Found DI
Value at index 66 differs. Expected CO; Found FC
Value at index 68 differs. Expected CQ; Found DE
Value at index 70 differs. Expected CS; Found BJ
Value at index 71 differs. Expected CT; Found EW
Value at index 73 differs. Expected CV; Found BQ
Value at index 75 differs. Expected CX; Found CQ
Value at index 76 differs. Expected CY; Found CT
Value at index 77 differs. Expected CZ; Found AJ
Value at index 78 differs. Expected DA; Found BL
Value at index 80 differs. Expected DC; Found CD
Value at index 81 differs. Expected DD; Found ER
Value at index 82 differs. Expected DE; Found CX
Value at index 86 differs. Expected DI; Found CN
Value at index 88 differs. Expected DK; Found DP
Value at index 89 differs. Expected DL; Found EF
Value at index 90 differs. Expected DM; Found DQ
Value at index 91 differs. Expected DN; Found FP
Value at index 92 differs. Expected DO; Found DS
Value at index 93 differs. Expected DP; Found EZ
Value at index 94 differs. Expected DQ; Found BI
Value at index 96 differs. Expected DS; Found DX
Value at index 98 differs. Expected DU; Found CA
Value at index 99 differs. Expected DV; Found BA
Value at index 101 differs. Expected DX; Found AO
Value at index 102 differs. Expected DY; Found AC
Value at index 103 differs. Expected DZ; Found CC
Value at index 104 differs. Expected EA; Found EO
Value at index 105 differs. Expected EB; Found EC
Value at index 106 differs. Expected EC; Found EB
Value at index 107 differs. Expected ED; Found BT
Value at index 108 differs. Expected EE; Found FG
Value at index 109 differs. Expected EF; Found BE
Value at index 112 differs. Expected EI; Found EP
Value at index 113 differs. Expected EJ; Found FL
Value at index 114 differs. Expected EK; Found BD
Value at index 115 differs. Expected EL; Found BN
Value at index 116 differs. Expected EM; Found AM
Value at index 118 differs. Expected EO; Found FD
Value at index 119 differs. Expected EP; Found CB
Value at index 120 differs. Expected EQ; Found BP
Value at index 121 differs. Expected ER; Found CJ
Value at index 123 differs. Expected ET; Found BW
Value at index 124 differs. Expected EU; Found DA
Value at index 125 differs. Expected EV; Found DO
Value at index 126 differs. Expected EW; Found CV
Value at index 127 differs. Expected EX; Found DZ
Value at index 128 differs. Expected EY; Found BF
Value at index 129 differs. Expected EZ; Found EV
Value at index 130 differs. Expected FA; Found CZ
Value at index 131 differs. Expected FB; Found BS
Value at index 132 differs. Expected FC; Found FH
Value at index 133 differs. Expected FD; Found FR
Value at index 134 differs. Expected FE; Found CE
Value at index 136 differs. Expected FG; Found BV
Value at index 137 differs. Expected FH; Found CO
Value at index 138 differs. Expected FI; Found EJ
Value at index 139 differs. Expected FJ; Found EE
Value at index 141 differs. Expected FL; Found FI
Value at index 142 differs. Expected FM; Found CK
Value at index 143 differs. Expected FN; Found CI
Value at index 144 differs. Expected FO; Found AT
Value at index 145 differs. Expected FP; Found DN
Value at index 146 differs. Expected FQ; Found FA
Value at index 147 differs. Expected FR; Found EA
Value at index 149 differs. Expected FT; Found CF

