Invalid read count. Expected: 96; Found: 2
Invalid write count. Expected: 26; Found: 0
Value at index 1 differs. Expected B; Found D
Value at index 2 differs. Expected C; Found I
Value at index 3 differs. Expected D; Found B
Value at index 4 differs. Expected E; Found F
Value at index 5 differs. Expected F; Found G
Value at index 6 differs. Expected G; Found C
Value at index 8 differs. Expected I; Found E

Invalid read count. Expected: 29 714; Found: 4
Invalid write count. Expected: 7 454; Found: 2
Value at index 0 differs. Expected AA; Found AB
Value at index 1 differs. Expected AB; Found FJ
Value at index 2 differs. Expected AC; Found AM
Value at index 3 differs. Expected AD; Found ER
Value at index 5 differs. Expected AF; Found EQ
Value at index 6 differs. Expected AG; Found BH
Value at index 7 differs. Expected AH; Found BV
Value at index 9 differs. Expected AJ; Found BT
Value at index 10 differs. Expected AK; Found CK
Value at index 11 differs. Expected AL; Found BY
Value at index 12 differs. Expected AM; Found BA
Value at index 13 differs. Expected AN; Found AP
Value at index 15 differs. Expected AP; Found EM
Value at index 17 differs. Expected AR; Found CE
Value at index 18 differs. Expected AS; Found BM
Value at index 21 differs. Expected AV; Found AH
Value at index 22 differs. Expected AW; Found CZ
Value at index 24 differs. Expected AY; Found DF
Value at index 25 differs. Expected AZ; Found DB
Value at index 26 differs. Expected BA; Found AY
Value at index 27 differs. Expected BB; Found ED
Value at index 28 differs. Expected BC; Found FR
Value at index 31 differs. Expected BF; Found FE
Value at index 33 differs. Expected BH; Found AG
Value at index 34 differs. Expected BI; Found BF
Value at index 35 differs. Expected BJ; Found CR
Value at index 38 differs. Expected BM; Found BP
Value at index 39 differs. Expected BN; Found CC
Value at index 40 differs. Expected BO; Found DT
Value at index 41 differs. Expected BP; Found AS
Value at index 42 differs. Expected BQ; Found CX
Value at index 43 differs. Expected BR; Found DC
Value at index 45 differs. Expected BT; Found AJ
Value at index 46 differs. Expected BU; Found DY
Value at index 47 differs. Expected BV; Found CP
Value at index 48 differs. Expected BW; Found CB
Value at index 49 differs. Expected BX; Found BN
Value at index 50 differs. Expected BY; Found DS
Value at index 51 differs. Expected BZ; Found AV
Value at index 52 differs. Expected CA; Found CJ
Value at index 53 differs. Expected CB; Found DR
Value at index 54 differs. Expected CC; Found DI
Value at index 55 differs. Expected CD; Found DX
Value at index 56 differs. Expected CE; Found CM
Value at index 57 differs. Expected CF; Found CS
Value at index 58 differs. Expected CG; Found DV
Value at index 59 differs. Expected CH; Found DA
Value at index 60 differs. Expected CI; Found CT
Value at index 61 differs. Expected CJ; Found CI
Value at index 62 differs. Expected CK; Found AK
Value at index 64 differs. Expected CM; Found EX
Value at index 65 differs. Expected CN; Found FA
Value at index 67 differs. Expected CP; Found BW
Value at index 69 differs. Expected CR; Found CN
Value at index 70 differs. Expected CS; Found CF
Value at index 71 differs. Expected CT; Found BI
Value at index 75 differs. Expected CX; Found BC
Value at index 76 differs. Expected CY; Found BB
Value at index 77 differs. Expected CZ; Found AW
Value at index 78 differs. Expected DA; Found FL
Value at index 79 differs. Expected DB; Found AZ
Value at index 80 differs. Expected DC; Found BR
Value at index 81 differs. Expected DD; Found DZ
Value at index 83 differs. Expected DF; Found DG
Value at index 84 differs. Expected DG; Found FQ
Value at index 86 differs. Expected DI; Found DP
Value at index 87 differs. Expected DJ; Found FF
Value at index 89 differs. Expected DL; Found EC
Value at index 91 differs. Expected DN; Found AC
Value at index 93 differs. Expected DP; Found BQ
Value at index 95 differs. Expected DR; Found BZ
Value at index 96 differs. Expected DS; Found EP
Value at index 97 differs. Expected DT; Found EE
Value at index 99 differs. Expected DV; Found EG
Value at index 101 differs. Expected DX; Found DL
Value at index 102 differs. Expected DY; Found BU
Value at index 103 differs. Expected DZ; Found FI
Value at index 104 differs. Expected EA; Found EO
Value at index 106 differs. Expected EC; Found AD
Value at index 107 differs. Expected ED; Found FD
Value at index 108 differs. Expected EE; Found BO
Value at index 110 differs. Expected EG; Found CG
Value at index 112 differs. Expected EI; Found AR
Value at index 116 differs. Expected EM; Found AN
Value at index 118 differs. Expected EO; Found EA
Value at index 119 differs. Expected EP; Found AL
Value at index 120 differs. Expected EQ; Found BJ
Value at index 121 differs. Expected ER; Found FT
Value at index 123 differs. Expected ET; Found CA
Value at index 125 differs. Expected EV; Found FB
Value at index 127 differs. Expected EX; Found EI
Value at index 130 differs. Expected FA; Found AF
Value at index 131 differs. Expected FB; Found ET
Value at index 133 differs. Expected FD; Found CY
Value at index 134 differs. Expected FE; Found EV
Value at index 135 differs. Expected FF; Found DJ
Value at index 138 differs. Expected FI; Found CH
Value at index 139 differs. Expected FJ; Found AA
Value at index 141 differs. Expected FL; Found DD
Value at index 146 differs. Expected FQ; Found FS
Value at index 147 differs. Expected FR; Found BX
Value at index 148 differs. Expected FS; Found DN
Value at index 149 differs. Expected FT; Found CD

