Invalid read count. Expected: 148; Found: 118
Invalid write count. Expected: 58; Found: 48
Value at index 0 differs. Expected A; Found C
Value at index 1 differs. Expected B; Found D
Value at index 2 differs. Expected C; Found A
Value at index 3 differs. Expected D; Found E
Value at index 4 differs. Expected E; Found B

Invalid read count. Expected: 29 978; Found: 29 394
Invalid write count. Expected: 7 684; Found: 7 644
Value at index 4 differs. Expected AE; Found AF
Value at index 5 differs. Expected AF; Found AG
Value at index 6 differs. Expected AG; Found AH
Value at index 7 differs. Expected AH; Found AI
Value at index 8 differs. Expected AI; Found AJ
Value at index 9 differs. Expected AJ; Found AK
Value at index 10 differs. Expected AK; Found AL
Value at index 11 differs. Expected AL; Found AM
Value at index 12 differs. Expected AM; Found AO
Value at index 13 differs. Expected AN; Found AP
Value at index 14 differs. Expected AO; Found AQ
Value at index 15 differs. Expected AP; Found AR
Value at index 16 differs. Expected AQ; Found AN
Value at index 17 differs. Expected AR; Found AS
Value at index 18 differs. Expected AS; Found AT
Value at index 19 differs. Expected AT; Found AU
Value at index 20 differs. Expected AU; Found AE

