Invalid read count. Expected: 124; Found: 30
Invalid write count. Expected: 34; Found: 12
Value at index 0 differs. Expected A; Found B
Value at index 1 differs. Expected B; Found C
Value at index 2 differs. Expected C; Found D
Value at index 3 differs. Expected D; Found F
Value at index 4 differs. Expected E; Found H
Value at index 5 differs. Expected F; Found G
Value at index 6 differs. Expected G; Found E
Value at index 7 differs. Expected H; Found A

Invalid read count. Expected: 30 828; Found: 28 078
Invalid write count. Expected: 9 030; Found: 8 920
Value at index 2 differs. Expected AC; Found AD
Value at index 3 differs. Expected AD; Found AE
Value at index 4 differs. Expected AE; Found AF
Value at index 5 differs. Expected AF; Found AG
Value at index 6 differs. Expected AG; Found AH
Value at index 7 differs. Expected AH; Found AI
Value at index 8 differs. Expected AI; Found AJ
Value at index 9 differs. Expected AJ; Found AC
Value at index 12 differs. Expected AM; Found AN
Value at index 13 differs. Expected AN; Found AO
Value at index 14 differs. Expected AO; Found AP
Value at index 15 differs. Expected AP; Found AQ
Value at index 16 differs. Expected AQ; Found AR
Value at index 17 differs. Expected AR; Found AS
Value at index 18 differs. Expected AS; Found AU
Value at index 19 differs. Expected AT; Found AV
Value at index 20 differs. Expected AU; Found AW
Value at index 21 differs. Expected AV; Found AX
Value at index 22 differs. Expected AW; Found AY
Value at index 23 differs. Expected AX; Found AM
Value at index 24 differs. Expected AY; Found AZ
Value at index 25 differs. Expected AZ; Found BA
Value at index 26 differs. Expected BA; Found BB
Value at index 27 differs. Expected BB; Found BC
Value at index 28 differs. Expected BC; Found BD
Value at index 29 differs. Expected BD; Found BE
Value at index 30 differs. Expected BE; Found BG
Value at index 31 differs. Expected BF; Found BH
Value at index 32 differs. Expected BG; Found BI
Value at index 33 differs. Expected BH; Found BJ
Value at index 34 differs. Expected BI; Found BK
Value at index 35 differs. Expected BJ; Found BF
Value at index 36 differs. Expected BK; Found BL
Value at index 37 differs. Expected BL; Found BM
Value at index 38 differs. Expected BM; Found BN
Value at index 39 differs. Expected BN; Found BO
Value at index 40 differs. Expected BO; Found BP
Value at index 41 differs. Expected BP; Found BQ
Value at index 42 differs. Expected BQ; Found BR
Value at index 43 differs. Expected BR; Found BS
Value at index 44 differs. Expected BS; Found BT
Value at index 45 differs. Expected BT; Found BU
Value at index 46 differs. Expected BU; Found BV
Value at index 47 differs. Expected BV; Found BW
Value at index 48 differs. Expected BW; Found BX
Value at index 49 differs. Expected BX; Found BY
Value at index 50 differs. Expected BY; Found BZ
Value at index 51 differs. Expected BZ; Found AT

