Invalid read count. Expected: 66; Found: 22
Invalid write count. Expected: 18; Found: 10
Value at index 0 differs. Expected A; Found B
Value at index 1 differs. Expected B; Found A
Value at index 3 differs. Expected D; Found E
Value at index 4 differs. Expected E; Found D
Value at index 7 differs. Expected H; Found I
Value at index 8 differs. Expected I; Found J
Value at index 9 differs. Expected J; Found H

Invalid read count. Expected: 30 676; Found: 2
Invalid write count. Expected: 8 436; Found: 0
Value at index 1 differs. Expected AB; Found AD
Value at index 2 differs. Expected AC; Found AH
Value at index 3 differs. Expected AD; Found AB
Value at index 4 differs. Expected AE; Found AU
Value at index 5 differs. Expected AF; Found AE
Value at index 7 differs. Expected AH; Found CA
Value at index 8 differs. Expected AI; Found EI
Value at index 9 differs. Expected AJ; Found AS
Value at index 10 differs. Expected AK; Found DD
Value at index 11 differs. Expected AL; Found EY
Value at index 12 differs. Expected AM; Found EF
Value at index 13 differs. Expected AN; Found FC
Value at index 14 differs. Expected AO; Found EM
Value at index 15 differs. Expected AP; Found BR
Value at index 17 differs. Expected AR; Found BP
Value at index 18 differs. Expected AS; Found CL
Value at index 19 differs. Expected AT; Found BK
Value at index 20 differs. Expected AU; Found AF
Value at index 21 differs. Expected AV; Found EU
Value at index 22 differs. Expected AW; Found EH
Value at index 25 differs. Expected AZ; Found AT
Value at index 26 differs. Expected BA; Found BS
Value at index 29 differs. Expected BD; Found CZ
Value at index 31 differs. Expected BF; Found AP
Value at index 32 differs. Expected BG; Found DC
Value at index 34 differs. Expected BI; Found FI
Value at index 36 differs. Expected BK; Found EJ
Value at index 37 differs. Expected BL; Found FM
Value at index 38 differs. Expected BM; Found FP
Value at index 39 differs. Expected BN; Found DI
Value at index 41 differs. Expected BP; Found CF
Value at index 42 differs. Expected BQ; Found DB
Value at index 43 differs. Expected BR; Found BG
Value at index 44 differs. Expected BS; Found BM
Value at index 45 differs. Expected BT; Found DO
Value at index 47 differs. Expected BV; Found CB
Value at index 50 differs. Expected BY; Found DY
Value at index 51 differs. Expected BZ; Found DK
Value at index 52 differs. Expected CA; Found AC
Value at index 53 differs. Expected CB; Found DM
Value at index 54 differs. Expected CC; Found CP
Value at index 55 differs. Expected CD; Found ER
Value at index 56 differs. Expected CE; Found BY
Value at index 57 differs. Expected CF; Found CV
Value at index 59 differs. Expected CH; Found FG
Value at index 61 differs. Expected CJ; Found DV
Value at index 63 differs. Expected CL; Found DR
Value at index 65 differs. Expected CN; Found DF
Value at index 66 differs. Expected CO; Found CN
Value at index 67 differs. Expected CP; Found DU
Value at index 68 differs. Expected CQ; Found DJ
Value at index 69 differs. Expected CR; Found CT
Value at index 70 differs. Expected CS; Found BD
Value at index 71 differs. Expected CT; Found CR
Value at index 73 differs. Expected CV; Found FF
Value at index 74 differs. Expected CW; Found DQ
Value at index 75 differs. Expected CX; Found BN
Value at index 76 differs. Expected CY; Found BV
Value at index 77 differs. Expected CZ; Found CS
Value at index 78 differs. Expected DA; Found EW
Value at index 79 differs. Expected DB; Found BQ
Value at index 80 differs. Expected DC; Found DN
Value at index 81 differs. Expected DD; Found FS
Value at index 82 differs. Expected DE; Found CJ
Value at index 83 differs. Expected DF; Found CO
Value at index 85 differs. Expected DH; Found BF
Value at index 86 differs. Expected DI; Found CX
Value at index 87 differs. Expected DJ; Found CQ
Value at index 88 differs. Expected DK; Found FK
Value at index 89 differs. Expected DL; Found EA
Value at index 90 differs. Expected DM; Found CY
Value at index 91 differs. Expected DN; Found DH
Value at index 92 differs. Expected DO; Found EP
Value at index 93 differs. Expected DP; Found AZ
Value at index 94 differs. Expected DQ; Found AL
Value at index 95 differs. Expected DR; Found DZ
Value at index 96 differs. Expected DS; Found DW
Value at index 97 differs. Expected DT; Found FD
Value at index 98 differs. Expected DU; Found CC
Value at index 99 differs. Expected DV; Found DE
Value at index 100 differs. Expected DW; Found AR
Value at index 102 differs. Expected DY; Found CE
Value at index 103 differs. Expected DZ; Found FN
Value at index 104 differs. Expected EA; Found DL
Value at index 109 differs. Expected EF; Found EX
Value at index 111 differs. Expected EH; Found AW
Value at index 112 differs. Expected EI; Found AI
Value at index 113 differs. Expected EJ; Found FE
Value at index 116 differs. Expected EM; Found AO
Value at index 119 differs. Expected EP; Found CW
Value at index 121 differs. Expected ER; Found CD
Value at index 123 differs. Expected ET; Found EV
Value at index 124 differs. Expected EU; Found ET
Value at index 125 differs. Expected EV; Found AV
Value at index 126 differs. Expected EW; Found DA
Value at index 127 differs. Expected EX; Found AJ
Value at index 128 differs. Expected EY; Found FH
Value at index 129 differs. Expected EZ; Found BT
Value at index 132 differs. Expected FC; Found AN
Value at index 133 differs. Expected FD; Found DT
Value at index 134 differs. Expected FE; Found BL
Value at index 135 differs. Expected FF; Found DS
Value at index 136 differs. Expected FG; Found CH
Value at index 137 differs. Expected FH; Found EZ
Value at index 138 differs. Expected FI; Found FT
Value at index 140 differs. Expected FK; Found BZ
Value at index 142 differs. Expected FM; Found AM
Value at index 143 differs. Expected FN; Found DP
Value at index 145 differs. Expected FP; Found BA
Value at index 148 differs. Expected FS; Found AK
Value at index 149 differs. Expected FT; Found BI

