Invalid read count. Expected: 126; Found: 30
Invalid write count. Expected: 38; Found: 14
Value at index 0 differs. Expected A; Found B
Value at index 1 differs. Expected B; Found D
Value at index 2 differs. Expected C; Found G
Value at index 3 differs. Expected D; Found E
Value at index 4 differs. Expected E; Found F
Value at index 5 differs. Expected F; Found C
Value at index 6 differs. Expected G; Found A

Invalid read count. Expected: 30 926; Found: 82
Invalid write count. Expected: 8 882; Found: 40
Value at index 0 differs. Expected AA; Found AB
Value at index 1 differs. Expected AB; Found AC
Value at index 2 differs. Expected AC; Found BW
Value at index 3 differs. Expected AD; Found AE
Value at index 4 differs. Expected AE; Found DJ
Value at index 5 differs. Expected AF; Found BT
Value at index 6 differs. Expected AG; Found AH
Value at index 7 differs. Expected AH; Found AI
Value at index 8 differs. Expected AI; Found AJ
Value at index 9 differs. Expected AJ; Found AK
Value at index 10 differs. Expected AK; Found CF
Value at index 11 differs. Expected AL; Found AM
Value at index 12 differs. Expected AM; Found EA
Value at index 13 differs. Expected AN; Found DC
Value at index 14 differs. Expected AO; Found CT
Value at index 15 differs. Expected AP; Found AQ
Value at index 16 differs. Expected AQ; Found AR
Value at index 17 differs. Expected AR; Found BV
Value at index 18 differs. Expected AS; Found CX
Value at index 19 differs. Expected AT; Found CO
Value at index 20 differs. Expected AU; Found EO
Value at index 21 differs. Expected AV; Found ET
Value at index 23 differs. Expected AX; Found FM
Value at index 24 differs. Expected AY; Found DP
Value at index 27 differs. Expected BB; Found ES
Value at index 30 differs. Expected BE; Found BU
Value at index 31 differs. Expected BF; Found DI
Value at index 33 differs. Expected BH; Found BN
Value at index 34 differs. Expected BI; Found BE
Value at index 36 differs. Expected BK; Found FR
Value at index 37 differs. Expected BL; Found FO
Value at index 38 differs. Expected BM; Found DE
Value at index 39 differs. Expected BN; Found CK
Value at index 40 differs. Expected BO; Found CM
Value at index 41 differs. Expected BP; Found FC
Value at index 42 differs. Expected BQ; Found DR
Value at index 44 differs. Expected BS; Found DT
Value at index 45 differs. Expected BT; Found FG
Value at index 46 differs. Expected BU; Found FN
Value at index 47 differs. Expected BV; Found DL
Value at index 48 differs. Expected BW; Found BH
Value at index 50 differs. Expected BY; Found BP
Value at index 51 differs. Expected BZ; Found EW
Value at index 52 differs. Expected CA; Found BM
Value at index 55 differs. Expected CD; Found EI
Value at index 56 differs. Expected CE; Found CP
Value at index 57 differs. Expected CF; Found AL
Value at index 58 differs. Expected CG; Found AO
Value at index 60 differs. Expected CI; Found EK
Value at index 62 differs. Expected CK; Found AD
Value at index 63 differs. Expected CL; Found DD
Value at index 64 differs. Expected CM; Found BY
Value at index 65 differs. Expected CN; Found EH
Value at index 66 differs. Expected CO; Found AU
Value at index 67 differs. Expected CP; Found CE
Value at index 68 differs. Expected CQ; Found BK
Value at index 69 differs. Expected CR; Found DQ
Value at index 71 differs. Expected CT; Found FI
Value at index 72 differs. Expected CU; Found DF
Value at index 73 differs. Expected CV; Found BL
Value at index 74 differs. Expected CW; Found BF
Value at index 75 differs. Expected CX; Found FT
Value at index 79 differs. Expected DB; Found EV
Value at index 80 differs. Expected DC; Found CG
Value at index 81 differs. Expected DD; Found CL
Value at index 82 differs. Expected DE; Found CA
Value at index 83 differs. Expected DF; Found CD
Value at index 86 differs. Expected DI; Found CW
Value at index 87 differs. Expected DJ; Found ED
Value at index 89 differs. Expected DL; Found FQ
Value at index 90 differs. Expected DM; Found FF
Value at index 91 differs. Expected DN; Found FS
Value at index 93 differs. Expected DP; Found AY
Value at index 94 differs. Expected DQ; Found CR
Value at index 95 differs. Expected DR; Found EU
Value at index 97 differs. Expected DT; Found FP
Value at index 101 differs. Expected DX; Found EB
Value at index 104 differs. Expected EA; Found CV
Value at index 105 differs. Expected EB; Found EY
Value at index 106 differs. Expected EC; Found FJ
Value at index 107 differs. Expected ED; Found AF
Value at index 110 differs. Expected EG; Found CN
Value at index 111 differs. Expected EH; Found EG
Value at index 112 differs. Expected EI; Found CU
Value at index 113 differs. Expected EJ; Found FH
Value at index 114 differs. Expected EK; Found CI
Value at index 115 differs. Expected EL; Found FK
Value at index 116 differs. Expected EM; Found AG
Value at index 118 differs. Expected EO; Found AA
Value at index 122 differs. Expected ES; Found BB
Value at index 123 differs. Expected ET; Found AS
Value at index 124 differs. Expected EU; Found BQ
Value at index 125 differs. Expected EV; Found EZ
Value at index 126 differs. Expected EW; Found BZ
Value at index 128 differs. Expected EY; Found DX
Value at index 129 differs. Expected EZ; Found DB
Value at index 130 differs. Expected FA; Found AP
Value at index 131 differs. Expected FB; Found EC
Value at index 132 differs. Expected FC; Found BO
Value at index 135 differs. Expected FF; Found DM
Value at index 136 differs. Expected FG; Found AX
Value at index 137 differs. Expected FH; Found EJ
Value at index 138 differs. Expected FI; Found FA
Value at index 139 differs. Expected FJ; Found FB
Value at index 140 differs. Expected FK; Found EL
Value at index 142 differs. Expected FM; Found EM
Value at index 143 differs. Expected FN; Found BI
Value at index 144 differs. Expected FO; Found AN
Value at index 145 differs. Expected FP; Found BS
Value at index 146 differs. Expected FQ; Found AV
Value at index 147 differs. Expected FR; Found CQ
Value at index 148 differs. Expected FS; Found DN
Value at index 149 differs. Expected FT; Found AT

