Invalid read count. Expected: 106; Found: 0
Invalid write count. Expected: 28; Found: 0
Value at index 1 differs. Expected B; Found I
Value at index 4 differs. Expected E; Found F
Value at index 5 differs. Expected F; Found E
Value at index 6 differs. Expected G; Found B
Value at index 8 differs. Expected I; Found J
Value at index 9 differs. Expected J; Found G

Invalid read count. Expected: 28 654; Found: 0
Invalid write count. Expected: 6 904; Found: 0
Value at index 1 differs. Expected AB; Found DJ
Value at index 6 differs. Expected AG; Found DI
Value at index 7 differs. Expected AH; Found DF
Value at index 8 differs. Expected AI; Found BQ
Value at index 9 differs. Expected AJ; Found AT
Value at index 11 differs. Expected AL; Found FD
Value at index 12 differs. Expected AM; Found AQ
Value at index 14 differs. Expected AO; Found DO
Value at index 16 differs. Expected AQ; Found AM
Value at index 18 differs. Expected AS; Found AG
Value at index 19 differs. Expected AT; Found AJ
Value at index 20 differs. Expected AU; Found FC
Value at index 22 differs. Expected AW; Found DA
Value at index 24 differs. Expected AY; Found FI
Value at index 26 differs. Expected BA; Found FE
Value at index 29 differs. Expected BD; Found BE
Value at index 30 differs. Expected BE; Found BD
Value at index 31 differs. Expected BF; Found EF
Value at index 32 differs. Expected BG; Found EX
Value at index 34 differs. Expected BI; Found AS
Value at index 36 differs. Expected BK; Found CH
Value at index 37 differs. Expected BL; Found AB
Value at index 38 differs. Expected BM; Found FH
Value at index 39 differs. Expected BN; Found EW
Value at index 42 differs. Expected BQ; Found AI
Value at index 44 differs. Expected BS; Found BZ
Value at index 47 differs. Expected BV; Found EK
Value at index 48 differs. Expected BW; Found BF
Value at index 50 differs. Expected BY; Found CG
Value at index 51 differs. Expected BZ; Found EG
Value at index 53 differs. Expected CB; Found CZ
Value at index 54 differs. Expected CC; Found FR
Value at index 55 differs. Expected CD; Found CU
Value at index 56 differs. Expected CE; Found DD
Value at index 57 differs. Expected CF; Found CW
Value at index 58 differs. Expected CG; Found CF
Value at index 59 differs. Expected CH; Found BI
Value at index 60 differs. Expected CI; Found AU
Value at index 67 differs. Expected CP; Found ER
Value at index 68 differs. Expected CQ; Found EO
Value at index 69 differs. Expected CR; Found DP
Value at index 72 differs. Expected CU; Found CD
Value at index 74 differs. Expected CW; Found BN
Value at index 77 differs. Expected CZ; Found FL
Value at index 78 differs. Expected DA; Found AW
Value at index 79 differs. Expected DB; Found AY
Value at index 80 differs. Expected DC; Found DG
Value at index 81 differs. Expected DD; Found EP
Value at index 83 differs. Expected DF; Found AH
Value at index 84 differs. Expected DG; Found FG
Value at index 85 differs. Expected DH; Found EC
Value at index 86 differs. Expected DI; Found BY
Value at index 87 differs. Expected DJ; Found EJ
Value at index 88 differs. Expected DK; Found BK
Value at index 89 differs. Expected DL; Found FJ
Value at index 92 differs. Expected DO; Found DX
Value at index 93 differs. Expected DP; Found CR
Value at index 95 differs. Expected DR; Found CB
Value at index 101 differs. Expected DX; Found DB
Value at index 106 differs. Expected EC; Found DH
Value at index 107 differs. Expected ED; Found EY
Value at index 109 differs. Expected EF; Found BW
Value at index 110 differs. Expected EG; Found BS
Value at index 111 differs. Expected EH; Found ED
Value at index 112 differs. Expected EI; Found BG
Value at index 113 differs. Expected EJ; Found BL
Value at index 114 differs. Expected EK; Found BV
Value at index 117 differs. Expected EN; Found FF
Value at index 118 differs. Expected EO; Found CQ
Value at index 119 differs. Expected EP; Found EH
Value at index 121 differs. Expected ER; Found CP
Value at index 123 differs. Expected ET; Found EU
Value at index 124 differs. Expected EU; Found ET
Value at index 125 differs. Expected EV; Found FB
Value at index 126 differs. Expected EW; Found FK
Value at index 127 differs. Expected EX; Found EI
Value at index 128 differs. Expected EY; Found AL
Value at index 130 differs. Expected FA; Found DC
Value at index 131 differs. Expected FB; Found EV
Value at index 132 differs. Expected FC; Found CI
Value at index 133 differs. Expected FD; Found CE
Value at index 134 differs. Expected FE; Found BA
Value at index 135 differs. Expected FF; Found EN
Value at index 136 differs. Expected FG; Found FA
Value at index 137 differs. Expected FH; Found FN
Value at index 138 differs. Expected FI; Found AO
Value at index 139 differs. Expected FJ; Found DL
Value at index 140 differs. Expected FK; Found DK
Value at index 141 differs. Expected FL; Found DR
Value at index 143 differs. Expected FN; Found BM
Value at index 147 differs. Expected FR; Found CC

