Invalid read count. Expected: 120; Found: 128

Invalid read count. Expected: 31 736; Found: 2
Invalid write count. Expected: 9 416; Found: 0
Value at index 0 differs. Expected AA; Found CH
Value at index 1 differs. Expected AB; Found FI
Value at index 2 differs. Expected AC; Found EJ
Value at index 3 differs. Expected AD; Found FE
Value at index 4 differs. Expected AE; Found FH
Value at index 5 differs. Expected AF; Found EI
Value at index 7 differs. Expected AH; Found EB
Value at index 8 differs. Expected AI; Found AA
Value at index 9 differs. Expected AJ; Found BX
Value at index 10 differs. Expected AK; Found CL
Value at index 11 differs. Expected AL; Found CC
Value at index 14 differs. Expected AO; Found BL
Value at index 15 differs. Expected AP; Found BC
Value at index 16 differs. Expected AQ; Found BU
Value at index 18 differs. Expected AS; Found BZ
Value at index 19 differs. Expected AT; Found FT
Value at index 20 differs. Expected AU; Found CR
Value at index 22 differs. Expected AW; Found AD
Value at index 24 differs. Expected AY; Found EH
Value at index 25 differs. Expected AZ; Found EE
Value at index 28 differs. Expected BC; Found BT
Value at index 29 differs. Expected BD; Found DQ
Value at index 31 differs. Expected BF; Found AH
Value at index 32 differs. Expected BG; Found AQ
Value at index 33 differs. Expected BH; Found EZ
Value at index 35 differs. Expected BJ; Found DK
Value at index 36 differs. Expected BK; Found FJ
Value at index 37 differs. Expected BL; Found AO
Value at index 38 differs. Expected BM; Found EA
Value at index 39 differs. Expected BN; Found CW
Value at index 40 differs. Expected BO; Found FL
Value at index 41 differs. Expected BP; Found CU
Value at index 43 differs. Expected BR; Found DZ
Value at index 44 differs. Expected BS; Found FC
Value at index 45 differs. Expected BT; Found BP
Value at index 46 differs. Expected BU; Found AT
Value at index 47 differs. Expected BV; Found BD
Value at index 49 differs. Expected BX; Found AJ
Value at index 51 differs. Expected BZ; Found BS
Value at index 52 differs. Expected CA; Found AS
Value at index 53 differs. Expected CB; Found EK
Value at index 54 differs. Expected CC; Found ED
Value at index 55 differs. Expected CD; Found DL
Value at index 56 differs. Expected CE; Found AE
Value at index 57 differs. Expected CF; Found DG
Value at index 58 differs. Expected CG; Found DH
Value at index 59 differs. Expected CH; Found AI
Value at index 61 differs. Expected CJ; Found FF
Value at index 62 differs. Expected CK; Found BF
Value at index 63 differs. Expected CL; Found BH
Value at index 66 differs. Expected CO; Found EM
Value at index 67 differs. Expected CP; Found DD
Value at index 68 differs. Expected CQ; Found EG
Value at index 69 differs. Expected CR; Found FM
Value at index 72 differs. Expected CU; Found AP
Value at index 73 differs. Expected CV; Found DI
Value at index 74 differs. Expected CW; Found BN
Value at index 76 differs. Expected CY; Found DC
Value at index 77 differs. Expected CZ; Found DU
Value at index 78 differs. Expected DA; Found EQ
Value at index 80 differs. Expected DC; Found BG
Value at index 81 differs. Expected DD; Found FA
Value at index 83 differs. Expected DF; Found EX
Value at index 84 differs. Expected DG; Found AK
Value at index 85 differs. Expected DH; Found CG
Value at index 86 differs. Expected DI; Found BV
Value at index 87 differs. Expected DJ; Found BJ
Value at index 88 differs. Expected DK; Found DY
Value at index 89 differs. Expected DL; Found BM
Value at index 93 differs. Expected DP; Found CP
Value at index 94 differs. Expected DQ; Found EC
Value at index 97 differs. Expected DT; Found CQ
Value at index 98 differs. Expected DU; Found EF
Value at index 102 differs. Expected DY; Found DJ
Value at index 103 differs. Expected DZ; Found FP
Value at index 104 differs. Expected EA; Found CD
Value at index 105 differs. Expected EB; Found FD
Value at index 106 differs. Expected EC; Found FB
Value at index 107 differs. Expected ED; Found EO
Value at index 108 differs. Expected EE; Found DP
Value at index 109 differs. Expected EF; Found CV
Value at index 110 differs. Expected EG; Found DT
Value at index 111 differs. Expected EH; Found BO
Value at index 112 differs. Expected EI; Found AY
Value at index 113 differs. Expected EJ; Found AC
Value at index 114 differs. Expected EK; Found CB
Value at index 116 differs. Expected EM; Found CO
Value at index 118 differs. Expected EO; Found AL
Value at index 120 differs. Expected EQ; Found EV
Value at index 125 differs. Expected EV; Found DA
Value at index 127 differs. Expected EX; Found DF
Value at index 129 differs. Expected EZ; Found CF
Value at index 130 differs. Expected FA; Found CK
Value at index 131 differs. Expected FB; Found CZ
Value at index 132 differs. Expected FC; Found CA
Value at index 133 differs. Expected FD; Found AZ
Value at index 134 differs. Expected FE; Found AW
Value at index 135 differs. Expected FF; Found CJ
Value at index 137 differs. Expected FH; Found CE
Value at index 138 differs. Expected FI; Found AB
Value at index 139 differs. Expected FJ; Found BK
Value at index 141 differs. Expected FL; Found FS
Value at index 142 differs. Expected FM; Found AU
Value at index 145 differs. Expected FP; Found BR
Value at index 148 differs. Expected FS; Found AF
Value at index 149 differs. Expected FT; Found CY

