Invalid read count. Expected: 118; Found: 4
Invalid write count. Expected: 40; Found: 2
Value at index 0 differs. Expected A; Found B
Value at index 1 differs. Expected B; Found J
Value at index 2 differs. Expected C; Found F
Value at index 3 differs. Expected D; Found E
Value at index 4 differs. Expected E; Found A
Value at index 5 differs. Expected F; Found D
Value at index 7 differs. Expected H; Found C
Value at index 9 differs. Expected J; Found H

Invalid read count. Expected: 29 716; Found: 2
Invalid write count. Expected: 7 918; Found: 0
Value at index 2 differs. Expected AC; Found AE
Value at index 3 differs. Expected AD; Found DR
Value at index 4 differs. Expected AE; Found DL
Value at index 5 differs. Expected AF; Found CZ
Value at index 7 differs. Expected AH; Found DB
Value at index 8 differs. Expected AI; Found BQ
Value at index 10 differs. Expected AK; Found AH
Value at index 11 differs. Expected AL; Found BM
Value at index 13 differs. Expected AN; Found DF
Value at index 16 differs. Expected AQ; Found CE
Value at index 17 differs. Expected AR; Found EO
Value at index 18 differs. Expected AS; Found CQ
Value at index 19 differs. Expected AT; Found CB
Value at index 20 differs. Expected AU; Found CN
Value at index 21 differs. Expected AV; Found CD
Value at index 22 differs. Expected AW; Found EP
Value at index 24 differs. Expected AY; Found DA
Value at index 25 differs. Expected AZ; Found DS
Value at index 26 differs. Expected BA; Found DH
Value at index 27 differs. Expected BB; Found CG
Value at index 30 differs. Expected BE; Found CI
Value at index 31 differs. Expected BF; Found DG
Value at index 33 differs. Expected BH; Found DI
Value at index 34 differs. Expected BI; Found DX
Value at index 36 differs. Expected BK; Found DQ
Value at index 38 differs. Expected BM; Found FI
Value at index 40 differs. Expected BO; Found ES
Value at index 41 differs. Expected BP; Found DV
Value at index 42 differs. Expected BQ; Found AI
Value at index 43 differs. Expected BR; Found BT
Value at index 44 differs. Expected BS; Found AZ
Value at index 45 differs. Expected BT; Found FR
Value at index 52 differs. Expected CA; Found DY
Value at index 53 differs. Expected CB; Found CH
Value at index 54 differs. Expected CC; Found DE
Value at index 55 differs. Expected CD; Found AV
Value at index 56 differs. Expected CE; Found DM
Value at index 57 differs. Expected CF; Found BH
Value at index 58 differs. Expected CG; Found FB
Value at index 59 differs. Expected CH; Found AT
Value at index 60 differs. Expected CI; Found EN
Value at index 61 differs. Expected CJ; Found AD
Value at index 64 differs. Expected CM; Found EB
Value at index 65 differs. Expected CN; Found AL
Value at index 67 differs. Expected CP; Found FN
Value at index 68 differs. Expected CQ; Found AS
Value at index 71 differs. Expected CT; Found FH
Value at index 72 differs. Expected CU; Found CT
Value at index 74 differs. Expected CW; Found BP
Value at index 77 differs. Expected CZ; Found AF
Value at index 78 differs. Expected DA; Found EU
Value at index 79 differs. Expected DB; Found AW
Value at index 81 differs. Expected DD; Found EY
Value at index 82 differs. Expected DE; Found EQ
Value at index 83 differs. Expected DF; Found FP
Value at index 84 differs. Expected DG; Found EC
Value at index 85 differs. Expected DH; Found BI
Value at index 86 differs. Expected DI; Found FK
Value at index 89 differs. Expected DL; Found CP
Value at index 90 differs. Expected DM; Found CW
Value at index 91 differs. Expected DN; Found AK
Value at index 94 differs. Expected DQ; Found BK
Value at index 95 differs. Expected DR; Found ED
Value at index 96 differs. Expected DS; Found DN
Value at index 99 differs. Expected DV; Found AQ
Value at index 101 differs. Expected DX; Found BA
Value at index 102 differs. Expected DY; Found AR
Value at index 105 differs. Expected EB; Found CA
Value at index 106 differs. Expected EC; Found FC
Value at index 107 differs. Expected ED; Found EJ
Value at index 110 differs. Expected EG; Found CC
Value at index 113 differs. Expected EJ; Found CJ
Value at index 114 differs. Expected EK; Found AU
Value at index 115 differs. Expected EL; Found FF
Value at index 117 differs. Expected EN; Found BE
Value at index 118 differs. Expected EO; Found CM
Value at index 119 differs. Expected EP; Found BS
Value at index 120 differs. Expected EQ; Found EG
Value at index 122 differs. Expected ES; Found EV
Value at index 124 differs. Expected EU; Found AC
Value at index 125 differs. Expected EV; Found BO
Value at index 128 differs. Expected EY; Found DD
Value at index 130 differs. Expected FA; Found BF
Value at index 131 differs. Expected FB; Found AN
Value at index 132 differs. Expected FC; Found FA
Value at index 133 differs. Expected FD; Found EL
Value at index 134 differs. Expected FE; Found FT
Value at index 135 differs. Expected FF; Found FD
Value at index 137 differs. Expected FH; Found CU
Value at index 138 differs. Expected FI; Found EK
Value at index 140 differs. Expected FK; Found CF
Value at index 143 differs. Expected FN; Found FE
Value at index 145 differs. Expected FP; Found BR
Value at index 147 differs. Expected FR; Found BB
Value at index 149 differs. Expected FT; Found AY

