Invalid read count. Expected: 29 504; Found: 114
Invalid write count. Expected: 7 286; Found: 26
Value at index 1 differs. Expected AB; Found AD
Value at index 2 differs. Expected AC; Found AE
Value at index 3 differs. Expected AD; Found AF
Value at index 4 differs. Expected AE; Found AK
Value at index 5 differs. Expected AF; Found BE
Value at index 6 differs. Expected AG; Found BG
Value at index 7 differs. Expected AH; Found BH
Value at index 8 differs. Expected AI; Found EO
Value at index 9 differs. Expected AJ; Found EP
Value at index 10 differs. Expected AK; Found AS
Value at index 13 differs. Expected AN; Found AP
Value at index 14 differs. Expected AO; Found CW
Value at index 15 differs. Expected AP; Found FD
Value at index 18 differs. Expected AS; Found DU
Value at index 19 differs. Expected AT; Found EW
Value at index 20 differs. Expected AU; Found EA
Value at index 22 differs. Expected AW; Found BY
Value at index 25 differs. Expected AZ; Found BK
Value at index 27 differs. Expected BB; Found DO
Value at index 29 differs. Expected BD; Found CB
Value at index 30 differs. Expected BE; Found AG
Value at index 31 differs. Expected BF; Found EX
Value at index 32 differs. Expected BG; Found BO
Value at index 33 differs. Expected BH; Found ER
Value at index 35 differs. Expected BJ; Found DJ
Value at index 36 differs. Expected BK; Found AN
Value at index 37 differs. Expected BL; Found DB
Value at index 38 differs. Expected BM; Found CU
Value at index 40 differs. Expected BO; Found DY
Value at index 42 differs. Expected BQ; Found BW
Value at index 45 differs. Expected BT; Found AC
Value at index 46 differs. Expected BU; Found DM
Value at index 47 differs. Expected BV; Found EH
Value at index 48 differs. Expected BW; Found ES
Value at index 49 differs. Expected BX; Found CN
Value at index 50 differs. Expected BY; Found AW
Value at index 53 differs. Expected CB; Found DH
Value at index 54 differs. Expected CC; Found CG
Value at index 55 differs. Expected CD; Found CY
Value at index 56 differs. Expected CE; Found CT
Value at index 57 differs. Expected CF; Found CP
Value at index 58 differs. Expected CG; Found DL
Value at index 61 differs. Expected CJ; Found CV
Value at index 63 differs. Expected CL; Found BQ
Value at index 64 differs. Expected CM; Found ET
Value at index 65 differs. Expected CN; Found BB
Value at index 66 differs. Expected CO; Found EE
Value at index 67 differs. Expected CP; Found CF
Value at index 71 differs. Expected CT; Found CE
Value at index 72 differs. Expected CU; Found BM
Value at index 73 differs. Expected CV; Found CJ
Value at index 74 differs. Expected CW; Found FQ
Value at index 76 differs. Expected CY; Found CZ
Value at index 77 differs. Expected CZ; Found DX
Value at index 78 differs. Expected DA; Found AU
Value at index 79 differs. Expected DB; Found CM
Value at index 83 differs. Expected DF; Found DI
Value at index 85 differs. Expected DH; Found FC
Value at index 86 differs. Expected DI; Found EF
Value at index 87 differs. Expected DJ; Found ED
Value at index 88 differs. Expected DK; Found AI
Value at index 89 differs. Expected DL; Found FG
Value at index 90 differs. Expected DM; Found BU
Value at index 91 differs. Expected DN; Found FH
Value at index 92 differs. Expected DO; Found AZ
Value at index 95 differs. Expected DR; Found BX
Value at index 97 differs. Expected DT; Found EN
Value at index 98 differs. Expected DU; Found DZ
Value at index 101 differs. Expected DX; Found FP
Value at index 102 differs. Expected DY; Found DN
Value at index 103 differs. Expected DZ; Found CO
Value at index 104 differs. Expected EA; Found DA
Value at index 105 differs. Expected EB; Found EI
Value at index 107 differs. Expected ED; Found DT
Value at index 108 differs. Expected EE; Found EU
Value at index 109 differs. Expected EF; Found FL
Value at index 111 differs. Expected EH; Found FF
Value at index 112 differs. Expected EI; Found EB
Value at index 117 differs. Expected EN; Found BD
Value at index 118 differs. Expected EO; Found BJ
Value at index 119 differs. Expected EP; Found AJ
Value at index 121 differs. Expected ER; Found AH
Value at index 122 differs. Expected ES; Found CL
Value at index 123 differs. Expected ET; Found FR
Value at index 124 differs. Expected EU; Found BT
Value at index 126 differs. Expected EW; Found AT
Value at index 127 differs. Expected EX; Found BF
Value at index 129 differs. Expected EZ; Found FJ
Value at index 132 differs. Expected FC; Found DK
Value at index 133 differs. Expected FD; Found BL
Value at index 135 differs. Expected FF; Found BV
Value at index 136 differs. Expected FG; Found CC
Value at index 137 differs. Expected FH; Found FI
Value at index 138 differs. Expected FI; Found AB
Value at index 139 differs. Expected FJ; Found EZ
Value at index 141 differs. Expected FL; Found DF
Value at index 145 differs. Expected FP; Found CD
Value at index 146 differs. Expected FQ; Found AO
Value at index 147 differs. Expected FR; Found DR

