Invalid read count. Expected: 108; Found: 8
Invalid write count. Expected: 24; Found: 2
Value at index 1 differs. Expected B; Found C
Value at index 2 differs. Expected C; Found D
Value at index 3 differs. Expected D; Found H
Value at index 5 differs. Expected F; Found I
Value at index 6 differs. Expected G; Found F
Value at index 7 differs. Expected H; Found B
Value at index 8 differs. Expected I; Found G

Invalid read count. Expected: 30 850; Found: 4
Invalid write count. Expected: 8 520; Found: 2
Value at index 0 differs. Expected AA; Found FF
Value at index 1 differs. Expected AB; Found FP
Value at index 2 differs. Expected AC; Found DX
Value at index 4 differs. Expected AE; Found ES
Value at index 5 differs. Expected AF; Found DQ
Value at index 8 differs. Expected AI; Found AJ
Value at index 9 differs. Expected AJ; Found FD
Value at index 11 differs. Expected AL; Found CC
Value at index 14 differs. Expected AO; Found EI
Value at index 15 differs. Expected AP; Found CZ
Value at index 16 differs. Expected AQ; Found EU
Value at index 17 differs. Expected AR; Found CT
Value at index 18 differs. Expected AS; Found CE
Value at index 20 differs. Expected AU; Found BE
Value at index 22 differs. Expected AW; Found DR
Value at index 23 differs. Expected AX; Found AB
Value at index 24 differs. Expected AY; Found CF
Value at index 25 differs. Expected AZ; Found CP
Value at index 27 differs. Expected BB; Found BS
Value at index 28 differs. Expected BC; Found BV
Value at index 29 differs. Expected BD; Found FO
Value at index 30 differs. Expected BE; Found DM
Value at index 31 differs. Expected BF; Found BW
Value at index 32 differs. Expected BG; Found DG
Value at index 33 differs. Expected BH; Found CR
Value at index 34 differs. Expected BI; Found CN
Value at index 38 differs. Expected BM; Found EO
Value at index 40 differs. Expected BO; Found AC
Value at index 43 differs. Expected BR; Found DF
Value at index 44 differs. Expected BS; Found BZ
Value at index 47 differs. Expected BV; Found BC
Value at index 48 differs. Expected BW; Found BF
Value at index 51 differs. Expected BZ; Found BB
Value at index 54 differs. Expected CC; Found AL
Value at index 55 differs. Expected CD; Found FC
Value at index 56 differs. Expected CE; Found DZ
Value at index 57 differs. Expected CF; Found DI
Value at index 58 differs. Expected CG; Found ER
Value at index 59 differs. Expected CH; Found CY
Value at index 60 differs. Expected CI; Found AZ
Value at index 65 differs. Expected CN; Found BI
Value at index 67 differs. Expected CP; Found DU
Value at index 68 differs. Expected CQ; Found AX
Value at index 69 differs. Expected CR; Found EG
Value at index 71 differs. Expected CT; Found AR
Value at index 72 differs. Expected CU; Found EJ
Value at index 73 differs. Expected CV; Found AF
Value at index 75 differs. Expected CX; Found AP
Value at index 76 differs. Expected CY; Found CH
Value at index 77 differs. Expected CZ; Found AU
Value at index 79 differs. Expected DB; Found FI
Value at index 80 differs. Expected DC; Found EV
Value at index 81 differs. Expected DD; Found BG
Value at index 83 differs. Expected DF; Found BR
Value at index 84 differs. Expected DG; Found EL
Value at index 86 differs. Expected DI; Found AY
Value at index 87 differs. Expected DJ; Found FJ
Value at index 89 differs. Expected DL; Found DN
Value at index 90 differs. Expected DM; Found CX
Value at index 91 differs. Expected DN; Found EE
Value at index 93 differs. Expected DP; Found DB
Value at index 94 differs. Expected DQ; Found CV
Value at index 95 differs. Expected DR; Found EF
Value at index 96 differs. Expected DS; Found FL
Value at index 97 differs. Expected DT; Found CD
Value at index 98 differs. Expected DU; Found FA
Value at index 99 differs. Expected DV; Found FK
Value at index 101 differs. Expected DX; Found BO
Value at index 103 differs. Expected DZ; Found EX
Value at index 104 differs. Expected EA; Found EK
Value at index 107 differs. Expected ED; Found CG
Value at index 108 differs. Expected EE; Found FT
Value at index 109 differs. Expected EF; Found FG
Value at index 110 differs. Expected EG; Found BH
Value at index 112 differs. Expected EI; Found EY
Value at index 113 differs. Expected EJ; Found CU
Value at index 114 differs. Expected EK; Found DL
Value at index 115 differs. Expected EL; Found DD
Value at index 117 differs. Expected EN; Found AO
Value at index 118 differs. Expected EO; Found BM
Value at index 119 differs. Expected EP; Found DC
Value at index 121 differs. Expected ER; Found ED
Value at index 122 differs. Expected ES; Found FS
Value at index 123 differs. Expected ET; Found AQ
Value at index 124 differs. Expected EU; Found ET
Value at index 125 differs. Expected EV; Found EP
Value at index 126 differs. Expected EW; Found AA
Value at index 127 differs. Expected EX; Found AS
Value at index 128 differs. Expected EY; Found EZ
Value at index 129 differs. Expected EZ; Found EA
Value at index 130 differs. Expected FA; Found CI
Value at index 132 differs. Expected FC; Found DT
Value at index 133 differs. Expected FD; Found AI
Value at index 134 differs. Expected FE; Found BD
Value at index 135 differs. Expected FF; Found FN
Value at index 136 differs. Expected FG; Found AW
Value at index 138 differs. Expected FI; Found DP
Value at index 139 differs. Expected FJ; Found DJ
Value at index 140 differs. Expected FK; Found DV
Value at index 141 differs. Expected FL; Found DS
Value at index 143 differs. Expected FN; Found CQ
Value at index 144 differs. Expected FO; Found FE
Value at index 145 differs. Expected FP; Found EW
Value at index 148 differs. Expected FS; Found AE
Value at index 149 differs. Expected FT; Found EN

