Invalid read count. Expected: 104; Found: 2
Invalid write count. Expected: 26; Found: 0
Value at index 2 differs. Expected C; Found F
Value at index 3 differs. Expected D; Found I
Value at index 5 differs. Expected F; Found G
Value at index 6 differs. Expected G; Found C
Value at index 8 differs. Expected I; Found D

Invalid read count. Expected: 29 506; Found: 2
Invalid write count. Expected: 7 576; Found: 0
Value at index 2 differs. Expected AC; Found BQ
Value at index 3 differs. Expected AD; Found BJ
Value at index 4 differs. Expected AE; Found DG
Value at index 5 differs. Expected AF; Found AK
Value at index 6 differs. Expected AG; Found EI
Value at index 7 differs. Expected AH; Found BZ
Value at index 8 differs. Expected AI; Found AC
Value at index 10 differs. Expected AK; Found AF
Value at index 11 differs. Expected AL; Found BV
Value at index 13 differs. Expected AN; Found CZ
Value at index 14 differs. Expected AO; Found BR
Value at index 15 differs. Expected AP; Found AE
Value at index 17 differs. Expected AR; Found EK
Value at index 19 differs. Expected AT; Found FA
Value at index 23 differs. Expected AX; Found DC
Value at index 25 differs. Expected AZ; Found DP
Value at index 27 differs. Expected BB; Found DU
Value at index 28 differs. Expected BC; Found DK
Value at index 31 differs. Expected BF; Found DR
Value at index 32 differs. Expected BG; Found EY
Value at index 34 differs. Expected BI; Found FI
Value at index 35 differs. Expected BJ; Found AD
Value at index 36 differs. Expected BK; Found CF
Value at index 38 differs. Expected BM; Found FQ
Value at index 39 differs. Expected BN; Found AN
Value at index 40 differs. Expected BO; Found EH
Value at index 41 differs. Expected BP; Found CV
Value at index 42 differs. Expected BQ; Found DH
Value at index 43 differs. Expected BR; Found CD
Value at index 45 differs. Expected BT; Found BB
Value at index 46 differs. Expected BU; Found FS
Value at index 47 differs. Expected BV; Found DY
Value at index 49 differs. Expected BX; Found DA
Value at index 51 differs. Expected BZ; Found AH
Value at index 52 differs. Expected CA; Found EG
Value at index 53 differs. Expected CB; Found CP
Value at index 55 differs. Expected CD; Found AT
Value at index 56 differs. Expected CE; Found BP
Value at index 57 differs. Expected CF; Found DB
Value at index 58 differs. Expected CG; Found CK
Value at index 60 differs. Expected CI; Found DE
Value at index 61 differs. Expected CJ; Found BM
Value at index 62 differs. Expected CK; Found CB
Value at index 64 differs. Expected CM; Found AL
Value at index 66 differs. Expected CO; Found DV
Value at index 67 differs. Expected CP; Found CG
Value at index 69 differs. Expected CR; Found EN
Value at index 70 differs. Expected CS; Found DZ
Value at index 72 differs. Expected CU; Found FR
Value at index 73 differs. Expected CV; Found FE
Value at index 76 differs. Expected CY; Found EL
Value at index 77 differs. Expected CZ; Found DM
Value at index 78 differs. Expected DA; Found BX
Value at index 79 differs. Expected DB; Found BG
Value at index 80 differs. Expected DC; Found AX
Value at index 82 differs. Expected DE; Found ES
Value at index 83 differs. Expected DF; Found ER
Value at index 84 differs. Expected DG; Found EC
Value at index 85 differs. Expected DH; Found FT
Value at index 86 differs. Expected DI; Found BK
Value at index 88 differs. Expected DK; Found BC
Value at index 90 differs. Expected DM; Found CJ
Value at index 92 differs. Expected DO; Found EE
Value at index 93 differs. Expected DP; Found ET
Value at index 95 differs. Expected DR; Found AI
Value at index 98 differs. Expected DU; Found BT
Value at index 99 differs. Expected DV; Found DF
Value at index 102 differs. Expected DY; Found AP
Value at index 103 differs. Expected DZ; Found CS
Value at index 105 differs. Expected EB; Found ED
Value at index 106 differs. Expected EC; Found CA
Value at index 107 differs. Expected ED; Found EB
Value at index 108 differs. Expected EE; Found EV
Value at index 110 differs. Expected EG; Found CM
Value at index 111 differs. Expected EH; Found EU
Value at index 112 differs. Expected EI; Found FJ
Value at index 114 differs. Expected EK; Found AR
Value at index 115 differs. Expected EL; Found CY
Value at index 117 differs. Expected EN; Found CR
Value at index 120 differs. Expected EQ; Found BF
Value at index 121 differs. Expected ER; Found CO
Value at index 122 differs. Expected ES; Found EX
Value at index 123 differs. Expected ET; Found AZ
Value at index 124 differs. Expected EU; Found BO
Value at index 125 differs. Expected EV; Found EW
Value at index 126 differs. Expected EW; Found DO
Value at index 127 differs. Expected EX; Found CI
Value at index 128 differs. Expected EY; Found DI
Value at index 130 differs. Expected FA; Found FB
Value at index 131 differs. Expected FB; Found AO
Value at index 134 differs. Expected FE; Found AG
Value at index 136 differs. Expected FG; Found EQ
Value at index 138 differs. Expected FI; Found BI
Value at index 139 differs. Expected FJ; Found FK
Value at index 140 differs. Expected FK; Found CE
Value at index 143 differs. Expected FN; Found BN
Value at index 144 differs. Expected FO; Found FP
Value at index 145 differs. Expected FP; Found FO
Value at index 146 differs. Expected FQ; Found FN
Value at index 147 differs. Expected FR; Found CU
Value at index 148 differs. Expected FS; Found BU
Value at index 149 differs. Expected FT; Found FG

