Invalid read count. Expected: 120; Found: 34
Invalid write count. Expected: 36; Found: 16
Value at index 0 differs. Expected A; Found C
Value at index 1 differs. Expected B; Found D
Value at index 2 differs. Expected C; Found F
Value at index 3 differs. Expected D; Found B
Value at index 5 differs. Expected F; Found A
Value at index 6 differs. Expected G; Found H
Value at index 7 differs. Expected H; Found G

Invalid read count. Expected: 31 736; Found: 25 138
Invalid write count. Expected: 9 416; Found: 8 488
Value at index 1 differs. Expected AB; Found AD
Value at index 2 differs. Expected AC; Found AE
Value at index 3 differs. Expected AD; Found AG
Value at index 4 differs. Expected AE; Found AH
Value at index 5 differs. Expected AF; Found AI
Value at index 6 differs. Expected AG; Found AJ
Value at index 7 differs. Expected AH; Found AM
Value at index 8 differs. Expected AI; Found AN
Value at index 9 differs. Expected AJ; Found AO
Value at index 11 differs. Expected AL; Found AP
Value at index 12 differs. Expected AM; Found AQ
Value at index 13 differs. Expected AN; Found AR
Value at index 14 differs. Expected AO; Found AS
Value at index 15 differs. Expected AP; Found AT
Value at index 16 differs. Expected AQ; Found AV
Value at index 17 differs. Expected AR; Found AX
Value at index 18 differs. Expected AS; Found BA
Value at index 19 differs. Expected AT; Found BB
Value at index 20 differs. Expected AU; Found BC
Value at index 21 differs. Expected AV; Found BD
Value at index 22 differs. Expected AW; Found BE
Value at index 23 differs. Expected AX; Found BF
Value at index 24 differs. Expected AY; Found BG
Value at index 25 differs. Expected AZ; Found BH
Value at index 26 differs. Expected BA; Found BI
Value at index 27 differs. Expected BB; Found BJ
Value at index 28 differs. Expected BC; Found BL
Value at index 29 differs. Expected BD; Found BM
Value at index 30 differs. Expected BE; Found BN
Value at index 31 differs. Expected BF; Found BP
Value at index 32 differs. Expected BG; Found BQ
Value at index 33 differs. Expected BH; Found BS
Value at index 34 differs. Expected BI; Found BT
Value at index 35 differs. Expected BJ; Found BU
Value at index 36 differs. Expected BK; Found BV
Value at index 37 differs. Expected BL; Found BO
Value at index 38 differs. Expected BM; Found AY
Value at index 39 differs. Expected BN; Found AC
Value at index 40 differs. Expected BO; Found BW
Value at index 41 differs. Expected BP; Found BX
Value at index 42 differs. Expected BQ; Found BY
Value at index 43 differs. Expected BR; Found BZ
Value at index 44 differs. Expected BS; Found AL
Value at index 45 differs. Expected BT; Found CB
Value at index 46 differs. Expected BU; Found CC
Value at index 47 differs. Expected BV; Found CD
Value at index 48 differs. Expected BW; Found CG
Value at index 49 differs. Expected BX; Found CH
Value at index 50 differs. Expected BY; Found CI
Value at index 51 differs. Expected BZ; Found CL
Value at index 52 differs. Expected CA; Found CM
Value at index 53 differs. Expected CB; Found CN
Value at index 54 differs. Expected CC; Found CO
Value at index 55 differs. Expected CD; Found CF
Value at index 56 differs. Expected CE; Found CK
Value at index 57 differs. Expected CF; Found CP
Value at index 58 differs. Expected CG; Found CA
Value at index 59 differs. Expected CH; Found AZ
Value at index 60 differs. Expected CI; Found AW
Value at index 62 differs. Expected CK; Found CQ
Value at index 63 differs. Expected CL; Found CE
Value at index 64 differs. Expected CM; Found AB
Value at index 65 differs. Expected CN; Found BK
Value at index 66 differs. Expected CO; Found CR
Value at index 67 differs. Expected CP; Found CS
Value at index 68 differs. Expected CQ; Found AU
Value at index 69 differs. Expected CR; Found CT
Value at index 70 differs. Expected CS; Found CU
Value at index 71 differs. Expected CT; Found BR
Value at index 72 differs. Expected CU; Found CV
Value at index 73 differs. Expected CV; Found CW
Value at index 74 differs. Expected CW; Found AF

