Invalid read count. Expected: 86; Found: 30
Invalid write count. Expected: 26; Found: 12
Value at index 0 differs. Expected A; Found E
Value at index 1 differs. Expected B; Found C
Value at index 2 differs. Expected C; Found A
Value at index 3 differs. Expected D; Found B
Value at index 4 differs. Expected E; Found F
Value at index 5 differs. Expected F; Found D

Invalid read count. Expected: 32 914; Found: 31 702
Invalid write count. Expected: 10 606; Found: 10 474
Value at index 2 differs. Expected AC; Found AD
Value at index 3 differs. Expected AD; Found AF
Value at index 4 differs. Expected AE; Found AG
Value at index 5 differs. Expected AF; Found AH
Value at index 6 differs. Expected AG; Found AI
Value at index 7 differs. Expected AH; Found AK
Value at index 8 differs. Expected AI; Found AL
Value at index 9 differs. Expected AJ; Found AN
Value at index 10 differs. Expected AK; Found AP
Value at index 11 differs. Expected AL; Found AQ
Value at index 12 differs. Expected AM; Found AR
Value at index 13 differs. Expected AN; Found AS
Value at index 15 differs. Expected AP; Found AT
Value at index 16 differs. Expected AQ; Found AE
Value at index 17 differs. Expected AR; Found AU
Value at index 18 differs. Expected AS; Found AM
Value at index 19 differs. Expected AT; Found AV
Value at index 20 differs. Expected AU; Found AW
Value at index 21 differs. Expected AV; Found AX
Value at index 22 differs. Expected AW; Found AY
Value at index 23 differs. Expected AX; Found AJ
Value at index 24 differs. Expected AY; Found AZ
Value at index 25 differs. Expected AZ; Found BA
Value at index 26 differs. Expected BA; Found BB
Value at index 27 differs. Expected BB; Found BC
Value at index 28 differs. Expected BC; Found AC

