Invalid read count. Expected: 116; Found: 124

Invalid read count. Expected: 31 788; Found: 2
Invalid write count. Expected: 9 444; Found: 0
Value at index 0 differs. Expected AA; Found AZ
Value at index 1 differs. Expected AB; Found CA
Value at index 2 differs. Expected AC; Found DF
Value at index 3 differs. Expected AD; Found CU
Value at index 4 differs. Expected AE; Found CK
Value at index 7 differs. Expected AH; Found FQ
Value at index 8 differs. Expected AI; Found AX
Value at index 9 differs. Expected AJ; Found CG
Value at index 12 differs. Expected AM; Found EM
Value at index 13 differs. Expected AN; Found EK
Value at index 14 differs. Expected AO; Found DB
Value at index 15 differs. Expected AP; Found FR
Value at index 16 differs. Expected AQ; Found BK
Value at index 18 differs. Expected AS; Found CX
Value at index 19 differs. Expected AT; Found FI
Value at index 20 differs. Expected AU; Found EB
Value at index 21 differs. Expected AV; Found BW
Value at index 22 differs. Expected AW; Found BD
Value at index 23 differs. Expected AX; Found AI
Value at index 24 differs. Expected AY; Found AJ
Value at index 25 differs. Expected AZ; Found DM
Value at index 27 differs. Expected BB; Found AT
Value at index 29 differs. Expected BD; Found EH
Value at index 30 differs. Expected BE; Found AY
Value at index 31 differs. Expected BF; Found DC
Value at index 33 differs. Expected BH; Found CZ
Value at index 34 differs. Expected BI; Found FD
Value at index 35 differs. Expected BJ; Found CR
Value at index 36 differs. Expected BK; Found EY
Value at index 38 differs. Expected BM; Found FO
Value at index 39 differs. Expected BN; Found CB
Value at index 40 differs. Expected BO; Found BQ
Value at index 42 differs. Expected BQ; Found BO
Value at index 44 differs. Expected BS; Found FE
Value at index 46 differs. Expected BU; Found CP
Value at index 48 differs. Expected BW; Found AV
Value at index 49 differs. Expected BX; Found EQ
Value at index 50 differs. Expected BY; Found EU
Value at index 51 differs. Expected BZ; Found EA
Value at index 52 differs. Expected CA; Found DS
Value at index 53 differs. Expected CB; Found AB
Value at index 54 differs. Expected CC; Found FF
Value at index 55 differs. Expected CD; Found BN
Value at index 56 differs. Expected CE; Found FH
Value at index 58 differs. Expected CG; Found DH
Value at index 60 differs. Expected CI; Found DN
Value at index 61 differs. Expected CJ; Found CC
Value at index 62 differs. Expected CK; Found FN
Value at index 65 differs. Expected CN; Found BH
Value at index 67 differs. Expected CP; Found BU
Value at index 69 differs. Expected CR; Found BJ
Value at index 71 differs. Expected CT; Found EG
Value at index 72 differs. Expected CU; Found CV
Value at index 73 differs. Expected CV; Found AD
Value at index 74 differs. Expected CW; Found FS
Value at index 75 differs. Expected CX; Found AS
Value at index 77 differs. Expected CZ; Found EO
Value at index 79 differs. Expected DB; Found AO
Value at index 80 differs. Expected DC; Found EV
Value at index 83 differs. Expected DF; Found CW
Value at index 85 differs. Expected DH; Found EP
Value at index 87 differs. Expected DJ; Found DQ
Value at index 89 differs. Expected DL; Found BY
Value at index 90 differs. Expected DM; Found AA
Value at index 91 differs. Expected DN; Found BE
Value at index 94 differs. Expected DQ; Found DJ
Value at index 96 differs. Expected DS; Found CD
Value at index 98 differs. Expected DU; Found AU
Value at index 100 differs. Expected DW; Found FB
Value at index 102 differs. Expected DY; Found ER
Value at index 103 differs. Expected DZ; Found AE
Value at index 104 differs. Expected EA; Found BI
Value at index 105 differs. Expected EB; Found DU
Value at index 107 differs. Expected ED; Found ET
Value at index 108 differs. Expected EE; Found FL
Value at index 110 differs. Expected EG; Found CT
Value at index 111 differs. Expected EH; Found FM
Value at index 114 differs. Expected EK; Found EZ
Value at index 115 differs. Expected EL; Found CN
Value at index 116 differs. Expected EM; Found DW
Value at index 118 differs. Expected EO; Found EL
Value at index 119 differs. Expected EP; Found CI
Value at index 120 differs. Expected EQ; Found DZ
Value at index 121 differs. Expected ER; Found DL
Value at index 122 differs. Expected ES; Found CE
Value at index 123 differs. Expected ET; Found FC
Value at index 124 differs. Expected EU; Found AN
Value at index 125 differs. Expected EV; Found BF
Value at index 128 differs. Expected EY; Found AQ
Value at index 129 differs. Expected EZ; Found DY
Value at index 130 differs. Expected FA; Found AP
Value at index 131 differs. Expected FB; Found AM
Value at index 132 differs. Expected FC; Found ED
Value at index 133 differs. Expected FD; Found BZ
Value at index 134 differs. Expected FE; Found BS
Value at index 135 differs. Expected FF; Found CJ
Value at index 137 differs. Expected FH; Found ES
Value at index 138 differs. Expected FI; Found BB
Value at index 141 differs. Expected FL; Found EE
Value at index 142 differs. Expected FM; Found AW
Value at index 143 differs. Expected FN; Found FA
Value at index 144 differs. Expected FO; Found BM
Value at index 146 differs. Expected FQ; Found AH
Value at index 147 differs. Expected FR; Found BX
Value at index 148 differs. Expected FS; Found AC

