Invalid read count. Expected: 112; Found: 32
Invalid write count. Expected: 24; Found: 12
Value at index 1 differs. Expected B; Found C
Value at index 2 differs. Expected C; Found D
Value at index 3 differs. Expected D; Found E
Value at index 4 differs. Expected E; Found F
Value at index 5 differs. Expected F; Found G
Value at index 6 differs. Expected G; Found H
Value at index 7 differs. Expected H; Found B

Invalid read count. Expected: 31 276; Found: 2
Invalid write count. Expected: 9 036; Found: 0
Value at index 1 differs. Expected AB; Found CC
Value at index 2 differs. Expected AC; Found EY
Value at index 3 differs. Expected AD; Found BN
Value at index 4 differs. Expected AE; Found DA
Value at index 5 differs. Expected AF; Found AW
Value at index 6 differs. Expected AG; Found BC
Value at index 7 differs. Expected AH; Found EX
Value at index 8 differs. Expected AI; Found AK
Value at index 10 differs. Expected AK; Found CA
Value at index 11 differs. Expected AL; Found DY
Value at index 12 differs. Expected AM; Found AQ
Value at index 14 differs. Expected AO; Found CT
Value at index 15 differs. Expected AP; Found FE
Value at index 16 differs. Expected AQ; Found EI
Value at index 18 differs. Expected AS; Found CM
Value at index 20 differs. Expected AU; Found EL
Value at index 21 differs. Expected AV; Found BZ
Value at index 22 differs. Expected AW; Found CX
Value at index 24 differs. Expected AY; Found DJ
Value at index 25 differs. Expected AZ; Found BW
Value at index 28 differs. Expected BC; Found AG
Value at index 29 differs. Expected BD; Found EE
Value at index 31 differs. Expected BF; Found DO
Value at index 32 differs. Expected BG; Found BF
Value at index 33 differs. Expected BH; Found BV
Value at index 35 differs. Expected BJ; Found FQ
Value at index 36 differs. Expected BK; Found BP
Value at index 38 differs. Expected BM; Found FH
Value at index 39 differs. Expected BN; Found BQ
Value at index 40 differs. Expected BO; Found EC
Value at index 41 differs. Expected BP; Found BS
Value at index 42 differs. Expected BQ; Found FL
Value at index 43 differs. Expected BR; Found CY
Value at index 44 differs. Expected BS; Found FA
Value at index 45 differs. Expected BT; Found BU
Value at index 46 differs. Expected BU; Found BT
Value at index 47 differs. Expected BV; Found DZ
Value at index 48 differs. Expected BW; Found AZ
Value at index 51 differs. Expected BZ; Found AV
Value at index 52 differs. Expected CA; Found AI
Value at index 53 differs. Expected CB; Found FS
Value at index 54 differs. Expected CC; Found AB
Value at index 55 differs. Expected CD; Found CV
Value at index 57 differs. Expected CF; Found EM
Value at index 59 differs. Expected CH; Found FI
Value at index 62 differs. Expected CK; Found EP
Value at index 64 differs. Expected CM; Found CF
Value at index 66 differs. Expected CO; Found FT
Value at index 67 differs. Expected CP; Found CB
Value at index 69 differs. Expected CR; Found EW
Value at index 71 differs. Expected CT; Found ER
Value at index 73 differs. Expected CV; Found BM
Value at index 74 differs. Expected CW; Found AO
Value at index 75 differs. Expected CX; Found AF
Value at index 76 differs. Expected CY; Found DM
Value at index 78 differs. Expected DA; Found FF
Value at index 80 differs. Expected DC; Found FC
Value at index 81 differs. Expected DD; Found EJ
Value at index 82 differs. Expected DE; Found CH
Value at index 83 differs. Expected DF; Found FD
Value at index 84 differs. Expected DG; Found DS
Value at index 85 differs. Expected DH; Found ET
Value at index 87 differs. Expected DJ; Found AY
Value at index 90 differs. Expected DM; Found BR
Value at index 92 differs. Expected DO; Found BK
Value at index 95 differs. Expected DR; Found AL
Value at index 96 differs. Expected DS; Found DG
Value at index 99 differs. Expected DV; Found DR
Value at index 101 differs. Expected DX; Found FK
Value at index 102 differs. Expected DY; Found DV
Value at index 103 differs. Expected DZ; Found DH
Value at index 106 differs. Expected EC; Found EO
Value at index 108 differs. Expected EE; Found BD
Value at index 109 differs. Expected EF; Found FG
Value at index 110 differs. Expected EG; Found CD
Value at index 112 differs. Expected EI; Found BH
Value at index 113 differs. Expected EJ; Found AM
Value at index 115 differs. Expected EL; Found AU
Value at index 116 differs. Expected EM; Found AS
Value at index 118 differs. Expected EO; Found BO
Value at index 119 differs. Expected EP; Found CK
Value at index 120 differs. Expected EQ; Found FM
Value at index 121 differs. Expected ER; Found CW
Value at index 123 differs. Expected ET; Found DD
Value at index 124 differs. Expected EU; Found BJ
Value at index 126 differs. Expected EW; Found CR
Value at index 127 differs. Expected EX; Found AH
Value at index 128 differs. Expected EY; Found AC
Value at index 130 differs. Expected FA; Found CO
Value at index 131 differs. Expected FB; Found AE
Value at index 132 differs. Expected FC; Found DC
Value at index 133 differs. Expected FD; Found DF
Value at index 134 differs. Expected FE; Found BG
Value at index 135 differs. Expected FF; Found FB
Value at index 136 differs. Expected FG; Found EF
Value at index 137 differs. Expected FH; Found EG
Value at index 138 differs. Expected FI; Found DE
Value at index 140 differs. Expected FK; Found DX
Value at index 141 differs. Expected FL; Found AD
Value at index 142 differs. Expected FM; Found EQ
Value at index 146 differs. Expected FQ; Found EU
Value at index 148 differs. Expected FS; Found CP
Value at index 149 differs. Expected FT; Found AP

