Invalid read count. Expected: 86; Found: 116

Invalid read count. Expected: 32 914; Found: 2
Invalid write count. Expected: 10 606; Found: 0
Value at index 0 differs. Expected AA; Found BX
Value at index 1 differs. Expected AB; Found DT
Value at index 2 differs. Expected AC; Found FO
Value at index 3 differs. Expected AD; Found ER
Value at index 4 differs. Expected AE; Found CW
Value at index 5 differs. Expected AF; Found DO
Value at index 8 differs. Expected AI; Found CF
Value at index 9 differs. Expected AJ; Found FJ
Value at index 12 differs. Expected AM; Found DU
Value at index 13 differs. Expected AN; Found AV
Value at index 14 differs. Expected AO; Found FA
Value at index 15 differs. Expected AP; Found FM
Value at index 16 differs. Expected AQ; Found DL
Value at index 17 differs. Expected AR; Found AN
Value at index 18 differs. Expected AS; Found CY
Value at index 20 differs. Expected AU; Found FS
Value at index 21 differs. Expected AV; Found DD
Value at index 22 differs. Expected AW; Found CB
Value at index 24 differs. Expected AY; Found FN
Value at index 25 differs. Expected AZ; Found BC
Value at index 27 differs. Expected BB; Found CQ
Value at index 28 differs. Expected BC; Found DG
Value at index 29 differs. Expected BD; Found EM
Value at index 30 differs. Expected BE; Found BO
Value at index 31 differs. Expected BF; Found BJ
Value at index 32 differs. Expected BG; Found EQ
Value at index 33 differs. Expected BH; Found CD
Value at index 34 differs. Expected BI; Found FT
Value at index 35 differs. Expected BJ; Found CO
Value at index 37 differs. Expected BL; Found EN
Value at index 38 differs. Expected BM; Found EY
Value at index 40 differs. Expected BO; Found AY
Value at index 42 differs. Expected BQ; Found DH
Value at index 43 differs. Expected BR; Found DR
Value at index 44 differs. Expected BS; Found AW
Value at index 46 differs. Expected BU; Found DQ
Value at index 48 differs. Expected BW; Found BY
Value at index 49 differs. Expected BX; Found BF
Value at index 50 differs. Expected BY; Found CM
Value at index 51 differs. Expected BZ; Found EX
Value at index 53 differs. Expected CB; Found EV
Value at index 54 differs. Expected CC; Found DK
Value at index 55 differs. Expected CD; Found DV
Value at index 56 differs. Expected CE; Found FF
Value at index 57 differs. Expected CF; Found AI
Value at index 58 differs. Expected CG; Found EZ
Value at index 59 differs. Expected CH; Found CU
Value at index 60 differs. Expected CI; Found BM
Value at index 61 differs. Expected CJ; Found AD
Value at index 64 differs. Expected CM; Found FL
Value at index 65 differs. Expected CN; Found FE
Value at index 66 differs. Expected CO; Found EA
Value at index 68 differs. Expected CQ; Found EJ
Value at index 70 differs. Expected CS; Found DC
Value at index 72 differs. Expected CU; Found EP
Value at index 74 differs. Expected CW; Found FC
Value at index 75 differs. Expected CX; Found CH
Value at index 76 differs. Expected CY; Found AS
Value at index 77 differs. Expected CZ; Found BW
Value at index 78 differs. Expected DA; Found BQ
Value at index 79 differs. Expected DB; Found BS
Value at index 80 differs. Expected DC; Found AP
Value at index 81 differs. Expected DD; Found AR
Value at index 84 differs. Expected DG; Found AA
Value at index 85 differs. Expected DH; Found BR
Value at index 88 differs. Expected DK; Found DP
Value at index 89 differs. Expected DL; Found AQ
Value at index 90 differs. Expected DM; Found FH
Value at index 91 differs. Expected DN; Found DW
Value at index 92 differs. Expected DO; Found AF
Value at index 93 differs. Expected DP; Found CC
Value at index 94 differs. Expected DQ; Found BU
Value at index 95 differs. Expected DR; Found EH
Value at index 96 differs. Expected DS; Found FP
Value at index 97 differs. Expected DT; Found AB
Value at index 98 differs. Expected DU; Found AZ
Value at index 99 differs. Expected DV; Found ET
Value at index 100 differs. Expected DW; Found DB
Value at index 101 differs. Expected DX; Found EB
Value at index 104 differs. Expected EA; Found EK
Value at index 105 differs. Expected EB; Found DX
Value at index 107 differs. Expected ED; Found DS
Value at index 111 differs. Expected EH; Found CE
Value at index 113 differs. Expected EJ; Found BB
Value at index 114 differs. Expected EK; Found CN
Value at index 116 differs. Expected EM; Found BD
Value at index 117 differs. Expected EN; Found CG
Value at index 119 differs. Expected EP; Found AU
Value at index 120 differs. Expected EQ; Found ES
Value at index 121 differs. Expected ER; Found CJ
Value at index 122 differs. Expected ES; Found BG
Value at index 123 differs. Expected ET; Found BH
Value at index 125 differs. Expected EV; Found DN
Value at index 127 differs. Expected EX; Found BZ
Value at index 128 differs. Expected EY; Found CI
Value at index 129 differs. Expected EZ; Found CZ
Value at index 130 differs. Expected FA; Found AO
Value at index 132 differs. Expected FC; Found AE
Value at index 134 differs. Expected FE; Found AM
Value at index 135 differs. Expected FF; Found DA
Value at index 137 differs. Expected FH; Found DM
Value at index 139 differs. Expected FJ; Found AJ
Value at index 141 differs. Expected FL; Found BL
Value at index 142 differs. Expected FM; Found CS
Value at index 143 differs. Expected FN; Found BE
Value at index 144 differs. Expected FO; Found AC
Value at index 145 differs. Expected FP; Found ED
Value at index 148 differs. Expected FS; Found CX
Value at index 149 differs. Expected FT; Found BI

