Invalid read count. Expected: 54; Found: 90
Invalid write count. Expected: 6; Found: 0
Value at index 1 differs. Expected B; Found D
Value at index 3 differs. Expected D; Found B

Invalid read count. Expected: 30,384; Found: 22,350
Invalid write count. Expected: 8,036; Found: 0
Value at index 0 differs. Expected AA; Found FT
Value at index 1 differs. Expected AB; Found BG
Value at index 2 differs. Expected AC; Found FB
Value at index 4 differs. Expected AE; Found DF
Value at index 5 differs. Expected AF; Found CO
Value at index 6 differs. Expected AG; Found AO
Value at index 7 differs. Expected AH; Found FE
Value at index 8 differs. Expected AI; Found DI
Value at index 10 differs. Expected AK; Found AI
Value at index 11 differs. Expected AL; Found DJ
Value at index 12 differs. Expected AM; Found EX
Value at index 13 differs. Expected AN; Found CL
Value at index 14 differs. Expected AO; Found AG
Value at index 15 differs. Expected AP; Found CB
Value at index 16 differs. Expected AQ; Found AB
Value at index 19 differs. Expected AT; Found BN
Value at index 20 differs. Expected AU; Found BC
Value at index 22 differs. Expected AW; Found AZ
Value at index 25 differs. Expected AZ; Found DQ
Value at index 26 differs. Expected BA; Found CF
Value at index 28 differs. Expected BC; Found EM
Value at index 29 differs. Expected BD; Found DG
Value at index 30 differs. Expected BE; Found DV
Value at index 32 differs. Expected BG; Found DM
Value at index 34 differs. Expected BI; Found FS
Value at index 35 differs. Expected BJ; Found CH
Value at index 36 differs. Expected BK; Found DX
Value at index 38 differs. Expected BM; Found EI
Value at index 39 differs. Expected BN; Found BZ
Value at index 40 differs. Expected BO; Found AP
Value at index 41 differs. Expected BP; Found CS
Value at index 43 differs. Expected BR; Found FF
Value at index 44 differs. Expected BS; Found AA
Value at index 46 differs. Expected BU; Found CT
Value at index 48 differs. Expected BW; Found BX
Value at index 49 differs. Expected BX; Found BW
Value at index 50 differs. Expected BY; Found FI
Value at index 51 differs. Expected BZ; Found AT
Value at index 52 differs. Expected CA; Found CJ
Value at index 53 differs. Expected CB; Found BI
Value at index 54 differs. Expected CC; Found FH
Value at index 55 differs. Expected CD; Found AL
Value at index 56 differs. Expected CE; Found CC
Value at index 57 differs. Expected CF; Found BA
Value at index 59 differs. Expected CH; Found BJ
Value at index 60 differs. Expected CI; Found CV
Value at index 61 differs. Expected CJ; Found CM
Value at index 62 differs. Expected CK; Found AQ
Value at index 63 differs. Expected CL; Found AN
Value at index 64 differs. Expected CM; Found EN
Value at index 65 differs. Expected CN; Found FQ
Value at index 66 differs. Expected CO; Found EF
Value at index 68 differs. Expected CQ; Found AK
Value at index 70 differs. Expected CS; Found BP
Value at index 71 differs. Expected CT; Found BU
Value at index 73 differs. Expected CV; Found DS
Value at index 74 differs. Expected CW; Found AW
Value at index 76 differs. Expected CY; Found CQ
Value at index 77 differs. Expected CZ; Found CW
Value at index 82 differs. Expected DE; Found EP
Value at index 83 differs. Expected DF; Found DU
Value at index 84 differs. Expected DG; Found FA
Value at index 85 differs. Expected DH; Found DL
Value at index 86 differs. Expected DI; Found CE
Value at index 87 differs. Expected DJ; Found CD
Value at index 88 differs. Expected DK; Found AF
Value at index 89 differs. Expected DL; Found BE
Value at index 90 differs. Expected DM; Found CK
Value at index 91 differs. Expected DN; Found EC
Value at index 92 differs. Expected DO; Found DE
Value at index 94 differs. Expected DQ; Found CZ
Value at index 95 differs. Expected DR; Found DZ
Value at index 96 differs. Expected DS; Found EB
Value at index 97 differs. Expected DT; Found BO
Value at index 98 differs. Expected DU; Found AE
Value at index 99 differs. Expected DV; Found BM
Value at index 100 differs. Expected DW; Found FG
Value at index 101 differs. Expected DX; Found BK
Value at index 102 differs. Expected DY; Found AU
Value at index 103 differs. Expected DZ; Found DR
Value at index 105 differs. Expected EB; Found EV
Value at index 106 differs. Expected EC; Found ES
Value at index 109 differs. Expected EF; Found EO
Value at index 111 differs. Expected EH; Found DK
Value at index 112 differs. Expected EI; Found DH
Value at index 116 differs. Expected EM; Found DY
Value at index 117 differs. Expected EN; Found EQ
Value at index 118 differs. Expected EO; Found CN
Value at index 119 differs. Expected EP; Found DO
Value at index 120 differs. Expected EQ; Found FP
Value at index 121 differs. Expected ER; Found DN
Value at index 122 differs. Expected ES; Found ER
Value at index 125 differs. Expected EV; Found CI
Value at index 127 differs. Expected EX; Found AM
Value at index 128 differs. Expected EY; Found BY
Value at index 130 differs. Expected FA; Found BD
Value at index 131 differs. Expected FB; Found FO
Value at index 134 differs. Expected FE; Found AH
Value at index 135 differs. Expected FF; Found BR
Value at index 136 differs. Expected FG; Found DW
Value at index 137 differs. Expected FH; Found CY
Value at index 138 differs. Expected FI; Found EY
Value at index 144 differs. Expected FO; Found BS
Value at index 145 differs. Expected FP; Found CA
Value at index 146 differs. Expected FQ; Found DT
Value at index 148 differs. Expected FS; Found EH
Value at index 149 differs. Expected FT; Found AC

