Invalid read count. Expected: 128; Found: 76
Invalid write count. Expected: 40; Found: 28
Value at index 0 differs. Expected A; Found C
Value at index 1 differs. Expected B; Found D
Value at index 2 differs. Expected C; Found A
Value at index 3 differs. Expected D; Found E
Value at index 4 differs. Expected E; Found F
Value at index 5 differs. Expected F; Found B

Invalid read count. Expected: 28 668; Found: 23 584
Invalid write count. Expected: 7 878; Found: 7 396
Value at index 0 differs. Expected AA; Found AB
Value at index 1 differs. Expected AB; Found AC
Value at index 2 differs. Expected AC; Found AE
Value at index 3 differs. Expected AD; Found AF
Value at index 4 differs. Expected AE; Found AG
Value at index 5 differs. Expected AF; Found AH
Value at index 6 differs. Expected AG; Found AI
Value at index 7 differs. Expected AH; Found AJ
Value at index 8 differs. Expected AI; Found AK
Value at index 9 differs. Expected AJ; Found AL
Value at index 10 differs. Expected AK; Found AM
Value at index 11 differs. Expected AL; Found AN
Value at index 12 differs. Expected AM; Found AO
Value at index 13 differs. Expected AN; Found AP
Value at index 14 differs. Expected AO; Found AQ
Value at index 15 differs. Expected AP; Found AR
Value at index 16 differs. Expected AQ; Found AS
Value at index 17 differs. Expected AR; Found AU
Value at index 18 differs. Expected AS; Found AW
Value at index 19 differs. Expected AT; Found AX
Value at index 20 differs. Expected AU; Found AY
Value at index 21 differs. Expected AV; Found AZ
Value at index 22 differs. Expected AW; Found BA
Value at index 23 differs. Expected AX; Found BC
Value at index 24 differs. Expected AY; Found BF
Value at index 25 differs. Expected AZ; Found BG
Value at index 26 differs. Expected BA; Found BH
Value at index 27 differs. Expected BB; Found AT
Value at index 28 differs. Expected BC; Found BI
Value at index 29 differs. Expected BD; Found BK
Value at index 30 differs. Expected BE; Found AA
Value at index 31 differs. Expected BF; Found BL
Value at index 32 differs. Expected BG; Found BO
Value at index 33 differs. Expected BH; Found BQ
Value at index 34 differs. Expected BI; Found BR
Value at index 35 differs. Expected BJ; Found BS
Value at index 36 differs. Expected BK; Found BU
Value at index 37 differs. Expected BL; Found AV
Value at index 38 differs. Expected BM; Found BV
Value at index 39 differs. Expected BN; Found BB
Value at index 40 differs. Expected BO; Found AD
Value at index 41 differs. Expected BP; Found BJ
Value at index 42 differs. Expected BQ; Found BW
Value at index 43 differs. Expected BR; Found BN
Value at index 44 differs. Expected BS; Found BX
Value at index 46 differs. Expected BU; Found BY
Value at index 47 differs. Expected BV; Found BZ
Value at index 48 differs. Expected BW; Found CA
Value at index 49 differs. Expected BX; Found BE
Value at index 50 differs. Expected BY; Found CB
Value at index 51 differs. Expected BZ; Found CC
Value at index 52 differs. Expected CA; Found BP
Value at index 53 differs. Expected CB; Found CD
Value at index 54 differs. Expected CC; Found CE
Value at index 55 differs. Expected CD; Found CF
Value at index 56 differs. Expected CE; Found CG
Value at index 57 differs. Expected CF; Found CH
Value at index 58 differs. Expected CG; Found CI
Value at index 59 differs. Expected CH; Found CJ
Value at index 60 differs. Expected CI; Found CK
Value at index 61 differs. Expected CJ; Found CM
Value at index 62 differs. Expected CK; Found CN
Value at index 63 differs. Expected CL; Found CO
Value at index 64 differs. Expected CM; Found CP
Value at index 65 differs. Expected CN; Found CQ
Value at index 66 differs. Expected CO; Found CR
Value at index 67 differs. Expected CP; Found BD
Value at index 68 differs. Expected CQ; Found CS
Value at index 69 differs. Expected CR; Found CT
Value at index 70 differs. Expected CS; Found CU
Value at index 71 differs. Expected CT; Found BM
Value at index 72 differs. Expected CU; Found CV
Value at index 73 differs. Expected CV; Found CW
Value at index 74 differs. Expected CW; Found CL

