Invalid read count. Expected: 114; Found: 0
Invalid write count. Expected: 36; Found: 0
Value at index 1 differs. Expected B; Found E
Value at index 2 differs. Expected C; Found B
Value at index 3 differs. Expected D; Found J
Value at index 4 differs. Expected E; Found I
Value at index 7 differs. Expected H; Found C
Value at index 8 differs. Expected I; Found D
Value at index 9 differs. Expected J; Found H

Invalid read count. Expected: 31 278; Found: 0
Invalid write count. Expected: 9 138; Found: 0
Value at index 0 differs. Expected AA; Found DD
Value at index 3 differs. Expected AD; Found EH
Value at index 6 differs. Expected AG; Found AU
Value at index 7 differs. Expected AH; Found AW
Value at index 9 differs. Expected AJ; Found EC
Value at index 10 differs. Expected AK; Found EL
Value at index 13 differs. Expected AN; Found AY
Value at index 16 differs. Expected AQ; Found BL
Value at index 19 differs. Expected AT; Found FO
Value at index 20 differs. Expected AU; Found FI
Value at index 22 differs. Expected AW; Found FJ
Value at index 23 differs. Expected AX; Found CS
Value at index 24 differs. Expected AY; Found FG
Value at index 25 differs. Expected AZ; Found DR
Value at index 26 differs. Expected BA; Found FC
Value at index 27 differs. Expected BB; Found DQ
Value at index 29 differs. Expected BD; Found DP
Value at index 31 differs. Expected BF; Found CD
Value at index 33 differs. Expected BH; Found DV
Value at index 34 differs. Expected BI; Found EV
Value at index 35 differs. Expected BJ; Found FH
Value at index 36 differs. Expected BK; Found BU
Value at index 37 differs. Expected BL; Found FD
Value at index 38 differs. Expected BM; Found CE
Value at index 39 differs. Expected BN; Found EZ
Value at index 40 differs. Expected BO; Found CT
Value at index 43 differs. Expected BR; Found EO
Value at index 45 differs. Expected BT; Found ER
Value at index 46 differs. Expected BU; Found BK
Value at index 47 differs. Expected BV; Found AQ
Value at index 48 differs. Expected BW; Found FS
Value at index 49 differs. Expected BX; Found DG
Value at index 50 differs. Expected BY; Found DW
Value at index 51 differs. Expected BZ; Found BO
Value at index 55 differs. Expected CD; Found EW
Value at index 56 differs. Expected CE; Found CL
Value at index 57 differs. Expected CF; Found AD
Value at index 62 differs. Expected CK; Found CP
Value at index 63 differs. Expected CL; Found BM
Value at index 65 differs. Expected CN; Found DY
Value at index 66 differs. Expected CO; Found DX
Value at index 67 differs. Expected CP; Found EX
Value at index 68 differs. Expected CQ; Found EB
Value at index 69 differs. Expected CR; Found BZ
Value at index 70 differs. Expected CS; Found AX
Value at index 71 differs. Expected CT; Found CR
Value at index 72 differs. Expected CU; Found DN
Value at index 73 differs. Expected CV; Found DE
Value at index 76 differs. Expected CY; Found FE
Value at index 77 differs. Expected CZ; Found AA
Value at index 79 differs. Expected DB; Found BD
Value at index 81 differs. Expected DD; Found CZ
Value at index 82 differs. Expected DE; Found DT
Value at index 83 differs. Expected DF; Found CK
Value at index 84 differs. Expected DG; Found DZ
Value at index 86 differs. Expected DI; Found FL
Value at index 87 differs. Expected DJ; Found BV
Value at index 90 differs. Expected DM; Found DF
Value at index 91 differs. Expected DN; Found ET
Value at index 93 differs. Expected DP; Found BB
Value at index 94 differs. Expected DQ; Found EK
Value at index 95 differs. Expected DR; Found CV
Value at index 96 differs. Expected DS; Found CO
Value at index 97 differs. Expected DT; Found AZ
Value at index 98 differs. Expected DU; Found CY
Value at index 99 differs. Expected DV; Found BH
Value at index 100 differs. Expected DW; Found BX
Value at index 101 differs. Expected DX; Found FQ
Value at index 102 differs. Expected DY; Found CN
Value at index 103 differs. Expected DZ; Found EE
Value at index 105 differs. Expected EB; Found CQ
Value at index 106 differs. Expected EC; Found AJ
Value at index 108 differs. Expected EE; Found BY
Value at index 111 differs. Expected EH; Found BW
Value at index 113 differs. Expected EJ; Found FN
Value at index 114 differs. Expected EK; Found BF
Value at index 115 differs. Expected EL; Found EY
Value at index 118 differs. Expected EO; Found BR
Value at index 119 differs. Expected EP; Found ES
Value at index 121 differs. Expected ER; Found DB
Value at index 122 differs. Expected ES; Found EP
Value at index 123 differs. Expected ET; Found CU
Value at index 125 differs. Expected EV; Found BI
Value at index 126 differs. Expected EW; Found CF
Value at index 127 differs. Expected EX; Found DS
Value at index 128 differs. Expected EY; Found AK
Value at index 129 differs. Expected EZ; Found BN
Value at index 132 differs. Expected FC; Found BA
Value at index 133 differs. Expected FD; Found DJ
Value at index 134 differs. Expected FE; Found DU
Value at index 136 differs. Expected FG; Found AN
Value at index 137 differs. Expected FH; Found BJ
Value at index 138 differs. Expected FI; Found AG
Value at index 139 differs. Expected FJ; Found DI
Value at index 141 differs. Expected FL; Found AH
Value at index 143 differs. Expected FN; Found EJ
Value at index 144 differs. Expected FO; Found AT
Value at index 146 differs. Expected FQ; Found DM
Value at index 148 differs. Expected FS; Found BT

