Invalid read count. Expected: 108; Found: 6
Invalid write count. Expected: 30; Found: 2
Value at index 1 differs. Expected B; Found C
Value at index 2 differs. Expected C; Found G
Value at index 4 differs. Expected E; Found J
Value at index 5 differs. Expected F; Found B
Value at index 6 differs. Expected G; Found F
Value at index 9 differs. Expected J; Found E

Invalid read count. Expected: 29 512; Found: 2
Invalid write count. Expected: 7 668; Found: 0
Value at index 3 differs. Expected AD; Found CR
Value at index 7 differs. Expected AH; Found DH
Value at index 9 differs. Expected AJ; Found EZ
Value at index 11 differs. Expected AL; Found CJ
Value at index 12 differs. Expected AM; Found AP
Value at index 13 differs. Expected AN; Found BW
Value at index 14 differs. Expected AO; Found FR
Value at index 15 differs. Expected AP; Found BO
Value at index 17 differs. Expected AR; Found CG
Value at index 18 differs. Expected AS; Found DU
Value at index 19 differs. Expected AT; Found FK
Value at index 23 differs. Expected AX; Found EB
Value at index 25 differs. Expected AZ; Found BP
Value at index 27 differs. Expected BB; Found CD
Value at index 28 differs. Expected BC; Found DG
Value at index 29 differs. Expected BD; Found DQ
Value at index 30 differs. Expected BE; Found EV
Value at index 31 differs. Expected BF; Found ES
Value at index 33 differs. Expected BH; Found BF
Value at index 35 differs. Expected BJ; Found DV
Value at index 36 differs. Expected BK; Found EA
Value at index 37 differs. Expected BL; Found BX
Value at index 38 differs. Expected BM; Found FI
Value at index 39 differs. Expected BN; Found EN
Value at index 40 differs. Expected BO; Found AM
Value at index 41 differs. Expected BP; Found BD
Value at index 42 differs. Expected BQ; Found AR
Value at index 43 differs. Expected BR; Found BN
Value at index 44 differs. Expected BS; Found CQ
Value at index 46 differs. Expected BU; Found AL
Value at index 47 differs. Expected BV; Found EC
Value at index 48 differs. Expected BW; Found EL
Value at index 49 differs. Expected BX; Found BE
Value at index 50 differs. Expected BY; Found BZ
Value at index 51 differs. Expected BZ; Found BV
Value at index 53 differs. Expected CB; Found CH
Value at index 54 differs. Expected CC; Found FC
Value at index 55 differs. Expected CD; Found BJ
Value at index 56 differs. Expected CE; Found CU
Value at index 58 differs. Expected CG; Found BQ
Value at index 59 differs. Expected CH; Found FH
Value at index 60 differs. Expected CI; Found AS
Value at index 61 differs. Expected CJ; Found DL
Value at index 63 differs. Expected CL; Found DA
Value at index 64 differs. Expected CM; Found FM
Value at index 65 differs. Expected CN; Found DW
Value at index 68 differs. Expected CQ; Found BS
Value at index 69 differs. Expected CR; Found AD
Value at index 70 differs. Expected CS; Found DB
Value at index 72 differs. Expected CU; Found AT
Value at index 73 differs. Expected CV; Found ET
Value at index 75 differs. Expected CX; Found DP
Value at index 77 differs. Expected CZ; Found BR
Value at index 78 differs. Expected DA; Found CL
Value at index 79 differs. Expected DB; Found EW
Value at index 81 differs. Expected DD; Found DM
Value at index 84 differs. Expected DG; Found ER
Value at index 85 differs. Expected DH; Found AH
Value at index 86 differs. Expected DI; Found FG
Value at index 89 differs. Expected DL; Found BU
Value at index 90 differs. Expected DM; Found DI
Value at index 93 differs. Expected DP; Found CX
Value at index 94 differs. Expected DQ; Found EK
Value at index 97 differs. Expected DT; Found BL
Value at index 98 differs. Expected DU; Found AX
Value at index 99 differs. Expected DV; Found DT
Value at index 100 differs. Expected DW; Found FE
Value at index 101 differs. Expected DX; Found AN
Value at index 102 differs. Expected DY; Found BM
Value at index 103 differs. Expected DZ; Found EG
Value at index 104 differs. Expected EA; Found BK
Value at index 105 differs. Expected EB; Found CI
Value at index 106 differs. Expected EC; Found BY
Value at index 108 differs. Expected EE; Found FD
Value at index 110 differs. Expected EG; Found EH
Value at index 111 differs. Expected EH; Found EI
Value at index 112 differs. Expected EI; Found DZ
Value at index 114 differs. Expected EK; Found AZ
Value at index 115 differs. Expected EL; Found FO
Value at index 116 differs. Expected EM; Found EP
Value at index 117 differs. Expected EN; Found DY
Value at index 119 differs. Expected EP; Found EM
Value at index 120 differs. Expected EQ; Found CS
Value at index 121 differs. Expected ER; Found BB
Value at index 122 differs. Expected ES; Found CZ
Value at index 123 differs. Expected ET; Found CV
Value at index 124 differs. Expected EU; Found FB
Value at index 125 differs. Expected EV; Found BC
Value at index 126 differs. Expected EW; Found FJ
Value at index 127 differs. Expected EX; Found BH
Value at index 128 differs. Expected EY; Found AO
Value at index 129 differs. Expected EZ; Found FF
Value at index 130 differs. Expected FA; Found CC
Value at index 131 differs. Expected FB; Found CM
Value at index 132 differs. Expected FC; Found FA
Value at index 133 differs. Expected FD; Found EE
Value at index 134 differs. Expected FE; Found CN
Value at index 135 differs. Expected FF; Found AJ
Value at index 136 differs. Expected FG; Found FL
Value at index 137 differs. Expected FH; Found CB
Value at index 138 differs. Expected FI; Found EX
Value at index 139 differs. Expected FJ; Found EQ
Value at index 140 differs. Expected FK; Found CE
Value at index 141 differs. Expected FL; Found DD
Value at index 142 differs. Expected FM; Found FP
Value at index 144 differs. Expected FO; Found DX
Value at index 145 differs. Expected FP; Found EU
Value at index 147 differs. Expected FR; Found EY

