Invalid read count. Expected: 58; Found: 26
Invalid write count. Expected: 10; Found: 8
Value at index 4 differs. Expected E; Found F
Value at index 5 differs. Expected F; Found E

Invalid read count. Expected: 29 150; Found: 26 490
Invalid write count. Expected: 7 730; Found: 7 562
Value at index 17 differs. Expected AR; Found AS
Value at index 18 differs. Expected AS; Found AT
Value at index 19 differs. Expected AT; Found AU
Value at index 20 differs. Expected AU; Found AV
Value at index 21 differs. Expected AV; Found AW
Value at index 22 differs. Expected AW; Found AX
Value at index 23 differs. Expected AX; Found AY
Value at index 24 differs. Expected AY; Found AZ
Value at index 25 differs. Expected AZ; Found BB
Value at index 26 differs. Expected BA; Found BC
Value at index 27 differs. Expected BB; Found BD
Value at index 28 differs. Expected BC; Found BE
Value at index 29 differs. Expected BD; Found BG
Value at index 30 differs. Expected BE; Found BH
Value at index 31 differs. Expected BF; Found BI
Value at index 32 differs. Expected BG; Found BJ
Value at index 33 differs. Expected BH; Found BK
Value at index 34 differs. Expected BI; Found BL
Value at index 35 differs. Expected BJ; Found BN
Value at index 36 differs. Expected BK; Found BO
Value at index 37 differs. Expected BL; Found BP
Value at index 38 differs. Expected BM; Found BQ
Value at index 39 differs. Expected BN; Found BR
Value at index 40 differs. Expected BO; Found BS
Value at index 41 differs. Expected BP; Found BT
Value at index 42 differs. Expected BQ; Found BU
Value at index 43 differs. Expected BR; Found BV
Value at index 44 differs. Expected BS; Found AR
Value at index 45 differs. Expected BT; Found BF
Value at index 46 differs. Expected BU; Found BW
Value at index 47 differs. Expected BV; Found BX
Value at index 48 differs. Expected BW; Found BY
Value at index 49 differs. Expected BX; Found BZ
Value at index 50 differs. Expected BY; Found CA
Value at index 51 differs. Expected BZ; Found BA
Value at index 52 differs. Expected CA; Found CB
Value at index 53 differs. Expected CB; Found CC
Value at index 54 differs. Expected CC; Found CD
Value at index 55 differs. Expected CD; Found BM

