Invalid read count. Expected: 140; Found: 2
Invalid write count. Expected: 52; Found: 0
Value at index 1 differs. Expected B; Found G
Value at index 2 differs. Expected C; Found J
Value at index 3 differs. Expected D; Found I
Value at index 4 differs. Expected E; Found D
Value at index 6 differs. Expected G; Found B
Value at index 8 differs. Expected I; Found E
Value at index 9 differs. Expected J; Found C

Invalid read count. Expected: 30 516; Found: 2
Invalid write count. Expected: 8 276; Found: 0
Value at index 3 differs. Expected AD; Found FL
Value at index 4 differs. Expected AE; Found ER
Value at index 5 differs. Expected AF; Found CE
Value at index 6 differs. Expected AG; Found DP
Value at index 11 differs. Expected AL; Found FO
Value at index 12 differs. Expected AM; Found BR
Value at index 14 differs. Expected AO; Found BN
Value at index 15 differs. Expected AP; Found EU
Value at index 16 differs. Expected AQ; Found FP
Value at index 18 differs. Expected AS; Found EB
Value at index 19 differs. Expected AT; Found CF
Value at index 20 differs. Expected AU; Found EZ
Value at index 21 differs. Expected AV; Found AT
Value at index 22 differs. Expected AW; Found BC
Value at index 23 differs. Expected AX; Found AG
Value at index 26 differs. Expected BA; Found CA
Value at index 27 differs. Expected BB; Found EP
Value at index 28 differs. Expected BC; Found AW
Value at index 30 differs. Expected BE; Found CG
Value at index 33 differs. Expected BH; Found CK
Value at index 34 differs. Expected BI; Found AP
Value at index 35 differs. Expected BJ; Found BY
Value at index 36 differs. Expected BK; Found CJ
Value at index 38 differs. Expected BM; Found DA
Value at index 39 differs. Expected BN; Found FF
Value at index 41 differs. Expected BP; Found DQ
Value at index 43 differs. Expected BR; Found FG
Value at index 45 differs. Expected BT; Found CM
Value at index 47 differs. Expected BV; Found BA
Value at index 50 differs. Expected BY; Found BJ
Value at index 52 differs. Expected CA; Found EH
Value at index 54 differs. Expected CC; Found DU
Value at index 56 differs. Expected CE; Found BT
Value at index 57 differs. Expected CF; Found DW
Value at index 58 differs. Expected CG; Found EX
Value at index 59 differs. Expected CH; Found CL
Value at index 60 differs. Expected CI; Found DL
Value at index 61 differs. Expected CJ; Found CH
Value at index 62 differs. Expected CK; Found EY
Value at index 63 differs. Expected CL; Found BK
Value at index 64 differs. Expected CM; Found AS
Value at index 68 differs. Expected CQ; Found DX
Value at index 71 differs. Expected CT; Found FJ
Value at index 72 differs. Expected CU; Found EF
Value at index 73 differs. Expected CV; Found EN
Value at index 74 differs. Expected CW; Found EQ
Value at index 75 differs. Expected CX; Found DN
Value at index 78 differs. Expected DA; Found DJ
Value at index 79 differs. Expected DB; Found EL
Value at index 81 differs. Expected DD; Found DG
Value at index 84 differs. Expected DG; Found ET
Value at index 85 differs. Expected DH; Found DR
Value at index 87 differs. Expected DJ; Found AX
Value at index 89 differs. Expected DL; Found CI
Value at index 91 differs. Expected DN; Found DT
Value at index 92 differs. Expected DO; Found DH
Value at index 93 differs. Expected DP; Found BM
Value at index 94 differs. Expected DQ; Found EC
Value at index 95 differs. Expected DR; Found FD
Value at index 96 differs. Expected DS; Found AV
Value at index 97 differs. Expected DT; Found FK
Value at index 98 differs. Expected DU; Found AL
Value at index 100 differs. Expected DW; Found DZ
Value at index 101 differs. Expected DX; Found DD
Value at index 103 differs. Expected DZ; Found ED
Value at index 104 differs. Expected EA; Found ES
Value at index 105 differs. Expected EB; Found AF
Value at index 106 differs. Expected EC; Found BP
Value at index 107 differs. Expected ED; Found DS
Value at index 109 differs. Expected EF; Found CU
Value at index 111 differs. Expected EH; Found BV
Value at index 115 differs. Expected EL; Found DB
Value at index 117 differs. Expected EN; Found CV
Value at index 118 differs. Expected EO; Found AU
Value at index 119 differs. Expected EP; Found FR
Value at index 120 differs. Expected EQ; Found CW
Value at index 121 differs. Expected ER; Found EW
Value at index 122 differs. Expected ES; Found EA
Value at index 123 differs. Expected ET; Found CQ
Value at index 124 differs. Expected EU; Found EV
Value at index 125 differs. Expected EV; Found BI
Value at index 126 differs. Expected EW; Found EO
Value at index 127 differs. Expected EX; Found BE
Value at index 128 differs. Expected EY; Found FB
Value at index 129 differs. Expected EZ; Found AE
Value at index 131 differs. Expected FB; Found CX
Value at index 132 differs. Expected FC; Found DO
Value at index 133 differs. Expected FD; Found FN
Value at index 135 differs. Expected FF; Found AO
Value at index 136 differs. Expected FG; Found AM
Value at index 139 differs. Expected FJ; Found CT
Value at index 140 differs. Expected FK; Found BH
Value at index 141 differs. Expected FL; Found AD
Value at index 143 differs. Expected FN; Found FC
Value at index 144 differs. Expected FO; Found CC
Value at index 145 differs. Expected FP; Found AQ
Value at index 147 differs. Expected FR; Found BB

