Invalid read count. Expected: 122; Found: 0
Invalid write count. Expected: 34; Found: 0
Value at index 1 differs. Expected B; Found G
Value at index 4 differs. Expected E; Found I
Value at index 6 differs. Expected G; Found J
Value at index 7 differs. Expected H; Found E
Value at index 8 differs. Expected I; Found B
Value at index 9 differs. Expected J; Found H

Invalid read count. Expected: 30 576; Found: 0
Invalid write count. Expected: 8 606; Found: 0
Value at index 0 differs. Expected AA; Found CG
Value at index 3 differs. Expected AD; Found EP
Value at index 4 differs. Expected AE; Found EZ
Value at index 5 differs. Expected AF; Found DH
Value at index 6 differs. Expected AG; Found CH
Value at index 8 differs. Expected AI; Found BJ
Value at index 10 differs. Expected AK; Found CL
Value at index 11 differs. Expected AL; Found AQ
Value at index 12 differs. Expected AM; Found CQ
Value at index 13 differs. Expected AN; Found BE
Value at index 14 differs. Expected AO; Found ED
Value at index 15 differs. Expected AP; Found FO
Value at index 16 differs. Expected AQ; Found AZ
Value at index 17 differs. Expected AR; Found DD
Value at index 18 differs. Expected AS; Found FJ
Value at index 19 differs. Expected AT; Found EA
Value at index 21 differs. Expected AV; Found BL
Value at index 24 differs. Expected AY; Found CP
Value at index 25 differs. Expected AZ; Found EV
Value at index 26 differs. Expected BA; Found FC
Value at index 27 differs. Expected BB; Found AE
Value at index 29 differs. Expected BD; Found CJ
Value at index 30 differs. Expected BE; Found BZ
Value at index 31 differs. Expected BF; Found AY
Value at index 32 differs. Expected BG; Found DO
Value at index 34 differs. Expected BI; Found FL
Value at index 35 differs. Expected BJ; Found BD
Value at index 37 differs. Expected BL; Found AV
Value at index 38 differs. Expected BM; Found EC
Value at index 40 differs. Expected BO; Found FI
Value at index 42 differs. Expected BQ; Found EM
Value at index 43 differs. Expected BR; Found BI
Value at index 44 differs. Expected BS; Found DQ
Value at index 45 differs. Expected BT; Found BY
Value at index 47 differs. Expected BV; Found AI
Value at index 48 differs. Expected BW; Found CB
Value at index 50 differs. Expected BY; Found BT
Value at index 51 differs. Expected BZ; Found EG
Value at index 53 differs. Expected CB; Found BW
Value at index 54 differs. Expected CC; Found CY
Value at index 55 differs. Expected CD; Found DN
Value at index 58 differs. Expected CG; Found BG
Value at index 59 differs. Expected CH; Found AK
Value at index 60 differs. Expected CI; Found AN
Value at index 61 differs. Expected CJ; Found BV
Value at index 63 differs. Expected CL; Found AG
Value at index 66 differs. Expected CO; Found DP
Value at index 67 differs. Expected CP; Found DX
Value at index 68 differs. Expected CQ; Found AM
Value at index 72 differs. Expected CU; Found FE
Value at index 73 differs. Expected CV; Found AR
Value at index 74 differs. Expected CW; Found AF
Value at index 75 differs. Expected CX; Found DE
Value at index 76 differs. Expected CY; Found CC
Value at index 77 differs. Expected CZ; Found FS
Value at index 79 differs. Expected DB; Found EE
Value at index 81 differs. Expected DD; Found BQ
Value at index 82 differs. Expected DE; Found FA
Value at index 85 differs. Expected DH; Found EO
Value at index 87 differs. Expected DJ; Found FR
Value at index 89 differs. Expected DL; Found CI
Value at index 91 differs. Expected DN; Found CD
Value at index 92 differs. Expected DO; Found AA
Value at index 93 differs. Expected DP; Found CO
Value at index 94 differs. Expected DQ; Found FK
Value at index 95 differs. Expected DR; Found FT
Value at index 97 differs. Expected DT; Found EL
Value at index 100 differs. Expected DW; Found DL
Value at index 101 differs. Expected DX; Found CX
Value at index 102 differs. Expected DY; Found FF
Value at index 103 differs. Expected DZ; Found EQ
Value at index 104 differs. Expected EA; Found AT
Value at index 106 differs. Expected EC; Found DB
Value at index 107 differs. Expected ED; Found DW
Value at index 108 differs. Expected EE; Found ET
Value at index 109 differs. Expected EF; Found FM
Value at index 110 differs. Expected EG; Found BF
Value at index 114 differs. Expected EK; Found FB
Value at index 115 differs. Expected EL; Found DT
Value at index 116 differs. Expected EM; Found EY
Value at index 118 differs. Expected EO; Found CW
Value at index 119 differs. Expected EP; Found AD
Value at index 120 differs. Expected EQ; Found BR
Value at index 122 differs. Expected ES; Found BO
Value at index 123 differs. Expected ET; Found CZ
Value at index 124 differs. Expected EU; Found EF
Value at index 125 differs. Expected EV; Found AL
Value at index 128 differs. Expected EY; Found CV
Value at index 129 differs. Expected EZ; Found BB
Value at index 130 differs. Expected FA; Found AO
Value at index 131 differs. Expected FB; Found EK
Value at index 132 differs. Expected FC; Found BA
Value at index 134 differs. Expected FE; Found CU
Value at index 135 differs. Expected FF; Found DY
Value at index 138 differs. Expected FI; Found ES
Value at index 139 differs. Expected FJ; Found AS
Value at index 140 differs. Expected FK; Found DR
Value at index 141 differs. Expected FL; Found DZ
Value at index 142 differs. Expected FM; Found EU
Value at index 144 differs. Expected FO; Found AP
Value at index 147 differs. Expected FR; Found DJ
Value at index 148 differs. Expected FS; Found BM
Value at index 149 differs. Expected FT; Found BS

