Invalid read count. Expected: 108; Found: 96
Invalid write count. Expected: 30; Found: 26
Value at index 7 differs. Expected H; Found J
Value at index 8 differs. Expected I; Found H
Value at index 9 differs. Expected J; Found I

Invalid read count. Expected: 29 512; Found: 22 590
Invalid write count. Expected: 7 668; Found: 6 246
Value at index 78 differs. Expected DA; Found DH
Value at index 79 differs. Expected DB; Found EZ
Value at index 80 differs. Expected DC; Found DA
Value at index 81 differs. Expected DD; Found DB
Value at index 82 differs. Expected DE; Found FR
Value at index 83 differs. Expected DF; Found DU
Value at index 84 differs. Expected DG; Found FK
Value at index 85 differs. Expected DH; Found DC
Value at index 86 differs. Expected DI; Found EB
Value at index 87 differs. Expected DJ; Found DG
Value at index 88 differs. Expected DK; Found DQ
Value at index 89 differs. Expected DL; Found ES
Value at index 90 differs. Expected DM; Found EV
Value at index 91 differs. Expected DN; Found DV
Value at index 92 differs. Expected DO; Found EA
Value at index 93 differs. Expected DP; Found EN
Value at index 94 differs. Expected DQ; Found FI
Value at index 95 differs. Expected DR; Found DD
Value at index 96 differs. Expected DS; Found DE
Value at index 97 differs. Expected DT; Found DF
Value at index 98 differs. Expected DU; Found EC
Value at index 99 differs. Expected DV; Found EL
Value at index 100 differs. Expected DW; Found DI
Value at index 101 differs. Expected DX; Found DJ
Value at index 102 differs. Expected DY; Found FC
Value at index 103 differs. Expected DZ; Found DK
Value at index 104 differs. Expected EA; Found FH
Value at index 105 differs. Expected EB; Found DL
Value at index 106 differs. Expected EC; Found DW
Value at index 107 differs. Expected ED; Found FM
Value at index 108 differs. Expected EE; Found DM
Value at index 109 differs. Expected EF; Found DN
Value at index 110 differs. Expected EG; Found DO
Value at index 111 differs. Expected EH; Found ET
Value at index 112 differs. Expected EI; Found DP
Value at index 113 differs. Expected EJ; Found DR
Value at index 114 differs. Expected EK; Found EW
Value at index 115 differs. Expected EL; Found DS
Value at index 116 differs. Expected EM; Found DT
Value at index 117 differs. Expected EN; Found ER
Value at index 118 differs. Expected EO; Found FG
Value at index 119 differs. Expected EP; Found DX
Value at index 120 differs. Expected EQ; Found DY
Value at index 121 differs. Expected ER; Found DZ
Value at index 122 differs. Expected ES; Found EK
Value at index 123 differs. Expected ET; Found ED
Value at index 124 differs. Expected EU; Found EF
Value at index 125 differs. Expected EV; Found FE
Value at index 126 differs. Expected EW; Found EG
Value at index 127 differs. Expected EX; Found EH
Value at index 128 differs. Expected EY; Found EI
Value at index 129 differs. Expected EZ; Found FD
Value at index 130 differs. Expected FA; Found EJ
Value at index 131 differs. Expected FB; Found EM
Value at index 132 differs. Expected FC; Found FO
Value at index 133 differs. Expected FD; Found EP
Value at index 134 differs. Expected FE; Found EO
Value at index 135 differs. Expected FF; Found EE
Value at index 136 differs. Expected FG; Found EQ
Value at index 137 differs. Expected FH; Found FB
Value at index 138 differs. Expected FI; Found FJ
Value at index 139 differs. Expected FJ; Found FF
Value at index 140 differs. Expected FK; Found EU
Value at index 141 differs. Expected FL; Found FA
Value at index 142 differs. Expected FM; Found EX
Value at index 143 differs. Expected FN; Found FL
Value at index 144 differs. Expected FO; Found EY
Value at index 145 differs. Expected FP; Found FN
Value at index 146 differs. Expected FQ; Found FP
Value at index 147 differs. Expected FR; Found FQ

