Invalid read count. Expected: 130; Found: 10
Invalid write count. Expected: 40; Found: 4
Value at index 0 differs. Expected A; Found B
Value at index 1 differs. Expected B; Found C
Value at index 2 differs. Expected C; Found E
Value at index 3 differs. Expected D; Found F
Value at index 4 differs. Expected E; Found I
Value at index 5 differs. Expected F; Found J
Value at index 8 differs. Expected I; Found A
Value at index 9 differs. Expected J; Found D

Invalid read count. Expected: 31 626; Found: 6
Invalid write count. Expected: 9 432; Found: 2
Value at index 0 differs. Expected AA; Found BJ
Value at index 1 differs. Expected AB; Found BK
Value at index 2 differs. Expected AC; Found EJ
Value at index 3 differs. Expected AD; Found BF
Value at index 4 differs. Expected AE; Found DM
Value at index 5 differs. Expected AF; Found DH
Value at index 6 differs. Expected AG; Found EX
Value at index 7 differs. Expected AH; Found DT
Value at index 8 differs. Expected AI; Found BX
Value at index 9 differs. Expected AJ; Found EC
Value at index 11 differs. Expected AL; Found BR
Value at index 13 differs. Expected AN; Found DU
Value at index 14 differs. Expected AO; Found FL
Value at index 15 differs. Expected AP; Found ET
Value at index 16 differs. Expected AQ; Found CT
Value at index 17 differs. Expected AR; Found DB
Value at index 18 differs. Expected AS; Found EB
Value at index 19 differs. Expected AT; Found EU
Value at index 21 differs. Expected AV; Found AC
Value at index 24 differs. Expected AY; Found DG
Value at index 26 differs. Expected BA; Found EI
Value at index 27 differs. Expected BB; Found CP
Value at index 28 differs. Expected BC; Found CV
Value at index 29 differs. Expected BD; Found FD
Value at index 30 differs. Expected BE; Found BL
Value at index 31 differs. Expected BF; Found FJ
Value at index 32 differs. Expected BG; Found AD
Value at index 34 differs. Expected BI; Found BV
Value at index 35 differs. Expected BJ; Found BE
Value at index 36 differs. Expected BK; Found AA
Value at index 37 differs. Expected BL; Found DL
Value at index 38 differs. Expected BM; Found FC
Value at index 39 differs. Expected BN; Found ES
Value at index 40 differs. Expected BO; Found FE
Value at index 41 differs. Expected BP; Found AF
Value at index 42 differs. Expected BQ; Found ED
Value at index 43 differs. Expected BR; Found DK
Value at index 45 differs. Expected BT; Found CN
Value at index 46 differs. Expected BU; Found DY
Value at index 47 differs. Expected BV; Found EN
Value at index 49 differs. Expected BX; Found AI
Value at index 51 differs. Expected BZ; Found BT
Value at index 52 differs. Expected CA; Found AY
Value at index 54 differs. Expected CC; Found AS
Value at index 55 differs. Expected CD; Found CF
Value at index 56 differs. Expected CE; Found AG
Value at index 57 differs. Expected CF; Found DF
Value at index 59 differs. Expected CH; Found CI
Value at index 60 differs. Expected CI; Found CH
Value at index 61 differs. Expected CJ; Found DD
Value at index 64 differs. Expected CM; Found DI
Value at index 65 differs. Expected CN; Found CD
Value at index 66 differs. Expected CO; Found DC
Value at index 67 differs. Expected CP; Found DX
Value at index 68 differs. Expected CQ; Found EK
Value at index 71 differs. Expected CT; Found BG
Value at index 73 differs. Expected CV; Found CY
Value at index 74 differs. Expected CW; Found AV
Value at index 75 differs. Expected CX; Found AN
Value at index 76 differs. Expected CY; Found BC
Value at index 77 differs. Expected CZ; Found DE
Value at index 78 differs. Expected DA; Found EP
Value at index 79 differs. Expected DB; Found AR
Value at index 80 differs. Expected DC; Found CO
Value at index 81 differs. Expected DD; Found CJ
Value at index 82 differs. Expected DE; Found CC
Value at index 83 differs. Expected DF; Found EA
Value at index 84 differs. Expected DG; Found CX
Value at index 85 differs. Expected DH; Found BP
Value at index 86 differs. Expected DI; Found CM
Value at index 88 differs. Expected DK; Found AL
Value at index 89 differs. Expected DL; Found EZ
Value at index 90 differs. Expected DM; Found EE
Value at index 92 differs. Expected DO; Found BD
Value at index 93 differs. Expected DP; Found DO
Value at index 95 differs. Expected DR; Found AH
Value at index 96 differs. Expected DS; Found BQ
Value at index 97 differs. Expected DT; Found DV
Value at index 98 differs. Expected DU; Found AO
Value at index 99 differs. Expected DV; Found AB
Value at index 101 differs. Expected DX; Found FS
Value at index 102 differs. Expected DY; Found BU
Value at index 103 differs. Expected DZ; Found FO
Value at index 104 differs. Expected EA; Found BZ
Value at index 105 differs. Expected EB; Found FR
Value at index 106 differs. Expected EC; Found EF
Value at index 107 differs. Expected ED; Found DS
Value at index 108 differs. Expected EE; Found EM
Value at index 109 differs. Expected EF; Found DR
Value at index 112 differs. Expected EI; Found BA
Value at index 113 differs. Expected EJ; Found BM
Value at index 114 differs. Expected EK; Found FK
Value at index 115 differs. Expected EL; Found EV
Value at index 116 differs. Expected EM; Found AE
Value at index 117 differs. Expected EN; Found BI
Value at index 119 differs. Expected EP; Found AP
Value at index 121 differs. Expected ER; Found BN
Value at index 122 differs. Expected ES; Found ER
Value at index 123 differs. Expected ET; Found FP
Value at index 124 differs. Expected EU; Found FG
Value at index 125 differs. Expected EV; Found EL
Value at index 127 differs. Expected EX; Found CE
Value at index 128 differs. Expected EY; Found AQ
Value at index 129 differs. Expected EZ; Found DA
Value at index 132 differs. Expected FC; Found CW
Value at index 133 differs. Expected FD; Found DP
Value at index 134 differs. Expected FE; Found BO
Value at index 136 differs. Expected FG; Found AT
Value at index 139 differs. Expected FJ; Found CZ
Value at index 140 differs. Expected FK; Found CQ
Value at index 141 differs. Expected FL; Found EY
Value at index 143 differs. Expected FN; Found FQ
Value at index 144 differs. Expected FO; Found DZ
Value at index 145 differs. Expected FP; Found AJ
Value at index 146 differs. Expected FQ; Found FN
Value at index 147 differs. Expected FR; Found CA
Value at index 148 differs. Expected FS; Found BB

