Invalid read count. Expected: 128; Found: 2
Invalid write count. Expected: 40; Found: 0
Value at index 0 differs. Expected A; Found E
Value at index 1 differs. Expected B; Found I
Value at index 4 differs. Expected E; Found F
Value at index 5 differs. Expected F; Found A
Value at index 7 differs. Expected H; Found J
Value at index 8 differs. Expected I; Found B
Value at index 9 differs. Expected J; Found H

Invalid read count. Expected: 28 668; Found: 4
Invalid write count. Expected: 7 878; Found: 2
Value at index 0 differs. Expected AA; Found BX
Value at index 1 differs. Expected AB; Found DX
Value at index 2 differs. Expected AC; Found EE
Value at index 3 differs. Expected AD; Found AK
Value at index 4 differs. Expected AE; Found BO
Value at index 5 differs. Expected AF; Found AI
Value at index 6 differs. Expected AG; Found AB
Value at index 7 differs. Expected AH; Found AW
Value at index 8 differs. Expected AI; Found BU
Value at index 9 differs. Expected AJ; Found CU
Value at index 10 differs. Expected AK; Found EH
Value at index 11 differs. Expected AL; Found EI
Value at index 12 differs. Expected AM; Found AP
Value at index 15 differs. Expected AP; Found DA
Value at index 16 differs. Expected AQ; Found AM
Value at index 17 differs. Expected AR; Found FM
Value at index 19 differs. Expected AT; Found CY
Value at index 21 differs. Expected AV; Found AJ
Value at index 22 differs. Expected AW; Found AH
Value at index 23 differs. Expected AX; Found DF
Value at index 27 differs. Expected BB; Found AC
Value at index 29 differs. Expected BD; Found ER
Value at index 30 differs. Expected BE; Found BL
Value at index 34 differs. Expected BI; Found DH
Value at index 35 differs. Expected BJ; Found CK
Value at index 36 differs. Expected BK; Found CN
Value at index 37 differs. Expected BL; Found EQ
Value at index 38 differs. Expected BM; Found BI
Value at index 39 differs. Expected BN; Found FR
Value at index 40 differs. Expected BO; Found AE
Value at index 41 differs. Expected BP; Found DL
Value at index 44 differs. Expected BS; Found CR
Value at index 45 differs. Expected BT; Found FT
Value at index 46 differs. Expected BU; Found BS
Value at index 47 differs. Expected BV; Found DQ
Value at index 48 differs. Expected BW; Found CI
Value at index 49 differs. Expected BX; Found AG
Value at index 51 differs. Expected BZ; Found EY
Value at index 52 differs. Expected CA; Found AX
Value at index 53 differs. Expected CB; Found FQ
Value at index 56 differs. Expected CE; Found EL
Value at index 59 differs. Expected CH; Found EP
Value at index 60 differs. Expected CI; Found DT
Value at index 62 differs. Expected CK; Found FP
Value at index 63 differs. Expected CL; Found AL
Value at index 64 differs. Expected CM; Found AR
Value at index 65 differs. Expected CN; Found BK
Value at index 67 differs. Expected CP; Found EO
Value at index 69 differs. Expected CR; Found AF
Value at index 72 differs. Expected CU; Found DJ
Value at index 74 differs. Expected CW; Found FG
Value at index 76 differs. Expected CY; Found DU
Value at index 77 differs. Expected CZ; Found FL
Value at index 78 differs. Expected DA; Found AQ
Value at index 79 differs. Expected DB; Found EM
Value at index 81 differs. Expected DD; Found DE
Value at index 82 differs. Expected DE; Found DW
Value at index 83 differs. Expected DF; Found CA
Value at index 84 differs. Expected DG; Found DI
Value at index 85 differs. Expected DH; Found CM
Value at index 86 differs. Expected DI; Found EC
Value at index 87 differs. Expected DJ; Found FF
Value at index 89 differs. Expected DL; Found BW
Value at index 91 differs. Expected DN; Found BV
Value at index 92 differs. Expected DO; Found BZ
Value at index 93 differs. Expected DP; Found CB
Value at index 94 differs. Expected DQ; Found CZ
Value at index 96 differs. Expected DS; Found FJ
Value at index 97 differs. Expected DT; Found ET
Value at index 98 differs. Expected DU; Found AT
Value at index 100 differs. Expected DW; Found DD
Value at index 101 differs. Expected DX; Found AA
Value at index 102 differs. Expected DY; Found ED
Value at index 104 differs. Expected EA; Found EJ
Value at index 106 differs. Expected EC; Found DG
Value at index 107 differs. Expected ED; Found DY
Value at index 108 differs. Expected EE; Found AV
Value at index 110 differs. Expected EG; Found BB
Value at index 111 differs. Expected EH; Found AD
Value at index 112 differs. Expected EI; Found BJ
Value at index 113 differs. Expected EJ; Found EA
Value at index 114 differs. Expected EK; Found BN
Value at index 115 differs. Expected EL; Found CH
Value at index 116 differs. Expected EM; Found BT
Value at index 117 differs. Expected EN; Found EX
Value at index 118 differs. Expected EO; Found EG
Value at index 119 differs. Expected EP; Found CE
Value at index 120 differs. Expected EQ; Found BE
Value at index 121 differs. Expected ER; Found FI
Value at index 123 differs. Expected ET; Found BP
Value at index 127 differs. Expected EX; Found EN
Value at index 128 differs. Expected EY; Found FK
Value at index 135 differs. Expected FF; Found CP
Value at index 136 differs. Expected FG; Found FO
Value at index 138 differs. Expected FI; Found BD
Value at index 139 differs. Expected FJ; Found DS
Value at index 140 differs. Expected FK; Found DO
Value at index 141 differs. Expected FL; Found DN
Value at index 142 differs. Expected FM; Found BM
Value at index 144 differs. Expected FO; Found CW
Value at index 145 differs. Expected FP; Found CL
Value at index 146 differs. Expected FQ; Found DP
Value at index 147 differs. Expected FR; Found EK
Value at index 149 differs. Expected FT; Found DB

