Invalid read count. Expected: 122; Found: 2
Invalid write count. Expected: 34; Found: 0
Value at index 1 differs. Expected B; Found J
Value at index 6 differs. Expected G; Found I
Value at index 8 differs. Expected I; Found B
Value at index 9 differs. Expected J; Found G

Invalid read count. Expected: 27 408; Found: 10
Invalid write count. Expected: 6 464; Found: 4
Value at index 0 differs. Expected AA; Found AB
Value at index 1 differs. Expected AB; Found AC
Value at index 2 differs. Expected AC; Found AK
Value at index 3 differs. Expected AD; Found AL
Value at index 6 differs. Expected AG; Found DG
Value at index 10 differs. Expected AK; Found DD
Value at index 11 differs. Expected AL; Found BL
Value at index 12 differs. Expected AM; Found BA
Value at index 14 differs. Expected AO; Found AP
Value at index 15 differs. Expected AP; Found AO
Value at index 16 differs. Expected AQ; Found BH
Value at index 19 differs. Expected AT; Found CI
Value at index 21 differs. Expected AV; Found CS
Value at index 22 differs. Expected AW; Found DR
Value at index 23 differs. Expected AX; Found DC
Value at index 26 differs. Expected BA; Found CO
Value at index 28 differs. Expected BC; Found DU
Value at index 30 differs. Expected BE; Found EC
Value at index 31 differs. Expected BF; Found AG
Value at index 32 differs. Expected BG; Found AQ
Value at index 33 differs. Expected BH; Found BG
Value at index 34 differs. Expected BI; Found DM
Value at index 35 differs. Expected BJ; Found EA
Value at index 36 differs. Expected BK; Found CM
Value at index 37 differs. Expected BL; Found AD
Value at index 38 differs. Expected BM; Found CB
Value at index 39 differs. Expected BN; Found CZ
Value at index 41 differs. Expected BP; Found BI
Value at index 43 differs. Expected BR; Found CV
Value at index 44 differs. Expected BS; Found DH
Value at index 45 differs. Expected BT; Found DQ
Value at index 46 differs. Expected BU; Found CQ
Value at index 50 differs. Expected BY; Found EX
Value at index 51 differs. Expected BZ; Found EG
Value at index 52 differs. Expected CA; Found AW
Value at index 53 differs. Expected CB; Found FD
Value at index 56 differs. Expected CE; Found DZ
Value at index 58 differs. Expected CG; Found BE
Value at index 59 differs. Expected CH; Found DF
Value at index 60 differs. Expected CI; Found AT
Value at index 61 differs. Expected CJ; Found BP
Value at index 62 differs. Expected CK; Found DW
Value at index 63 differs. Expected CL; Found DS
Value at index 64 differs. Expected CM; Found EI
Value at index 65 differs. Expected CN; Found FG
Value at index 66 differs. Expected CO; Found AM
Value at index 68 differs. Expected CQ; Found FH
Value at index 69 differs. Expected CR; Found DL
Value at index 70 differs. Expected CS; Found DA
Value at index 73 differs. Expected CV; Found BR
Value at index 76 differs. Expected CY; Found FA
Value at index 77 differs. Expected CZ; Found FC
Value at index 78 differs. Expected DA; Found DV
Value at index 80 differs. Expected DC; Found AX
Value at index 81 differs. Expected DD; Found AA
Value at index 82 differs. Expected DE; Found BU
Value at index 83 differs. Expected DF; Found EN
Value at index 84 differs. Expected DG; Found FM
Value at index 85 differs. Expected DH; Found EU
Value at index 86 differs. Expected DI; Found BM
Value at index 88 differs. Expected DK; Found CR
Value at index 89 differs. Expected DL; Found DK
Value at index 90 differs. Expected DM; Found BT
Value at index 91 differs. Expected DN; Found ET
Value at index 92 differs. Expected DO; Found CN
Value at index 94 differs. Expected DQ; Found CJ
Value at index 95 differs. Expected DR; Found CA
Value at index 96 differs. Expected DS; Found FR
Value at index 98 differs. Expected DU; Found BC
Value at index 99 differs. Expected DV; Found AV
Value at index 100 differs. Expected DW; Found FT
Value at index 101 differs. Expected DX; Found BS
Value at index 102 differs. Expected DY; Found EE
Value at index 103 differs. Expected DZ; Found CE
Value at index 104 differs. Expected EA; Found BJ
Value at index 106 differs. Expected EC; Found CG
Value at index 107 differs. Expected ED; Found EJ
Value at index 108 differs. Expected EE; Found DY
Value at index 109 differs. Expected EF; Found DN
Value at index 110 differs. Expected EG; Found ER
Value at index 112 differs. Expected EI; Found FQ
Value at index 113 differs. Expected EJ; Found ED
Value at index 114 differs. Expected EK; Found FE
Value at index 115 differs. Expected EL; Found FO
Value at index 116 differs. Expected EM; Found FK
Value at index 117 differs. Expected EN; Found CH
Value at index 121 differs. Expected ER; Found EW
Value at index 123 differs. Expected ET; Found EF
Value at index 124 differs. Expected EU; Found DX
Value at index 126 differs. Expected EW; Found BZ
Value at index 127 differs. Expected EX; Found BY
Value at index 130 differs. Expected FA; Found DE
Value at index 132 differs. Expected FC; Found BN
Value at index 133 differs. Expected FD; Found DI
Value at index 134 differs. Expected FE; Found EK
Value at index 136 differs. Expected FG; Found BK
Value at index 137 differs. Expected FH; Found FL
Value at index 140 differs. Expected FK; Found EM
Value at index 141 differs. Expected FL; Found CY
Value at index 142 differs. Expected FM; Found BF
Value at index 144 differs. Expected FO; Found EL
Value at index 146 differs. Expected FQ; Found CL
Value at index 147 differs. Expected FR; Found DO
Value at index 149 differs. Expected FT; Found CK

