Invalid read count. Expected: 154; Found: 6
Invalid write count. Expected: 66; Found: 2
Value at index 0 differs. Expected A; Found G
Value at index 1 differs. Expected B; Found H
Value at index 2 differs. Expected C; Found I
Value at index 3 differs. Expected D; Found E
Value at index 4 differs. Expected E; Found J
Value at index 6 differs. Expected G; Found A
Value at index 7 differs. Expected H; Found B
Value at index 8 differs. Expected I; Found D
Value at index 9 differs. Expected J; Found C

Invalid read count. Expected: 32 228; Found: 54
Invalid write count. Expected: 9 890; Found: 26
Value at index 0 differs. Expected AA; Found AS
Value at index 1 differs. Expected AB; Found CV
Value at index 2 differs. Expected AC; Found BF
Value at index 3 differs. Expected AD; Found CD
Value at index 4 differs. Expected AE; Found EQ
Value at index 5 differs. Expected AF; Found BE
Value at index 6 differs. Expected AG; Found AM
Value at index 7 differs. Expected AH; Found EA
Value at index 8 differs. Expected AI; Found BS
Value at index 9 differs. Expected AJ; Found AK
Value at index 10 differs. Expected AK; Found AL
Value at index 11 differs. Expected AL; Found EE
Value at index 12 differs. Expected AM; Found CZ
Value at index 13 differs. Expected AN; Found FA
Value at index 14 differs. Expected AO; Found FD
Value at index 18 differs. Expected AS; Found AB
Value at index 19 differs. Expected AT; Found FE
Value at index 20 differs. Expected AU; Found EK
Value at index 21 differs. Expected AV; Found EY
Value at index 22 differs. Expected AW; Found ET
Value at index 25 differs. Expected AZ; Found DZ
Value at index 26 differs. Expected BA; Found DA
Value at index 27 differs. Expected BB; Found FQ
Value at index 28 differs. Expected BC; Found AZ
Value at index 29 differs. Expected BD; Found AJ
Value at index 30 differs. Expected BE; Found CP
Value at index 31 differs. Expected BF; Found DC
Value at index 32 differs. Expected BG; Found DY
Value at index 33 differs. Expected BH; Found EG
Value at index 34 differs. Expected BI; Found CU
Value at index 36 differs. Expected BK; Found ER
Value at index 38 differs. Expected BM; Found EI
Value at index 39 differs. Expected BN; Found ED
Value at index 41 differs. Expected BP; Found EO
Value at index 42 differs. Expected BQ; Found EW
Value at index 43 differs. Expected BR; Found FK
Value at index 44 differs. Expected BS; Found BD
Value at index 49 differs. Expected BX; Found BN
Value at index 50 differs. Expected BY; Found BC
Value at index 51 differs. Expected BZ; Found FH
Value at index 52 differs. Expected CA; Found DU
Value at index 54 differs. Expected CC; Found CS
Value at index 55 differs. Expected CD; Found DV
Value at index 58 differs. Expected CG; Found DL
Value at index 59 differs. Expected CH; Found EU
Value at index 61 differs. Expected CJ; Found AH
Value at index 62 differs. Expected CK; Found DR
Value at index 64 differs. Expected CM; Found BP
Value at index 65 differs. Expected CN; Found BY
Value at index 67 differs. Expected CP; Found AG
Value at index 69 differs. Expected CR; Found DF
Value at index 70 differs. Expected CS; Found CC
Value at index 72 differs. Expected CU; Found AC
Value at index 73 differs. Expected CV; Found DG
Value at index 75 differs. Expected CX; Found FP
Value at index 76 differs. Expected CY; Found DP
Value at index 77 differs. Expected CZ; Found EL
Value at index 78 differs. Expected DA; Found BA
Value at index 80 differs. Expected DC; Found AN
Value at index 81 differs. Expected DD; Found DK
Value at index 83 differs. Expected DF; Found CR
Value at index 84 differs. Expected DG; Found CN
Value at index 87 differs. Expected DJ; Found BX
Value at index 88 differs. Expected DK; Found BQ
Value at index 89 differs. Expected DL; Found CG
Value at index 90 differs. Expected DM; Found FJ
Value at index 93 differs. Expected DP; Found CY
Value at index 95 differs. Expected DR; Found DX
Value at index 98 differs. Expected DU; Found FS
Value at index 99 differs. Expected DV; Found FT
Value at index 100 differs. Expected DW; Found CM
Value at index 101 differs. Expected DX; Found CJ
Value at index 102 differs. Expected DY; Found BG
Value at index 103 differs. Expected DZ; Found FM
Value at index 104 differs. Expected EA; Found AI
Value at index 105 differs. Expected EB; Found FL
Value at index 107 differs. Expected ED; Found DJ
Value at index 108 differs. Expected EE; Found AO
Value at index 109 differs. Expected EF; Found AD
Value at index 110 differs. Expected EG; Found BH
Value at index 112 differs. Expected EI; Found CX
Value at index 113 differs. Expected EJ; Found BM
Value at index 114 differs. Expected EK; Found AU
Value at index 115 differs. Expected EL; Found EF
Value at index 117 differs. Expected EN; Found CK
Value at index 118 differs. Expected EO; Found AW
Value at index 120 differs. Expected EQ; Found AF
Value at index 121 differs. Expected ER; Found BK
Value at index 123 differs. Expected ET; Found DD
Value at index 124 differs. Expected EU; Found CH
Value at index 125 differs. Expected EV; Found EZ
Value at index 126 differs. Expected EW; Found DW
Value at index 128 differs. Expected EY; Found EV
Value at index 129 differs. Expected EZ; Found AV
Value at index 130 differs. Expected FA; Found AA
Value at index 132 differs. Expected FC; Found FG
Value at index 133 differs. Expected FD; Found EN
Value at index 134 differs. Expected FE; Found AT
Value at index 136 differs. Expected FG; Found FC
Value at index 137 differs. Expected FH; Found BZ
Value at index 139 differs. Expected FJ; Found DM
Value at index 140 differs. Expected FK; Found BR
Value at index 141 differs. Expected FL; Found CA
Value at index 142 differs. Expected FM; Found BI
Value at index 145 differs. Expected FP; Found EJ
Value at index 146 differs. Expected FQ; Found BB
Value at index 148 differs. Expected FS; Found EB
Value at index 149 differs. Expected FT; Found AE

