Invalid read count. Expected: 90; Found: 2
Invalid write count. Expected: 20; Found: 0
Value at index 3 differs. Expected D; Found H
Value at index 6 differs. Expected G; Found J
Value at index 7 differs. Expected H; Found D
Value at index 9 differs. Expected J; Found G

Invalid read count. Expected: 30 572; Found: 2
Invalid write count. Expected: 8 924; Found: 0
Value at index 0 differs. Expected AA; Found BI
Value at index 1 differs. Expected AB; Found CO
Value at index 2 differs. Expected AC; Found FQ
Value at index 7 differs. Expected AH; Found FE
Value at index 11 differs. Expected AL; Found EZ
Value at index 13 differs. Expected AN; Found FC
Value at index 14 differs. Expected AO; Found DW
Value at index 16 differs. Expected AQ; Found BQ
Value at index 19 differs. Expected AT; Found CG
Value at index 20 differs. Expected AU; Found EV
Value at index 21 differs. Expected AV; Found CV
Value at index 22 differs. Expected AW; Found DM
Value at index 23 differs. Expected AX; Found EB
Value at index 24 differs. Expected AY; Found CQ
Value at index 26 differs. Expected BA; Found FJ
Value at index 28 differs. Expected BC; Found CZ
Value at index 29 differs. Expected BD; Found BG
Value at index 31 differs. Expected BF; Found EH
Value at index 32 differs. Expected BG; Found EO
Value at index 33 differs. Expected BH; Found AC
Value at index 34 differs. Expected BI; Found AA
Value at index 35 differs. Expected BJ; Found CJ
Value at index 36 differs. Expected BK; Found EG
Value at index 38 differs. Expected BM; Found DQ
Value at index 39 differs. Expected BN; Found DS
Value at index 41 differs. Expected BP; Found BH
Value at index 42 differs. Expected BQ; Found FH
Value at index 43 differs. Expected BR; Found EX
Value at index 44 differs. Expected BS; Found BR
Value at index 45 differs. Expected BT; Found FM
Value at index 46 differs. Expected BU; Found EQ
Value at index 48 differs. Expected BW; Found ER
Value at index 49 differs. Expected BX; Found AV
Value at index 50 differs. Expected BY; Found BM
Value at index 51 differs. Expected BZ; Found AT
Value at index 53 differs. Expected CB; Found BK
Value at index 54 differs. Expected CC; Found DG
Value at index 57 differs. Expected CF; Found BU
Value at index 58 differs. Expected CG; Found BZ
Value at index 60 differs. Expected CI; Found DN
Value at index 61 differs. Expected CJ; Found FD
Value at index 62 differs. Expected CK; Found DR
Value at index 66 differs. Expected CO; Found DI
Value at index 67 differs. Expected CP; Found EY
Value at index 68 differs. Expected CQ; Found AY
Value at index 70 differs. Expected CS; Found AX
Value at index 72 differs. Expected CU; Found EP
Value at index 73 differs. Expected CV; Found BX
Value at index 74 differs. Expected CW; Found FN
Value at index 75 differs. Expected CX; Found ET
Value at index 77 differs. Expected CZ; Found DO
Value at index 79 differs. Expected DB; Found AH
Value at index 80 differs. Expected DC; Found FT
Value at index 82 differs. Expected DE; Found AL
Value at index 84 differs. Expected DG; Found CC
Value at index 85 differs. Expected DH; Found FS
Value at index 86 differs. Expected DI; Found BF
Value at index 87 differs. Expected DJ; Found BW
Value at index 88 differs. Expected DK; Found DL
Value at index 89 differs. Expected DL; Found DK
Value at index 90 differs. Expected DM; Found AW
Value at index 91 differs. Expected DN; Found CI
Value at index 92 differs. Expected DO; Found BC
Value at index 93 differs. Expected DP; Found FA
Value at index 94 differs. Expected DQ; Found BT
Value at index 95 differs. Expected DR; Found DE
Value at index 96 differs. Expected DS; Found DP
Value at index 98 differs. Expected DU; Found EC
Value at index 99 differs. Expected DV; Found EW
Value at index 100 differs. Expected DW; Found AO
Value at index 101 differs. Expected DX; Found BA
Value at index 102 differs. Expected DY; Found EI
Value at index 105 differs. Expected EB; Found CS
Value at index 106 differs. Expected EC; Found AU
Value at index 107 differs. Expected ED; Found CX
Value at index 109 differs. Expected EF; Found DV
Value at index 110 differs. Expected EG; Found CW
Value at index 111 differs. Expected EH; Found AB
Value at index 112 differs. Expected EI; Found BJ
Value at index 117 differs. Expected EN; Found DB
Value at index 118 differs. Expected EO; Found BD
Value at index 119 differs. Expected EP; Found CU
Value at index 120 differs. Expected EQ; Found FG
Value at index 121 differs. Expected ER; Found DJ
Value at index 123 differs. Expected ET; Found ED
Value at index 124 differs. Expected EU; Found DX
Value at index 125 differs. Expected EV; Found DH
Value at index 126 differs. Expected EW; Found EF
Value at index 127 differs. Expected EX; Found BS
Value at index 128 differs. Expected EY; Found DC
Value at index 129 differs. Expected EZ; Found CP
Value at index 130 differs. Expected FA; Found FO
Value at index 131 differs. Expected FB; Found AN
Value at index 132 differs. Expected FC; Found FB
Value at index 133 differs. Expected FD; Found DY
Value at index 134 differs. Expected FE; Found EN
Value at index 136 differs. Expected FG; Found DU
Value at index 137 differs. Expected FH; Found FI
Value at index 138 differs. Expected FI; Found AQ
Value at index 139 differs. Expected FJ; Found EU
Value at index 142 differs. Expected FM; Found CK
Value at index 143 differs. Expected FN; Found CB
Value at index 144 differs. Expected FO; Found CF
Value at index 146 differs. Expected FQ; Found BP
Value at index 148 differs. Expected FS; Found BY
Value at index 149 differs. Expected FT; Found BN

