Invalid read count. Expected: 106; Found: 2
Invalid write count. Expected: 36; Found: 0
Value at index 1 differs. Expected B; Found J
Value at index 4 differs. Expected E; Found H
Value at index 5 differs. Expected F; Found B
Value at index 7 differs. Expected H; Found I
Value at index 8 differs. Expected I; Found E
Value at index 9 differs. Expected J; Found F

Invalid read count. Expected: 31 478; Found: 2
Invalid write count. Expected: 9 218; Found: 0
Value at index 0 differs. Expected AA; Found AE
Value at index 1 differs. Expected AB; Found DJ
Value at index 2 differs. Expected AC; Found FC
Value at index 4 differs. Expected AE; Found AA
Value at index 5 differs. Expected AF; Found AQ
Value at index 6 differs. Expected AG; Found CO
Value at index 7 differs. Expected AH; Found CJ
Value at index 8 differs. Expected AI; Found BD
Value at index 9 differs. Expected AJ; Found FS
Value at index 12 differs. Expected AM; Found DT
Value at index 15 differs. Expected AP; Found BC
Value at index 16 differs. Expected AQ; Found EQ
Value at index 17 differs. Expected AR; Found ET
Value at index 18 differs. Expected AS; Found CK
Value at index 19 differs. Expected AT; Found BT
Value at index 20 differs. Expected AU; Found FQ
Value at index 21 differs. Expected AV; Found FL
Value at index 22 differs. Expected AW; Found DM
Value at index 23 differs. Expected AX; Found CE
Value at index 24 differs. Expected AY; Found BN
Value at index 26 differs. Expected BA; Found FM
Value at index 27 differs. Expected BB; Found DL
Value at index 28 differs. Expected BC; Found AI
Value at index 29 differs. Expected BD; Found BF
Value at index 31 differs. Expected BF; Found BU
Value at index 33 differs. Expected BH; Found BA
Value at index 34 differs. Expected BI; Found CF
Value at index 35 differs. Expected BJ; Found AR
Value at index 36 differs. Expected BK; Found FT
Value at index 37 differs. Expected BL; Found FH
Value at index 38 differs. Expected BM; Found AY
Value at index 39 differs. Expected BN; Found AG
Value at index 43 differs. Expected BR; Found EF
Value at index 45 differs. Expected BT; Found DI
Value at index 46 differs. Expected BU; Found DX
Value at index 48 differs. Expected BW; Found FN
Value at index 49 differs. Expected BX; Found FK
Value at index 53 differs. Expected CB; Found DE
Value at index 54 differs. Expected CC; Found FE
Value at index 55 differs. Expected CD; Found FA
Value at index 56 differs. Expected CE; Found AX
Value at index 57 differs. Expected CF; Found BM
Value at index 58 differs. Expected CG; Found AS
Value at index 59 differs. Expected CH; Found DV
Value at index 61 differs. Expected CJ; Found AH
Value at index 62 differs. Expected CK; Found BX
Value at index 63 differs. Expected CL; Found FP
Value at index 64 differs. Expected CM; Found CT
Value at index 65 differs. Expected CN; Found DA
Value at index 66 differs. Expected CO; Found BI
Value at index 67 differs. Expected CP; Found FF
Value at index 68 differs. Expected CQ; Found CW
Value at index 69 differs. Expected CR; Found CQ
Value at index 70 differs. Expected CS; Found DC
Value at index 71 differs. Expected CT; Found EJ
Value at index 73 differs. Expected CV; Found AP
Value at index 74 differs. Expected CW; Found BJ
Value at index 75 differs. Expected CX; Found EX
Value at index 76 differs. Expected CY; Found AW
Value at index 78 differs. Expected DA; Found CN
Value at index 79 differs. Expected DB; Found EH
Value at index 80 differs. Expected DC; Found CS
Value at index 81 differs. Expected DD; Found EE
Value at index 82 differs. Expected DE; Found CL
Value at index 83 differs. Expected DF; Found DS
Value at index 84 differs. Expected DG; Found EI
Value at index 86 differs. Expected DI; Found AT
Value at index 87 differs. Expected DJ; Found CM
Value at index 88 differs. Expected DK; Found AU
Value at index 89 differs. Expected DL; Found EG
Value at index 90 differs. Expected DM; Found CY
Value at index 96 differs. Expected DS; Found DF
Value at index 97 differs. Expected DT; Found ED
Value at index 98 differs. Expected DU; Found EW
Value at index 99 differs. Expected DV; Found EY
Value at index 101 differs. Expected DX; Found EZ
Value at index 103 differs. Expected DZ; Found AB
Value at index 104 differs. Expected EA; Found BB
Value at index 105 differs. Expected EB; Found CV
Value at index 106 differs. Expected EC; Found CC
Value at index 107 differs. Expected ED; Found AM
Value at index 108 differs. Expected EE; Found FD
Value at index 109 differs. Expected EF; Found BR
Value at index 110 differs. Expected EG; Found DK
Value at index 111 differs. Expected EH; Found ES
Value at index 112 differs. Expected EI; Found DG
Value at index 113 differs. Expected EJ; Found DZ
Value at index 116 differs. Expected EM; Found DU
Value at index 120 differs. Expected EQ; Found AF
Value at index 122 differs. Expected ES; Found BL
Value at index 123 differs. Expected ET; Found EB
Value at index 124 differs. Expected EU; Found EA
Value at index 126 differs. Expected EW; Found EM
Value at index 127 differs. Expected EX; Found BW
Value at index 128 differs. Expected EY; Found CH
Value at index 129 differs. Expected EZ; Found CR
Value at index 130 differs. Expected FA; Found CD
Value at index 132 differs. Expected FC; Found AC
Value at index 133 differs. Expected FD; Found DD
Value at index 134 differs. Expected FE; Found EC
Value at index 135 differs. Expected FF; Found CP
Value at index 137 differs. Expected FH; Found DB
Value at index 140 differs. Expected FK; Found CG
Value at index 141 differs. Expected FL; Found AV
Value at index 142 differs. Expected FM; Found BH
Value at index 143 differs. Expected FN; Found CX
Value at index 145 differs. Expected FP; Found CB
Value at index 146 differs. Expected FQ; Found EU
Value at index 148 differs. Expected FS; Found AJ
Value at index 149 differs. Expected FT; Found BK

