Invalid read count. Expected: 128; Found: 10
Invalid write count. Expected: 38; Found: 4
Value at index 0 differs. Expected A; Found B
Value at index 1 differs. Expected B; Found D
Value at index 2 differs. Expected C; Found E
Value at index 3 differs. Expected D; Found J
Value at index 4 differs. Expected E; Found F
Value at index 5 differs. Expected F; Found C
Value at index 9 differs. Expected J; Found A

Invalid read count. Expected: 31 158; Found: 2
Invalid write count. Expected: 8 990; Found: 0
Value at index 0 differs. Expected AA; Found AK
Value at index 1 differs. Expected AB; Found CP
Value at index 2 differs. Expected AC; Found EE
Value at index 4 differs. Expected AE; Found FH
Value at index 5 differs. Expected AF; Found FK
Value at index 7 differs. Expected AH; Found AW
Value at index 8 differs. Expected AI; Found FC
Value at index 9 differs. Expected AJ; Found EW
Value at index 10 differs. Expected AK; Found AA
Value at index 13 differs. Expected AN; Found FJ
Value at index 15 differs. Expected AP; Found BG
Value at index 16 differs. Expected AQ; Found DI
Value at index 19 differs. Expected AT; Found DD
Value at index 21 differs. Expected AV; Found FP
Value at index 22 differs. Expected AW; Found CG
Value at index 23 differs. Expected AX; Found EJ
Value at index 24 differs. Expected AY; Found FF
Value at index 25 differs. Expected AZ; Found BZ
Value at index 26 differs. Expected BA; Found BS
Value at index 27 differs. Expected BB; Found CZ
Value at index 28 differs. Expected BC; Found DG
Value at index 30 differs. Expected BE; Found CW
Value at index 31 differs. Expected BF; Found AX
Value at index 32 differs. Expected BG; Found AP
Value at index 33 differs. Expected BH; Found EY
Value at index 34 differs. Expected BI; Found AT
Value at index 35 differs. Expected BJ; Found BC
Value at index 39 differs. Expected BN; Found CY
Value at index 41 differs. Expected BP; Found AZ
Value at index 44 differs. Expected BS; Found BA
Value at index 46 differs. Expected BU; Found FI
Value at index 47 differs. Expected BV; Found ER
Value at index 50 differs. Expected BY; Found DC
Value at index 51 differs. Expected BZ; Found DJ
Value at index 52 differs. Expected CA; Found BE
Value at index 53 differs. Expected CB; Found AI
Value at index 55 differs. Expected CD; Found DW
Value at index 56 differs. Expected CE; Found CN
Value at index 58 differs. Expected CG; Found AH
Value at index 60 differs. Expected CI; Found DY
Value at index 61 differs. Expected CJ; Found EZ
Value at index 62 differs. Expected CK; Found EK
Value at index 63 differs. Expected CL; Found CV
Value at index 64 differs. Expected CM; Found DN
Value at index 65 differs. Expected CN; Found CU
Value at index 66 differs. Expected CO; Found CJ
Value at index 67 differs. Expected CP; Found AB
Value at index 69 differs. Expected CR; Found EL
Value at index 70 differs. Expected CS; Found EX
Value at index 72 differs. Expected CU; Found CE
Value at index 73 differs. Expected CV; Found DB
Value at index 74 differs. Expected CW; Found FE
Value at index 76 differs. Expected CY; Found ET
Value at index 77 differs. Expected CZ; Found EN
Value at index 78 differs. Expected DA; Found EP
Value at index 79 differs. Expected DB; Found CL
Value at index 80 differs. Expected DC; Found BY
Value at index 81 differs. Expected DD; Found EM
Value at index 82 differs. Expected DE; Found DM
Value at index 84 differs. Expected DG; Found BJ
Value at index 86 differs. Expected DI; Found AY
Value at index 87 differs. Expected DJ; Found BP
Value at index 90 differs. Expected DM; Found EF
Value at index 91 differs. Expected DN; Found CM
Value at index 92 differs. Expected DO; Found EQ
Value at index 93 differs. Expected DP; Found EI
Value at index 95 differs. Expected DR; Found CD
Value at index 96 differs. Expected DS; Found AC
Value at index 97 differs. Expected DT; Found DP
Value at index 100 differs. Expected DW; Found DR
Value at index 101 differs. Expected DX; Found EV
Value at index 102 differs. Expected DY; Found DZ
Value at index 103 differs. Expected DZ; Found CI
Value at index 107 differs. Expected ED; Found AN
Value at index 108 differs. Expected EE; Found AE
Value at index 109 differs. Expected EF; Found DE
Value at index 112 differs. Expected EI; Found FD
Value at index 113 differs. Expected EJ; Found BU
Value at index 114 differs. Expected EK; Found DA
Value at index 115 differs. Expected EL; Found FG
Value at index 116 differs. Expected EM; Found CA
Value at index 117 differs. Expected EN; Found FL
Value at index 119 differs. Expected EP; Found FN
Value at index 120 differs. Expected EQ; Found DT
Value at index 121 differs. Expected ER; Found BV
Value at index 123 differs. Expected ET; Found BN
Value at index 125 differs. Expected EV; Found BI
Value at index 126 differs. Expected EW; Found AJ
Value at index 127 differs. Expected EX; Found CS
Value at index 128 differs. Expected EY; Found BH
Value at index 129 differs. Expected EZ; Found FB
Value at index 131 differs. Expected FB; Found CO
Value at index 132 differs. Expected FC; Found CB
Value at index 133 differs. Expected FD; Found DO
Value at index 134 differs. Expected FE; Found DX
Value at index 135 differs. Expected FF; Found FM
Value at index 136 differs. Expected FG; Found CR
Value at index 137 differs. Expected FH; Found DS
Value at index 138 differs. Expected FI; Found CK
Value at index 139 differs. Expected FJ; Found ED
Value at index 140 differs. Expected FK; Found AF
Value at index 141 differs. Expected FL; Found FS
Value at index 142 differs. Expected FM; Found AQ
Value at index 143 differs. Expected FN; Found BF
Value at index 145 differs. Expected FP; Found AV
Value at index 148 differs. Expected FS; Found BB

