  In (0,1), the ground is expected to be yellow, but it is white.
  In (0,2), the ground is expected to be red, but it is white.
  In (1,0), the ground is expected to be yellow, but it is white.
  In (1,1), the ground is expected to be white, but it is green.
  In (1,2), the ground is expected to be white, but it is yellow.
  In (1,3), the ground is expected to be red, but it is white.
  In (2,3), the ground is expected to be blue, but it is yellow.
  In (3,0), the ground is expected to be white, but it is blue.
  In (3,1), the ground is expected to be green, but it is white.
  In (3,2), the ground is expected to be blue, but it is white.
  In (3,3), the ground is expected to be white, but it is red.
  In (4,1), the ground is expected to be yellow, but it is blue.
  In (5,0), the ground is expected to be yellow, but it is white.
  In (5,3), the ground is expected to be red, but it is white.
  In (6,0), the ground is expected to be green, but it is white.
  In (6,3), the ground is expected to be blue, but it is white.
  In (7,1), the ground is expected to be green, but it is white.
  In (7,2), the ground is expected to be blue, but it is white.
  Something is wrong about buggle 'Picasso':
    Its position is (4,0); expected: (4,3).
    The color of its brush is java.awt.Color[r=255,g=255,b=0]; expected: java.awt.Color[r=0,g=255,b=0].

