  In (12,1), there should be a baggle.
  In (12,4), there should be a baggle.
  In (15,7), there should be a baggle.
  Something is wrong about buggle 'Balin':
    Its position is (18,1); expected: (19,2).
    It is not carrying any baggle.
  Something is wrong about buggle 'Dwalin':
    Its position is (18,4); expected: (19,5).
    It is not carrying any baggle.
  Something is wrong about buggle 'Gimli':
    Its position is (18,7); expected: (19,8).
    It is not carrying any baggle.

  In (12,1), there should be a baggle.
  In (12,4), there should be a baggle.
  In (15,7), there should be a baggle.
  Something is wrong about buggle 'Balin':
    Its position is (18,1); expected: (19,2).
    It is not carrying any baggle.
  Something is wrong about buggle 'Dwalin':
    Its position is (18,4); expected: (19,5).
    It is not carrying any baggle.
  Something is wrong about buggle 'Gimli':
    Its position is (18,7); expected: (19,8).
    It is not carrying any baggle.

