  There is 147 shapes, but only 10 shapes were expected
Superflous shapes in your solution:
   Line (x150,000 y149,000 / x151,148 y138,077 / black) 
   Line (x150,000 y150,000 / x151,148 y160,923 / black) 
   Line (x151,148 y138,077 / x152,357 y133,227 / black) 
   Line (x151,148 y160,923 / x152,357 y165,773 / black) 
   Line (x152,357 y133,227 / x153,626 y129,434 / black) 
   Line (x152,357 y165,773 / x153,626 y169,566 / black) 
   Line (x153,626 y129,434 / x154,750 y126,653 / black) 
   Line (x153,626 y169,566 / x154,750 y172,347 / black) 
   Line (x154,750 y126,653 / x156,018 y123,934 / black) 
   Line (x154,750 y172,347 / x156,018 y175,066 / black) 
   Line (x156,018 y123,934 / x157,426 y121,286 / black) 
   Line (x156,018 y175,066 / x157,426 y177,714 / black) 
   Line (x157,426 y121,286 / x158,441 y119,563 / black) 
   Line (x157,426 y177,714 / x158,441 y179,437 / black) 
   Line (x158,441 y119,563 / x159,516 y117,876 / black) 
   Line (x158,441 y179,437 / x159,516 y181,124 / black) 
   Line (x159,516 y117,876 / x160,648 y116,228 / black) 
   Line (x159,516 y181,124 / x160,648 y182,772 / black) 
   Line (x160,648 y116,228 / x161,838 y114,620 / black) 
   Line (x160,648 y182,772 / x161,838 y184,380 / black) 
   Line (x161,838 y114,620 / x163,083 y113,055 / black) 
   Line (x161,838 y184,380 / x163,083 y185,945 / black) 
   Line (x163,083 y113,055 / x164,382 y111,534 / black) 
   Line (x163,083 y185,945 / x164,382 y187,466 / black) 
   Line (x164,382 y111,534 / x165,733 y110,060 / black) 
   Line (x164,382 y187,466 / x165,733 y188,940 / black) 
   Line (x165,733 y110,060 / x167,135 y108,633 / black) 
   Line (x165,733 y188,940 / x167,135 y190,367 / black) 
   Line (x167,135 y108,633 / x168,585 y107,257 / black) 
   Line (x167,135 y190,367 / x168,585 y191,743 / black) 
   Line (x168,585 y107,257 / x170,083 y105,931 / black) 
   Line (x168,585 y191,743 / x170,083 y193,069 / black) 
   Line (x170,083 y105,931 / x171,626 y104,659 / black) 
   Line (x170,083 y193,069 / x171,626 y194,341 / black) 
   Line (x171,626 y104,659 / x173,213 y103,442 / black) 
   Line (x171,626 y194,341 / x173,213 y195,558 / black) 
   Line (x173,213 y103,442 / x174,841 y102,280 / black) 
   Line (x173,213 y195,558 / x174,841 y196,720 / black) 
   Line (x174,841 y102,280 / x176,509 y101,177 / black) 
   Line (x174,841 y196,720 / x176,509 y197,823 / black) 
   Line (x176,509 y101,177 / x178,214 y100,132 / black) 
   Line (x176,509 y197,823 / x178,214 y198,868 / black) 
   Line (x178,214 y100,132 / x179,955 y99,147 / black) 
   Line (x178,214 y198,868 / x179,955 y199,853 / black) 
   Line (x179,955 y99,147 / x181,729 y98,223 / black) 
   Line (x179,955 y199,853 / x181,729 y200,777 / black) 
   Line (x181,729 y98,223 / x183,534 y97,362 / black) 
   Line (x181,729 y200,777 / x183,534 y201,638 / black) 
   Line (x183,534 y97,362 / x185,368 y96,565 / black) 
   Line (x183,534 y201,638 / x185,368 y202,435 / black) 
   Line (x185,368 y96,565 / x187,229 y95,832 / black) 
   Line (x185,368 y202,435 / x187,229 y203,168 / black) 
   Line (x187,229 y95,832 / x189,114 y95,164 / black) 
   Line (x187,229 y203,168 / x189,114 y203,836 / black) 
   Line (x189,114 y95,164 / x191,021 y94,563 / black) 
   Line (x189,114 y203,836 / x191,021 y204,437 / black) 
   Line (x191,021 y94,563 / x192,948 y94,029 / black) 
   Line (x191,021 y204,437 / x192,948 y204,971 / black) 
   Line (x192,948 y94,029 / x194,893 y93,562 / black) 
   Line (x192,948 y204,971 / x194,893 y205,438 / black) 
   Line (x194,893 y93,562 / x196,853 y93,163 / black) 
   Line (x194,893 y205,438 / x196,853 y205,837 / black) 
   Line (x196,853 y93,163 / x198,825 y92,833 / black) 
   Line (x196,853 y205,837 / x198,825 y206,167 / black) 
   Line (x198,825 y92,833 / x200,808 y92,572 / black) 
   Line (x198,825 y206,167 / x200,808 y206,428 / black) 
   Line (x200,808 y92,572 / x202,799 y92,380 / black) 
   Line (x200,808 y206,428 / x202,799 y206,620 / black) 
   Line (x202,799 y92,380 / x204,795 y92,258 / black) 
   Line (x202,799 y206,620 / x204,795 y206,742 / black) 
   Line (x204,795 y92,258 / x206,794 y92,206 / black) 
   Line (x204,795 y206,742 / x206,794 y206,794 / black) 
   Line (x206,794 y92,206 / x207,794 y92,206 / black) 
   Line (x206,794 y206,794 / x207,794 y206,794 / black) 
   Line (x207,794 y92,206 / x209,794 y92,258 / black) 
   Line (x207,794 y206,794 / x209,794 y206,742 / black) 
   Line (x209,794 y92,258 / x211,790 y92,380 / black) 
   Line (x209,794 y206,742 / x211,790 y206,620 / black) 
   Line (x211,790 y92,380 / x213,780 y92,572 / black) 
   Line (x211,790 y206,620 / x213,780 y206,428 / black) 
   Line (x213,780 y92,572 / x215,763 y92,833 / black) 
   Line (x213,780 y206,428 / x215,763 y206,167 / black) 
   Line (x215,763 y92,833 / x217,736 y93,163 / black) 
   Line (x215,763 y206,167 / x217,736 y205,837 / black) 
   Line (x217,736 y93,163 / x219,696 y93,562 / black) 
   Line (x217,736 y205,837 / x219,696 y205,438 / black) 
   Line (x219,696 y93,562 / x221,640 y94,029 / black) 
   Line (x219,696 y205,438 / x221,640 y204,971 / black) 
   Line (x221,640 y94,029 / x223,567 y94,563 / black) 
   Line (x221,640 y204,971 / x223,567 y204,437 / black) 
   Line (x223,567 y94,563 / x225,475 y95,164 / black) 
   Line (x223,567 y204,437 / x225,475 y203,836 / black) 
   Line (x225,475 y95,164 / x227,360 y95,832 / black) 
   Line (x225,475 y203,836 / x227,360 y203,168 / black) 
   Line (x227,360 y95,832 / x229,221 y96,565 / black) 
   Line (x227,360 y203,168 / x229,221 y202,435 / black) 
   Line (x229,221 y96,565 / x231,055 y97,362 / black) 
   Line (x229,221 y202,435 / x231,055 y201,638 / black) 
   Line (x231,055 y97,362 / x232,860 y98,223 / black) 
   Line (x231,055 y201,638 / x232,860 y200,777 / black) 
   Line (x232,860 y98,223 / x234,634 y99,147 / black) 
   Line (x232,860 y200,777 / x234,634 y199,853 / black) 
   Line (x234,634 y99,147 / x236,375 y100,132 / black) 
   Line (x234,634 y199,853 / x236,375 y198,868 / black) 
   Line (x236,375 y100,132 / x238,080 y101,177 / black) 
   Line (x236,375 y198,868 / x238,080 y197,823 / black) 
   Line (x238,080 y101,177 / x239,747 y102,280 / black) 
   Line (x238,080 y197,823 / x239,747 y196,720 / black) 
   Line (x239,747 y102,280 / x241,376 y103,442 / black) 
   Line (x239,747 y196,720 / x241,376 y195,558 / black) 
   Line (x241,376 y103,442 / x242,962 y104,659 / black) 
   Line (x241,376 y195,558 / x242,962 y194,341 / black) 
   Line (x242,962 y104,659 / x244,505 y105,931 / black) 
   Line (x242,962 y194,341 / x244,505 y193,069 / black) 
   Line (x244,505 y105,931 / x246,003 y107,257 / black) 
   Line (x244,505 y193,069 / x246,003 y191,743 / black) 
   Line (x246,003 y107,257 / x247,454 y108,633 / black) 
   Line (x246,003 y191,743 / x247,454 y190,367 / black) 
   Line (x247,454 y108,633 / x248,856 y110,060 / black) 
   Line (x247,454 y190,367 / x248,856 y188,940 / black) 
   Line (x248,856 y110,060 / x250,207 y111,534 / black) 
   Line (x248,856 y188,940 / x250,207 y187,466 / black) 
   Line (x250,207 y111,534 / x251,506 y113,055 / black) 
   Line (x250,207 y187,466 / x251,506 y185,945 / black) 
   Line (x251,506 y113,055 / x252,751 y114,620 / black) 
   Line (x251,506 y185,945 / x252,751 y184,380 / black) 
   Line (x252,751 y114,620 / x253,940 y116,228 / black) 
   Line (x252,751 y184,380 / x253,940 y182,772 / black) 
   Line (x253,940 y116,228 / x255,073 y117,876 / black) 
   Line (x253,940 y182,772 / x255,073 y181,124 / black) 
   Line (x255,073 y117,876 / x256,148 y119,563 / black) 
   Line (x255,073 y181,124 / x256,148 y179,437 / black) 
   Line (x256,148 y119,563 / x257,163 y121,286 / black) 
   Line (x256,148 y179,437 / x257,163 y177,714 / black) 
   Line (x257,163 y121,286 / x258,571 y123,934 / black) 
   Line (x257,163 y177,714 / x258,571 y175,066 / black) 
   Line (x258,571 y123,934 / x259,839 y126,653 / black) 
   Line (x258,571 y175,066 / x259,839 y172,347 / black) 
   Line (x259,839 y126,653 / x260,962 y129,434 / black) 
   Line (x259,839 y172,347 / x260,962 y169,566 / black) 
   Line (x260,962 y129,434 / x262,231 y133,227 / black) 
   Line (x260,962 y169,566 / x262,231 y165,773 / black) 
   Line (x262,231 y133,227 / x263,233 y137,099 / black) 
   Line (x262,231 y165,773 / x263,233 y161,901 / black) 
   Line (x263,233 y137,099 / x264,327 y144,008 / black) 
   Line (x263,233 y161,901 / x264,327 y154,992 / black) 
   Line (x264,327 y144,008 / x264,589 y150,000 / black) 
Missing shapes in your solution:
   plm.universe.turtles.Circle@30db8311
   plm.universe.turtles.Circle@2ba80cc6
   plm.universe.turtles.Circle@29800f96
   plm.universe.turtles.Circle@17370bb7
   plm.universe.turtles.Circle@7b18c14b
   plm.universe.turtles.Circle@103d2cd2
   plm.universe.turtles.Circle@39e86dfc
   plm.universe.turtles.Circle@162db3c5
   plm.universe.turtles.Circle@2b022ad2
   plm.universe.turtles.Circle@52a0d8dc

