The turtle Hawksbill is at the right location.  There is 629 shapes, but only 10 shapes were expected
Superflous shapes in your solution:
   Line (x0,000 y12,350 / x0,033 y12,322 / black) 
   Line (x0,000 y153,885 / x0,140 y153,814 / black) 
   Line (x0,000 y5,238 / x0,736 y0,000 / black) 
   Line (x0,000 y298,828 / x1,302 y300,000 / black) 
   Line (x0,000 y166,526 / x1,514 y163,680 / black) 
   Line (x0,000 y2,016 / x1,692 y0,000 / black) 
   Line (x0,000 y243,679 / x2,049 y242,892 / black) 
   Line (x0,000 y104,670 / x2,951 y106,814 / black) 
   Line (x0,000 y104,716 / x3,364 y105,309 / black) 
   Line (x0,000 y17,859 / x3,749 y11,096 / black) 
   Line (x0,000 y13,451 / x4,896 y0,000 / black) 
   Line (x0,000 y109,021 / x5,216 y115,944 / black) 
   Line (x0,000 y293,680 / x5,690 y300,000 / black) 
   Line (x0,000 y168,288 / x5,940 y169,659 / black) 
   Line (x0,000 y246,243 / x5,941 y288,519 / black) 
   Line (x0,000 y52,360 / x6,174 y52,144 / black) 
   Line (x0,000 y234,320 / x6,551 y229,016 / black) 
   Line (x0,000 y57,465 / x6,723 y58,290 / black) 
   Line (x0,000 y20,221 / x6,726 y17,504 / black) 
   Line (x0,000 y1,673 / x7,865 y17,109 / black) 
   Line (x0,000 y114,818 / x7,967 y113,413 / black) 
   Line (x0,000 y38,706 / x8,154 y45,309 / black) 
   Line (x0,000 y152,871 / x10,259 y148,087 / black) 
   Line (x0,000 y5,258 / x10,319 y0,000 / black) 
   Line (x0,000 y56,007 / x10,411 y53,022 / black) 
   Line (x0,000 y258,454 / x11,132 y300,000 / black) 
   Line (x0,000 y288,194 / x11,401 y300,000 / black) 
   Line (x0,000 y35,510 / x11,887 y34,261 / black) 
   Line (x0,000 y130,136 / x12,829 y112,478 / black) 
   Line (x0,000 y251,069 / x13,287 y266,904 / black) 
   Line (x0,000 y248,236 / x13,427 y252,086 / black) 
   Line (x0,000 y148,138 / x14,622 y156,924 / black) 
   Line (x0,000 y122,788 / x15,212 y128,934 / black) 
   Line (x0,000 y116,990 / x16,011 y300,000 / black) 
   Line (x0,000 y52,872 / x16,691 y80,652 / black) 
   Line (x0,000 y26,614 / x16,977 y27,801 / black) 
   Line (x0,000 y284,156 / x18,226 y300,000 / black) 
   Line (x0,000 y262,769 / x18,970 y300,000 / black) 
   Line (x0,000 y211,964 / x19,484 y191,070 / black) 
   Line (x0,000 y253,036 / x21,900 y300,000 / black) 
   Line (x0,000 y144,791 / x22,940 y148,835 / black) 
   Line (x0,000 y289,062 / x23,456 y300,000 / black) 
   Line (x0,000 y44,756 / x24,736 y53,273 / black) 
   Line (x0,000 y67,466 / x27,151 y134,665 / black) 
   Line (x0,000 y155,742 / x28,041 y300,000 / black) 
   Line (x0,000 y21,992 / x28,459 y4,209 / black) 
   Line (x0,000 y179,479 / x31,992 y226,908 / black) 
   Line (x0,000 y12,378 / x35,019 y12,990 / black) 
   Line (x0,000 y32,968 / x36,333 y159,678 / black) 
   Line (x0,000 y24,563 / x36,416 y0,000 / black) 
   Line (x0,000 y62,186 / x37,213 y61,537 / black) 
   Line (x0,000 y158,194 / x38,725 y173,840 / black) 
   Line (x0,000 y45,995 / x41,414 y0,000 / black) 
   Line (x0,000 y270,989 / x41,432 y300,000 / black) 
   Line (x0,000 y73,914 / x41,548 y127,093 / black) 
   Line (x0,000 y222,785 / x42,801 y300,000 / black) 
   Line (x0,000 y0,692 / x43,431 y19,127 / black) 
   Line (x0,000 y47,635 / x43,984 y8,032 / black) 
   Line (x0,000 y281,623 / x44,125 y116,945 / black) 
   Line (x0,000 y133,895 / x44,359 y123,654 / black) 
   Line (x0,000 y127,524 / x45,254 y162,880 / black) 
   Line (x0,000 y91,060 / x46,086 y100,019 / black) 
   Line (x0,000 y214,866 / x47,657 y200,296 / black) 
   Line (x0,000 y181,988 / x50,093 y300,000 / black) 
   Line (x0,000 y166,804 / x50,809 y158,757 / black) 
   Line (x0,000 y266,544 / x53,541 y300,000 / black) 
   Line (x0,000 y20,625 / x53,805 y78,323 / black) 
   Line (x0,000 y231,373 / x53,936 y162,338 / black) 
   Line (x0,000 y12,712 / x54,051 y63,115 / black) 
   Line (x0,000 y75,704 / x56,073 y248,280 / black) 
   Line (x0,000 y146,665 / x57,342 y17,872 / black) 
   Line (x0,000 y194,863 / x58,881 y150,493 / black) 
   Line (x0,000 y74,707 / x61,414 y64,980 / black) 
   Line (x0,000 y15,108 / x61,672 y12,955 / black) 
   Line (x0,000 y107,848 / x62,266 y0,000 / black) 
   Line (x0,000 y149,030 / x62,760 y115,660 / black) 
   Line (x0,000 y66,539 / x64,256 y0,000 / black) 
   Line (x0,000 y140,806 / x65,169 y123,344 / black) 
   Line (x0,000 y66,251 / x67,129 y66,251 / black) 
   Line (x0,000 y242,597 / x68,410 y300,000 / black) 
   Line (x0,000 y57,475 / x68,538 y32,529 / black) 
   Line (x0,000 y66,335 / x68,691 y0,000 / black) 
   Line (x0,000 y31,490 / x69,144 y46,187 / black) 
   Line (x0,000 y138,066 / x69,897 y175,231 / black) 
   Line (x0,000 y171,841 / x72,687 y204,204 / black) 
   Line (x0,000 y11,455 / x73,276 y95,749 / black) 
   Line (x0,000 y291,017 / x73,711 y177,512 / black) 
   Line (x0,000 y183,157 / x78,812 y300,000 / black) 
   Line (x0,000 y6,134 / x84,540 y56,931 / black) 
   Line (x0,000 y290,925 / x87,194 y252,104 / black) 
   Line (x0,000 y107,621 / x89,175 y54,040 / black) 
   Line (x0,000 y188,932 / x89,941 y300,000 / black) 
   Line (x0,000 y212,679 / x91,911 y199,762 / black) 
   Line (x0,000 y266,034 / x92,206 y287,322 / black) 
   Line (x0,000 y141,725 / x95,101 y300,000 / black) 
   Line (x0,000 y64,575 / x96,004 y66,251 / black) 
   Line (x0,000 y194,464 / x96,789 y259,749 / black) 
   Line (x0,000 y76,664 / x98,586 y140,686 / black) 
   Line (x0,000 y190,242 / x101,660 y272,564 / black) 
   Line (x0,000 y33,661 / x102,238 y300,000 / black) 
   Line (x0,000 y36,100 / x103,077 y84,165 / black) 
   Line (x0,000 y5,473 / x110,153 y157,086 / black) 
   Line (x0,000 y194,644 / x115,363 y223,407 / black) 
   Line (x0,000 y218,998 / x117,772 y189,634 / black) 
   Line (x0,000 y260,474 / x122,981 y160,886 / black) 
   Line (x0,000 y57,174 / x123,920 y61,502 / black) 
   Line (x0,000 y28,833 / x124,314 y148,882 / black) 
   Line (x0,000 y252,509 / x131,347 y236,382 / black) 
   Line (x0,000 y164,062 / x132,557 y118,419 / black) 
   Line (x0,000 y193,322 / x134,697 y259,018 / black) 
   Line (x0,000 y117,263 / x138,708 y154,429 / black) 
   Line (x0,000 y178,239 / x143,526 y275,048 / black) 
   Line (x0,000 y26,168 / x149,066 y255,709 / black) 
   Line (x0,000 y44,058 / x150,962 y51,970 / black) 
   Line (x0,000 y116,286 / x160,054 y0,000 / black) 
   Line (x0,000 y121,143 / x161,434 y52,618 / black) 
   Line (x0,000 y33,827 / x162,332 y80,375 / black) 
   Line (x0,000 y14,264 / x163,042 y0,000 / black) 
   Line (x0,000 y43,348 / x167,643 y128,767 / black) 
   Line (x0,000 y290,689 / x168,284 y251,838 / black) 
   Line (x0,000 y286,353 / x169,191 y268,571 / black) 
   Line (x0,000 y238,014 / x170,305 y300,000 / black) 
   Line (x0,000 y25,231 / x177,212 y37,623 / black) 
   Line (x0,000 y244,266 / x182,299 y300,000 / black) 
   Line (x0,000 y283,569 / x183,348 y177,713 / black) 
   Line (x0,000 y222,104 / x191,673 y97,631 / black) 
   Line (x0,000 y263,592 / x194,168 y200,503 / black) 
   Line (x0,000 y32,345 / x197,632 y229,978 / black) 
   Line (x0,000 y186,009 / x202,011 y293,421 / black) 
   Line (x0,000 y0,693 / x202,758 y18,432 / black) 
   Line (x0,000 y148,502 / x210,795 y216,993 / black) 
   Line (x0,000 y55,980 / x216,775 y9,903 / black) 
   Line (x0,000 y270,435 / x227,683 y294,366 / black) 
   Line (x0,000 y46,449 / x235,820 y127,648 / black) 
   Line (x0,000 y21,120 / x237,900 y152,990 / black) 
   Line (x0,000 y54,611 / x239,803 y228,838 / black) 
   Line (x0,000 y36,289 / x240,406 y19,478 / black) 
   Line (x0,000 y234,447 / x252,076 y265,398 / black) 
   Line (x0,000 y192,711 / x276,025 y231,503 / black) 
   Line (x0,033 y12,322 / x14,208 y0,000 / black) 
   Line (x0,140 y153,814 / x58,674 y125,265 / black) 
   Line (x0,736 y300,000 / x1,063 y297,676 / black) 
   Line (x1,063 y297,676 / x23,989 y110,953 / black) 
   Line (x1,302 y0,000 / x7,249 y5,354 / black) 
   Line (x1,514 y163,680 / x84,913 y0,000 / black) 
   Line (x1,692 y300,000 / x80,500 y206,080 / black) 
   Line (x2,049 y242,892 / x233,034 y149,569 / black) 
   Line (x2,951 y106,814 / x105,276 y183,921 / black) 
   Line (x3,364 y105,309 / x103,613 y124,795 / black) 
   Line (x3,749 y11,096 / x10,155 y0,000 / black) 
   Line (x4,896 y300,000 / x54,416 y163,945 / black) 
   Line (x5,216 y115,944 / x149,017 y300,000 / black) 
   Line (x5,690 y0,000 / x136,844 y145,661 / black) 
   Line (x5,940 y169,659 / x107,943 y195,091 / black) 
   Line (x5,941 y288,519 / x7,351 y300,000 / black) 
   Line (x6,174 y52,144 / x273,931 y38,112 / black) 
   Line (x6,551 y229,016 / x48,414 y196,309 / black) 
   Line (x6,723 y58,290 / x104,883 y72,085 / black) 
   Line (x6,726 y17,504 / x52,325 y0,000 / black) 
   Line (x7,249 y5,354 / x105,342 y96,827 / black) 
   Line (x7,351 y0,000 / x27,162 y161,346 / black) 
   Line (x7,865 y17,109 / x75,867 y156,534 / black) 
   Line (x7,967 y113,413 / x263,313 y63,779 / black) 
   Line (x8,154 y45,309 / x108,602 y129,595 / black) 
   Line (x10,155 y300,000 / x19,311 y284,141 / black) 
   Line (x10,259 y148,087 / x230,576 y40,631 / black) 
   Line (x10,319 y300,000 / x148,093 y229,801 / black) 
   Line (x10,411 y53,022 / x183,838 y0,000 / black) 
   Line (x11,132 y0,000 / x54,300 y161,105 / black) 
   Line (x11,401 y0,000 / x94,052 y85,588 / black) 
   Line (x11,887 y34,261 / x97,684 y26,755 / black) 
   Line (x12,829 y112,478 / x91,587 y0,000 / black) 
   Line (x13,287 y266,904 / x42,057 y300,000 / black) 
   Line (x13,427 y252,086 / x116,827 y283,698 / black) 
   Line (x14,208 y300,000 / x173,711 y161,346 / black) 
   Line (x14,622 y156,924 / x262,437 y300,000 / black) 
   Line (x15,212 y128,934 / x287,934 y233,622 / black) 
   Line (x16,011 y0,000 / x17,554 y17,635 / black) 
   Line (x16,691 y80,652 / x92,254 y211,530 / black) 
   Line (x16,977 y27,801 / x112,736 y36,179 / black) 
   Line (x17,554 y17,635 / x47,232 y300,000 / black) 
   Line (x18,226 y0,000 / x222,312 y177,409 / black) 
   Line (x18,970 y0,000 / x42,947 y47,057 / black) 
   Line (x19,311 y284,141 / x35,857 y256,604 / black) 
   Line (x19,484 y191,070 / x50,830 y158,610 / black) 
   Line (x21,900 y0,000 / x44,348 y48,141 / black) 
   Line (x22,940 y148,835 / x299,616 y192,657 / black) 
   Line (x23,456 y0,000 / x54,195 y14,334 / black) 
   Line (x23,989 y110,953 / x35,651 y0,000 / black) 
   Line (x24,736 y53,273 / x129,160 y91,280 / black) 
   Line (x27,151 y134,665 / x84,534 y284,155 / black) 
   Line (x27,162 y161,346 / x41,735 y300,000 / black) 
   Line (x28,041 y0,000 / x29,841 y9,261 / black) 
   Line (x28,459 y4,209 / x35,464 y0,000 / black) 
   Line (x29,841 y9,261 / x91,639 y300,000 / black) 
   Line (x31,992 y226,908 / x83,171 y300,000 / black) 
   Line (x35,019 y12,990 / x128,088 y16,240 / black) 
   Line (x35,464 y300,000 / x79,996 y273,242 / black) 
   Line (x35,651 y300,000 / x43,549 y224,854 / black) 
   Line (x35,857 y256,604 / x53,411 y228,513 / black) 
   Line (x36,333 y159,678 / x73,933 y300,000 / black) 
   Line (x36,416 y300,000 / x88,258 y265,032 / black) 
   Line (x37,213 y61,537 / x300,000 y52,360 / black) 
   Line (x38,725 y173,840 / x143,778 y218,432 / black) 
   Line (x41,414 y300,000 / x92,636 y243,112 / black) 
   Line (x41,432 y0,000 / x190,565 y104,424 / black) 
   Line (x41,548 y127,093 / x128,285 y242,197 / black) 
   Line (x41,735 y0,000 / x45,467 y35,512 / black) 
   Line (x42,057 y0,000 / x223,308 y208,505 / black) 
   Line (x42,801 y0,000 / x60,357 y31,672 / black) 
   Line (x42,947 y47,057 / x177,439 y300,000 / black) 
   Line (x43,431 y19,127 / x300,000 y122,788 / black) 
   Line (x43,549 y224,854 / x59,771 y39,437 / black) 
   Line (x43,984 y8,032 / x52,597 y0,000 / black) 
   Line (x44,125 y116,945 / x73,283 y0,000 / black) 
   Line (x44,348 y48,141 / x167,188 y300,000 / black) 
   Line (x44,359 y123,654 / x121,755 y107,203 / black) 
   Line (x45,254 y162,880 / x227,217 y300,000 / black) 
   Line (x45,467 y35,512 / x60,818 y210,967 / black) 
   Line (x46,086 y100,019 / x300,000 y144,791 / black) 
   Line (x47,232 y0,000 / x54,675 y70,815 / black) 
   Line (x47,657 y200,296 / x119,871 y179,589 / black) 
   Line (x48,414 y196,309 / x91,640 y163,735 / black) 
   Line (x50,093 y0,000 / x65,174 y35,529 / black) 
   Line (x50,809 y158,757 / x300,000 y114,818 / black) 
   Line (x50,830 y158,610 / x83,446 y125,994 / black) 
   Line (x52,325 y300,000 / x72,193 y292,373 / black) 
   Line (x52,597 y300,000 / x210,824 y152,451 / black) 
   Line (x53,411 y228,513 / x71,996 y199,893 / black) 
   Line (x53,541 y0,000 / x55,651 y1,318 / black) 
   Line (x53,805 y78,323 / x267,876 y300,000 / black) 
   Line (x53,936 y162,338 / x176,266 y0,000 / black) 
   Line (x54,051 y63,115 / x286,748 y272,636 / black) 
   Line (x54,195 y14,334 / x159,466 y65,678 / black) 
   Line (x54,300 y161,105 / x94,128 y300,000 / black) 
   Line (x54,416 y163,945 / x110,867 y0,000 / black) 
   Line (x54,675 y70,815 / x82,815 y300,000 / black) 
   Line (x55,651 y1,318 / x300,000 y148,138 / black) 
   Line (x56,073 y248,280 / x73,882 y300,000 / black) 
   Line (x57,342 y17,872 / x64,928 y0,000 / black) 
   Line (x58,674 y125,265 / x118,603 y97,319 / black) 
   Line (x58,881 y150,493 / x242,586 y6,967 / black) 
   Line (x59,771 y39,437 / x62,529 y0,000 / black) 
   Line (x60,357 y31,672 / x215,276 y300,000 / black) 
   Line (x60,818 y210,967 / x67,044 y300,000 / black) 
   Line (x61,414 y64,980 / x143,730 y53,411 / black) 
   Line (x61,672 y12,955 / x151,783 y11,382 / black) 
   Line (x62,266 y300,000 / x101,465 y232,105 / black) 
   Line (x62,529 y300,000 / x72,685 y154,763 / black) 
   Line (x62,760 y115,660 / x271,416 y0,000 / black) 
   Line (x64,256 y300,000 / x90,483 y272,841 / black) 
   Line (x64,928 y300,000 / x137,100 y129,974 / black) 
   Line (x65,169 y123,344 / x300,000 y56,007 / black) 
   Line (x65,174 y35,529 / x182,924 y300,000 / black) 
   Line (x67,044 y0,000 / x73,173 y87,660 / black) 
   Line (x67,129 y66,251 / x300,000 y62,186 / black) 
   Line (x68,410 y0,000 / x160,647 y77,396 / black) 
   Line (x68,538 y32,529 / x153,279 y0,000 / black) 
   Line (x68,691 y300,000 / x74,204 y294,677 / black) 
   Line (x69,144 y46,187 / x300,000 y91,060 / black) 
   Line (x69,897 y175,231 / x174,961 y233,469 / black) 
   Line (x71,996 y199,893 / x91,638 y170,773 / black) 
   Line (x72,193 y292,373 / x139,029 y268,047 / black) 
   Line (x72,685 y154,763 / x80,796 y0,000 / black) 
   Line (x72,687 y204,204 / x298,369 y300,000 / black) 
   Line (x73,173 y87,660 / x82,496 y265,541 / black) 
   Line (x73,276 y95,749 / x163,990 y203,857 / black) 
   Line (x73,283 y300,000 / x91,330 y227,616 / black) 
   Line (x73,711 y177,512 / x184,633 y0,000 / black) 
   Line (x73,882 y0,000 / x167,458 y271,765 / black) 
   Line (x73,933 y0,000 / x79,330 y20,143 / black) 
   Line (x74,204 y294,677 / x234,098 y134,782 / black) 
   Line (x75,867 y156,534 / x141,848 y298,032 / black) 
   Line (x78,812 y0,000 / x79,673 y1,276 / black) 
   Line (x79,330 y20,143 / x119,761 y182,303 / black) 
   Line (x79,673 y1,276 / x160,347 y125,504 / black) 
   Line (x79,996 y273,242 / x132,932 y242,680 / black) 
   Line (x80,500 y206,080 / x219,029 y35,011 / black) 
   Line (x80,796 y300,000 / x82,321 y270,890 / black) 
   Line (x82,321 y270,890 / x88,712 y87,877 / black) 
   Line (x82,496 y265,541 / x83,699 y300,000 / black) 
   Line (x82,815 y0,000 / x97,832 y122,300 / black) 
   Line (x83,171 y0,000 / x219,049 y194,054 / black) 
   Line (x83,446 y125,994 / x117,345 y93,259 / black) 
   Line (x83,699 y0,000 / x88,747 y144,557 / black) 
   Line (x84,534 y284,155 / x90,301 y300,000 / black) 
   Line (x84,540 y56,931 / x188,956 y122,177 / black) 
   Line (x84,913 y300,000 / x96,000 y278,239 / black) 
   Line (x87,194 y252,104 / x300,000 y152,871 / black) 
   Line (x88,258 y265,032 / x281,681 y129,596 / black) 
   Line (x88,712 y87,877 / x90,246 y0,000 / black) 
   Line (x88,747 y144,557 / x91,460 y300,000 / black) 
   Line (x89,175 y54,040 / x175,656 y0,000 / black) 
   Line (x89,941 y0,000 / x106,872 y20,908 / black) 
   Line (x90,246 y300,000 / x91,891 y205,779 / black) 
   Line (x90,301 y0,000 / x139,642 y135,563 / black) 
   Line (x90,483 y272,841 / x243,336 y108,926 / black) 
   Line (x91,330 y227,616 / x134,999 y38,466 / black) 
   Line (x91,460 y0,000 / x91,891 y205,779 / black) 
   Line (x91,587 y300,000 / x136,794 y235,439 / black) 
   Line (x91,638 y170,773 / x112,358 y141,181 / black) 
   Line (x91,639 y0,000 / x102,428 y50,757 / black) 
   Line (x91,640 y163,735 / x136,237 y131,334 / black) 
   Line (x91,911 y199,762 / x300,000 y166,804 / black) 
   Line (x92,206 y287,322 / x151,853 y300,000 / black) 
   Line (x92,254 y211,530 / x141,294 y300,000 / black) 
   Line (x92,636 y243,112 / x238,363 y75,472 / black) 
   Line (x94,052 y85,588 / x188,253 y186,606 / black) 
   Line (x94,128 y0,000 / x149,430 y192,860 / black) 
   Line (x95,101 y0,000 / x95,946 y1,407 / black) 
   Line (x95,946 y1,407 / x270,356 y280,521 / black) 
   Line (x96,000 y278,239 / x186,798 y92,076 / black) 
   Line (x96,004 y66,251 / x300,000 y66,251 / black) 
   Line (x96,789 y259,749 / x154,273 y300,000 / black) 
   Line (x97,684 y26,755 / x184,597 y20,677 / black) 
   Line (x97,832 y122,300 / x122,806 y300,000 / black) 
   Line (x98,586 y140,686 / x300,000 y266,544 / black) 
   Line (x101,465 y232,105 / x203,335 y48,326 / black) 
   Line (x101,660 y272,564 / x136,776 y300,000 / black) 
   Line (x102,238 y0,000 / x106,020 y9,852 / black) 
   Line (x102,428 y50,757 / x159,970 y300,000 / black) 
   Line (x103,077 y84,165 / x300,000 y171,841 / black) 
   Line (x103,613 y124,795 / x204,484 y146,236 / black) 
   Line (x104,883 y72,085 / x203,775 y87,748 / black) 
   Line (x105,276 y183,921 / x207,028 y263,419 / black) 
   Line (x105,342 y96,827 / x202,542 y190,693 / black) 
   Line (x106,020 y9,852 / x223,247 y300,000 / black) 
   Line (x106,872 y20,908 / x300,000 y251,069 / black) 
   Line (x107,943 y195,091 / x210,452 y222,558 / black) 
   Line (x108,602 y129,595 / x208,318 y216,276 / black) 
   Line (x110,153 y157,086 / x217,846 y300,000 / black) 
   Line (x110,867 y300,000 / x119,570 y274,723 / black) 
   Line (x112,358 y141,181 / x134,180 y111,147 / black) 
   Line (x112,736 y36,179 / x209,329 y46,332 / black) 
   Line (x115,363 y223,407 / x300,000 y266,034 / black) 
   Line (x116,827 y283,698 / x166,998 y300,000 / black) 
   Line (x117,345 y93,259 / x152,541 y60,437 / black) 
   Line (x117,772 y189,634 / x300,000 y140,806 / black) 
   Line (x118,603 y97,319 / x179,925 y70,017 / black) 
   Line (x119,570 y274,723 / x181,103 y85,343 / black) 
   Line (x119,761 y182,303 / x146,933 y300,000 / black) 
   Line (x119,871 y179,589 / x193,402 y159,887 / black) 
   Line (x121,755 y107,203 / x200,408 y91,914 / black) 
   Line (x122,806 y0,000 / x146,977 y171,989 / black) 
   Line (x122,981 y160,886 / x300,000 y12,350 / black) 
   Line (x123,920 y61,502 / x300,000 y64,575 / black) 
   Line (x124,314 y148,882 / x286,369 y300,000 / black) 
   Line (x128,088 y16,240 / x222,084 y21,166 / black) 
   Line (x128,285 y242,197 / x170,282 y300,000 / black) 
   Line (x129,160 y91,280 / x233,837 y131,462 / black) 
   Line (x131,347 y236,382 / x300,000 y212,679 / black) 
   Line (x132,557 y118,419 / x300,000 y57,475 / black) 
   Line (x132,932 y242,680 / x187,268 y212,561 / black) 
   Line (x134,180 y111,147 / x157,124 y80,699 / black) 
   Line (x134,697 y259,018 / x222,584 y300,000 / black) 
   Line (x134,999 y38,466 / x143,175 y0,000 / black) 
   Line (x136,237 y131,334 / x182,212 y99,142 / black) 
   Line (x136,776 y0,000 / x300,000 y127,524 / black) 
   Line (x136,794 y235,439 / x257,090 y57,092 / black) 
   Line (x136,844 y145,661 / x280,767 y300,000 / black) 
   Line (x137,100 y129,974 / x189,613 y0,000 / black) 
   Line (x138,708 y154,429 / x300,000 y194,644 / black) 
   Line (x139,029 y268,047 / x207,224 y244,565 / black) 
   Line (x139,642 y135,563 / x192,425 y288,855 / black) 
   Line (x141,294 y0,000 / x166,006 y44,581 / black) 
   Line (x141,848 y298,032 / x142,725 y300,000 / black) 
   Line (x142,725 y0,000 / x205,757 y141,572 / black) 
   Line (x143,175 y300,000 / x175,152 y149,561 / black) 
   Line (x143,526 y275,048 / x181,948 y300,000 / black) 
   Line (x143,730 y53,411 / x227,228 y43,159 / black) 
   Line (x143,778 y218,432 / x248,950 y265,257 / black) 
   Line (x146,933 y0,000 / x157,581 y46,119 / black) 
   Line (x146,977 y171,989 / x167,252 y300,000 / black) 
   Line (x148,093 y229,801 / x300,000 y149,030 / black) 
   Line (x149,017 y0,000 / x204,152 y70,570 / black) 
   Line (x149,066 y255,709 / x178,940 y300,000 / black) 
   Line (x149,430 y192,860 / x182,185 y300,000 / black) 
   Line (x150,000 y148,875 / x151,253 y128,294 / black) 
   Line (x150,962 y51,970 / x300,000 y57,174 / black) 
   Line (x151,253 y128,294 / x152,988 y113,143 / black) 
   Line (x151,783 y11,382 / x242,908 y11,382 / black) 
   Line (x151,853 y0,000 / x300,000 y31,490 / black) 
   Line (x152,541 y60,437 / x189,048 y27,566 / black) 
   Line (x152,988 y113,143 / x154,258 y104,107 / black) 
   Line (x153,279 y300,000 / x300,000 y243,679 / black) 
   Line (x154,258 y104,107 / x155,842 y94,107 / black) 
   Line (x154,273 y0,000 / x200,105 y32,092 / black) 
   Line (x155,842 y94,107 / x157,774 y83,151 / black) 
   Line (x157,124 y80,699 / x181,212 y49,868 / black) 
   Line (x157,581 y46,119 / x192,744 y211,548 / black) 
   Line (x157,774 y83,151 / x160,088 y71,249 / black) 
   Line (x159,466 y65,678 / x264,716 y119,306 / black) 
   Line (x159,970 y0,000 / x180,739 y89,960 / black) 
   Line (x160,054 y300,000 / x171,901 y291,393 / black) 
   Line (x160,088 y71,249 / x162,816 y58,410 / black) 
   Line (x160,347 y125,504 / x239,371 y251,969 / black) 
   Line (x160,647 y77,396 / x300,000 y190,242 / black) 
   Line (x161,434 y52,618 / x279,617 y0,000 / black) 
   Line (x162,332 y80,375 / x300,000 y117,263 / black) 
   Line (x162,816 y58,410 / x165,994 y44,647 / black) 
   Line (x163,042 y300,000 / x205,518 y296,284 / black) 
   Line (x163,990 y203,857 / x241,844 y300,000 / black) 
   Line (x165,994 y44,647 / x169,653 y29,972 / black) 
   Line (x166,006 y44,581 / x237,893 y179,783 / black) 
   Line (x166,998 y0,000 / x220,611 y17,420 / black) 
   Line (x167,188 y0,000 / x191,257 y49,349 / black) 
   Line (x167,252 y0,000 / x202,062 y219,779 / black) 
   Line (x167,458 y271,765 / x177,735 y300,000 / black) 
   Line (x167,643 y128,767 / x300,000 y193,322 / black) 
   Line (x168,284 y251,838 / x300,000 y218,998 / black) 
   Line (x169,191 y268,571 / x300,000 y252,509 / black) 
   Line (x169,653 y29,972 / x173,826 y14,396 / black) 
   Line (x170,282 y0,000 / x213,587 y59,605 / black) 
   Line (x170,305 y0,000 / x261,502 y33,193 / black) 
   Line (x171,901 y291,393 / x300,000 y194,863 / black) 
   Line (x173,711 y161,346 / x300,000 y47,635 / black) 
   Line (x173,826 y14,396 / x177,954 y0,000 / black) 
   Line (x174,961 y233,469 / x279,858 y294,032 / black) 
   Line (x175,152 y149,561 / x204,224 y0,000 / black) 
   Line (x175,656 y300,000 / x291,964 y227,323 / black) 
   Line (x176,266 y300,000 / x185,206 y288,136 / black) 
   Line (x177,212 y37,623 / x300,000 y44,058 / black) 
   Line (x177,439 y0,000 / x199,339 y41,189 / black) 
   Line (x177,735 y0,000 / x284,130 y292,318 / black) 
   Line (x177,954 y300,000 / x178,547 y297,934 / black) 
   Line (x178,547 y297,934 / x183,846 y280,601 / black) 
   Line (x178,940 y0,000 / x300,000 y179,479 / black) 
   Line (x179,925 y70,017 / x242,634 y43,398 / black) 
   Line (x180,739 y89,960 / x233,108 y300,000 / black) 
   Line (x181,103 y85,343 / x207,195 y0,000 / black) 
   Line (x181,212 y49,868 / x206,463 y18,685 / black) 
   Line (x181,948 y0,000 / x300,000 y76,664 / black) 
   Line (x182,185 y0,000 / x250,042 y221,949 / black) 
   Line (x182,212 y99,142 / x229,571 y67,198 / black) 
   Line (x182,299 y0,000 / x186,330 y1,232 / black) 
   Line (x182,924 y0,000 / x202,295 y43,508 / black) 
   Line (x183,348 y177,713 / x300,000 y107,621 / black) 
   Line (x183,838 y300,000 / x253,432 y278,723 / black) 
   Line (x183,846 y280,601 / x189,756 y262,412 / black) 
   Line (x184,597 y20,677 / x272,601 y16,065 / black) 
   Line (x184,633 y300,000 / x186,650 y296,772 / black) 
   Line (x185,206 y288,136 / x300,000 y130,136 / black) 
   Line (x186,330 y1,232 / x300,000 y33,827 / black) 
   Line (x186,650 y296,772 / x295,902 y114,945 / black) 
   Line (x186,798 y92,076 / x229,734 y0,000 / black) 
   Line (x187,268 y212,561 / x243,004 y182,926 / black) 
   Line (x188,253 y186,606 / x281,346 y289,996 / black) 
   Line (x188,956 y122,177 / x293,056 y189,780 / black) 
   Line (x189,048 y27,566 / x220,759 y0,000 / black) 
   Line (x189,613 y300,000 / x213,192 y241,640 / black) 
   Line (x189,756 y262,412 / x196,308 y243,384 / black) 
   Line (x190,565 y104,424 / x300,000 y178,239 / black) 
   Line (x191,257 y49,349 / x300,000 y262,769 / black) 
   Line (x191,673 y97,631 / x300,000 y24,563 / black) 
   Line (x192,425 y288,855 / x196,046 y300,000 / black) 
   Line (x192,744 y211,548 / x209,937 y300,000 / black) 
   Line (x193,402 y159,887 / x268,236 y141,228 / black) 
   Line (x194,168 y200,503 / x300,000 y164,062 / black) 
   Line (x196,046 y0,000 / x242,833 y143,996 / black) 
   Line (x196,308 y243,384 / x203,533 y223,533 / black) 
   Line (x197,632 y229,978 / x270,142 y300,000 / black) 
   Line (x199,339 y41,189 / x300,000 y222,785 / black) 
   Line (x200,105 y32,092 / x300,000 y104,670 / black) 
   Line (x200,408 y91,914 / x280,300 y77,827 / black) 
   Line (x202,011 y293,421 / x214,924 y300,000 / black) 
   Line (x202,062 y219,779 / x216,207 y300,000 / black) 
   Line (x202,295 y43,508 / x300,000 y253,036 / black) 
   Line (x202,542 y190,693 / x298,797 y286,948 / black) 
   Line (x202,758 y18,432 / x300,000 y25,231 / black) 
   Line (x203,335 y48,326 / x229,031 y0,000 / black) 
   Line (x203,533 y223,533 / x211,462 y202,877 / black) 
   Line (x203,775 y87,748 / x300,000 y104,716 / black) 
   Line (x204,152 y70,570 / x300,000 y188,932 / black) 
   Line (x204,224 y300,000 / x211,811 y260,966 / black) 
   Line (x204,484 y146,236 / x300,000 y168,288 / black) 
   Line (x205,518 y296,284 / x300,000 y286,353 / black) 
   Line (x205,757 y141,572 / x267,541 y287,127 / black) 
   Line (x206,463 y18,685 / x222,142 y0,000 / black) 
   Line (x207,028 y263,419 / x252,202 y300,000 / black) 
   Line (x207,195 y300,000 / x239,029 y195,876 / black) 
   Line (x207,224 y244,565 / x276,770 y221,968 / black) 
   Line (x208,318 y216,276 / x300,000 y298,828 / black) 
   Line (x209,329 y46,332 / x300,000 y57,465 / black) 
   Line (x209,937 y0,000 / x225,205 y78,548 / black) 
   Line (x210,452 y222,558 / x300,000 y248,236 / black) 
   Line (x210,795 y216,993 / x300,000 y244,266 / black) 
   Line (x210,824 y152,451 / x300,000 y66,335 / black) 
   Line (x211,462 y202,877 / x220,125 y181,436 / black) 
   Line (x211,811 y260,966 / x245,000 y72,745 / black) 
   Line (x213,192 y241,640 / x285,627 y52,940 / black) 
   Line (x213,587 y59,605 / x297,401 y179,304 / black) 
   Line (x214,924 y0,000 / x300,000 y43,348 / black) 
   Line (x215,276 y0,000 / x225,919 y18,434 / black) 
   Line (x216,207 y0,000 / x263,034 y265,569 / black) 
   Line (x216,775 y9,903 / x259,672 y0,000 / black) 
   Line (x217,846 y0,000 / x300,000 y109,021 / black) 
   Line (x219,029 y35,011 / x246,383 y0,000 / black) 
   Line (x219,049 y194,054 / x296,023 y300,000 / black) 
   Line (x220,125 y181,436 / x229,551 y159,229 / black) 
   Line (x220,611 y17,420 / x300,000 y44,756 / black) 
   Line (x220,759 y300,000 / x226,878 y294,681 / black) 
   Line (x222,084 y21,166 / x300,000 y26,614 / black) 
   Line (x222,142 y300,000 / x232,898 y287,181 / black) 
   Line (x222,312 y177,409 / x300,000 y242,597 / black) 
   Line (x222,584 y0,000 / x300,000 y36,100 / black) 
   Line (x223,247 y0,000 / x233,058 y24,283 / black) 
   Line (x223,308 y208,505 / x300,000 y293,680 / black) 
   Line (x224,043 y30,000 / x228,756 y300,000 / black) 
   Line (x225,205 y78,548 / x254,921 y247,073 / black) 
   Line (x225,919 y18,434 / x300,000 y141,725 / black) 
   Line (x226,878 y294,681 / x266,042 y261,819 / black) 
   Line (x227,217 y0,000 / x291,333 y48,315 / black) 
   Line (x227,228 y43,159 / x300,000 y35,510 / black) 
   Line (x227,683 y294,366 / x292,084 y300,000 / black) 
   Line (x228,756 y0,000 / x230,328 y90,070 / black) 
   Line (x229,031 y300,000 / x300,000 y166,526 / black) 
   Line (x229,551 y159,229 / x239,770 y136,276 / black) 
   Line (x229,571 y67,198 / x278,318 y35,541 / black) 
   Line (x229,734 y300,000 / x273,910 y205,263 / black) 
   Line (x230,328 y90,070 / x237,659 y300,000 / black) 
   Line (x230,576 y40,631 / x300,000 y5,258 / black) 
   Line (x232,898 y287,181 / x260,535 y255,389 / black) 
   Line (x233,034 y149,569 / x300,000 y121,143 / black) 
   Line (x233,058 y24,283 / x300,000 y181,988 / black) 
   Line (x233,108 y0,000 / x264,716 y126,774 / black) 
   Line (x233,837 y131,462 / x300,000 y158,194 / black) 
   Line (x234,098 y134,782 / x300,000 y66,539 / black) 
   Line (x235,820 y127,648 / x300,000 y148,502 / black) 
   Line (x237,659 y0,000 / x242,861 y148,976 / black) 
   Line (x237,893 y179,783 / x299,147 y300,000 / black) 
   Line (x237,900 y152,990 / x300,000 y186,009 / black) 
   Line (x238,363 y75,472 / x300,000 y2,016 / black) 
   Line (x239,029 y195,876 / x293,364 y6,387 / black) 
   Line (x239,371 y251,969 / x268,231 y300,000 / black) 
   Line (x239,770 y136,276 / x250,811 y112,599 / black) 
   Line (x239,803 y228,838 / x300,000 y270,989 / black) 
   Line (x240,406 y19,478 / x300,000 y14,264 / black) 
   Line (x241,844 y0,000 / x253,432 y14,309 / black) 
   Line (x242,586 y6,967 / x251,190 y0,000 / black) 
   Line (x242,634 y43,398 / x300,000 y20,221 / black) 
   Line (x242,833 y143,996 / x290,528 y300,000 / black) 
   Line (x242,861 y148,976 / x250,776 y300,000 / black) 
   Line (x242,908 y11,382 / x300,000 y12,378 / black) 
   Line (x243,004 y182,926 / x300,000 y153,885 / black) 
   Line (x243,336 y108,926 / x300,000 y45,995 / black) 
   Line (x245,000 y72,745 / x256,521 y0,000 / black) 
   Line (x246,383 y300,000 / x300,000 y231,373 / black) 
   Line (x248,950 y265,257 / x300,000 y289,062 / black) 
   Line (x250,042 y221,949 / x275,402 y300,000 / black) 
   Line (x250,776 y0,000 / x261,604 y206,611 / black) 
   Line (x250,811 y112,599 / x262,702 y88,219 / black) 
   Line (x251,190 y300,000 / x300,000 y260,474 / black) 
   Line (x252,076 y265,398 / x300,000 y270,435 / black) 
   Line (x252,202 y0,000 / x300,000 y38,706 / black) 
   Line (x253,432 y14,309 / x300,000 y73,914 / black) 
   Line (x253,432 y278,723 / x300,000 y263,592 / black) 
   Line (x254,921 y247,073 / x263,304 y300,000 / black) 
   Line (x256,521 y300,000 / x274,742 y184,961 / black) 
   Line (x257,090 y57,092 / x294,166 y0,000 / black) 
   Line (x259,672 y300,000 / x300,000 y290,689 / black) 
   Line (x260,535 y255,389 / x289,391 y223,341 / black) 
   Line (x261,502 y33,193 / x300,000 y46,449 / black) 
   Line (x261,604 y206,611 / x268,135 y300,000 / black) 
   Line (x262,437 y0,000 / x275,404 y7,487 / black) 
   Line (x262,702 y88,219 / x275,471 y63,160 / black) 
   Line (x263,034 y265,569 / x269,727 y300,000 / black) 
   Line (x263,304 y0,000 / x281,847 y117,079 / black) 
   Line (x263,313 y63,779 / x300,000 y55,980 / black) 
   Line (x264,716 y119,306 / x300,000 y138,066 / black) 
   Line (x264,716 y126,774 / x300,000 y258,454 / black) 
   Line (x266,042 y261,819 / x300,000 y234,320 / black) 
   Line (x267,541 y287,127 / x272,742 y300,000 / black) 
   Line (x267,876 y0,000 / x274,098 y6,444 / black) 
   Line (x268,135 y0,000 / x286,516 y262,866 / black) 
   Line (x268,231 y0,000 / x300,000 y52,872 / black) 
   Line (x268,236 y141,228 / x300,000 y133,895 / black) 
   Line (x269,727 y0,000 / x300,000 y155,742 / black) 
   Line (x270,142 y0,000 / x300,000 y28,833 / black) 
   Line (x270,356 y280,521 / x283,006 y300,000 / black) 
   Line (x271,416 y300,000 / x274,527 y298,276 / black) 
   Line (x272,601 y16,065 / x300,000 y15,108 / black) 
   Line (x272,742 y0,000 / x300,000 y67,466 / black) 
   Line (x273,910 y205,263 / x300,000 y146,665 / black) 
   Line (x273,931 y38,112 / x300,000 y36,289 / black) 
   Line (x274,098 y6,444 / x300,000 y32,345 / black) 
   Line (x274,527 y298,276 / x300,000 y283,569 / black) 
   Line (x274,742 y184,961 / x300,000 y5,238 / black) 
   Line (x275,402 y0,000 / x300,000 y75,704 / black) 
   Line (x275,404 y7,487 / x300,000 y21,120 / black) 
   Line (x275,471 y63,160 / x289,144 y37,444 / black) 
   Line (x276,025 y231,503 / x300,000 y234,447 / black) 
   Line (x276,770 y221,968 / x300,000 y214,866 / black) 
   Line (x278,318 y35,541 / x300,000 y21,992 / black) 
   Line (x279,617 y300,000 / x300,000 y290,925 / black) 
   Line (x279,858 y294,032 / x289,791 y300,000 / black) 
   Line (x280,300 y77,827 / x300,000 y74,707 / black) 
   Line (x280,767 y0,000 / x300,000 y20,625 / black) 
   Line (x281,346 y289,996 / x290,043 y300,000 / black) 
   Line (x281,681 y129,596 / x300,000 y116,286 / black) 
   Line (x281,847 y117,079 / x300,000 y246,243 / black) 
   Line (x283,006 y0,000 / x300,000 y26,168 / black) 
   Line (x284,130 y292,318 / x287,079 y300,000 / black) 
   Line (x285,627 y52,940 / x300,000 y13,451 / black) 
   Line (x286,369 y0,000 / x300,000 y12,712 / black) 
   Line (x286,516 y262,866 / x289,765 y300,000 / black) 
   Line (x286,748 y272,636 / x300,000 y284,156 / black) 
   Line (x287,079 y0,000 / x300,000 y33,661 / black) 
   Line (x287,934 y233,622 / x300,000 y238,014 / black) 
   Line (x289,144 y37,444 / x300,000 y17,859 / black) 
   Line (x289,391 y223,341 / x300,000 y211,964 / black) 
   Line (x289,765 y0,000 / x300,000 y116,990 / black) 
   Line (x289,791 y0,000 / x300,000 y6,134 / black) 
   Line (x290,043 y0,000 / x300,000 y11,455 / black) 
   Line (x290,528 y0,000 / x290,819 y0,950 / black) 
   Line (x290,819 y0,950 / x300,000 y32,968 / black) 
   Line (x291,333 y48,315 / x300,000 y54,611 / black) 
   Line (x291,964 y227,323 / x300,000 y222,104 / black) 
   Line (x292,084 y0,000 / x300,000 y0,693 / black) 
   Line (x293,056 y189,780 / x300,000 y194,464 / black) 
   Line (x293,364 y6,387 / x295,076 y0,000 / black) 
   Line (x294,166 y300,000 / x300,000 y291,017 / black) 
   Line (x295,076 y300,000 / x300,000 y281,623 / black) 
   Line (x295,902 y114,945 / x300,000 y107,848 / black) 
   Line (x296,023 y0,000 / x300,000 y5,473 / black) 
   Line (x297,401 y179,304 / x300,000 y183,157 / black) 
   Line (x298,369 y0,000 / x300,000 y0,692 / black) 
   Line (x298,797 y286,948 / x300,000 y288,194 / black) 
   Line (x299,147 y0,000 / x300,000 y1,673 / black) 
   Line (x299,616 y192,657 / x300,000 y192,711 / black) 
Missing shapes in your solution:
   plm.universe.turtles.Circle@30db8311
   plm.universe.turtles.Circle@2ba80cc6
   plm.universe.turtles.Circle@29800f96
   plm.universe.turtles.Circle@17370bb7
   plm.universe.turtles.Circle@7b18c14b
   plm.universe.turtles.Circle@103d2cd2
   plm.universe.turtles.Circle@39e86dfc
   plm.universe.turtles.Circle@162db3c5
   plm.universe.turtles.Circle@2b022ad2
   plm.universe.turtles.Circle@52a0d8dc

