The turtle Hawksbill is at the right location.  There is 121 shapes, but only 10 shapes were expected
Superflous shapes in your solution:
   Line (x150,000 y148,000 / x151,041 y155,406 / black) 
   Line (x150,009 y147,000 / x151,055 y153,680 / black) 
   Line (x150,022 y149,376 / x150,000 y149,875 / black) 
   Line (x150,026 y146,500 / x151,041 y140,094 / black) 
   Line (x150,033 y149,251 / x151,055 y146,195 / black) 
   Line (x151,041 y140,094 / x152,180 y136,787 / black) 
   Line (x151,041 y155,406 / x152,180 y158,713 / black) 
   Line (x151,055 y146,195 / x152,142 y144,829 / black) 
   Line (x151,055 y153,680 / x152,142 y155,046 / black) 
   Line (x152,142 y144,829 / x153,209 y143,965 / black) 
   Line (x152,142 y155,046 / x153,209 y155,910 / black) 
   Line (x152,180 y136,787 / x153,236 y134,522 / black) 
   Line (x152,180 y158,713 / x153,236 y160,978 / black) 
   Line (x153,209 y143,965 / x154,306 y143,369 / black) 
   Line (x153,209 y155,910 / x154,306 y156,506 / black) 
   Line (x153,236 y134,522 / x154,485 y132,357 / black) 
   Line (x153,236 y160,978 / x154,485 y163,143 / black) 
   Line (x154,306 y143,369 / x155,369 y143,004 / black) 
   Line (x154,306 y156,506 / x155,369 y156,871 / black) 
   Line (x154,485 y132,357 / x155,618 y130,709 / black) 
   Line (x154,485 y163,143 / x155,618 y164,791 / black) 
   Line (x155,369 y143,004 / x156,475 y142,808 / black) 
   Line (x155,369 y156,871 / x156,475 y157,067 / black) 
   Line (x155,618 y130,709 / x156,863 y129,144 / black) 
   Line (x155,618 y164,791 / x156,863 y166,356 / black) 
   Line (x156,475 y142,808 / x157,599 y142,789 / black) 
   Line (x156,475 y157,067 / x157,599 y157,086 / black) 
   Line (x156,863 y129,144 / x157,866 y128,030 / black) 
   Line (x156,863 y166,356 / x157,866 y167,470 / black) 
   Line (x157,599 y142,789 / x158,712 y142,945 / black) 
   Line (x157,599 y157,086 / x158,712 y156,930 / black) 
   Line (x157,866 y128,030 / x158,927 y126,969 / black) 
   Line (x157,866 y167,470 / x158,927 y168,531 / black) 
   Line (x158,712 y142,945 / x159,787 y143,274 / black) 
   Line (x158,712 y156,930 / x159,787 y156,601 / black) 
   Line (x158,927 y126,969 / x160,042 y125,966 / black) 
   Line (x158,927 y168,531 / x160,042 y169,534 / black) 
   Line (x159,787 y143,274 / x160,797 y143,766 / black) 
   Line (x159,787 y156,601 / x160,797 y156,109 / black) 
   Line (x160,042 y125,966 / x161,207 y125,022 / black) 
   Line (x160,042 y169,534 / x161,207 y170,478 / black) 
   Line (x160,797 y143,766 / x161,813 y144,491 / black) 
   Line (x160,797 y156,109 / x161,813 y155,384 / black) 
   Line (x161,207 y125,022 / x162,421 y124,140 / black) 
   Line (x161,207 y170,478 / x162,421 y171,360 / black) 
   Line (x161,813 y144,491 / x162,844 y145,578 / black) 
   Line (x161,813 y155,384 / x162,844 y154,297 / black) 
   Line (x162,421 y124,140 / x163,678 y123,323 / black) 
   Line (x162,421 y171,360 / x163,678 y172,177 / black) 
   Line (x162,844 y145,578 / x163,870 y147,429 / black) 
   Line (x162,844 y154,297 / x163,870 y152,446 / black) 
   Line (x163,678 y123,323 / x164,977 y122,573 / black) 
   Line (x163,678 y172,177 / x164,977 y172,927 / black) 
   Line (x163,870 y152,446 / x164,302 y150,499 / black) 
   Line (x163,870 y147,429 / x164,310 y150,375 / black) 
   Line (x164,977 y122,573 / x166,314 y121,893 / black) 
   Line (x164,977 y172,927 / x166,314 y173,607 / black) 
   Line (x166,314 y121,893 / x167,684 y121,282 / black) 
   Line (x166,314 y173,607 / x167,684 y174,218 / black) 
   Line (x167,684 y121,282 / x169,084 y120,745 / black) 
   Line (x167,684 y174,218 / x169,084 y174,755 / black) 
   Line (x169,084 y120,745 / x170,511 y120,281 / black) 
   Line (x169,084 y174,755 / x170,511 y175,219 / black) 
   Line (x170,511 y120,281 / x171,959 y119,893 / black) 
   Line (x170,511 y175,219 / x171,959 y175,607 / black) 
   Line (x171,959 y119,893 / x173,426 y119,581 / black) 
   Line (x171,959 y175,607 / x173,426 y175,919 / black) 
   Line (x173,426 y119,581 / x174,908 y119,347 / black) 
   Line (x173,426 y175,919 / x174,908 y176,153 / black) 
   Line (x174,908 y119,347 / x176,399 y119,190 / black) 
   Line (x174,908 y176,153 / x176,399 y176,310 / black) 
   Line (x176,399 y119,190 / x177,897 y119,112 / black) 
   Line (x176,399 y176,310 / x177,897 y176,388 / black) 
   Line (x177,897 y119,112 / x179,397 y119,112 / black) 
   Line (x177,897 y176,388 / x179,397 y176,388 / black) 
   Line (x179,397 y119,112 / x180,895 y119,190 / black) 
   Line (x179,397 y176,388 / x180,895 y176,310 / black) 
   Line (x180,895 y119,190 / x182,387 y119,347 / black) 
   Line (x180,895 y176,310 / x182,387 y176,153 / black) 
   Line (x182,387 y119,347 / x183,868 y119,581 / black) 
   Line (x182,387 y176,153 / x183,868 y175,919 / black) 
   Line (x183,868 y119,581 / x185,335 y119,893 / black) 
   Line (x183,868 y175,919 / x185,335 y175,607 / black) 
   Line (x185,335 y119,893 / x186,784 y120,281 / black) 
   Line (x185,335 y175,607 / x186,784 y175,219 / black) 
   Line (x186,784 y120,281 / x188,210 y120,745 / black) 
   Line (x186,784 y175,219 / x188,210 y174,755 / black) 
   Line (x188,210 y120,745 / x189,610 y121,282 / black) 
   Line (x188,210 y174,755 / x189,610 y174,218 / black) 
   Line (x189,610 y121,282 / x190,981 y121,893 / black) 
   Line (x189,610 y174,218 / x190,981 y173,607 / black) 
   Line (x190,981 y121,893 / x192,317 y122,573 / black) 
   Line (x190,981 y173,607 / x192,317 y172,927 / black) 
   Line (x192,317 y122,573 / x193,616 y123,323 / black) 
   Line (x192,317 y172,927 / x193,616 y172,177 / black) 
   Line (x193,616 y123,323 / x194,874 y124,140 / black) 
   Line (x193,616 y172,177 / x194,874 y171,360 / black) 
   Line (x194,874 y124,140 / x196,087 y125,022 / black) 
   Line (x194,874 y171,360 / x196,087 y170,478 / black) 
   Line (x196,087 y125,022 / x197,253 y125,966 / black) 
   Line (x196,087 y170,478 / x197,253 y169,534 / black) 
   Line (x197,253 y125,966 / x198,367 y126,969 / black) 
   Line (x197,253 y169,534 / x198,367 y168,531 / black) 
   Line (x198,367 y126,969 / x199,428 y128,030 / black) 
   Line (x198,367 y168,531 / x199,428 y167,470 / black) 
   Line (x199,428 y128,030 / x200,431 y129,144 / black) 
   Line (x199,428 y167,470 / x200,431 y166,356 / black) 
   Line (x200,431 y129,144 / x201,676 y130,709 / black) 
   Line (x200,431 y166,356 / x201,676 y164,791 / black) 
   Line (x201,676 y130,709 / x202,809 y132,357 / black) 
   Line (x201,676 y164,791 / x202,809 y163,143 / black) 
   Line (x202,809 y132,357 / x203,824 y134,080 / black) 
   Line (x202,809 y163,143 / x203,824 y161,420 / black) 
   Line (x203,824 y134,080 / x204,919 y136,327 / black) 
   Line (x203,824 y161,420 / x204,919 y159,173 / black) 
   Line (x204,919 y136,327 / x205,969 y139,135 / black) 
   Line (x204,919 y159,173 / x205,969 y156,365 / black) 
   Line (x205,969 y139,135 / x206,981 y143,516 / black) 
   Line (x205,969 y156,365 / x206,981 y151,984 / black) 
   Line (x206,981 y151,984 / x207,286 y148,500 / black) 
   Line (x206,981 y143,516 / x207,294 y148,000 / black) 
Missing shapes in your solution:
   plm.universe.turtles.Circle@30db8311
   plm.universe.turtles.Circle@2ba80cc6
   plm.universe.turtles.Circle@29800f96
   plm.universe.turtles.Circle@17370bb7
   plm.universe.turtles.Circle@7b18c14b
   plm.universe.turtles.Circle@103d2cd2
   plm.universe.turtles.Circle@39e86dfc
   plm.universe.turtles.Circle@162db3c5
   plm.universe.turtles.Circle@2b022ad2
   plm.universe.turtles.Circle@52a0d8dc

