  There is 92 shapes, but only 10 shapes were expected
Superflous shapes in your solution:
   Line (x150,009 y149,000 / x151,041 y157,406 / black) 
   Line (x150,026 y148,500 / x151,041 y142,094 / black) 
   Line (x151,041 y142,094 / x152,180 y138,787 / black) 
   Line (x151,041 y157,406 / x152,180 y160,713 / black) 
   Line (x152,180 y138,787 / x153,236 y136,522 / black) 
   Line (x152,180 y160,713 / x153,236 y162,978 / black) 
   Line (x153,236 y136,522 / x154,485 y134,357 / black) 
   Line (x153,236 y162,978 / x154,485 y165,143 / black) 
   Line (x154,485 y134,357 / x155,618 y132,709 / black) 
   Line (x154,485 y165,143 / x155,618 y166,791 / black) 
   Line (x155,618 y132,709 / x156,863 y131,144 / black) 
   Line (x155,618 y166,791 / x156,863 y168,356 / black) 
   Line (x156,863 y131,144 / x157,866 y130,030 / black) 
   Line (x156,863 y168,356 / x157,866 y169,470 / black) 
   Line (x157,866 y130,030 / x158,927 y128,969 / black) 
   Line (x157,866 y169,470 / x158,927 y170,531 / black) 
   Line (x158,927 y128,969 / x160,042 y127,966 / black) 
   Line (x158,927 y170,531 / x160,042 y171,534 / black) 
   Line (x160,042 y127,966 / x161,207 y127,022 / black) 
   Line (x160,042 y171,534 / x161,207 y172,478 / black) 
   Line (x161,207 y127,022 / x162,421 y126,140 / black) 
   Line (x161,207 y172,478 / x162,421 y173,360 / black) 
   Line (x162,421 y126,140 / x163,678 y125,323 / black) 
   Line (x162,421 y173,360 / x163,678 y174,177 / black) 
   Line (x163,678 y125,323 / x164,977 y124,573 / black) 
   Line (x163,678 y174,177 / x164,977 y174,927 / black) 
   Line (x164,977 y124,573 / x166,314 y123,893 / black) 
   Line (x164,977 y174,927 / x166,314 y175,607 / black) 
   Line (x166,314 y123,893 / x167,684 y123,282 / black) 
   Line (x166,314 y175,607 / x167,684 y176,218 / black) 
   Line (x167,684 y123,282 / x169,084 y122,745 / black) 
   Line (x167,684 y176,218 / x169,084 y176,755 / black) 
   Line (x169,084 y122,745 / x170,511 y122,281 / black) 
   Line (x169,084 y176,755 / x170,511 y177,219 / black) 
   Line (x170,511 y122,281 / x171,959 y121,893 / black) 
   Line (x170,511 y177,219 / x171,959 y177,607 / black) 
   Line (x171,959 y121,893 / x173,426 y121,581 / black) 
   Line (x171,959 y177,607 / x173,426 y177,919 / black) 
   Line (x173,426 y121,581 / x174,908 y121,347 / black) 
   Line (x173,426 y177,919 / x174,908 y178,153 / black) 
   Line (x174,908 y121,347 / x176,399 y121,190 / black) 
   Line (x174,908 y178,153 / x176,399 y178,310 / black) 
   Line (x176,399 y121,190 / x177,897 y121,112 / black) 
   Line (x176,399 y178,310 / x177,897 y178,388 / black) 
   Line (x177,897 y121,112 / x179,397 y121,112 / black) 
   Line (x177,897 y178,388 / x179,397 y178,388 / black) 
   Line (x179,397 y121,112 / x180,895 y121,190 / black) 
   Line (x179,397 y178,388 / x180,895 y178,310 / black) 
   Line (x180,895 y121,190 / x182,387 y121,347 / black) 
   Line (x180,895 y178,310 / x182,387 y178,153 / black) 
   Line (x182,387 y121,347 / x183,868 y121,581 / black) 
   Line (x182,387 y178,153 / x183,868 y177,919 / black) 
   Line (x183,868 y121,581 / x185,335 y121,893 / black) 
   Line (x183,868 y177,919 / x185,335 y177,607 / black) 
   Line (x185,335 y121,893 / x186,784 y122,281 / black) 
   Line (x185,335 y177,607 / x186,784 y177,219 / black) 
   Line (x186,784 y122,281 / x188,210 y122,745 / black) 
   Line (x186,784 y177,219 / x188,210 y176,755 / black) 
   Line (x188,210 y122,745 / x189,610 y123,282 / black) 
   Line (x188,210 y176,755 / x189,610 y176,218 / black) 
   Line (x189,610 y123,282 / x190,981 y123,893 / black) 
   Line (x189,610 y176,218 / x190,981 y175,607 / black) 
   Line (x190,981 y123,893 / x192,317 y124,573 / black) 
   Line (x190,981 y175,607 / x192,317 y174,927 / black) 
   Line (x192,317 y124,573 / x193,616 y125,323 / black) 
   Line (x192,317 y174,927 / x193,616 y174,177 / black) 
   Line (x193,616 y125,323 / x194,874 y126,140 / black) 
   Line (x193,616 y174,177 / x194,874 y173,360 / black) 
   Line (x194,874 y126,140 / x196,087 y127,022 / black) 
   Line (x194,874 y173,360 / x196,087 y172,478 / black) 
   Line (x196,087 y127,022 / x197,253 y127,966 / black) 
   Line (x196,087 y172,478 / x197,253 y171,534 / black) 
   Line (x197,253 y127,966 / x198,367 y128,969 / black) 
   Line (x197,253 y171,534 / x198,367 y170,531 / black) 
   Line (x198,367 y128,969 / x199,428 y130,030 / black) 
   Line (x198,367 y170,531 / x199,428 y169,470 / black) 
   Line (x199,428 y130,030 / x200,431 y131,144 / black) 
   Line (x199,428 y169,470 / x200,431 y168,356 / black) 
   Line (x200,431 y131,144 / x201,676 y132,709 / black) 
   Line (x200,431 y168,356 / x201,676 y166,791 / black) 
   Line (x201,676 y132,709 / x202,809 y134,357 / black) 
   Line (x201,676 y166,791 / x202,809 y165,143 / black) 
   Line (x202,809 y134,357 / x203,824 y136,080 / black) 
   Line (x202,809 y165,143 / x203,824 y163,420 / black) 
   Line (x203,824 y136,080 / x204,919 y138,327 / black) 
   Line (x203,824 y163,420 / x204,919 y161,173 / black) 
   Line (x204,919 y138,327 / x205,969 y141,135 / black) 
   Line (x204,919 y161,173 / x205,969 y158,365 / black) 
   Line (x205,969 y141,135 / x206,981 y145,516 / black) 
   Line (x205,969 y158,365 / x206,981 y153,984 / black) 
   Line (x206,981 y153,984 / x207,286 y150,500 / black) 
   Line (x206,981 y145,516 / x207,294 y150,000 / black) 
Missing shapes in your solution:
   plm.universe.turtles.Circle@30db8311
   plm.universe.turtles.Circle@2ba80cc6
   plm.universe.turtles.Circle@29800f96
   plm.universe.turtles.Circle@17370bb7
   plm.universe.turtles.Circle@7b18c14b
   plm.universe.turtles.Circle@103d2cd2
   plm.universe.turtles.Circle@39e86dfc
   plm.universe.turtles.Circle@162db3c5
   plm.universe.turtles.Circle@2b022ad2
   plm.universe.turtles.Circle@52a0d8dc

