  In (1,4), the ground is expected to be pink, but it is red.
  In (2,3), the ground is expected to be pink, but it is red.
  In (3,2), the ground is expected to be pink, but it is red.
  In (4,1), the ground is expected to be pink, but it is red.
  In (5,0), the ground is expected to be pink, but it is red.
  Something is wrong about buggle 'Picasso':

  In (1,5), the ground is expected to be cyan, but it is pink.
  In (2,4), the ground is expected to be cyan, but it is pink.
  In (3,3), the ground is expected to be cyan, but it is pink.
  In (4,3), the ground is expected to be cyan, but it is pink.
  In (5,4), the ground is expected to be cyan, but it is pink.
  In (6,5), the ground is expected to be cyan, but it is pink.
  Something is wrong about buggle 'Braque':

  In (1,0), the ground is expected to be cyan, but it is red.
  In (2,1), the ground is expected to be cyan, but it is red.
  In (3,2), the ground is expected to be cyan, but it is red.
  In (4,3), the ground is expected to be cyan, but it is red.
  In (5,2), the ground is expected to be cyan, but it is red.
  In (6,1), the ground is expected to be cyan, but it is red.
  In (7,0), the ground is expected to be cyan, but it is red.
  Something is wrong about buggle 'Ingres':

  In (1,4), the ground is expected to be pink, but it is red.
  In (2,3), the ground is expected to be pink, but it is red.
  In (3,2), the ground is expected to be pink, but it is red.
  In (4,1), the ground is expected to be pink, but it is red.
  In (5,0), the ground is expected to be pink, but it is red.
  Something is wrong about buggle 'Picasso':

  In (1,5), the ground is expected to be cyan, but it is pink.
  In (2,4), the ground is expected to be cyan, but it is pink.
  In (3,3), the ground is expected to be cyan, but it is pink.
  In (4,3), the ground is expected to be cyan, but it is pink.
  In (5,4), the ground is expected to be cyan, but it is pink.
  In (6,5), the ground is expected to be cyan, but it is pink.
  Something is wrong about buggle 'Braque':

  In (1,0), the ground is expected to be cyan, but it is red.
  In (2,1), the ground is expected to be cyan, but it is red.
  In (3,2), the ground is expected to be cyan, but it is red.
  In (4,3), the ground is expected to be cyan, but it is red.
  In (5,2), the ground is expected to be cyan, but it is red.
  In (6,1), the ground is expected to be cyan, but it is red.
  In (7,0), the ground is expected to be cyan, but it is red.
  Something is wrong about buggle 'Ingres':

