  In (1,10), the ground is expected to be red, but it is java.awt.Color[r=0,g=155,b=0].
  In (1,11), the ground is expected to be java.awt.Color[r=0,g=155,b=0], but it is red.
  In (1,14), the ground is expected to be pink, but it is java.awt.Color[r=0,g=155,b=0].
  In (2,9), the ground is expected to be red, but it is java.awt.Color[r=0,g=155,b=0].
  In (2,10), the ground is expected to be yellow, but it is red.
  In (2,11), the ground is expected to be red, but it is yellow.
  In (2,12), the ground is expected to be java.awt.Color[r=0,g=155,b=0], but it is red.
  In (2,13), the ground is expected to be pink, but it is java.awt.Color[r=0,g=155,b=0].
  In (2,14), the ground is expected to be yellow, but it is java.awt.Color[r=0,g=155,b=0].
  In (2,15), the ground is expected to be pink, but it is java.awt.Color[r=0,g=155,b=0].
  In (3,10), the ground is expected to be red, but it is java.awt.Color[r=0,g=155,b=0].
  In (3,11), the ground is expected to be java.awt.Color[r=0,g=155,b=0], but it is red.
  In (3,12), the ground is expected to be orange, but it is java.awt.Color[r=0,g=155,b=0].
  In (3,13), the ground is expected to be java.awt.Color[r=0,g=155,b=0], but it is orange.
  In (3,14), the ground is expected to be pink, but it is java.awt.Color[r=0,g=155,b=0].
  In (4,11), the ground is expected to be orange, but it is java.awt.Color[r=0,g=155,b=0].
  In (4,12), the ground is expected to be yellow, but it is orange.
  In (4,13), the ground is expected to be orange, but it is yellow.
  In (4,14), the ground is expected to be java.awt.Color[r=0,g=155,b=0], but it is orange.
  In (5,10), the ground is expected to be cyan, but it is java.awt.Color[r=0,g=155,b=0].
  In (5,11), the ground is expected to be java.awt.Color[r=0,g=155,b=0], but it is cyan.
  In (5,12), the ground is expected to be orange, but it is java.awt.Color[r=0,g=155,b=0].
  In (5,13), the ground is expected to be java.awt.Color[r=0,g=155,b=0], but it is orange.
  In (5,14), the ground is expected to be green, but it is java.awt.Color[r=0,g=155,b=0].
  In (5,15), the ground is expected to be java.awt.Color[r=0,g=155,b=0], but it is green.
  In (6,9), the ground is expected to be cyan, but it is java.awt.Color[r=0,g=155,b=0].
  In (6,10), the ground is expected to be yellow, but it is cyan.
  In (6,11), the ground is expected to be cyan, but it is yellow.
  In (6,12), the ground is expected to be java.awt.Color[r=0,g=155,b=0], but it is cyan.
  In (6,13), the ground is expected to be green, but it is java.awt.Color[r=0,g=155,b=0].
  In (6,14), the ground is expected to be yellow, but it is green.
  In (6,15), the ground is expected to be green, but it is yellow.
  In (7,10), the ground is expected to be cyan, but it is java.awt.Color[r=0,g=155,b=0].
  In (7,11), the ground is expected to be java.awt.Color[r=0,g=155,b=0], but it is cyan.
  In (7,12), the ground is expected to be blue, but it is java.awt.Color[r=0,g=155,b=0].
  In (7,14), the ground is expected to be green, but it is java.awt.Color[r=0,g=155,b=0].
  In (7,15), the ground is expected to be java.awt.Color[r=0,g=155,b=0], but it is green.
  In (8,11), the ground is expected to be blue, but it is java.awt.Color[r=0,g=155,b=0].
  In (8,12), the ground is expected to be yellow, but it is java.awt.Color[r=0,g=155,b=0].
  In (8,13), the ground is expected to be blue, but it is java.awt.Color[r=0,g=155,b=0].
  In (9,10), the ground is expected to be red, but it is java.awt.Color[r=0,g=155,b=0].
  In (9,12), the ground is expected to be blue, but it is java.awt.Color[r=0,g=155,b=0].
  In (9,14), the ground is expected to be pink, but it is java.awt.Color[r=0,g=155,b=0].
  In (10,9), the ground is expected to be red, but it is java.awt.Color[r=0,g=155,b=0].
  In (10,10), the ground is expected to be yellow, but it is java.awt.Color[r=0,g=155,b=0].
  In (10,11), the ground is expected to be red, but it is java.awt.Color[r=0,g=155,b=0].
  In (10,13), the ground is expected to be pink, but it is java.awt.Color[r=0,g=155,b=0].
  In (10,14), the ground is expected to be yellow, but it is java.awt.Color[r=0,g=155,b=0].
  In (10,15), the ground is expected to be pink, but it is java.awt.Color[r=0,g=155,b=0].
  In (11,10), the ground is expected to be red, but it is java.awt.Color[r=0,g=155,b=0].
  In (11,12), the ground is expected to be orange, but it is java.awt.Color[r=0,g=155,b=0].
  In (11,14), the ground is expected to be pink, but it is java.awt.Color[r=0,g=155,b=0].
  In (12,11), the ground is expected to be orange, but it is java.awt.Color[r=0,g=155,b=0].
  In (12,12), the ground is expected to be yellow, but it is java.awt.Color[r=0,g=155,b=0].
  In (12,13), the ground is expected to be orange, but it is java.awt.Color[r=0,g=155,b=0].
  In (13,10), the ground is expected to be cyan, but it is java.awt.Color[r=0,g=155,b=0].
  In (13,12), the ground is expected to be orange, but it is java.awt.Color[r=0,g=155,b=0].
  In (13,14), the ground is expected to be green, but it is java.awt.Color[r=0,g=155,b=0].
  In (14,9), the ground is expected to be cyan, but it is java.awt.Color[r=0,g=155,b=0].
  In (14,10), the ground is expected to be yellow, but it is java.awt.Color[r=0,g=155,b=0].
  In (14,11), the ground is expected to be cyan, but it is java.awt.Color[r=0,g=155,b=0].
  In (14,13), the ground is expected to be green, but it is java.awt.Color[r=0,g=155,b=0].
  In (14,14), the ground is expected to be yellow, but it is java.awt.Color[r=0,g=155,b=0].
  In (14,15), the ground is expected to be green, but it is java.awt.Color[r=0,g=155,b=0].
  In (15,10), the ground is expected to be cyan, but it is java.awt.Color[r=0,g=155,b=0].
  In (15,14), the ground is expected to be green, but it is java.awt.Color[r=0,g=155,b=0].
  Something is wrong about buggle 'Jessie':
    Its position is (6,15); expected: (9,14).

