The turtle Hawksbill is not heading to the right direction.  There is 249 shapes, but only 180 shapes were expected
Superflous shapes in your solution:
   Line (x50,001 y149,564 / x249,991 y151,309 / red) 
   Line (x50,009 y151,309 / x249,976 y147,819 / red) 
   Line (x50,024 y147,819 / x249,953 y153,054 / red) 
   Line (x50,047 y153,054 / x249,923 y146,074 / red) 
   Line (x50,077 y146,074 / x249,885 y154,798 / red) 
   Line (x50,115 y154,798 / x249,839 y144,331 / red) 
   Line (x50,161 y144,331 / x249,786 y156,540 / red) 
   Line (x50,214 y156,540 / x249,725 y142,589 / red) 
   Line (x50,275 y142,589 / x249,692 y157,846 / red) 
   Line (x50,343 y158,281 / x249,580 y140,850 / red) 
   Line (x50,420 y140,850 / x249,580 y159,150 / red) 
   Line (x50,503 y160,019 / x249,406 y139,113 / red) 
   Line (x50,594 y139,113 / x249,307 y161,754 / red) 
   Line (x50,693 y161,754 / x249,200 y137,380 / red) 
   Line (x50,800 y137,380 / x249,144 y163,053 / red) 
   Line (x50,913 y163,485 / x248,965 y135,651 / red) 
   Line (x51,035 y135,651 / x248,965 y164,349 / red) 
   Line (x51,164 y165,212 / x248,700 y133,926 / red) 
   Line (x51,300 y133,926 / x248,556 y166,935 / red) 
   Line (x51,371 y166,505 / x150,000 y150,000 / black) 
   Line (x51,596 y132,206 / x248,325 y168,224 / red) 
   Line (x51,596 y167,794 / x248,404 y132,206 / black) 
   Line (x51,837 y169,081 / x248,079 y130,491 / black) 
   Line (x52,095 y170,364 / x247,723 y128,782 / black) 
   Line (x52,370 y171,644 / x150,000 y150,000 / black) 
   Line (x52,662 y172,920 / x247,338 y127,080 / black) 
   Line (x52,970 y174,192 / x246,923 y125,385 / black) 
   Line (x53,295 y175,460 / x246,479 y123,697 / black) 
   Line (x53,637 y176,724 / x150,000 y150,000 / black) 
   Line (x53,995 y177,983 / x246,005 y122,017 / black) 
   Line (x54,760 y180,486 / x245,240 y119,514 / black) 
   Line (x55,168 y181,730 / x244,832 y118,270 / black) 
   Line (x55,591 y182,969 / x244,409 y117,031 / black) 
   Line (x56,642 y185,837 / x243,514 y114,571 / red) 
   Line (x57,282 y187,461 / x242,554 y112,135 / red) 
   Line (x57,950 y189,073 / x242,050 y110,927 / red) 
   Line (x58,645 y190,674 / x241,531 y109,725 / red) 
   Line (x59,369 y192,262 / x240,446 y107,343 / red) 
   Line (x60,121 y193,837 / x239,879 y106,163 / red) 
   Line (x60,899 y195,399 / x239,298 y104,990 / red) 
   Line (x61,705 y196,947 / x150,000 y150,000 / red) 
   Line (x62,538 y198,481 / x150,000 y150,000 / red) 
   Line (x63,397 y200,000 / x150,000 y150,000 / red) 
   Line (x64,283 y201,504 / x150,000 y150,000 / red) 
   Line (x65,195 y202,992 / x150,000 y150,000 / red) 
   Line (x66,133 y204,464 / x150,000 y150,000 / red) 
   Line (x67,096 y205,919 / x150,000 y150,000 / red) 
   Line (x68,085 y207,358 / x150,000 y150,000 / red) 
   Line (x69,098 y208,779 / x150,000 y150,000 / red) 
   Line (x70,136 y210,182 / x150,000 y150,000 / red) 
   Line (x71,199 y211,566 / x150,000 y150,000 / red) 
   Line (x72,285 y212,932 / x150,000 y150,000 / red) 
   Line (x73,396 y214,279 / x150,000 y150,000 / red) 
   Line (x74,244 y215,276 / x226,041 y85,055 / black) 
   Line (x75,104 y216,262 / x224,896 y83,738 / black) 
   Line (x75,978 y217,237 / x223,728 y82,441 / black) 
   Line (x76,865 y218,200 / x150,000 y150,000 / black) 
   Line (x77,764 y219,151 / x222,537 y81,165 / black) 
   Line (x78,675 y220,091 / x221,325 y79,909 / black) 
   Line (x79,599 y221,019 / x220,091 y78,675 / black) 
   Line (x80,534 y221,934 / x150,000 y150,000 / black) 
   Line (x81,482 y222,837 / x218,835 y77,463 / black) 
   Line (x82,441 y223,728 / x217,559 y76,272 / black) 
   Line (x83,412 y224,606 / x216,588 y75,394 / black) 
   Line (x84,394 y225,471 / x215,606 y74,529 / black) 
   Line (x85,388 y226,323 / x214,612 y73,677 / black) 
   Line (x86,392 y227,162 / x213,608 y72,838 / black) 
   Line (x87,408 y227,988 / x212,592 y72,012 / black) 
   Line (x88,778 y229,069 / x150,000 y150,000 / red) 
   Line (x90,168 y230,125 / x150,000 y150,000 / red) 
   Line (x91,575 y231,157 / x208,425 y68,843 / red) 
   Line (x93,000 y232,165 / x150,000 y150,000 / red) 
   Line (x94,443 y233,147 / x150,000 y150,000 / red) 
   Line (x95,903 y234,104 / x204,097 y65,896 / red) 
   Line (x97,379 y235,035 / x150,000 y150,000 / red) 
   Line (x98,871 y235,941 / x150,000 y150,000 / red) 
   Line (x100,378 y236,820 / x150,000 y150,000 / red) 
   Line (x101,901 y237,673 / x150,000 y150,000 / red) 
   Line (x103,439 y238,499 / x150,000 y150,000 / red) 
   Line (x104,990 y239,298 / x150,000 y150,000 / red) 
   Line (x106,555 y240,070 / x150,000 y150,000 / red) 
   Line (x108,134 y240,814 / x150,000 y150,000 / red) 
   Line (x109,725 y241,531 / x150,000 y150,000 / red) 
   Line (x111,329 y242,220 / x150,000 y150,000 / red) 
   Line (x112,944 y242,881 / x150,000 y150,000 / red) 
   Line (x114,571 y243,514 / x150,000 y150,000 / red) 
   Line (x116,208 y244,118 / x150,000 y150,000 / red) 
   Line (x117,856 y244,693 / x150,000 y150,000 / red) 
   Line (x119,098 y245,106 / x150,000 y150,000 / black) 
   Line (x120,346 y245,502 / x179,654 y54,498 / black) 
   Line (x121,598 y245,882 / x150,000 y150,000 / black) 
   Line (x122,856 y246,246 / x150,000 y150,000 / black) 
   Line (x124,118 y246,593 / x150,000 y150,000 / black) 
   Line (x125,385 y246,923 / x174,615 y53,077 / black) 
   Line (x126,655 y247,237 / x150,000 y150,000 / black) 
   Line (x127,930 y247,534 / x150,000 y150,000 / black) 
   Line (x129,209 y247,815 / x150,000 y150,000 / black) 
   Line (x130,491 y248,079 / x169,509 y51,921 / black) 
   Line (x131,776 y248,325 / x168,224 y51,675 / black) 
   Line (x133,065 y248,556 / x166,935 y51,444 / black) 
   Line (x134,357 y248,769 / x165,643 y51,231 / black) 
   Line (x135,651 y248,965 / x164,349 y51,035 / black) 
   Line (x136,947 y249,144 / x163,053 y50,856 / black) 
   Line (x138,680 y249,357 / x150,000 y150,000 / red) 
   Line (x140,415 y249,540 / x150,000 y150,000 / red) 
   Line (x142,154 y249,692 / x157,846 y50,308 / red) 
   Line (x143,895 y249,813 / x150,000 y150,000 / red) 
   Line (x145,638 y249,905 / x150,000 y150,000 / red) 
   Line (x147,382 y249,966 / x152,618 y50,034 / red) 
   Line (x150,000 y50,000 / x150,873 y249,996 / black) 
   Line (x150,000 y150,000 / x151,309 y50,009 / black) 
   Line (x150,000 y150,000 / x152,618 y249,966 / red) 
   Line (x150,000 y150,000 / x153,926 y50,077 / black) 
   Line (x150,000 y150,000 / x154,362 y249,905 / red) 
   Line (x150,000 y150,000 / x155,234 y50,137 / black) 
   Line (x150,000 y150,000 / x156,105 y249,813 / red) 
   Line (x150,000 y150,000 / x156,540 y50,214 / black) 
   Line (x150,000 y150,000 / x157,846 y249,692 / red) 
   Line (x150,000 y150,000 / x159,150 y50,420 / black) 
   Line (x150,000 y150,000 / x159,585 y249,540 / red) 
   Line (x150,000 y150,000 / x160,453 y50,548 / black) 
   Line (x150,000 y150,000 / x161,320 y249,357 / red) 
   Line (x150,000 y150,000 / x161,754 y50,693 / black) 
   Line (x150,000 y150,000 / x163,053 y249,144 / red) 
   Line (x150,000 y150,000 / x164,781 y248,902 / red) 
   Line (x150,000 y150,000 / x166,505 y248,629 / red) 
   Line (x150,000 y150,000 / x168,224 y248,325 / red) 
   Line (x150,000 y150,000 / x169,937 y247,992 / red) 
   Line (x150,000 y150,000 / x171,218 y52,277 / red) 
   Line (x150,000 y150,000 / x171,644 y247,630 / red) 
   Line (x150,000 y150,000 / x172,920 y52,662 / red) 
   Line (x150,000 y150,000 / x172,920 y247,338 / black) 
   Line (x150,000 y150,000 / x174,192 y247,030 / black) 
   Line (x150,000 y150,000 / x175,460 y246,705 / black) 
   Line (x150,000 y150,000 / x176,303 y53,521 / red) 
   Line (x150,000 y150,000 / x176,724 y246,363 / black) 
   Line (x150,000 y150,000 / x177,983 y53,995 / red) 
   Line (x150,000 y150,000 / x177,983 y246,005 / black) 
   Line (x150,000 y150,000 / x179,237 y245,630 / black) 
   Line (x150,000 y150,000 / x180,486 y245,240 / black) 
   Line (x150,000 y150,000 / x181,316 y55,030 / red) 
   Line (x150,000 y150,000 / x181,730 y244,832 / black) 
   Line (x150,000 y150,000 / x182,969 y55,591 / red) 
   Line (x150,000 y150,000 / x182,969 y244,409 / black) 
   Line (x150,000 y150,000 / x184,202 y243,969 / black) 
   Line (x150,000 y150,000 / x184,612 y56,181 / red) 
   Line (x150,000 y150,000 / x185,429 y243,514 / black) 
   Line (x150,000 y150,000 / x186,244 y56,799 / red) 
   Line (x150,000 y150,000 / x186,650 y243,042 / black) 
   Line (x150,000 y150,000 / x187,865 y57,446 / red) 
   Line (x150,000 y150,000 / x187,865 y242,554 / black) 
   Line (x150,000 y150,000 / x189,073 y242,050 / black) 
   Line (x150,000 y150,000 / x189,474 y58,121 / red) 
   Line (x150,000 y150,000 / x190,275 y241,531 / black) 
   Line (x150,000 y150,000 / x191,072 y58,824 / red) 
   Line (x150,000 y150,000 / x191,866 y240,814 / red) 
   Line (x150,000 y150,000 / x192,657 y59,554 / red) 
   Line (x150,000 y150,000 / x193,445 y240,070 / red) 
   Line (x150,000 y150,000 / x194,229 y60,313 / red) 
   Line (x150,000 y150,000 / x195,010 y239,298 / red) 
   Line (x150,000 y150,000 / x195,787 y61,098 / red) 
   Line (x150,000 y150,000 / x196,561 y238,499 / red) 
   Line (x150,000 y150,000 / x197,332 y61,911 / red) 
   Line (x150,000 y150,000 / x198,099 y237,673 / red) 
   Line (x150,000 y150,000 / x198,862 y62,750 / red) 
   Line (x150,000 y150,000 / x199,622 y236,820 / red) 
   Line (x150,000 y150,000 / x200,377 y63,616 / red) 
   Line (x150,000 y150,000 / x201,129 y235,941 / red) 
   Line (x150,000 y150,000 / x201,877 y64,509 / black) 
   Line (x150,000 y150,000 / x202,621 y235,035 / red) 
   Line (x150,000 y150,000 / x202,992 y65,195 / black) 
   Line (x150,000 y150,000 / x204,097 y234,104 / red) 
   Line (x150,000 y150,000 / x205,194 y66,611 / black) 
   Line (x150,000 y150,000 / x205,557 y233,147 / red) 
   Line (x150,000 y150,000 / x206,280 y67,341 / black) 
   Line (x150,000 y150,000 / x207,000 y232,165 / red) 
   Line (x150,000 y150,000 / x207,358 y68,085 / black) 
   Line (x150,000 y150,000 / x208,425 y231,157 / red) 
   Line (x150,000 y150,000 / x209,482 y69,614 / black) 
   Line (x150,000 y150,000 / x209,832 y230,125 / red) 
   Line (x150,000 y150,000 / x210,529 y70,400 / black) 
   Line (x150,000 y150,000 / x211,222 y229,069 / red) 
   Line (x150,000 y150,000 / x211,566 y71,199 / black) 
   Line (x150,000 y150,000 / x212,592 y227,988 / red) 
   Line (x150,000 y150,000 / x213,944 y226,884 / red) 
   Line (x150,000 y150,000 / x215,276 y225,756 / red) 
   Line (x150,000 y150,000 / x216,588 y224,606 / red) 
   Line (x150,000 y150,000 / x217,880 y223,432 / red) 
   Line (x150,000 y150,000 / x219,151 y222,236 / red) 
   Line (x150,000 y150,000 / x220,091 y221,325 / black) 
   Line (x150,000 y150,000 / x221,019 y220,401 / black) 
   Line (x150,000 y150,000 / x221,934 y219,466 / black) 
   Line (x150,000 y150,000 / x222,837 y218,518 / black) 
   Line (x150,000 y150,000 / x223,728 y217,559 / black) 
   Line (x150,000 y150,000 / x224,606 y216,588 / black) 
   Line (x150,000 y150,000 / x225,471 y215,606 / black) 
   Line (x150,000 y150,000 / x226,323 y214,612 / black) 
   Line (x150,000 y150,000 / x227,162 y86,392 / red) 
   Line (x150,000 y150,000 / x227,162 y213,608 / black) 
   Line (x150,000 y150,000 / x227,988 y212,592 / black) 
   Line (x150,000 y150,000 / x228,261 y87,749 / red) 
   Line (x150,000 y150,000 / x228,801 y211,566 / black) 
   Line (x150,000 y150,000 / x229,335 y89,124 / red) 
   Line (x150,000 y150,000 / x229,600 y210,529 / black) 
   Line (x150,000 y150,000 / x230,386 y90,518 / red) 
   Line (x150,000 y150,000 / x230,386 y209,482 / black) 
   Line (x150,000 y150,000 / x231,157 y208,425 / black) 
   Line (x150,000 y150,000 / x231,412 y91,930 / red) 
   Line (x150,000 y150,000 / x231,915 y207,358 / black) 
   Line (x150,000 y150,000 / x232,413 y93,359 / red) 
   Line (x150,000 y150,000 / x232,904 y205,919 / red) 
   Line (x150,000 y150,000 / x233,389 y94,806 / red) 
   Line (x150,000 y150,000 / x233,867 y204,464 / red) 
   Line (x150,000 y150,000 / x234,339 y96,270 / red) 
   Line (x150,000 y150,000 / x234,805 y202,992 / red) 
   Line (x150,000 y150,000 / x235,264 y97,750 / red) 
   Line (x150,000 y150,000 / x235,717 y201,504 / red) 
   Line (x150,000 y150,000 / x236,163 y99,246 / red) 
   Line (x150,000 y150,000 / x236,603 y200,000 / red) 
   Line (x150,000 y150,000 / x237,036 y100,758 / red) 
   Line (x150,000 y150,000 / x237,462 y198,481 / red) 
   Line (x150,000 y150,000 / x237,882 y102,284 / red) 
   Line (x150,000 y150,000 / x238,295 y196,947 / red) 
   Line (x150,000 y150,000 / x238,701 y103,825 / black) 
   Line (x150,000 y150,000 / x239,101 y195,399 / red) 
   Line (x150,000 y150,000 / x239,879 y193,837 / red) 
   Line (x150,000 y150,000 / x240,631 y192,262 / red) 
   Line (x150,000 y150,000 / x240,996 y108,531 / black) 
   Line (x150,000 y150,000 / x241,355 y190,674 / red) 
   Line (x150,000 y150,000 / x242,050 y189,073 / red) 
   Line (x150,000 y150,000 / x242,718 y187,461 / red) 
   Line (x150,000 y150,000 / x243,042 y113,350 / black) 
   Line (x150,000 y150,000 / x243,358 y185,837 / red) 
   Line (x150,000 y150,000 / x243,969 y184,202 / red) 
   Line (x150,000 y150,000 / x244,552 y182,557 / red) 
   Line (x150,000 y150,000 / x245,106 y180,902 / red) 
   Line (x150,000 y150,000 / x245,630 y179,237 / red) 
   Line (x150,000 y150,000 / x246,126 y177,564 / red) 
   Line (x150,000 y150,000 / x246,593 y175,882 / red) 
   Line (x150,000 y150,000 / x246,923 y174,615 / black) 
   Line (x150,000 y150,000 / x247,237 y173,345 / black) 
   Line (x150,000 y150,000 / x247,534 y172,070 / black) 
   Line (x150,000 y150,000 / x247,815 y170,791 / black) 
   Line (x150,000 y150,000 / x248,079 y169,509 / black) 
   Line (x150,000 y150,000 / x248,769 y165,643 / black) 
   Line (x150,000 y150,000 / x249,452 y160,453 / black) 
   Line (x150,000 y150,000 / x249,999 y149,564 / red) 
Missing shapes in your solution:
   Line (x50,000 y150,000 / x250,000 y150,000 / red) 
   Line (x50,015 y148,255 / x249,985 y151,745 / red) 
   Line (x50,015 y151,745 / x249,985 y148,255 / red) 
   Line (x50,061 y146,510 / x249,939 y153,490 / red) 
   Line (x50,061 y153,490 / x249,939 y146,510 / red) 
   Line (x50,137 y144,766 / x249,863 y155,234 / red) 
   Line (x50,137 y155,234 / x249,863 y144,766 / red) 
   Line (x50,244 y143,024 / x249,756 y156,976 / red) 
   Line (x50,244 y156,976 / x249,756 y143,024 / red) 
   Line (x50,381 y141,284 / x249,619 y158,716 / red) 
   Line (x50,381 y158,716 / x249,619 y141,284 / red) 
   Line (x50,548 y139,547 / x249,452 y160,453 / red) 
   Line (x50,548 y160,453 / x249,452 y139,547 / red) 
   Line (x50,745 y137,813 / x249,255 y162,187 / red) 
   Line (x50,745 y162,187 / x249,255 y137,813 / red) 
   Line (x50,973 y136,083 / x249,027 y163,917 / red) 
   Line (x50,973 y163,917 / x249,027 y136,083 / red) 
   Line (x51,231 y134,357 / x248,769 y165,643 / red) 
   Line (x51,231 y165,643 / x248,769 y134,357 / red) 
   Line (x51,519 y132,635 / x248,481 y167,365 / black) 
   Line (x51,519 y167,365 / x248,481 y132,635 / red) 
   Line (x51,837 y130,919 / x248,163 y169,081 / black) 
   Line (x51,837 y169,081 / x248,163 y130,919 / black) 
   Line (x52,185 y129,209 / x247,815 y170,791 / black) 
   Line (x52,185 y170,791 / x247,815 y129,209 / black) 
   Line (x52,563 y127,505 / x247,437 y172,495 / black) 
   Line (x52,563 y172,495 / x247,437 y127,505 / black) 
   Line (x52,970 y125,808 / x247,030 y174,192 / black) 
   Line (x52,970 y174,192 / x247,030 y125,808 / black) 
   Line (x53,407 y124,118 / x246,593 y175,882 / black) 
   Line (x53,407 y175,882 / x246,593 y124,118 / black) 
   Line (x53,874 y122,436 / x246,126 y177,564 / black) 
   Line (x53,874 y177,564 / x246,126 y122,436 / black) 
   Line (x54,370 y120,763 / x245,630 y179,237 / black) 
   Line (x54,894 y119,098 / x245,106 y180,902 / black) 
   Line (x54,894 y180,902 / x245,106 y119,098 / black) 
   Line (x55,448 y117,443 / x244,552 y182,557 / black) 
   Line (x55,448 y182,557 / x244,552 y117,443 / black) 
   Line (x56,031 y115,798 / x243,969 y184,202 / black) 
   Line (x56,642 y114,163 / x243,358 y185,837 / black) 
   Line (x56,642 y185,837 / x243,358 y114,163 / black) 
   Line (x57,282 y112,539 / x242,718 y187,461 / black) 
   Line (x57,282 y187,461 / x242,718 y112,539 / black) 
   Line (x57,950 y110,927 / x242,050 y189,073 / black) 
   Line (x57,950 y189,073 / x242,050 y110,927 / black) 
   Line (x58,645 y109,326 / x241,355 y190,674 / black) 
   Line (x58,645 y190,674 / x241,355 y109,326 / black) 
   Line (x59,369 y107,738 / x240,631 y192,262 / black) 
   Line (x59,369 y192,262 / x240,631 y107,738 / black) 
   Line (x60,121 y106,163 / x239,879 y193,837 / black) 
   Line (x60,121 y193,837 / x239,879 y106,163 / black) 
   Line (x60,899 y104,601 / x239,101 y195,399 / black) 
   Line (x60,899 y195,399 / x239,101 y104,601 / black) 
   Line (x61,705 y103,053 / x238,295 y196,947 / black) 
   Line (x61,705 y196,947 / x238,295 y103,053 / black) 
   Line (x62,538 y101,519 / x237,462 y198,481 / black) 
   Line (x62,538 y198,481 / x237,462 y101,519 / black) 
   Line (x63,397 y100,000 / x236,603 y200,000 / red) 
   Line (x63,397 y200,000 / x236,603 y100,000 / black) 
   Line (x64,283 y98,496 / x235,717 y201,504 / red) 
   Line (x64,283 y201,504 / x235,717 y98,496 / red) 
   Line (x65,195 y97,008 / x234,805 y202,992 / red) 
   Line (x65,195 y202,992 / x234,805 y97,008 / red) 
   Line (x66,133 y95,536 / x233,867 y204,464 / red) 
   Line (x66,133 y204,464 / x233,867 y95,536 / red) 
   Line (x67,096 y94,081 / x232,904 y205,919 / red) 
   Line (x67,096 y205,919 / x232,904 y94,081 / red) 
   Line (x68,085 y92,642 / x231,915 y207,358 / red) 
   Line (x68,085 y207,358 / x231,915 y92,642 / red) 
   Line (x69,098 y91,221 / x230,902 y208,779 / red) 
   Line (x69,098 y208,779 / x230,902 y91,221 / red) 
   Line (x70,136 y89,818 / x229,864 y210,182 / red) 
   Line (x70,136 y210,182 / x229,864 y89,818 / red) 
   Line (x71,199 y88,434 / x228,801 y211,566 / red) 
   Line (x71,199 y211,566 / x228,801 y88,434 / red) 
   Line (x72,285 y87,068 / x227,715 y212,932 / red) 
   Line (x72,285 y212,932 / x227,715 y87,068 / red) 
   Line (x73,396 y85,721 / x226,604 y214,279 / red) 
   Line (x73,396 y214,279 / x226,604 y85,721 / red) 
   Line (x74,529 y84,394 / x225,471 y215,606 / red) 
   Line (x74,529 y215,606 / x225,471 y84,394 / red) 
   Line (x75,686 y83,087 / x224,314 y216,913 / red) 
   Line (x75,686 y216,913 / x224,314 y83,087 / red) 
   Line (x76,865 y81,800 / x223,135 y218,200 / red) 
   Line (x76,865 y218,200 / x223,135 y81,800 / red) 
   Line (x78,066 y80,534 / x221,934 y219,466 / red) 
   Line (x78,066 y219,466 / x221,934 y80,534 / red) 
   Line (x79,289 y79,289 / x220,711 y220,711 / red) 
   Line (x79,289 y220,711 / x220,711 y79,289 / red) 
   Line (x80,534 y78,066 / x219,466 y221,934 / red) 
   Line (x80,534 y221,934 / x219,466 y78,066 / red) 
   Line (x81,800 y76,865 / x218,200 y223,135 / red) 
   Line (x81,800 y223,135 / x218,200 y76,865 / red) 
   Line (x83,087 y75,686 / x216,913 y224,314 / red) 
   Line (x83,087 y224,314 / x216,913 y75,686 / red) 
   Line (x84,394 y74,529 / x215,606 y225,471 / red) 
   Line (x84,394 y225,471 / x215,606 y74,529 / red) 
   Line (x85,721 y73,396 / x214,279 y226,604 / black) 
   Line (x85,721 y226,604 / x214,279 y73,396 / red) 
   Line (x87,068 y72,285 / x212,932 y227,715 / black) 
   Line (x87,068 y227,715 / x212,932 y72,285 / black) 
   Line (x88,434 y71,199 / x211,566 y228,801 / black) 
   Line (x88,434 y228,801 / x211,566 y71,199 / black) 
   Line (x89,818 y70,136 / x210,182 y229,864 / black) 
   Line (x89,818 y229,864 / x210,182 y70,136 / black) 
   Line (x91,221 y69,098 / x208,779 y230,902 / black) 
   Line (x91,221 y230,902 / x208,779 y69,098 / black) 
   Line (x92,642 y68,085 / x207,358 y231,915 / black) 
   Line (x92,642 y231,915 / x207,358 y68,085 / black) 
   Line (x94,081 y67,096 / x205,919 y232,904 / black) 
   Line (x94,081 y232,904 / x205,919 y67,096 / black) 
   Line (x95,536 y66,133 / x204,464 y233,867 / black) 
   Line (x95,536 y233,867 / x204,464 y66,133 / black) 
   Line (x97,008 y65,195 / x202,992 y234,805 / black) 
   Line (x97,008 y234,805 / x202,992 y65,195 / black) 
   Line (x98,496 y64,283 / x201,504 y235,717 / black) 
   Line (x98,496 y235,717 / x201,504 y64,283 / black) 
   Line (x100,000 y63,397 / x200,000 y236,603 / black) 
   Line (x100,000 y236,603 / x200,000 y63,397 / black) 
   Line (x101,519 y62,538 / x198,481 y237,462 / black) 
   Line (x101,519 y237,462 / x198,481 y62,538 / black) 
   Line (x103,053 y61,705 / x196,947 y238,295 / black) 
   Line (x103,053 y238,295 / x196,947 y61,705 / black) 
   Line (x104,601 y60,899 / x195,399 y239,101 / black) 
   Line (x104,601 y239,101 / x195,399 y60,899 / black) 
   Line (x106,163 y60,121 / x193,837 y239,879 / black) 
   Line (x106,163 y239,879 / x193,837 y60,121 / black) 
   Line (x107,738 y59,369 / x192,262 y240,631 / black) 
   Line (x107,738 y240,631 / x192,262 y59,369 / black) 
   Line (x109,326 y58,645 / x190,674 y241,355 / black) 
   Line (x109,326 y241,355 / x190,674 y58,645 / black) 
   Line (x110,927 y57,950 / x189,073 y242,050 / black) 
   Line (x110,927 y242,050 / x189,073 y57,950 / black) 
   Line (x112,539 y57,282 / x187,461 y242,718 / black) 
   Line (x112,539 y242,718 / x187,461 y57,282 / black) 
   Line (x114,163 y56,642 / x185,837 y243,358 / black) 
   Line (x114,163 y243,358 / x185,837 y56,642 / black) 
   Line (x115,798 y56,031 / x184,202 y243,969 / red) 
   Line (x115,798 y243,969 / x184,202 y56,031 / black) 
   Line (x117,443 y55,448 / x182,557 y244,552 / red) 
   Line (x117,443 y244,552 / x182,557 y55,448 / red) 
   Line (x119,098 y54,894 / x180,902 y245,106 / red) 
   Line (x119,098 y245,106 / x180,902 y54,894 / red) 
   Line (x120,763 y54,370 / x179,237 y245,630 / red) 
   Line (x120,763 y245,630 / x179,237 y54,370 / red) 
   Line (x122,436 y53,874 / x177,564 y246,126 / red) 
   Line (x122,436 y246,126 / x177,564 y53,874 / red) 
   Line (x124,118 y53,407 / x175,882 y246,593 / red) 
   Line (x124,118 y246,593 / x175,882 y53,407 / red) 
   Line (x125,808 y52,970 / x174,192 y247,030 / red) 
   Line (x125,808 y247,030 / x174,192 y52,970 / red) 
   Line (x127,505 y52,563 / x172,495 y247,437 / red) 
   Line (x127,505 y247,437 / x172,495 y52,563 / red) 
   Line (x129,209 y52,185 / x170,791 y247,815 / red) 
   Line (x129,209 y247,815 / x170,791 y52,185 / red) 
   Line (x130,919 y51,837 / x169,081 y248,163 / red) 
   Line (x130,919 y248,163 / x169,081 y51,837 / red) 
   Line (x132,635 y51,519 / x167,365 y248,481 / red) 
   Line (x132,635 y248,481 / x167,365 y51,519 / red) 
   Line (x134,357 y51,231 / x165,643 y248,769 / red) 
   Line (x134,357 y248,769 / x165,643 y51,231 / red) 
   Line (x136,083 y50,973 / x163,917 y249,027 / red) 
   Line (x136,083 y249,027 / x163,917 y50,973 / red) 
   Line (x137,813 y50,745 / x162,187 y249,255 / red) 
   Line (x137,813 y249,255 / x162,187 y50,745 / red) 
   Line (x139,547 y50,548 / x160,453 y249,452 / red) 
   Line (x139,547 y249,452 / x160,453 y50,548 / red) 
   Line (x141,284 y50,381 / x158,716 y249,619 / red) 
   Line (x141,284 y249,619 / x158,716 y50,381 / red) 
   Line (x143,024 y50,244 / x156,976 y249,756 / red) 
   Line (x143,024 y249,756 / x156,976 y50,244 / red) 
   Line (x144,766 y50,137 / x155,234 y249,863 / red) 
   Line (x144,766 y249,863 / x155,234 y50,137 / red) 
   Line (x146,510 y50,061 / x153,490 y249,939 / red) 
   Line (x146,510 y249,939 / x153,490 y50,061 / red) 
   Line (x148,255 y50,015 / x151,745 y249,985 / red) 
   Line (x148,255 y249,985 / x151,745 y50,015 / red) 
   Line (x150,000 y50,000 / x150,000 y250,000 / black) 

