The turtle Hawksbill is not heading to the right direction.  There is 294 shapes, but only 180 shapes were expected
Superflous shapes in your solution:
   Line (x50,001 y150,436 / x249,996 y149,127 / red) 
   Line (x50,009 y148,691 / x249,985 y151,745 / red) 
   Line (x50,024 y152,181 / x249,976 y147,819 / red) 
   Line (x50,047 y146,946 / x249,953 y153,054 / red) 
   Line (x50,077 y153,926 / x249,885 y145,202 / red) 
   Line (x50,115 y145,202 / x249,839 y155,669 / red) 
   Line (x50,161 y155,669 / x249,813 y143,895 / red) 
   Line (x50,214 y143,460 / x249,756 y156,976 / red) 
   Line (x50,275 y157,411 / x249,725 y142,589 / red) 
   Line (x50,343 y141,719 / x249,657 y158,281 / red) 
   Line (x50,420 y159,150 / x249,497 y139,981 / red) 
   Line (x50,503 y139,981 / x249,406 y160,887 / red) 
   Line (x50,594 y160,887 / x249,357 y138,680 / red) 
   Line (x50,693 y138,246 / x249,255 y162,187 / red) 
   Line (x50,800 y162,620 / x249,200 y137,380 / red) 
   Line (x50,913 y136,515 / x249,087 y163,485 / red) 
   Line (x51,035 y164,349 / x248,836 y134,788 / red) 
   Line (x51,164 y134,788 / x248,700 y166,074 / red) 
   Line (x51,231 y165,643 / x248,629 y133,495 / black) 
   Line (x51,444 y166,935 / x150,000 y150,000 / black) 
   Line (x51,444 y133,065 / x248,481 y167,365 / red) 
   Line (x51,675 y168,224 / x248,325 y131,776 / black) 
   Line (x51,755 y131,348 / x248,245 y168,652 / red) 
   Line (x51,921 y169,509 / x247,992 y130,063 / black) 
   Line (x52,095 y129,636 / x247,905 y170,364 / black) 
   Line (x52,185 y170,791 / x247,630 y128,356 / black) 
   Line (x52,370 y128,356 / x247,534 y172,070 / black) 
   Line (x52,466 y172,070 / x150,000 y150,000 / black) 
   Line (x52,662 y127,080 / x247,134 y173,769 / black) 
   Line (x52,763 y173,345 / x247,237 y126,655 / black) 
   Line (x52,970 y125,808 / x150,000 y150,000 / black) 
   Line (x53,077 y174,615 / x246,815 y124,962 / black) 
   Line (x53,295 y124,540 / x246,705 y175,460 / black) 
   Line (x53,407 y175,882 / x246,363 y123,276 / black) 
   Line (x53,637 y123,276 / x246,246 y177,144 / black) 
   Line (x53,754 y177,144 / x150,000 y150,000 / black) 
   Line (x53,995 y122,017 / x245,757 y178,820 / black) 
   Line (x54,118 y178,402 / x245,882 y121,598 / black) 
   Line (x54,370 y120,763 / x150,000 y150,000 / black) 
   Line (x54,498 y179,654 / x245,372 y119,929 / black) 
   Line (x54,760 y119,514 / x245,240 y180,486 / black) 
   Line (x54,894 y180,902 / x244,832 y118,270 / black) 
   Line (x55,168 y118,270 / x244,693 y182,144 / black) 
   Line (x55,307 y182,144 / x150,000 y150,000 / black) 
   Line (x55,591 y117,031 / x244,118 y183,792 / black) 
   Line (x55,736 y183,381 / x244,264 y116,619 / black) 
   Line (x56,031 y115,798 / x150,000 y150,000 / black) 
   Line (x56,181 y184,612 / x243,667 y114,979 / black) 
   Line (x56,486 y114,571 / x243,514 y185,429 / black) 
   Line (x56,642 y185,837 / x150,000 y150,000 / black) 
   Line (x56,958 y113,350 / x242,881 y187,056 / black) 
   Line (x57,119 y187,056 / x243,042 y113,350 / black) 
   Line (x57,446 y112,135 / x150,000 y150,000 / black) 
   Line (x57,612 y188,268 / x242,388 y111,732 / black) 
   Line (x57,950 y110,927 / x242,220 y188,671 / black) 
   Line (x58,121 y189,474 / x241,706 y110,125 / black) 
   Line (x58,469 y109,725 / x241,531 y190,275 / black) 
   Line (x58,645 y190,674 / x150,000 y150,000 / black) 
   Line (x59,004 y108,531 / x240,814 y191,866 / black) 
   Line (x59,186 y191,866 / x240,996 y108,531 / black) 
   Line (x59,554 y107,343 / x150,000 y150,000 / black) 
   Line (x59,741 y193,051 / x240,259 y106,949 / black) 
   Line (x60,121 y106,163 / x240,070 y193,445 / black) 
   Line (x60,313 y194,229 / x239,493 y105,380 / black) 
   Line (x60,702 y104,990 / x239,298 y195,010 / black) 
   Line (x60,899 y195,399 / x150,000 y150,000 / black) 
   Line (x61,299 y103,825 / x238,499 y196,561 / black) 
   Line (x61,501 y196,561 / x238,701 y103,825 / black) 
   Line (x61,911 y102,668 / x150,000 y150,000 / black) 
   Line (x62,118 y197,716 / x237,882 y102,284 / black) 
   Line (x62,538 y101,519 / x237,673 y198,099 / black) 
   Line (x62,964 y199,242 / x237,036 y100,758 / red) 
   Line (x63,180 y100,378 / x236,820 y199,622 / black) 
   Line (x63,837 y99,246 / x235,941 y201,129 / black) 
   Line (x63,837 y200,754 / x236,384 y99,623 / red) 
   Line (x64,509 y98,123 / x235,264 y202,250 / black) 
   Line (x64,736 y202,250 / x235,035 y97,379 / red) 
   Line (x65,195 y97,008 / x234,573 y203,361 / red) 
   Line (x65,661 y203,730 / x234,339 y96,270 / red) 
   Line (x66,611 y205,194 / x233,629 y95,171 / red) 
   Line (x67,096 y94,081 / x233,147 y205,557 / red) 
   Line (x67,587 y206,641 / x232,165 y93,000 / red) 
   Line (x68,085 y92,642 / x231,664 y207,715 / red) 
   Line (x68,588 y208,070 / x231,412 y91,930 / red) 
   Line (x69,614 y209,482 / x230,644 y90,869 / red) 
   Line (x70,136 y89,818 / x230,125 y209,832 / red) 
   Line (x70,665 y210,876 / x229,069 y88,778 / red) 
   Line (x71,199 y88,434 / x228,532 y211,909 / red) 
   Line (x71,739 y212,251 / x228,261 y87,749 / red) 
   Line (x72,838 y213,608 / x227,439 y86,729 / red) 
   Line (x73,396 y85,721 / x226,884 y213,944 / red) 
   Line (x73,959 y214,945 / x225,756 y84,724 / red) 
   Line (x74,529 y84,394 / x225,184 y215,935 / red) 
   Line (x75,104 y216,262 / x224,896 y83,738 / red) 
   Line (x76,272 y217,559 / x224,022 y82,763 / red) 
   Line (x76,865 y81,800 / x223,432 y217,880 / red) 
   Line (x77,463 y218,835 / x222,236 y80,849 / red) 
   Line (x78,066 y80,534 / x221,630 y219,779 / red) 
   Line (x78,675 y220,091 / x221,325 y79,909 / red) 
   Line (x79,909 y221,325 / x220,401 y78,981 / red) 
   Line (x80,534 y78,066 / x219,779 y221,630 / red) 
   Line (x81,165 y222,537 / x218,518 y77,163 / red) 
   Line (x81,800 y76,865 / x217,880 y223,432 / red) 
   Line (x82,441 y223,728 / x217,559 y76,272 / red) 
   Line (x83,738 y224,896 / x216,588 y75,394 / red) 
   Line (x84,394 y74,529 / x150,000 y150,000 / red) 
   Line (x84,724 y225,756 / x150,000 y150,000 / black) 
   Line (x85,721 y73,396 / x150,000 y150,000 / red) 
   Line (x85,721 y226,604 / x150,000 y150,000 / black) 
   Line (x86,729 y227,439 / x213,271 y72,561 / black) 
   Line (x87,068 y72,285 / x212,932 y227,715 / red) 
   Line (x87,749 y228,261 / x150,000 y150,000 / black) 
   Line (x88,778 y229,069 / x150,000 y150,000 / black) 
   Line (x89,471 y70,400 / x150,000 y150,000 / black) 
   Line (x89,818 y229,864 / x150,000 y150,000 / black) 
   Line (x90,518 y69,614 / x150,000 y150,000 / black) 
   Line (x90,869 y230,644 / x209,131 y69,356 / black) 
   Line (x91,575 y68,843 / x150,000 y150,000 / black) 
   Line (x91,930 y231,412 / x150,000 y150,000 / black) 
   Line (x93,000 y232,165 / x150,000 y150,000 / black) 
   Line (x93,720 y67,341 / x150,000 y150,000 / black) 
   Line (x94,081 y232,904 / x150,000 y150,000 / black) 
   Line (x94,806 y66,611 / x150,000 y150,000 / black) 
   Line (x95,171 y233,629 / x204,829 y66,371 / black) 
   Line (x95,903 y65,896 / x150,000 y150,000 / black) 
   Line (x96,270 y234,339 / x150,000 y150,000 / black) 
   Line (x97,379 y235,035 / x150,000 y150,000 / black) 
   Line (x98,123 y64,509 / x150,000 y150,000 / black) 
   Line (x98,496 y235,717 / x150,000 y150,000 / black) 
   Line (x99,246 y63,837 / x150,000 y150,000 / black) 
   Line (x99,623 y236,384 / x200,377 y63,616 / black) 
   Line (x100,378 y63,180 / x150,000 y150,000 / black) 
   Line (x100,758 y237,036 / x150,000 y150,000 / black) 
   Line (x101,901 y237,673 / x150,000 y150,000 / black) 
   Line (x102,668 y61,911 / x150,000 y150,000 / black) 
   Line (x103,053 y238,295 / x150,000 y150,000 / black) 
   Line (x103,825 y61,299 / x150,000 y150,000 / black) 
   Line (x104,213 y238,902 / x195,787 y61,098 / black) 
   Line (x104,990 y60,702 / x150,000 y150,000 / black) 
   Line (x105,380 y239,493 / x150,000 y150,000 / black) 
   Line (x106,555 y240,070 / x150,000 y150,000 / black) 
   Line (x107,343 y59,554 / x150,000 y150,000 / black) 
   Line (x107,738 y240,631 / x150,000 y150,000 / black) 
   Line (x108,531 y59,004 / x150,000 y150,000 / black) 
   Line (x108,928 y241,176 / x191,072 y58,824 / black) 
   Line (x109,725 y58,469 / x150,000 y150,000 / black) 
   Line (x110,125 y241,706 / x150,000 y150,000 / black) 
   Line (x111,329 y242,220 / x150,000 y150,000 / black) 
   Line (x112,135 y57,446 / x150,000 y150,000 / black) 
   Line (x112,539 y242,718 / x150,000 y150,000 / black) 
   Line (x113,350 y56,958 / x150,000 y150,000 / black) 
   Line (x113,756 y243,201 / x186,244 y56,799 / black) 
   Line (x114,571 y56,486 / x150,000 y150,000 / black) 
   Line (x115,388 y243,819 / x184,612 y56,181 / red) 
   Line (x115,798 y56,031 / x184,202 y243,969 / black) 
   Line (x117,031 y55,591 / x150,000 y150,000 / black) 
   Line (x117,031 y244,409 / x150,000 y150,000 / red) 
   Line (x118,270 y55,168 / x150,000 y150,000 / black) 
   Line (x118,684 y244,970 / x150,000 y150,000 / red) 
   Line (x119,514 y54,760 / x150,000 y150,000 / red) 
   Line (x120,346 y245,502 / x179,654 y54,498 / red) 
   Line (x121,180 y54,243 / x178,820 y245,757 / red) 
   Line (x122,017 y246,005 / x150,000 y150,000 / red) 
   Line (x122,856 y53,754 / x150,000 y150,000 / red) 
   Line (x123,697 y246,479 / x150,000 y150,000 / red) 
   Line (x124,540 y53,295 / x150,000 y150,000 / red) 
   Line (x125,385 y246,923 / x174,615 y53,077 / red) 
   Line (x126,231 y52,866 / x173,769 y247,134 / red) 
   Line (x127,080 y247,338 / x150,000 y150,000 / red) 
   Line (x127,930 y52,466 / x150,000 y150,000 / red) 
   Line (x128,782 y247,723 / x150,000 y150,000 / red) 
   Line (x129,636 y52,095 / x150,000 y150,000 / red) 
   Line (x130,491 y248,079 / x169,509 y51,921 / red) 
   Line (x131,348 y51,755 / x168,652 y248,245 / red) 
   Line (x132,206 y248,404 / x150,000 y150,000 / red) 
   Line (x133,065 y51,444 / x150,000 y150,000 / red) 
   Line (x133,926 y248,700 / x150,000 y150,000 / red) 
   Line (x134,788 y51,164 / x150,000 y150,000 / red) 
   Line (x135,651 y248,965 / x164,349 y51,035 / red) 
   Line (x136,515 y50,913 / x163,485 y249,087 / red) 
   Line (x137,380 y249,200 / x150,000 y150,000 / red) 
   Line (x138,246 y50,693 / x150,000 y150,000 / red) 
   Line (x139,113 y249,406 / x150,000 y150,000 / red) 
   Line (x139,981 y50,503 / x150,000 y150,000 / red) 
   Line (x140,850 y249,580 / x159,150 y50,420 / red) 
   Line (x141,719 y50,343 / x158,281 y249,657 / red) 
   Line (x142,589 y249,725 / x150,000 y150,000 / red) 
   Line (x143,460 y50,214 / x150,000 y150,000 / red) 
   Line (x144,331 y249,839 / x150,000 y150,000 / red) 
   Line (x145,202 y50,115 / x150,000 y150,000 / red) 
   Line (x146,074 y249,923 / x153,926 y50,077 / red) 
   Line (x146,946 y50,047 / x153,054 y249,953 / red) 
   Line (x147,819 y249,976 / x152,181 y50,024 / red) 
   Line (x148,691 y50,009 / x150,000 y150,000 / red) 
   Line (x150,000 y50,000 / x150,436 y50,001 / black) 
   Line (x150,000 y150,000 / x150,436 y249,999 / black) 
   Line (x150,000 y150,000 / x151,309 y50,009 / black) 
   Line (x150,000 y150,000 / x151,745 y249,985 / black) 
   Line (x150,000 y150,000 / x152,618 y50,034 / black) 
   Line (x150,000 y150,000 / x154,362 y249,905 / black) 
   Line (x150,000 y150,000 / x155,234 y50,137 / black) 
   Line (x150,000 y150,000 / x155,669 y249,839 / black) 
   Line (x150,000 y150,000 / x156,540 y50,214 / black) 
   Line (x150,000 y150,000 / x156,976 y249,756 / black) 
   Line (x150,000 y150,000 / x157,846 y50,308 / black) 
   Line (x150,000 y150,000 / x159,585 y249,540 / black) 
   Line (x150,000 y150,000 / x160,453 y50,548 / black) 
   Line (x150,000 y150,000 / x160,887 y249,406 / black) 
   Line (x150,000 y150,000 / x161,754 y50,693 / black) 
   Line (x150,000 y150,000 / x162,187 y249,255 / black) 
   Line (x150,000 y150,000 / x163,053 y50,856 / black) 
   Line (x150,000 y150,000 / x164,781 y248,902 / black) 
   Line (x150,000 y150,000 / x165,643 y51,231 / black) 
   Line (x150,000 y150,000 / x166,074 y248,700 / black) 
   Line (x150,000 y150,000 / x166,935 y51,444 / black) 
   Line (x150,000 y150,000 / x167,365 y248,481 / black) 
   Line (x150,000 y150,000 / x168,224 y51,675 / black) 
   Line (x150,000 y150,000 / x169,937 y247,992 / black) 
   Line (x150,000 y150,000 / x170,791 y52,185 / black) 
   Line (x150,000 y150,000 / x171,218 y247,723 / black) 
   Line (x150,000 y150,000 / x172,070 y52,466 / black) 
   Line (x150,000 y150,000 / x172,495 y247,437 / black) 
   Line (x150,000 y150,000 / x173,345 y52,763 / black) 
   Line (x150,000 y150,000 / x175,038 y246,815 / black) 
   Line (x150,000 y150,000 / x175,882 y53,407 / black) 
   Line (x150,000 y150,000 / x176,303 y246,479 / black) 
   Line (x150,000 y150,000 / x177,144 y53,754 / black) 
   Line (x150,000 y150,000 / x177,564 y246,126 / black) 
   Line (x150,000 y150,000 / x178,402 y54,118 / black) 
   Line (x150,000 y150,000 / x180,071 y245,372 / black) 
   Line (x150,000 y150,000 / x180,902 y54,894 / black) 
   Line (x150,000 y150,000 / x181,316 y244,970 / black) 
   Line (x150,000 y150,000 / x182,144 y55,307 / black) 
   Line (x150,000 y150,000 / x182,557 y244,552 / black) 
   Line (x150,000 y150,000 / x183,381 y55,736 / black) 
   Line (x150,000 y150,000 / x185,837 y243,358 / red) 
   Line (x150,000 y150,000 / x187,461 y242,718 / red) 
   Line (x150,000 y150,000 / x187,865 y57,446 / red) 
   Line (x150,000 y150,000 / x189,474 y58,121 / red) 
   Line (x150,000 y150,000 / x190,674 y241,355 / red) 
   Line (x150,000 y150,000 / x192,262 y240,631 / red) 
   Line (x150,000 y150,000 / x192,657 y59,554 / red) 
   Line (x150,000 y150,000 / x194,229 y60,313 / red) 
   Line (x150,000 y150,000 / x195,399 y239,101 / red) 
   Line (x150,000 y150,000 / x196,947 y238,295 / red) 
   Line (x150,000 y150,000 / x197,332 y61,911 / red) 
   Line (x150,000 y150,000 / x198,862 y62,750 / red) 
   Line (x150,000 y150,000 / x200,000 y236,603 / red) 
   Line (x150,000 y150,000 / x201,504 y235,717 / red) 
   Line (x150,000 y150,000 / x201,877 y64,509 / red) 
   Line (x150,000 y150,000 / x203,361 y65,427 / red) 
   Line (x150,000 y150,000 / x204,464 y233,867 / red) 
   Line (x150,000 y150,000 / x205,919 y232,904 / red) 
   Line (x150,000 y150,000 / x206,280 y67,341 / red) 
   Line (x150,000 y150,000 / x207,715 y68,336 / red) 
   Line (x150,000 y150,000 / x208,779 y230,902 / red) 
   Line (x150,000 y150,000 / x210,182 y229,864 / red) 
   Line (x150,000 y150,000 / x210,529 y70,400 / red) 
   Line (x150,000 y150,000 / x211,909 y71,468 / red) 
   Line (x150,000 y150,000 / x213,944 y226,884 / black) 
   Line (x150,000 y150,000 / x214,612 y73,677 / black) 
   Line (x150,000 y150,000 / x214,945 y226,041 / black) 
   Line (x150,000 y150,000 / x215,606 y74,529 / black) 
   Line (x150,000 y150,000 / x215,935 y225,184 / black) 
   Line (x150,000 y150,000 / x218,835 y222,537 / black) 
   Line (x150,000 y150,000 / x219,466 y78,066 / black) 
   Line (x150,000 y150,000 / x222,537 y218,835 / black) 
   Line (x150,000 y150,000 / x223,135 y81,800 / black) 
   Line (x150,000 y150,000 / x226,041 y214,945 / black) 
   Line (x150,000 y150,000 / x226,604 y85,721 / black) 
   Line (x150,000 y150,000 / x229,335 y210,876 / black) 
   Line (x150,000 y150,000 / x229,864 y89,818 / black) 
   Line (x150,000 y150,000 / x232,413 y206,641 / black) 
   Line (x150,000 y150,000 / x232,904 y94,081 / black) 
   Line (x150,000 y150,000 / x235,717 y98,496 / black) 
   Line (x150,000 y150,000 / x248,902 y164,781 / black) 
   Line (x150,000 y150,000 / x249,027 y136,083 / black) 
   Line (x150,000 y150,000 / x249,540 y159,585 / black) 
   Line (x150,000 y150,000 / x249,619 y141,284 / black) 
   Line (x150,000 y150,000 / x249,905 y154,362 / black) 
   Line (x150,000 y150,000 / x249,939 y146,510 / black) 
   Line (x150,000 y150,000 / x249,999 y150,436 / black) 
Missing shapes in your solution:
   Line (x50,000 y150,000 / x250,000 y150,000 / red) 
   Line (x50,015 y148,255 / x249,985 y151,745 / red) 
   Line (x50,015 y151,745 / x249,985 y148,255 / red) 
   Line (x50,061 y146,510 / x249,939 y153,490 / red) 
   Line (x50,061 y153,490 / x249,939 y146,510 / red) 
   Line (x50,137 y144,766 / x249,863 y155,234 / red) 
   Line (x50,137 y155,234 / x249,863 y144,766 / red) 
   Line (x50,244 y143,024 / x249,756 y156,976 / red) 
   Line (x50,244 y156,976 / x249,756 y143,024 / red) 
   Line (x50,381 y141,284 / x249,619 y158,716 / red) 
   Line (x50,381 y158,716 / x249,619 y141,284 / red) 
   Line (x50,548 y139,547 / x249,452 y160,453 / red) 
   Line (x50,548 y160,453 / x249,452 y139,547 / red) 
   Line (x50,745 y137,813 / x249,255 y162,187 / red) 
   Line (x50,745 y162,187 / x249,255 y137,813 / red) 
   Line (x50,973 y136,083 / x249,027 y163,917 / red) 
   Line (x50,973 y163,917 / x249,027 y136,083 / red) 
   Line (x51,231 y134,357 / x248,769 y165,643 / red) 
   Line (x51,231 y165,643 / x248,769 y134,357 / red) 
   Line (x51,519 y132,635 / x248,481 y167,365 / black) 
   Line (x51,519 y167,365 / x248,481 y132,635 / red) 
   Line (x51,837 y130,919 / x248,163 y169,081 / black) 
   Line (x51,837 y169,081 / x248,163 y130,919 / black) 
   Line (x52,185 y129,209 / x247,815 y170,791 / black) 
   Line (x52,185 y170,791 / x247,815 y129,209 / black) 
   Line (x52,563 y127,505 / x247,437 y172,495 / black) 
   Line (x52,563 y172,495 / x247,437 y127,505 / black) 
   Line (x52,970 y125,808 / x247,030 y174,192 / black) 
   Line (x52,970 y174,192 / x247,030 y125,808 / black) 
   Line (x53,407 y124,118 / x246,593 y175,882 / black) 
   Line (x53,407 y175,882 / x246,593 y124,118 / black) 
   Line (x53,874 y122,436 / x246,126 y177,564 / black) 
   Line (x53,874 y177,564 / x246,126 y122,436 / black) 
   Line (x54,370 y120,763 / x245,630 y179,237 / black) 
   Line (x54,370 y179,237 / x245,630 y120,763 / black) 
   Line (x54,894 y119,098 / x245,106 y180,902 / black) 
   Line (x54,894 y180,902 / x245,106 y119,098 / black) 
   Line (x55,448 y117,443 / x244,552 y182,557 / black) 
   Line (x55,448 y182,557 / x244,552 y117,443 / black) 
   Line (x56,031 y115,798 / x243,969 y184,202 / black) 
   Line (x56,031 y184,202 / x243,969 y115,798 / black) 
   Line (x56,642 y114,163 / x243,358 y185,837 / black) 
   Line (x56,642 y185,837 / x243,358 y114,163 / black) 
   Line (x57,282 y112,539 / x242,718 y187,461 / black) 
   Line (x57,282 y187,461 / x242,718 y112,539 / black) 
   Line (x57,950 y110,927 / x242,050 y189,073 / black) 
   Line (x57,950 y189,073 / x242,050 y110,927 / black) 
   Line (x58,645 y109,326 / x241,355 y190,674 / black) 
   Line (x58,645 y190,674 / x241,355 y109,326 / black) 
   Line (x59,369 y107,738 / x240,631 y192,262 / black) 
   Line (x59,369 y192,262 / x240,631 y107,738 / black) 
   Line (x60,121 y106,163 / x239,879 y193,837 / black) 
   Line (x60,121 y193,837 / x239,879 y106,163 / black) 
   Line (x60,899 y104,601 / x239,101 y195,399 / black) 
   Line (x60,899 y195,399 / x239,101 y104,601 / black) 
   Line (x61,705 y103,053 / x238,295 y196,947 / black) 
   Line (x61,705 y196,947 / x238,295 y103,053 / black) 
   Line (x62,538 y101,519 / x237,462 y198,481 / black) 
   Line (x62,538 y198,481 / x237,462 y101,519 / black) 
   Line (x63,397 y100,000 / x236,603 y200,000 / red) 
   Line (x63,397 y200,000 / x236,603 y100,000 / black) 
   Line (x64,283 y98,496 / x235,717 y201,504 / red) 
   Line (x64,283 y201,504 / x235,717 y98,496 / red) 
   Line (x65,195 y97,008 / x234,805 y202,992 / red) 
   Line (x65,195 y202,992 / x234,805 y97,008 / red) 
   Line (x66,133 y204,464 / x233,867 y95,536 / red) 
   Line (x67,096 y94,081 / x232,904 y205,919 / red) 
   Line (x67,096 y205,919 / x232,904 y94,081 / red) 
   Line (x68,085 y92,642 / x231,915 y207,358 / red) 
   Line (x68,085 y207,358 / x231,915 y92,642 / red) 
   Line (x69,098 y208,779 / x230,902 y91,221 / red) 
   Line (x70,136 y89,818 / x229,864 y210,182 / red) 
   Line (x70,136 y210,182 / x229,864 y89,818 / red) 
   Line (x71,199 y88,434 / x228,801 y211,566 / red) 
   Line (x71,199 y211,566 / x228,801 y88,434 / red) 
   Line (x72,285 y212,932 / x227,715 y87,068 / red) 
   Line (x73,396 y85,721 / x226,604 y214,279 / red) 
   Line (x73,396 y214,279 / x226,604 y85,721 / red) 
   Line (x74,529 y84,394 / x225,471 y215,606 / red) 
   Line (x74,529 y215,606 / x225,471 y84,394 / red) 
   Line (x75,686 y216,913 / x224,314 y83,087 / red) 
   Line (x76,865 y81,800 / x223,135 y218,200 / red) 
   Line (x76,865 y218,200 / x223,135 y81,800 / red) 
   Line (x78,066 y80,534 / x221,934 y219,466 / red) 
   Line (x78,066 y219,466 / x221,934 y80,534 / red) 
   Line (x79,289 y220,711 / x220,711 y79,289 / red) 
   Line (x80,534 y78,066 / x219,466 y221,934 / red) 
   Line (x80,534 y221,934 / x219,466 y78,066 / red) 
   Line (x81,800 y76,865 / x218,200 y223,135 / red) 
   Line (x81,800 y223,135 / x218,200 y76,865 / red) 
   Line (x83,087 y224,314 / x216,913 y75,686 / red) 
   Line (x84,394 y74,529 / x215,606 y225,471 / red) 
   Line (x84,394 y225,471 / x215,606 y74,529 / red) 
   Line (x85,721 y73,396 / x214,279 y226,604 / black) 
   Line (x85,721 y226,604 / x214,279 y73,396 / red) 
   Line (x87,068 y72,285 / x212,932 y227,715 / black) 
   Line (x87,068 y227,715 / x212,932 y72,285 / black) 
   Line (x88,434 y228,801 / x211,566 y71,199 / black) 
   Line (x89,818 y70,136 / x210,182 y229,864 / black) 
   Line (x89,818 y229,864 / x210,182 y70,136 / black) 
   Line (x91,221 y69,098 / x208,779 y230,902 / black) 
   Line (x91,221 y230,902 / x208,779 y69,098 / black) 
   Line (x92,642 y231,915 / x207,358 y68,085 / black) 
   Line (x94,081 y67,096 / x205,919 y232,904 / black) 
   Line (x94,081 y232,904 / x205,919 y67,096 / black) 
   Line (x95,536 y66,133 / x204,464 y233,867 / black) 
   Line (x95,536 y233,867 / x204,464 y66,133 / black) 
   Line (x97,008 y234,805 / x202,992 y65,195 / black) 
   Line (x98,496 y64,283 / x201,504 y235,717 / black) 
   Line (x98,496 y235,717 / x201,504 y64,283 / black) 
   Line (x100,000 y63,397 / x200,000 y236,603 / black) 
   Line (x100,000 y236,603 / x200,000 y63,397 / black) 
   Line (x101,519 y237,462 / x198,481 y62,538 / black) 
   Line (x103,053 y61,705 / x196,947 y238,295 / black) 
   Line (x103,053 y238,295 / x196,947 y61,705 / black) 
   Line (x104,601 y60,899 / x195,399 y239,101 / black) 
   Line (x104,601 y239,101 / x195,399 y60,899 / black) 
   Line (x106,163 y239,879 / x193,837 y60,121 / black) 
   Line (x107,738 y59,369 / x192,262 y240,631 / black) 
   Line (x107,738 y240,631 / x192,262 y59,369 / black) 
   Line (x109,326 y58,645 / x190,674 y241,355 / black) 
   Line (x109,326 y241,355 / x190,674 y58,645 / black) 
   Line (x110,927 y242,050 / x189,073 y57,950 / black) 
   Line (x112,539 y57,282 / x187,461 y242,718 / black) 
   Line (x112,539 y242,718 / x187,461 y57,282 / black) 
   Line (x114,163 y56,642 / x185,837 y243,358 / black) 
   Line (x114,163 y243,358 / x185,837 y56,642 / black) 
   Line (x115,798 y56,031 / x184,202 y243,969 / red) 
   Line (x115,798 y243,969 / x184,202 y56,031 / black) 
   Line (x117,443 y55,448 / x182,557 y244,552 / red) 
   Line (x117,443 y244,552 / x182,557 y55,448 / red) 
   Line (x119,098 y54,894 / x180,902 y245,106 / red) 
   Line (x119,098 y245,106 / x180,902 y54,894 / red) 
   Line (x120,763 y54,370 / x179,237 y245,630 / red) 
   Line (x120,763 y245,630 / x179,237 y54,370 / red) 
   Line (x122,436 y53,874 / x177,564 y246,126 / red) 
   Line (x122,436 y246,126 / x177,564 y53,874 / red) 
   Line (x124,118 y53,407 / x175,882 y246,593 / red) 
   Line (x124,118 y246,593 / x175,882 y53,407 / red) 
   Line (x125,808 y52,970 / x174,192 y247,030 / red) 
   Line (x125,808 y247,030 / x174,192 y52,970 / red) 
   Line (x127,505 y52,563 / x172,495 y247,437 / red) 
   Line (x127,505 y247,437 / x172,495 y52,563 / red) 
   Line (x129,209 y52,185 / x170,791 y247,815 / red) 
   Line (x129,209 y247,815 / x170,791 y52,185 / red) 
   Line (x130,919 y51,837 / x169,081 y248,163 / red) 
   Line (x130,919 y248,163 / x169,081 y51,837 / red) 
   Line (x132,635 y51,519 / x167,365 y248,481 / red) 
   Line (x132,635 y248,481 / x167,365 y51,519 / red) 
   Line (x134,357 y51,231 / x165,643 y248,769 / red) 
   Line (x134,357 y248,769 / x165,643 y51,231 / red) 
   Line (x136,083 y50,973 / x163,917 y249,027 / red) 
   Line (x136,083 y249,027 / x163,917 y50,973 / red) 
   Line (x137,813 y50,745 / x162,187 y249,255 / red) 
   Line (x137,813 y249,255 / x162,187 y50,745 / red) 
   Line (x139,547 y50,548 / x160,453 y249,452 / red) 
   Line (x139,547 y249,452 / x160,453 y50,548 / red) 
   Line (x141,284 y50,381 / x158,716 y249,619 / red) 
   Line (x141,284 y249,619 / x158,716 y50,381 / red) 
   Line (x143,024 y50,244 / x156,976 y249,756 / red) 
   Line (x143,024 y249,756 / x156,976 y50,244 / red) 
   Line (x144,766 y50,137 / x155,234 y249,863 / red) 
   Line (x144,766 y249,863 / x155,234 y50,137 / red) 
   Line (x146,510 y50,061 / x153,490 y249,939 / red) 
   Line (x146,510 y249,939 / x153,490 y50,061 / red) 
   Line (x148,255 y50,015 / x151,745 y249,985 / red) 
   Line (x148,255 y249,985 / x151,745 y50,015 / red) 
   Line (x150,000 y50,000 / x150,000 y250,000 / black) 

