The turtle Hawksbill is at the right location.  There is 181 shapes, but only 180 shapes were expected
Superflous shapes in your solution:
   Line (x50,000 y144,000 / x250,000 y144,000 / red) 
   Line (x50,015 y142,255 / x249,985 y145,745 / red) 
   Line (x50,015 y145,745 / x249,985 y142,255 / red) 
   Line (x50,061 y140,510 / x249,939 y147,490 / red) 
   Line (x50,061 y147,490 / x249,939 y140,510 / red) 
   Line (x50,137 y138,766 / x249,863 y149,234 / red) 
   Line (x50,137 y149,234 / x249,863 y138,766 / red) 
   Line (x50,244 y137,024 / x249,756 y150,976 / red) 
   Line (x50,244 y150,976 / x249,756 y137,024 / red) 
   Line (x50,381 y135,284 / x249,619 y152,716 / red) 
   Line (x50,381 y152,716 / x249,619 y135,284 / red) 
   Line (x50,548 y133,547 / x249,452 y154,453 / red) 
   Line (x50,548 y154,453 / x249,452 y133,547 / red) 
   Line (x50,745 y131,813 / x249,255 y156,187 / red) 
   Line (x50,745 y156,187 / x249,255 y131,813 / red) 
   Line (x50,973 y130,083 / x249,027 y157,917 / red) 
   Line (x50,973 y157,917 / x249,027 y130,083 / red) 
   Line (x51,231 y128,357 / x248,769 y159,643 / red) 
   Line (x51,231 y159,643 / x248,769 y128,357 / red) 
   Line (x51,519 y126,635 / x248,481 y161,365 / black) 
   Line (x51,519 y161,365 / x248,481 y126,635 / red) 
   Line (x51,837 y124,919 / x248,163 y163,081 / black) 
   Line (x51,837 y163,081 / x248,163 y124,919 / black) 
   Line (x52,185 y123,209 / x247,815 y164,791 / black) 
   Line (x52,185 y164,791 / x247,815 y123,209 / black) 
   Line (x52,563 y121,505 / x247,437 y166,495 / black) 
   Line (x52,563 y166,495 / x247,437 y121,505 / black) 
   Line (x52,970 y119,808 / x247,030 y168,192 / black) 
   Line (x52,970 y168,192 / x247,030 y119,808 / black) 
   Line (x53,407 y118,118 / x246,593 y169,882 / black) 
   Line (x53,407 y169,882 / x246,593 y118,118 / black) 
   Line (x53,874 y116,436 / x246,126 y171,564 / black) 
   Line (x53,874 y171,564 / x246,126 y116,436 / black) 
   Line (x54,370 y114,763 / x245,630 y173,237 / black) 
   Line (x54,370 y173,237 / x245,630 y114,763 / black) 
   Line (x54,894 y113,098 / x245,106 y174,902 / black) 
   Line (x54,894 y174,902 / x245,106 y113,098 / black) 
   Line (x55,448 y111,443 / x244,552 y176,557 / black) 
   Line (x55,448 y176,557 / x244,552 y111,443 / black) 
   Line (x56,031 y109,798 / x243,969 y178,202 / black) 
   Line (x56,031 y178,202 / x243,969 y109,798 / black) 
   Line (x56,642 y108,163 / x243,358 y179,837 / black) 
   Line (x56,642 y179,837 / x243,358 y108,163 / black) 
   Line (x57,282 y106,539 / x242,718 y181,461 / black) 
   Line (x57,282 y181,461 / x242,718 y106,539 / black) 
   Line (x57,950 y104,927 / x242,050 y183,073 / black) 
   Line (x57,950 y183,073 / x242,050 y104,927 / black) 
   Line (x58,645 y103,326 / x241,355 y184,674 / black) 
   Line (x58,645 y184,674 / x241,355 y103,326 / black) 
   Line (x59,369 y101,738 / x240,631 y186,262 / black) 
   Line (x59,369 y186,262 / x240,631 y101,738 / black) 
   Line (x60,121 y100,163 / x239,879 y187,837 / black) 
   Line (x60,121 y187,837 / x239,879 y100,163 / black) 
   Line (x60,899 y98,601 / x239,101 y189,399 / black) 
   Line (x60,899 y189,399 / x239,101 y98,601 / black) 
   Line (x61,705 y97,053 / x238,295 y190,947 / black) 
   Line (x61,705 y190,947 / x238,295 y97,053 / black) 
   Line (x62,538 y95,519 / x237,462 y192,481 / black) 
   Line (x62,538 y192,481 / x237,462 y95,519 / black) 
   Line (x63,397 y94,000 / x236,603 y194,000 / red) 
   Line (x63,397 y194,000 / x236,603 y94,000 / black) 
   Line (x64,283 y92,496 / x235,717 y195,504 / red) 
   Line (x64,283 y195,504 / x235,717 y92,496 / red) 
   Line (x65,195 y91,008 / x234,805 y196,992 / red) 
   Line (x65,195 y196,992 / x234,805 y91,008 / red) 
   Line (x66,133 y89,536 / x233,867 y198,464 / red) 
   Line (x66,133 y198,464 / x233,867 y89,536 / red) 
   Line (x67,096 y88,081 / x232,904 y199,919 / red) 
   Line (x67,096 y199,919 / x232,904 y88,081 / red) 
   Line (x68,085 y86,642 / x231,915 y201,358 / red) 
   Line (x68,085 y201,358 / x231,915 y86,642 / red) 
   Line (x69,098 y85,221 / x230,902 y202,779 / red) 
   Line (x69,098 y202,779 / x230,902 y85,221 / red) 
   Line (x70,136 y83,818 / x229,864 y204,182 / red) 
   Line (x70,136 y204,182 / x229,864 y83,818 / red) 
   Line (x71,199 y82,434 / x228,801 y205,566 / red) 
   Line (x71,199 y205,566 / x228,801 y82,434 / red) 
   Line (x72,285 y81,068 / x227,715 y206,932 / red) 
   Line (x72,285 y206,932 / x227,715 y81,068 / red) 
   Line (x73,396 y79,721 / x226,604 y208,279 / red) 
   Line (x73,396 y208,279 / x226,604 y79,721 / red) 
   Line (x74,529 y78,394 / x225,471 y209,606 / red) 
   Line (x74,529 y209,606 / x225,471 y78,394 / red) 
   Line (x75,686 y77,087 / x224,314 y210,913 / red) 
   Line (x75,686 y210,913 / x224,314 y77,087 / red) 
   Line (x76,865 y75,800 / x223,135 y212,200 / red) 
   Line (x76,865 y212,200 / x223,135 y75,800 / red) 
   Line (x78,066 y74,534 / x221,934 y213,466 / red) 
   Line (x78,066 y213,466 / x221,934 y74,534 / red) 
   Line (x79,289 y73,289 / x220,711 y214,711 / red) 
   Line (x79,289 y214,711 / x220,711 y73,289 / red) 
   Line (x80,534 y72,066 / x219,466 y215,934 / red) 
   Line (x80,534 y215,934 / x219,466 y72,066 / red) 
   Line (x81,800 y70,865 / x218,200 y217,135 / red) 
   Line (x81,800 y217,135 / x218,200 y70,865 / red) 
   Line (x83,087 y69,686 / x216,913 y218,314 / red) 
   Line (x83,087 y218,314 / x216,913 y69,686 / red) 
   Line (x84,394 y68,529 / x215,606 y219,471 / red) 
   Line (x84,394 y219,471 / x215,606 y68,529 / red) 
   Line (x85,721 y67,396 / x214,279 y220,604 / black) 
   Line (x85,721 y220,604 / x214,279 y67,396 / red) 
   Line (x87,068 y66,285 / x212,932 y221,715 / black) 
   Line (x87,068 y221,715 / x212,932 y66,285 / black) 
   Line (x88,434 y65,199 / x211,566 y222,801 / black) 
   Line (x88,434 y222,801 / x211,566 y65,199 / black) 
   Line (x89,818 y64,136 / x210,182 y223,864 / black) 
   Line (x89,818 y223,864 / x210,182 y64,136 / black) 
   Line (x91,221 y63,098 / x208,779 y224,902 / black) 
   Line (x91,221 y224,902 / x208,779 y63,098 / black) 
   Line (x92,642 y62,085 / x207,358 y225,915 / black) 
   Line (x92,642 y225,915 / x207,358 y62,085 / black) 
   Line (x94,081 y61,096 / x205,919 y226,904 / black) 
   Line (x94,081 y226,904 / x205,919 y61,096 / black) 
   Line (x95,536 y60,133 / x204,464 y227,867 / black) 
   Line (x95,536 y227,867 / x204,464 y60,133 / black) 
   Line (x97,008 y59,195 / x202,992 y228,805 / black) 
   Line (x97,008 y228,805 / x202,992 y59,195 / black) 
   Line (x98,496 y58,283 / x201,504 y229,717 / black) 
   Line (x98,496 y229,717 / x201,504 y58,283 / black) 
   Line (x100,000 y57,397 / x200,000 y230,603 / black) 
   Line (x100,000 y230,603 / x200,000 y57,397 / black) 
   Line (x101,519 y56,538 / x198,481 y231,462 / black) 
   Line (x101,519 y231,462 / x198,481 y56,538 / black) 
   Line (x103,053 y55,705 / x196,947 y232,295 / black) 
   Line (x103,053 y232,295 / x196,947 y55,705 / black) 
   Line (x104,601 y54,899 / x195,399 y233,101 / black) 
   Line (x104,601 y233,101 / x195,399 y54,899 / black) 
   Line (x106,163 y54,121 / x193,837 y233,879 / black) 
   Line (x106,163 y233,879 / x193,837 y54,121 / black) 
   Line (x107,738 y53,369 / x192,262 y234,631 / black) 
   Line (x107,738 y234,631 / x192,262 y53,369 / black) 
   Line (x109,326 y52,645 / x190,674 y235,355 / black) 
   Line (x109,326 y235,355 / x190,674 y52,645 / black) 
   Line (x110,927 y51,950 / x189,073 y236,050 / black) 
   Line (x110,927 y236,050 / x189,073 y51,950 / black) 
   Line (x112,539 y51,282 / x187,461 y236,718 / black) 
   Line (x112,539 y236,718 / x187,461 y51,282 / black) 
   Line (x114,163 y50,642 / x185,837 y237,358 / black) 
   Line (x114,163 y237,358 / x185,837 y50,642 / black) 
   Line (x115,798 y50,031 / x184,202 y237,969 / red) 
   Line (x115,798 y237,969 / x184,202 y50,031 / black) 
   Line (x117,443 y49,448 / x182,557 y238,552 / red) 
   Line (x117,443 y238,552 / x182,557 y49,448 / red) 
   Line (x119,098 y48,894 / x180,902 y239,106 / red) 
   Line (x119,098 y239,106 / x180,902 y48,894 / red) 
   Line (x120,763 y48,370 / x179,237 y239,630 / red) 
   Line (x120,763 y239,630 / x179,237 y48,370 / red) 
   Line (x122,436 y47,874 / x177,564 y240,126 / red) 
   Line (x122,436 y240,126 / x177,564 y47,874 / red) 
   Line (x124,118 y47,407 / x175,882 y240,593 / red) 
   Line (x124,118 y240,593 / x175,882 y47,407 / red) 
   Line (x125,808 y46,970 / x174,192 y241,030 / red) 
   Line (x125,808 y241,030 / x174,192 y46,970 / red) 
   Line (x127,505 y46,563 / x172,495 y241,437 / red) 
   Line (x127,505 y241,437 / x172,495 y46,563 / red) 
   Line (x129,209 y46,185 / x170,791 y241,815 / red) 
   Line (x129,209 y241,815 / x170,791 y46,185 / red) 
   Line (x130,919 y45,837 / x169,081 y242,163 / red) 
   Line (x130,919 y242,163 / x169,081 y45,837 / red) 
   Line (x132,635 y45,519 / x167,365 y242,481 / red) 
   Line (x132,635 y242,481 / x167,365 y45,519 / red) 
   Line (x134,357 y45,231 / x165,643 y242,769 / red) 
   Line (x134,357 y242,769 / x165,643 y45,231 / red) 
   Line (x136,083 y44,973 / x163,917 y243,027 / red) 
   Line (x136,083 y243,027 / x163,917 y44,973 / red) 
   Line (x137,813 y44,745 / x162,187 y243,255 / red) 
   Line (x137,813 y243,255 / x162,187 y44,745 / red) 
   Line (x139,547 y44,548 / x160,453 y243,452 / red) 
   Line (x139,547 y243,452 / x160,453 y44,548 / red) 
   Line (x141,284 y44,381 / x158,716 y243,619 / red) 
   Line (x141,284 y243,619 / x158,716 y44,381 / red) 
   Line (x143,024 y44,244 / x156,976 y243,756 / red) 
   Line (x143,024 y243,756 / x156,976 y44,244 / red) 
   Line (x144,766 y44,137 / x155,234 y243,863 / red) 
   Line (x144,766 y243,863 / x155,234 y44,137 / red) 
   Line (x146,510 y44,061 / x153,490 y243,939 / red) 
   Line (x146,510 y243,939 / x153,490 y44,061 / red) 
   Line (x148,255 y44,015 / x151,745 y243,985 / red) 
   Line (x148,255 y243,985 / x151,745 y44,015 / red) 
   Line (x150,000 y44,000 / x150,000 y150,000 / black) 
   Line (x150,000 y144,000 / x150,000 y244,000 / red) 
Missing shapes in your solution:
   Line (x50,000 y150,000 / x250,000 y150,000 / red) 
   Line (x50,015 y148,255 / x249,985 y151,745 / red) 
   Line (x50,015 y151,745 / x249,985 y148,255 / red) 
   Line (x50,061 y146,510 / x249,939 y153,490 / red) 
   Line (x50,061 y153,490 / x249,939 y146,510 / red) 
   Line (x50,137 y144,766 / x249,863 y155,234 / red) 
   Line (x50,137 y155,234 / x249,863 y144,766 / red) 
   Line (x50,244 y143,024 / x249,756 y156,976 / red) 
   Line (x50,244 y156,976 / x249,756 y143,024 / red) 
   Line (x50,381 y141,284 / x249,619 y158,716 / red) 
   Line (x50,381 y158,716 / x249,619 y141,284 / red) 
   Line (x50,548 y139,547 / x249,452 y160,453 / red) 
   Line (x50,548 y160,453 / x249,452 y139,547 / red) 
   Line (x50,745 y137,813 / x249,255 y162,187 / red) 
   Line (x50,745 y162,187 / x249,255 y137,813 / red) 
   Line (x50,973 y136,083 / x249,027 y163,917 / red) 
   Line (x50,973 y163,917 / x249,027 y136,083 / red) 
   Line (x51,231 y134,357 / x248,769 y165,643 / red) 
   Line (x51,231 y165,643 / x248,769 y134,357 / red) 
   Line (x51,519 y132,635 / x248,481 y167,365 / black) 
   Line (x51,519 y167,365 / x248,481 y132,635 / red) 
   Line (x51,837 y130,919 / x248,163 y169,081 / black) 
   Line (x51,837 y169,081 / x248,163 y130,919 / black) 
   Line (x52,185 y129,209 / x247,815 y170,791 / black) 
   Line (x52,185 y170,791 / x247,815 y129,209 / black) 
   Line (x52,563 y127,505 / x247,437 y172,495 / black) 
   Line (x52,563 y172,495 / x247,437 y127,505 / black) 
   Line (x52,970 y125,808 / x247,030 y174,192 / black) 
   Line (x52,970 y174,192 / x247,030 y125,808 / black) 
   Line (x53,407 y124,118 / x246,593 y175,882 / black) 
   Line (x53,407 y175,882 / x246,593 y124,118 / black) 
   Line (x53,874 y122,436 / x246,126 y177,564 / black) 
   Line (x53,874 y177,564 / x246,126 y122,436 / black) 
   Line (x54,370 y120,763 / x245,630 y179,237 / black) 
   Line (x54,370 y179,237 / x245,630 y120,763 / black) 
   Line (x54,894 y119,098 / x245,106 y180,902 / black) 
   Line (x54,894 y180,902 / x245,106 y119,098 / black) 
   Line (x55,448 y117,443 / x244,552 y182,557 / black) 
   Line (x55,448 y182,557 / x244,552 y117,443 / black) 
   Line (x56,031 y115,798 / x243,969 y184,202 / black) 
   Line (x56,031 y184,202 / x243,969 y115,798 / black) 
   Line (x56,642 y114,163 / x243,358 y185,837 / black) 
   Line (x56,642 y185,837 / x243,358 y114,163 / black) 
   Line (x57,282 y112,539 / x242,718 y187,461 / black) 
   Line (x57,282 y187,461 / x242,718 y112,539 / black) 
   Line (x57,950 y110,927 / x242,050 y189,073 / black) 
   Line (x57,950 y189,073 / x242,050 y110,927 / black) 
   Line (x58,645 y109,326 / x241,355 y190,674 / black) 
   Line (x58,645 y190,674 / x241,355 y109,326 / black) 
   Line (x59,369 y107,738 / x240,631 y192,262 / black) 
   Line (x59,369 y192,262 / x240,631 y107,738 / black) 
   Line (x60,121 y106,163 / x239,879 y193,837 / black) 
   Line (x60,121 y193,837 / x239,879 y106,163 / black) 
   Line (x60,899 y104,601 / x239,101 y195,399 / black) 
   Line (x60,899 y195,399 / x239,101 y104,601 / black) 
   Line (x61,705 y103,053 / x238,295 y196,947 / black) 
   Line (x61,705 y196,947 / x238,295 y103,053 / black) 
   Line (x62,538 y101,519 / x237,462 y198,481 / black) 
   Line (x62,538 y198,481 / x237,462 y101,519 / black) 
   Line (x63,397 y100,000 / x236,603 y200,000 / red) 
   Line (x63,397 y200,000 / x236,603 y100,000 / black) 
   Line (x64,283 y98,496 / x235,717 y201,504 / red) 
   Line (x64,283 y201,504 / x235,717 y98,496 / red) 
   Line (x65,195 y97,008 / x234,805 y202,992 / red) 
   Line (x65,195 y202,992 / x234,805 y97,008 / red) 
   Line (x66,133 y95,536 / x233,867 y204,464 / red) 
   Line (x66,133 y204,464 / x233,867 y95,536 / red) 
   Line (x67,096 y94,081 / x232,904 y205,919 / red) 
   Line (x67,096 y205,919 / x232,904 y94,081 / red) 
   Line (x68,085 y92,642 / x231,915 y207,358 / red) 
   Line (x68,085 y207,358 / x231,915 y92,642 / red) 
   Line (x69,098 y91,221 / x230,902 y208,779 / red) 
   Line (x69,098 y208,779 / x230,902 y91,221 / red) 
   Line (x70,136 y89,818 / x229,864 y210,182 / red) 
   Line (x70,136 y210,182 / x229,864 y89,818 / red) 
   Line (x71,199 y88,434 / x228,801 y211,566 / red) 
   Line (x71,199 y211,566 / x228,801 y88,434 / red) 
   Line (x72,285 y87,068 / x227,715 y212,932 / red) 
   Line (x72,285 y212,932 / x227,715 y87,068 / red) 
   Line (x73,396 y85,721 / x226,604 y214,279 / red) 
   Line (x73,396 y214,279 / x226,604 y85,721 / red) 
   Line (x74,529 y84,394 / x225,471 y215,606 / red) 
   Line (x74,529 y215,606 / x225,471 y84,394 / red) 
   Line (x75,686 y83,087 / x224,314 y216,913 / red) 
   Line (x75,686 y216,913 / x224,314 y83,087 / red) 
   Line (x76,865 y81,800 / x223,135 y218,200 / red) 
   Line (x76,865 y218,200 / x223,135 y81,800 / red) 
   Line (x78,066 y80,534 / x221,934 y219,466 / red) 
   Line (x78,066 y219,466 / x221,934 y80,534 / red) 
   Line (x79,289 y79,289 / x220,711 y220,711 / red) 
   Line (x79,289 y220,711 / x220,711 y79,289 / red) 
   Line (x80,534 y78,066 / x219,466 y221,934 / red) 
   Line (x80,534 y221,934 / x219,466 y78,066 / red) 
   Line (x81,800 y76,865 / x218,200 y223,135 / red) 
   Line (x81,800 y223,135 / x218,200 y76,865 / red) 
   Line (x83,087 y75,686 / x216,913 y224,314 / red) 
   Line (x83,087 y224,314 / x216,913 y75,686 / red) 
   Line (x84,394 y74,529 / x215,606 y225,471 / red) 
   Line (x84,394 y225,471 / x215,606 y74,529 / red) 
   Line (x85,721 y73,396 / x214,279 y226,604 / black) 
   Line (x85,721 y226,604 / x214,279 y73,396 / red) 
   Line (x87,068 y72,285 / x212,932 y227,715 / black) 
   Line (x87,068 y227,715 / x212,932 y72,285 / black) 
   Line (x88,434 y71,199 / x211,566 y228,801 / black) 
   Line (x88,434 y228,801 / x211,566 y71,199 / black) 
   Line (x89,818 y70,136 / x210,182 y229,864 / black) 
   Line (x89,818 y229,864 / x210,182 y70,136 / black) 
   Line (x91,221 y69,098 / x208,779 y230,902 / black) 
   Line (x91,221 y230,902 / x208,779 y69,098 / black) 
   Line (x92,642 y68,085 / x207,358 y231,915 / black) 
   Line (x92,642 y231,915 / x207,358 y68,085 / black) 
   Line (x94,081 y67,096 / x205,919 y232,904 / black) 
   Line (x94,081 y232,904 / x205,919 y67,096 / black) 
   Line (x95,536 y66,133 / x204,464 y233,867 / black) 
   Line (x95,536 y233,867 / x204,464 y66,133 / black) 
   Line (x97,008 y65,195 / x202,992 y234,805 / black) 
   Line (x97,008 y234,805 / x202,992 y65,195 / black) 
   Line (x98,496 y64,283 / x201,504 y235,717 / black) 
   Line (x98,496 y235,717 / x201,504 y64,283 / black) 
   Line (x100,000 y63,397 / x200,000 y236,603 / black) 
   Line (x100,000 y236,603 / x200,000 y63,397 / black) 
   Line (x101,519 y62,538 / x198,481 y237,462 / black) 
   Line (x101,519 y237,462 / x198,481 y62,538 / black) 
   Line (x103,053 y61,705 / x196,947 y238,295 / black) 
   Line (x103,053 y238,295 / x196,947 y61,705 / black) 
   Line (x104,601 y60,899 / x195,399 y239,101 / black) 
   Line (x104,601 y239,101 / x195,399 y60,899 / black) 
   Line (x106,163 y60,121 / x193,837 y239,879 / black) 
   Line (x106,163 y239,879 / x193,837 y60,121 / black) 
   Line (x107,738 y59,369 / x192,262 y240,631 / black) 
   Line (x107,738 y240,631 / x192,262 y59,369 / black) 
   Line (x109,326 y58,645 / x190,674 y241,355 / black) 
   Line (x109,326 y241,355 / x190,674 y58,645 / black) 
   Line (x110,927 y57,950 / x189,073 y242,050 / black) 
   Line (x110,927 y242,050 / x189,073 y57,950 / black) 
   Line (x112,539 y57,282 / x187,461 y242,718 / black) 
   Line (x112,539 y242,718 / x187,461 y57,282 / black) 
   Line (x114,163 y56,642 / x185,837 y243,358 / black) 
   Line (x114,163 y243,358 / x185,837 y56,642 / black) 
   Line (x115,798 y56,031 / x184,202 y243,969 / red) 
   Line (x115,798 y243,969 / x184,202 y56,031 / black) 
   Line (x117,443 y55,448 / x182,557 y244,552 / red) 
   Line (x117,443 y244,552 / x182,557 y55,448 / red) 
   Line (x119,098 y54,894 / x180,902 y245,106 / red) 
   Line (x119,098 y245,106 / x180,902 y54,894 / red) 
   Line (x120,763 y54,370 / x179,237 y245,630 / red) 
   Line (x120,763 y245,630 / x179,237 y54,370 / red) 
   Line (x122,436 y53,874 / x177,564 y246,126 / red) 
   Line (x122,436 y246,126 / x177,564 y53,874 / red) 
   Line (x124,118 y53,407 / x175,882 y246,593 / red) 
   Line (x124,118 y246,593 / x175,882 y53,407 / red) 
   Line (x125,808 y52,970 / x174,192 y247,030 / red) 
   Line (x125,808 y247,030 / x174,192 y52,970 / red) 
   Line (x127,505 y52,563 / x172,495 y247,437 / red) 
   Line (x127,505 y247,437 / x172,495 y52,563 / red) 
   Line (x129,209 y52,185 / x170,791 y247,815 / red) 
   Line (x129,209 y247,815 / x170,791 y52,185 / red) 
   Line (x130,919 y51,837 / x169,081 y248,163 / red) 
   Line (x130,919 y248,163 / x169,081 y51,837 / red) 
   Line (x132,635 y51,519 / x167,365 y248,481 / red) 
   Line (x132,635 y248,481 / x167,365 y51,519 / red) 
   Line (x134,357 y51,231 / x165,643 y248,769 / red) 
   Line (x134,357 y248,769 / x165,643 y51,231 / red) 
   Line (x136,083 y50,973 / x163,917 y249,027 / red) 
   Line (x136,083 y249,027 / x163,917 y50,973 / red) 
   Line (x137,813 y50,745 / x162,187 y249,255 / red) 
   Line (x137,813 y249,255 / x162,187 y50,745 / red) 
   Line (x139,547 y50,548 / x160,453 y249,452 / red) 
   Line (x139,547 y249,452 / x160,453 y50,548 / red) 
   Line (x141,284 y50,381 / x158,716 y249,619 / red) 
   Line (x141,284 y249,619 / x158,716 y50,381 / red) 
   Line (x143,024 y50,244 / x156,976 y249,756 / red) 
   Line (x143,024 y249,756 / x156,976 y50,244 / red) 
   Line (x144,766 y50,137 / x155,234 y249,863 / red) 
   Line (x144,766 y249,863 / x155,234 y50,137 / red) 
   Line (x146,510 y50,061 / x153,490 y249,939 / red) 
   Line (x146,510 y249,939 / x153,490 y50,061 / red) 
   Line (x148,255 y50,015 / x151,745 y249,985 / red) 
   Line (x148,255 y249,985 / x151,745 y50,015 / red) 
   Line (x150,000 y50,000 / x150,000 y250,000 / black) 

