  There is 270 shapes, but only 180 shapes were expected
Superflous shapes in your solution:
   Line (x50,007 y148,836 / x249,993 y151,164 / red) 
   Line (x50,007 y151,164 / x249,993 y148,836 / red) 
   Line (x50,027 y147,673 / x249,973 y152,327 / red) 
   Line (x50,027 y152,327 / x249,973 y147,673 / red) 
   Line (x50,108 y145,347 / x249,892 y154,653 / red) 
   Line (x50,108 y154,653 / x249,892 y145,347 / red) 
   Line (x50,169 y144,186 / x249,831 y155,814 / red) 
   Line (x50,169 y155,814 / x249,831 y144,186 / red) 
   Line (x50,332 y141,864 / x249,668 y158,136 / red) 
   Line (x50,332 y158,136 / x249,668 y141,864 / red) 
   Line (x50,433 y140,705 / x249,567 y159,295 / red) 
   Line (x50,433 y159,295 / x249,567 y140,705 / red) 
   Line (x50,676 y138,391 / x249,324 y161,609 / red) 
   Line (x50,676 y161,609 / x249,324 y138,391 / red) 
   Line (x50,818 y137,236 / x249,182 y162,764 / red) 
   Line (x50,818 y162,764 / x249,182 y137,236 / red) 
   Line (x51,142 y134,931 / x248,858 y165,069 / red) 
   Line (x51,142 y165,069 / x248,858 y134,931 / red) 
   Line (x51,324 y133,782 / x248,676 y166,218 / red) 
   Line (x51,324 y166,218 / x248,676 y133,782 / red) 
   Line (x51,728 y131,491 / x248,272 y168,509 / black) 
   Line (x51,728 y168,509 / x248,272 y131,491 / black) 
   Line (x51,950 y130,348 / x248,050 y169,652 / black) 
   Line (x51,950 y169,652 / x248,050 y130,348 / black) 
   Line (x52,434 y128,072 / x247,566 y171,928 / black) 
   Line (x52,434 y171,928 / x247,566 y128,072 / black) 
   Line (x52,696 y126,938 / x247,304 y173,062 / black) 
   Line (x52,696 y173,062 / x247,304 y126,938 / black) 
   Line (x53,258 y124,680 / x246,742 y175,320 / black) 
   Line (x53,258 y175,320 / x246,742 y124,680 / black) 
   Line (x53,560 y123,557 / x246,440 y176,443 / black) 
   Line (x53,560 y176,443 / x246,440 y123,557 / black) 
   Line (x54,201 y121,320 / x245,799 y178,680 / black) 
   Line (x54,201 y178,680 / x245,799 y121,320 / black) 
   Line (x54,541 y120,207 / x245,459 y179,793 / black) 
   Line (x54,541 y179,793 / x245,459 y120,207 / black) 
   Line (x55,260 y117,994 / x244,740 y182,006 / black) 
   Line (x55,260 y182,006 / x244,740 y117,994 / black) 
   Line (x55,639 y116,894 / x244,361 y183,106 / black) 
   Line (x55,639 y183,106 / x244,361 y116,894 / black) 
   Line (x56,435 y114,707 / x243,565 y185,293 / black) 
   Line (x56,435 y185,293 / x243,565 y114,707 / black) 
   Line (x56,852 y113,621 / x243,148 y186,379 / black) 
   Line (x56,852 y186,379 / x243,148 y113,621 / black) 
   Line (x57,724 y111,463 / x242,276 y188,537 / black) 
   Line (x57,724 y188,537 / x242,276 y111,463 / black) 
   Line (x58,178 y110,392 / x241,822 y189,608 / black) 
   Line (x58,178 y189,608 / x241,822 y110,392 / black) 
   Line (x59,125 y108,266 / x240,875 y191,734 / black) 
   Line (x59,125 y191,734 / x240,875 y108,266 / black) 
   Line (x59,617 y107,212 / x240,383 y192,788 / black) 
   Line (x59,617 y192,788 / x240,383 y107,212 / black) 
   Line (x60,637 y105,120 / x239,363 y194,880 / black) 
   Line (x60,637 y194,880 / x239,363 y105,120 / black) 
   Line (x61,165 y104,083 / x238,835 y195,917 / black) 
   Line (x61,165 y195,917 / x238,835 y104,083 / black) 
   Line (x62,257 y102,029 / x237,743 y197,971 / black) 
   Line (x62,257 y197,971 / x237,743 y102,029 / black) 
   Line (x62,822 y101,011 / x237,178 y198,989 / black) 
   Line (x62,822 y198,989 / x237,178 y101,011 / black) 
   Line (x63,985 y98,996 / x236,015 y201,004 / red) 
   Line (x63,985 y201,004 / x236,015 y98,996 / red) 
   Line (x64,584 y97,998 / x235,416 y202,002 / red) 
   Line (x64,584 y202,002 / x235,416 y97,998 / red) 
   Line (x65,818 y96,025 / x234,182 y203,975 / red) 
   Line (x65,818 y203,975 / x234,182 y96,025 / red) 
   Line (x66,451 y95,049 / x233,549 y204,951 / red) 
   Line (x66,451 y204,951 / x233,549 y95,049 / red) 
   Line (x67,752 y93,120 / x232,248 y206,880 / red) 
   Line (x67,752 y206,880 / x232,248 y93,120 / red) 
   Line (x68,420 y92,167 / x231,580 y207,833 / red) 
   Line (x68,420 y207,833 / x231,580 y92,167 / red) 
   Line (x69,788 y90,284 / x230,212 y209,716 / red) 
   Line (x69,788 y209,716 / x230,212 y90,284 / red) 
   Line (x70,488 y89,355 / x229,512 y210,645 / red) 
   Line (x70,488 y210,645 / x229,512 y89,355 / red) 
   Line (x71,921 y87,521 / x228,079 y212,479 / red) 
   Line (x71,921 y212,479 / x228,079 y87,521 / red) 
   Line (x72,653 y86,617 / x227,347 y213,383 / red) 
   Line (x72,653 y213,383 / x227,347 y86,617 / red) 
   Line (x74,149 y84,834 / x225,851 y215,166 / red) 
   Line (x74,149 y215,166 / x225,851 y84,834 / red) 
   Line (x74,912 y83,956 / x225,088 y216,044 / red) 
   Line (x74,912 y216,044 / x225,088 y83,956 / red) 
   Line (x76,469 y82,227 / x223,531 y217,773 / red) 
   Line (x76,469 y217,773 / x223,531 y82,227 / red) 
   Line (x77,263 y81,376 / x222,737 y218,624 / red) 
   Line (x77,263 y218,624 / x222,737 y81,376 / red) 
   Line (x78,879 y79,702 / x221,121 y220,298 / red) 
   Line (x78,879 y220,298 / x221,121 y79,702 / red) 
   Line (x79,702 y78,879 / x220,298 y221,121 / red) 
   Line (x79,702 y221,121 / x220,298 y78,879 / red) 
   Line (x81,376 y77,263 / x218,624 y222,737 / red) 
   Line (x81,376 y222,737 / x218,624 y77,263 / red) 
   Line (x82,227 y76,469 / x217,773 y223,531 / red) 
   Line (x82,227 y223,531 / x217,773 y76,469 / red) 
   Line (x83,956 y74,912 / x216,044 y225,088 / red) 
   Line (x83,956 y225,088 / x216,044 y74,912 / red) 
   Line (x84,834 y74,149 / x215,166 y225,851 / red) 
   Line (x84,834 y225,851 / x215,166 y74,149 / red) 
   Line (x86,617 y72,653 / x213,383 y227,347 / black) 
   Line (x86,617 y227,347 / x213,383 y72,653 / black) 
   Line (x87,521 y71,921 / x212,479 y228,079 / black) 
   Line (x87,521 y228,079 / x212,479 y71,921 / black) 
   Line (x89,355 y70,488 / x210,645 y229,512 / black) 
   Line (x89,355 y229,512 / x210,645 y70,488 / black) 
   Line (x90,284 y69,788 / x209,716 y230,212 / black) 
   Line (x90,284 y230,212 / x209,716 y69,788 / black) 
   Line (x92,167 y68,420 / x207,833 y231,580 / black) 
   Line (x92,167 y231,580 / x207,833 y68,420 / black) 
   Line (x93,120 y67,752 / x206,880 y232,248 / black) 
   Line (x93,120 y232,248 / x206,880 y67,752 / black) 
   Line (x95,049 y66,451 / x204,951 y233,549 / black) 
   Line (x95,049 y233,549 / x204,951 y66,451 / black) 
   Line (x96,025 y65,818 / x203,975 y234,182 / black) 
   Line (x96,025 y234,182 / x203,975 y65,818 / black) 
   Line (x97,998 y64,584 / x202,002 y235,416 / black) 
   Line (x97,998 y235,416 / x202,002 y64,584 / black) 
   Line (x98,996 y63,985 / x201,004 y236,015 / black) 
   Line (x98,996 y236,015 / x201,004 y63,985 / black) 
   Line (x101,011 y62,822 / x198,989 y237,178 / black) 
   Line (x101,011 y237,178 / x198,989 y62,822 / black) 
   Line (x102,029 y62,257 / x197,971 y237,743 / black) 
   Line (x102,029 y237,743 / x197,971 y62,257 / black) 
   Line (x104,083 y61,165 / x195,917 y238,835 / black) 
   Line (x104,083 y238,835 / x195,917 y61,165 / black) 
   Line (x105,120 y60,637 / x194,880 y239,363 / black) 
   Line (x105,120 y239,363 / x194,880 y60,637 / black) 
   Line (x107,212 y59,617 / x192,788 y240,383 / black) 
   Line (x107,212 y240,383 / x192,788 y59,617 / black) 
   Line (x108,266 y59,125 / x191,734 y240,875 / black) 
   Line (x108,266 y240,875 / x191,734 y59,125 / black) 
   Line (x110,392 y58,178 / x189,608 y241,822 / black) 
   Line (x110,392 y241,822 / x189,608 y58,178 / black) 
   Line (x111,463 y57,724 / x188,537 y242,276 / black) 
   Line (x111,463 y242,276 / x188,537 y57,724 / black) 
   Line (x113,621 y56,852 / x186,379 y243,148 / black) 
   Line (x113,621 y243,148 / x186,379 y56,852 / black) 
   Line (x114,707 y56,435 / x185,293 y243,565 / black) 
   Line (x114,707 y243,565 / x185,293 y56,435 / black) 
   Line (x116,894 y55,639 / x183,106 y244,361 / red) 
   Line (x116,894 y244,361 / x183,106 y55,639 / red) 
   Line (x117,994 y55,260 / x182,006 y244,740 / red) 
   Line (x117,994 y244,740 / x182,006 y55,260 / red) 
   Line (x120,207 y54,541 / x179,793 y245,459 / red) 
   Line (x120,207 y245,459 / x179,793 y54,541 / red) 
   Line (x121,320 y54,201 / x178,680 y245,799 / red) 
   Line (x121,320 y245,799 / x178,680 y54,201 / red) 
   Line (x123,557 y53,560 / x176,443 y246,440 / red) 
   Line (x123,557 y246,440 / x176,443 y53,560 / red) 
   Line (x124,680 y53,258 / x175,320 y246,742 / red) 
   Line (x124,680 y246,742 / x175,320 y53,258 / red) 
   Line (x126,938 y52,696 / x173,062 y247,304 / red) 
   Line (x126,938 y247,304 / x173,062 y52,696 / red) 
   Line (x128,072 y52,434 / x171,928 y247,566 / red) 
   Line (x128,072 y247,566 / x171,928 y52,434 / red) 
   Line (x130,348 y51,950 / x169,652 y248,050 / red) 
   Line (x130,348 y248,050 / x169,652 y51,950 / red) 
   Line (x131,491 y51,728 / x168,509 y248,272 / red) 
   Line (x131,491 y248,272 / x168,509 y51,728 / red) 
   Line (x133,782 y51,324 / x166,218 y248,676 / red) 
   Line (x133,782 y248,676 / x166,218 y51,324 / red) 
   Line (x134,931 y51,142 / x165,069 y248,858 / red) 
   Line (x134,931 y248,858 / x165,069 y51,142 / red) 
   Line (x137,236 y50,818 / x162,764 y249,182 / red) 
   Line (x137,236 y249,182 / x162,764 y50,818 / red) 
   Line (x138,391 y50,676 / x161,609 y249,324 / red) 
   Line (x138,391 y249,324 / x161,609 y50,676 / red) 
   Line (x140,705 y50,433 / x159,295 y249,567 / red) 
   Line (x140,705 y249,567 / x159,295 y50,433 / red) 
   Line (x141,864 y50,332 / x158,136 y249,668 / red) 
   Line (x141,864 y249,668 / x158,136 y50,332 / red) 
   Line (x144,186 y50,169 / x155,814 y249,831 / red) 
   Line (x144,186 y249,831 / x155,814 y50,169 / red) 
   Line (x145,347 y50,108 / x154,653 y249,892 / red) 
   Line (x145,347 y249,892 / x154,653 y50,108 / red) 
   Line (x147,673 y50,027 / x152,327 y249,973 / red) 
   Line (x147,673 y249,973 / x152,327 y50,027 / red) 
   Line (x148,836 y50,007 / x151,164 y249,993 / red) 
   Line (x148,836 y249,993 / x151,164 y50,007 / red) 
Missing shapes in your solution:
   Line (x50,015 y148,255 / x249,985 y151,745 / red) 
   Line (x50,015 y151,745 / x249,985 y148,255 / red) 
   Line (x50,137 y144,766 / x249,863 y155,234 / red) 
   Line (x50,137 y155,234 / x249,863 y144,766 / red) 
   Line (x50,381 y141,284 / x249,619 y158,716 / red) 
   Line (x50,381 y158,716 / x249,619 y141,284 / red) 
   Line (x50,745 y137,813 / x249,255 y162,187 / red) 
   Line (x50,745 y162,187 / x249,255 y137,813 / red) 
   Line (x51,231 y134,357 / x248,769 y165,643 / red) 
   Line (x51,231 y165,643 / x248,769 y134,357 / red) 
   Line (x51,837 y130,919 / x248,163 y169,081 / black) 
   Line (x51,837 y169,081 / x248,163 y130,919 / black) 
   Line (x52,563 y127,505 / x247,437 y172,495 / black) 
   Line (x52,563 y172,495 / x247,437 y127,505 / black) 
   Line (x53,407 y124,118 / x246,593 y175,882 / black) 
   Line (x53,407 y175,882 / x246,593 y124,118 / black) 
   Line (x54,370 y120,763 / x245,630 y179,237 / black) 
   Line (x54,370 y179,237 / x245,630 y120,763 / black) 
   Line (x55,448 y117,443 / x244,552 y182,557 / black) 
   Line (x55,448 y182,557 / x244,552 y117,443 / black) 
   Line (x56,642 y114,163 / x243,358 y185,837 / black) 
   Line (x56,642 y185,837 / x243,358 y114,163 / black) 
   Line (x57,950 y110,927 / x242,050 y189,073 / black) 
   Line (x57,950 y189,073 / x242,050 y110,927 / black) 
   Line (x59,369 y107,738 / x240,631 y192,262 / black) 
   Line (x59,369 y192,262 / x240,631 y107,738 / black) 
   Line (x60,899 y104,601 / x239,101 y195,399 / black) 
   Line (x60,899 y195,399 / x239,101 y104,601 / black) 
   Line (x62,538 y101,519 / x237,462 y198,481 / black) 
   Line (x62,538 y198,481 / x237,462 y101,519 / black) 
   Line (x64,283 y98,496 / x235,717 y201,504 / red) 
   Line (x64,283 y201,504 / x235,717 y98,496 / red) 
   Line (x66,133 y95,536 / x233,867 y204,464 / red) 
   Line (x66,133 y204,464 / x233,867 y95,536 / red) 
   Line (x68,085 y92,642 / x231,915 y207,358 / red) 
   Line (x68,085 y207,358 / x231,915 y92,642 / red) 
   Line (x70,136 y89,818 / x229,864 y210,182 / red) 
   Line (x70,136 y210,182 / x229,864 y89,818 / red) 
   Line (x72,285 y87,068 / x227,715 y212,932 / red) 
   Line (x72,285 y212,932 / x227,715 y87,068 / red) 
   Line (x74,529 y84,394 / x225,471 y215,606 / red) 
   Line (x74,529 y215,606 / x225,471 y84,394 / red) 
   Line (x76,865 y81,800 / x223,135 y218,200 / red) 
   Line (x76,865 y218,200 / x223,135 y81,800 / red) 
   Line (x79,289 y79,289 / x220,711 y220,711 / red) 
   Line (x79,289 y220,711 / x220,711 y79,289 / red) 
   Line (x81,800 y76,865 / x218,200 y223,135 / red) 
   Line (x81,800 y223,135 / x218,200 y76,865 / red) 
   Line (x84,394 y74,529 / x215,606 y225,471 / red) 
   Line (x84,394 y225,471 / x215,606 y74,529 / red) 
   Line (x87,068 y72,285 / x212,932 y227,715 / black) 
   Line (x87,068 y227,715 / x212,932 y72,285 / black) 
   Line (x89,818 y70,136 / x210,182 y229,864 / black) 
   Line (x89,818 y229,864 / x210,182 y70,136 / black) 
   Line (x92,642 y68,085 / x207,358 y231,915 / black) 
   Line (x92,642 y231,915 / x207,358 y68,085 / black) 
   Line (x95,536 y66,133 / x204,464 y233,867 / black) 
   Line (x95,536 y233,867 / x204,464 y66,133 / black) 
   Line (x98,496 y64,283 / x201,504 y235,717 / black) 
   Line (x98,496 y235,717 / x201,504 y64,283 / black) 
   Line (x101,519 y62,538 / x198,481 y237,462 / black) 
   Line (x101,519 y237,462 / x198,481 y62,538 / black) 
   Line (x104,601 y60,899 / x195,399 y239,101 / black) 
   Line (x104,601 y239,101 / x195,399 y60,899 / black) 
   Line (x107,738 y59,369 / x192,262 y240,631 / black) 
   Line (x107,738 y240,631 / x192,262 y59,369 / black) 
   Line (x110,927 y57,950 / x189,073 y242,050 / black) 
   Line (x110,927 y242,050 / x189,073 y57,950 / black) 
   Line (x114,163 y56,642 / x185,837 y243,358 / black) 
   Line (x114,163 y243,358 / x185,837 y56,642 / black) 
   Line (x117,443 y55,448 / x182,557 y244,552 / red) 
   Line (x117,443 y244,552 / x182,557 y55,448 / red) 
   Line (x120,763 y54,370 / x179,237 y245,630 / red) 
   Line (x120,763 y245,630 / x179,237 y54,370 / red) 
   Line (x124,118 y53,407 / x175,882 y246,593 / red) 
   Line (x124,118 y246,593 / x175,882 y53,407 / red) 
   Line (x127,505 y52,563 / x172,495 y247,437 / red) 
   Line (x127,505 y247,437 / x172,495 y52,563 / red) 
   Line (x130,919 y51,837 / x169,081 y248,163 / red) 
   Line (x130,919 y248,163 / x169,081 y51,837 / red) 
   Line (x134,357 y51,231 / x165,643 y248,769 / red) 
   Line (x134,357 y248,769 / x165,643 y51,231 / red) 
   Line (x137,813 y50,745 / x162,187 y249,255 / red) 
   Line (x137,813 y249,255 / x162,187 y50,745 / red) 
   Line (x141,284 y50,381 / x158,716 y249,619 / red) 
   Line (x141,284 y249,619 / x158,716 y50,381 / red) 
   Line (x144,766 y50,137 / x155,234 y249,863 / red) 
   Line (x144,766 y249,863 / x155,234 y50,137 / red) 
   Line (x148,255 y50,015 / x151,745 y249,985 / red) 
   Line (x148,255 y249,985 / x151,745 y50,015 / red) 

