  There is 335 shapes, but only 180 shapes were expected
Superflous shapes in your solution:
   Line (x50,000 y150,000 / x249,996 y149,127 / red) 
   Line (x50,015 y148,255 / x249,966 y152,618 / red) 
   Line (x50,015 y151,745 / x249,966 y147,382 / red) 
   Line (x50,061 y146,510 / x249,905 y154,362 / red) 
   Line (x50,061 y153,490 / x249,905 y145,638 / red) 
   Line (x50,137 y144,766 / x249,813 y156,105 / red) 
   Line (x50,137 y155,234 / x249,813 y143,895 / red) 
   Line (x50,244 y143,024 / x249,692 y157,846 / red) 
   Line (x50,244 y156,976 / x249,692 y142,154 / red) 
   Line (x50,381 y141,284 / x249,540 y159,585 / red) 
   Line (x50,381 y158,716 / x249,540 y140,415 / red) 
   Line (x50,548 y139,547 / x249,357 y161,320 / red) 
   Line (x50,548 y160,453 / x249,357 y138,680 / red) 
   Line (x50,745 y137,813 / x249,144 y163,053 / red) 
   Line (x50,745 y162,187 / x249,144 y136,947 / red) 
   Line (x50,973 y136,083 / x248,902 y164,781 / red) 
   Line (x50,973 y163,917 / x248,902 y135,219 / red) 
   Line (x51,231 y134,357 / x248,629 y166,505 / red) 
   Line (x51,231 y165,643 / x248,629 y133,495 / red) 
   Line (x52,008 y130,063 / x247,815 y170,791 / black) 
   Line (x52,763 y126,655 / x247,030 y174,192 / black) 
   Line (x53,185 y124,962 / x246,593 y175,882 / black) 
   Line (x53,185 y175,038 / x246,593 y124,118 / black) 
   Line (x54,118 y178,402 / x245,630 y120,763 / black) 
   Line (x54,628 y180,071 / x245,106 y119,098 / black) 
   Line (x55,168 y181,730 / x244,552 y117,443 / black) 
   Line (x56,333 y185,021 / x243,358 y114,163 / black) 
   Line (x56,958 y113,350 / x150,000 y150,000 / black) 
   Line (x56,958 y186,650 / x150,000 y150,000 / black) 
   Line (x57,612 y111,732 / x150,000 y150,000 / black) 
   Line (x57,612 y188,268 / x150,000 y150,000 / black) 
   Line (x58,294 y110,125 / x150,000 y150,000 / black) 
   Line (x58,294 y189,875 / x150,000 y150,000 / black) 
   Line (x59,004 y108,531 / x150,000 y150,000 / black) 
   Line (x59,004 y191,469 / x150,000 y150,000 / black) 
   Line (x59,741 y106,949 / x150,000 y150,000 / black) 
   Line (x59,741 y193,051 / x150,000 y150,000 / black) 
   Line (x60,507 y105,380 / x150,000 y150,000 / black) 
   Line (x60,507 y194,620 / x150,000 y150,000 / black) 
   Line (x61,299 y103,825 / x150,000 y150,000 / black) 
   Line (x61,299 y196,175 / x150,000 y150,000 / black) 
   Line (x62,118 y102,284 / x150,000 y150,000 / black) 
   Line (x62,118 y197,716 / x150,000 y150,000 / black) 
   Line (x62,964 y100,758 / x150,000 y150,000 / black) 
   Line (x62,964 y199,242 / x150,000 y150,000 / black) 
   Line (x86,392 y72,838 / x150,000 y150,000 / black) 
   Line (x86,392 y227,162 / x150,000 y150,000 / black) 
   Line (x87,749 y71,739 / x150,000 y150,000 / black) 
   Line (x87,749 y228,261 / x150,000 y150,000 / black) 
   Line (x89,124 y70,665 / x150,000 y150,000 / black) 
   Line (x89,124 y229,335 / x150,000 y150,000 / black) 
   Line (x90,518 y69,614 / x150,000 y150,000 / black) 
   Line (x90,518 y230,386 / x150,000 y150,000 / black) 
   Line (x91,930 y68,588 / x150,000 y150,000 / black) 
   Line (x91,930 y231,412 / x150,000 y150,000 / black) 
   Line (x93,359 y67,587 / x150,000 y150,000 / black) 
   Line (x93,359 y232,413 / x150,000 y150,000 / black) 
   Line (x94,806 y66,611 / x150,000 y150,000 / black) 
   Line (x94,806 y233,389 / x150,000 y150,000 / black) 
   Line (x96,270 y65,661 / x150,000 y150,000 / black) 
   Line (x96,270 y234,339 / x150,000 y150,000 / black) 
   Line (x97,750 y64,736 / x150,000 y150,000 / black) 
   Line (x97,750 y235,264 / x150,000 y150,000 / black) 
   Line (x99,246 y63,837 / x150,000 y150,000 / black) 
   Line (x99,246 y236,163 / x150,000 y150,000 / black) 
   Line (x100,758 y62,964 / x150,000 y150,000 / black) 
   Line (x100,758 y237,036 / x150,000 y150,000 / black) 
   Line (x102,284 y62,118 / x150,000 y150,000 / black) 
   Line (x102,284 y237,882 / x150,000 y150,000 / black) 
   Line (x103,825 y61,299 / x150,000 y150,000 / black) 
   Line (x103,825 y238,701 / x150,000 y150,000 / black) 
   Line (x105,380 y60,507 / x150,000 y150,000 / black) 
   Line (x105,380 y239,493 / x150,000 y150,000 / black) 
   Line (x106,949 y59,741 / x150,000 y150,000 / black) 
   Line (x106,949 y240,259 / x150,000 y150,000 / black) 
   Line (x108,531 y59,004 / x150,000 y150,000 / black) 
   Line (x108,531 y240,996 / x150,000 y150,000 / black) 
   Line (x110,125 y58,294 / x150,000 y150,000 / black) 
   Line (x110,125 y241,706 / x150,000 y150,000 / black) 
   Line (x111,732 y57,612 / x150,000 y150,000 / black) 
   Line (x111,732 y242,388 / x150,000 y150,000 / black) 
   Line (x113,350 y56,958 / x150,000 y150,000 / black) 
   Line (x113,350 y243,042 / x150,000 y150,000 / black) 
   Line (x114,979 y56,333 / x150,000 y150,000 / black) 
   Line (x114,979 y243,667 / x150,000 y150,000 / black) 
   Line (x150,000 y150,000 / x150,873 y50,004 / black) 
   Line (x150,000 y150,000 / x152,618 y50,034 / black) 
   Line (x150,000 y150,000 / x152,618 y249,966 / black) 
   Line (x150,000 y150,000 / x154,362 y50,095 / black) 
   Line (x150,000 y150,000 / x154,362 y249,905 / black) 
   Line (x150,000 y150,000 / x156,105 y50,187 / black) 
   Line (x150,000 y150,000 / x156,105 y249,813 / black) 
   Line (x150,000 y150,000 / x157,846 y50,308 / black) 
   Line (x150,000 y150,000 / x157,846 y249,692 / black) 
   Line (x150,000 y150,000 / x159,585 y50,460 / black) 
   Line (x150,000 y150,000 / x159,585 y249,540 / black) 
   Line (x150,000 y150,000 / x161,320 y50,643 / black) 
   Line (x150,000 y150,000 / x161,320 y249,357 / black) 
   Line (x150,000 y150,000 / x163,053 y50,856 / black) 
   Line (x150,000 y150,000 / x163,053 y249,144 / black) 
   Line (x150,000 y150,000 / x164,781 y51,098 / black) 
   Line (x150,000 y150,000 / x164,781 y248,902 / black) 
   Line (x150,000 y150,000 / x166,505 y51,371 / black) 
   Line (x150,000 y150,000 / x166,505 y248,629 / black) 
   Line (x150,000 y150,000 / x168,224 y51,675 / black) 
   Line (x150,000 y150,000 / x168,224 y248,325 / black) 
   Line (x150,000 y150,000 / x169,937 y52,008 / black) 
   Line (x150,000 y150,000 / x169,937 y247,992 / black) 
   Line (x150,000 y150,000 / x171,644 y52,370 / black) 
   Line (x150,000 y150,000 / x171,644 y247,630 / black) 
   Line (x150,000 y150,000 / x173,345 y52,763 / black) 
   Line (x150,000 y150,000 / x173,345 y247,237 / black) 
   Line (x150,000 y150,000 / x175,038 y53,185 / black) 
   Line (x150,000 y150,000 / x175,038 y246,815 / black) 
   Line (x150,000 y150,000 / x176,724 y53,637 / black) 
   Line (x150,000 y150,000 / x176,724 y246,363 / black) 
   Line (x150,000 y150,000 / x178,402 y54,118 / black) 
   Line (x150,000 y150,000 / x178,402 y245,882 / black) 
   Line (x150,000 y150,000 / x180,071 y54,628 / black) 
   Line (x150,000 y150,000 / x180,071 y245,372 / black) 
   Line (x150,000 y150,000 / x181,730 y55,168 / black) 
   Line (x150,000 y150,000 / x181,730 y244,832 / black) 
   Line (x150,000 y150,000 / x183,381 y55,736 / black) 
   Line (x150,000 y150,000 / x183,381 y244,264 / black) 
   Line (x150,000 y150,000 / x214,945 y73,959 / black) 
   Line (x150,000 y150,000 / x214,945 y226,041 / black) 
   Line (x150,000 y150,000 / x216,262 y75,104 / black) 
   Line (x150,000 y150,000 / x216,262 y224,896 / black) 
   Line (x150,000 y150,000 / x217,559 y76,272 / black) 
   Line (x150,000 y150,000 / x217,559 y223,728 / black) 
   Line (x150,000 y150,000 / x218,835 y77,463 / black) 
   Line (x150,000 y150,000 / x218,835 y222,537 / black) 
   Line (x150,000 y150,000 / x220,091 y78,675 / black) 
   Line (x150,000 y150,000 / x220,091 y221,325 / black) 
   Line (x150,000 y150,000 / x221,325 y79,909 / black) 
   Line (x150,000 y150,000 / x221,325 y220,091 / black) 
   Line (x150,000 y150,000 / x222,537 y81,165 / black) 
   Line (x150,000 y150,000 / x222,537 y218,835 / black) 
   Line (x150,000 y150,000 / x223,728 y82,441 / black) 
   Line (x150,000 y150,000 / x223,728 y217,559 / black) 
   Line (x150,000 y150,000 / x224,896 y83,738 / black) 
   Line (x150,000 y150,000 / x224,896 y216,262 / black) 
   Line (x150,000 y150,000 / x226,041 y85,055 / black) 
   Line (x150,000 y150,000 / x226,041 y214,945 / black) 
   Line (x150,000 y150,000 / x227,162 y86,392 / black) 
   Line (x150,000 y150,000 / x227,162 y213,608 / black) 
   Line (x150,000 y150,000 / x228,261 y87,749 / black) 
   Line (x150,000 y150,000 / x228,261 y212,251 / black) 
   Line (x150,000 y150,000 / x229,335 y89,124 / black) 
   Line (x150,000 y150,000 / x229,335 y210,876 / black) 
   Line (x150,000 y150,000 / x230,386 y90,518 / black) 
   Line (x150,000 y150,000 / x230,386 y209,482 / black) 
   Line (x150,000 y150,000 / x231,412 y91,930 / black) 
   Line (x150,000 y150,000 / x231,412 y208,070 / black) 
   Line (x150,000 y150,000 / x232,413 y93,359 / black) 
   Line (x150,000 y150,000 / x232,413 y206,641 / black) 
   Line (x150,000 y150,000 / x233,389 y94,806 / black) 
   Line (x150,000 y150,000 / x233,389 y205,194 / black) 
   Line (x150,000 y150,000 / x234,339 y96,270 / black) 
   Line (x150,000 y150,000 / x234,339 y203,730 / black) 
   Line (x150,000 y150,000 / x235,264 y97,750 / black) 
   Line (x150,000 y150,000 / x235,264 y202,250 / black) 
   Line (x150,000 y150,000 / x236,163 y99,246 / black) 
   Line (x150,000 y150,000 / x236,163 y200,754 / black) 
   Line (x150,000 y150,000 / x243,969 y115,798 / red) 
   Line (x150,000 y150,000 / x243,969 y184,202 / red) 
   Line (x150,000 y150,000 / x245,106 y180,902 / red) 
   Line (x150,000 y150,000 / x245,630 y179,237 / red) 
   Line (x150,000 y150,000 / x246,126 y122,436 / red) 
   Line (x150,000 y150,000 / x247,030 y125,808 / red) 
   Line (x150,000 y150,000 / x247,437 y127,505 / red) 
   Line (x150,000 y150,000 / x247,437 y172,495 / red) 
   Line (x150,000 y150,000 / x248,163 y130,919 / red) 
   Line (x150,000 y150,000 / x248,163 y169,081 / red) 
   Line (x150,000 y150,000 / x248,481 y132,635 / black) 
   Line (x150,000 y150,000 / x248,481 y167,365 / red) 
   Line (x150,000 y150,000 / x248,769 y134,357 / black) 
   Line (x150,000 y150,000 / x248,769 y165,643 / black) 
   Line (x150,000 y150,000 / x249,027 y136,083 / black) 
   Line (x150,000 y150,000 / x249,027 y163,917 / black) 
   Line (x150,000 y150,000 / x249,255 y137,813 / black) 
   Line (x150,000 y150,000 / x249,255 y162,187 / black) 
   Line (x150,000 y150,000 / x249,452 y139,547 / black) 
   Line (x150,000 y150,000 / x249,452 y160,453 / black) 
   Line (x150,000 y150,000 / x249,619 y141,284 / black) 
   Line (x150,000 y150,000 / x249,619 y158,716 / black) 
   Line (x150,000 y150,000 / x249,756 y143,024 / black) 
   Line (x150,000 y150,000 / x249,756 y156,976 / black) 
   Line (x150,000 y150,000 / x249,863 y144,766 / black) 
   Line (x150,000 y150,000 / x249,863 y155,234 / black) 
   Line (x150,000 y150,000 / x249,939 y146,510 / black) 
   Line (x150,000 y150,000 / x249,939 y153,490 / black) 
   Line (x150,000 y150,000 / x249,985 y148,255 / black) 
   Line (x150,000 y150,000 / x249,996 y150,873 / black) 
Missing shapes in your solution:
   Line (x50,000 y150,000 / x250,000 y150,000 / red) 
   Line (x50,015 y148,255 / x249,985 y151,745 / red) 
   Line (x50,015 y151,745 / x249,985 y148,255 / red) 
   Line (x50,061 y146,510 / x249,939 y153,490 / red) 
   Line (x50,061 y153,490 / x249,939 y146,510 / red) 
   Line (x50,137 y144,766 / x249,863 y155,234 / red) 
   Line (x50,137 y155,234 / x249,863 y144,766 / red) 
   Line (x50,244 y143,024 / x249,756 y156,976 / red) 
   Line (x50,244 y156,976 / x249,756 y143,024 / red) 
   Line (x50,381 y141,284 / x249,619 y158,716 / red) 
   Line (x50,381 y158,716 / x249,619 y141,284 / red) 
   Line (x50,548 y139,547 / x249,452 y160,453 / red) 
   Line (x50,548 y160,453 / x249,452 y139,547 / red) 
   Line (x50,745 y137,813 / x249,255 y162,187 / red) 
   Line (x50,745 y162,187 / x249,255 y137,813 / red) 
   Line (x50,973 y136,083 / x249,027 y163,917 / red) 
   Line (x50,973 y163,917 / x249,027 y136,083 / red) 
   Line (x51,231 y134,357 / x248,769 y165,643 / red) 
   Line (x51,231 y165,643 / x248,769 y134,357 / red) 
   Line (x51,519 y132,635 / x248,481 y167,365 / black) 
   Line (x51,519 y167,365 / x248,481 y132,635 / red) 
   Line (x51,837 y130,919 / x248,163 y169,081 / black) 
   Line (x51,837 y169,081 / x248,163 y130,919 / black) 
   Line (x52,185 y129,209 / x247,815 y170,791 / black) 
   Line (x52,563 y127,505 / x247,437 y172,495 / black) 
   Line (x52,563 y172,495 / x247,437 y127,505 / black) 
   Line (x52,970 y125,808 / x247,030 y174,192 / black) 
   Line (x52,970 y174,192 / x247,030 y125,808 / black) 
   Line (x53,407 y124,118 / x246,593 y175,882 / black) 
   Line (x53,407 y175,882 / x246,593 y124,118 / black) 
   Line (x53,874 y177,564 / x246,126 y122,436 / black) 
   Line (x54,370 y120,763 / x245,630 y179,237 / black) 
   Line (x54,370 y179,237 / x245,630 y120,763 / black) 
   Line (x54,894 y119,098 / x245,106 y180,902 / black) 
   Line (x54,894 y180,902 / x245,106 y119,098 / black) 
   Line (x55,448 y182,557 / x244,552 y117,443 / black) 
   Line (x56,031 y115,798 / x243,969 y184,202 / black) 
   Line (x56,031 y184,202 / x243,969 y115,798 / black) 
   Line (x56,642 y185,837 / x243,358 y114,163 / black) 

