The turtle Hawksbill is not heading to the right direction.  There is 240 shapes, but only 180 shapes were expected
Superflous shapes in your solution:
   Line (x50,000 y150,000 / x250,000 y150,000 / black) 
   Line (x50,009 y148,691 / x249,991 y151,309 / black) 
   Line (x50,009 y151,309 / x249,991 y148,691 / red) 
   Line (x50,034 y147,382 / x249,966 y152,618 / black) 
   Line (x50,034 y152,618 / x249,966 y147,382 / red) 
   Line (x50,077 y146,074 / x249,923 y153,926 / black) 
   Line (x50,077 y153,926 / x249,923 y146,074 / red) 
   Line (x50,137 y144,766 / x249,863 y155,234 / black) 
   Line (x50,214 y143,460 / x249,786 y156,540 / black) 
   Line (x50,214 y156,540 / x249,786 y143,460 / red) 
   Line (x50,308 y142,154 / x249,692 y157,846 / black) 
   Line (x50,308 y157,846 / x249,692 y142,154 / red) 
   Line (x50,420 y140,850 / x249,580 y159,150 / black) 
   Line (x50,420 y159,150 / x249,580 y140,850 / red) 
   Line (x50,548 y139,547 / x249,452 y160,453 / black) 
   Line (x50,693 y138,246 / x249,307 y161,754 / black) 
   Line (x50,693 y161,754 / x249,307 y138,246 / red) 
   Line (x50,856 y136,947 / x249,144 y163,053 / black) 
   Line (x50,856 y163,053 / x249,144 y136,947 / red) 
   Line (x51,035 y135,651 / x248,965 y164,349 / black) 
   Line (x51,035 y164,349 / x248,965 y135,651 / red) 
   Line (x51,231 y134,357 / x248,769 y165,643 / black) 
   Line (x51,444 y133,065 / x248,556 y166,935 / black) 
   Line (x51,444 y166,935 / x248,556 y133,065 / red) 
   Line (x51,675 y131,776 / x248,325 y168,224 / black) 
   Line (x51,675 y168,224 / x248,325 y131,776 / red) 
   Line (x51,921 y130,491 / x248,079 y169,509 / black) 
   Line (x51,921 y169,509 / x248,079 y130,491 / red) 
   Line (x52,185 y170,791 / x247,815 y129,209 / red) 
   Line (x52,466 y127,930 / x247,534 y172,070 / black) 
   Line (x52,466 y172,070 / x247,534 y127,930 / red) 
   Line (x52,763 y126,655 / x247,237 y173,345 / black) 
   Line (x52,763 y173,345 / x247,237 y126,655 / red) 
   Line (x53,077 y125,385 / x246,923 y174,615 / black) 
   Line (x53,077 y174,615 / x246,923 y125,385 / red) 
   Line (x53,407 y175,882 / x246,593 y124,118 / red) 
   Line (x53,754 y122,856 / x246,246 y177,144 / black) 
   Line (x53,754 y177,144 / x246,246 y122,856 / red) 
   Line (x54,118 y121,598 / x245,882 y178,402 / black) 
   Line (x54,118 y178,402 / x245,882 y121,598 / red) 
   Line (x54,498 y120,346 / x245,502 y179,654 / black) 
   Line (x54,498 y179,654 / x245,502 y120,346 / red) 
   Line (x54,894 y180,902 / x245,106 y119,098 / red) 
   Line (x55,307 y117,856 / x244,693 y182,144 / black) 
   Line (x55,307 y182,144 / x244,693 y117,856 / red) 
   Line (x55,736 y116,619 / x244,264 y183,381 / black) 
   Line (x55,736 y183,381 / x244,264 y116,619 / red) 
   Line (x56,181 y115,388 / x243,819 y184,612 / black) 
   Line (x56,181 y184,612 / x243,819 y115,388 / red) 
   Line (x56,642 y185,837 / x243,358 y114,163 / red) 
   Line (x57,119 y112,944 / x242,881 y187,056 / black) 
   Line (x57,119 y187,056 / x242,881 y112,944 / red) 
   Line (x57,612 y111,732 / x242,388 y188,268 / red) 
   Line (x57,612 y188,268 / x242,388 y111,732 / red) 
   Line (x58,121 y110,526 / x241,879 y189,474 / red) 
   Line (x58,121 y189,474 / x241,879 y110,526 / black) 
   Line (x58,645 y109,326 / x241,355 y190,674 / red) 
   Line (x59,186 y108,134 / x240,814 y191,866 / red) 
   Line (x59,186 y191,866 / x240,814 y108,134 / black) 
   Line (x59,741 y106,949 / x240,259 y193,051 / red) 
   Line (x59,741 y193,051 / x240,259 y106,949 / black) 
   Line (x60,313 y105,771 / x239,687 y194,229 / red) 
   Line (x60,313 y194,229 / x239,687 y105,771 / black) 
   Line (x60,899 y104,601 / x239,101 y195,399 / red) 
   Line (x61,501 y103,439 / x238,499 y196,561 / red) 
   Line (x61,501 y196,561 / x238,499 y103,439 / black) 
   Line (x62,118 y102,284 / x237,882 y197,716 / red) 
   Line (x62,118 y197,716 / x237,882 y102,284 / black) 
   Line (x62,750 y101,138 / x237,250 y198,862 / red) 
   Line (x62,750 y198,862 / x237,250 y101,138 / black) 
   Line (x64,059 y98,871 / x235,941 y201,129 / red) 
   Line (x64,059 y201,129 / x235,941 y98,871 / black) 
   Line (x64,736 y97,750 / x235,264 y202,250 / red) 
   Line (x64,736 y202,250 / x235,264 y97,750 / black) 
   Line (x65,427 y96,639 / x234,573 y203,361 / red) 
   Line (x65,427 y203,361 / x234,573 y96,639 / black) 
   Line (x66,133 y204,464 / x233,867 y95,536 / black) 
   Line (x66,853 y94,443 / x233,147 y205,557 / red) 
   Line (x66,853 y205,557 / x233,147 y94,443 / black) 
   Line (x67,587 y93,359 / x232,413 y206,641 / red) 
   Line (x67,587 y206,641 / x232,413 y93,359 / black) 
   Line (x68,336 y92,285 / x231,664 y207,715 / red) 
   Line (x68,336 y207,715 / x231,664 y92,285 / black) 
   Line (x69,098 y208,779 / x230,902 y91,221 / black) 
   Line (x69,875 y90,168 / x230,125 y209,832 / red) 
   Line (x69,875 y209,832 / x230,125 y90,168 / black) 
   Line (x70,665 y89,124 / x229,335 y210,876 / red) 
   Line (x70,665 y210,876 / x229,335 y89,124 / black) 
   Line (x71,468 y88,091 / x228,532 y211,909 / red) 
   Line (x71,468 y211,909 / x228,532 y88,091 / black) 
   Line (x72,285 y212,932 / x227,715 y87,068 / black) 
   Line (x73,116 y86,056 / x226,884 y213,944 / red) 
   Line (x73,116 y213,944 / x226,884 y86,056 / black) 
   Line (x73,959 y85,055 / x226,041 y214,945 / red) 
   Line (x73,959 y214,945 / x226,041 y85,055 / black) 
   Line (x74,816 y84,065 / x225,184 y215,935 / red) 
   Line (x74,816 y215,935 / x225,184 y84,065 / black) 
   Line (x75,686 y216,913 / x224,314 y83,087 / black) 
   Line (x76,568 y82,120 / x223,432 y217,880 / red) 
   Line (x76,568 y217,880 / x223,432 y82,120 / black) 
   Line (x77,463 y81,165 / x222,537 y218,835 / red) 
   Line (x77,463 y218,835 / x222,537 y81,165 / black) 
   Line (x78,370 y80,221 / x221,630 y219,779 / red) 
   Line (x78,370 y219,779 / x221,630 y80,221 / black) 
   Line (x79,289 y79,289 / x220,711 y220,711 / black) 
   Line (x79,289 y220,711 / x220,711 y79,289 / black) 
   Line (x80,221 y78,370 / x219,779 y221,630 / black) 
   Line (x80,221 y221,630 / x219,779 y78,370 / red) 
   Line (x81,165 y77,463 / x218,835 y222,537 / black) 
   Line (x81,165 y222,537 / x218,835 y77,463 / red) 
   Line (x82,120 y76,568 / x217,880 y223,432 / black) 
   Line (x82,120 y223,432 / x217,880 y76,568 / red) 
   Line (x83,087 y75,686 / x216,913 y224,314 / black) 
   Line (x84,065 y74,816 / x215,935 y225,184 / black) 
   Line (x84,065 y225,184 / x215,935 y74,816 / red) 
   Line (x85,055 y73,959 / x214,945 y226,041 / black) 
   Line (x85,055 y226,041 / x214,945 y73,959 / red) 
   Line (x86,056 y73,116 / x213,944 y226,884 / black) 
   Line (x86,056 y226,884 / x213,944 y73,116 / red) 
   Line (x87,068 y227,715 / x212,932 y72,285 / red) 
   Line (x88,091 y71,468 / x211,909 y228,532 / black) 
   Line (x88,091 y228,532 / x211,909 y71,468 / red) 
   Line (x89,124 y70,665 / x210,876 y229,335 / black) 
   Line (x89,124 y229,335 / x210,876 y70,665 / red) 
   Line (x90,168 y69,875 / x209,832 y230,125 / black) 
   Line (x90,168 y230,125 / x209,832 y69,875 / red) 
   Line (x91,221 y230,902 / x208,779 y69,098 / red) 
   Line (x92,285 y68,336 / x207,715 y231,664 / black) 
   Line (x92,285 y231,664 / x207,715 y68,336 / red) 
   Line (x93,359 y67,587 / x206,641 y232,413 / black) 
   Line (x93,359 y232,413 / x206,641 y67,587 / red) 
   Line (x94,443 y66,853 / x205,557 y233,147 / black) 
   Line (x94,443 y233,147 / x205,557 y66,853 / red) 
   Line (x95,536 y233,867 / x204,464 y66,133 / red) 
   Line (x96,639 y65,427 / x203,361 y234,573 / black) 
   Line (x96,639 y234,573 / x203,361 y65,427 / red) 
   Line (x97,750 y64,736 / x202,250 y235,264 / black) 
   Line (x97,750 y235,264 / x202,250 y64,736 / red) 
   Line (x98,871 y64,059 / x201,129 y235,941 / black) 
   Line (x98,871 y235,941 / x201,129 y64,059 / red) 
   Line (x100,000 y236,603 / x200,000 y63,397 / red) 
   Line (x101,138 y62,750 / x198,862 y237,250 / black) 
   Line (x101,138 y237,250 / x198,862 y62,750 / red) 
   Line (x102,284 y62,118 / x197,716 y237,882 / black) 
   Line (x102,284 y237,882 / x197,716 y62,118 / red) 
   Line (x103,439 y61,501 / x196,561 y238,499 / black) 
   Line (x103,439 y238,499 / x196,561 y61,501 / red) 
   Line (x104,601 y239,101 / x195,399 y60,899 / red) 
   Line (x105,771 y60,313 / x194,229 y239,687 / black) 
   Line (x105,771 y239,687 / x194,229 y60,313 / red) 
   Line (x106,949 y59,741 / x193,051 y240,259 / black) 
   Line (x106,949 y240,259 / x193,051 y59,741 / red) 
   Line (x108,134 y59,186 / x191,866 y240,814 / black) 
   Line (x108,134 y240,814 / x191,866 y59,186 / red) 
   Line (x109,326 y241,355 / x190,674 y58,645 / red) 
   Line (x110,526 y58,121 / x189,474 y241,879 / black) 
   Line (x110,526 y241,879 / x189,474 y58,121 / red) 
   Line (x111,732 y57,612 / x188,268 y242,388 / red) 
   Line (x111,732 y242,388 / x188,268 y57,612 / red) 
   Line (x112,944 y57,119 / x187,056 y242,881 / red) 
   Line (x112,944 y242,881 / x187,056 y57,119 / black) 
   Line (x114,163 y56,642 / x185,837 y243,358 / red) 
   Line (x115,388 y56,181 / x184,612 y243,819 / red) 
   Line (x115,388 y243,819 / x184,612 y56,181 / black) 
   Line (x116,619 y55,736 / x183,381 y244,264 / red) 
   Line (x116,619 y244,264 / x183,381 y55,736 / black) 
   Line (x117,856 y55,307 / x182,144 y244,693 / red) 
   Line (x117,856 y244,693 / x182,144 y55,307 / black) 
   Line (x119,098 y245,106 / x180,902 y54,894 / black) 
   Line (x120,346 y54,498 / x179,654 y245,502 / red) 
   Line (x120,346 y245,502 / x179,654 y54,498 / black) 
   Line (x121,598 y54,118 / x178,402 y245,882 / red) 
   Line (x121,598 y245,882 / x178,402 y54,118 / black) 
   Line (x122,856 y53,754 / x177,144 y246,246 / red) 
   Line (x122,856 y246,246 / x177,144 y53,754 / black) 
   Line (x124,118 y246,593 / x175,882 y53,407 / black) 
   Line (x125,385 y53,077 / x174,615 y246,923 / red) 
   Line (x125,385 y246,923 / x174,615 y53,077 / black) 
   Line (x126,655 y52,763 / x173,345 y247,237 / red) 
   Line (x126,655 y247,237 / x173,345 y52,763 / black) 
   Line (x127,930 y52,466 / x172,070 y247,534 / red) 
   Line (x127,930 y247,534 / x172,070 y52,466 / black) 
   Line (x129,209 y247,815 / x170,791 y52,185 / black) 
   Line (x130,491 y51,921 / x169,509 y248,079 / red) 
   Line (x130,491 y248,079 / x169,509 y51,921 / black) 
   Line (x131,776 y51,675 / x168,224 y248,325 / red) 
   Line (x131,776 y248,325 / x168,224 y51,675 / black) 
   Line (x133,065 y51,444 / x166,935 y248,556 / red) 
   Line (x133,065 y248,556 / x166,935 y51,444 / black) 
   Line (x134,357 y248,769 / x165,643 y51,231 / black) 
   Line (x135,651 y51,035 / x164,349 y248,965 / red) 
   Line (x135,651 y248,965 / x164,349 y51,035 / black) 
   Line (x136,947 y50,856 / x163,053 y249,144 / red) 
   Line (x136,947 y249,144 / x163,053 y50,856 / black) 
   Line (x138,246 y50,693 / x161,754 y249,307 / red) 
   Line (x138,246 y249,307 / x161,754 y50,693 / black) 
   Line (x139,547 y249,452 / x160,453 y50,548 / black) 
   Line (x140,850 y50,420 / x159,150 y249,580 / red) 
   Line (x140,850 y249,580 / x159,150 y50,420 / black) 
   Line (x142,154 y50,308 / x157,846 y249,692 / red) 
   Line (x142,154 y249,692 / x157,846 y50,308 / black) 
   Line (x143,460 y50,214 / x156,540 y249,786 / red) 
   Line (x143,460 y249,786 / x156,540 y50,214 / black) 
   Line (x144,766 y249,863 / x155,234 y50,137 / black) 
   Line (x146,074 y50,077 / x153,926 y249,923 / red) 
   Line (x146,074 y249,923 / x153,926 y50,077 / black) 
   Line (x147,382 y50,034 / x152,618 y249,966 / red) 
   Line (x147,382 y249,966 / x152,618 y50,034 / black) 
   Line (x148,691 y50,009 / x151,309 y249,991 / red) 
   Line (x148,691 y249,991 / x151,309 y50,009 / black) 
Missing shapes in your solution:
   Line (x50,000 y150,000 / x250,000 y150,000 / red) 
   Line (x50,015 y148,255 / x249,985 y151,745 / red) 
   Line (x50,015 y151,745 / x249,985 y148,255 / red) 
   Line (x50,061 y146,510 / x249,939 y153,490 / red) 
   Line (x50,061 y153,490 / x249,939 y146,510 / red) 
   Line (x50,137 y144,766 / x249,863 y155,234 / red) 
   Line (x50,244 y143,024 / x249,756 y156,976 / red) 
   Line (x50,244 y156,976 / x249,756 y143,024 / red) 
   Line (x50,381 y141,284 / x249,619 y158,716 / red) 
   Line (x50,381 y158,716 / x249,619 y141,284 / red) 
   Line (x50,548 y139,547 / x249,452 y160,453 / red) 
   Line (x50,745 y137,813 / x249,255 y162,187 / red) 
   Line (x50,745 y162,187 / x249,255 y137,813 / red) 
   Line (x50,973 y136,083 / x249,027 y163,917 / red) 
   Line (x50,973 y163,917 / x249,027 y136,083 / red) 
   Line (x51,231 y134,357 / x248,769 y165,643 / red) 
   Line (x51,519 y132,635 / x248,481 y167,365 / black) 
   Line (x51,519 y167,365 / x248,481 y132,635 / red) 
   Line (x51,837 y130,919 / x248,163 y169,081 / black) 
   Line (x51,837 y169,081 / x248,163 y130,919 / black) 
   Line (x52,185 y170,791 / x247,815 y129,209 / black) 
   Line (x52,563 y127,505 / x247,437 y172,495 / black) 
   Line (x52,563 y172,495 / x247,437 y127,505 / black) 
   Line (x52,970 y125,808 / x247,030 y174,192 / black) 
   Line (x52,970 y174,192 / x247,030 y125,808 / black) 
   Line (x53,407 y175,882 / x246,593 y124,118 / black) 
   Line (x53,874 y122,436 / x246,126 y177,564 / black) 
   Line (x53,874 y177,564 / x246,126 y122,436 / black) 
   Line (x54,370 y120,763 / x245,630 y179,237 / black) 
   Line (x54,370 y179,237 / x245,630 y120,763 / black) 
   Line (x54,894 y180,902 / x245,106 y119,098 / black) 
   Line (x55,448 y117,443 / x244,552 y182,557 / black) 
   Line (x55,448 y182,557 / x244,552 y117,443 / black) 
   Line (x56,031 y115,798 / x243,969 y184,202 / black) 
   Line (x56,031 y184,202 / x243,969 y115,798 / black) 
   Line (x56,642 y185,837 / x243,358 y114,163 / black) 
   Line (x57,282 y112,539 / x242,718 y187,461 / black) 
   Line (x57,282 y187,461 / x242,718 y112,539 / black) 
   Line (x57,950 y110,927 / x242,050 y189,073 / black) 
   Line (x57,950 y189,073 / x242,050 y110,927 / black) 
   Line (x58,645 y109,326 / x241,355 y190,674 / black) 
   Line (x59,369 y107,738 / x240,631 y192,262 / black) 
   Line (x59,369 y192,262 / x240,631 y107,738 / black) 
   Line (x60,121 y106,163 / x239,879 y193,837 / black) 
   Line (x60,121 y193,837 / x239,879 y106,163 / black) 
   Line (x60,899 y104,601 / x239,101 y195,399 / black) 
   Line (x61,705 y103,053 / x238,295 y196,947 / black) 
   Line (x61,705 y196,947 / x238,295 y103,053 / black) 
   Line (x62,538 y101,519 / x237,462 y198,481 / black) 
   Line (x62,538 y198,481 / x237,462 y101,519 / black) 
   Line (x64,283 y98,496 / x235,717 y201,504 / red) 
   Line (x64,283 y201,504 / x235,717 y98,496 / red) 
   Line (x65,195 y97,008 / x234,805 y202,992 / red) 
   Line (x65,195 y202,992 / x234,805 y97,008 / red) 
   Line (x66,133 y204,464 / x233,867 y95,536 / red) 
   Line (x67,096 y94,081 / x232,904 y205,919 / red) 
   Line (x67,096 y205,919 / x232,904 y94,081 / red) 
   Line (x68,085 y92,642 / x231,915 y207,358 / red) 
   Line (x68,085 y207,358 / x231,915 y92,642 / red) 
   Line (x69,098 y208,779 / x230,902 y91,221 / red) 
   Line (x70,136 y89,818 / x229,864 y210,182 / red) 
   Line (x70,136 y210,182 / x229,864 y89,818 / red) 
   Line (x71,199 y88,434 / x228,801 y211,566 / red) 
   Line (x71,199 y211,566 / x228,801 y88,434 / red) 
   Line (x72,285 y212,932 / x227,715 y87,068 / red) 
   Line (x73,396 y85,721 / x226,604 y214,279 / red) 
   Line (x73,396 y214,279 / x226,604 y85,721 / red) 
   Line (x74,529 y84,394 / x225,471 y215,606 / red) 
   Line (x74,529 y215,606 / x225,471 y84,394 / red) 
   Line (x75,686 y216,913 / x224,314 y83,087 / red) 
   Line (x76,865 y81,800 / x223,135 y218,200 / red) 
   Line (x76,865 y218,200 / x223,135 y81,800 / red) 
   Line (x78,066 y80,534 / x221,934 y219,466 / red) 
   Line (x78,066 y219,466 / x221,934 y80,534 / red) 
   Line (x79,289 y79,289 / x220,711 y220,711 / red) 
   Line (x79,289 y220,711 / x220,711 y79,289 / red) 
   Line (x80,534 y78,066 / x219,466 y221,934 / red) 
   Line (x80,534 y221,934 / x219,466 y78,066 / red) 
   Line (x81,800 y76,865 / x218,200 y223,135 / red) 
   Line (x81,800 y223,135 / x218,200 y76,865 / red) 
   Line (x83,087 y75,686 / x216,913 y224,314 / red) 
   Line (x84,394 y74,529 / x215,606 y225,471 / red) 
   Line (x84,394 y225,471 / x215,606 y74,529 / red) 
   Line (x85,721 y73,396 / x214,279 y226,604 / black) 
   Line (x85,721 y226,604 / x214,279 y73,396 / red) 
   Line (x87,068 y227,715 / x212,932 y72,285 / black) 
   Line (x88,434 y71,199 / x211,566 y228,801 / black) 
   Line (x88,434 y228,801 / x211,566 y71,199 / black) 
   Line (x89,818 y70,136 / x210,182 y229,864 / black) 
   Line (x89,818 y229,864 / x210,182 y70,136 / black) 
   Line (x91,221 y230,902 / x208,779 y69,098 / black) 
   Line (x92,642 y68,085 / x207,358 y231,915 / black) 
   Line (x92,642 y231,915 / x207,358 y68,085 / black) 
   Line (x94,081 y67,096 / x205,919 y232,904 / black) 
   Line (x94,081 y232,904 / x205,919 y67,096 / black) 
   Line (x95,536 y233,867 / x204,464 y66,133 / black) 
   Line (x97,008 y65,195 / x202,992 y234,805 / black) 
   Line (x97,008 y234,805 / x202,992 y65,195 / black) 
   Line (x98,496 y64,283 / x201,504 y235,717 / black) 
   Line (x98,496 y235,717 / x201,504 y64,283 / black) 
   Line (x100,000 y236,603 / x200,000 y63,397 / black) 
   Line (x101,519 y62,538 / x198,481 y237,462 / black) 
   Line (x101,519 y237,462 / x198,481 y62,538 / black) 
   Line (x103,053 y61,705 / x196,947 y238,295 / black) 
   Line (x103,053 y238,295 / x196,947 y61,705 / black) 
   Line (x104,601 y239,101 / x195,399 y60,899 / black) 
   Line (x106,163 y60,121 / x193,837 y239,879 / black) 
   Line (x106,163 y239,879 / x193,837 y60,121 / black) 
   Line (x107,738 y59,369 / x192,262 y240,631 / black) 
   Line (x107,738 y240,631 / x192,262 y59,369 / black) 
   Line (x109,326 y241,355 / x190,674 y58,645 / black) 
   Line (x110,927 y57,950 / x189,073 y242,050 / black) 
   Line (x110,927 y242,050 / x189,073 y57,950 / black) 
   Line (x112,539 y57,282 / x187,461 y242,718 / black) 
   Line (x112,539 y242,718 / x187,461 y57,282 / black) 
   Line (x114,163 y56,642 / x185,837 y243,358 / black) 
   Line (x115,798 y56,031 / x184,202 y243,969 / red) 
   Line (x115,798 y243,969 / x184,202 y56,031 / black) 
   Line (x117,443 y55,448 / x182,557 y244,552 / red) 
   Line (x117,443 y244,552 / x182,557 y55,448 / red) 
   Line (x119,098 y245,106 / x180,902 y54,894 / red) 
   Line (x120,763 y54,370 / x179,237 y245,630 / red) 
   Line (x120,763 y245,630 / x179,237 y54,370 / red) 
   Line (x122,436 y53,874 / x177,564 y246,126 / red) 
   Line (x122,436 y246,126 / x177,564 y53,874 / red) 
   Line (x124,118 y246,593 / x175,882 y53,407 / red) 
   Line (x125,808 y52,970 / x174,192 y247,030 / red) 
   Line (x125,808 y247,030 / x174,192 y52,970 / red) 
   Line (x127,505 y52,563 / x172,495 y247,437 / red) 
   Line (x127,505 y247,437 / x172,495 y52,563 / red) 
   Line (x129,209 y247,815 / x170,791 y52,185 / red) 
   Line (x130,919 y51,837 / x169,081 y248,163 / red) 
   Line (x130,919 y248,163 / x169,081 y51,837 / red) 
   Line (x132,635 y51,519 / x167,365 y248,481 / red) 
   Line (x132,635 y248,481 / x167,365 y51,519 / red) 
   Line (x134,357 y248,769 / x165,643 y51,231 / red) 
   Line (x136,083 y50,973 / x163,917 y249,027 / red) 
   Line (x136,083 y249,027 / x163,917 y50,973 / red) 
   Line (x137,813 y50,745 / x162,187 y249,255 / red) 
   Line (x137,813 y249,255 / x162,187 y50,745 / red) 
   Line (x139,547 y249,452 / x160,453 y50,548 / red) 
   Line (x141,284 y50,381 / x158,716 y249,619 / red) 
   Line (x141,284 y249,619 / x158,716 y50,381 / red) 
   Line (x143,024 y50,244 / x156,976 y249,756 / red) 
   Line (x143,024 y249,756 / x156,976 y50,244 / red) 
   Line (x144,766 y249,863 / x155,234 y50,137 / red) 
   Line (x146,510 y50,061 / x153,490 y249,939 / red) 
   Line (x146,510 y249,939 / x153,490 y50,061 / red) 
   Line (x148,255 y50,015 / x151,745 y249,985 / red) 
   Line (x148,255 y249,985 / x151,745 y50,015 / red) 

