The turtle Hawksbill is not heading to the right direction.  There is 366 shapes, but only 180 shapes were expected
Superflous shapes in your solution:
   Line (x50,001 y150,384 / x249,994 y148,918 / red) 
   Line (x50,005 y148,953 / x249,984 y151,780 / red) 
   Line (x50,016 y151,815 / x249,968 y147,487 / red) 
   Line (x50,031 y147,522 / x249,948 y153,211 / red) 
   Line (x50,053 y153,246 / x249,922 y146,057 / red) 
   Line (x50,076 y146,091 / x249,892 y154,641 / red) 
   Line (x50,109 y154,676 / x249,856 y144,627 / red) 
   Line (x50,143 y144,662 / x249,816 y156,070 / red) 
   Line (x50,187 y156,105 / x249,768 y143,198 / red) 
   Line (x50,229 y143,233 / x249,719 y157,498 / red) 
   Line (x50,284 y157,533 / x249,661 y141,771 / black) 
   Line (x50,336 y141,806 / x249,601 y158,924 / red) 
   Line (x50,402 y158,959 / x249,533 y140,346 / black) 
   Line (x50,464 y140,381 / x249,463 y160,349 / red) 
   Line (x50,541 y160,383 / x249,385 y138,922 / black) 
   Line (x50,612 y138,957 / x249,305 y161,771 / red) 
   Line (x50,699 y161,806 / x249,216 y137,501 / black) 
   Line (x50,780 y137,536 / x249,126 y163,191 / red) 
   Line (x50,878 y163,226 / x249,027 y136,083 / black) 
   Line (x50,968 y136,117 / x248,927 y164,608 / red) 
   Line (x51,078 y164,643 / x248,817 y134,667 / black) 
   Line (x51,177 y134,701 / x248,708 y166,023 / red) 
   Line (x51,298 y166,057 / x248,588 y133,254 / black) 
   Line (x51,406 y133,289 / x248,469 y167,434 / red) 
   Line (x51,537 y167,468 / x248,338 y131,845 / black) 
   Line (x51,655 y131,879 / x248,209 y168,841 / red) 
   Line (x51,798 y168,875 / x248,068 y130,440 / black) 
   Line (x51,925 y130,474 / x247,929 y170,245 / red) 
   Line (x52,078 y170,279 / x247,778 y129,038 / black) 
   Line (x52,214 y129,072 / x247,630 y171,644 / red) 
   Line (x52,378 y171,678 / x247,468 y127,641 / black) 
   Line (x52,524 y127,675 / x247,310 y173,039 / red) 
   Line (x52,698 y173,073 / x247,138 y126,248 / black) 
   Line (x52,853 y126,282 / x246,970 y174,429 / red) 
   Line (x53,038 y174,463 / x246,788 y124,861 / black) 
   Line (x53,203 y124,894 / x246,611 y175,814 / red) 
   Line (x53,398 y175,848 / x246,419 y123,478 / black) 
   Line (x53,572 y123,512 / x246,231 y177,194 / red) 
   Line (x53,778 y177,228 / x246,029 y122,101 / black) 
   Line (x53,961 y122,134 / x245,832 y178,569 / red) 
   Line (x54,178 y178,602 / x245,620 y120,729 / black) 
   Line (x54,370 y120,763 / x245,414 y179,937 / black) 
   Line (x54,597 y179,971 / x245,192 y119,364 / black) 
   Line (x54,798 y119,397 / x244,975 y181,300 / black) 
   Line (x55,036 y181,333 / x244,743 y118,005 / black) 
   Line (x55,245 y118,038 / x244,518 y182,656 / black) 
   Line (x55,494 y182,689 / x244,276 y116,652 / black) 
   Line (x55,713 y116,685 / x244,041 y184,005 / black) 
   Line (x55,971 y184,038 / x243,789 y115,306 / black) 
   Line (x56,199 y115,339 / x243,544 y185,347 / black) 
   Line (x56,468 y185,380 / x243,283 y113,968 / black) 
   Line (x56,705 y114,000 / x243,029 y186,683 / black) 
   Line (x56,984 y186,715 / x242,758 y112,636 / black) 
   Line (x57,229 y112,669 / x242,494 y188,010 / black) 
   Line (x57,519 y188,042 / x242,213 y111,313 / black) 
   Line (x57,773 y111,345 / x241,941 y189,330 / black) 
   Line (x58,073 y189,362 / x241,650 y109,997 / black) 
   Line (x58,336 y110,029 / x241,369 y190,642 / black) 
   Line (x58,645 y190,674 / x241,068 y108,690 / black) 
   Line (x58,917 y108,721 / x240,778 y191,945 / black) 
   Line (x59,237 y191,977 / x240,468 y107,390 / red) 
   Line (x59,517 y107,422 / x240,168 y193,240 / black) 
   Line (x59,847 y193,272 / x239,849 y106,100 / red) 
   Line (x60,136 y106,132 / x239,540 y194,526 / black) 
   Line (x60,475 y194,557 / x239,211 y104,819 / red) 
   Line (x60,773 y104,850 / x238,894 y195,803 / black) 
   Line (x61,122 y195,834 / x238,556 y103,547 / red) 
   Line (x61,428 y103,578 / x238,229 y197,070 / black) 
   Line (x61,787 y197,101 / x237,882 y102,284 / red) 
   Line (x62,102 y102,315 / x237,546 y198,328 / black) 
   Line (x62,470 y198,359 / x237,190 y101,031 / red) 
   Line (x62,793 y101,062 / x236,846 y199,576 / black) 
   Line (x63,171 y199,606 / x236,480 y99,789 / red) 
   Line (x63,502 y99,819 / x236,127 y200,814 / black) 
   Line (x63,890 y200,844 / x235,753 y98,556 / red) 
   Line (x64,229 y98,586 / x150,000 y150,000 / black) 
   Line (x64,627 y202,071 / x235,008 y97,334 / red) 
   Line (x64,974 y97,364 / x235,391 y202,041 / black) 
   Line (x65,381 y203,288 / x234,245 y96,123 / red) 
   Line (x65,736 y96,152 / x234,638 y203,258 / black) 
   Line (x66,152 y204,493 / x233,466 y94,923 / red) 
   Line (x66,515 y94,952 / x233,867 y204,464 / black) 
   Line (x66,940 y205,688 / x150,000 y150,000 / red) 
   Line (x67,312 y93,763 / x150,000 y150,000 / black) 
   Line (x67,746 y206,871 / x150,000 y150,000 / red) 
   Line (x68,125 y92,585 / x150,000 y150,000 / black) 
   Line (x68,568 y208,042 / x150,000 y150,000 / red) 
   Line (x68,955 y91,419 / x150,000 y150,000 / black) 
   Line (x69,407 y209,201 / x150,000 y150,000 / red) 
   Line (x69,802 y90,265 / x150,000 y150,000 / black) 
   Line (x70,263 y210,349 / x150,000 y150,000 / red) 
   Line (x70,665 y89,124 / x150,000 y150,000 / red) 
   Line (x71,134 y211,484 / x150,000 y150,000 / red) 
   Line (x71,544 y87,995 / x150,000 y150,000 / red) 
   Line (x72,022 y212,606 / x150,000 y150,000 / red) 
   Line (x72,439 y86,878 / x150,000 y150,000 / red) 
   Line (x72,926 y213,715 / x150,000 y150,000 / red) 
   Line (x73,351 y85,775 / x150,000 y150,000 / red) 
   Line (x73,846 y214,812 / x150,000 y150,000 / red) 
   Line (x74,278 y84,684 / x150,000 y150,000 / red) 
   Line (x74,782 y215,895 / x150,000 y150,000 / red) 
   Line (x75,220 y83,607 / x150,000 y150,000 / red) 
   Line (x75,732 y216,965 / x150,000 y150,000 / red) 
   Line (x76,178 y82,544 / x150,000 y150,000 / red) 
   Line (x76,698 y218,021 / x150,000 y150,000 / red) 
   Line (x77,151 y81,494 / x150,000 y150,000 / red) 
   Line (x77,679 y219,063 / x150,000 y150,000 / red) 
   Line (x78,139 y80,459 / x150,000 y150,000 / red) 
   Line (x78,675 y220,091 / x150,000 y150,000 / red) 
   Line (x79,141 y79,438 / x150,000 y150,000 / red) 
   Line (x79,685 y221,104 / x150,000 y150,000 / black) 
   Line (x80,158 y78,431 / x150,000 y150,000 / red) 
   Line (x80,710 y222,104 / x150,000 y150,000 / black) 
   Line (x81,190 y77,439 / x150,000 y150,000 / red) 
   Line (x81,749 y223,088 / x150,000 y150,000 / black) 
   Line (x82,235 y76,461 / x150,000 y150,000 / red) 
   Line (x82,802 y224,057 / x150,000 y150,000 / black) 
   Line (x83,295 y75,499 / x150,000 y150,000 / red) 
   Line (x83,869 y225,011 / x150,000 y150,000 / black) 
   Line (x84,368 y74,552 / x150,000 y150,000 / red) 
   Line (x84,949 y225,950 / x150,000 y150,000 / black) 
   Line (x85,454 y73,620 / x150,000 y150,000 / red) 
   Line (x86,043 y226,873 / x150,000 y150,000 / black) 
   Line (x86,554 y72,704 / x150,000 y150,000 / red) 
   Line (x87,149 y227,780 / x150,000 y150,000 / black) 
   Line (x87,667 y71,804 / x150,000 y150,000 / red) 
   Line (x88,269 y228,672 / x150,000 y150,000 / black) 
   Line (x88,792 y70,920 / x150,000 y150,000 / red) 
   Line (x89,401 y229,547 / x150,000 y150,000 / black) 
   Line (x89,930 y70,052 / x150,000 y150,000 / red) 
   Line (x90,546 y230,406 / x150,000 y150,000 / black) 
   Line (x91,080 y69,201 / x150,000 y150,000 / red) 
   Line (x91,703 y231,249 / x150,000 y150,000 / black) 
   Line (x92,243 y68,366 / x150,000 y150,000 / red) 
   Line (x92,871 y232,075 / x150,000 y150,000 / black) 
   Line (x93,417 y67,548 / x150,000 y150,000 / red) 
   Line (x94,052 y232,884 / x150,000 y150,000 / black) 
   Line (x94,603 y66,747 / x150,000 y150,000 / red) 
   Line (x95,244 y233,676 / x150,000 y150,000 / black) 
   Line (x95,800 y65,962 / x150,000 y150,000 / red) 
   Line (x96,447 y234,451 / x150,000 y150,000 / black) 
   Line (x97,008 y65,195 / x150,000 y150,000 / black) 
   Line (x97,661 y235,209 / x150,000 y150,000 / black) 
   Line (x98,227 y64,445 / x150,000 y150,000 / black) 
   Line (x98,886 y235,950 / x150,000 y150,000 / black) 
   Line (x99,457 y63,713 / x150,000 y150,000 / black) 
   Line (x100,121 y236,672 / x150,000 y150,000 / black) 
   Line (x100,697 y62,999 / x150,000 y150,000 / black) 
   Line (x101,366 y237,377 / x150,000 y150,000 / black) 
   Line (x101,947 y62,302 / x150,000 y150,000 / black) 
   Line (x102,622 y238,064 / x150,000 y150,000 / black) 
   Line (x103,207 y61,623 / x150,000 y150,000 / black) 
   Line (x103,887 y238,733 / x150,000 y150,000 / black) 
   Line (x104,477 y60,963 / x150,000 y150,000 / black) 
   Line (x105,162 y239,384 / x150,000 y150,000 / black) 
   Line (x105,755 y60,320 / x150,000 y150,000 / black) 
   Line (x106,445 y240,017 / x150,000 y150,000 / black) 
   Line (x107,043 y59,696 / x150,000 y150,000 / black) 
   Line (x107,738 y240,631 / x150,000 y150,000 / black) 
   Line (x108,340 y59,091 / x150,000 y150,000 / black) 
   Line (x109,040 y241,226 / x150,000 y150,000 / red) 
   Line (x109,645 y58,504 / x150,000 y150,000 / black) 
   Line (x110,349 y241,803 / x150,000 y150,000 / red) 
   Line (x110,959 y57,936 / x150,000 y150,000 / black) 
   Line (x111,667 y242,361 / x150,000 y150,000 / red) 
   Line (x112,281 y57,387 / x150,000 y150,000 / black) 
   Line (x112,993 y242,900 / x150,000 y150,000 / red) 
   Line (x113,610 y56,856 / x150,000 y150,000 / black) 
   Line (x114,326 y243,420 / x150,000 y150,000 / red) 
   Line (x114,947 y56,345 / x150,000 y150,000 / black) 
   Line (x115,667 y243,921 / x150,000 y150,000 / red) 
   Line (x116,290 y55,853 / x150,000 y150,000 / black) 
   Line (x117,014 y244,403 / x150,000 y150,000 / red) 
   Line (x117,641 y55,380 / x150,000 y150,000 / black) 
   Line (x118,369 y244,866 / x150,000 y150,000 / red) 
   Line (x118,999 y54,927 / x150,000 y150,000 / black) 
   Line (x119,730 y245,309 / x150,000 y150,000 / red) 
   Line (x120,363 y54,493 / x150,000 y150,000 / black) 
   Line (x121,097 y245,732 / x150,000 y150,000 / red) 
   Line (x121,732 y54,078 / x150,000 y150,000 / black) 
   Line (x122,470 y246,136 / x150,000 y150,000 / red) 
   Line (x123,108 y53,684 / x150,000 y150,000 / black) 
   Line (x123,848 y246,520 / x150,000 y150,000 / red) 
   Line (x124,489 y53,309 / x150,000 y150,000 / black) 
   Line (x125,232 y246,884 / x150,000 y150,000 / red) 
   Line (x125,876 y52,954 / x150,000 y150,000 / black) 
   Line (x126,622 y247,229 / x150,000 y150,000 / red) 
   Line (x127,267 y52,618 / x150,000 y150,000 / black) 
   Line (x128,015 y247,553 / x150,000 y150,000 / red) 
   Line (x128,663 y52,303 / x150,000 y150,000 / black) 
   Line (x129,414 y247,858 / x150,000 y150,000 / red) 
   Line (x130,063 y52,008 / x150,000 y150,000 / red) 
   Line (x130,816 y248,143 / x150,000 y150,000 / red) 
   Line (x131,468 y51,732 / x150,000 y150,000 / red) 
   Line (x132,223 y248,407 / x150,000 y150,000 / red) 
   Line (x132,876 y51,477 / x150,000 y150,000 / red) 
   Line (x133,633 y248,652 / x150,000 y150,000 / red) 
   Line (x134,288 y51,242 / x150,000 y150,000 / red) 
   Line (x135,046 y248,876 / x150,000 y150,000 / red) 
   Line (x135,703 y51,027 / x150,000 y150,000 / red) 
   Line (x136,463 y249,080 / x150,000 y150,000 / red) 
   Line (x137,120 y50,833 / x150,000 y150,000 / red) 
   Line (x137,882 y249,263 / x150,000 y150,000 / red) 
   Line (x138,541 y50,659 / x150,000 y150,000 / red) 
   Line (x139,304 y249,426 / x150,000 y150,000 / red) 
   Line (x139,964 y50,505 / x150,000 y150,000 / red) 
   Line (x140,728 y249,569 / x150,000 y150,000 / red) 
   Line (x141,389 y50,371 / x150,000 y150,000 / red) 
   Line (x142,154 y249,692 / x150,000 y150,000 / red) 
   Line (x142,815 y50,258 / x150,000 y150,000 / red) 
   Line (x143,582 y249,794 / x150,000 y150,000 / black) 
   Line (x144,244 y50,166 / x150,000 y150,000 / red) 
   Line (x145,010 y249,875 / x150,000 y150,000 / black) 
   Line (x145,673 y50,094 / x150,000 y150,000 / red) 
   Line (x146,440 y249,937 / x150,000 y150,000 / black) 
   Line (x147,103 y50,042 / x150,000 y150,000 / red) 
   Line (x147,871 y249,977 / x150,000 y150,000 / black) 
   Line (x148,534 y50,011 / x150,000 y150,000 / red) 
   Line (x150,000 y50,000 / x150,733 y249,997 / black) 
   Line (x150,000 y150,000 / x151,396 y50,010 / red) 
   Line (x150,000 y150,000 / x151,431 y50,010 / black) 
   Line (x150,000 y150,000 / x152,164 y249,977 / black) 
   Line (x150,000 y150,000 / x152,827 y50,040 / red) 
   Line (x150,000 y150,000 / x152,862 y50,041 / black) 
   Line (x150,000 y150,000 / x153,595 y249,935 / black) 
   Line (x150,000 y150,000 / x154,257 y50,091 / red) 
   Line (x150,000 y150,000 / x154,292 y50,092 / black) 
   Line (x150,000 y150,000 / x155,024 y249,874 / black) 
   Line (x150,000 y150,000 / x155,687 y50,162 / red) 
   Line (x150,000 y150,000 / x155,722 y50,164 / black) 
   Line (x150,000 y150,000 / x156,453 y249,792 / black) 
   Line (x150,000 y150,000 / x157,115 y50,253 / red) 
   Line (x150,000 y150,000 / x157,150 y50,256 / black) 
   Line (x150,000 y150,000 / x157,881 y249,689 / black) 
   Line (x150,000 y150,000 / x158,542 y50,365 / red) 
   Line (x150,000 y150,000 / x158,576 y50,368 / black) 
   Line (x150,000 y150,000 / x159,307 y249,566 / black) 
   Line (x150,000 y150,000 / x159,967 y50,498 / red) 
   Line (x150,000 y150,000 / x160,001 y50,501 / black) 
   Line (x150,000 y150,000 / x160,731 y249,423 / black) 
   Line (x150,000 y150,000 / x161,390 y50,651 / red) 
   Line (x150,000 y150,000 / x161,424 y50,655 / black) 
   Line (x150,000 y150,000 / x162,152 y249,259 / black) 
   Line (x150,000 y150,000 / x162,810 y50,824 / red) 
   Line (x150,000 y150,000 / x162,845 y50,828 / black) 
   Line (x150,000 y150,000 / x163,572 y249,075 / black) 
   Line (x150,000 y150,000 / x164,228 y51,017 / red) 
   Line (x150,000 y150,000 / x164,263 y51,022 / black) 
   Line (x150,000 y150,000 / x164,988 y248,870 / black) 
   Line (x150,000 y150,000 / x165,678 y51,237 / black) 
   Line (x150,000 y150,000 / x166,401 y248,646 / black) 
   Line (x150,000 y150,000 / x167,090 y51,471 / black) 
   Line (x150,000 y150,000 / x167,812 y248,401 / black) 
   Line (x150,000 y150,000 / x168,498 y51,726 / black) 
   Line (x150,000 y150,000 / x169,218 y248,136 / black) 
   Line (x150,000 y150,000 / x169,903 y52,001 / black) 
   Line (x150,000 y150,000 / x170,620 y247,851 / black) 
   Line (x150,000 y150,000 / x171,303 y52,295 / black) 
   Line (x150,000 y150,000 / x172,019 y247,546 / black) 
   Line (x150,000 y150,000 / x172,699 y52,610 / black) 
   Line (x150,000 y150,000 / x173,412 y247,221 / black) 
   Line (x150,000 y150,000 / x174,091 y52,945 / black) 
   Line (x150,000 y150,000 / x174,801 y246,876 / black) 
   Line (x150,000 y150,000 / x175,477 y53,300 / black) 
   Line (x150,000 y150,000 / x176,185 y246,511 / black) 
   Line (x150,000 y150,000 / x176,858 y53,674 / black) 
   Line (x150,000 y150,000 / x177,564 y246,126 / black) 
   Line (x150,000 y150,000 / x178,234 y54,069 / black) 
   Line (x150,000 y150,000 / x178,937 y245,722 / red) 
   Line (x150,000 y150,000 / x179,604 y54,482 / black) 
   Line (x150,000 y150,000 / x180,304 y245,298 / red) 
   Line (x150,000 y150,000 / x180,968 y54,916 / black) 
   Line (x150,000 y150,000 / x181,664 y244,854 / red) 
   Line (x150,000 y150,000 / x182,326 y55,369 / black) 
   Line (x150,000 y150,000 / x183,018 y244,392 / red) 
   Line (x150,000 y150,000 / x183,677 y55,841 / black) 
   Line (x150,000 y150,000 / x184,366 y243,909 / red) 
   Line (x150,000 y150,000 / x185,021 y56,333 / red) 
   Line (x150,000 y150,000 / x185,706 y243,408 / red) 
   Line (x150,000 y150,000 / x186,358 y56,844 / red) 
   Line (x150,000 y150,000 / x187,040 y242,887 / red) 
   Line (x150,000 y150,000 / x187,687 y57,373 / red) 
   Line (x150,000 y150,000 / x188,365 y242,348 / red) 
   Line (x150,000 y150,000 / x189,009 y57,922 / red) 
   Line (x150,000 y150,000 / x189,683 y241,789 / red) 
   Line (x150,000 y150,000 / x190,323 y58,490 / red) 
   Line (x150,000 y150,000 / x190,992 y241,212 / red) 
   Line (x150,000 y150,000 / x191,628 y59,076 / red) 
   Line (x150,000 y150,000 / x192,293 y240,616 / red) 
   Line (x150,000 y150,000 / x192,925 y59,681 / red) 
   Line (x150,000 y150,000 / x193,586 y240,001 / red) 
   Line (x150,000 y150,000 / x194,213 y60,305 / red) 
   Line (x150,000 y150,000 / x194,870 y239,368 / red) 
   Line (x150,000 y150,000 / x195,492 y60,947 / red) 
   Line (x150,000 y150,000 / x196,144 y238,717 / red) 
   Line (x150,000 y150,000 / x196,762 y61,607 / red) 
   Line (x150,000 y150,000 / x197,409 y238,048 / red) 
   Line (x150,000 y150,000 / x198,022 y62,285 / red) 
   Line (x150,000 y150,000 / x198,664 y237,360 / red) 
   Line (x150,000 y150,000 / x199,273 y62,982 / red) 
   Line (x150,000 y150,000 / x199,909 y236,655 / red) 
   Line (x150,000 y150,000 / x200,513 y63,696 / red) 
   Line (x150,000 y150,000 / x201,144 y235,932 / red) 
   Line (x150,000 y150,000 / x201,743 y64,427 / red) 
   Line (x150,000 y150,000 / x202,369 y235,191 / red) 
   Line (x150,000 y150,000 / x202,962 y65,177 / red) 
   Line (x150,000 y150,000 / x203,583 y234,433 / red) 
   Line (x150,000 y150,000 / x204,171 y65,943 / red) 
   Line (x150,000 y150,000 / x204,786 y233,657 / red) 
   Line (x150,000 y150,000 / x205,368 y66,727 / red) 
   Line (x150,000 y150,000 / x205,977 y232,865 / red) 
   Line (x150,000 y150,000 / x206,554 y67,528 / red) 
   Line (x150,000 y150,000 / x207,157 y232,055 / red) 
   Line (x150,000 y150,000 / x207,729 y68,346 / red) 
   Line (x150,000 y150,000 / x208,326 y231,229 / red) 
   Line (x150,000 y150,000 / x208,891 y69,180 / red) 
   Line (x150,000 y150,000 / x209,482 y230,386 / red) 
   Line (x150,000 y150,000 / x210,042 y70,032 / red) 
   Line (x150,000 y150,000 / x210,627 y229,526 / black) 
   Line (x150,000 y150,000 / x211,180 y70,899 / red) 
   Line (x150,000 y150,000 / x211,759 y228,650 / black) 
   Line (x150,000 y150,000 / x212,306 y71,783 / red) 
   Line (x150,000 y150,000 / x212,878 y227,759 / black) 
   Line (x150,000 y150,000 / x213,419 y72,682 / red) 
   Line (x150,000 y150,000 / x213,984 y226,851 / black) 
   Line (x150,000 y150,000 / x214,519 y73,598 / red) 
   Line (x150,000 y150,000 / x215,077 y225,927 / black) 
   Line (x150,000 y150,000 / x215,606 y74,529 / black) 
   Line (x150,000 y150,000 / x216,157 y224,988 / black) 
   Line (x150,000 y150,000 / x216,679 y75,476 / black) 
   Line (x150,000 y150,000 / x217,224 y224,034 / black) 
   Line (x150,000 y150,000 / x217,739 y76,438 / black) 
   Line (x150,000 y150,000 / x218,276 y223,064 / black) 
   Line (x150,000 y150,000 / x218,785 y77,415 / black) 
   Line (x150,000 y150,000 / x219,315 y222,079 / black) 
   Line (x150,000 y150,000 / x219,817 y78,406 / black) 
   Line (x150,000 y150,000 / x220,339 y221,080 / black) 
   Line (x150,000 y150,000 / x220,834 y79,413 / black) 
   Line (x150,000 y150,000 / x221,350 y220,066 / black) 
   Line (x150,000 y150,000 / x221,837 y80,434 / black) 
   Line (x150,000 y150,000 / x222,345 y219,038 / black) 
   Line (x150,000 y150,000 / x222,825 y81,469 / black) 
   Line (x150,000 y150,000 / x223,326 y217,995 / black) 
   Line (x150,000 y150,000 / x223,798 y82,518 / black) 
   Line (x150,000 y150,000 / x224,291 y216,939 / black) 
   Line (x150,000 y150,000 / x224,757 y83,581 / black) 
   Line (x150,000 y150,000 / x225,241 y215,869 / black) 
   Line (x150,000 y150,000 / x225,700 y84,658 / black) 
   Line (x150,000 y150,000 / x226,176 y214,785 / black) 
   Line (x150,000 y150,000 / x226,627 y85,748 / black) 
   Line (x150,000 y150,000 / x227,096 y213,689 / black) 
   Line (x150,000 y150,000 / x227,539 y86,851 / black) 
   Line (x150,000 y150,000 / x227,999 y212,579 / black) 
   Line (x150,000 y150,000 / x228,434 y87,967 / black) 
   Line (x150,000 y150,000 / x228,887 y211,456 / black) 
   Line (x150,000 y150,000 / x229,314 y89,096 / black) 
   Line (x150,000 y150,000 / x229,758 y210,321 / black) 
   Line (x150,000 y150,000 / x230,178 y90,237 / black) 
   Line (x150,000 y150,000 / x230,613 y209,173 / black) 
   Line (x150,000 y150,000 / x231,025 y91,391 / black) 
   Line (x150,000 y150,000 / x231,452 y208,013 / black) 
   Line (x150,000 y150,000 / x231,855 y92,557 / black) 
   Line (x150,000 y150,000 / x232,274 y206,842 / black) 
   Line (x150,000 y150,000 / x232,669 y93,734 / black) 
   Line (x150,000 y150,000 / x233,079 y205,659 / black) 
   Line (x150,000 y150,000 / x249,999 y150,349 / black) 
Missing shapes in your solution:
   Line (x50,000 y150,000 / x250,000 y150,000 / red) 
   Line (x50,015 y148,255 / x249,985 y151,745 / red) 
   Line (x50,015 y151,745 / x249,985 y148,255 / red) 
   Line (x50,061 y146,510 / x249,939 y153,490 / red) 
   Line (x50,061 y153,490 / x249,939 y146,510 / red) 
   Line (x50,137 y144,766 / x249,863 y155,234 / red) 
   Line (x50,137 y155,234 / x249,863 y144,766 / red) 
   Line (x50,244 y143,024 / x249,756 y156,976 / red) 
   Line (x50,244 y156,976 / x249,756 y143,024 / red) 
   Line (x50,381 y141,284 / x249,619 y158,716 / red) 
   Line (x50,381 y158,716 / x249,619 y141,284 / red) 
   Line (x50,548 y139,547 / x249,452 y160,453 / red) 
   Line (x50,548 y160,453 / x249,452 y139,547 / red) 
   Line (x50,745 y137,813 / x249,255 y162,187 / red) 
   Line (x50,745 y162,187 / x249,255 y137,813 / red) 
   Line (x50,973 y136,083 / x249,027 y163,917 / red) 
   Line (x50,973 y163,917 / x249,027 y136,083 / red) 
   Line (x51,231 y134,357 / x248,769 y165,643 / red) 
   Line (x51,231 y165,643 / x248,769 y134,357 / red) 
   Line (x51,519 y132,635 / x248,481 y167,365 / black) 
   Line (x51,519 y167,365 / x248,481 y132,635 / red) 
   Line (x51,837 y130,919 / x248,163 y169,081 / black) 
   Line (x51,837 y169,081 / x248,163 y130,919 / black) 
   Line (x52,185 y129,209 / x247,815 y170,791 / black) 
   Line (x52,185 y170,791 / x247,815 y129,209 / black) 
   Line (x52,563 y127,505 / x247,437 y172,495 / black) 
   Line (x52,563 y172,495 / x247,437 y127,505 / black) 
   Line (x52,970 y125,808 / x247,030 y174,192 / black) 
   Line (x52,970 y174,192 / x247,030 y125,808 / black) 
   Line (x53,407 y124,118 / x246,593 y175,882 / black) 
   Line (x53,407 y175,882 / x246,593 y124,118 / black) 
   Line (x53,874 y122,436 / x246,126 y177,564 / black) 
   Line (x53,874 y177,564 / x246,126 y122,436 / black) 
   Line (x54,370 y120,763 / x245,630 y179,237 / black) 
   Line (x54,370 y179,237 / x245,630 y120,763 / black) 
   Line (x54,894 y119,098 / x245,106 y180,902 / black) 
   Line (x54,894 y180,902 / x245,106 y119,098 / black) 
   Line (x55,448 y117,443 / x244,552 y182,557 / black) 
   Line (x55,448 y182,557 / x244,552 y117,443 / black) 
   Line (x56,031 y115,798 / x243,969 y184,202 / black) 
   Line (x56,031 y184,202 / x243,969 y115,798 / black) 
   Line (x56,642 y114,163 / x243,358 y185,837 / black) 
   Line (x56,642 y185,837 / x243,358 y114,163 / black) 
   Line (x57,282 y112,539 / x242,718 y187,461 / black) 
   Line (x57,282 y187,461 / x242,718 y112,539 / black) 
   Line (x57,950 y110,927 / x242,050 y189,073 / black) 
   Line (x57,950 y189,073 / x242,050 y110,927 / black) 
   Line (x58,645 y109,326 / x241,355 y190,674 / black) 
   Line (x58,645 y190,674 / x241,355 y109,326 / black) 
   Line (x59,369 y107,738 / x240,631 y192,262 / black) 
   Line (x59,369 y192,262 / x240,631 y107,738 / black) 
   Line (x60,121 y106,163 / x239,879 y193,837 / black) 
   Line (x60,121 y193,837 / x239,879 y106,163 / black) 
   Line (x60,899 y104,601 / x239,101 y195,399 / black) 
   Line (x60,899 y195,399 / x239,101 y104,601 / black) 
   Line (x61,705 y103,053 / x238,295 y196,947 / black) 
   Line (x61,705 y196,947 / x238,295 y103,053 / black) 
   Line (x62,538 y101,519 / x237,462 y198,481 / black) 
   Line (x62,538 y198,481 / x237,462 y101,519 / black) 
   Line (x63,397 y100,000 / x236,603 y200,000 / red) 
   Line (x63,397 y200,000 / x236,603 y100,000 / black) 
   Line (x64,283 y98,496 / x235,717 y201,504 / red) 
   Line (x64,283 y201,504 / x235,717 y98,496 / red) 
   Line (x65,195 y97,008 / x234,805 y202,992 / red) 
   Line (x65,195 y202,992 / x234,805 y97,008 / red) 
   Line (x66,133 y95,536 / x233,867 y204,464 / red) 
   Line (x66,133 y204,464 / x233,867 y95,536 / red) 
   Line (x67,096 y94,081 / x232,904 y205,919 / red) 
   Line (x67,096 y205,919 / x232,904 y94,081 / red) 
   Line (x68,085 y92,642 / x231,915 y207,358 / red) 
   Line (x68,085 y207,358 / x231,915 y92,642 / red) 
   Line (x69,098 y91,221 / x230,902 y208,779 / red) 
   Line (x69,098 y208,779 / x230,902 y91,221 / red) 
   Line (x70,136 y89,818 / x229,864 y210,182 / red) 
   Line (x70,136 y210,182 / x229,864 y89,818 / red) 
   Line (x71,199 y88,434 / x228,801 y211,566 / red) 
   Line (x71,199 y211,566 / x228,801 y88,434 / red) 
   Line (x72,285 y87,068 / x227,715 y212,932 / red) 
   Line (x72,285 y212,932 / x227,715 y87,068 / red) 
   Line (x73,396 y85,721 / x226,604 y214,279 / red) 
   Line (x73,396 y214,279 / x226,604 y85,721 / red) 
   Line (x74,529 y84,394 / x225,471 y215,606 / red) 
   Line (x74,529 y215,606 / x225,471 y84,394 / red) 
   Line (x75,686 y83,087 / x224,314 y216,913 / red) 
   Line (x75,686 y216,913 / x224,314 y83,087 / red) 
   Line (x76,865 y81,800 / x223,135 y218,200 / red) 
   Line (x76,865 y218,200 / x223,135 y81,800 / red) 
   Line (x78,066 y80,534 / x221,934 y219,466 / red) 
   Line (x78,066 y219,466 / x221,934 y80,534 / red) 
   Line (x79,289 y79,289 / x220,711 y220,711 / red) 
   Line (x79,289 y220,711 / x220,711 y79,289 / red) 
   Line (x80,534 y78,066 / x219,466 y221,934 / red) 
   Line (x80,534 y221,934 / x219,466 y78,066 / red) 
   Line (x81,800 y76,865 / x218,200 y223,135 / red) 
   Line (x81,800 y223,135 / x218,200 y76,865 / red) 
   Line (x83,087 y75,686 / x216,913 y224,314 / red) 
   Line (x83,087 y224,314 / x216,913 y75,686 / red) 
   Line (x84,394 y74,529 / x215,606 y225,471 / red) 
   Line (x84,394 y225,471 / x215,606 y74,529 / red) 
   Line (x85,721 y73,396 / x214,279 y226,604 / black) 
   Line (x85,721 y226,604 / x214,279 y73,396 / red) 
   Line (x87,068 y72,285 / x212,932 y227,715 / black) 
   Line (x87,068 y227,715 / x212,932 y72,285 / black) 
   Line (x88,434 y71,199 / x211,566 y228,801 / black) 
   Line (x88,434 y228,801 / x211,566 y71,199 / black) 
   Line (x89,818 y70,136 / x210,182 y229,864 / black) 
   Line (x89,818 y229,864 / x210,182 y70,136 / black) 
   Line (x91,221 y69,098 / x208,779 y230,902 / black) 
   Line (x91,221 y230,902 / x208,779 y69,098 / black) 
   Line (x92,642 y68,085 / x207,358 y231,915 / black) 
   Line (x92,642 y231,915 / x207,358 y68,085 / black) 
   Line (x94,081 y67,096 / x205,919 y232,904 / black) 
   Line (x94,081 y232,904 / x205,919 y67,096 / black) 
   Line (x95,536 y66,133 / x204,464 y233,867 / black) 
   Line (x95,536 y233,867 / x204,464 y66,133 / black) 
   Line (x97,008 y65,195 / x202,992 y234,805 / black) 
   Line (x97,008 y234,805 / x202,992 y65,195 / black) 
   Line (x98,496 y64,283 / x201,504 y235,717 / black) 
   Line (x98,496 y235,717 / x201,504 y64,283 / black) 
   Line (x100,000 y63,397 / x200,000 y236,603 / black) 
   Line (x100,000 y236,603 / x200,000 y63,397 / black) 
   Line (x101,519 y62,538 / x198,481 y237,462 / black) 
   Line (x101,519 y237,462 / x198,481 y62,538 / black) 
   Line (x103,053 y61,705 / x196,947 y238,295 / black) 
   Line (x103,053 y238,295 / x196,947 y61,705 / black) 
   Line (x104,601 y60,899 / x195,399 y239,101 / black) 
   Line (x104,601 y239,101 / x195,399 y60,899 / black) 
   Line (x106,163 y60,121 / x193,837 y239,879 / black) 
   Line (x106,163 y239,879 / x193,837 y60,121 / black) 
   Line (x107,738 y59,369 / x192,262 y240,631 / black) 
   Line (x107,738 y240,631 / x192,262 y59,369 / black) 
   Line (x109,326 y58,645 / x190,674 y241,355 / black) 
   Line (x109,326 y241,355 / x190,674 y58,645 / black) 
   Line (x110,927 y57,950 / x189,073 y242,050 / black) 
   Line (x110,927 y242,050 / x189,073 y57,950 / black) 
   Line (x112,539 y57,282 / x187,461 y242,718 / black) 
   Line (x112,539 y242,718 / x187,461 y57,282 / black) 
   Line (x114,163 y56,642 / x185,837 y243,358 / black) 
   Line (x114,163 y243,358 / x185,837 y56,642 / black) 
   Line (x115,798 y56,031 / x184,202 y243,969 / red) 
   Line (x115,798 y243,969 / x184,202 y56,031 / black) 
   Line (x117,443 y55,448 / x182,557 y244,552 / red) 
   Line (x117,443 y244,552 / x182,557 y55,448 / red) 
   Line (x119,098 y54,894 / x180,902 y245,106 / red) 
   Line (x119,098 y245,106 / x180,902 y54,894 / red) 
   Line (x120,763 y54,370 / x179,237 y245,630 / red) 
   Line (x120,763 y245,630 / x179,237 y54,370 / red) 
   Line (x122,436 y53,874 / x177,564 y246,126 / red) 
   Line (x122,436 y246,126 / x177,564 y53,874 / red) 
   Line (x124,118 y53,407 / x175,882 y246,593 / red) 
   Line (x124,118 y246,593 / x175,882 y53,407 / red) 
   Line (x125,808 y52,970 / x174,192 y247,030 / red) 
   Line (x125,808 y247,030 / x174,192 y52,970 / red) 
   Line (x127,505 y52,563 / x172,495 y247,437 / red) 
   Line (x127,505 y247,437 / x172,495 y52,563 / red) 
   Line (x129,209 y52,185 / x170,791 y247,815 / red) 
   Line (x129,209 y247,815 / x170,791 y52,185 / red) 
   Line (x130,919 y51,837 / x169,081 y248,163 / red) 
   Line (x130,919 y248,163 / x169,081 y51,837 / red) 
   Line (x132,635 y51,519 / x167,365 y248,481 / red) 
   Line (x132,635 y248,481 / x167,365 y51,519 / red) 
   Line (x134,357 y51,231 / x165,643 y248,769 / red) 
   Line (x134,357 y248,769 / x165,643 y51,231 / red) 
   Line (x136,083 y50,973 / x163,917 y249,027 / red) 
   Line (x136,083 y249,027 / x163,917 y50,973 / red) 
   Line (x137,813 y50,745 / x162,187 y249,255 / red) 
   Line (x137,813 y249,255 / x162,187 y50,745 / red) 
   Line (x139,547 y50,548 / x160,453 y249,452 / red) 
   Line (x139,547 y249,452 / x160,453 y50,548 / red) 
   Line (x141,284 y50,381 / x158,716 y249,619 / red) 
   Line (x141,284 y249,619 / x158,716 y50,381 / red) 
   Line (x143,024 y50,244 / x156,976 y249,756 / red) 
   Line (x143,024 y249,756 / x156,976 y50,244 / red) 
   Line (x144,766 y50,137 / x155,234 y249,863 / red) 
   Line (x144,766 y249,863 / x155,234 y50,137 / red) 
   Line (x146,510 y50,061 / x153,490 y249,939 / red) 
   Line (x146,510 y249,939 / x153,490 y50,061 / red) 
   Line (x148,255 y50,015 / x151,745 y249,985 / red) 
   Line (x148,255 y249,985 / x151,745 y50,015 / red) 
   Line (x150,000 y50,000 / x150,000 y250,000 / black) 

