  There is 322 shapes, but only 180 shapes were expected
Superflous shapes in your solution:
   Line (x50,015 y148,255 / x249,966 y152,618 / red) 
   Line (x50,061 y153,490 / x249,905 y145,638 / red) 
   Line (x50,137 y144,766 / x249,813 y156,105 / red) 
   Line (x50,308 y142,154 / x249,619 y158,716 / red) 
   Line (x50,460 y159,585 / x249,452 y139,547 / red) 
   Line (x50,643 y161,320 / x249,255 y137,813 / red) 
   Line (x50,745 y137,813 / x249,144 y163,053 / red) 
   Line (x50,856 y163,053 / x249,027 y136,083 / red) 
   Line (x51,231 y134,357 / x248,629 y166,505 / red) 
   Line (x51,519 y167,365 / x248,325 y131,776 / red) 
   Line (x51,675 y131,776 / x248,163 y169,081 / black) 
   Line (x51,837 y169,081 / x247,992 y130,063 / black) 
   Line (x52,370 y128,356 / x247,437 y172,495 / black) 
   Line (x52,563 y172,495 / x247,237 y126,655 / black) 
   Line (x52,970 y125,808 / x246,815 y175,038 / black) 
   Line (x52,970 y174,192 / x246,815 y124,962 / black) 
   Line (x53,637 y176,724 / x246,126 y122,436 / black) 
   Line (x54,894 y119,098 / x244,832 y181,730 / black) 
   Line (x55,448 y182,557 / x244,264 y116,619 / black) 
   Line (x55,736 y116,619 / x243,969 y184,202 / black) 
   Line (x56,958 y113,350 / x243,042 y186,650 / black) 
   Line (x56,958 y186,650 / x243,042 y113,350 / black) 
   Line (x57,612 y111,732 / x242,388 y188,268 / black) 
   Line (x57,612 y188,268 / x242,388 y111,732 / black) 
   Line (x58,294 y110,125 / x241,706 y189,875 / black) 
   Line (x58,294 y189,875 / x241,706 y110,125 / black) 
   Line (x59,004 y108,531 / x240,996 y191,469 / black) 
   Line (x59,004 y191,469 / x240,996 y108,531 / black) 
   Line (x59,741 y106,949 / x240,259 y193,051 / black) 
   Line (x59,741 y193,051 / x240,259 y106,949 / black) 
   Line (x60,507 y105,380 / x239,493 y194,620 / black) 
   Line (x60,507 y194,620 / x239,493 y105,380 / black) 
   Line (x61,299 y103,825 / x238,701 y196,175 / black) 
   Line (x61,299 y196,175 / x238,701 y103,825 / black) 
   Line (x62,118 y102,284 / x237,882 y197,716 / black) 
   Line (x62,118 y197,716 / x237,882 y102,284 / black) 
   Line (x62,964 y100,758 / x237,036 y199,242 / black) 
   Line (x62,964 y199,242 / x237,036 y100,758 / black) 
   Line (x63,837 y99,246 / x236,163 y200,754 / red) 
   Line (x63,837 y200,754 / x236,163 y99,246 / red) 
   Line (x64,736 y97,750 / x235,264 y202,250 / red) 
   Line (x64,736 y202,250 / x235,264 y97,750 / red) 
   Line (x65,661 y96,270 / x234,339 y203,730 / red) 
   Line (x65,661 y203,730 / x234,339 y96,270 / red) 
   Line (x66,611 y94,806 / x233,389 y205,194 / red) 
   Line (x66,611 y205,194 / x233,389 y94,806 / red) 
   Line (x67,587 y93,359 / x232,413 y206,641 / red) 
   Line (x67,587 y206,641 / x232,413 y93,359 / red) 
   Line (x68,588 y91,930 / x231,412 y208,070 / red) 
   Line (x68,588 y208,070 / x231,412 y91,930 / red) 
   Line (x69,614 y90,518 / x230,386 y209,482 / red) 
   Line (x69,614 y209,482 / x230,386 y90,518 / red) 
   Line (x70,665 y89,124 / x229,335 y210,876 / red) 
   Line (x70,665 y210,876 / x229,335 y89,124 / red) 
   Line (x71,739 y87,749 / x228,261 y212,251 / red) 
   Line (x71,739 y212,251 / x228,261 y87,749 / red) 
   Line (x72,838 y86,392 / x227,162 y213,608 / red) 
   Line (x72,838 y213,608 / x227,162 y86,392 / red) 
   Line (x73,959 y85,055 / x226,041 y214,945 / red) 
   Line (x73,959 y214,945 / x226,041 y85,055 / red) 
   Line (x75,104 y83,738 / x224,896 y216,262 / red) 
   Line (x75,104 y216,262 / x224,896 y83,738 / red) 
   Line (x76,272 y82,441 / x223,728 y217,559 / red) 
   Line (x76,272 y217,559 / x223,728 y82,441 / red) 
   Line (x77,463 y81,165 / x222,537 y218,835 / red) 
   Line (x77,463 y218,835 / x222,537 y81,165 / red) 
   Line (x78,675 y79,909 / x221,325 y220,091 / red) 
   Line (x78,675 y220,091 / x221,325 y79,909 / red) 
   Line (x79,909 y78,675 / x220,091 y221,325 / red) 
   Line (x79,909 y221,325 / x220,091 y78,675 / red) 
   Line (x81,165 y77,463 / x218,835 y222,537 / red) 
   Line (x81,165 y222,537 / x218,835 y77,463 / red) 
   Line (x82,441 y76,272 / x217,559 y223,728 / red) 
   Line (x82,441 y223,728 / x217,559 y76,272 / red) 
   Line (x83,738 y75,104 / x216,262 y224,896 / red) 
   Line (x83,738 y224,896 / x216,262 y75,104 / red) 
   Line (x85,055 y73,959 / x214,945 y226,041 / red) 
   Line (x85,055 y226,041 / x214,945 y73,959 / red) 
   Line (x86,392 y72,838 / x213,608 y227,162 / black) 
   Line (x86,392 y227,162 / x213,608 y72,838 / black) 
   Line (x87,749 y71,739 / x212,251 y228,261 / black) 
   Line (x87,749 y228,261 / x212,251 y71,739 / black) 
   Line (x89,124 y70,665 / x210,876 y229,335 / black) 
   Line (x89,124 y229,335 / x210,876 y70,665 / black) 
   Line (x90,518 y69,614 / x209,482 y230,386 / black) 
   Line (x90,518 y230,386 / x209,482 y69,614 / black) 
   Line (x91,930 y68,588 / x208,070 y231,412 / black) 
   Line (x91,930 y231,412 / x208,070 y68,588 / black) 
   Line (x93,359 y67,587 / x206,641 y232,413 / black) 
   Line (x93,359 y232,413 / x206,641 y67,587 / black) 
   Line (x94,806 y66,611 / x205,194 y233,389 / black) 
   Line (x94,806 y233,389 / x205,194 y66,611 / black) 
   Line (x96,270 y65,661 / x203,730 y234,339 / black) 
   Line (x96,270 y234,339 / x203,730 y65,661 / black) 
   Line (x97,750 y64,736 / x202,250 y235,264 / black) 
   Line (x97,750 y235,264 / x202,250 y64,736 / black) 
   Line (x99,246 y63,837 / x200,754 y236,163 / black) 
   Line (x99,246 y236,163 / x200,754 y63,837 / black) 
   Line (x100,758 y62,964 / x199,242 y237,036 / black) 
   Line (x100,758 y237,036 / x199,242 y62,964 / black) 
   Line (x102,284 y62,118 / x197,716 y237,882 / black) 
   Line (x102,284 y237,882 / x197,716 y62,118 / black) 
   Line (x103,825 y61,299 / x196,175 y238,701 / black) 
   Line (x103,825 y238,701 / x196,175 y61,299 / black) 
   Line (x105,380 y60,507 / x194,620 y239,493 / black) 
   Line (x105,380 y239,493 / x194,620 y60,507 / black) 
   Line (x106,949 y59,741 / x193,051 y240,259 / black) 
   Line (x106,949 y240,259 / x193,051 y59,741 / black) 
   Line (x108,531 y59,004 / x191,469 y240,996 / black) 
   Line (x108,531 y240,996 / x191,469 y59,004 / black) 
   Line (x110,125 y58,294 / x189,875 y241,706 / black) 
   Line (x110,125 y241,706 / x189,875 y58,294 / black) 
   Line (x111,732 y57,612 / x188,268 y242,388 / black) 
   Line (x111,732 y242,388 / x188,268 y57,612 / black) 
   Line (x113,350 y56,958 / x186,650 y243,042 / black) 
   Line (x113,350 y243,042 / x186,650 y56,958 / black) 
   Line (x114,979 y56,333 / x185,021 y243,667 / black) 
   Line (x114,979 y243,667 / x185,021 y56,333 / black) 
   Line (x116,619 y55,736 / x183,381 y244,264 / red) 
   Line (x116,619 y244,264 / x183,381 y55,736 / red) 
   Line (x118,270 y55,168 / x181,730 y244,832 / red) 
   Line (x118,270 y244,832 / x181,730 y55,168 / red) 
   Line (x119,929 y54,628 / x180,071 y245,372 / red) 
   Line (x119,929 y245,372 / x180,071 y54,628 / red) 
   Line (x121,598 y54,118 / x178,402 y245,882 / red) 
   Line (x121,598 y245,882 / x178,402 y54,118 / red) 
   Line (x123,276 y53,637 / x176,724 y246,363 / red) 
   Line (x123,276 y246,363 / x176,724 y53,637 / red) 
   Line (x124,962 y53,185 / x175,038 y246,815 / red) 
   Line (x124,962 y246,815 / x175,038 y53,185 / red) 
   Line (x126,655 y52,763 / x173,345 y247,237 / red) 
   Line (x126,655 y247,237 / x173,345 y52,763 / red) 
   Line (x128,356 y52,370 / x171,644 y247,630 / red) 
   Line (x128,356 y247,630 / x171,644 y52,370 / red) 
   Line (x130,063 y52,008 / x169,937 y247,992 / red) 
   Line (x130,063 y247,992 / x169,937 y52,008 / red) 
   Line (x131,776 y51,675 / x168,224 y248,325 / red) 
   Line (x131,776 y248,325 / x168,224 y51,675 / red) 
   Line (x133,495 y51,371 / x166,505 y248,629 / red) 
   Line (x133,495 y248,629 / x166,505 y51,371 / red) 
   Line (x135,219 y51,098 / x164,781 y248,902 / red) 
   Line (x135,219 y248,902 / x164,781 y51,098 / red) 
   Line (x136,947 y50,856 / x163,053 y249,144 / red) 
   Line (x136,947 y249,144 / x163,053 y50,856 / red) 
   Line (x138,680 y50,643 / x161,320 y249,357 / red) 
   Line (x138,680 y249,357 / x161,320 y50,643 / red) 
   Line (x140,415 y50,460 / x159,585 y249,540 / red) 
   Line (x140,415 y249,540 / x159,585 y50,460 / red) 
   Line (x142,154 y50,308 / x157,846 y249,692 / red) 
   Line (x142,154 y249,692 / x157,846 y50,308 / red) 
   Line (x143,895 y50,187 / x156,105 y249,813 / red) 
   Line (x143,895 y249,813 / x156,105 y50,187 / red) 
   Line (x145,638 y50,095 / x154,362 y249,905 / red) 
   Line (x145,638 y249,905 / x154,362 y50,095 / red) 
   Line (x147,382 y50,034 / x152,618 y249,966 / red) 
   Line (x147,382 y249,966 / x152,618 y50,034 / red) 
   Line (x150,000 y150,000 / x150,873 y50,004 / black) 
   Line (x150,000 y150,000 / x243,667 y114,979 / red) 
   Line (x150,000 y150,000 / x243,667 y185,021 / red) 
   Line (x150,000 y150,000 / x244,264 y183,381 / red) 
   Line (x150,000 y150,000 / x244,552 y117,443 / red) 
   Line (x150,000 y150,000 / x245,630 y120,763 / red) 
   Line (x150,000 y150,000 / x246,126 y177,564 / red) 
   Line (x150,000 y150,000 / x246,363 y123,276 / red) 
   Line (x150,000 y150,000 / x246,593 y175,882 / red) 
   Line (x150,000 y150,000 / x247,030 y125,808 / red) 
   Line (x150,000 y150,000 / x247,030 y174,192 / red) 
   Line (x150,000 y150,000 / x247,815 y129,209 / red) 
   Line (x150,000 y150,000 / x247,992 y169,937 / red) 
   Line (x150,000 y150,000 / x248,163 y130,919 / red) 
   Line (x150,000 y150,000 / x248,481 y167,365 / red) 
   Line (x150,000 y150,000 / x248,902 y135,219 / black) 
   Line (x150,000 y150,000 / x248,902 y164,781 / black) 
   Line (x150,000 y150,000 / x249,144 y136,947 / black) 
   Line (x150,000 y150,000 / x249,255 y162,187 / black) 
   Line (x150,000 y150,000 / x249,357 y138,680 / black) 
   Line (x150,000 y150,000 / x249,452 y160,453 / black) 
   Line (x150,000 y150,000 / x249,756 y143,024 / black) 
   Line (x150,000 y150,000 / x249,756 y156,976 / black) 
   Line (x150,000 y150,000 / x249,863 y144,766 / black) 
   Line (x150,000 y150,000 / x249,939 y153,490 / black) 
   Line (x150,000 y150,000 / x249,966 y147,382 / black) 
   Line (x150,000 y150,000 / x250,000 y150,000 / black) 
Missing shapes in your solution:
   Line (x50,000 y150,000 / x250,000 y150,000 / red) 
   Line (x50,015 y148,255 / x249,985 y151,745 / red) 
   Line (x50,015 y151,745 / x249,985 y148,255 / red) 
   Line (x50,061 y146,510 / x249,939 y153,490 / red) 
   Line (x50,061 y153,490 / x249,939 y146,510 / red) 
   Line (x50,137 y144,766 / x249,863 y155,234 / red) 
   Line (x50,137 y155,234 / x249,863 y144,766 / red) 
   Line (x50,244 y143,024 / x249,756 y156,976 / red) 
   Line (x50,244 y156,976 / x249,756 y143,024 / red) 
   Line (x50,381 y141,284 / x249,619 y158,716 / red) 
   Line (x50,381 y158,716 / x249,619 y141,284 / red) 
   Line (x50,548 y139,547 / x249,452 y160,453 / red) 
   Line (x50,548 y160,453 / x249,452 y139,547 / red) 
   Line (x50,745 y137,813 / x249,255 y162,187 / red) 
   Line (x50,745 y162,187 / x249,255 y137,813 / red) 
   Line (x50,973 y136,083 / x249,027 y163,917 / red) 
   Line (x50,973 y163,917 / x249,027 y136,083 / red) 
   Line (x51,231 y134,357 / x248,769 y165,643 / red) 
   Line (x51,231 y165,643 / x248,769 y134,357 / red) 
   Line (x51,519 y132,635 / x248,481 y167,365 / black) 
   Line (x51,519 y167,365 / x248,481 y132,635 / red) 
   Line (x51,837 y130,919 / x248,163 y169,081 / black) 
   Line (x51,837 y169,081 / x248,163 y130,919 / black) 
   Line (x52,185 y129,209 / x247,815 y170,791 / black) 
   Line (x52,185 y170,791 / x247,815 y129,209 / black) 
   Line (x52,563 y127,505 / x247,437 y172,495 / black) 
   Line (x52,563 y172,495 / x247,437 y127,505 / black) 
   Line (x52,970 y125,808 / x247,030 y174,192 / black) 
   Line (x52,970 y174,192 / x247,030 y125,808 / black) 
   Line (x53,407 y124,118 / x246,593 y175,882 / black) 
   Line (x53,407 y175,882 / x246,593 y124,118 / black) 
   Line (x53,874 y122,436 / x246,126 y177,564 / black) 
   Line (x53,874 y177,564 / x246,126 y122,436 / black) 
   Line (x54,370 y120,763 / x245,630 y179,237 / black) 
   Line (x54,370 y179,237 / x245,630 y120,763 / black) 
   Line (x54,894 y119,098 / x245,106 y180,902 / black) 
   Line (x54,894 y180,902 / x245,106 y119,098 / black) 
   Line (x55,448 y117,443 / x244,552 y182,557 / black) 
   Line (x55,448 y182,557 / x244,552 y117,443 / black) 
   Line (x56,031 y115,798 / x243,969 y184,202 / black) 
   Line (x56,031 y184,202 / x243,969 y115,798 / black) 

