Invalid read count. Expected: 144; Found: 136
Invalid write count. Expected: 56; Found: 48
Value at index 2 differs. Expected C; Found D
Value at index 3 differs. Expected D; Found E
Value at index 4 differs. Expected E; Found F
Value at index 5 differs. Expected F; Found G
Value at index 6 differs. Expected G; Found C

Invalid read count. Expected: 20 856; Found: 20 640
Invalid write count. Expected: 8 406; Found: 8 190
Value at index 95 differs. Expected DR; Found DS
Value at index 96 differs. Expected DS; Found DT
Value at index 97 differs. Expected DT; Found DU
Value at index 98 differs. Expected DU; Found DV
Value at index 99 differs. Expected DV; Found DW
Value at index 100 differs. Expected DW; Found DX
Value at index 101 differs. Expected DX; Found DZ
Value at index 102 differs. Expected DY; Found EA
Value at index 103 differs. Expected DZ; Found EB
Value at index 104 differs. Expected EA; Found EC
Value at index 105 differs. Expected EB; Found ED
Value at index 106 differs. Expected EC; Found EE
Value at index 107 differs. Expected ED; Found EF
Value at index 108 differs. Expected EE; Found EG
Value at index 109 differs. Expected EF; Found EH
Value at index 110 differs. Expected EG; Found EI
Value at index 111 differs. Expected EH; Found EJ
Value at index 112 differs. Expected EI; Found EK
Value at index 113 differs. Expected EJ; Found EL
Value at index 114 differs. Expected EK; Found EM
Value at index 115 differs. Expected EL; Found EN
Value at index 116 differs. Expected EM; Found EO
Value at index 117 differs. Expected EN; Found EP
Value at index 118 differs. Expected EO; Found EQ
Value at index 119 differs. Expected EP; Found ER
Value at index 120 differs. Expected EQ; Found ES
Value at index 121 differs. Expected ER; Found ET
Value at index 122 differs. Expected ES; Found EU
Value at index 123 differs. Expected ET; Found EV
Value at index 124 differs. Expected EU; Found EW
Value at index 125 differs. Expected EV; Found EY
Value at index 126 differs. Expected EW; Found EX
Value at index 127 differs. Expected EX; Found EZ
Value at index 128 differs. Expected EY; Found FA
Value at index 129 differs. Expected EZ; Found FC
Value at index 130 differs. Expected FA; Found FB
Value at index 131 differs. Expected FB; Found FE
Value at index 132 differs. Expected FC; Found FD
Value at index 133 differs. Expected FD; Found FF
Value at index 134 differs. Expected FE; Found FG
Value at index 135 differs. Expected FF; Found FJ
Value at index 136 differs. Expected FG; Found FK
Value at index 137 differs. Expected FH; Found FM
Value at index 139 differs. Expected FJ; Found FN
Value at index 140 differs. Expected FK; Found FL
Value at index 141 differs. Expected FL; Found FO
Value at index 142 differs. Expected FM; Found FH
Value at index 143 differs. Expected FN; Found FP
Value at index 144 differs. Expected FO; Found DR
Value at index 145 differs. Expected FP; Found FQ
Value at index 146 differs. Expected FQ; Found DY

