Invalid read count. Expected: 102; Found: 36
Invalid write count. Expected: 24; Found: 18
Value at index 0 differs. Expected A; Found J
Value at index 1 differs. Expected B; Found A
Value at index 2 differs. Expected C; Found H
Value at index 3 differs. Expected D; Found C
Value at index 4 differs. Expected E; Found D
Value at index 6 differs. Expected G; Found E
Value at index 7 differs. Expected H; Found G
Value at index 8 differs. Expected I; Found B
Value at index 9 differs. Expected J; Found I

Invalid read count. Expected: 24 316; Found: 608
Invalid write count. Expected: 9 276; Found: 292
Value at index 0 differs. Expected AA; Found FT
Value at index 1 differs. Expected AB; Found DR
Value at index 2 differs. Expected AC; Found BF
Value at index 3 differs. Expected AD; Found AB
Value at index 4 differs. Expected AE; Found CY
Value at index 5 differs. Expected AF; Found BR
Value at index 6 differs. Expected AG; Found EO
Value at index 7 differs. Expected AH; Found ER
Value at index 8 differs. Expected AI; Found BY
Value at index 9 differs. Expected AJ; Found EE
Value at index 10 differs. Expected AK; Found CR
Value at index 11 differs. Expected AL; Found AK
Value at index 12 differs. Expected AM; Found DC
Value at index 13 differs. Expected AN; Found FF
Value at index 14 differs. Expected AO; Found DA
Value at index 15 differs. Expected AP; Found AO
Value at index 16 differs. Expected AQ; Found CQ
Value at index 17 differs. Expected AR; Found AQ
Value at index 18 differs. Expected AS; Found DO
Value at index 19 differs. Expected AT; Found AV
Value at index 20 differs. Expected AU; Found AT
Value at index 21 differs. Expected AV; Found AU
Value at index 22 differs. Expected AW; Found DP
Value at index 23 differs. Expected AX; Found DU
Value at index 24 differs. Expected AY; Found CI
Value at index 25 differs. Expected AZ; Found EK
Value at index 26 differs. Expected BA; Found ED
Value at index 27 differs. Expected BB; Found AM
Value at index 28 differs. Expected BC; Found CF
Value at index 29 differs. Expected BD; Found BC
Value at index 30 differs. Expected BE; Found BG
Value at index 31 differs. Expected BF; Found BE
Value at index 32 differs. Expected BG; Found FS
Value at index 33 differs. Expected BH; Found BJ
Value at index 34 differs. Expected BI; Found AZ
Value at index 35 differs. Expected BJ; Found EZ
Value at index 36 differs. Expected BK; Found CO
Value at index 37 differs. Expected BL; Found BP
Value at index 38 differs. Expected BM; Found BU
Value at index 39 differs. Expected BN; Found BM
Value at index 40 differs. Expected BO; Found DS
Value at index 41 differs. Expected BP; Found FD
Value at index 42 differs. Expected BQ; Found BK
Value at index 43 differs. Expected BR; Found EL
Value at index 44 differs. Expected BS; Found AE
Value at index 45 differs. Expected BT; Found AG
Value at index 46 differs. Expected BU; Found BT
Value at index 47 differs. Expected BV; Found BL
Value at index 48 differs. Expected BW; Found CZ
Value at index 49 differs. Expected BX; Found FR
Value at index 50 differs. Expected BY; Found FA
Value at index 51 differs. Expected BZ; Found EV
Value at index 52 differs. Expected CA; Found CU
Value at index 53 differs. Expected CB; Found BX
Value at index 54 differs. Expected CC; Found BN
Value at index 55 differs. Expected CD; Found DD
Value at index 56 differs. Expected CE; Found CD
Value at index 57 differs. Expected CF; Found CE
Value at index 58 differs. Expected CG; Found DB
Value at index 59 differs. Expected CH; Found AL
Value at index 60 differs. Expected CI; Found CH
Value at index 61 differs. Expected CJ; Found AX
Value at index 62 differs. Expected CK; Found EC
Value at index 63 differs. Expected CL; Found FH
Value at index 64 differs. Expected CM; Found CN
Value at index 65 differs. Expected CN; Found BB
Value at index 66 differs. Expected CO; Found FQ
Value at index 67 differs. Expected CP; Found AJ
Value at index 68 differs. Expected CQ; Found AC
Value at index 69 differs. Expected CR; Found AP
Value at index 70 differs. Expected CS; Found BD
Value at index 71 differs. Expected CT; Found CL
Value at index 72 differs. Expected CU; Found EI
Value at index 73 differs. Expected CV; Found DJ
Value at index 74 differs. Expected CW; Found CV
Value at index 75 differs. Expected CX; Found EJ
Value at index 76 differs. Expected CY; Found FJ
Value at index 77 differs. Expected CZ; Found AD
Value at index 78 differs. Expected DA; Found DT
Value at index 79 differs. Expected DB; Found AN
Value at index 80 differs. Expected DC; Found DN
Value at index 81 differs. Expected DD; Found FI
Value at index 82 differs. Expected DE; Found CC
Value at index 83 differs. Expected DF; Found ES
Value at index 84 differs. Expected DG; Found ET
Value at index 85 differs. Expected DH; Found DG
Value at index 86 differs. Expected DI; Found DE
Value at index 87 differs. Expected DJ; Found DI
Value at index 88 differs. Expected DK; Found BZ
Value at index 89 differs. Expected DL; Found DK
Value at index 90 differs. Expected DM; Found DL
Value at index 91 differs. Expected DN; Found BA
Value at index 92 differs. Expected DO; Found CM
Value at index 93 differs. Expected DP; Found AR
Value at index 94 differs. Expected DQ; Found EM
Value at index 95 differs. Expected DR; Found DQ
Value at index 96 differs. Expected DS; Found AA
Value at index 97 differs. Expected DT; Found CB
Value at index 98 differs. Expected DU; Found BW
Value at index 99 differs. Expected DV; Found FL
Value at index 100 differs. Expected DW; Found CX
Value at index 101 differs. Expected DX; Found DW
Value at index 102 differs. Expected DY; Found DX
Value at index 103 differs. Expected DZ; Found BS
Value at index 104 differs. Expected EA; Found FM
Value at index 105 differs. Expected EB; Found EA
Value at index 106 differs. Expected EC; Found AW
Value at index 107 differs. Expected ED; Found CJ
Value at index 108 differs. Expected EE; Found EX
Value at index 109 differs. Expected EF; Found AI
Value at index 110 differs. Expected EG; Found EF
Value at index 111 differs. Expected EH; Found EG
Value at index 112 differs. Expected EI; Found EH
Value at index 113 differs. Expected EJ; Found CT
Value at index 114 differs. Expected EK; Found CW
Value at index 115 differs. Expected EL; Found AY
Value at index 116 differs. Expected EM; Found BQ
Value at index 117 differs. Expected EN; Found AS
Value at index 118 differs. Expected EO; Found EN
Value at index 119 differs. Expected EP; Found BI
Value at index 120 differs. Expected EQ; Found EP
Value at index 121 differs. Expected ER; Found EW
Value at index 122 differs. Expected ES; Found DY
Value at index 123 differs. Expected ET; Found DH
Value at index 124 differs. Expected EU; Found DF
Value at index 125 differs. Expected EV; Found BO
Value at index 126 differs. Expected EW; Found AH
Value at index 127 differs. Expected EX; Found EQ
Value at index 128 differs. Expected EY; Found BH
Value at index 129 differs. Expected EZ; Found EY
Value at index 130 differs. Expected FA; Found CS
Value at index 131 differs. Expected FB; Found CA
Value at index 132 differs. Expected FC; Found FB
Value at index 133 differs. Expected FD; Found FC
Value at index 134 differs. Expected FE; Found EU
Value at index 135 differs. Expected FF; Found FE
Value at index 136 differs. Expected FG; Found DM
Value at index 137 differs. Expected FH; Found FG
Value at index 138 differs. Expected FI; Found CK
Value at index 139 differs. Expected FJ; Found CG
Value at index 140 differs. Expected FK; Found DV
Value at index 141 differs. Expected FL; Found FK
Value at index 142 differs. Expected FM; Found EB
Value at index 143 differs. Expected FN; Found DZ
Value at index 144 differs. Expected FO; Found FN
Value at index 145 differs. Expected FP; Found FO
Value at index 146 differs. Expected FQ; Found FP
Value at index 147 differs. Expected FR; Found CP
Value at index 148 differs. Expected FS; Found BV
Value at index 149 differs. Expected FT; Found AF

