Invalid read count. Expected: 120; Found: 90
Invalid write count. Expected: 42; Found: 30
Value at index 3 differs. Expected D; Found E
Value at index 4 differs. Expected E; Found I
Value at index 6 differs. Expected G; Found D
Value at index 7 differs. Expected H; Found G
Value at index 8 differs. Expected I; Found H

Invalid read count. Expected: 22 490; Found: 1 220
Invalid write count. Expected: 8 512; Found: 588
Value at index 1 differs. Expected AB; Found DT
Value at index 2 differs. Expected AC; Found BV
Value at index 3 differs. Expected AD; Found EP
Value at index 4 differs. Expected AE; Found CB
Value at index 5 differs. Expected AF; Found AK
Value at index 7 differs. Expected AH; Found ED
Value at index 8 differs. Expected AI; Found FF
Value at index 10 differs. Expected AK; Found BH
Value at index 11 differs. Expected AL; Found BP
Value at index 15 differs. Expected AP; Found CO
Value at index 16 differs. Expected AQ; Found BR
Value at index 17 differs. Expected AR; Found BA
Value at index 18 differs. Expected AS; Found BY
Value at index 19 differs. Expected AT; Found FL
Value at index 20 differs. Expected AU; Found BT
Value at index 21 differs. Expected AV; Found BZ
Value at index 23 differs. Expected AX; Found FC
Value at index 24 differs. Expected AY; Found CC
Value at index 25 differs. Expected AZ; Found DN
Value at index 26 differs. Expected BA; Found BF
Value at index 28 differs. Expected BC; Found BS
Value at index 29 differs. Expected BD; Found CW
Value at index 30 differs. Expected BE; Found EB
Value at index 31 differs. Expected BF; Found AR
Value at index 32 differs. Expected BG; Found CU
Value at index 33 differs. Expected BH; Found AF
Value at index 36 differs. Expected BK; Found FG
Value at index 39 differs. Expected BN; Found BW
Value at index 40 differs. Expected BO; Found CN
Value at index 41 differs. Expected BP; Found AL
Value at index 42 differs. Expected BQ; Found EY
Value at index 43 differs. Expected BR; Found CE
Value at index 44 differs. Expected BS; Found BC
Value at index 45 differs. Expected BT; Found AP
Value at index 46 differs. Expected BU; Found FR
Value at index 47 differs. Expected BV; Found AE
Value at index 48 differs. Expected BW; Found DR
Value at index 49 differs. Expected BX; Found CG
Value at index 50 differs. Expected BY; Found DD
Value at index 51 differs. Expected BZ; Found AV
Value at index 52 differs. Expected CA; Found EG
Value at index 53 differs. Expected CB; Found AC
Value at index 54 differs. Expected CC; Found AY
Value at index 55 differs. Expected CD; Found DY
Value at index 56 differs. Expected CE; Found DJ
Value at index 57 differs. Expected CF; Found FP
Value at index 58 differs. Expected CG; Found DZ
Value at index 59 differs. Expected CH; Found DG
Value at index 60 differs. Expected CI; Found EU
Value at index 62 differs. Expected CK; Found AU
Value at index 63 differs. Expected CL; Found BX
Value at index 64 differs. Expected CM; Found EC
Value at index 65 differs. Expected CN; Found DP
Value at index 66 differs. Expected CO; Found DO
Value at index 68 differs. Expected CQ; Found BU
Value at index 69 differs. Expected CR; Found FE
Value at index 71 differs. Expected CT; Found EW
Value at index 72 differs. Expected CU; Found BG
Value at index 73 differs. Expected CV; Found CI
Value at index 74 differs. Expected CW; Found BD
Value at index 75 differs. Expected CX; Found EJ
Value at index 76 differs. Expected CY; Found CH
Value at index 81 differs. Expected DD; Found AD
Value at index 84 differs. Expected DG; Found CY
Value at index 85 differs. Expected DH; Found CL
Value at index 86 differs. Expected DI; Found DV
Value at index 87 differs. Expected DJ; Found AQ
Value at index 90 differs. Expected DM; Found EI
Value at index 91 differs. Expected DN; Found AZ
Value at index 92 differs. Expected DO; Found CT
Value at index 93 differs. Expected DP; Found BO
Value at index 94 differs. Expected DQ; Found FJ
Value at index 95 differs. Expected DR; Found BN
Value at index 96 differs. Expected DS; Found EH
Value at index 97 differs. Expected DT; Found AH
Value at index 99 differs. Expected DV; Found EA
Value at index 101 differs. Expected DX; Found EL
Value at index 102 differs. Expected DY; Found CD
Value at index 103 differs. Expected DZ; Found DH
Value at index 104 differs. Expected EA; Found DI
Value at index 105 differs. Expected EB; Found BQ
Value at index 106 differs. Expected EC; Found CM
Value at index 107 differs. Expected ED; Found AB
Value at index 110 differs. Expected EG; Found CA
Value at index 111 differs. Expected EH; Found DS
Value at index 112 differs. Expected EI; Found DM
Value at index 113 differs. Expected EJ; Found CX
Value at index 115 differs. Expected EL; Found BE
Value at index 119 differs. Expected EP; Found FM
Value at index 120 differs. Expected EQ; Found DX
Value at index 124 differs. Expected EU; Found EZ
Value at index 125 differs. Expected EV; Found EX
Value at index 126 differs. Expected EW; Found FI
Value at index 127 differs. Expected EX; Found EV
Value at index 128 differs. Expected EY; Found EQ
Value at index 129 differs. Expected EZ; Found CV
Value at index 132 differs. Expected FC; Found AX
Value at index 134 differs. Expected FE; Found CR
Value at index 135 differs. Expected FF; Found AI
Value at index 136 differs. Expected FG; Found AS
Value at index 138 differs. Expected FI; Found CK
Value at index 139 differs. Expected FJ; Found DQ
Value at index 141 differs. Expected FL; Found AT
Value at index 142 differs. Expected FM; Found BK
Value at index 144 differs. Expected FO; Found CF
Value at index 145 differs. Expected FP; Found CQ
Value at index 146 differs. Expected FQ; Found FO
Value at index 147 differs. Expected FR; Found FQ

