Invalid read count. Expected: 150; Found: 60
Invalid write count. Expected: 62; Found: 28
Value at index 0 differs. Expected A; Found I
Value at index 1 differs. Expected B; Found H
Value at index 2 differs. Expected C; Found D
Value at index 3 differs. Expected D; Found F
Value at index 4 differs. Expected E; Found B
Value at index 5 differs. Expected F; Found C
Value at index 7 differs. Expected H; Found E
Value at index 8 differs. Expected I; Found A

Invalid read count. Expected: 24 126; Found: 1 176
Invalid write count. Expected: 9 086; Found: 584
Value at index 0 differs. Expected AA; Found FS
Value at index 1 differs. Expected AB; Found AQ
Value at index 2 differs. Expected AC; Found DM
Value at index 3 differs. Expected AD; Found DQ
Value at index 4 differs. Expected AE; Found BF
Value at index 5 differs. Expected AF; Found BN
Value at index 6 differs. Expected AG; Found CJ
Value at index 7 differs. Expected AH; Found BP
Value at index 8 differs. Expected AI; Found CI
Value at index 9 differs. Expected AJ; Found AT
Value at index 10 differs. Expected AK; Found EO
Value at index 11 differs. Expected AL; Found AP
Value at index 14 differs. Expected AO; Found BS
Value at index 15 differs. Expected AP; Found CT
Value at index 16 differs. Expected AQ; Found AB
Value at index 17 differs. Expected AR; Found DO
Value at index 19 differs. Expected AT; Found AJ
Value at index 20 differs. Expected AU; Found DS
Value at index 21 differs. Expected AV; Found EJ
Value at index 22 differs. Expected AW; Found BB
Value at index 23 differs. Expected AX; Found EW
Value at index 26 differs. Expected BA; Found DD
Value at index 27 differs. Expected BB; Found AL
Value at index 28 differs. Expected BC; Found EP
Value at index 30 differs. Expected BE; Found EZ
Value at index 31 differs. Expected BF; Found AE
Value at index 32 differs. Expected BG; Found DC
Value at index 33 differs. Expected BH; Found FC
Value at index 34 differs. Expected BI; Found CC
Value at index 35 differs. Expected BJ; Found BQ
Value at index 37 differs. Expected BL; Found FD
Value at index 39 differs. Expected BN; Found BY
Value at index 40 differs. Expected BO; Found CR
Value at index 41 differs. Expected BP; Found FH
Value at index 42 differs. Expected BQ; Found BJ
Value at index 44 differs. Expected BS; Found FE
Value at index 45 differs. Expected BT; Found BL
Value at index 47 differs. Expected BV; Found FN
Value at index 48 differs. Expected BW; Found DU
Value at index 49 differs. Expected BX; Found FL
Value at index 50 differs. Expected BY; Found EQ
Value at index 51 differs. Expected BZ; Found AR
Value at index 53 differs. Expected CB; Found FG
Value at index 54 differs. Expected CC; Found CQ
Value at index 55 differs. Expected CD; Found FQ
Value at index 56 differs. Expected CE; Found BE
Value at index 60 differs. Expected CI; Found AI
Value at index 61 differs. Expected CJ; Found CW
Value at index 62 differs. Expected CK; Found EM
Value at index 63 differs. Expected CL; Found DL
Value at index 66 differs. Expected CO; Found DF
Value at index 67 differs. Expected CP; Found ER
Value at index 68 differs. Expected CQ; Found EL
Value at index 69 differs. Expected CR; Found EY
Value at index 70 differs. Expected CS; Found DW
Value at index 71 differs. Expected CT; Found AW
Value at index 72 differs. Expected CU; Found BO
Value at index 74 differs. Expected CW; Found AG
Value at index 78 differs. Expected DA; Found AA
Value at index 79 differs. Expected DB; Found DV
Value at index 80 differs. Expected DC; Found BG
Value at index 81 differs. Expected DD; Found BX
Value at index 83 differs. Expected DF; Found CO
Value at index 89 differs. Expected DL; Found DZ
Value at index 90 differs. Expected DM; Found AC
Value at index 92 differs. Expected DO; Found BZ
Value at index 93 differs. Expected DP; Found BW
Value at index 94 differs. Expected DQ; Found AF
Value at index 96 differs. Expected DS; Found AH
Value at index 98 differs. Expected DU; Found DP
Value at index 99 differs. Expected DV; Found CD
Value at index 100 differs. Expected DW; Found EK
Value at index 103 differs. Expected DZ; Found FA
Value at index 104 differs. Expected EA; Found BC
Value at index 106 differs. Expected EC; Found ET
Value at index 109 differs. Expected EF; Found BT
Value at index 113 differs. Expected EJ; Found AV
Value at index 114 differs. Expected EK; Found AO
Value at index 115 differs. Expected EL; Found EC
Value at index 116 differs. Expected EM; Found CE
Value at index 117 differs. Expected EN; Found FM
Value at index 118 differs. Expected EO; Found AD
Value at index 119 differs. Expected EP; Found EA
Value at index 120 differs. Expected EQ; Found FR
Value at index 121 differs. Expected ER; Found CP
Value at index 122 differs. Expected ES; Found CS
Value at index 123 differs. Expected ET; Found BI
Value at index 125 differs. Expected EV; Found CK
Value at index 126 differs. Expected EW; Found AK
Value at index 128 differs. Expected EY; Found DB
Value at index 129 differs. Expected EZ; Found AX
Value at index 130 differs. Expected FA; Found ES
Value at index 132 differs. Expected FC; Found EV
Value at index 133 differs. Expected FD; Found EF
Value at index 134 differs. Expected FE; Found CL
Value at index 136 differs. Expected FG; Found CB
Value at index 137 differs. Expected FH; Found DA
Value at index 141 differs. Expected FL; Found BA
Value at index 142 differs. Expected FM; Found EN
Value at index 143 differs. Expected FN; Found BV
Value at index 146 differs. Expected FQ; Found CU
Value at index 147 differs. Expected FR; Found AU
Value at index 148 differs. Expected FS; Found BH

