Invalid read count. Expected: 102; Found: 74
Invalid write count. Expected: 24; Found: 22
Value at index 4 differs. Expected E; Found F
Value at index 5 differs. Expected F; Found E

Invalid read count. Expected: 24 316; Found: 1 206
Invalid write count. Expected: 9 276; Found: 586
Value at index 1 differs. Expected AB; Found BF
Value at index 2 differs. Expected AC; Found AB
Value at index 3 differs. Expected AD; Found CY
Value at index 4 differs. Expected AE; Found BR
Value at index 5 differs. Expected AF; Found DR
Value at index 6 differs. Expected AG; Found EO
Value at index 7 differs. Expected AH; Found BY
Value at index 8 differs. Expected AI; Found EE
Value at index 9 differs. Expected AJ; Found CR
Value at index 11 differs. Expected AL; Found DC
Value at index 12 differs. Expected AM; Found ER
Value at index 13 differs. Expected AN; Found DA
Value at index 15 differs. Expected AP; Found CQ
Value at index 17 differs. Expected AR; Found DO
Value at index 18 differs. Expected AS; Found AV
Value at index 21 differs. Expected AV; Found DP
Value at index 22 differs. Expected AW; Found DU
Value at index 23 differs. Expected AX; Found CI
Value at index 24 differs. Expected AY; Found EK
Value at index 25 differs. Expected AZ; Found ED
Value at index 26 differs. Expected BA; Found AM
Value at index 27 differs. Expected BB; Found CF
Value at index 29 differs. Expected BD; Found BG
Value at index 31 differs. Expected BF; Found FF
Value at index 32 differs. Expected BG; Found BJ
Value at index 33 differs. Expected BH; Found AZ
Value at index 34 differs. Expected BI; Found EZ
Value at index 35 differs. Expected BJ; Found CO
Value at index 36 differs. Expected BK; Found BP
Value at index 37 differs. Expected BL; Found BU
Value at index 39 differs. Expected BN; Found DS
Value at index 40 differs. Expected BO; Found FD
Value at index 41 differs. Expected BP; Found BK
Value at index 42 differs. Expected BQ; Found EL
Value at index 43 differs. Expected BR; Found AE
Value at index 44 differs. Expected BS; Found AG
Value at index 46 differs. Expected BU; Found BL
Value at index 47 differs. Expected BV; Found CZ
Value at index 48 differs. Expected BW; Found FR
Value at index 49 differs. Expected BX; Found FA
Value at index 50 differs. Expected BY; Found EV
Value at index 51 differs. Expected BZ; Found CU
Value at index 52 differs. Expected CA; Found BX
Value at index 53 differs. Expected CB; Found BN
Value at index 54 differs. Expected CC; Found DD
Value at index 57 differs. Expected CF; Found DB
Value at index 58 differs. Expected CG; Found AL
Value at index 60 differs. Expected CI; Found AX
Value at index 61 differs. Expected CJ; Found EC
Value at index 62 differs. Expected CK; Found FH
Value at index 63 differs. Expected CL; Found CN
Value at index 64 differs. Expected CM; Found BB
Value at index 65 differs. Expected CN; Found FS
Value at index 66 differs. Expected CO; Found AJ
Value at index 67 differs. Expected CP; Found AC
Value at index 68 differs. Expected CQ; Found AP
Value at index 69 differs. Expected CR; Found BD
Value at index 70 differs. Expected CS; Found CL
Value at index 71 differs. Expected CT; Found EI
Value at index 72 differs. Expected CU; Found DJ
Value at index 74 differs. Expected CW; Found EJ
Value at index 75 differs. Expected CX; Found FJ
Value at index 76 differs. Expected CY; Found AD
Value at index 77 differs. Expected CZ; Found DT
Value at index 78 differs. Expected DA; Found AN
Value at index 79 differs. Expected DB; Found DN
Value at index 80 differs. Expected DC; Found FI
Value at index 81 differs. Expected DD; Found CC
Value at index 82 differs. Expected DE; Found ES
Value at index 83 differs. Expected DF; Found ET
Value at index 85 differs. Expected DH; Found DE
Value at index 87 differs. Expected DJ; Found BZ
Value at index 90 differs. Expected DM; Found BA
Value at index 91 differs. Expected DN; Found CM
Value at index 92 differs. Expected DO; Found AR
Value at index 93 differs. Expected DP; Found EM
Value at index 95 differs. Expected DR; Found AF
Value at index 96 differs. Expected DS; Found CB
Value at index 97 differs. Expected DT; Found BW
Value at index 98 differs. Expected DU; Found FL
Value at index 99 differs. Expected DV; Found CX
Value at index 102 differs. Expected DY; Found BS
Value at index 103 differs. Expected DZ; Found FM
Value at index 105 differs. Expected EB; Found AW
Value at index 106 differs. Expected EC; Found CJ
Value at index 107 differs. Expected ED; Found EX
Value at index 108 differs. Expected EE; Found AI
Value at index 112 differs. Expected EI; Found CT
Value at index 113 differs. Expected EJ; Found CW
Value at index 114 differs. Expected EK; Found AY
Value at index 115 differs. Expected EL; Found BQ
Value at index 116 differs. Expected EM; Found AS
Value at index 118 differs. Expected EO; Found BI
Value at index 120 differs. Expected EQ; Found EW
Value at index 121 differs. Expected ER; Found DY
Value at index 122 differs. Expected ES; Found DH
Value at index 123 differs. Expected ET; Found DF
Value at index 124 differs. Expected EU; Found BO
Value at index 125 differs. Expected EV; Found AH
Value at index 126 differs. Expected EW; Found EQ
Value at index 127 differs. Expected EX; Found BH
Value at index 129 differs. Expected EZ; Found CS
Value at index 130 differs. Expected FA; Found CA
Value at index 133 differs. Expected FD; Found EU
Value at index 135 differs. Expected FF; Found DM
Value at index 137 differs. Expected FH; Found CK
Value at index 138 differs. Expected FI; Found CG
Value at index 139 differs. Expected FJ; Found DV
Value at index 141 differs. Expected FL; Found EB
Value at index 142 differs. Expected FM; Found DZ
Value at index 146 differs. Expected FQ; Found BV
Value at index 147 differs. Expected FR; Found CP
Value at index 148 differs. Expected FS; Found FQ

