Invalid read count. Expected: 114; Found: 30
Invalid write count. Expected: 36; Found: 14
Value at index 2 differs. Expected C; Found F
Value at index 3 differs. Expected D; Found E
Value at index 4 differs. Expected E; Found C
Value at index 5 differs. Expected F; Found G
Value at index 6 differs. Expected G; Found J
Value at index 9 differs. Expected J; Found D

Invalid read count. Expected: 22 474; Found: 968
Invalid write count. Expected: 8 496; Found: 438
Value at index 0 differs. Expected AA; Found AB
Value at index 1 differs. Expected AB; Found AF
Value at index 2 differs. Expected AC; Found AG
Value at index 3 differs. Expected AD; Found AH
Value at index 4 differs. Expected AE; Found AI
Value at index 5 differs. Expected AF; Found AR
Value at index 6 differs. Expected AG; Found BB
Value at index 7 differs. Expected AH; Found BD
Value at index 8 differs. Expected AI; Found BK
Value at index 10 differs. Expected AK; Found BM
Value at index 11 differs. Expected AL; Found BV
Value at index 12 differs. Expected AM; Found DC
Value at index 14 differs. Expected AO; Found AW
Value at index 15 differs. Expected AP; Found DG
Value at index 16 differs. Expected AQ; Found DD
Value at index 17 differs. Expected AR; Found DV
Value at index 18 differs. Expected AS; Found EO
Value at index 19 differs. Expected AT; Found EY
Value at index 20 differs. Expected AU; Found AY
Value at index 22 differs. Expected AW; Found EK
Value at index 23 differs. Expected AX; Found EC
Value at index 24 differs. Expected AY; Found AO
Value at index 26 differs. Expected BA; Found CT
Value at index 27 differs. Expected BB; Found FB
Value at index 29 differs. Expected BD; Found AX
Value at index 32 differs. Expected BG; Found BH
Value at index 33 differs. Expected BH; Found BJ
Value at index 34 differs. Expected BI; Found ED
Value at index 35 differs. Expected BJ; Found CA
Value at index 36 differs. Expected BK; Found BL
Value at index 37 differs. Expected BL; Found FL
Value at index 38 differs. Expected BM; Found BO
Value at index 40 differs. Expected BO; Found CH
Value at index 42 differs. Expected BQ; Found CD
Value at index 44 differs. Expected BS; Found BW
Value at index 45 differs. Expected BT; Found DM
Value at index 46 differs. Expected BU; Found CY
Value at index 47 differs. Expected BV; Found AP
Value at index 48 differs. Expected BW; Found BS
Value at index 49 differs. Expected BX; Found FN
Value at index 50 differs. Expected BY; Found DT
Value at index 52 differs. Expected CA; Found DN
Value at index 54 differs. Expected CC; Found AM
Value at index 55 differs. Expected CD; Found EB
Value at index 57 differs. Expected CF; Found FR
Value at index 58 differs. Expected CG; Found EW
Value at index 59 differs. Expected CH; Found BQ
Value at index 60 differs. Expected CI; Found EU
Value at index 62 differs. Expected CK; Found DH
Value at index 63 differs. Expected CL; Found DW
Value at index 64 differs. Expected CM; Found EM
Value at index 65 differs. Expected CN; Found EG
Value at index 66 differs. Expected CO; Found BA
Value at index 67 differs. Expected CP; Found CC
Value at index 71 differs. Expected CT; Found CG
Value at index 72 differs. Expected CU; Found FC
Value at index 73 differs. Expected CV; Found FK
Value at index 74 differs. Expected CW; Found CX
Value at index 75 differs. Expected CX; Found FS
Value at index 76 differs. Expected CY; Found AA
Value at index 77 differs. Expected CZ; Found EF
Value at index 78 differs. Expected DA; Found FG
Value at index 80 differs. Expected DC; Found BY
Value at index 81 differs. Expected DD; Found AK
Value at index 82 differs. Expected DE; Found EH
Value at index 84 differs. Expected DG; Found EQ
Value at index 85 differs. Expected DH; Found CK
Value at index 87 differs. Expected DJ; Found CO
Value at index 89 differs. Expected DL; Found DS
Value at index 90 differs. Expected DM; Found BT
Value at index 91 differs. Expected DN; Found AD
Value at index 96 differs. Expected DS; Found EE
Value at index 97 differs. Expected DT; Found FO
Value at index 99 differs. Expected DV; Found AS
Value at index 100 differs. Expected DW; Found CL
Value at index 103 differs. Expected DZ; Found ER
Value at index 105 differs. Expected EB; Found AQ
Value at index 106 differs. Expected EC; Found FI
Value at index 107 differs. Expected ED; Found BI
Value at index 108 differs. Expected EE; Found DL
Value at index 109 differs. Expected EF; Found BG
Value at index 110 differs. Expected EG; Found CN
Value at index 111 differs. Expected EH; Found FT
Value at index 113 differs. Expected EJ; Found FH
Value at index 114 differs. Expected EK; Found EN
Value at index 116 differs. Expected EM; Found EZ
Value at index 117 differs. Expected EN; Found AU
Value at index 118 differs. Expected EO; Found DZ
Value at index 119 differs. Expected EP; Found FJ
Value at index 120 differs. Expected EQ; Found FM
Value at index 121 differs. Expected ER; Found FD
Value at index 124 differs. Expected EU; Found CI
Value at index 126 differs. Expected EW; Found CV
Value at index 128 differs. Expected EY; Found CP
Value at index 129 differs. Expected EZ; Found CM
Value at index 131 differs. Expected FB; Found AE
Value at index 132 differs. Expected FC; Found CU
Value at index 133 differs. Expected FD; Found AL
Value at index 136 differs. Expected FG; Found DA
Value at index 137 differs. Expected FH; Found EJ
Value at index 138 differs. Expected FI; Found CZ
Value at index 139 differs. Expected FJ; Found EP
Value at index 140 differs. Expected FK; Found CW
Value at index 141 differs. Expected FL; Found AT
Value at index 142 differs. Expected FM; Found DJ
Value at index 143 differs. Expected FN; Found DE
Value at index 144 differs. Expected FO; Found BU
Value at index 147 differs. Expected FR; Found BX
Value at index 148 differs. Expected FS; Found CF
Value at index 149 differs. Expected FT; Found AC

