Invalid read count. Expected: 114; Found: 104
Invalid write count. Expected: 36; Found: 32
Value at index 0 differs. Expected A; Found G
Value at index 2 differs. Expected C; Found A
Value at index 3 differs. Expected D; Found C
Value at index 5 differs. Expected F; Found D
Value at index 6 differs. Expected G; Found F

Invalid read count. Expected: 22 474; Found: 33 150
Invalid write count. Expected: 8 496; Found: 11 098
Value at index 0 differs. Expected AA; Found DC
Value at index 2 differs. Expected AC; Found BB
Value at index 3 differs. Expected AD; Found AG
Value at index 4 differs. Expected AE; Found AR
Value at index 5 differs. Expected AF; Found AJ
Value at index 6 differs. Expected AG; Found BD
Value at index 7 differs. Expected AH; Found AN
Value at index 8 differs. Expected AI; Found AW
Value at index 9 differs. Expected AJ; Found AF
Value at index 10 differs. Expected AK; Found AY
Value at index 11 differs. Expected AL; Found AV
Value at index 12 differs. Expected AM; Found AO
Value at index 13 differs. Expected AN; Found AZ
Value at index 14 differs. Expected AO; Found BC
Value at index 15 differs. Expected AP; Found AH
Value at index 16 differs. Expected AQ; Found AX
Value at index 17 differs. Expected AR; Found BE
Value at index 18 differs. Expected AS; Found BF
Value at index 19 differs. Expected AT; Found BH
Value at index 20 differs. Expected AU; Found BJ
Value at index 21 differs. Expected AV; Found BK
Value at index 22 differs. Expected AW; Found BL
Value at index 23 differs. Expected AX; Found BM
Value at index 24 differs. Expected AY; Found AP
Value at index 25 differs. Expected AZ; Found BN
Value at index 26 differs. Expected BA; Found BO
Value at index 27 differs. Expected BB; Found AM
Value at index 28 differs. Expected BC; Found BP
Value at index 29 differs. Expected BD; Found BR
Value at index 30 differs. Expected BE; Found BQ
Value at index 31 differs. Expected BF; Found BS
Value at index 32 differs. Expected BG; Found BV
Value at index 33 differs. Expected BH; Found AI
Value at index 34 differs. Expected BI; Found BW
Value at index 35 differs. Expected BJ; Found BZ
Value at index 36 differs. Expected BK; Found BA
Value at index 37 differs. Expected BL; Found CA
Value at index 38 differs. Expected BM; Found AA
Value at index 39 differs. Expected BN; Found CB
Value at index 40 differs. Expected BO; Found BY
Value at index 41 differs. Expected BP; Found AK
Value at index 42 differs. Expected BQ; Found CC
Value at index 43 differs. Expected BR; Found CD
Value at index 44 differs. Expected BS; Found CE
Value at index 46 differs. Expected BU; Found AD
Value at index 47 differs. Expected BV; Found CG
Value at index 48 differs. Expected BW; Found CH
Value at index 49 differs. Expected BX; Found CJ
Value at index 50 differs. Expected BY; Found AS
Value at index 51 differs. Expected BZ; Found CK
Value at index 52 differs. Expected CA; Found CL
Value at index 53 differs. Expected CB; Found AQ
Value at index 54 differs. Expected CC; Found BI
Value at index 55 differs. Expected CD; Found BG
Value at index 56 differs. Expected CE; Found CN
Value at index 57 differs. Expected CF; Found CO
Value at index 58 differs. Expected CG; Found CQ
Value at index 59 differs. Expected CH; Found AU
Value at index 60 differs. Expected CI; Found CR
Value at index 61 differs. Expected CJ; Found CS
Value at index 62 differs. Expected CK; Found CI
Value at index 63 differs. Expected CL; Found CT
Value at index 64 differs. Expected CM; Found CP
Value at index 65 differs. Expected CN; Found CM
Value at index 66 differs. Expected CO; Found AE
Value at index 67 differs. Expected CP; Found AL
Value at index 68 differs. Expected CQ; Found CU
Value at index 69 differs. Expected CR; Found CV
Value at index 70 differs. Expected CS; Found CW
Value at index 71 differs. Expected CT; Found AT
Value at index 72 differs. Expected CU; Found BU
Value at index 73 differs. Expected CV; Found CX
Value at index 74 differs. Expected CW; Found BX
Value at index 75 differs. Expected CX; Found AC
Value at index 76 differs. Expected CY; Found CF
Value at index 77 differs. Expected CZ; Found CY
Value at index 78 differs. Expected DA; Found CZ
Value at index 79 differs. Expected DB; Found DA
Value at index 80 differs. Expected DC; Found DB

