Invalid read count. Expected: 100; Found: 64
Invalid write count. Expected: 22; Found: 16
Value at index 6 differs. Expected G; Found H
Value at index 7 differs. Expected H; Found I
Value at index 8 differs. Expected I; Found J
Value at index 9 differs. Expected J; Found G

Invalid read count. Expected: 22 086; Found: 4 350
Invalid write count. Expected: 8 478; Found: 2 046
Value at index 9 differs. Expected AJ; Found AK
Value at index 10 differs. Expected AK; Found AL
Value at index 11 differs. Expected AL; Found CE
Value at index 12 differs. Expected AM; Found CI
Value at index 13 differs. Expected AN; Found CB
Value at index 15 differs. Expected AP; Found DB
Value at index 16 differs. Expected AQ; Found DR
Value at index 17 differs. Expected AR; Found BK
Value at index 18 differs. Expected AS; Found DY
Value at index 20 differs. Expected AU; Found EC
Value at index 21 differs. Expected AV; Found EE
Value at index 22 differs. Expected AW; Found BB
Value at index 23 differs. Expected AX; Found EF
Value at index 24 differs. Expected AY; Found EB
Value at index 25 differs. Expected AZ; Found EJ
Value at index 27 differs. Expected BB; Found DU
Value at index 28 differs. Expected BC; Found BE
Value at index 30 differs. Expected BE; Found EK
Value at index 32 differs. Expected BG; Found CC
Value at index 33 differs. Expected BH; Found CS
Value at index 34 differs. Expected BI; Found BZ
Value at index 36 differs. Expected BK; Found DT
Value at index 38 differs. Expected BM; Found BN
Value at index 39 differs. Expected BN; Found BM
Value at index 42 differs. Expected BQ; Found CH
Value at index 43 differs. Expected BR; Found CY
Value at index 44 differs. Expected BS; Found AZ
Value at index 46 differs. Expected BU; Found EG
Value at index 47 differs. Expected BV; Found AM
Value at index 49 differs. Expected BX; Found CV
Value at index 51 differs. Expected BZ; Found BI
Value at index 52 differs. Expected CA; Found BG
Value at index 53 differs. Expected CB; Found EY
Value at index 54 differs. Expected CC; Found CA
Value at index 55 differs. Expected CD; Found DI
Value at index 56 differs. Expected CE; Found BV
Value at index 57 differs. Expected CF; Found AN
Value at index 58 differs. Expected CG; Found CR
Value at index 59 differs. Expected CH; Found EL
Value at index 60 differs. Expected CI; Found EX
Value at index 61 differs. Expected CJ; Found DP
Value at index 62 differs. Expected CK; Found EH
Value at index 63 differs. Expected CL; Found BX
Value at index 66 differs. Expected CO; Found ET
Value at index 67 differs. Expected CP; Found BQ
Value at index 69 differs. Expected CR; Found EZ
Value at index 70 differs. Expected CS; Found AW
Value at index 72 differs. Expected CU; Found DV
Value at index 73 differs. Expected CV; Found CL
Value at index 74 differs. Expected CW; Found CJ
Value at index 76 differs. Expected CY; Found CP
Value at index 78 differs. Expected DA; Found CU
Value at index 79 differs. Expected DB; Found AP
Value at index 81 differs. Expected DD; Found ES
Value at index 82 differs. Expected DE; Found EW
Value at index 83 differs. Expected DF; Found EU
Value at index 84 differs. Expected DG; Found BC
Value at index 86 differs. Expected DI; Found FA
Value at index 87 differs. Expected DJ; Found AY
Value at index 88 differs. Expected DK; Found BS
Value at index 93 differs. Expected DP; Found FD
Value at index 95 differs. Expected DR; Found AQ
Value at index 96 differs. Expected DS; Found DW
Value at index 97 differs. Expected DT; Found AR
Value at index 98 differs. Expected DU; Found BH
Value at index 99 differs. Expected DV; Found EI
Value at index 100 differs. Expected DW; Found AU
Value at index 102 differs. Expected DY; Found AS
Value at index 103 differs. Expected DZ; Found CF
Value at index 104 differs. Expected EA; Found CO
Value at index 105 differs. Expected EB; Found EA
Value at index 106 differs. Expected EC; Found CW
Value at index 107 differs. Expected ED; Found EO
Value at index 108 differs. Expected EE; Found DS
Value at index 109 differs. Expected EF; Found FH
Value at index 110 differs. Expected EG; Found BU
Value at index 111 differs. Expected EH; Found CK
Value at index 112 differs. Expected EI; Found FI
Value at index 113 differs. Expected EJ; Found ED
Value at index 114 differs. Expected EK; Found DK
Value at index 115 differs. Expected EL; Found BR
Value at index 117 differs. Expected EN; Found AV
Value at index 118 differs. Expected EO; Found AX
Value at index 122 differs. Expected ES; Found FB
Value at index 123 differs. Expected ET; Found FC
Value at index 124 differs. Expected EU; Found DF
Value at index 126 differs. Expected EW; Found DE
Value at index 127 differs. Expected EX; Found CD
Value at index 128 differs. Expected EY; Found DG
Value at index 129 differs. Expected EZ; Found DZ
Value at index 130 differs. Expected FA; Found DJ
Value at index 131 differs. Expected FB; Found FJ
Value at index 132 differs. Expected FC; Found CG
Value at index 133 differs. Expected FD; Found DA
Value at index 135 differs. Expected FF; Found DD
Value at index 137 differs. Expected FH; Found EN
Value at index 138 differs. Expected FI; Found FK
Value at index 139 differs. Expected FJ; Found FF
Value at index 140 differs. Expected FK; Found FL
Value at index 141 differs. Expected FL; Found FM
Value at index 142 differs. Expected FM; Found FN
Value at index 143 differs. Expected FN; Found FO
Value at index 144 differs. Expected FO; Found FP
Value at index 145 differs. Expected FP; Found FQ
Value at index 146 differs. Expected FQ; Found FR
Value at index 147 differs. Expected FR; Found FS
Value at index 148 differs. Expected FS; Found FT
Value at index 149 differs. Expected FT; Found AJ

