Invalid read count. Expected: 150; Found: 90
Invalid write count. Expected: 62; Found: 40
Value at index 0 differs. Expected A; Found I
Value at index 1 differs. Expected B; Found A
Value at index 2 differs. Expected C; Found D
Value at index 3 differs. Expected D; Found B
Value at index 4 differs. Expected E; Found C
Value at index 5 differs. Expected F; Found E
Value at index 6 differs. Expected G; Found F
Value at index 8 differs. Expected I; Found G

Invalid read count. Expected: 24 126; Found: 19 282
Invalid write count. Expected: 9 086; Found: 8 370
Value at index 0 differs. Expected AA; Found AQ
Value at index 1 differs. Expected AB; Found AA
Value at index 2 differs. Expected AC; Found DM
Value at index 3 differs. Expected AD; Found AB
Value at index 4 differs. Expected AE; Found BF
Value at index 5 differs. Expected AF; Found AC
Value at index 6 differs. Expected AG; Found BN
Value at index 7 differs. Expected AH; Found AD
Value at index 8 differs. Expected AI; Found AT
Value at index 9 differs. Expected AJ; Found AE
Value at index 10 differs. Expected AK; Found AP
Value at index 11 differs. Expected AL; Found AF
Value at index 13 differs. Expected AN; Found AG
Value at index 14 differs. Expected AO; Found AN
Value at index 15 differs. Expected AP; Found AH
Value at index 16 differs. Expected AQ; Found AI
Value at index 17 differs. Expected AR; Found AJ
Value at index 18 differs. Expected AS; Found AK
Value at index 19 differs. Expected AT; Found AL
Value at index 20 differs. Expected AU; Found AS
Value at index 21 differs. Expected AV; Found AO
Value at index 22 differs. Expected AW; Found BB
Value at index 23 differs. Expected AX; Found AR
Value at index 25 differs. Expected AZ; Found AU
Value at index 26 differs. Expected BA; Found AV
Value at index 27 differs. Expected BB; Found AW
Value at index 28 differs. Expected BC; Found AZ
Value at index 29 differs. Expected BD; Found AX
Value at index 30 differs. Expected BE; Found BA
Value at index 31 differs. Expected BF; Found BC
Value at index 32 differs. Expected BG; Found BD
Value at index 33 differs. Expected BH; Found BE
Value at index 34 differs. Expected BI; Found BP
Value at index 35 differs. Expected BJ; Found BG
Value at index 37 differs. Expected BL; Found BH
Value at index 39 differs. Expected BN; Found BI
Value at index 40 differs. Expected BO; Found BQ
Value at index 41 differs. Expected BP; Found BJ
Value at index 42 differs. Expected BQ; Found BL
Value at index 43 differs. Expected BR; Found BO
Value at index 44 differs. Expected BS; Found BR
Value at index 45 differs. Expected BT; Found BS
Value at index 46 differs. Expected BU; Found BT
Value at index 47 differs. Expected BV; Found BU
Value at index 48 differs. Expected BW; Found BV
Value at index 49 differs. Expected BX; Found BW
Value at index 50 differs. Expected BY; Found BX
Value at index 51 differs. Expected BZ; Found BY
Value at index 52 differs. Expected CA; Found BZ
Value at index 53 differs. Expected CB; Found CA
Value at index 54 differs. Expected CC; Found CB
Value at index 55 differs. Expected CD; Found CC
Value at index 56 differs. Expected CE; Found CD
Value at index 57 differs. Expected CF; Found CE
Value at index 58 differs. Expected CG; Found CF
Value at index 59 differs. Expected CH; Found CG
Value at index 60 differs. Expected CI; Found CH
Value at index 61 differs. Expected CJ; Found CI
Value at index 62 differs. Expected CK; Found CJ
Value at index 63 differs. Expected CL; Found CK
Value at index 64 differs. Expected CM; Found CL
Value at index 65 differs. Expected CN; Found CM
Value at index 66 differs. Expected CO; Found CN
Value at index 67 differs. Expected CP; Found CO
Value at index 68 differs. Expected CQ; Found CP
Value at index 69 differs. Expected CR; Found CQ
Value at index 70 differs. Expected CS; Found CR
Value at index 71 differs. Expected CT; Found CS
Value at index 72 differs. Expected CU; Found CT
Value at index 90 differs. Expected DM; Found DN
Value at index 91 differs. Expected DN; Found DO
Value at index 92 differs. Expected DO; Found DP
Value at index 93 differs. Expected DP; Found DQ
Value at index 94 differs. Expected DQ; Found DR
Value at index 95 differs. Expected DR; Found DS
Value at index 96 differs. Expected DS; Found DT
Value at index 97 differs. Expected DT; Found DU
Value at index 98 differs. Expected DU; Found DV
Value at index 99 differs. Expected DV; Found DW
Value at index 100 differs. Expected DW; Found DX
Value at index 101 differs. Expected DX; Found DY
Value at index 102 differs. Expected DY; Found DZ
Value at index 103 differs. Expected DZ; Found EA
Value at index 104 differs. Expected EA; Found EB
Value at index 105 differs. Expected EB; Found ED
Value at index 106 differs. Expected EC; Found EE
Value at index 107 differs. Expected ED; Found EJ
Value at index 108 differs. Expected EE; Found EG
Value at index 109 differs. Expected EF; Found EK
Value at index 110 differs. Expected EG; Found EH
Value at index 111 differs. Expected EH; Found EL
Value at index 113 differs. Expected EJ; Found EM
Value at index 114 differs. Expected EK; Found EC
Value at index 115 differs. Expected EL; Found EO
Value at index 116 differs. Expected EM; Found EP
Value at index 117 differs. Expected EN; Found EQ
Value at index 118 differs. Expected EO; Found EF
Value at index 119 differs. Expected EP; Found ER
Value at index 120 differs. Expected EQ; Found ET
Value at index 121 differs. Expected ER; Found EW
Value at index 122 differs. Expected ES; Found EN
Value at index 123 differs. Expected ET; Found EY
Value at index 125 differs. Expected EV; Found EZ
Value at index 126 differs. Expected EW; Found EX
Value at index 127 differs. Expected EX; Found FA
Value at index 128 differs. Expected EY; Found ES
Value at index 129 differs. Expected EZ; Found FC
Value at index 130 differs. Expected FA; Found FB
Value at index 131 differs. Expected FB; Found FD
Value at index 132 differs. Expected FC; Found EV
Value at index 133 differs. Expected FD; Found FE
Value at index 134 differs. Expected FE; Found FF
Value at index 135 differs. Expected FF; Found FG
Value at index 136 differs. Expected FG; Found FH
Value at index 137 differs. Expected FH; Found FI
Value at index 138 differs. Expected FI; Found FJ
Value at index 139 differs. Expected FJ; Found FL
Value at index 141 differs. Expected FL; Found FM
Value at index 142 differs. Expected FM; Found FN
Value at index 143 differs. Expected FN; Found FO
Value at index 144 differs. Expected FO; Found FP
Value at index 145 differs. Expected FP; Found FQ
Value at index 146 differs. Expected FQ; Found CU

