Invalid read count. Expected: 150; Found: 146
Invalid write count. Expected: 62; Found: 58
Value at index 6 differs. Expected G; Found H
Value at index 7 differs. Expected H; Found I
Value at index 8 differs. Expected I; Found G

Invalid read count. Expected: 24 126; Found: 23 874
Invalid write count. Expected: 9 086; Found: 8 834
Value at index 72 differs. Expected CU; Found CV
Value at index 73 differs. Expected CV; Found CW
Value at index 74 differs. Expected CW; Found CX
Value at index 75 differs. Expected CX; Found CY
Value at index 76 differs. Expected CY; Found CZ
Value at index 77 differs. Expected CZ; Found DA
Value at index 78 differs. Expected DA; Found DB
Value at index 79 differs. Expected DB; Found DC
Value at index 80 differs. Expected DC; Found DD
Value at index 81 differs. Expected DD; Found DE
Value at index 82 differs. Expected DE; Found DF
Value at index 83 differs. Expected DF; Found DG
Value at index 84 differs. Expected DG; Found DH
Value at index 85 differs. Expected DH; Found DI
Value at index 86 differs. Expected DI; Found DJ
Value at index 87 differs. Expected DJ; Found DK
Value at index 88 differs. Expected DK; Found DL
Value at index 89 differs. Expected DL; Found DM
Value at index 90 differs. Expected DM; Found DN
Value at index 91 differs. Expected DN; Found DO
Value at index 92 differs. Expected DO; Found DP
Value at index 93 differs. Expected DP; Found DQ
Value at index 94 differs. Expected DQ; Found DR
Value at index 95 differs. Expected DR; Found DS
Value at index 96 differs. Expected DS; Found DT
Value at index 97 differs. Expected DT; Found DU
Value at index 98 differs. Expected DU; Found DV
Value at index 99 differs. Expected DV; Found DW
Value at index 100 differs. Expected DW; Found DX
Value at index 101 differs. Expected DX; Found DY
Value at index 102 differs. Expected DY; Found DZ
Value at index 103 differs. Expected DZ; Found EA
Value at index 104 differs. Expected EA; Found EB
Value at index 105 differs. Expected EB; Found ED
Value at index 106 differs. Expected EC; Found EE
Value at index 107 differs. Expected ED; Found EJ
Value at index 108 differs. Expected EE; Found EG
Value at index 109 differs. Expected EF; Found EK
Value at index 110 differs. Expected EG; Found EH
Value at index 111 differs. Expected EH; Found EL
Value at index 113 differs. Expected EJ; Found EM
Value at index 114 differs. Expected EK; Found EC
Value at index 115 differs. Expected EL; Found EO
Value at index 116 differs. Expected EM; Found EP
Value at index 117 differs. Expected EN; Found EQ
Value at index 118 differs. Expected EO; Found EF
Value at index 119 differs. Expected EP; Found ER
Value at index 120 differs. Expected EQ; Found ET
Value at index 121 differs. Expected ER; Found EW
Value at index 122 differs. Expected ES; Found EN
Value at index 123 differs. Expected ET; Found EY
Value at index 125 differs. Expected EV; Found EZ
Value at index 126 differs. Expected EW; Found EX
Value at index 127 differs. Expected EX; Found FA
Value at index 128 differs. Expected EY; Found ES
Value at index 129 differs. Expected EZ; Found FC
Value at index 130 differs. Expected FA; Found FB
Value at index 131 differs. Expected FB; Found FD
Value at index 132 differs. Expected FC; Found EV
Value at index 133 differs. Expected FD; Found FE
Value at index 134 differs. Expected FE; Found FF
Value at index 135 differs. Expected FF; Found FG
Value at index 136 differs. Expected FG; Found FH
Value at index 137 differs. Expected FH; Found FI
Value at index 138 differs. Expected FI; Found FJ
Value at index 139 differs. Expected FJ; Found FL
Value at index 141 differs. Expected FL; Found FM
Value at index 142 differs. Expected FM; Found FN
Value at index 143 differs. Expected FN; Found FO
Value at index 144 differs. Expected FO; Found FP
Value at index 145 differs. Expected FP; Found FQ
Value at index 146 differs. Expected FQ; Found CU

