Invalid read count. Expected: 122; Found: 0
Invalid write count. Expected: 44; Found: 0
Value at index 0 differs. Expected A; Found H
Value at index 2 differs. Expected C; Found I
Value at index 7 differs. Expected H; Found A
Value at index 8 differs. Expected I; Found C

Invalid read count. Expected: 18 532; Found: 0
Invalid write count. Expected: 7 312; Found: 0
Value at index 0 differs. Expected AA; Found CY
Value at index 4 differs. Expected AE; Found EG
Value at index 5 differs. Expected AF; Found CF
Value at index 6 differs. Expected AG; Found EX
Value at index 7 differs. Expected AH; Found FT
Value at index 9 differs. Expected AJ; Found CS
Value at index 11 differs. Expected AL; Found DM
Value at index 12 differs. Expected AM; Found CM
Value at index 14 differs. Expected AO; Found AR
Value at index 16 differs. Expected AQ; Found BR
Value at index 17 differs. Expected AR; Found AO
Value at index 19 differs. Expected AT; Found CG
Value at index 20 differs. Expected AU; Found BB
Value at index 24 differs. Expected AY; Found FN
Value at index 27 differs. Expected BB; Found CT
Value at index 29 differs. Expected BD; Found DY
Value at index 31 differs. Expected BF; Found CI
Value at index 33 differs. Expected BH; Found CR
Value at index 34 differs. Expected BI; Found CH
Value at index 36 differs. Expected BK; Found EN
Value at index 38 differs. Expected BM; Found DZ
Value at index 41 differs. Expected BP; Found CK
Value at index 42 differs. Expected BQ; Found BM
Value at index 43 differs. Expected BR; Found AQ
Value at index 44 differs. Expected BS; Found CL
Value at index 46 differs. Expected BU; Found BY
Value at index 48 differs. Expected BW; Found CB
Value at index 50 differs. Expected BY; Found CE
Value at index 51 differs. Expected BZ; Found AT
Value at index 53 differs. Expected CB; Found AM
Value at index 54 differs. Expected CC; Found BF
Value at index 55 differs. Expected CD; Found FO
Value at index 56 differs. Expected CE; Found BU
Value at index 57 differs. Expected CF; Found AF
Value at index 58 differs. Expected CG; Found EM
Value at index 59 differs. Expected CH; Found CQ
Value at index 60 differs. Expected CI; Found ES
Value at index 62 differs. Expected CK; Found FL
Value at index 63 differs. Expected CL; Found CV
Value at index 64 differs. Expected CM; Found CW
Value at index 65 differs. Expected CN; Found DL
Value at index 67 differs. Expected CP; Found DN
Value at index 68 differs. Expected CQ; Found ED
Value at index 69 differs. Expected CR; Found DX
Value at index 70 differs. Expected CS; Found AJ
Value at index 71 differs. Expected CT; Found AY
Value at index 73 differs. Expected CV; Found EZ
Value at index 74 differs. Expected CW; Found AH
Value at index 76 differs. Expected CY; Found EY
Value at index 78 differs. Expected DA; Found DR
Value at index 83 differs. Expected DF; Found DP
Value at index 86 differs. Expected DI; Found BK
Value at index 89 differs. Expected DL; Found CN
Value at index 90 differs. Expected DM; Found AL
Value at index 91 differs. Expected DN; Found EV
Value at index 92 differs. Expected DO; Found EU
Value at index 93 differs. Expected DP; Found FR
Value at index 95 differs. Expected DR; Found DA
Value at index 96 differs. Expected DS; Found FA
Value at index 97 differs. Expected DT; Found FQ
Value at index 101 differs. Expected DX; Found BH
Value at index 102 differs. Expected DY; Found DF
Value at index 103 differs. Expected DZ; Found BQ
Value at index 105 differs. Expected EB; Found BZ
Value at index 107 differs. Expected ED; Found DO
Value at index 110 differs. Expected EG; Found FF
Value at index 115 differs. Expected EL; Found ET
Value at index 116 differs. Expected EM; Found EB
Value at index 117 differs. Expected EN; Found FD
Value at index 122 differs. Expected ES; Found AG
Value at index 123 differs. Expected ET; Found EL
Value at index 124 differs. Expected EU; Found BI
Value at index 125 differs. Expected EV; Found FS
Value at index 127 differs. Expected EX; Found CC
Value at index 128 differs. Expected EY; Found AA
Value at index 129 differs. Expected EZ; Found BS
Value at index 130 differs. Expected FA; Found DS
Value at index 131 differs. Expected FB; Found FM
Value at index 133 differs. Expected FD; Found DI
Value at index 135 differs. Expected FF; Found AE
Value at index 137 differs. Expected FH; Found DT
Value at index 138 differs. Expected FI; Found FJ
Value at index 139 differs. Expected FJ; Found CD
Value at index 141 differs. Expected FL; Found BP
Value at index 142 differs. Expected FM; Found FB
Value at index 143 differs. Expected FN; Found AU
Value at index 144 differs. Expected FO; Found FI
Value at index 146 differs. Expected FQ; Found FH
Value at index 147 differs. Expected FR; Found BD
Value at index 148 differs. Expected FS; Found CP
Value at index 149 differs. Expected FT; Found BW

