Invalid read count. Expected: 150; Found: 140
Invalid write count. Expected: 62; Found: 52
Value at index 0 differs. Expected A; Found D
Value at index 3 differs. Expected D; Found A

Invalid read count. Expected: 24 126; Found: 28 260
Invalid write count. Expected: 9 086; Found: 8 166
Value at index 0 differs. Expected AA; Found AQ
Value at index 1 differs. Expected AB; Found BF
Value at index 2 differs. Expected AC; Found BN
Value at index 3 differs. Expected AD; Found AP
Value at index 4 differs. Expected AE; Found AM
Value at index 5 differs. Expected AF; Found AB
Value at index 6 differs. Expected AG; Found AJ
Value at index 7 differs. Expected AH; Found AN
Value at index 8 differs. Expected AI; Found AS
Value at index 9 differs. Expected AJ; Found AL
Value at index 10 differs. Expected AK; Found AE
Value at index 11 differs. Expected AL; Found AT
Value at index 12 differs. Expected AM; Found AY
Value at index 13 differs. Expected AN; Found AZ
Value at index 14 differs. Expected AO; Found BB
Value at index 15 differs. Expected AP; Found BD
Value at index 16 differs. Expected AQ; Found BJ
Value at index 18 differs. Expected AS; Found BE
Value at index 19 differs. Expected AT; Found BK
Value at index 20 differs. Expected AU; Found AI
Value at index 21 differs. Expected AV; Found BL
Value at index 22 differs. Expected AW; Found BM
Value at index 23 differs. Expected AX; Found AW
Value at index 24 differs. Expected AY; Found AG
Value at index 25 differs. Expected AZ; Found BO
Value at index 26 differs. Expected BA; Found AA
Value at index 27 differs. Expected BB; Found BG
Value at index 28 differs. Expected BC; Found BP
Value at index 29 differs. Expected BD; Found BQ
Value at index 30 differs. Expected BE; Found AC
Value at index 31 differs. Expected BF; Found AF
Value at index 32 differs. Expected BG; Found AH
Value at index 33 differs. Expected BH; Found BR
Value at index 34 differs. Expected BI; Found BC
Value at index 35 differs. Expected BJ; Found BS
Value at index 36 differs. Expected BK; Found BT
Value at index 37 differs. Expected BL; Found AV
Value at index 38 differs. Expected BM; Found AO
Value at index 39 differs. Expected BN; Found AD
Value at index 40 differs. Expected BO; Found BU
Value at index 41 differs. Expected BP; Found BI
Value at index 42 differs. Expected BQ; Found AK
Value at index 43 differs. Expected BR; Found AX
Value at index 44 differs. Expected BS; Found BW
Value at index 45 differs. Expected BT; Found BX
Value at index 46 differs. Expected BU; Found BY
Value at index 47 differs. Expected BV; Found BA
Value at index 48 differs. Expected BW; Found BV
Value at index 49 differs. Expected BX; Found AU
Value at index 50 differs. Expected BY; Found BH

