Invalid read count. Expected: 130; Found: 0
Invalid write count. Expected: 42; Found: 0
Value at index 0 differs. Expected A; Found H
Value at index 2 differs. Expected C; Found I
Value at index 4 differs. Expected E; Found F
Value at index 5 differs. Expected F; Found E
Value at index 6 differs. Expected G; Found A
Value at index 7 differs. Expected H; Found C
Value at index 8 differs. Expected I; Found G

Invalid read count. Expected: 20 750; Found: 0
Invalid write count. Expected: 7 906; Found: 0
Value at index 0 differs. Expected AA; Found BD
Value at index 1 differs. Expected AB; Found BE
Value at index 2 differs. Expected AC; Found DY
Value at index 3 differs. Expected AD; Found EL
Value at index 5 differs. Expected AF; Found DO
Value at index 6 differs. Expected AG; Found AW
Value at index 7 differs. Expected AH; Found CJ
Value at index 8 differs. Expected AI; Found AL
Value at index 10 differs. Expected AK; Found AV
Value at index 11 differs. Expected AL; Found AI
Value at index 12 differs. Expected AM; Found AR
Value at index 13 differs. Expected AN; Found CI
Value at index 14 differs. Expected AO; Found DL
Value at index 15 differs. Expected AP; Found CV
Value at index 17 differs. Expected AR; Found AM
Value at index 18 differs. Expected AS; Found AB
Value at index 19 differs. Expected AT; Found CU
Value at index 21 differs. Expected AV; Found FE
Value at index 22 differs. Expected AW; Found BX
Value at index 23 differs. Expected AX; Found CM
Value at index 24 differs. Expected AY; Found FD
Value at index 25 differs. Expected AZ; Found BJ
Value at index 28 differs. Expected BC; Found CQ
Value at index 29 differs. Expected BD; Found CP
Value at index 30 differs. Expected BE; Found AS
Value at index 31 differs. Expected BF; Found FJ
Value at index 33 differs. Expected BH; Found EC
Value at index 35 differs. Expected BJ; Found BF
Value at index 37 differs. Expected BL; Found AO
Value at index 38 differs. Expected BM; Found AY
Value at index 41 differs. Expected BP; Found FQ
Value at index 42 differs. Expected BQ; Found BZ
Value at index 48 differs. Expected BW; Found FK
Value at index 49 differs. Expected BX; Found AF
Value at index 51 differs. Expected BZ; Found BC
Value at index 52 differs. Expected CA; Found FH
Value at index 54 differs. Expected CC; Found CE
Value at index 55 differs. Expected CD; Found DR
Value at index 56 differs. Expected CE; Found DG
Value at index 57 differs. Expected CF; Found BM
Value at index 58 differs. Expected CG; Found FR
Value at index 60 differs. Expected CI; Found AN
Value at index 61 differs. Expected CJ; Found AH
Value at index 64 differs. Expected CM; Found AX
Value at index 66 differs. Expected CO; Found DB
Value at index 67 differs. Expected CP; Found EU
Value at index 68 differs. Expected CQ; Found CX
Value at index 69 differs. Expected CR; Found DX
Value at index 71 differs. Expected CT; Found FP
Value at index 72 differs. Expected CU; Found EX
Value at index 73 differs. Expected CV; Found EY
Value at index 75 differs. Expected CX; Found DT
Value at index 76 differs. Expected CY; Found CO
Value at index 77 differs. Expected CZ; Found DC
Value at index 78 differs. Expected DA; Found EZ
Value at index 79 differs. Expected DB; Found FN
Value at index 80 differs. Expected DC; Found EO
Value at index 81 differs. Expected DD; Found EJ
Value at index 82 differs. Expected DE; Found DM
Value at index 83 differs. Expected DF; Found AP
Value at index 84 differs. Expected DG; Found CA
Value at index 88 differs. Expected DK; Found AA
Value at index 89 differs. Expected DL; Found BL
Value at index 90 differs. Expected DM; Found FC
Value at index 92 differs. Expected DO; Found AG
Value at index 93 differs. Expected DP; Found DW
Value at index 95 differs. Expected DR; Found CD
Value at index 97 differs. Expected DT; Found DU
Value at index 98 differs. Expected DU; Found FS
Value at index 99 differs. Expected DV; Found DF
Value at index 100 differs. Expected DW; Found FL
Value at index 101 differs. Expected DX; Found CR
Value at index 102 differs. Expected DY; Found DK
Value at index 105 differs. Expected EB; Found AT
Value at index 106 differs. Expected EC; Found EM
Value at index 108 differs. Expected EE; Found DP
Value at index 109 differs. Expected EF; Found CF
Value at index 110 differs. Expected EG; Found AC
Value at index 112 differs. Expected EI; Found EW
Value at index 113 differs. Expected EJ; Found EF
Value at index 115 differs. Expected EL; Found AD
Value at index 116 differs. Expected EM; Found EP
Value at index 118 differs. Expected EO; Found CZ
Value at index 119 differs. Expected EP; Found BH
Value at index 124 differs. Expected EU; Found EG
Value at index 126 differs. Expected EW; Found EI
Value at index 127 differs. Expected EX; Found EB
Value at index 128 differs. Expected EY; Found DV
Value at index 129 differs. Expected EZ; Found BQ
Value at index 130 differs. Expected FA; Found DA
Value at index 131 differs. Expected FB; Found FA
Value at index 132 differs. Expected FC; Found DE
Value at index 133 differs. Expected FD; Found DD
Value at index 134 differs. Expected FE; Found BP
Value at index 137 differs. Expected FH; Found CC
Value at index 139 differs. Expected FJ; Found CG
Value at index 140 differs. Expected FK; Found FT
Value at index 141 differs. Expected FL; Found EE
Value at index 143 differs. Expected FN; Found CY
Value at index 145 differs. Expected FP; Found CT
Value at index 146 differs. Expected FQ; Found BW
Value at index 147 differs. Expected FR; Found AK
Value at index 148 differs. Expected FS; Found FB
Value at index 149 differs. Expected FT; Found AZ

