Invalid read count. Expected: 124; Found: 4
Invalid write count. Expected: 46; Found: 2
Value at index 0 differs. Expected A; Found B
Value at index 1 differs. Expected B; Found I
Value at index 2 differs. Expected C; Found H
Value at index 4 differs. Expected E; Found C
Value at index 7 differs. Expected H; Found E
Value at index 8 differs. Expected I; Found A

Invalid read count. Expected: 22 178; Found: 2
Invalid write count. Expected: 8 570; Found: 0
Value at index 2 differs. Expected AC; Found DA
Value at index 3 differs. Expected AD; Found CG
Value at index 5 differs. Expected AF; Found BT
Value at index 6 differs. Expected AG; Found DW
Value at index 7 differs. Expected AH; Found EV
Value at index 8 differs. Expected AI; Found EI
Value at index 11 differs. Expected AL; Found CU
Value at index 12 differs. Expected AM; Found EK
Value at index 13 differs. Expected AN; Found BC
Value at index 16 differs. Expected AQ; Found EY
Value at index 22 differs. Expected AW; Found EF
Value at index 25 differs. Expected AZ; Found FJ
Value at index 27 differs. Expected BB; Found FO
Value at index 28 differs. Expected BC; Found AW
Value at index 29 differs. Expected BD; Found ER
Value at index 30 differs. Expected BE; Found BZ
Value at index 32 differs. Expected BG; Found DF
Value at index 33 differs. Expected BH; Found BD
Value at index 34 differs. Expected BI; Found FC
Value at index 35 differs. Expected BJ; Found DU
Value at index 37 differs. Expected BL; Found ED
Value at index 38 differs. Expected BM; Found BX
Value at index 39 differs. Expected BN; Found CL
Value at index 40 differs. Expected BO; Found EE
Value at index 41 differs. Expected BP; Found FA
Value at index 42 differs. Expected BQ; Found CT
Value at index 43 differs. Expected BR; Found BM
Value at index 44 differs. Expected BS; Found DQ
Value at index 45 differs. Expected BT; Found CY
Value at index 46 differs. Expected BU; Found AH
Value at index 49 differs. Expected BX; Found FP
Value at index 50 differs. Expected BY; Found BE
Value at index 51 differs. Expected BZ; Found BY
Value at index 52 differs. Expected CA; Found FE
Value at index 53 differs. Expected CB; Found FD
Value at index 54 differs. Expected CC; Found FH
Value at index 58 differs. Expected CG; Found CV
Value at index 61 differs. Expected CJ; Found FI
Value at index 62 differs. Expected CK; Found AC
Value at index 63 differs. Expected CL; Found CM
Value at index 64 differs. Expected CM; Found BN
Value at index 67 differs. Expected CP; Found BL
Value at index 68 differs. Expected CQ; Found AQ
Value at index 71 differs. Expected CT; Found BQ
Value at index 72 differs. Expected CU; Found AL
Value at index 73 differs. Expected CV; Found AD
Value at index 76 differs. Expected CY; Found FB
Value at index 77 differs. Expected CZ; Found DY
Value at index 78 differs. Expected DA; Found BR
Value at index 79 differs. Expected DB; Found EU
Value at index 83 differs. Expected DF; Found BG
Value at index 85 differs. Expected DH; Found EJ
Value at index 87 differs. Expected DJ; Found CK
Value at index 89 differs. Expected DL; Found EW
Value at index 91 differs. Expected DN; Found DZ
Value at index 93 differs. Expected DP; Found CZ
Value at index 94 differs. Expected DQ; Found BS
Value at index 98 differs. Expected DU; Found CB
Value at index 100 differs. Expected DW; Found AG
Value at index 102 differs. Expected DY; Found FS
Value at index 103 differs. Expected DZ; Found DN
Value at index 105 differs. Expected EB; Found EP
Value at index 107 differs. Expected ED; Found CP
Value at index 108 differs. Expected EE; Found BO
Value at index 109 differs. Expected EF; Found FK
Value at index 110 differs. Expected EG; Found FG
Value at index 112 differs. Expected EI; Found AI
Value at index 113 differs. Expected EJ; Found EZ
Value at index 114 differs. Expected EK; Found BH
Value at index 115 differs. Expected EL; Found BB
Value at index 119 differs. Expected EP; Found EB
Value at index 121 differs. Expected ER; Found FL
Value at index 123 differs. Expected ET; Found AZ
Value at index 124 differs. Expected EU; Found DB
Value at index 125 differs. Expected EV; Found DL
Value at index 126 differs. Expected EW; Found BU
Value at index 128 differs. Expected EY; Found CQ
Value at index 129 differs. Expected EZ; Found DH
Value at index 130 differs. Expected FA; Found BP
Value at index 131 differs. Expected FB; Found AF
Value at index 132 differs. Expected FC; Found BI
Value at index 133 differs. Expected FD; Found BJ
Value at index 134 differs. Expected FE; Found CC
Value at index 136 differs. Expected FG; Found EG
Value at index 137 differs. Expected FH; Found AM
Value at index 138 differs. Expected FI; Found CJ
Value at index 139 differs. Expected FJ; Found ET
Value at index 140 differs. Expected FK; Found AN
Value at index 141 differs. Expected FL; Found CA
Value at index 144 differs. Expected FO; Found EL
Value at index 145 differs. Expected FP; Found DJ
Value at index 148 differs. Expected FS; Found DP

