Invalid read count. Expected: 22 178; Found: 21 798
Invalid write count. Expected: 8 570; Found: 8 190
Value at index 87 differs. Expected DJ; Found DK
Value at index 88 differs. Expected DK; Found DM
Value at index 89 differs. Expected DL; Found DN
Value at index 90 differs. Expected DM; Found DO
Value at index 91 differs. Expected DN; Found DQ
Value at index 92 differs. Expected DO; Found DR
Value at index 93 differs. Expected DP; Found DS
Value at index 94 differs. Expected DQ; Found DT
Value at index 95 differs. Expected DR; Found DU
Value at index 96 differs. Expected DS; Found DV
Value at index 97 differs. Expected DT; Found DW
Value at index 98 differs. Expected DU; Found DX
Value at index 99 differs. Expected DV; Found DY
Value at index 100 differs. Expected DW; Found DZ
Value at index 101 differs. Expected DX; Found EA
Value at index 102 differs. Expected DY; Found EB
Value at index 103 differs. Expected DZ; Found EC
Value at index 104 differs. Expected EA; Found ED
Value at index 105 differs. Expected EB; Found EE
Value at index 106 differs. Expected EC; Found EF
Value at index 107 differs. Expected ED; Found EH
Value at index 108 differs. Expected EE; Found EI
Value at index 109 differs. Expected EF; Found EJ
Value at index 110 differs. Expected EG; Found EK
Value at index 111 differs. Expected EH; Found EM
Value at index 112 differs. Expected EI; Found EP
Value at index 113 differs. Expected EJ; Found ER
Value at index 114 differs. Expected EK; Found EN
Value at index 115 differs. Expected EL; Found EU
Value at index 116 differs. Expected EM; Found EO
Value at index 117 differs. Expected EN; Found EV
Value at index 118 differs. Expected EO; Found EQ
Value at index 119 differs. Expected EP; Found EW
Value at index 120 differs. Expected EQ; Found EY
Value at index 121 differs. Expected ER; Found EZ
Value at index 123 differs. Expected ET; Found FA
Value at index 124 differs. Expected EU; Found DL
Value at index 125 differs. Expected EV; Found FB
Value at index 126 differs. Expected EW; Found EX
Value at index 127 differs. Expected EX; Found FC
Value at index 128 differs. Expected EY; Found DJ
Value at index 129 differs. Expected EZ; Found FD
Value at index 130 differs. Expected FA; Found DP
Value at index 131 differs. Expected FB; Found FE
Value at index 132 differs. Expected FC; Found EG
Value at index 133 differs. Expected FD; Found FG
Value at index 134 differs. Expected FE; Found FF
Value at index 135 differs. Expected FF; Found FH
Value at index 136 differs. Expected FG; Found EL
Value at index 137 differs. Expected FH; Found FI
Value at index 138 differs. Expected FI; Found ET

