Invalid read count. Expected: 122; Found: 0
Invalid write count. Expected: 44; Found: 0
Value at index 0 differs. Expected A; Found C
Value at index 2 differs. Expected C; Found I
Value at index 3 differs. Expected D; Found J
Value at index 4 differs. Expected E; Found A
Value at index 8 differs. Expected I; Found E
Value at index 9 differs. Expected J; Found D

Invalid read count. Expected: 26 956; Found: 0
Invalid write count. Expected: 10 612; Found: 0
Value at index 0 differs. Expected AA; Found DX
Value at index 2 differs. Expected AC; Found AY
Value at index 3 differs. Expected AD; Found DC
Value at index 5 differs. Expected AF; Found CS
Value at index 7 differs. Expected AH; Found CZ
Value at index 8 differs. Expected AI; Found ER
Value at index 9 differs. Expected AJ; Found FI
Value at index 10 differs. Expected AK; Found BF
Value at index 11 differs. Expected AL; Found DV
Value at index 12 differs. Expected AM; Found FS
Value at index 13 differs. Expected AN; Found EZ
Value at index 14 differs. Expected AO; Found BM
Value at index 16 differs. Expected AQ; Found FP
Value at index 17 differs. Expected AR; Found FC
Value at index 18 differs. Expected AS; Found DS
Value at index 19 differs. Expected AT; Found BJ
Value at index 20 differs. Expected AU; Found BX
Value at index 21 differs. Expected AV; Found BR
Value at index 22 differs. Expected AW; Found AO
Value at index 23 differs. Expected AX; Found AU
Value at index 24 differs. Expected AY; Found FF
Value at index 25 differs. Expected AZ; Found FE
Value at index 28 differs. Expected BC; Found EN
Value at index 29 differs. Expected BD; Found DR
Value at index 30 differs. Expected BE; Found CP
Value at index 31 differs. Expected BF; Found FD
Value at index 32 differs. Expected BG; Found EM
Value at index 33 differs. Expected BH; Found AA
Value at index 35 differs. Expected BJ; Found CR
Value at index 36 differs. Expected BK; Found DH
Value at index 37 differs. Expected BL; Found CH
Value at index 38 differs. Expected BM; Found CU
Value at index 40 differs. Expected BO; Found BW
Value at index 43 differs. Expected BR; Found AV
Value at index 44 differs. Expected BS; Found FK
Value at index 45 differs. Expected BT; Found DP
Value at index 46 differs. Expected BU; Found AH
Value at index 47 differs. Expected BV; Found CV
Value at index 48 differs. Expected BW; Found BO
Value at index 49 differs. Expected BX; Found EE
Value at index 50 differs. Expected BY; Found DJ
Value at index 51 differs. Expected BZ; Found EL
Value at index 52 differs. Expected CA; Found BH
Value at index 54 differs. Expected CC; Found AN
Value at index 56 differs. Expected CE; Found BV
Value at index 59 differs. Expected CH; Found FH
Value at index 60 differs. Expected CI; Found DL
Value at index 61 differs. Expected CJ; Found CQ
Value at index 62 differs. Expected CK; Found DE
Value at index 63 differs. Expected CL; Found EV
Value at index 64 differs. Expected CM; Found EK
Value at index 66 differs. Expected CO; Found EJ
Value at index 67 differs. Expected CP; Found BE
Value at index 68 differs. Expected CQ; Found EQ
Value at index 69 differs. Expected CR; Found EX
Value at index 70 differs. Expected CS; Found DU
Value at index 72 differs. Expected CU; Found AW
Value at index 73 differs. Expected CV; Found FR
Value at index 74 differs. Expected CW; Found CI
Value at index 75 differs. Expected CX; Found EB
Value at index 76 differs. Expected CY; Found AM
Value at index 77 differs. Expected CZ; Found AK
Value at index 78 differs. Expected DA; Found BK
Value at index 79 differs. Expected DB; Found CX
Value at index 80 differs. Expected DC; Found CC
Value at index 82 differs. Expected DE; Found DQ
Value at index 83 differs. Expected DF; Found EP
Value at index 84 differs. Expected DG; Found DI
Value at index 85 differs. Expected DH; Found DA
Value at index 86 differs. Expected DI; Found DO
Value at index 87 differs. Expected DJ; Found BY
Value at index 89 differs. Expected DL; Found FT
Value at index 92 differs. Expected DO; Found FM
Value at index 93 differs. Expected DP; Found BT
Value at index 94 differs. Expected DQ; Found CK
Value at index 95 differs. Expected DR; Found FB
Value at index 96 differs. Expected DS; Found EI
Value at index 98 differs. Expected DU; Found BS
Value at index 99 differs. Expected DV; Found AL
Value at index 100 differs. Expected DW; Found CA
Value at index 101 differs. Expected DX; Found EU
Value at index 102 differs. Expected DY; Found ES
Value at index 103 differs. Expected DZ; Found EC
Value at index 105 differs. Expected EB; Found AJ
Value at index 106 differs. Expected EC; Found BU
Value at index 107 differs. Expected ED; Found CO
Value at index 108 differs. Expected EE; Found AX
Value at index 109 differs. Expected EF; Found ET
Value at index 112 differs. Expected EI; Found AS
Value at index 113 differs. Expected EJ; Found ED
Value at index 114 differs. Expected EK; Found CM
Value at index 115 differs. Expected EL; Found BZ
Value at index 116 differs. Expected EM; Found BG
Value at index 117 differs. Expected EN; Found BC
Value at index 119 differs. Expected EP; Found DF
Value at index 120 differs. Expected EQ; Found CJ
Value at index 121 differs. Expected ER; Found DB
Value at index 122 differs. Expected ES; Found FO
Value at index 123 differs. Expected ET; Found EF
Value at index 124 differs. Expected EU; Found FJ
Value at index 125 differs. Expected EV; Found CL
Value at index 127 differs. Expected EX; Found AT
Value at index 129 differs. Expected EZ; Found AD
Value at index 131 differs. Expected FB; Found BD
Value at index 132 differs. Expected FC; Found AR
Value at index 133 differs. Expected FD; Found DZ
Value at index 134 differs. Expected FE; Found AZ
Value at index 135 differs. Expected FF; Found AC
Value at index 137 differs. Expected FH; Found BL
Value at index 138 differs. Expected FI; Found DW
Value at index 139 differs. Expected FJ; Found AI
Value at index 140 differs. Expected FK; Found AF
Value at index 142 differs. Expected FM; Found DG
Value at index 144 differs. Expected FO; Found DY
Value at index 145 differs. Expected FP; Found AQ
Value at index 147 differs. Expected FR; Found CE
Value at index 148 differs. Expected FS; Found CY
Value at index 149 differs. Expected FT; Found CW

