Invalid read count. Expected: 23 918; Found: 22 350
Invalid write count. Expected: 9 578; Found: 8 742
Value at index 60 differs. Expected CI; Found CK
Value at index 61 differs. Expected CJ; Found CL
Value at index 62 differs. Expected CK; Found CM
Value at index 63 differs. Expected CL; Found CO
Value at index 64 differs. Expected CM; Found CP
Value at index 65 differs. Expected CN; Found CQ
Value at index 66 differs. Expected CO; Found CR
Value at index 67 differs. Expected CP; Found CT
Value at index 68 differs. Expected CQ; Found CU
Value at index 69 differs. Expected CR; Found CV
Value at index 70 differs. Expected CS; Found CW
Value at index 71 differs. Expected CT; Found CY
Value at index 72 differs. Expected CU; Found CZ
Value at index 73 differs. Expected CV; Found DA
Value at index 74 differs. Expected CW; Found DB
Value at index 75 differs. Expected CX; Found DC
Value at index 76 differs. Expected CY; Found DD
Value at index 77 differs. Expected CZ; Found DE
Value at index 78 differs. Expected DA; Found DF
Value at index 79 differs. Expected DB; Found DG
Value at index 80 differs. Expected DC; Found DH
Value at index 81 differs. Expected DD; Found DI
Value at index 82 differs. Expected DE; Found DJ
Value at index 83 differs. Expected DF; Found DK
Value at index 84 differs. Expected DG; Found DL
Value at index 85 differs. Expected DH; Found DM
Value at index 86 differs. Expected DI; Found DN
Value at index 87 differs. Expected DJ; Found DO
Value at index 88 differs. Expected DK; Found DP
Value at index 89 differs. Expected DL; Found DQ
Value at index 90 differs. Expected DM; Found DR
Value at index 91 differs. Expected DN; Found DS
Value at index 92 differs. Expected DO; Found DT
Value at index 93 differs. Expected DP; Found DU
Value at index 94 differs. Expected DQ; Found DV
Value at index 95 differs. Expected DR; Found DW
Value at index 96 differs. Expected DS; Found DX
Value at index 97 differs. Expected DT; Found DY
Value at index 98 differs. Expected DU; Found DZ
Value at index 99 differs. Expected DV; Found EA
Value at index 100 differs. Expected DW; Found EB
Value at index 101 differs. Expected DX; Found EC
Value at index 102 differs. Expected DY; Found ED
Value at index 103 differs. Expected DZ; Found EF
Value at index 104 differs. Expected EA; Found EE
Value at index 105 differs. Expected EB; Found EJ
Value at index 106 differs. Expected EC; Found EG
Value at index 107 differs. Expected ED; Found EL
Value at index 108 differs. Expected EE; Found EH
Value at index 109 differs. Expected EF; Found EN
Value at index 110 differs. Expected EG; Found EI
Value at index 111 differs. Expected EH; Found EO
Value at index 112 differs. Expected EI; Found EP
Value at index 113 differs. Expected EJ; Found EQ
Value at index 115 differs. Expected EL; Found ES
Value at index 116 differs. Expected EM; Found ER
Value at index 117 differs. Expected EN; Found EU
Value at index 118 differs. Expected EO; Found ET
Value at index 119 differs. Expected EP; Found EW
Value at index 120 differs. Expected EQ; Found EV
Value at index 121 differs. Expected ER; Found EZ
Value at index 122 differs. Expected ES; Found FB
Value at index 123 differs. Expected ET; Found FC
Value at index 124 differs. Expected EU; Found EX
Value at index 125 differs. Expected EV; Found FD
Value at index 126 differs. Expected EW; Found EY
Value at index 127 differs. Expected EX; Found FE
Value at index 128 differs. Expected EY; Found FA
Value at index 129 differs. Expected EZ; Found FF
Value at index 130 differs. Expected FA; Found CN
Value at index 131 differs. Expected FB; Found FG
Value at index 132 differs. Expected FC; Found CS
Value at index 133 differs. Expected FD; Found FH
Value at index 134 differs. Expected FE; Found CX
Value at index 135 differs. Expected FF; Found FI
Value at index 136 differs. Expected FG; Found EM
Value at index 137 differs. Expected FH; Found FL
Value at index 138 differs. Expected FI; Found FJ
Value at index 139 differs. Expected FJ; Found FN
Value at index 141 differs. Expected FL; Found FO
Value at index 143 differs. Expected FN; Found FP
Value at index 144 differs. Expected FO; Found CJ
Value at index 145 differs. Expected FP; Found FR
Value at index 147 differs. Expected FR; Found FS
Value at index 148 differs. Expected FS; Found CI

