Invalid read count. Expected: 138; Found: 0
Invalid write count. Expected: 50; Found: 0
Value at index 0 differs. Expected A; Found I
Value at index 1 differs. Expected B; Found H
Value at index 4 differs. Expected E; Found A
Value at index 6 differs. Expected G; Found J
Value at index 7 differs. Expected H; Found E
Value at index 8 differs. Expected I; Found B
Value at index 9 differs. Expected J; Found G

Invalid read count. Expected: 21 518; Found: 0
Invalid write count. Expected: 8 288; Found: 0
Value at index 1 differs. Expected AB; Found AC
Value at index 2 differs. Expected AC; Found BC
Value at index 3 differs. Expected AD; Found AS
Value at index 4 differs. Expected AE; Found FT
Value at index 7 differs. Expected AH; Found ED
Value at index 8 differs. Expected AI; Found ES
Value at index 9 differs. Expected AJ; Found AK
Value at index 10 differs. Expected AK; Found AJ
Value at index 15 differs. Expected AP; Found AI
Value at index 17 differs. Expected AR; Found EC
Value at index 18 differs. Expected AS; Found AD
Value at index 19 differs. Expected AT; Found FS
Value at index 20 differs. Expected AU; Found DK
Value at index 21 differs. Expected AV; Found DJ
Value at index 22 differs. Expected AW; Found FG
Value at index 23 differs. Expected AX; Found CI
Value at index 24 differs. Expected AY; Found AH
Value at index 26 differs. Expected BA; Found EH
Value at index 27 differs. Expected BB; Found BI
Value at index 28 differs. Expected BC; Found CN
Value at index 29 differs. Expected BD; Found CP
Value at index 30 differs. Expected BE; Found BU
Value at index 31 differs. Expected BF; Found FM
Value at index 32 differs. Expected BG; Found DP
Value at index 33 differs. Expected BH; Found FQ
Value at index 34 differs. Expected BI; Found EU
Value at index 35 differs. Expected BJ; Found FD
Value at index 37 differs. Expected BL; Found DZ
Value at index 38 differs. Expected BM; Found DT
Value at index 40 differs. Expected BO; Found AV
Value at index 41 differs. Expected BP; Found CU
Value at index 42 differs. Expected BQ; Found FC
Value at index 44 differs. Expected BS; Found EM
Value at index 45 differs. Expected BT; Found CK
Value at index 46 differs. Expected BU; Found AW
Value at index 48 differs. Expected BW; Found BY
Value at index 50 differs. Expected BY; Found CT
Value at index 53 differs. Expected CB; Found FF
Value at index 56 differs. Expected CE; Found DU
Value at index 60 differs. Expected CI; Found BH
Value at index 62 differs. Expected CK; Found BT
Value at index 63 differs. Expected CL; Found EP
Value at index 64 differs. Expected CM; Found BF
Value at index 65 differs. Expected CN; Found AB
Value at index 67 differs. Expected CP; Found BD
Value at index 68 differs. Expected CQ; Found FP
Value at index 71 differs. Expected CT; Found DL
Value at index 72 differs. Expected CU; Found CE
Value at index 77 differs. Expected CZ; Found DN
Value at index 78 differs. Expected DA; Found DB
Value at index 79 differs. Expected DB; Found DA
Value at index 81 differs. Expected DD; Found AE
Value at index 82 differs. Expected DE; Found DG
Value at index 84 differs. Expected DG; Found CQ
Value at index 85 differs. Expected DH; Found EY
Value at index 86 differs. Expected DI; Found DW
Value at index 87 differs. Expected DJ; Found DV
Value at index 88 differs. Expected DK; Found AU
Value at index 89 differs. Expected DL; Found BW
Value at index 90 differs. Expected DM; Found FK
Value at index 91 differs. Expected DN; Found CZ
Value at index 93 differs. Expected DP; Found BG
Value at index 95 differs. Expected DR; Found BS
Value at index 96 differs. Expected DS; Found EW
Value at index 97 differs. Expected DT; Found BM
Value at index 98 differs. Expected DU; Found BP
Value at index 99 differs. Expected DV; Found ER
Value at index 100 differs. Expected DW; Found EG
Value at index 101 differs. Expected DX; Found DE
Value at index 103 differs. Expected DZ; Found BL
Value at index 105 differs. Expected EB; Found DX
Value at index 106 differs. Expected EC; Found AY
Value at index 107 differs. Expected ED; Found AR
Value at index 108 differs. Expected EE; Found DI
Value at index 109 differs. Expected EF; Found EX
Value at index 110 differs. Expected EG; Found EE
Value at index 111 differs. Expected EH; Found BA
Value at index 112 differs. Expected EI; Found EO
Value at index 115 differs. Expected EL; Found BQ
Value at index 116 differs. Expected EM; Found DR
Value at index 118 differs. Expected EO; Found EI
Value at index 119 differs. Expected EP; Found DS
Value at index 121 differs. Expected ER; Found BO
Value at index 122 differs. Expected ES; Found AP
Value at index 124 differs. Expected EU; Found BB
Value at index 126 differs. Expected EW; Found CL
Value at index 127 differs. Expected EX; Found EF
Value at index 128 differs. Expected EY; Found DH
Value at index 131 differs. Expected FB; Found FR
Value at index 132 differs. Expected FC; Found EL
Value at index 133 differs. Expected FD; Found BJ
Value at index 135 differs. Expected FF; Found FO
Value at index 136 differs. Expected FG; Found BE
Value at index 140 differs. Expected FK; Found DM
Value at index 142 differs. Expected FM; Found CM
Value at index 144 differs. Expected FO; Found CB
Value at index 145 differs. Expected FP; Found EB
Value at index 146 differs. Expected FQ; Found AX
Value at index 147 differs. Expected FR; Found FB
Value at index 148 differs. Expected FS; Found AT
Value at index 149 differs. Expected FT; Found DD

