Invalid read count. Expected: 112; Found: 0
Invalid write count. Expected: 34; Found: 0
Value at index 0 differs. Expected A; Found E
Value at index 3 differs. Expected D; Found I
Value at index 4 differs. Expected E; Found D
Value at index 6 differs. Expected G; Found H
Value at index 7 differs. Expected H; Found G
Value at index 8 differs. Expected I; Found J
Value at index 9 differs. Expected J; Found A

Invalid read count. Expected: 23 918; Found: 0
Invalid write count. Expected: 9 578; Found: 0
Value at index 0 differs. Expected AA; Found FS
Value at index 2 differs. Expected AC; Found BT
Value at index 3 differs. Expected AD; Found FD
Value at index 5 differs. Expected AF; Found AQ
Value at index 7 differs. Expected AH; Found DT
Value at index 9 differs. Expected AJ; Found BR
Value at index 10 differs. Expected AK; Found CQ
Value at index 11 differs. Expected AL; Found FN
Value at index 12 differs. Expected AM; Found FH
Value at index 13 differs. Expected AN; Found EL
Value at index 14 differs. Expected AO; Found EF
Value at index 15 differs. Expected AP; Found CR
Value at index 16 differs. Expected AQ; Found CP
Value at index 19 differs. Expected AT; Found CA
Value at index 22 differs. Expected AW; Found FE
Value at index 24 differs. Expected AY; Found DV
Value at index 25 differs. Expected AZ; Found FO
Value at index 26 differs. Expected BA; Found CU
Value at index 28 differs. Expected BC; Found FG
Value at index 29 differs. Expected BD; Found DX
Value at index 31 differs. Expected BF; Found AN
Value at index 32 differs. Expected BG; Found BV
Value at index 34 differs. Expected BI; Found EP
Value at index 35 differs. Expected BJ; Found BL
Value at index 37 differs. Expected BL; Found BJ
Value at index 38 differs. Expected BM; Found BU
Value at index 41 differs. Expected BP; Found EC
Value at index 42 differs. Expected BQ; Found AY
Value at index 43 differs. Expected BR; Found BY
Value at index 44 differs. Expected BS; Found EN
Value at index 45 differs. Expected BT; Found BX
Value at index 46 differs. Expected BU; Found FP
Value at index 47 differs. Expected BV; Found FB
Value at index 48 differs. Expected BW; Found CC
Value at index 49 differs. Expected BX; Found BG
Value at index 50 differs. Expected BY; Found BD
Value at index 51 differs. Expected BZ; Found DW
Value at index 52 differs. Expected CA; Found AT
Value at index 53 differs. Expected CB; Found AF
Value at index 54 differs. Expected CC; Found CY
Value at index 57 differs. Expected CF; Found BF
Value at index 58 differs. Expected CG; Found DJ
Value at index 60 differs. Expected CI; Found CT
Value at index 61 differs. Expected CJ; Found BQ
Value at index 62 differs. Expected CK; Found FC
Value at index 65 differs. Expected CN; Found AD
Value at index 67 differs. Expected CP; Found CB
Value at index 68 differs. Expected CQ; Found DN
Value at index 69 differs. Expected CR; Found AP
Value at index 70 differs. Expected CS; Found DB
Value at index 71 differs. Expected CT; Found ES
Value at index 72 differs. Expected CU; Found DH
Value at index 74 differs. Expected CW; Found FI
Value at index 75 differs. Expected CX; Found DF
Value at index 76 differs. Expected CY; Found EQ
Value at index 79 differs. Expected DB; Found AZ
Value at index 81 differs. Expected DD; Found DR
Value at index 83 differs. Expected DF; Found EO
Value at index 85 differs. Expected DH; Found EJ
Value at index 86 differs. Expected DI; Found EZ
Value at index 87 differs. Expected DJ; Found CG
Value at index 89 differs. Expected DL; Found DZ
Value at index 91 differs. Expected DN; Found BZ
Value at index 93 differs. Expected DP; Found FL
Value at index 94 differs. Expected DQ; Found FF
Value at index 95 differs. Expected DR; Found DD
Value at index 97 differs. Expected DT; Found DY
Value at index 98 differs. Expected DU; Found FR
Value at index 99 differs. Expected DV; Found EW
Value at index 100 differs. Expected DW; Found DU
Value at index 101 differs. Expected DX; Found AM
Value at index 102 differs. Expected DY; Found AH
Value at index 103 differs. Expected DZ; Found BP
Value at index 106 differs. Expected EC; Found DL
Value at index 109 differs. Expected EF; Found AO
Value at index 112 differs. Expected EI; Found EU
Value at index 113 differs. Expected EJ; Found DI
Value at index 115 differs. Expected EL; Found CF
Value at index 116 differs. Expected EM; Found CW
Value at index 117 differs. Expected EN; Found BS
Value at index 118 differs. Expected EO; Found DP
Value at index 119 differs. Expected EP; Found BI
Value at index 120 differs. Expected EQ; Found BW
Value at index 122 differs. Expected ES; Found FT
Value at index 124 differs. Expected EU; Found EI
Value at index 126 differs. Expected EW; Found DQ
Value at index 129 differs. Expected EZ; Found FA
Value at index 130 differs. Expected FA; Found BA
Value at index 131 differs. Expected FB; Found AC
Value at index 132 differs. Expected FC; Found CK
Value at index 133 differs. Expected FD; Found CN
Value at index 134 differs. Expected FE; Found AW
Value at index 135 differs. Expected FF; Found CS
Value at index 136 differs. Expected FG; Found BC
Value at index 137 differs. Expected FH; Found AJ
Value at index 138 differs. Expected FI; Found EM
Value at index 141 differs. Expected FL; Found AL
Value at index 143 differs. Expected FN; Found CX
Value at index 144 differs. Expected FO; Found BM
Value at index 145 differs. Expected FP; Found AK
Value at index 147 differs. Expected FR; Found CJ
Value at index 148 differs. Expected FS; Found AA
Value at index 149 differs. Expected FT; Found CI

