Invalid read count. Expected: 110; Found: 58
Invalid write count. Expected: 32; Found: 22
Value at index 1 differs. Expected B; Found E
Value at index 2 differs. Expected C; Found B
Value at index 4 differs. Expected E; Found C
Value at index 5 differs. Expected F; Found G
Value at index 6 differs. Expected G; Found F

Invalid read count. Expected: 24 240; Found: 1 168
Invalid write count. Expected: 9 200; Found: 572
Value at index 3 differs. Expected AD; Found BI
Value at index 4 differs. Expected AE; Found CY
Value at index 5 differs. Expected AF; Found EV
Value at index 7 differs. Expected AH; Found CQ
Value at index 8 differs. Expected AI; Found DW
Value at index 10 differs. Expected AK; Found CL
Value at index 12 differs. Expected AM; Found CR
Value at index 14 differs. Expected AO; Found BU
Value at index 15 differs. Expected AP; Found FJ
Value at index 16 differs. Expected AQ; Found BV
Value at index 17 differs. Expected AR; Found EA
Value at index 18 differs. Expected AS; Found DR
Value at index 20 differs. Expected AU; Found CN
Value at index 22 differs. Expected AW; Found EN
Value at index 25 differs. Expected AZ; Found DQ
Value at index 27 differs. Expected BB; Found EH
Value at index 28 differs. Expected BC; Found CS
Value at index 29 differs. Expected BD; Found CE
Value at index 30 differs. Expected BE; Found BB
Value at index 31 differs. Expected BF; Found FO
Value at index 32 differs. Expected BG; Found CP
Value at index 33 differs. Expected BH; Found FP
Value at index 34 differs. Expected BI; Found BX
Value at index 35 differs. Expected BJ; Found EB
Value at index 36 differs. Expected BK; Found CW
Value at index 38 differs. Expected BM; Found EL
Value at index 39 differs. Expected BN; Found DD
Value at index 40 differs. Expected BO; Found CJ
Value at index 41 differs. Expected BP; Found BH
Value at index 42 differs. Expected BQ; Found DI
Value at index 43 differs. Expected BR; Found CI
Value at index 46 differs. Expected BU; Found CO
Value at index 47 differs. Expected BV; Found AQ
Value at index 48 differs. Expected BW; Found DS
Value at index 49 differs. Expected BX; Found BZ
Value at index 50 differs. Expected BY; Found EI
Value at index 51 differs. Expected BZ; Found AD
Value at index 53 differs. Expected CB; Found AR
Value at index 54 differs. Expected CC; Found FA
Value at index 56 differs. Expected CE; Found DN
Value at index 57 differs. Expected CF; Found BC
Value at index 60 differs. Expected CI; Found FQ
Value at index 61 differs. Expected CJ; Found CT
Value at index 63 differs. Expected CL; Found DM
Value at index 64 differs. Expected CM; Found EX
Value at index 65 differs. Expected CN; Found DA
Value at index 66 differs. Expected CO; Found BE
Value at index 67 differs. Expected CP; Found BG
Value at index 68 differs. Expected CQ; Found AH
Value at index 69 differs. Expected CR; Found EJ
Value at index 70 differs. Expected CS; Found BW
Value at index 71 differs. Expected CT; Found BO
Value at index 73 differs. Expected CV; Found BF
Value at index 74 differs. Expected CW; Found DF
Value at index 75 differs. Expected CX; Found ES
Value at index 76 differs. Expected CY; Found EW
Value at index 78 differs. Expected DA; Found FG
Value at index 79 differs. Expected DB; Found FC
Value at index 81 differs. Expected DD; Found ET
Value at index 83 differs. Expected DF; Found DH
Value at index 85 differs. Expected DH; Found BK
Value at index 86 differs. Expected DI; Found EP
Value at index 87 differs. Expected DJ; Found AE
Value at index 88 differs. Expected DK; Found AO
Value at index 90 differs. Expected DM; Found AK
Value at index 91 differs. Expected DN; Found BD
Value at index 92 differs. Expected DO; Found FD
Value at index 94 differs. Expected DQ; Found EY
Value at index 95 differs. Expected DR; Found EZ
Value at index 96 differs. Expected DS; Found FI
Value at index 98 differs. Expected DU; Found AU
Value at index 99 differs. Expected DV; Found AP
Value at index 100 differs. Expected DW; Found EM
Value at index 102 differs. Expected DY; Found AM
Value at index 103 differs. Expected DZ; Found AF
Value at index 104 differs. Expected EA; Found BR
Value at index 105 differs. Expected EB; Found BJ
Value at index 106 differs. Expected EC; Found BM
Value at index 107 differs. Expected ED; Found EK
Value at index 111 differs. Expected EH; Found DY
Value at index 112 differs. Expected EI; Found BY
Value at index 113 differs. Expected EJ; Found FM
Value at index 114 differs. Expected EK; Found ED
Value at index 115 differs. Expected EL; Found EO
Value at index 116 differs. Expected EM; Found AS
Value at index 117 differs. Expected EN; Found AW
Value at index 118 differs. Expected EO; Found CC
Value at index 119 differs. Expected EP; Found BQ
Value at index 122 differs. Expected ES; Found CX
Value at index 123 differs. Expected ET; Found CV
Value at index 124 differs. Expected EU; Found DK
Value at index 125 differs. Expected EV; Found BP
Value at index 126 differs. Expected EW; Found DZ
Value at index 127 differs. Expected EX; Found DJ
Value at index 128 differs. Expected EY; Found AZ
Value at index 129 differs. Expected EZ; Found AI
Value at index 130 differs. Expected FA; Found EC
Value at index 132 differs. Expected FC; Found DB
Value at index 133 differs. Expected FD; Found DO
Value at index 136 differs. Expected FG; Found DU
Value at index 138 differs. Expected FI; Found CF
Value at index 139 differs. Expected FJ; Found EU
Value at index 142 differs. Expected FM; Found CM
Value at index 144 differs. Expected FO; Found BN
Value at index 145 differs. Expected FP; Found DV
Value at index 146 differs. Expected FQ; Found CB

