Invalid read count. Expected: 112; Found: 56
Invalid write count. Expected: 34; Found: 22
Value at index 3 differs. Expected D; Found H
Value at index 5 differs. Expected F; Found D
Value at index 7 differs. Expected H; Found F

Invalid read count. Expected: 22 114; Found: 1 172
Invalid write count. Expected: 8 506; Found: 578
Value at index 1 differs. Expected AB; Found BQ
Value at index 3 differs. Expected AD; Found BS
Value at index 7 differs. Expected AH; Found AN
Value at index 8 differs. Expected AI; Found BU
Value at index 9 differs. Expected AJ; Found BO
Value at index 10 differs. Expected AK; Found CS
Value at index 11 differs. Expected AL; Found CT
Value at index 12 differs. Expected AM; Found CI
Value at index 13 differs. Expected AN; Found ES
Value at index 14 differs. Expected AO; Found DV
Value at index 15 differs. Expected AP; Found FN
Value at index 16 differs. Expected AQ; Found AL
Value at index 19 differs. Expected AT; Found BN
Value at index 20 differs. Expected AU; Found BA
Value at index 21 differs. Expected AV; Found BV
Value at index 22 differs. Expected AW; Found BT
Value at index 25 differs. Expected AZ; Found BK
Value at index 26 differs. Expected BA; Found CB
Value at index 27 differs. Expected BB; Found DS
Value at index 28 differs. Expected BC; Found EL
Value at index 30 differs. Expected BE; Found BH
Value at index 33 differs. Expected BH; Found DW
Value at index 35 differs. Expected BJ; Found EV
Value at index 36 differs. Expected BK; Found AZ
Value at index 37 differs. Expected BL; Found DH
Value at index 38 differs. Expected BM; Found EE
Value at index 39 differs. Expected BN; Found FJ
Value at index 40 differs. Expected BO; Found EP
Value at index 41 differs. Expected BP; Found CR
Value at index 42 differs. Expected BQ; Found BX
Value at index 43 differs. Expected BR; Found ED
Value at index 44 differs. Expected BS; Found CQ
Value at index 45 differs. Expected BT; Found AW
Value at index 46 differs. Expected BU; Found AB
Value at index 47 differs. Expected BV; Found FO
Value at index 48 differs. Expected BW; Found CU
Value at index 49 differs. Expected BX; Found AD
Value at index 52 differs. Expected CA; Found AM
Value at index 53 differs. Expected CB; Found AU
Value at index 54 differs. Expected CC; Found ER
Value at index 55 differs. Expected CD; Found CK
Value at index 60 differs. Expected CI; Found CA
Value at index 61 differs. Expected CJ; Found FA
Value at index 62 differs. Expected CK; Found CD
Value at index 63 differs. Expected CL; Found FI
Value at index 64 differs. Expected CM; Found BB
Value at index 65 differs. Expected CN; Found DK
Value at index 66 differs. Expected CO; Found DU
Value at index 67 differs. Expected CP; Found DT
Value at index 68 differs. Expected CQ; Found FK
Value at index 69 differs. Expected CR; Found CW
Value at index 70 differs. Expected CS; Found AK
Value at index 71 differs. Expected CT; Found AQ
Value at index 72 differs. Expected CU; Found DB
Value at index 74 differs. Expected CW; Found BP
Value at index 75 differs. Expected CX; Found BC
Value at index 76 differs. Expected CY; Found EC
Value at index 77 differs. Expected CZ; Found FM
Value at index 78 differs. Expected DA; Found EQ
Value at index 79 differs. Expected DB; Found BW
Value at index 80 differs. Expected DC; Found DN
Value at index 81 differs. Expected DD; Found DG
Value at index 82 differs. Expected DE; Found FG
Value at index 84 differs. Expected DG; Found CP
Value at index 85 differs. Expected DH; Found EO
Value at index 88 differs. Expected DK; Found CN
Value at index 89 differs. Expected DL; Found EH
Value at index 91 differs. Expected DN; Found DC
Value at index 94 differs. Expected DQ; Found CO
Value at index 96 differs. Expected DS; Found FB
Value at index 97 differs. Expected DT; Found DD
Value at index 98 differs. Expected DU; Found DQ
Value at index 99 differs. Expected DV; Found DY
Value at index 100 differs. Expected DW; Found BE
Value at index 102 differs. Expected DY; Found FF
Value at index 106 differs. Expected EC; Found BL
Value at index 107 differs. Expected ED; Found BR
Value at index 108 differs. Expected EE; Found FP
Value at index 109 differs. Expected EF; Found BM
Value at index 111 differs. Expected EH; Found EM
Value at index 114 differs. Expected EK; Found FQ
Value at index 115 differs. Expected EL; Found CX
Value at index 116 differs. Expected EM; Found DL
Value at index 117 differs. Expected EN; Found CC
Value at index 118 differs. Expected EO; Found EZ
Value at index 119 differs. Expected EP; Found AJ
Value at index 120 differs. Expected EQ; Found EW
Value at index 121 differs. Expected ER; Found EN
Value at index 122 differs. Expected ES; Found AH
Value at index 125 differs. Expected EV; Found CJ
Value at index 126 differs. Expected EW; Found DA
Value at index 129 differs. Expected EZ; Found CZ
Value at index 130 differs. Expected FA; Found BJ
Value at index 131 differs. Expected FB; Found CM
Value at index 133 differs. Expected FD; Found FH
Value at index 134 differs. Expected FE; Found FS
Value at index 135 differs. Expected FF; Found AO
Value at index 136 differs. Expected FG; Found EF
Value at index 137 differs. Expected FH; Found FD
Value at index 138 differs. Expected FI; Found CL
Value at index 139 differs. Expected FJ; Found AT
Value at index 140 differs. Expected FK; Found AI
Value at index 142 differs. Expected FM; Found CY
Value at index 143 differs. Expected FN; Found AP
Value at index 144 differs. Expected FO; Found AV
Value at index 145 differs. Expected FP; Found DE
Value at index 146 differs. Expected FQ; Found EK
Value at index 148 differs. Expected FS; Found FE

