Invalid read count. Expected: 136; Found: 134
Invalid write count. Expected: 48; Found: 38
Value at index 3 differs. Expected D; Found E
Value at index 4 differs. Expected E; Found F
Value at index 5 differs. Expected F; Found G
Value at index 6 differs. Expected G; Found H
Value at index 7 differs. Expected H; Found I
Value at index 8 differs. Expected I; Found D

Invalid read count. Expected: 26 480; Found: 25 154
Invalid write count. Expected: 10 136; Found: 9 378
Value at index 64 differs. Expected CM; Found CN
Value at index 65 differs. Expected CN; Found CO
Value at index 66 differs. Expected CO; Found CP
Value at index 67 differs. Expected CP; Found CQ
Value at index 68 differs. Expected CQ; Found CR
Value at index 69 differs. Expected CR; Found CS
Value at index 70 differs. Expected CS; Found CT
Value at index 71 differs. Expected CT; Found CU
Value at index 72 differs. Expected CU; Found CV
Value at index 73 differs. Expected CV; Found CW
Value at index 74 differs. Expected CW; Found CX
Value at index 75 differs. Expected CX; Found CY
Value at index 76 differs. Expected CY; Found DA
Value at index 77 differs. Expected CZ; Found DB
Value at index 78 differs. Expected DA; Found DC
Value at index 79 differs. Expected DB; Found DD
Value at index 80 differs. Expected DC; Found DE
Value at index 81 differs. Expected DD; Found DF
Value at index 82 differs. Expected DE; Found DG
Value at index 83 differs. Expected DF; Found DH
Value at index 84 differs. Expected DG; Found DL
Value at index 85 differs. Expected DH; Found DN
Value at index 86 differs. Expected DI; Found DP
Value at index 87 differs. Expected DJ; Found DQ
Value at index 88 differs. Expected DK; Found DR
Value at index 89 differs. Expected DL; Found DS
Value at index 90 differs. Expected DM; Found DU
Value at index 91 differs. Expected DN; Found DV
Value at index 93 differs. Expected DP; Found DZ
Value at index 94 differs. Expected DQ; Found DT
Value at index 95 differs. Expected DR; Found EB
Value at index 96 differs. Expected DS; Found DW
Value at index 97 differs. Expected DT; Found ED
Value at index 98 differs. Expected DU; Found DX
Value at index 99 differs. Expected DV; Found EF
Value at index 100 differs. Expected DW; Found DY
Value at index 101 differs. Expected DX; Found EG
Value at index 102 differs. Expected DY; Found EL
Value at index 103 differs. Expected DZ; Found EM
Value at index 105 differs. Expected EB; Found EO
Value at index 106 differs. Expected EC; Found EE
Value at index 107 differs. Expected ED; Found EP
Value at index 108 differs. Expected EE; Found EH
Value at index 109 differs. Expected EF; Found EQ
Value at index 110 differs. Expected EG; Found EI
Value at index 111 differs. Expected EH; Found ES
Value at index 112 differs. Expected EI; Found EK
Value at index 113 differs. Expected EJ; Found ET
Value at index 114 differs. Expected EK; Found EJ
Value at index 115 differs. Expected EL; Found EU
Value at index 116 differs. Expected EM; Found EN
Value at index 117 differs. Expected EN; Found EV
Value at index 118 differs. Expected EO; Found DM
Value at index 119 differs. Expected EP; Found EW
Value at index 120 differs. Expected EQ; Found ER
Value at index 121 differs. Expected ER; Found EX
Value at index 122 differs. Expected ES; Found EC
Value at index 123 differs. Expected ET; Found EY
Value at index 124 differs. Expected EU; Found EZ
Value at index 125 differs. Expected EV; Found FA
Value at index 126 differs. Expected EW; Found CM
Value at index 127 differs. Expected EX; Found FB
Value at index 128 differs. Expected EY; Found CZ
Value at index 129 differs. Expected EZ; Found FD
Value at index 130 differs. Expected FA; Found DJ
Value at index 131 differs. Expected FB; Found FF
Value at index 132 differs. Expected FC; Found FE
Value at index 133 differs. Expected FD; Found FG
Value at index 134 differs. Expected FE; Found FC
Value at index 135 differs. Expected FF; Found FH
Value at index 136 differs. Expected FG; Found DI
Value at index 137 differs. Expected FH; Found FI
Value at index 138 differs. Expected FI; Found DK

