Invalid read count. Expected: 46; Found: 61
Invalid write count. Expected: 24; Found: 16
Value at index 0 differs. Expected A; Found C
Value at index 1 differs. Expected B; Found C
Value at index 2 differs. Expected C; Found I
Value at index 3 differs. Expected D; Found I
Value at index 4 differs. Expected E; Found I
Value at index 5 differs. Expected F; Found I
Value at index 6 differs. Expected G; Found I
Value at index 7 differs. Expected H; Found I
Value at index 8 differs. Expected I; Found J
Value at index 9 differs. Expected J; Found A

Invalid read count. Expected: 7 769; Found: 16 435
Invalid write count. Expected: 3 886; Found: 5 260
Value at index 0 differs. Expected AA; Found CT
Value at index 1 differs. Expected AB; Found CT
Value at index 2 differs. Expected AC; Found CT
Value at index 3 differs. Expected AD; Found CT
Value at index 4 differs. Expected AE; Found CT
Value at index 5 differs. Expected AF; Found CT
Value at index 6 differs. Expected AG; Found CT
Value at index 7 differs. Expected AH; Found CT
Value at index 8 differs. Expected AI; Found CT
Value at index 9 differs. Expected AJ; Found CT
Value at index 10 differs. Expected AK; Found CT
Value at index 11 differs. Expected AL; Found CT
Value at index 12 differs. Expected AM; Found CT
Value at index 13 differs. Expected AN; Found CT
Value at index 14 differs. Expected AO; Found CT
Value at index 15 differs. Expected AP; Found CT
Value at index 16 differs. Expected AQ; Found CT
Value at index 17 differs. Expected AR; Found CT
Value at index 18 differs. Expected AS; Found CT
Value at index 19 differs. Expected AT; Found CT
Value at index 20 differs. Expected AU; Found CT
Value at index 21 differs. Expected AV; Found CT
Value at index 22 differs. Expected AW; Found CT
Value at index 23 differs. Expected AX; Found CT
Value at index 24 differs. Expected AY; Found CT
Value at index 25 differs. Expected AZ; Found CT
Value at index 26 differs. Expected BA; Found CT
Value at index 27 differs. Expected BB; Found CT
Value at index 28 differs. Expected BC; Found CT
Value at index 29 differs. Expected BD; Found CT
Value at index 30 differs. Expected BE; Found CT
Value at index 31 differs. Expected BF; Found CT
Value at index 32 differs. Expected BG; Found CT
Value at index 33 differs. Expected BH; Found CT
Value at index 34 differs. Expected BI; Found CT
Value at index 35 differs. Expected BJ; Found CT
Value at index 36 differs. Expected BK; Found CT
Value at index 37 differs. Expected BL; Found CT
Value at index 38 differs. Expected BM; Found CT
Value at index 39 differs. Expected BN; Found CT
Value at index 40 differs. Expected BO; Found CT
Value at index 41 differs. Expected BP; Found CT
Value at index 42 differs. Expected BQ; Found CT
Value at index 43 differs. Expected BR; Found CT
Value at index 44 differs. Expected BS; Found CT
Value at index 45 differs. Expected BT; Found CT
Value at index 46 differs. Expected BU; Found CT
Value at index 47 differs. Expected BV; Found CT
Value at index 48 differs. Expected BW; Found CT
Value at index 49 differs. Expected BX; Found CT
Value at index 50 differs. Expected BY; Found CT
Value at index 51 differs. Expected BZ; Found CT
Value at index 52 differs. Expected CA; Found CT
Value at index 53 differs. Expected CB; Found CT
Value at index 54 differs. Expected CC; Found CT
Value at index 55 differs. Expected CD; Found CT
Value at index 56 differs. Expected CE; Found CT
Value at index 57 differs. Expected CF; Found CT
Value at index 58 differs. Expected CG; Found CT
Value at index 59 differs. Expected CH; Found CT
Value at index 60 differs. Expected CI; Found CT
Value at index 61 differs. Expected CJ; Found CT
Value at index 62 differs. Expected CK; Found CT
Value at index 63 differs. Expected CL; Found CT
Value at index 64 differs. Expected CM; Found CT
Value at index 65 differs. Expected CN; Found CT
Value at index 66 differs. Expected CO; Found CT
Value at index 67 differs. Expected CP; Found CT
Value at index 68 differs. Expected CQ; Found CT
Value at index 69 differs. Expected CR; Found CT
Value at index 70 differs. Expected CS; Found CT
Value at index 71 differs. Expected CT; Found FQ
Value at index 72 differs. Expected CU; Found FQ
Value at index 73 differs. Expected CV; Found FQ
Value at index 74 differs. Expected CW; Found FQ
Value at index 75 differs. Expected CX; Found FQ
Value at index 76 differs. Expected CY; Found FQ
Value at index 77 differs. Expected CZ; Found FQ
Value at index 78 differs. Expected DA; Found FQ
Value at index 79 differs. Expected DB; Found FQ
Value at index 80 differs. Expected DC; Found FQ
Value at index 81 differs. Expected DD; Found FQ
Value at index 82 differs. Expected DE; Found FQ
Value at index 83 differs. Expected DF; Found FQ
Value at index 84 differs. Expected DG; Found FQ
Value at index 85 differs. Expected DH; Found FQ
Value at index 86 differs. Expected DI; Found FQ
Value at index 87 differs. Expected DJ; Found FQ
Value at index 88 differs. Expected DK; Found FQ
Value at index 89 differs. Expected DL; Found FQ
Value at index 90 differs. Expected DM; Found FQ
Value at index 91 differs. Expected DN; Found FQ
Value at index 92 differs. Expected DO; Found FQ
Value at index 93 differs. Expected DP; Found FQ
Value at index 94 differs. Expected DQ; Found FQ
Value at index 95 differs. Expected DR; Found FQ
Value at index 96 differs. Expected DS; Found FQ
Value at index 97 differs. Expected DT; Found FQ
Value at index 98 differs. Expected DU; Found FQ
Value at index 99 differs. Expected DV; Found FQ
Value at index 100 differs. Expected DW; Found FQ
Value at index 101 differs. Expected DX; Found FQ
Value at index 102 differs. Expected DY; Found FQ
Value at index 103 differs. Expected DZ; Found FQ
Value at index 104 differs. Expected EA; Found FQ
Value at index 105 differs. Expected EB; Found FQ
Value at index 106 differs. Expected EC; Found FQ
Value at index 107 differs. Expected ED; Found FQ
Value at index 108 differs. Expected EE; Found FQ
Value at index 109 differs. Expected EF; Found FQ
Value at index 110 differs. Expected EG; Found FQ
Value at index 111 differs. Expected EH; Found FQ
Value at index 112 differs. Expected EI; Found FQ
Value at index 113 differs. Expected EJ; Found FQ
Value at index 114 differs. Expected EK; Found FQ
Value at index 115 differs. Expected EL; Found FQ
Value at index 116 differs. Expected EM; Found FQ
Value at index 117 differs. Expected EN; Found FQ
Value at index 118 differs. Expected EO; Found FQ
Value at index 119 differs. Expected EP; Found FQ
Value at index 120 differs. Expected EQ; Found FQ
Value at index 121 differs. Expected ER; Found FQ
Value at index 122 differs. Expected ES; Found FQ
Value at index 123 differs. Expected ET; Found FQ
Value at index 124 differs. Expected EU; Found FQ
Value at index 125 differs. Expected EV; Found FQ
Value at index 126 differs. Expected EW; Found FQ
Value at index 127 differs. Expected EX; Found FQ
Value at index 128 differs. Expected EY; Found FQ
Value at index 129 differs. Expected EZ; Found FQ
Value at index 130 differs. Expected FA; Found FQ
Value at index 131 differs. Expected FB; Found FQ
Value at index 132 differs. Expected FC; Found FQ
Value at index 133 differs. Expected FD; Found FQ
Value at index 134 differs. Expected FE; Found FQ
Value at index 135 differs. Expected FF; Found FQ
Value at index 136 differs. Expected FG; Found FQ
Value at index 137 differs. Expected FH; Found FQ
Value at index 138 differs. Expected FI; Found FQ
Value at index 139 differs. Expected FJ; Found FQ
Value at index 140 differs. Expected FK; Found FQ
Value at index 141 differs. Expected FL; Found FQ
Value at index 142 differs. Expected FM; Found FQ
Value at index 143 differs. Expected FN; Found FQ
Value at index 144 differs. Expected FO; Found FQ
Value at index 145 differs. Expected FP; Found FQ
Value at index 146 differs. Expected FQ; Found EK

