Invalid read count. Expected: 86; Found: 3
Invalid write count. Expected: 45; Found: 1
Value at index 0 differs. Expected A; Found J
Value at index 1 differs. Expected B; Found J
Value at index 3 differs. Expected D; Found F
Value at index 5 differs. Expected F; Found H
Value at index 7 differs. Expected H; Found D
Value at index 8 differs. Expected I; Found B
Value at index 9 differs. Expected J; Found A

Invalid read count. Expected: 9 298; Found: 7
Invalid write count. Expected: 4 652; Found: 3
Value at index 0 differs. Expected AA; Found DJ
Value at index 1 differs. Expected AB; Found DJ
Value at index 2 differs. Expected AC; Found DM
Value at index 3 differs. Expected AD; Found BA
Value at index 4 differs. Expected AE; Found EG
Value at index 6 differs. Expected AG; Found CC
Value at index 8 differs. Expected AI; Found FH
Value at index 9 differs. Expected AJ; Found DU
Value at index 12 differs. Expected AM; Found BO
Value at index 14 differs. Expected AO; Found DF
Value at index 16 differs. Expected AQ; Found CH
Value at index 17 differs. Expected AR; Found DT
Value at index 18 differs. Expected AS; Found EW
Value at index 20 differs. Expected AU; Found FF
Value at index 26 differs. Expected BA; Found DR
Value at index 27 differs. Expected BB; Found CM
Value at index 29 differs. Expected BD; Found BS
Value at index 31 differs. Expected BF; Found BX
Value at index 32 differs. Expected BG; Found DO
Value at index 33 differs. Expected BH; Found CO
Value at index 35 differs. Expected BJ; Found DD
Value at index 40 differs. Expected BO; Found CB
Value at index 41 differs. Expected BP; Found DW
Value at index 43 differs. Expected BR; Found AI
Value at index 44 differs. Expected BS; Found CJ
Value at index 45 differs. Expected BT; Found CY
Value at index 49 differs. Expected BX; Found FP
Value at index 50 differs. Expected BY; Found EP
Value at index 53 differs. Expected CB; Found CW
Value at index 54 differs. Expected CC; Found FJ
Value at index 57 differs. Expected CF; Found EH
Value at index 58 differs. Expected CG; Found FI
Value at index 59 differs. Expected CH; Found FK
Value at index 60 differs. Expected CI; Found ES
Value at index 61 differs. Expected CJ; Found EF
Value at index 62 differs. Expected CK; Found AS
Value at index 63 differs. Expected CL; Found CQ
Value at index 64 differs. Expected CM; Found DP
Value at index 65 differs. Expected CN; Found FG
Value at index 66 differs. Expected CO; Found BH
Value at index 67 differs. Expected CP; Found CG
Value at index 68 differs. Expected CQ; Found BY
Value at index 70 differs. Expected CS; Found CX
Value at index 71 differs. Expected CT; Found EB
Value at index 72 differs. Expected CU; Found DX
Value at index 74 differs. Expected CW; Found EE
Value at index 75 differs. Expected CX; Found FR
Value at index 76 differs. Expected CY; Found AM
Value at index 80 differs. Expected DC; Found EO
Value at index 81 differs. Expected DD; Found BJ
Value at index 82 differs. Expected DE; Found FE
Value at index 83 differs. Expected DF; Found AE
Value at index 87 differs. Expected DJ; Found AJ
Value at index 88 differs. Expected DK; Found CS
Value at index 89 differs. Expected DL; Found EU
Value at index 90 differs. Expected DM; Found AB
Value at index 91 differs. Expected DN; Found EQ
Value at index 92 differs. Expected DO; Found EZ
Value at index 93 differs. Expected DP; Found BB
Value at index 95 differs. Expected DR; Found AD
Value at index 97 differs. Expected DT; Found FL
Value at index 98 differs. Expected DU; Found FN
Value at index 100 differs. Expected DW; Found FQ
Value at index 101 differs. Expected DX; Found DZ
Value at index 103 differs. Expected DZ; Found CU
Value at index 104 differs. Expected EA; Found EM
Value at index 105 differs. Expected EB; Found DC
Value at index 106 differs. Expected EC; Found FB
Value at index 107 differs. Expected ED; Found EA
Value at index 108 differs. Expected EE; Found EI
Value at index 109 differs. Expected EF; Found BD
Value at index 110 differs. Expected EG; Found AO
Value at index 111 differs. Expected EH; Found CF
Value at index 112 differs. Expected EI; Found BT
Value at index 115 differs. Expected EL; Found DL
Value at index 116 differs. Expected EM; Found FA
Value at index 118 differs. Expected EO; Found AC
Value at index 119 differs. Expected EP; Found CL
Value at index 120 differs. Expected EQ; Found DN
Value at index 122 differs. Expected ES; Found CI
Value at index 124 differs. Expected EU; Found EL
Value at index 126 differs. Expected EW; Found CK
Value at index 129 differs. Expected EZ; Found BG
Value at index 130 differs. Expected FA; Found ED
Value at index 131 differs. Expected FB; Found CP
Value at index 134 differs. Expected FE; Found DE
Value at index 135 differs. Expected FF; Found AU
Value at index 136 differs. Expected FG; Found CN
Value at index 137 differs. Expected FH; Found BR
Value at index 138 differs. Expected FI; Found EC
Value at index 139 differs. Expected FJ; Found AG
Value at index 140 differs. Expected FK; Found AQ
Value at index 141 differs. Expected FL; Found AR
Value at index 143 differs. Expected FN; Found AA
Value at index 145 differs. Expected FP; Found BF
Value at index 146 differs. Expected FQ; Found BP
Value at index 147 differs. Expected FR; Found DK

