Invalid read count. Expected: 58; Found: 9
Invalid write count. Expected: 30; Found: 9
Value at index 0 differs. Expected A; Found C
Value at index 1 differs. Expected B; Found G
Value at index 2 differs. Expected C; Found E
Value at index 3 differs. Expected D; Found J
Value at index 4 differs. Expected E; Found B
Value at index 6 differs. Expected G; Found D
Value at index 7 differs. Expected H; Found A
Value at index 9 differs. Expected J; Found H

Invalid read count. Expected: 9 168; Found: 149
Invalid write count. Expected: 4 584; Found: 149
Value at index 1 differs. Expected AB; Found CY
Value at index 2 differs. Expected AC; Found FF
Value at index 3 differs. Expected AD; Found ES
Value at index 4 differs. Expected AE; Found EW
Value at index 5 differs. Expected AF; Found BP
Value at index 6 differs. Expected AG; Found DR
Value at index 7 differs. Expected AH; Found CU
Value at index 11 differs. Expected AL; Found BS
Value at index 13 differs. Expected AN; Found AE
Value at index 14 differs. Expected AO; Found EN
Value at index 15 differs. Expected AP; Found BN
Value at index 18 differs. Expected AS; Found EU
Value at index 20 differs. Expected AU; Found DC
Value at index 21 differs. Expected AV; Found EE
Value at index 22 differs. Expected AW; Found CW
Value at index 25 differs. Expected AZ; Found FO
Value at index 27 differs. Expected BB; Found DD
Value at index 28 differs. Expected BC; Found EG
Value at index 29 differs. Expected BD; Found CM
Value at index 30 differs. Expected BE; Found BV
Value at index 31 differs. Expected BF; Found DQ
Value at index 32 differs. Expected BG; Found FC
Value at index 33 differs. Expected BH; Found DZ
Value at index 34 differs. Expected BI; Found AL
Value at index 35 differs. Expected BJ; Found AU
Value at index 36 differs. Expected BK; Found AH
Value at index 37 differs. Expected BL; Found BK
Value at index 38 differs. Expected BM; Found AS
Value at index 39 differs. Expected BN; Found BX
Value at index 41 differs. Expected BP; Found AF
Value at index 42 differs. Expected BQ; Found DP
Value at index 43 differs. Expected BR; Found CJ
Value at index 44 differs. Expected BS; Found BI
Value at index 47 differs. Expected BV; Found BR
Value at index 48 differs. Expected BW; Found ER
Value at index 49 differs. Expected BX; Found EH
Value at index 50 differs. Expected BY; Found DL
Value at index 51 differs. Expected BZ; Found DT
Value at index 54 differs. Expected CC; Found BG
Value at index 55 differs. Expected CD; Found DE
Value at index 57 differs. Expected CF; Found FT
Value at index 58 differs. Expected CG; Found EK
Value at index 60 differs. Expected CI; Found BQ
Value at index 61 differs. Expected CJ; Found BE
Value at index 62 differs. Expected CK; Found FR
Value at index 63 differs. Expected CL; Found DI
Value at index 64 differs. Expected CM; Found BD
Value at index 65 differs. Expected CN; Found EL
Value at index 66 differs. Expected CO; Found BL
Value at index 68 differs. Expected CQ; Found CN
Value at index 69 differs. Expected CR; Found CT
Value at index 70 differs. Expected CS; Found FE
Value at index 71 differs. Expected CT; Found CD
Value at index 72 differs. Expected CU; Found AN
Value at index 73 differs. Expected CV; Found BM
Value at index 74 differs. Expected CW; Found DN
Value at index 75 differs. Expected CX; Found FJ
Value at index 76 differs. Expected CY; Found CZ
Value at index 77 differs. Expected CZ; Found AB
Value at index 79 differs. Expected DB; Found AG
Value at index 80 differs. Expected DC; Found DX
Value at index 81 differs. Expected DD; Found FH
Value at index 82 differs. Expected DE; Found CR
Value at index 84 differs. Expected DG; Found EI
Value at index 85 differs. Expected DH; Found FI
Value at index 86 differs. Expected DI; Found CL
Value at index 88 differs. Expected DK; Found AO
Value at index 89 differs. Expected DL; Found CO
Value at index 91 differs. Expected DN; Found AD
Value at index 93 differs. Expected DP; Found FP
Value at index 94 differs. Expected DQ; Found DG
Value at index 95 differs. Expected DR; Found DB
Value at index 97 differs. Expected DT; Found ET
Value at index 98 differs. Expected DU; Found CG
Value at index 99 differs. Expected DV; Found EB
Value at index 101 differs. Expected DX; Found BJ
Value at index 103 differs. Expected DZ; Found BH
Value at index 105 differs. Expected EB; Found DV
Value at index 108 differs. Expected EE; Found AV
Value at index 109 differs. Expected EF; Found FM
Value at index 110 differs. Expected EG; Found BC
Value at index 111 differs. Expected EH; Found CQ
Value at index 112 differs. Expected EI; Found BF
Value at index 114 differs. Expected EK; Found DU
Value at index 115 differs. Expected EL; Found FG
Value at index 116 differs. Expected EM; Found EY
Value at index 117 differs. Expected EN; Found DK
Value at index 121 differs. Expected ER; Found BW
Value at index 122 differs. Expected ES; Found AC
Value at index 123 differs. Expected ET; Found BZ
Value at index 124 differs. Expected EU; Found CV
Value at index 126 differs. Expected EW; Found BY
Value at index 128 differs. Expected EY; Found EM
Value at index 132 differs. Expected FC; Found CC
Value at index 134 differs. Expected FE; Found CS
Value at index 135 differs. Expected FF; Found AW
Value at index 136 differs. Expected FG; Found AP
Value at index 137 differs. Expected FH; Found BB
Value at index 138 differs. Expected FI; Found AZ
Value at index 139 differs. Expected FJ; Found CX
Value at index 142 differs. Expected FM; Found EF
Value at index 144 differs. Expected FO; Found DH
Value at index 145 differs. Expected FP; Found CI
Value at index 147 differs. Expected FR; Found CK
Value at index 149 differs. Expected FT; Found CF

