Invalid read count. Expected: 44; Found: 69
Invalid write count. Expected: 22; Found: 60
Value at index 1 differs. Expected B; Found J
Value at index 2 differs. Expected C; Found G
Value at index 3 differs. Expected D; Found G
Value at index 4 differs. Expected E; Found G
Value at index 5 differs. Expected F; Found G
Value at index 7 differs. Expected H; Found I

Invalid read count. Expected: 8 668; Found: 17 087
Invalid write count. Expected: 4 334; Found: 16 938
Value at index 1 differs. Expected AB; Found FS
Value at index 2 differs. Expected AC; Found CF
Value at index 3 differs. Expected AD; Found CF
Value at index 4 differs. Expected AE; Found CF
Value at index 5 differs. Expected AF; Found CF
Value at index 6 differs. Expected AG; Found CF
Value at index 7 differs. Expected AH; Found CF
Value at index 8 differs. Expected AI; Found CF
Value at index 9 differs. Expected AJ; Found CF
Value at index 10 differs. Expected AK; Found CF
Value at index 11 differs. Expected AL; Found CF
Value at index 12 differs. Expected AM; Found CF
Value at index 13 differs. Expected AN; Found CF
Value at index 14 differs. Expected AO; Found CF
Value at index 15 differs. Expected AP; Found CF
Value at index 16 differs. Expected AQ; Found CF
Value at index 17 differs. Expected AR; Found CF
Value at index 18 differs. Expected AS; Found CF
Value at index 19 differs. Expected AT; Found CF
Value at index 20 differs. Expected AU; Found CF
Value at index 21 differs. Expected AV; Found CF
Value at index 22 differs. Expected AW; Found CF
Value at index 23 differs. Expected AX; Found CF
Value at index 24 differs. Expected AY; Found CF
Value at index 25 differs. Expected AZ; Found CF
Value at index 26 differs. Expected BA; Found CF
Value at index 27 differs. Expected BB; Found CF
Value at index 28 differs. Expected BC; Found CF
Value at index 29 differs. Expected BD; Found CF
Value at index 30 differs. Expected BE; Found CF
Value at index 31 differs. Expected BF; Found CF
Value at index 32 differs. Expected BG; Found CF
Value at index 33 differs. Expected BH; Found CF
Value at index 34 differs. Expected BI; Found CF
Value at index 35 differs. Expected BJ; Found CF
Value at index 36 differs. Expected BK; Found CF
Value at index 37 differs. Expected BL; Found CF
Value at index 38 differs. Expected BM; Found CF
Value at index 39 differs. Expected BN; Found CF
Value at index 40 differs. Expected BO; Found CF
Value at index 41 differs. Expected BP; Found CF
Value at index 42 differs. Expected BQ; Found CF
Value at index 43 differs. Expected BR; Found CF
Value at index 44 differs. Expected BS; Found CF
Value at index 45 differs. Expected BT; Found CF
Value at index 46 differs. Expected BU; Found CF
Value at index 47 differs. Expected BV; Found CF
Value at index 48 differs. Expected BW; Found CF
Value at index 49 differs. Expected BX; Found CF
Value at index 50 differs. Expected BY; Found CF
Value at index 51 differs. Expected BZ; Found CF
Value at index 52 differs. Expected CA; Found CF
Value at index 53 differs. Expected CB; Found CF
Value at index 54 differs. Expected CC; Found CF
Value at index 55 differs. Expected CD; Found CF
Value at index 56 differs. Expected CE; Found CF
Value at index 58 differs. Expected CG; Found EA
Value at index 59 differs. Expected CH; Found EA
Value at index 60 differs. Expected CI; Found EA
Value at index 61 differs. Expected CJ; Found EA
Value at index 62 differs. Expected CK; Found EA
Value at index 63 differs. Expected CL; Found EA
Value at index 64 differs. Expected CM; Found EA
Value at index 65 differs. Expected CN; Found EA
Value at index 66 differs. Expected CO; Found EA
Value at index 67 differs. Expected CP; Found EA
Value at index 68 differs. Expected CQ; Found EA
Value at index 69 differs. Expected CR; Found EA
Value at index 70 differs. Expected CS; Found EA
Value at index 71 differs. Expected CT; Found EA
Value at index 72 differs. Expected CU; Found EA
Value at index 73 differs. Expected CV; Found EA
Value at index 74 differs. Expected CW; Found EA
Value at index 75 differs. Expected CX; Found EA
Value at index 76 differs. Expected CY; Found EA
Value at index 77 differs. Expected CZ; Found EA
Value at index 78 differs. Expected DA; Found EA
Value at index 79 differs. Expected DB; Found EA
Value at index 80 differs. Expected DC; Found EA
Value at index 81 differs. Expected DD; Found EA
Value at index 82 differs. Expected DE; Found EA
Value at index 83 differs. Expected DF; Found EA
Value at index 84 differs. Expected DG; Found EA
Value at index 85 differs. Expected DH; Found EA
Value at index 86 differs. Expected DI; Found EA
Value at index 87 differs. Expected DJ; Found EA
Value at index 88 differs. Expected DK; Found EA
Value at index 89 differs. Expected DL; Found EA
Value at index 90 differs. Expected DM; Found EA
Value at index 91 differs. Expected DN; Found EA
Value at index 92 differs. Expected DO; Found EA
Value at index 93 differs. Expected DP; Found EA
Value at index 94 differs. Expected DQ; Found EA
Value at index 95 differs. Expected DR; Found EA
Value at index 96 differs. Expected DS; Found EA
Value at index 97 differs. Expected DT; Found EA
Value at index 98 differs. Expected DU; Found EA
Value at index 99 differs. Expected DV; Found EA
Value at index 100 differs. Expected DW; Found EA
Value at index 101 differs. Expected DX; Found EA
Value at index 102 differs. Expected DY; Found EA
Value at index 103 differs. Expected DZ; Found EA
Value at index 106 differs. Expected EC; Found EE
Value at index 107 differs. Expected ED; Found EE
Value at index 109 differs. Expected EF; Found EO
Value at index 110 differs. Expected EG; Found EO
Value at index 111 differs. Expected EH; Found EO
Value at index 112 differs. Expected EI; Found EO
Value at index 113 differs. Expected EJ; Found EO
Value at index 114 differs. Expected EK; Found EO
Value at index 115 differs. Expected EL; Found EO
Value at index 116 differs. Expected EM; Found EO
Value at index 117 differs. Expected EN; Found EO
Value at index 119 differs. Expected EP; Found FC
Value at index 120 differs. Expected EQ; Found FC
Value at index 121 differs. Expected ER; Found FC
Value at index 122 differs. Expected ES; Found FC
Value at index 123 differs. Expected ET; Found FC
Value at index 124 differs. Expected EU; Found FC
Value at index 125 differs. Expected EV; Found FC
Value at index 126 differs. Expected EW; Found FC
Value at index 127 differs. Expected EX; Found FC
Value at index 128 differs. Expected EY; Found FC
Value at index 129 differs. Expected EZ; Found FC
Value at index 130 differs. Expected FA; Found FC
Value at index 131 differs. Expected FB; Found FC
Value at index 133 differs. Expected FD; Found FF
Value at index 134 differs. Expected FE; Found FF
Value at index 136 differs. Expected FG; Found FM
Value at index 137 differs. Expected FH; Found FM
Value at index 138 differs. Expected FI; Found FM
Value at index 139 differs. Expected FJ; Found FM
Value at index 140 differs. Expected FK; Found FM
Value at index 141 differs. Expected FL; Found FM
Value at index 143 differs. Expected FN; Found FP
Value at index 144 differs. Expected FO; Found FP
Value at index 146 differs. Expected FQ; Found FT
Value at index 147 differs. Expected FR; Found FT
Value at index 148 differs. Expected FS; Found FT

