Invalid read count. Expected: 65; Found: 3
Invalid write count. Expected: 34; Found: 1
Value at index 0 differs. Expected A; Found H
Value at index 1 differs. Expected B; Found H
Value at index 4 differs. Expected E; Found F
Value at index 5 differs. Expected F; Found I
Value at index 6 differs. Expected G; Found E
Value at index 7 differs. Expected H; Found A
Value at index 8 differs. Expected I; Found B

Invalid read count. Expected: 8 267; Found: 7
Invalid write count. Expected: 4 135; Found: 3
Value at index 0 differs. Expected AA; Found BC
Value at index 1 differs. Expected AB; Found BC
Value at index 2 differs. Expected AC; Found BY
Value at index 5 differs. Expected AF; Found CQ
Value at index 7 differs. Expected AH; Found BV
Value at index 8 differs. Expected AI; Found FS
Value at index 12 differs. Expected AM; Found FE
Value at index 13 differs. Expected AN; Found BA
Value at index 14 differs. Expected AO; Found BB
Value at index 15 differs. Expected AP; Found CY
Value at index 17 differs. Expected AR; Found EO
Value at index 19 differs. Expected AT; Found EX
Value at index 20 differs. Expected AU; Found FB
Value at index 22 differs. Expected AW; Found DY
Value at index 25 differs. Expected AZ; Found DJ
Value at index 26 differs. Expected BA; Found AN
Value at index 27 differs. Expected BB; Found DE
Value at index 28 differs. Expected BC; Found AA
Value at index 29 differs. Expected BD; Found CL
Value at index 30 differs. Expected BE; Found CJ
Value at index 31 differs. Expected BF; Found DX
Value at index 32 differs. Expected BG; Found DB
Value at index 33 differs. Expected BH; Found CH
Value at index 34 differs. Expected BI; Found EZ
Value at index 36 differs. Expected BK; Found BN
Value at index 38 differs. Expected BM; Found DF
Value at index 39 differs. Expected BN; Found BK
Value at index 40 differs. Expected BO; Found ED
Value at index 42 differs. Expected BQ; Found FH
Value at index 43 differs. Expected BR; Found EN
Value at index 44 differs. Expected BS; Found CK
Value at index 45 differs. Expected BT; Found FL
Value at index 46 differs. Expected BU; Found CG
Value at index 47 differs. Expected BV; Found AH
Value at index 48 differs. Expected BW; Found CP
Value at index 49 differs. Expected BX; Found CI
Value at index 50 differs. Expected BY; Found AB
Value at index 53 differs. Expected CB; Found CR
Value at index 54 differs. Expected CC; Found AW
Value at index 55 differs. Expected CD; Found CM
Value at index 57 differs. Expected CF; Found FI
Value at index 58 differs. Expected CG; Found BU
Value at index 59 differs. Expected CH; Found BH
Value at index 60 differs. Expected CI; Found BX
Value at index 61 differs. Expected CJ; Found BE
Value at index 62 differs. Expected CK; Found BR
Value at index 63 differs. Expected CL; Found BD
Value at index 64 differs. Expected CM; Found CD
Value at index 65 differs. Expected CN; Found FR
Value at index 66 differs. Expected CO; Found EH
Value at index 67 differs. Expected CP; Found BW
Value at index 68 differs. Expected CQ; Found AF
Value at index 69 differs. Expected CR; Found FQ
Value at index 71 differs. Expected CT; Found DH
Value at index 72 differs. Expected CU; Found DW
Value at index 76 differs. Expected CY; Found AP
Value at index 79 differs. Expected DB; Found BG
Value at index 81 differs. Expected DD; Found EI
Value at index 82 differs. Expected DE; Found DO
Value at index 83 differs. Expected DF; Found BM
Value at index 85 differs. Expected DH; Found DM
Value at index 86 differs. Expected DI; Found EV
Value at index 87 differs. Expected DJ; Found AZ
Value at index 88 differs. Expected DK; Found DS
Value at index 90 differs. Expected DM; Found AR
Value at index 92 differs. Expected DO; Found BI
Value at index 93 differs. Expected DP; Found EF
Value at index 95 differs. Expected DR; Found FP
Value at index 96 differs. Expected DS; Found DK
Value at index 98 differs. Expected DU; Found EW
Value at index 100 differs. Expected DW; Found FO
Value at index 101 differs. Expected DX; Found DU
Value at index 102 differs. Expected DY; Found CC
Value at index 104 differs. Expected EA; Found AI
Value at index 106 differs. Expected EC; Found DP
Value at index 107 differs. Expected ED; Found BO
Value at index 108 differs. Expected EE; Found AC
Value at index 109 differs. Expected EF; Found EC
Value at index 111 differs. Expected EH; Found CO
Value at index 112 differs. Expected EI; Found DD
Value at index 116 differs. Expected EM; Found AT
Value at index 117 differs. Expected EN; Found FK
Value at index 118 differs. Expected EO; Found CT
Value at index 121 differs. Expected ER; Found BS
Value at index 122 differs. Expected ES; Found AU
Value at index 125 differs. Expected EV; Found DI
Value at index 126 differs. Expected EW; Found BF
Value at index 127 differs. Expected EX; Found EM
Value at index 129 differs. Expected EZ; Found EE
Value at index 130 differs. Expected FA; Found FF
Value at index 131 differs. Expected FB; Found ES
Value at index 134 differs. Expected FE; Found FT
Value at index 135 differs. Expected FF; Found CF
Value at index 137 differs. Expected FH; Found CU
Value at index 138 differs. Expected FI; Found FA
Value at index 140 differs. Expected FK; Found ER
Value at index 141 differs. Expected FL; Found BT
Value at index 144 differs. Expected FO; Found BQ
Value at index 145 differs. Expected FP; Found DR
Value at index 146 differs. Expected FQ; Found CB
Value at index 147 differs. Expected FR; Found AM
Value at index 148 differs. Expected FS; Found EA
Value at index 149 differs. Expected FT; Found CN

