Invalid read count. Expected: 47; Found: 44
Invalid write count. Expected: 24; Found: 22
Value at index 0 differs. Expected A; Found I
Value at index 2 differs. Expected C; Found B
Value at index 3 differs. Expected D; Found F
Value at index 4 differs. Expected E; Found G
Value at index 5 differs. Expected F; Found I
Value at index 9 differs. Expected J; Found G

Invalid read count. Expected: 9 424; Found: 1 136
Invalid write count. Expected: 4 712; Found: 568
Value at index 0 differs. Expected AA; Found ES
Value at index 2 differs. Expected AC; Found CK
Value at index 3 differs. Expected AD; Found BL
Value at index 4 differs. Expected AE; Found BL
Value at index 5 differs. Expected AF; Found AE
Value at index 6 differs. Expected AG; Found AW
Value at index 7 differs. Expected AH; Found AZ
Value at index 10 differs. Expected AK; Found EX
Value at index 11 differs. Expected AL; Found AK
Value at index 13 differs. Expected AN; Found FT
Value at index 14 differs. Expected AO; Found ED
Value at index 15 differs. Expected AP; Found AO
Value at index 16 differs. Expected AQ; Found FR
Value at index 17 differs. Expected AR; Found DE
Value at index 18 differs. Expected AS; Found DG
Value at index 19 differs. Expected AT; Found DI
Value at index 20 differs. Expected AU; Found DY
Value at index 21 differs. Expected AV; Found ED
Value at index 22 differs. Expected AW; Found AU
Value at index 23 differs. Expected AX; Found AV
Value at index 24 differs. Expected AY; Found AW
Value at index 25 differs. Expected AZ; Found AY
Value at index 26 differs. Expected BA; Found AZ
Value at index 27 differs. Expected BB; Found BA
Value at index 28 differs. Expected BC; Found BB
Value at index 29 differs. Expected BD; Found BC
Value at index 30 differs. Expected BE; Found BD
Value at index 31 differs. Expected BF; Found BE
Value at index 32 differs. Expected BG; Found BF
Value at index 33 differs. Expected BH; Found BT
Value at index 34 differs. Expected BI; Found EX
Value at index 35 differs. Expected BJ; Found BB
Value at index 36 differs. Expected BK; Found EH
Value at index 40 differs. Expected BO; Found CX
Value at index 42 differs. Expected BQ; Found BU
Value at index 49 differs. Expected BX; Found FJ
Value at index 50 differs. Expected BY; Found CS
Value at index 56 differs. Expected CE; Found AB
Value at index 58 differs. Expected CG; Found CK
Value at index 64 differs. Expected CM; Found EA
Value at index 65 differs. Expected CN; Found FO
Value at index 66 differs. Expected CO; Found EF
Value at index 76 differs. Expected CY; Found FG
Value at index 78 differs. Expected DA; Found DX
Value at index 79 differs. Expected DB; Found DH
Value at index 81 differs. Expected DD; Found AK
Value at index 88 differs. Expected DK; Found EZ
Value at index 93 differs. Expected DP; Found FB
Value at index 98 differs. Expected DU; Found ED
Value at index 103 differs. Expected DZ; Found CU
Value at index 108 differs. Expected EE; Found BC
Value at index 112 differs. Expected EI; Found FP
Value at index 114 differs. Expected EK; Found BP
Value at index 115 differs. Expected EL; Found AJ
Value at index 120 differs. Expected EQ; Found ET
Value at index 121 differs. Expected ER; Found DN
Value at index 126 differs. Expected EW; Found BR
Value at index 128 differs. Expected EY; Found AO
Value at index 140 differs. Expected FK; Found BJ
Value at index 141 differs. Expected FL; Found FR
Value at index 148 differs. Expected FS; Found AM

