Invalid read count. Expected: 44; Found: 48
Invalid write count. Expected: 22; Found: 16
Value at index 3 differs. Expected D; Found C
Value at index 4 differs. Expected E; Found C
Value at index 5 differs. Expected F; Found C
Value at index 6 differs. Expected G; Found C
Value at index 7 differs. Expected H; Found D
Value at index 8 differs. Expected I; Found D

Invalid read count. Expected: 8 668; Found: 1 983
Invalid write count. Expected: 4 334; Found: 661
Value at index 2 differs. Expected AC; Found AB
Value at index 3 differs. Expected AD; Found AB
Value at index 4 differs. Expected AE; Found AB
Value at index 5 differs. Expected AF; Found AB
Value at index 6 differs. Expected AG; Found AB
Value at index 7 differs. Expected AH; Found AB
Value at index 8 differs. Expected AI; Found AB
Value at index 9 differs. Expected AJ; Found AB
Value at index 10 differs. Expected AK; Found AB
Value at index 11 differs. Expected AL; Found AB
Value at index 12 differs. Expected AM; Found AB
Value at index 13 differs. Expected AN; Found AB
Value at index 14 differs. Expected AO; Found AB
Value at index 15 differs. Expected AP; Found AB
Value at index 16 differs. Expected AQ; Found AB
Value at index 17 differs. Expected AR; Found AB
Value at index 18 differs. Expected AS; Found AB
Value at index 19 differs. Expected AT; Found AB
Value at index 20 differs. Expected AU; Found AB
Value at index 21 differs. Expected AV; Found AB
Value at index 22 differs. Expected AW; Found AB
Value at index 23 differs. Expected AX; Found AB
Value at index 24 differs. Expected AY; Found AB
Value at index 25 differs. Expected AZ; Found AB
Value at index 26 differs. Expected BA; Found AB
Value at index 27 differs. Expected BB; Found AB
Value at index 28 differs. Expected BC; Found AB
Value at index 29 differs. Expected BD; Found AB
Value at index 30 differs. Expected BE; Found AB
Value at index 31 differs. Expected BF; Found AB
Value at index 32 differs. Expected BG; Found AB
Value at index 33 differs. Expected BH; Found AB
Value at index 34 differs. Expected BI; Found AB
Value at index 35 differs. Expected BJ; Found AB
Value at index 36 differs. Expected BK; Found AB
Value at index 37 differs. Expected BL; Found AB
Value at index 38 differs. Expected BM; Found AB
Value at index 39 differs. Expected BN; Found AB
Value at index 40 differs. Expected BO; Found AB
Value at index 41 differs. Expected BP; Found AB
Value at index 42 differs. Expected BQ; Found AB
Value at index 43 differs. Expected BR; Found AB
Value at index 44 differs. Expected BS; Found AB
Value at index 45 differs. Expected BT; Found AB
Value at index 46 differs. Expected BU; Found AB
Value at index 47 differs. Expected BV; Found AB
Value at index 48 differs. Expected BW; Found AB
Value at index 49 differs. Expected BX; Found AB
Value at index 50 differs. Expected BY; Found AB
Value at index 51 differs. Expected BZ; Found AB
Value at index 52 differs. Expected CA; Found AB
Value at index 53 differs. Expected CB; Found AB
Value at index 54 differs. Expected CC; Found AB
Value at index 55 differs. Expected CD; Found AB
Value at index 56 differs. Expected CE; Found AB
Value at index 57 differs. Expected CF; Found AB
Value at index 58 differs. Expected CG; Found AB
Value at index 59 differs. Expected CH; Found AB
Value at index 60 differs. Expected CI; Found AB
Value at index 61 differs. Expected CJ; Found AB
Value at index 62 differs. Expected CK; Found AB
Value at index 63 differs. Expected CL; Found AB
Value at index 64 differs. Expected CM; Found AB
Value at index 65 differs. Expected CN; Found AB
Value at index 66 differs. Expected CO; Found AB
Value at index 67 differs. Expected CP; Found AB
Value at index 68 differs. Expected CQ; Found AB
Value at index 69 differs. Expected CR; Found AB
Value at index 70 differs. Expected CS; Found AB
Value at index 71 differs. Expected CT; Found AB
Value at index 72 differs. Expected CU; Found AB
Value at index 73 differs. Expected CV; Found AB
Value at index 74 differs. Expected CW; Found AB
Value at index 75 differs. Expected CX; Found AB
Value at index 76 differs. Expected CY; Found AB
Value at index 77 differs. Expected CZ; Found AB
Value at index 78 differs. Expected DA; Found AB
Value at index 79 differs. Expected DB; Found AB
Value at index 80 differs. Expected DC; Found AB
Value at index 81 differs. Expected DD; Found AB
Value at index 82 differs. Expected DE; Found AB
Value at index 83 differs. Expected DF; Found AB
Value at index 84 differs. Expected DG; Found AB
Value at index 85 differs. Expected DH; Found AB
Value at index 86 differs. Expected DI; Found AB
Value at index 87 differs. Expected DJ; Found AB
Value at index 88 differs. Expected DK; Found AB
Value at index 89 differs. Expected DL; Found AB
Value at index 90 differs. Expected DM; Found AB
Value at index 91 differs. Expected DN; Found AB
Value at index 92 differs. Expected DO; Found AB
Value at index 93 differs. Expected DP; Found AB
Value at index 94 differs. Expected DQ; Found AB
Value at index 95 differs. Expected DR; Found AB
Value at index 96 differs. Expected DS; Found AB
Value at index 97 differs. Expected DT; Found AB
Value at index 98 differs. Expected DU; Found AB
Value at index 99 differs. Expected DV; Found AB
Value at index 100 differs. Expected DW; Found AB
Value at index 101 differs. Expected DX; Found AB
Value at index 102 differs. Expected DY; Found AB
Value at index 103 differs. Expected DZ; Found AB
Value at index 104 differs. Expected EA; Found AB
Value at index 105 differs. Expected EB; Found AB
Value at index 106 differs. Expected EC; Found AB
Value at index 107 differs. Expected ED; Found AB
Value at index 108 differs. Expected EE; Found AB
Value at index 109 differs. Expected EF; Found AB
Value at index 110 differs. Expected EG; Found AB
Value at index 111 differs. Expected EH; Found AB
Value at index 112 differs. Expected EI; Found AB
Value at index 113 differs. Expected EJ; Found AB
Value at index 114 differs. Expected EK; Found AB
Value at index 115 differs. Expected EL; Found AB
Value at index 116 differs. Expected EM; Found AB
Value at index 117 differs. Expected EN; Found AN
Value at index 118 differs. Expected EO; Found AN
Value at index 119 differs. Expected EP; Found AN
Value at index 120 differs. Expected EQ; Found AN
Value at index 121 differs. Expected ER; Found AN
Value at index 122 differs. Expected ES; Found AN
Value at index 123 differs. Expected ET; Found AN
Value at index 124 differs. Expected EU; Found AN
Value at index 125 differs. Expected EV; Found AN
Value at index 126 differs. Expected EW; Found AN
Value at index 127 differs. Expected EX; Found AN
Value at index 128 differs. Expected EY; Found AN
Value at index 129 differs. Expected EZ; Found AN
Value at index 130 differs. Expected FA; Found AS
Value at index 131 differs. Expected FB; Found AS
Value at index 132 differs. Expected FC; Found AS
Value at index 133 differs. Expected FD; Found AS
Value at index 134 differs. Expected FE; Found BK
Value at index 135 differs. Expected FF; Found BK
Value at index 136 differs. Expected FG; Found BK
Value at index 137 differs. Expected FH; Found BK
Value at index 138 differs. Expected FI; Found BK
Value at index 139 differs. Expected FJ; Found BK
Value at index 140 differs. Expected FK; Found BK
Value at index 141 differs. Expected FL; Found BK
Value at index 142 differs. Expected FM; Found BK
Value at index 143 differs. Expected FN; Found BK
Value at index 144 differs. Expected FO; Found BK
Value at index 145 differs. Expected FP; Found BK
Value at index 146 differs. Expected FQ; Found BK
Value at index 147 differs. Expected FR; Found DM
Value at index 148 differs. Expected FS; Found DM
Value at index 149 differs. Expected FT; Found FS

