Invalid read count. Expected: 44; Found: 69
Invalid write count. Expected: 22; Found: 14
Value at index 4 differs. Expected E; Found D
Value at index 5 differs. Expected F; Found D
Value at index 6 differs. Expected G; Found D
Value at index 7 differs. Expected H; Found D
Value at index 8 differs. Expected I; Found D

Invalid read count. Expected: 8 668; Found: 11 388
Invalid write count. Expected: 4 334; Found: 3 647
Value at index 2 differs. Expected AC; Found AB
Value at index 3 differs. Expected AD; Found AB
Value at index 4 differs. Expected AE; Found AB
Value at index 5 differs. Expected AF; Found AB
Value at index 6 differs. Expected AG; Found AB
Value at index 7 differs. Expected AH; Found AB
Value at index 8 differs. Expected AI; Found AB
Value at index 9 differs. Expected AJ; Found AB
Value at index 10 differs. Expected AK; Found AB
Value at index 11 differs. Expected AL; Found AB
Value at index 12 differs. Expected AM; Found AB
Value at index 14 differs. Expected AO; Found AN
Value at index 15 differs. Expected AP; Found AN
Value at index 16 differs. Expected AQ; Found AN
Value at index 17 differs. Expected AR; Found AN
Value at index 19 differs. Expected AT; Found AS
Value at index 20 differs. Expected AU; Found AS
Value at index 21 differs. Expected AV; Found AS
Value at index 22 differs. Expected AW; Found AS
Value at index 23 differs. Expected AX; Found AS
Value at index 24 differs. Expected AY; Found AS
Value at index 25 differs. Expected AZ; Found AS
Value at index 26 differs. Expected BA; Found AS
Value at index 27 differs. Expected BB; Found AS
Value at index 28 differs. Expected BC; Found AS
Value at index 29 differs. Expected BD; Found AS
Value at index 30 differs. Expected BE; Found AS
Value at index 31 differs. Expected BF; Found AS
Value at index 32 differs. Expected BG; Found AS
Value at index 33 differs. Expected BH; Found AS
Value at index 34 differs. Expected BI; Found AS
Value at index 35 differs. Expected BJ; Found AS
Value at index 37 differs. Expected BL; Found BK
Value at index 38 differs. Expected BM; Found BK
Value at index 39 differs. Expected BN; Found BK
Value at index 40 differs. Expected BO; Found BK
Value at index 41 differs. Expected BP; Found BK
Value at index 42 differs. Expected BQ; Found BK
Value at index 43 differs. Expected BR; Found BK
Value at index 44 differs. Expected BS; Found BK
Value at index 45 differs. Expected BT; Found BK
Value at index 46 differs. Expected BU; Found BK
Value at index 47 differs. Expected BV; Found BK
Value at index 48 differs. Expected BW; Found BK
Value at index 49 differs. Expected BX; Found BK
Value at index 50 differs. Expected BY; Found BK
Value at index 51 differs. Expected BZ; Found BK
Value at index 52 differs. Expected CA; Found BK
Value at index 53 differs. Expected CB; Found BK
Value at index 54 differs. Expected CC; Found BK
Value at index 55 differs. Expected CD; Found BK
Value at index 56 differs. Expected CE; Found BK
Value at index 57 differs. Expected CF; Found BK
Value at index 58 differs. Expected CG; Found BK
Value at index 59 differs. Expected CH; Found BK
Value at index 60 differs. Expected CI; Found BK
Value at index 61 differs. Expected CJ; Found BK
Value at index 62 differs. Expected CK; Found BK
Value at index 63 differs. Expected CL; Found BK
Value at index 64 differs. Expected CM; Found BK
Value at index 65 differs. Expected CN; Found BK
Value at index 66 differs. Expected CO; Found BK
Value at index 67 differs. Expected CP; Found BK
Value at index 68 differs. Expected CQ; Found BK
Value at index 69 differs. Expected CR; Found BK
Value at index 70 differs. Expected CS; Found BK
Value at index 71 differs. Expected CT; Found BK
Value at index 72 differs. Expected CU; Found BK
Value at index 73 differs. Expected CV; Found BK
Value at index 74 differs. Expected CW; Found BK
Value at index 75 differs. Expected CX; Found BK
Value at index 76 differs. Expected CY; Found BK
Value at index 77 differs. Expected CZ; Found BK
Value at index 78 differs. Expected DA; Found BK
Value at index 79 differs. Expected DB; Found BK
Value at index 80 differs. Expected DC; Found BK
Value at index 81 differs. Expected DD; Found BK
Value at index 82 differs. Expected DE; Found BK
Value at index 83 differs. Expected DF; Found BK
Value at index 84 differs. Expected DG; Found BK
Value at index 85 differs. Expected DH; Found BK
Value at index 86 differs. Expected DI; Found BK
Value at index 87 differs. Expected DJ; Found BK
Value at index 88 differs. Expected DK; Found BK
Value at index 89 differs. Expected DL; Found BK
Value at index 91 differs. Expected DN; Found DM
Value at index 92 differs. Expected DO; Found DM
Value at index 93 differs. Expected DP; Found DM
Value at index 94 differs. Expected DQ; Found DM
Value at index 95 differs. Expected DR; Found DM
Value at index 96 differs. Expected DS; Found DM
Value at index 97 differs. Expected DT; Found DM
Value at index 98 differs. Expected DU; Found DM
Value at index 99 differs. Expected DV; Found DM
Value at index 100 differs. Expected DW; Found DM
Value at index 101 differs. Expected DX; Found DM
Value at index 102 differs. Expected DY; Found DM
Value at index 103 differs. Expected DZ; Found DM
Value at index 104 differs. Expected EA; Found DM
Value at index 105 differs. Expected EB; Found DM
Value at index 106 differs. Expected EC; Found DM
Value at index 107 differs. Expected ED; Found DM
Value at index 108 differs. Expected EE; Found DM
Value at index 109 differs. Expected EF; Found DM
Value at index 110 differs. Expected EG; Found DM
Value at index 111 differs. Expected EH; Found DM
Value at index 112 differs. Expected EI; Found DM
Value at index 113 differs. Expected EJ; Found DM
Value at index 114 differs. Expected EK; Found DM
Value at index 115 differs. Expected EL; Found DM
Value at index 116 differs. Expected EM; Found DM
Value at index 117 differs. Expected EN; Found DM
Value at index 118 differs. Expected EO; Found DM
Value at index 119 differs. Expected EP; Found DM
Value at index 120 differs. Expected EQ; Found DM
Value at index 121 differs. Expected ER; Found DM
Value at index 122 differs. Expected ES; Found DM
Value at index 123 differs. Expected ET; Found DM
Value at index 124 differs. Expected EU; Found DM
Value at index 125 differs. Expected EV; Found DM
Value at index 126 differs. Expected EW; Found DM
Value at index 127 differs. Expected EX; Found DM
Value at index 128 differs. Expected EY; Found DM
Value at index 129 differs. Expected EZ; Found DM
Value at index 130 differs. Expected FA; Found DM
Value at index 131 differs. Expected FB; Found DM
Value at index 132 differs. Expected FC; Found DM
Value at index 133 differs. Expected FD; Found DM
Value at index 134 differs. Expected FE; Found DM
Value at index 135 differs. Expected FF; Found DM
Value at index 136 differs. Expected FG; Found DM
Value at index 137 differs. Expected FH; Found DM
Value at index 138 differs. Expected FI; Found DM
Value at index 139 differs. Expected FJ; Found DM
Value at index 140 differs. Expected FK; Found DM
Value at index 141 differs. Expected FL; Found DM
Value at index 142 differs. Expected FM; Found DM
Value at index 143 differs. Expected FN; Found DM
Value at index 144 differs. Expected FO; Found DM
Value at index 145 differs. Expected FP; Found DM
Value at index 146 differs. Expected FQ; Found DM
Value at index 147 differs. Expected FR; Found DM
Value at index 149 differs. Expected FT; Found FS

