Invalid read count. Expected: 47; Found: 121
Invalid write count. Expected: 24; Found: 31
Value at index 0 differs. Expected A; Found G
Value at index 1 differs. Expected B; Found A
Value at index 2 differs. Expected C; Found B

Invalid read count. Expected: 9 424; Found: 27 898
Invalid write count. Expected: 4 712; Found: 5 548
Value at index 0 differs. Expected AA; Found EE
Value at index 25 differs. Expected AZ; Found BA
Value at index 26 differs. Expected BA; Found BB
Value at index 27 differs. Expected BB; Found BC
Value at index 28 differs. Expected BC; Found BD
Value at index 29 differs. Expected BD; Found BE
Value at index 30 differs. Expected BE; Found BF
Value at index 31 differs. Expected BF; Found BG
Value at index 32 differs. Expected BG; Found BH
Value at index 33 differs. Expected BH; Found BI
Value at index 34 differs. Expected BI; Found BJ
Value at index 35 differs. Expected BJ; Found BK
Value at index 36 differs. Expected BK; Found BN
Value at index 37 differs. Expected BL; Found BO
Value at index 38 differs. Expected BM; Found BP
Value at index 39 differs. Expected BN; Found BQ
Value at index 40 differs. Expected BO; Found BR
Value at index 41 differs. Expected BP; Found BS
Value at index 42 differs. Expected BQ; Found BT
Value at index 43 differs. Expected BR; Found BU
Value at index 44 differs. Expected BS; Found BV
Value at index 45 differs. Expected BT; Found BX
Value at index 46 differs. Expected BU; Found BY
Value at index 47 differs. Expected BV; Found BZ
Value at index 48 differs. Expected BW; Found CA
Value at index 49 differs. Expected BX; Found CB
Value at index 50 differs. Expected BY; Found CC
Value at index 51 differs. Expected BZ; Found CD
Value at index 52 differs. Expected CA; Found CE
Value at index 53 differs. Expected CB; Found CF
Value at index 54 differs. Expected CC; Found CG
Value at index 55 differs. Expected CD; Found CH
Value at index 56 differs. Expected CE; Found CI
Value at index 57 differs. Expected CF; Found CJ
Value at index 58 differs. Expected CG; Found CK
Value at index 59 differs. Expected CH; Found CM
Value at index 60 differs. Expected CI; Found CN
Value at index 61 differs. Expected CJ; Found CO
Value at index 62 differs. Expected CK; Found CR
Value at index 63 differs. Expected CL; Found CS
Value at index 64 differs. Expected CM; Found CT
Value at index 65 differs. Expected CN; Found CU
Value at index 66 differs. Expected CO; Found CV
Value at index 67 differs. Expected CP; Found CW
Value at index 68 differs. Expected CQ; Found CX
Value at index 69 differs. Expected CR; Found CY
Value at index 70 differs. Expected CS; Found CZ
Value at index 71 differs. Expected CT; Found DA
Value at index 72 differs. Expected CU; Found DB
Value at index 73 differs. Expected CV; Found DC
Value at index 74 differs. Expected CW; Found DD
Value at index 75 differs. Expected CX; Found DE
Value at index 76 differs. Expected CY; Found DF
Value at index 77 differs. Expected CZ; Found DH
Value at index 78 differs. Expected DA; Found DJ
Value at index 79 differs. Expected DB; Found DK
Value at index 80 differs. Expected DC; Found DL
Value at index 81 differs. Expected DD; Found DM
Value at index 82 differs. Expected DE; Found DN
Value at index 83 differs. Expected DF; Found DO
Value at index 84 differs. Expected DG; Found DP
Value at index 85 differs. Expected DH; Found DQ
Value at index 86 differs. Expected DI; Found DR
Value at index 87 differs. Expected DJ; Found DS
Value at index 88 differs. Expected DK; Found DT
Value at index 89 differs. Expected DL; Found DU
Value at index 90 differs. Expected DM; Found DV
Value at index 91 differs. Expected DN; Found DW
Value at index 92 differs. Expected DO; Found DX
Value at index 93 differs. Expected DP; Found DY
Value at index 94 differs. Expected DQ; Found DZ
Value at index 95 differs. Expected DR; Found EA
Value at index 96 differs. Expected DS; Found EB
Value at index 97 differs. Expected DT; Found ED
Value at index 98 differs. Expected DU; Found EE
Value at index 99 differs. Expected DV; Found EF
Value at index 100 differs. Expected DW; Found EG
Value at index 101 differs. Expected DX; Found EH
Value at index 102 differs. Expected DY; Found EI
Value at index 103 differs. Expected DZ; Found EJ
Value at index 104 differs. Expected EA; Found EK
Value at index 105 differs. Expected EB; Found EL
Value at index 106 differs. Expected EC; Found EN
Value at index 107 differs. Expected ED; Found EO
Value at index 108 differs. Expected EE; Found EP
Value at index 109 differs. Expected EF; Found EQ
Value at index 110 differs. Expected EG; Found ER
Value at index 111 differs. Expected EH; Found ET
Value at index 112 differs. Expected EI; Found EU
Value at index 113 differs. Expected EJ; Found EV
Value at index 114 differs. Expected EK; Found EW
Value at index 115 differs. Expected EL; Found EX
Value at index 116 differs. Expected EM; Found EY
Value at index 117 differs. Expected EN; Found EZ
Value at index 118 differs. Expected EO; Found FA
Value at index 119 differs. Expected EP; Found FB
Value at index 120 differs. Expected EQ; Found FC
Value at index 121 differs. Expected ER; Found FD
Value at index 122 differs. Expected ES; Found FE
Value at index 123 differs. Expected ET; Found FG
Value at index 124 differs. Expected EU; Found FH
Value at index 125 differs. Expected EV; Found FJ
Value at index 126 differs. Expected EW; Found FK
Value at index 127 differs. Expected EX; Found FL
Value at index 128 differs. Expected EY; Found FM
Value at index 129 differs. Expected EZ; Found FO
Value at index 130 differs. Expected FA; Found FP
Value at index 131 differs. Expected FB; Found FQ
Value at index 132 differs. Expected FC; Found FR
Value at index 133 differs. Expected FD; Found FS
Value at index 134 differs. Expected FE; Found FT
Value at index 136 differs. Expected FG; Found FN
Value at index 137 differs. Expected FH; Found FN
Value at index 138 differs. Expected FI; Found FN
Value at index 139 differs. Expected FJ; Found FN
Value at index 140 differs. Expected FK; Found FN
Value at index 141 differs. Expected FL; Found FN
Value at index 142 differs. Expected FM; Found FN
Value at index 144 differs. Expected FO; Found FT
Value at index 145 differs. Expected FP; Found FT
Value at index 146 differs. Expected FQ; Found FT
Value at index 147 differs. Expected FR; Found FT
Value at index 148 differs. Expected FS; Found FT

