Invalid read count. Expected: 44; Found: 49
Invalid write count. Expected: 22; Found: 27
Value at index 0 differs. Expected A; Found H
Value at index 1 differs. Expected B; Found D
Value at index 2 differs. Expected C; Found H
Value at index 3 differs. Expected D; Found H
Value at index 4 differs. Expected E; Found H
Value at index 5 differs. Expected F; Found H
Value at index 6 differs. Expected G; Found H
Value at index 8 differs. Expected I; Found D

Invalid read count. Expected: 8 668; Found: 9 742
Invalid write count. Expected: 4 334; Found: 4 903
Value at index 0 differs. Expected AA; Found ER
Value at index 1 differs. Expected AB; Found DM
Value at index 2 differs. Expected AC; Found ER
Value at index 3 differs. Expected AD; Found ER
Value at index 4 differs. Expected AE; Found ER
Value at index 5 differs. Expected AF; Found ER
Value at index 6 differs. Expected AG; Found ER
Value at index 7 differs. Expected AH; Found ER
Value at index 8 differs. Expected AI; Found ER
Value at index 9 differs. Expected AJ; Found ER
Value at index 10 differs. Expected AK; Found ER
Value at index 11 differs. Expected AL; Found ER
Value at index 12 differs. Expected AM; Found ER
Value at index 13 differs. Expected AN; Found ER
Value at index 14 differs. Expected AO; Found ER
Value at index 15 differs. Expected AP; Found ER
Value at index 16 differs. Expected AQ; Found ER
Value at index 17 differs. Expected AR; Found ER
Value at index 18 differs. Expected AS; Found ER
Value at index 19 differs. Expected AT; Found ER
Value at index 20 differs. Expected AU; Found ER
Value at index 21 differs. Expected AV; Found ER
Value at index 22 differs. Expected AW; Found ER
Value at index 23 differs. Expected AX; Found ER
Value at index 24 differs. Expected AY; Found ER
Value at index 25 differs. Expected AZ; Found ER
Value at index 26 differs. Expected BA; Found ER
Value at index 27 differs. Expected BB; Found ER
Value at index 28 differs. Expected BC; Found ER
Value at index 29 differs. Expected BD; Found ER
Value at index 30 differs. Expected BE; Found ER
Value at index 31 differs. Expected BF; Found ER
Value at index 32 differs. Expected BG; Found ER
Value at index 33 differs. Expected BH; Found ER
Value at index 34 differs. Expected BI; Found ER
Value at index 35 differs. Expected BJ; Found ER
Value at index 36 differs. Expected BK; Found ER
Value at index 37 differs. Expected BL; Found ER
Value at index 38 differs. Expected BM; Found ER
Value at index 39 differs. Expected BN; Found ER
Value at index 40 differs. Expected BO; Found ER
Value at index 41 differs. Expected BP; Found ER
Value at index 42 differs. Expected BQ; Found ER
Value at index 43 differs. Expected BR; Found ER
Value at index 44 differs. Expected BS; Found ER
Value at index 45 differs. Expected BT; Found ER
Value at index 46 differs. Expected BU; Found ER
Value at index 47 differs. Expected BV; Found ER
Value at index 48 differs. Expected BW; Found ER
Value at index 49 differs. Expected BX; Found ER
Value at index 50 differs. Expected BY; Found ER
Value at index 51 differs. Expected BZ; Found ER
Value at index 52 differs. Expected CA; Found ER
Value at index 53 differs. Expected CB; Found ER
Value at index 54 differs. Expected CC; Found ER
Value at index 55 differs. Expected CD; Found ER
Value at index 56 differs. Expected CE; Found ER
Value at index 57 differs. Expected CF; Found ER
Value at index 58 differs. Expected CG; Found ER
Value at index 59 differs. Expected CH; Found ER
Value at index 60 differs. Expected CI; Found ER
Value at index 61 differs. Expected CJ; Found ER
Value at index 62 differs. Expected CK; Found ER
Value at index 63 differs. Expected CL; Found ER
Value at index 64 differs. Expected CM; Found ER
Value at index 65 differs. Expected CN; Found ER
Value at index 66 differs. Expected CO; Found ER
Value at index 67 differs. Expected CP; Found ER
Value at index 68 differs. Expected CQ; Found ER
Value at index 69 differs. Expected CR; Found ER
Value at index 70 differs. Expected CS; Found ER
Value at index 71 differs. Expected CT; Found ER
Value at index 72 differs. Expected CU; Found ER
Value at index 73 differs. Expected CV; Found ER
Value at index 74 differs. Expected CW; Found ER
Value at index 75 differs. Expected CX; Found ER
Value at index 76 differs. Expected CY; Found ER
Value at index 77 differs. Expected CZ; Found ER
Value at index 78 differs. Expected DA; Found ER
Value at index 79 differs. Expected DB; Found ER
Value at index 80 differs. Expected DC; Found ER
Value at index 81 differs. Expected DD; Found ER
Value at index 82 differs. Expected DE; Found ER
Value at index 83 differs. Expected DF; Found ER
Value at index 84 differs. Expected DG; Found ER
Value at index 85 differs. Expected DH; Found ER
Value at index 86 differs. Expected DI; Found ER
Value at index 87 differs. Expected DJ; Found ER
Value at index 88 differs. Expected DK; Found ER
Value at index 89 differs. Expected DL; Found ER
Value at index 90 differs. Expected DM; Found ER
Value at index 91 differs. Expected DN; Found ER
Value at index 92 differs. Expected DO; Found ER
Value at index 93 differs. Expected DP; Found ER
Value at index 94 differs. Expected DQ; Found ER
Value at index 95 differs. Expected DR; Found ER
Value at index 96 differs. Expected DS; Found ER
Value at index 97 differs. Expected DT; Found ER
Value at index 98 differs. Expected DU; Found ER
Value at index 99 differs. Expected DV; Found ER
Value at index 100 differs. Expected DW; Found ER
Value at index 101 differs. Expected DX; Found ER
Value at index 102 differs. Expected DY; Found ER
Value at index 103 differs. Expected DZ; Found ER
Value at index 104 differs. Expected EA; Found ER
Value at index 105 differs. Expected EB; Found ER
Value at index 106 differs. Expected EC; Found ER
Value at index 107 differs. Expected ED; Found ER
Value at index 108 differs. Expected EE; Found ER
Value at index 109 differs. Expected EF; Found ER
Value at index 110 differs. Expected EG; Found ER
Value at index 111 differs. Expected EH; Found ER
Value at index 112 differs. Expected EI; Found ER
Value at index 113 differs. Expected EJ; Found ER
Value at index 114 differs. Expected EK; Found ER
Value at index 115 differs. Expected EL; Found ER
Value at index 116 differs. Expected EM; Found ER
Value at index 117 differs. Expected EN; Found ER
Value at index 118 differs. Expected EO; Found ER
Value at index 119 differs. Expected EP; Found ER
Value at index 120 differs. Expected EQ; Found ER
Value at index 122 differs. Expected ES; Found ER
Value at index 123 differs. Expected ET; Found ER
Value at index 124 differs. Expected EU; Found ER
Value at index 125 differs. Expected EV; Found ER
Value at index 126 differs. Expected EW; Found ER
Value at index 127 differs. Expected EX; Found ER
Value at index 128 differs. Expected EY; Found ER
Value at index 129 differs. Expected EZ; Found ER
Value at index 130 differs. Expected FA; Found ER
Value at index 131 differs. Expected FB; Found ER
Value at index 132 differs. Expected FC; Found ER
Value at index 133 differs. Expected FD; Found ER
Value at index 134 differs. Expected FE; Found ER
Value at index 135 differs. Expected FF; Found ER
Value at index 136 differs. Expected FG; Found ER
Value at index 137 differs. Expected FH; Found ER
Value at index 138 differs. Expected FI; Found ER
Value at index 139 differs. Expected FJ; Found ER
Value at index 140 differs. Expected FK; Found ER
Value at index 141 differs. Expected FL; Found ER
Value at index 142 differs. Expected FM; Found ER
Value at index 143 differs. Expected FN; Found ER
Value at index 144 differs. Expected FO; Found ER
Value at index 145 differs. Expected FP; Found ER
Value at index 146 differs. Expected FQ; Found ER
Value at index 147 differs. Expected FR; Found ER
Value at index 148 differs. Expected FS; Found DM
Value at index 149 differs. Expected FT; Found FS

