Invalid read count. Expected: 47; Found: 181
Invalid write count. Expected: 24; Found: 73
Value at index 0 differs. Expected A; Found E
Value at index 1 differs. Expected B; Found H
Value at index 2 differs. Expected C; Found I
Value at index 3 differs. Expected D; Found I
Value at index 4 differs. Expected E; Found J
Value at index 5 differs. Expected F; Found J
Value at index 6 differs. Expected G; Found H
Value at index 7 differs. Expected H; Found E
Value at index 8 differs. Expected I; Found G
Value at index 9 differs. Expected J; Found G

Invalid read count. Expected: 9 424; Found: 25 985
Invalid write count. Expected: 4 712; Found: 3 337
Value at index 0 differs. Expected AA; Found AM
Value at index 1 differs. Expected AB; Found ES
Value at index 2 differs. Expected AC; Found DG
Value at index 3 differs. Expected AD; Found DG
Value at index 4 differs. Expected AE; Found DI
Value at index 5 differs. Expected AF; Found DI
Value at index 6 differs. Expected AG; Found EC
Value at index 7 differs. Expected AH; Found EM
Value at index 8 differs. Expected AI; Found EM
Value at index 9 differs. Expected AJ; Found EC
Value at index 10 differs. Expected AK; Found CZ
Value at index 11 differs. Expected AL; Found CZ
Value at index 12 differs. Expected AM; Found EV
Value at index 13 differs. Expected AN; Found FF
Value at index 14 differs. Expected AO; Found FF
Value at index 15 differs. Expected AP; Found FN
Value at index 16 differs. Expected AQ; Found FN
Value at index 17 differs. Expected AR; Found EV
Value at index 18 differs. Expected AS; Found DA
Value at index 19 differs. Expected AT; Found DC
Value at index 20 differs. Expected AU; Found DC
Value at index 21 differs. Expected AV; Found DA
Value at index 22 differs. Expected AW; Found DB
Value at index 23 differs. Expected AX; Found DB
Value at index 24 differs. Expected AY; Found DD
Value at index 25 differs. Expected AZ; Found FI
Value at index 26 differs. Expected BA; Found FI
Value at index 27 differs. Expected BB; Found FT
Value at index 28 differs. Expected BC; Found FT
Value at index 29 differs. Expected BD; Found DD
Value at index 30 differs. Expected BE; Found DE
Value at index 31 differs. Expected BF; Found EH
Value at index 32 differs. Expected BG; Found EX
Value at index 33 differs. Expected BH; Found EX
Value at index 34 differs. Expected BI; Found FQ
Value at index 35 differs. Expected BJ; Found FQ
Value at index 36 differs. Expected BK; Found EH
Value at index 37 differs. Expected BL; Found DE
Value at index 38 differs. Expected BM; Found DF
Value at index 39 differs. Expected BN; Found DF
Value at index 40 differs. Expected BO; Found DH
Value at index 41 differs. Expected BP; Found DH
Value at index 42 differs. Expected BQ; Found FA
Value at index 43 differs. Expected BR; Found FA
Value at index 44 differs. Expected BS; Found DJ
Value at index 45 differs. Expected BT; Found ER
Value at index 46 differs. Expected BU; Found ER
Value at index 47 differs. Expected BV; Found DJ
Value at index 48 differs. Expected BW; Found FJ
Value at index 49 differs. Expected BX; Found FJ
Value at index 50 differs. Expected BY; Found DK
Value at index 51 differs. Expected BZ; Found DL
Value at index 52 differs. Expected CA; Found DL
Value at index 53 differs. Expected CB; Found DM
Value at index 54 differs. Expected CC; Found DM
Value at index 55 differs. Expected CD; Found DN
Value at index 56 differs. Expected CE; Found DN
Value at index 57 differs. Expected CF; Found DO
Value at index 58 differs. Expected CG; Found DO
Value at index 59 differs. Expected CH; Found DP
Value at index 60 differs. Expected CI; Found DP
Value at index 61 differs. Expected CJ; Found EA
Value at index 62 differs. Expected CK; Found EA
Value at index 63 differs. Expected CL; Found EF
Value at index 64 differs. Expected CM; Found FO
Value at index 65 differs. Expected CN; Found FO
Value at index 66 differs. Expected CO; Found EF
Value at index 67 differs. Expected CP; Found DQ
Value at index 68 differs. Expected CQ; Found DQ
Value at index 69 differs. Expected CR; Found FK
Value at index 70 differs. Expected CS; Found FK
Value at index 71 differs. Expected CT; Found DR
Value at index 72 differs. Expected CU; Found DR
Value at index 73 differs. Expected CV; Found DS
Value at index 74 differs. Expected CW; Found DS
Value at index 75 differs. Expected CX; Found FG
Value at index 76 differs. Expected CY; Found FG
Value at index 77 differs. Expected CZ; Found DX
Value at index 78 differs. Expected DA; Found DX
Value at index 79 differs. Expected DB; Found DT
Value at index 80 differs. Expected DC; Found DT
Value at index 81 differs. Expected DD; Found DV
Value at index 82 differs. Expected DE; Found DV
Value at index 83 differs. Expected DF; Found DW
Value at index 84 differs. Expected DG; Found DW
Value at index 85 differs. Expected DH; Found DY
Value at index 86 differs. Expected DI; Found DY
Value at index 87 differs. Expected DJ; Found EZ
Value at index 88 differs. Expected DK; Found EZ
Value at index 89 differs. Expected DL; Found DZ
Value at index 90 differs. Expected DM; Found DZ
Value at index 91 differs. Expected DN; Found EB
Value at index 92 differs. Expected DO; Found FB
Value at index 93 differs. Expected DP; Found FB
Value at index 94 differs. Expected DQ; Found EB
Value at index 95 differs. Expected DR; Found ED
Value at index 96 differs. Expected DS; Found ED
Value at index 97 differs. Expected DT; Found EG
Value at index 98 differs. Expected DU; Found EG
Value at index 99 differs. Expected DV; Found EJ
Value at index 100 differs. Expected DW; Found EJ
Value at index 101 differs. Expected DX; Found EK
Value at index 102 differs. Expected DY; Found EL
Value at index 103 differs. Expected DZ; Found FL
Value at index 104 differs. Expected EA; Found FL
Value at index 105 differs. Expected EB; Found EL
Value at index 106 differs. Expected EC; Found EW
Value at index 107 differs. Expected ED; Found EW
Value at index 108 differs. Expected EE; Found EK
Value at index 109 differs. Expected EF; Found EN
Value at index 110 differs. Expected EG; Found EN
Value at index 111 differs. Expected EH; Found FP
Value at index 112 differs. Expected EI; Found FP
Value at index 113 differs. Expected EJ; Found EO
Value at index 114 differs. Expected EK; Found EO
Value at index 115 differs. Expected EL; Found EP
Value at index 116 differs. Expected EM; Found EP
Value at index 117 differs. Expected EN; Found EQ
Value at index 118 differs. Expected EO; Found EQ
Value at index 119 differs. Expected EP; Found ET
Value at index 120 differs. Expected EQ; Found ET
Value at index 121 differs. Expected ER; Found FS
Value at index 122 differs. Expected ES; Found FS
Value at index 123 differs. Expected ET; Found EU
Value at index 125 differs. Expected EV; Found DK
Value at index 126 differs. Expected EW; Found DU
Value at index 127 differs. Expected EX; Found DU
Value at index 129 differs. Expected EZ; Found FC
Value at index 130 differs. Expected FA; Found FC
Value at index 131 differs. Expected FB; Found FD
Value at index 132 differs. Expected FC; Found FD
Value at index 133 differs. Expected FD; Found FE
Value at index 135 differs. Expected FF; Found EY
Value at index 136 differs. Expected FG; Found FH
Value at index 138 differs. Expected FI; Found CG
Value at index 139 differs. Expected FJ; Found FM
Value at index 140 differs. Expected FK; Found FR
Value at index 141 differs. Expected FL; Found FR
Value at index 143 differs. Expected FN; Found CG
Value at index 144 differs. Expected FO; Found EI
Value at index 145 differs. Expected FP; Found EI
Value at index 146 differs. Expected FQ; Found CM
Value at index 147 differs. Expected FR; Found CM
Value at index 148 differs. Expected FS; Found EE
Value at index 149 differs. Expected FT; Found EE

