Invalid read count. Expected: 47; Found: 131
Invalid write count. Expected: 24; Found: 41
Value at index 0 differs. Expected A; Found H
Value at index 1 differs. Expected B; Found A
Value at index 2 differs. Expected C; Found B
Value at index 3 differs. Expected D; Found F
Value at index 4 differs. Expected E; Found G
Value at index 5 differs. Expected F; Found E
Value at index 6 differs. Expected G; Found D
Value at index 7 differs. Expected H; Found D
Value at index 8 differs. Expected I; Found E
Value at index 9 differs. Expected J; Found G

Invalid read count. Expected: 9 424; Found: 23 215
Invalid write count. Expected: 4 712; Found: 865
Value at index 0 differs. Expected AA; Found EE
Value at index 1 differs. Expected AB; Found BL
Value at index 2 differs. Expected AC; Found BL
Value at index 3 differs. Expected AD; Found AE
Value at index 5 differs. Expected AF; Found BW
Value at index 6 differs. Expected AG; Found BU
Value at index 7 differs. Expected AH; Found BU
Value at index 8 differs. Expected AI; Found BT
Value at index 9 differs. Expected AJ; Found BM
Value at index 10 differs. Expected AK; Found AL
Value at index 12 differs. Expected AM; Found AZ
Value at index 13 differs. Expected AN; Found AZ
Value at index 14 differs. Expected AO; Found BM
Value at index 15 differs. Expected AP; Found BA
Value at index 16 differs. Expected AQ; Found AY
Value at index 17 differs. Expected AR; Found AS
Value at index 19 differs. Expected AT; Found AW
Value at index 20 differs. Expected AU; Found AV
Value at index 23 differs. Expected AX; Found AY
Value at index 24 differs. Expected AY; Found AN
Value at index 25 differs. Expected AZ; Found AN
Value at index 27 differs. Expected BB; Found BT
Value at index 28 differs. Expected BC; Found BD
Value at index 30 differs. Expected BE; Found BF
Value at index 32 differs. Expected BG; Found BN
Value at index 33 differs. Expected BH; Found BB
Value at index 34 differs. Expected BI; Found BB
Value at index 35 differs. Expected BJ; Found AP
Value at index 36 differs. Expected BK; Found AD
Value at index 37 differs. Expected BL; Found AD
Value at index 38 differs. Expected BM; Found AP
Value at index 40 differs. Expected BO; Found BE
Value at index 41 differs. Expected BP; Found BE
Value at index 42 differs. Expected BQ; Found BS
Value at index 43 differs. Expected BR; Found BS
Value at index 44 differs. Expected BS; Found BG
Value at index 45 differs. Expected BT; Found BG
Value at index 46 differs. Expected BU; Found BV
Value at index 48 differs. Expected BW; Found CB
Value at index 49 differs. Expected BX; Found CA
Value at index 50 differs. Expected BY; Found BZ
Value at index 53 differs. Expected CB; Found AT
Value at index 54 differs. Expected CC; Found AT
Value at index 55 differs. Expected CD; Found AB
Value at index 56 differs. Expected CE; Found AB
Value at index 58 differs. Expected CG; Found CH
Value at index 60 differs. Expected CI; Found AX
Value at index 61 differs. Expected CJ; Found AX
Value at index 62 differs. Expected CK; Found AH
Value at index 63 differs. Expected CL; Found AH
Value at index 64 differs. Expected CM; Found CV
Value at index 65 differs. Expected CN; Found CR
Value at index 66 differs. Expected CO; Found CE
Value at index 67 differs. Expected CP; Found CE
Value at index 68 differs. Expected CQ; Found CR
Value at index 69 differs. Expected CR; Found CO
Value at index 70 differs. Expected CS; Found CO
Value at index 71 differs. Expected CT; Found AI
Value at index 72 differs. Expected CU; Found AI
Value at index 74 differs. Expected CW; Found AQ
Value at index 75 differs. Expected CX; Found AQ
Value at index 76 differs. Expected CY; Found CZ
Value at index 78 differs. Expected DA; Found BQ
Value at index 79 differs. Expected DB; Found BQ
Value at index 80 differs. Expected DC; Found AK
Value at index 81 differs. Expected DD; Found AK
Value at index 82 differs. Expected DE; Found DB
Value at index 83 differs. Expected DF; Found AF
Value at index 84 differs. Expected DG; Found AF
Value at index 85 differs. Expected DH; Found AG
Value at index 86 differs. Expected DI; Found AG
Value at index 88 differs. Expected DK; Found DL
Value at index 90 differs. Expected DM; Found AU
Value at index 91 differs. Expected DN; Found AU
Value at index 93 differs. Expected DP; Found DQ
Value at index 98 differs. Expected DU; Found DV
Value at index 100 differs. Expected DW; Found AR
Value at index 101 differs. Expected DX; Found AR
Value at index 102 differs. Expected DY; Found CU
Value at index 103 differs. Expected DZ; Found CU
Value at index 104 differs. Expected EA; Found EB
Value at index 105 differs. Expected EB; Found DZ
Value at index 106 differs. Expected EC; Found DZ
Value at index 107 differs. Expected ED; Found BC
Value at index 108 differs. Expected EE; Found BC
Value at index 109 differs. Expected EF; Found DU
Value at index 110 differs. Expected EG; Found BK
Value at index 111 differs. Expected EH; Found BK
Value at index 112 differs. Expected EI; Found BP
Value at index 113 differs. Expected EJ; Found BP
Value at index 114 differs. Expected EK; Found AJ
Value at index 115 differs. Expected EL; Found AJ
Value at index 116 differs. Expected EM; Found DU
Value at index 117 differs. Expected EN; Found DN
Value at index 118 differs. Expected EO; Found DN
Value at index 119 differs. Expected EP; Found DK
Value at index 120 differs. Expected EQ; Found DK
Value at index 121 differs. Expected ER; Found DA
Value at index 122 differs. Expected ES; Found DA
Value at index 123 differs. Expected ET; Found BR
Value at index 124 differs. Expected EU; Found BR
Value at index 125 differs. Expected EV; Found BH
Value at index 126 differs. Expected EW; Found BH
Value at index 127 differs. Expected EX; Found AO
Value at index 128 differs. Expected EY; Found AO
Value at index 129 differs. Expected EZ; Found CY
Value at index 130 differs. Expected FA; Found AC
Value at index 131 differs. Expected FB; Found AC
Value at index 132 differs. Expected FC; Found CY
Value at index 133 differs. Expected FD; Found CM
Value at index 134 differs. Expected FE; Found CM
Value at index 135 differs. Expected FF; Found BX
Value at index 136 differs. Expected FG; Found BX
Value at index 137 differs. Expected FH; Found BI
Value at index 138 differs. Expected FI; Found BI
Value at index 139 differs. Expected FJ; Found BJ
Value at index 140 differs. Expected FK; Found BJ
Value at index 141 differs. Expected FL; Found CG
Value at index 142 differs. Expected FM; Found BO
Value at index 143 differs. Expected FN; Found BO
Value at index 144 differs. Expected FO; Found CG
Value at index 145 differs. Expected FP; Found BY
Value at index 146 differs. Expected FQ; Found BY
Value at index 147 differs. Expected FR; Found AM
Value at index 148 differs. Expected FS; Found AM
Value at index 149 differs. Expected FT; Found EE

