Invalid read count. Expected: 44; Found: 0
Invalid write count. Expected: 22; Found: 0
Value at index 1 differs. Expected B; Found D
Value at index 2 differs. Expected C; Found B
Value at index 3 differs. Expected D; Found F
Value at index 4 differs. Expected E; Found J
Value at index 5 differs. Expected F; Found C
Value at index 7 differs. Expected H; Found I
Value at index 8 differs. Expected I; Found H
Value at index 9 differs. Expected J; Found E

Invalid read count. Expected: 8 936; Found: 0
Invalid write count. Expected: 4 469; Found: 0
Value at index 0 differs. Expected AA; Found CZ
Value at index 2 differs. Expected AC; Found BE
Value at index 3 differs. Expected AD; Found DQ
Value at index 4 differs. Expected AE; Found AG
Value at index 5 differs. Expected AF; Found FE
Value at index 6 differs. Expected AG; Found BO
Value at index 8 differs. Expected AI; Found FA
Value at index 10 differs. Expected AK; Found DJ
Value at index 12 differs. Expected AM; Found BV
Value at index 13 differs. Expected AN; Found EH
Value at index 15 differs. Expected AP; Found BK
Value at index 16 differs. Expected AQ; Found BS
Value at index 17 differs. Expected AR; Found DR
Value at index 18 differs. Expected AS; Found EV
Value at index 20 differs. Expected AU; Found DC
Value at index 21 differs. Expected AV; Found CJ
Value at index 23 differs. Expected AX; Found ED
Value at index 25 differs. Expected AZ; Found AX
Value at index 26 differs. Expected BA; Found EP
Value at index 29 differs. Expected BD; Found FQ
Value at index 30 differs. Expected BE; Found AK
Value at index 33 differs. Expected BH; Found FJ
Value at index 34 differs. Expected BI; Found CB
Value at index 36 differs. Expected BK; Found DI
Value at index 37 differs. Expected BL; Found BP
Value at index 38 differs. Expected BM; Found DD
Value at index 39 differs. Expected BN; Found FR
Value at index 40 differs. Expected BO; Found AU
Value at index 41 differs. Expected BP; Found FT
Value at index 42 differs. Expected BQ; Found BT
Value at index 43 differs. Expected BR; Found DO
Value at index 44 differs. Expected BS; Found AQ
Value at index 45 differs. Expected BT; Found DF
Value at index 46 differs. Expected BU; Found FG
Value at index 47 differs. Expected BV; Found CR
Value at index 48 differs. Expected BW; Found CU
Value at index 52 differs. Expected CA; Found AP
Value at index 53 differs. Expected CB; Found DG
Value at index 55 differs. Expected CD; Found ER
Value at index 57 differs. Expected CF; Found EC
Value at index 58 differs. Expected CG; Found DW
Value at index 59 differs. Expected CH; Found BL
Value at index 60 differs. Expected CI; Found CQ
Value at index 61 differs. Expected CJ; Found BR
Value at index 63 differs. Expected CL; Found BU
Value at index 64 differs. Expected CM; Found DY
Value at index 66 differs. Expected CO; Found AV
Value at index 67 differs. Expected CP; Found EO
Value at index 68 differs. Expected CQ; Found CI
Value at index 69 differs. Expected CR; Found AZ
Value at index 70 differs. Expected CS; Found FB
Value at index 72 differs. Expected CU; Found BW
Value at index 74 differs. Expected CW; Found DV
Value at index 76 differs. Expected CY; Found CW
Value at index 77 differs. Expected CZ; Found BI
Value at index 79 differs. Expected DB; Found DP
Value at index 80 differs. Expected DC; Found DH
Value at index 81 differs. Expected DD; Found BM
Value at index 83 differs. Expected DF; Found EW
Value at index 84 differs. Expected DG; Found AA
Value at index 85 differs. Expected DH; Found DM
Value at index 86 differs. Expected DI; Found EI
Value at index 87 differs. Expected DJ; Found FI
Value at index 88 differs. Expected DK; Found EA
Value at index 90 differs. Expected DM; Found AE
Value at index 91 differs. Expected DN; Found BN
Value at index 92 differs. Expected DO; Found EK
Value at index 93 differs. Expected DP; Found FK
Value at index 94 differs. Expected DQ; Found AD
Value at index 95 differs. Expected DR; Found AR
Value at index 99 differs. Expected DV; Found CM
Value at index 100 differs. Expected DW; Found DZ
Value at index 102 differs. Expected DY; Found BD
Value at index 103 differs. Expected DZ; Found CG
Value at index 104 differs. Expected EA; Found AC
Value at index 105 differs. Expected EB; Found DN
Value at index 106 differs. Expected EC; Found CF
Value at index 107 differs. Expected ED; Found AS
Value at index 111 differs. Expected EH; Found AN
Value at index 112 differs. Expected EI; Found CA
Value at index 113 differs. Expected EJ; Found EX
Value at index 114 differs. Expected EK; Found FS
Value at index 118 differs. Expected EO; Found CP
Value at index 119 differs. Expected EP; Found AF
Value at index 121 differs. Expected ER; Found CD
Value at index 122 differs. Expected ES; Found EY
Value at index 125 differs. Expected EV; Found AM
Value at index 126 differs. Expected EW; Found BQ
Value at index 127 differs. Expected EX; Found EJ
Value at index 128 differs. Expected EY; Found DK
Value at index 130 differs. Expected FA; Found AI
Value at index 131 differs. Expected FB; Found FC
Value at index 132 differs. Expected FC; Found CS
Value at index 133 differs. Expected FD; Found BA
Value at index 134 differs. Expected FE; Found FD
Value at index 135 differs. Expected FF; Found DB
Value at index 136 differs. Expected FG; Found CL
Value at index 138 differs. Expected FI; Found ES
Value at index 139 differs. Expected FJ; Found BH
Value at index 140 differs. Expected FK; Found FF
Value at index 146 differs. Expected FQ; Found CY
Value at index 147 differs. Expected FR; Found EB
Value at index 148 differs. Expected FS; Found CO
Value at index 149 differs. Expected FT; Found CH

