Invalid read count. Expected: 47; Found: 161
Invalid write count. Expected: 24; Found: 53
Value at index 0 differs. Expected A; Found G
Value at index 1 differs. Expected B; Found I
Value at index 2 differs. Expected C; Found J
Value at index 3 differs. Expected D; Found A
Value at index 4 differs. Expected E; Found H
Value at index 5 differs. Expected F; Found D
Value at index 6 differs. Expected G; Found A
Value at index 7 differs. Expected H; Found E
Value at index 8 differs. Expected I; Found A
Value at index 9 differs. Expected J; Found G

Invalid read count. Expected: 9 424; Found: 39 085
Invalid write count. Expected: 4 712; Found: 16 436
Value at index 0 differs. Expected AA; Found CI
Value at index 1 differs. Expected AB; Found CN
Value at index 2 differs. Expected AC; Found AE
Value at index 3 differs. Expected AD; Found AH
Value at index 4 differs. Expected AE; Found EA
Value at index 5 differs. Expected AF; Found FO
Value at index 6 differs. Expected AG; Found AE
Value at index 7 differs. Expected AH; Found EF
Value at index 8 differs. Expected AI; Found AM
Value at index 9 differs. Expected AJ; Found CE
Value at index 10 differs. Expected AK; Found DP
Value at index 11 differs. Expected AL; Found BA
Value at index 12 differs. Expected AM; Found AX
Value at index 13 differs. Expected AN; Found CR
Value at index 14 differs. Expected AO; Found BA
Value at index 15 differs. Expected AP; Found FK
Value at index 16 differs. Expected AQ; Found CO
Value at index 17 differs. Expected AR; Found AD
Value at index 18 differs. Expected AS; Found CV
Value at index 19 differs. Expected AT; Found CW
Value at index 20 differs. Expected AU; Found AD
Value at index 21 differs. Expected AV; Found AQ
Value at index 22 differs. Expected AW; Found FG
Value at index 23 differs. Expected AX; Found CZ
Value at index 24 differs. Expected AY; Found DX
Value at index 25 differs. Expected AZ; Found DH
Value at index 26 differs. Expected BA; Found BQ
Value at index 27 differs. Expected BB; Found AE
Value at index 28 differs. Expected BC; Found AK
Value at index 29 differs. Expected BD; Found AF
Value at index 30 differs. Expected BE; Found DE
Value at index 31 differs. Expected BF; Found DF
Value at index 32 differs. Expected BG; Found AD
Value at index 33 differs. Expected BH; Found AF
Value at index 34 differs. Expected BI; Found DB
Value at index 35 differs. Expected BJ; Found AG
Value at index 36 differs. Expected BK; Found AD
Value at index 37 differs. Expected BL; Found DJ
Value at index 38 differs. Expected BM; Found EZ
Value at index 39 differs. Expected BN; Found DL
Value at index 40 differs. Expected BO; Found DM
Value at index 41 differs. Expected BP; Found DL
Value at index 42 differs. Expected BQ; Found AU
Value at index 43 differs. Expected BR; Found DO
Value at index 44 differs. Expected BS; Found AD
Value at index 45 differs. Expected BT; Found FB
Value at index 46 differs. Expected BU; Found AE
Value at index 47 differs. Expected BV; Found DQ
Value at index 48 differs. Expected BW; Found AB
Value at index 49 differs. Expected BX; Found DR
Value at index 50 differs. Expected BY; Found AD
Value at index 51 differs. Expected BZ; Found DS
Value at index 52 differs. Expected CA; Found AD
Value at index 53 differs. Expected CB; Found DT
Value at index 54 differs. Expected CC; Found DS
Value at index 55 differs. Expected CD; Found ED
Value at index 56 differs. Expected CE; Found BE
Value at index 57 differs. Expected CF; Found DV
Value at index 58 differs. Expected CG; Found DT
Value at index 59 differs. Expected CH; Found DW
Value at index 60 differs. Expected CI; Found DT
Value at index 61 differs. Expected CJ; Found AR
Value at index 62 differs. Expected CK; Found AB
Value at index 63 differs. Expected CL; Found DY
Value at index 64 differs. Expected CM; Found AB
Value at index 65 differs. Expected CN; Found CU
Value at index 66 differs. Expected CO; Found CA
Value at index 67 differs. Expected CP; Found FL
Value at index 68 differs. Expected CQ; Found EB
Value at index 69 differs. Expected CR; Found AE
Value at index 70 differs. Expected CS; Found EL
Value at index 71 differs. Expected CT; Found AE
Value at index 72 differs. Expected CU; Found EW
Value at index 73 differs. Expected CV; Found AD
Value at index 74 differs. Expected CW; Found BC
Value at index 75 differs. Expected CX; Found AD
Value at index 76 differs. Expected CY; Found AB
Value at index 77 differs. Expected CZ; Found EK
Value at index 78 differs. Expected DA; Found AB
Value at index 79 differs. Expected DB; Found EG
Value at index 80 differs. Expected DC; Found AB
Value at index 81 differs. Expected DD; Found BK
Value at index 82 differs. Expected DE; Found FP
Value at index 83 differs. Expected DF; Found AB
Value at index 84 differs. Expected DG; Found EJ
Value at index 85 differs. Expected DH; Found BK
Value at index 86 differs. Expected DI; Found BP
Value at index 87 differs. Expected DJ; Found AB
Value at index 88 differs. Expected DK; Found AJ
Value at index 89 differs. Expected DL; Found AD
Value at index 90 differs. Expected DM; Found DZ
Value at index 91 differs. Expected DN; Found EN
Value at index 92 differs. Expected DO; Found DZ
Value at index 93 differs. Expected DP; Found EO
Value at index 94 differs. Expected DQ; Found EN
Value at index 95 differs. Expected DR; Found EP
Value at index 96 differs. Expected DS; Found EO
Value at index 97 differs. Expected DT; Found ET
Value at index 98 differs. Expected DU; Found DM
Value at index 99 differs. Expected DV; Found DN
Value at index 100 differs. Expected DW; Found EP
Value at index 101 differs. Expected DX; Found FS
Value at index 102 differs. Expected DY; Found EQ
Value at index 103 differs. Expected DZ; Found AE
Value at index 104 differs. Expected EA; Found EU
Value at index 105 differs. Expected EB; Found AT
Value at index 106 differs. Expected EC; Found DA
Value at index 107 differs. Expected ED; Found AB
Value at index 108 differs. Expected EE; Found BR
Value at index 109 differs. Expected EF; Found AD
Value at index 110 differs. Expected EG; Found AC
Value at index 111 differs. Expected EH; Found BH
Value at index 112 differs. Expected EI; Found AO
Value at index 113 differs. Expected EJ; Found DK
Value at index 114 differs. Expected EK; Found AB
Value at index 115 differs. Expected EL; Found DU
Value at index 116 differs. Expected EM; Found AC
Value at index 117 differs. Expected EN; Found AB
Value at index 118 differs. Expected EO; Found FC
Value at index 119 differs. Expected EP; Found BB
Value at index 120 differs. Expected EQ; Found FD
Value at index 121 differs. Expected ER; Found AB
Value at index 122 differs. Expected ES; Found FE
Value at index 123 differs. Expected ET; Found AE
Value at index 124 differs. Expected EU; Found EY
Value at index 125 differs. Expected EV; Found CY
Value at index 126 differs. Expected EW; Found FH
Value at index 127 differs. Expected EX; Found AE
Value at index 128 differs. Expected EY; Found BI
Value at index 129 differs. Expected EZ; Found AN
Value at index 130 differs. Expected FA; Found BX
Value at index 131 differs. Expected FB; Found AD
Value at index 132 differs. Expected FC; Found BJ
Value at index 133 differs. Expected FD; Found AE
Value at index 134 differs. Expected FE; Found FR
Value at index 135 differs. Expected FF; Found AC
Value at index 136 differs. Expected FG; Found FM
Value at index 137 differs. Expected FH; Found AD
Value at index 138 differs. Expected FI; Found BO
Value at index 139 differs. Expected FJ; Found AB
Value at index 140 differs. Expected FK; Found CG
Value at index 141 differs. Expected FL; Found AC
Value at index 142 differs. Expected FM; Found EI
Value at index 143 differs. Expected FN; Found BY
Value at index 144 differs. Expected FO; Found AB
Value at index 145 differs. Expected FP; Found CM
Value at index 146 differs. Expected FQ; Found AM
Value at index 147 differs. Expected FR; Found EE
Value at index 148 differs. Expected FS; Found AI
Value at index 149 differs. Expected FT; Found AE

