Invalid read count. Expected: 47; Found: 149
Invalid write count. Expected: 24; Found: 69
Value at index 0 differs. Expected A; Found G
Value at index 1 differs. Expected B; Found G
Value at index 2 differs. Expected C; Found G
Value at index 3 differs. Expected D; Found G
Value at index 4 differs. Expected E; Found G
Value at index 5 differs. Expected F; Found G
Value at index 7 differs. Expected H; Found B
Value at index 8 differs. Expected I; Found G
Value at index 9 differs. Expected J; Found B

Invalid read count. Expected: 9 424; Found: 34 067
Invalid write count. Expected: 4 712; Found: 16 958
Value at index 0 differs. Expected AA; Found EE
Value at index 1 differs. Expected AB; Found EE
Value at index 2 differs. Expected AC; Found EE
Value at index 3 differs. Expected AD; Found EE
Value at index 4 differs. Expected AE; Found EE
Value at index 5 differs. Expected AF; Found EE
Value at index 6 differs. Expected AG; Found EE
Value at index 7 differs. Expected AH; Found EE
Value at index 8 differs. Expected AI; Found EE
Value at index 9 differs. Expected AJ; Found EE
Value at index 10 differs. Expected AK; Found EE
Value at index 11 differs. Expected AL; Found EE
Value at index 12 differs. Expected AM; Found EE
Value at index 13 differs. Expected AN; Found EE
Value at index 14 differs. Expected AO; Found EE
Value at index 15 differs. Expected AP; Found EE
Value at index 16 differs. Expected AQ; Found EE
Value at index 17 differs. Expected AR; Found EE
Value at index 18 differs. Expected AS; Found EE
Value at index 19 differs. Expected AT; Found EE
Value at index 20 differs. Expected AU; Found EE
Value at index 21 differs. Expected AV; Found EE
Value at index 22 differs. Expected AW; Found EE
Value at index 23 differs. Expected AX; Found EE
Value at index 24 differs. Expected AY; Found EE
Value at index 25 differs. Expected AZ; Found EE
Value at index 26 differs. Expected BA; Found EE
Value at index 27 differs. Expected BB; Found EE
Value at index 28 differs. Expected BC; Found EE
Value at index 29 differs. Expected BD; Found EE
Value at index 30 differs. Expected BE; Found EE
Value at index 31 differs. Expected BF; Found EE
Value at index 32 differs. Expected BG; Found EE
Value at index 33 differs. Expected BH; Found EE
Value at index 34 differs. Expected BI; Found EE
Value at index 35 differs. Expected BJ; Found EE
Value at index 36 differs. Expected BK; Found EE
Value at index 37 differs. Expected BL; Found EE
Value at index 38 differs. Expected BM; Found EE
Value at index 39 differs. Expected BN; Found EE
Value at index 40 differs. Expected BO; Found EE
Value at index 41 differs. Expected BP; Found EE
Value at index 42 differs. Expected BQ; Found EE
Value at index 43 differs. Expected BR; Found EE
Value at index 44 differs. Expected BS; Found EE
Value at index 45 differs. Expected BT; Found EE
Value at index 46 differs. Expected BU; Found EE
Value at index 47 differs. Expected BV; Found EE
Value at index 48 differs. Expected BW; Found EE
Value at index 49 differs. Expected BX; Found EE
Value at index 50 differs. Expected BY; Found EE
Value at index 51 differs. Expected BZ; Found EE
Value at index 52 differs. Expected CA; Found EE
Value at index 53 differs. Expected CB; Found EE
Value at index 54 differs. Expected CC; Found EE
Value at index 55 differs. Expected CD; Found EE
Value at index 56 differs. Expected CE; Found EE
Value at index 57 differs. Expected CF; Found EE
Value at index 58 differs. Expected CG; Found EE
Value at index 59 differs. Expected CH; Found EE
Value at index 60 differs. Expected CI; Found EE
Value at index 61 differs. Expected CJ; Found EE
Value at index 62 differs. Expected CK; Found EE
Value at index 63 differs. Expected CL; Found EE
Value at index 64 differs. Expected CM; Found EE
Value at index 65 differs. Expected CN; Found EE
Value at index 66 differs. Expected CO; Found EE
Value at index 67 differs. Expected CP; Found EE
Value at index 68 differs. Expected CQ; Found EE
Value at index 69 differs. Expected CR; Found EE
Value at index 70 differs. Expected CS; Found EE
Value at index 71 differs. Expected CT; Found EE
Value at index 72 differs. Expected CU; Found EE
Value at index 73 differs. Expected CV; Found EE
Value at index 74 differs. Expected CW; Found EE
Value at index 75 differs. Expected CX; Found EE
Value at index 76 differs. Expected CY; Found EE
Value at index 77 differs. Expected CZ; Found EE
Value at index 78 differs. Expected DA; Found EE
Value at index 79 differs. Expected DB; Found EE
Value at index 80 differs. Expected DC; Found EE
Value at index 81 differs. Expected DD; Found EE
Value at index 82 differs. Expected DE; Found EE
Value at index 83 differs. Expected DF; Found EE
Value at index 84 differs. Expected DG; Found EE
Value at index 85 differs. Expected DH; Found EE
Value at index 86 differs. Expected DI; Found EE
Value at index 87 differs. Expected DJ; Found EE
Value at index 88 differs. Expected DK; Found EE
Value at index 89 differs. Expected DL; Found EE
Value at index 90 differs. Expected DM; Found EE
Value at index 91 differs. Expected DN; Found EE
Value at index 92 differs. Expected DO; Found EE
Value at index 93 differs. Expected DP; Found EE
Value at index 94 differs. Expected DQ; Found EE
Value at index 95 differs. Expected DR; Found EE
Value at index 96 differs. Expected DS; Found EE
Value at index 97 differs. Expected DT; Found EE
Value at index 98 differs. Expected DU; Found EE
Value at index 99 differs. Expected DV; Found EE
Value at index 100 differs. Expected DW; Found EE
Value at index 101 differs. Expected DX; Found EE
Value at index 102 differs. Expected DY; Found EE
Value at index 103 differs. Expected DZ; Found EE
Value at index 104 differs. Expected EA; Found EE
Value at index 105 differs. Expected EB; Found EE
Value at index 106 differs. Expected EC; Found EE
Value at index 107 differs. Expected ED; Found EE
Value at index 109 differs. Expected EF; Found AA
Value at index 110 differs. Expected EG; Found AA
Value at index 111 differs. Expected EH; Found AA
Value at index 112 differs. Expected EI; Found AA
Value at index 113 differs. Expected EJ; Found AA
Value at index 114 differs. Expected EK; Found AA
Value at index 115 differs. Expected EL; Found AA
Value at index 116 differs. Expected EM; Found AA
Value at index 117 differs. Expected EN; Found AA
Value at index 118 differs. Expected EO; Found AA
Value at index 119 differs. Expected EP; Found AA
Value at index 120 differs. Expected EQ; Found AA
Value at index 121 differs. Expected ER; Found AA
Value at index 122 differs. Expected ES; Found AA
Value at index 123 differs. Expected ET; Found AA
Value at index 124 differs. Expected EU; Found AA
Value at index 125 differs. Expected EV; Found AA
Value at index 126 differs. Expected EW; Found AA
Value at index 127 differs. Expected EX; Found AA
Value at index 128 differs. Expected EY; Found AA
Value at index 129 differs. Expected EZ; Found AA
Value at index 130 differs. Expected FA; Found AA
Value at index 131 differs. Expected FB; Found AA
Value at index 132 differs. Expected FC; Found AA
Value at index 133 differs. Expected FD; Found AA
Value at index 134 differs. Expected FE; Found AA
Value at index 135 differs. Expected FF; Found AA
Value at index 136 differs. Expected FG; Found AA
Value at index 137 differs. Expected FH; Found AA
Value at index 138 differs. Expected FI; Found AA
Value at index 139 differs. Expected FJ; Found AA
Value at index 140 differs. Expected FK; Found AA
Value at index 141 differs. Expected FL; Found AA
Value at index 142 differs. Expected FM; Found AA
Value at index 143 differs. Expected FN; Found AA
Value at index 144 differs. Expected FO; Found AA
Value at index 145 differs. Expected FP; Found AA
Value at index 146 differs. Expected FQ; Found AA
Value at index 147 differs. Expected FR; Found AA
Value at index 148 differs. Expected FS; Found EE
Value at index 149 differs. Expected FT; Found AA

