Invalid read count. Expected: 58; Found: 60
Invalid write count. Expected: 29; Found: 20
Value at index 0 differs. Expected A; Found C
Value at index 1 differs. Expected B; Found J
Value at index 2 differs. Expected C; Found A
Value at index 3 differs. Expected D; Found C
Value at index 4 differs. Expected E; Found C
Value at index 5 differs. Expected F; Found E
Value at index 6 differs. Expected G; Found I
Value at index 7 differs. Expected H; Found I
Value at index 8 differs. Expected I; Found E
Value at index 9 differs. Expected J; Found G

Invalid read count. Expected: 8 314; Found: 3 822
Invalid write count. Expected: 4 158; Found: 1 274
Value at index 0 differs. Expected AA; Found FB
Value at index 2 differs. Expected AC; Found AD
Value at index 4 differs. Expected AE; Found AB
Value at index 5 differs. Expected AF; Found DW
Value at index 6 differs. Expected AG; Found DW
Value at index 7 differs. Expected AH; Found AF
Value at index 8 differs. Expected AI; Found AF
Value at index 9 differs. Expected AJ; Found AF
Value at index 10 differs. Expected AK; Found AS
Value at index 11 differs. Expected AL; Found AS
Value at index 12 differs. Expected AM; Found AX
Value at index 13 differs. Expected AN; Found BE
Value at index 14 differs. Expected AO; Found BB
Value at index 15 differs. Expected AP; Found AI
Value at index 16 differs. Expected AQ; Found AU
Value at index 17 differs. Expected AR; Found BT
Value at index 18 differs. Expected AS; Found AL
Value at index 19 differs. Expected AT; Found AY
Value at index 20 differs. Expected AU; Found AO
Value at index 21 differs. Expected AV; Found AP
Value at index 22 differs. Expected AW; Found EV
Value at index 23 differs. Expected AX; Found BH
Value at index 24 differs. Expected AY; Found AG
Value at index 25 differs. Expected AZ; Found EZ
Value at index 26 differs. Expected BA; Found FH
Value at index 27 differs. Expected BB; Found EZ
Value at index 28 differs. Expected BC; Found FC
Value at index 29 differs. Expected BD; Found BW
Value at index 30 differs. Expected BE; Found DT
Value at index 31 differs. Expected BF; Found ET
Value at index 32 differs. Expected BG; Found CM
Value at index 33 differs. Expected BH; Found EZ
Value at index 34 differs. Expected BI; Found EV
Value at index 35 differs. Expected BJ; Found BO
Value at index 36 differs. Expected BK; Found AU
Value at index 37 differs. Expected BL; Found EV
Value at index 38 differs. Expected BM; Found EK
Value at index 39 differs. Expected BN; Found CN
Value at index 40 differs. Expected BO; Found EU
Value at index 42 differs. Expected BQ; Found CB
Value at index 43 differs. Expected BR; Found EU
Value at index 44 differs. Expected BS; Found EU
Value at index 45 differs. Expected BT; Found CJ
Value at index 46 differs. Expected BU; Found ET
Value at index 47 differs. Expected BV; Found FI
Value at index 48 differs. Expected BW; Found EJ
Value at index 49 differs. Expected BX; Found BK
Value at index 50 differs. Expected BY; Found CD
Value at index 51 differs. Expected BZ; Found EW
Value at index 52 differs. Expected CA; Found BB
Value at index 53 differs. Expected CB; Found EX
Value at index 54 differs. Expected CC; Found CT
Value at index 55 differs. Expected CD; Found EK
Value at index 56 differs. Expected CE; Found AY
Value at index 57 differs. Expected CF; Found BX
Value at index 58 differs. Expected CG; Found CP
Value at index 59 differs. Expected CH; Found BZ
Value at index 60 differs. Expected CI; Found CD
Value at index 61 differs. Expected CJ; Found BJ
Value at index 62 differs. Expected CK; Found BJ
Value at index 63 differs. Expected CL; Found CD
Value at index 64 differs. Expected CM; Found EV
Value at index 65 differs. Expected CN; Found DE
Value at index 66 differs. Expected CO; Found EV
Value at index 67 differs. Expected CP; Found EV
Value at index 68 differs. Expected CQ; Found DS
Value at index 69 differs. Expected CR; Found CP
Value at index 70 differs. Expected CS; Found EU
Value at index 71 differs. Expected CT; Found CL
Value at index 72 differs. Expected CU; Found CL
Value at index 73 differs. Expected CV; Found DT
Value at index 74 differs. Expected CW; Found CL
Value at index 75 differs. Expected CX; Found CU
Value at index 76 differs. Expected CY; Found CL
Value at index 77 differs. Expected CZ; Found CH
Value at index 78 differs. Expected DA; Found EV
Value at index 79 differs. Expected DB; Found EV
Value at index 80 differs. Expected DC; Found CO
Value at index 81 differs. Expected DD; Found EV
Value at index 82 differs. Expected DE; Found DA
Value at index 83 differs. Expected DF; Found EV
Value at index 84 differs. Expected DG; Found DO
Value at index 85 differs. Expected DH; Found EK
Value at index 86 differs. Expected DI; Found DO
Value at index 87 differs. Expected DJ; Found DO
Value at index 88 differs. Expected DK; Found CT
Value at index 89 differs. Expected DL; Found CZ
Value at index 90 differs. Expected DM; Found DT
Value at index 91 differs. Expected DN; Found FS
Value at index 92 differs. Expected DO; Found FS
Value at index 93 differs. Expected DP; Found DD
Value at index 94 differs. Expected DQ; Found EP
Value at index 95 differs. Expected DR; Found EP
Value at index 96 differs. Expected DS; Found DI
Value at index 97 differs. Expected DT; Found DM
Value at index 98 differs. Expected DU; Found DV
Value at index 99 differs. Expected DV; Found BF
Value at index 100 differs. Expected DW; Found EV
Value at index 101 differs. Expected DX; Found CN
Value at index 102 differs. Expected DY; Found CN
Value at index 103 differs. Expected DZ; Found CN
Value at index 104 differs. Expected EA; Found DJ
Value at index 105 differs. Expected EB; Found DJ
Value at index 106 differs. Expected EC; Found DJ
Value at index 107 differs. Expected ED; Found DU
Value at index 108 differs. Expected EE; Found DU
Value at index 109 differs. Expected EF; Found DU
Value at index 110 differs. Expected EG; Found FL
Value at index 111 differs. Expected EH; Found DY
Value at index 112 differs. Expected EI; Found EB
Value at index 113 differs. Expected EJ; Found EC
Value at index 114 differs. Expected EK; Found ED
Value at index 115 differs. Expected EL; Found EF
Value at index 116 differs. Expected EM; Found BU
Value at index 117 differs. Expected EN; Found EK
Value at index 118 differs. Expected EO; Found EK
Value at index 119 differs. Expected EP; Found EK
Value at index 120 differs. Expected EQ; Found EK
Value at index 121 differs. Expected ER; Found EK
Value at index 122 differs. Expected ES; Found EM
Value at index 123 differs. Expected ET; Found EN
Value at index 124 differs. Expected EU; Found EP
Value at index 125 differs. Expected EV; Found BE
Value at index 126 differs. Expected EW; Found EU
Value at index 127 differs. Expected EX; Found EU
Value at index 128 differs. Expected EY; Found EU
Value at index 129 differs. Expected EZ; Found EU
Value at index 130 differs. Expected FA; Found EU
Value at index 131 differs. Expected FB; Found EU
Value at index 132 differs. Expected FC; Found EU
Value at index 133 differs. Expected FD; Found EU
Value at index 134 differs. Expected FE; Found EU
Value at index 135 differs. Expected FF; Found EU
Value at index 136 differs. Expected FG; Found EU
Value at index 137 differs. Expected FH; Found EU
Value at index 138 differs. Expected FI; Found EU
Value at index 139 differs. Expected FJ; Found EU
Value at index 140 differs. Expected FK; Found EU
Value at index 141 differs. Expected FL; Found FB
Value at index 142 differs. Expected FM; Found FB
Value at index 143 differs. Expected FN; Found FB
Value at index 144 differs. Expected FO; Found FC
Value at index 145 differs. Expected FP; Found FE
Value at index 146 differs. Expected FQ; Found FJ
Value at index 147 differs. Expected FR; Found FL
Value at index 148 differs. Expected FS; Found FN
Value at index 149 differs. Expected FT; Found FQ

