Invalid read count. Expected: 54; Found: 41
Invalid write count. Expected: 27; Found: 20
Value at index 0 differs. Expected A; Found F
Value at index 1 differs. Expected B; Found F
Value at index 2 differs. Expected C; Found G
Value at index 3 differs. Expected D; Found G
Value at index 4 differs. Expected E; Found G
Value at index 5 differs. Expected F; Found H
Value at index 6 differs. Expected G; Found J
Value at index 7 differs. Expected H; Found J
Value at index 9 differs. Expected J; Found C

Invalid read count. Expected: 7 762; Found: 3
Invalid write count. Expected: 3 883; Found: 1
Value at index 0 differs. Expected AA; Found DG
Value at index 1 differs. Expected AB; Found DG
Value at index 2 differs. Expected AC; Found BM
Value at index 5 differs. Expected AF; Found CJ
Value at index 6 differs. Expected AG; Found BF
Value at index 7 differs. Expected AH; Found AB
Value at index 9 differs. Expected AJ; Found CC
Value at index 13 differs. Expected AN; Found CF
Value at index 16 differs. Expected AQ; Found CZ
Value at index 17 differs. Expected AR; Found AC
Value at index 19 differs. Expected AT; Found CA
Value at index 20 differs. Expected AU; Found ES
Value at index 21 differs. Expected AV; Found EK
Value at index 22 differs. Expected AW; Found FN
Value at index 23 differs. Expected AX; Found DB
Value at index 24 differs. Expected AY; Found DQ
Value at index 26 differs. Expected BA; Found FT
Value at index 27 differs. Expected BB; Found EN
Value at index 28 differs. Expected BC; Found ED
Value at index 31 differs. Expected BF; Found BW
Value at index 32 differs. Expected BG; Found CT
Value at index 34 differs. Expected BI; Found EU
Value at index 38 differs. Expected BM; Found FE
Value at index 40 differs. Expected BO; Found CU
Value at index 42 differs. Expected BQ; Found DL
Value at index 44 differs. Expected BS; Found EB
Value at index 45 differs. Expected BT; Found AQ
Value at index 46 differs. Expected BU; Found DR
Value at index 48 differs. Expected BW; Found ET
Value at index 50 differs. Expected BY; Found DF
Value at index 52 differs. Expected CA; Found FS
Value at index 53 differs. Expected CB; Found CI
Value at index 54 differs. Expected CC; Found BO
Value at index 55 differs. Expected CD; Found BA
Value at index 56 differs. Expected CE; Found AA
Value at index 57 differs. Expected CF; Found AN
Value at index 60 differs. Expected CI; Found CB
Value at index 61 differs. Expected CJ; Found DY
Value at index 62 differs. Expected CK; Found DK
Value at index 63 differs. Expected CL; Found DD
Value at index 64 differs. Expected CM; Found BY
Value at index 67 differs. Expected CP; Found EA
Value at index 70 differs. Expected CS; Found DO
Value at index 71 differs. Expected CT; Found FF
Value at index 72 differs. Expected CU; Found AY
Value at index 77 differs. Expected CZ; Found BT
Value at index 78 differs. Expected DA; Found AR
Value at index 79 differs. Expected DB; Found AX
Value at index 80 differs. Expected DC; Found AV
Value at index 81 differs. Expected DD; Found CL
Value at index 83 differs. Expected DF; Found CM
Value at index 84 differs. Expected DG; Found CE
Value at index 87 differs. Expected DJ; Found CK
Value at index 88 differs. Expected DK; Found DJ
Value at index 89 differs. Expected DL; Found BQ
Value at index 90 differs. Expected DM; Found EF
Value at index 92 differs. Expected DO; Found EE
Value at index 94 differs. Expected DQ; Found BB
Value at index 95 differs. Expected DR; Found EP
Value at index 98 differs. Expected DU; Found EL
Value at index 100 differs. Expected DW; Found DZ
Value at index 101 differs. Expected DX; Found EM
Value at index 102 differs. Expected DY; Found FJ
Value at index 103 differs. Expected DZ; Found DW
Value at index 104 differs. Expected EA; Found AU
Value at index 105 differs. Expected EB; Found EY
Value at index 106 differs. Expected EC; Found EH
Value at index 107 differs. Expected ED; Found BC
Value at index 108 differs. Expected EE; Found CS
Value at index 109 differs. Expected EF; Found DM
Value at index 110 differs. Expected EG; Found FG
Value at index 111 differs. Expected EH; Found FP
Value at index 114 differs. Expected EK; Found AG
Value at index 115 differs. Expected EL; Found DU
Value at index 116 differs. Expected EM; Found DX
Value at index 117 differs. Expected EN; Found FQ
Value at index 119 differs. Expected EP; Found AF
Value at index 122 differs. Expected ES; Found CP
Value at index 123 differs. Expected ET; Found DC
Value at index 124 differs. Expected EU; Found BI
Value at index 126 differs. Expected EW; Found BS
Value at index 127 differs. Expected EX; Found FM
Value at index 128 differs. Expected EY; Found EG
Value at index 130 differs. Expected FA; Found FH
Value at index 134 differs. Expected FE; Found DA
Value at index 135 differs. Expected FF; Found BG
Value at index 136 differs. Expected FG; Found EC
Value at index 137 differs. Expected FH; Found FA
Value at index 139 differs. Expected FJ; Found BU
Value at index 142 differs. Expected FM; Found EX
Value at index 143 differs. Expected FN; Found AW
Value at index 145 differs. Expected FP; Found EW
Value at index 146 differs. Expected FQ; Found AJ
Value at index 148 differs. Expected FS; Found AT
Value at index 149 differs. Expected FT; Found CD

