Invalid read count. Expected: 54; Found: 102
Invalid write count. Expected: 27; Found: 64
Value at index 1 differs. Expected B; Found D
Value at index 2 differs. Expected C; Found G
Value at index 3 differs. Expected D; Found G
Value at index 4 differs. Expected E; Found G
Value at index 5 differs. Expected F; Found G
Value at index 7 differs. Expected H; Found G
Value at index 8 differs. Expected I; Found G
Value at index 9 differs. Expected J; Found G

Invalid read count. Expected: 7 762; Found: 32 932
Invalid write count. Expected: 3 883; Found: 21 904
Value at index 0 differs. Expected AA; Found DG
Value at index 1 differs. Expected AB; Found AH
Value at index 2 differs. Expected AC; Found BM
Value at index 3 differs. Expected AD; Found BM
Value at index 4 differs. Expected AE; Found BM
Value at index 5 differs. Expected AF; Found BM
Value at index 6 differs. Expected AG; Found BM
Value at index 7 differs. Expected AH; Found BM
Value at index 8 differs. Expected AI; Found BM
Value at index 9 differs. Expected AJ; Found BM
Value at index 10 differs. Expected AK; Found BM
Value at index 11 differs. Expected AL; Found BM
Value at index 12 differs. Expected AM; Found BM
Value at index 13 differs. Expected AN; Found BM
Value at index 14 differs. Expected AO; Found BM
Value at index 15 differs. Expected AP; Found BM
Value at index 16 differs. Expected AQ; Found BM
Value at index 17 differs. Expected AR; Found BM
Value at index 18 differs. Expected AS; Found BM
Value at index 19 differs. Expected AT; Found BM
Value at index 20 differs. Expected AU; Found BM
Value at index 21 differs. Expected AV; Found BM
Value at index 22 differs. Expected AW; Found BM
Value at index 23 differs. Expected AX; Found BM
Value at index 24 differs. Expected AY; Found BM
Value at index 25 differs. Expected AZ; Found BM
Value at index 26 differs. Expected BA; Found BM
Value at index 27 differs. Expected BB; Found BM
Value at index 28 differs. Expected BC; Found BM
Value at index 29 differs. Expected BD; Found BM
Value at index 30 differs. Expected BE; Found BM
Value at index 31 differs. Expected BF; Found BM
Value at index 32 differs. Expected BG; Found BM
Value at index 33 differs. Expected BH; Found BM
Value at index 34 differs. Expected BI; Found BM
Value at index 35 differs. Expected BJ; Found BM
Value at index 36 differs. Expected BK; Found BM
Value at index 37 differs. Expected BL; Found BM
Value at index 39 differs. Expected BN; Found BM
Value at index 40 differs. Expected BO; Found BM
Value at index 41 differs. Expected BP; Found BM
Value at index 42 differs. Expected BQ; Found BM
Value at index 43 differs. Expected BR; Found BM
Value at index 44 differs. Expected BS; Found BM
Value at index 45 differs. Expected BT; Found BM
Value at index 46 differs. Expected BU; Found BM
Value at index 47 differs. Expected BV; Found BM
Value at index 48 differs. Expected BW; Found BM
Value at index 49 differs. Expected BX; Found BM
Value at index 50 differs. Expected BY; Found BM
Value at index 51 differs. Expected BZ; Found BM
Value at index 52 differs. Expected CA; Found BM
Value at index 53 differs. Expected CB; Found BM
Value at index 54 differs. Expected CC; Found BM
Value at index 55 differs. Expected CD; Found BM
Value at index 56 differs. Expected CE; Found BM
Value at index 57 differs. Expected CF; Found BM
Value at index 58 differs. Expected CG; Found BM
Value at index 59 differs. Expected CH; Found BM
Value at index 60 differs. Expected CI; Found BM
Value at index 61 differs. Expected CJ; Found BM
Value at index 62 differs. Expected CK; Found BM
Value at index 63 differs. Expected CL; Found BM
Value at index 64 differs. Expected CM; Found BM
Value at index 65 differs. Expected CN; Found BM
Value at index 66 differs. Expected CO; Found BM
Value at index 67 differs. Expected CP; Found BM
Value at index 68 differs. Expected CQ; Found BM
Value at index 69 differs. Expected CR; Found BM
Value at index 70 differs. Expected CS; Found BM
Value at index 71 differs. Expected CT; Found BM
Value at index 72 differs. Expected CU; Found BM
Value at index 73 differs. Expected CV; Found BM
Value at index 74 differs. Expected CW; Found BM
Value at index 75 differs. Expected CX; Found BM
Value at index 76 differs. Expected CY; Found BM
Value at index 77 differs. Expected CZ; Found BM
Value at index 78 differs. Expected DA; Found BM
Value at index 79 differs. Expected DB; Found BM
Value at index 80 differs. Expected DC; Found BM
Value at index 81 differs. Expected DD; Found BM
Value at index 82 differs. Expected DE; Found BM
Value at index 83 differs. Expected DF; Found BM
Value at index 84 differs. Expected DG; Found BM
Value at index 85 differs. Expected DH; Found BM
Value at index 86 differs. Expected DI; Found BM
Value at index 87 differs. Expected DJ; Found BM
Value at index 88 differs. Expected DK; Found BM
Value at index 89 differs. Expected DL; Found BM
Value at index 90 differs. Expected DM; Found BM
Value at index 91 differs. Expected DN; Found BM
Value at index 92 differs. Expected DO; Found BM
Value at index 93 differs. Expected DP; Found BM
Value at index 94 differs. Expected DQ; Found BM
Value at index 95 differs. Expected DR; Found BM
Value at index 96 differs. Expected DS; Found BM
Value at index 97 differs. Expected DT; Found BM
Value at index 98 differs. Expected DU; Found BM
Value at index 99 differs. Expected DV; Found BM
Value at index 100 differs. Expected DW; Found BM
Value at index 101 differs. Expected DX; Found BM
Value at index 102 differs. Expected DY; Found BM
Value at index 103 differs. Expected DZ; Found BM
Value at index 104 differs. Expected EA; Found BM
Value at index 105 differs. Expected EB; Found BM
Value at index 106 differs. Expected EC; Found BM
Value at index 107 differs. Expected ED; Found BM
Value at index 108 differs. Expected EE; Found BM
Value at index 109 differs. Expected EF; Found BM
Value at index 110 differs. Expected EG; Found BM
Value at index 111 differs. Expected EH; Found BM
Value at index 112 differs. Expected EI; Found BM
Value at index 113 differs. Expected EJ; Found BM
Value at index 114 differs. Expected EK; Found BM
Value at index 115 differs. Expected EL; Found BM
Value at index 116 differs. Expected EM; Found BM
Value at index 117 differs. Expected EN; Found BM
Value at index 118 differs. Expected EO; Found BM
Value at index 119 differs. Expected EP; Found BM
Value at index 120 differs. Expected EQ; Found BM
Value at index 121 differs. Expected ER; Found BM
Value at index 122 differs. Expected ES; Found BM
Value at index 123 differs. Expected ET; Found BM
Value at index 124 differs. Expected EU; Found BM
Value at index 125 differs. Expected EV; Found BM
Value at index 126 differs. Expected EW; Found BM
Value at index 127 differs. Expected EX; Found BM
Value at index 128 differs. Expected EY; Found BM
Value at index 129 differs. Expected EZ; Found BM
Value at index 130 differs. Expected FA; Found BM
Value at index 131 differs. Expected FB; Found BM
Value at index 132 differs. Expected FC; Found BM
Value at index 133 differs. Expected FD; Found BM
Value at index 134 differs. Expected FE; Found BM
Value at index 135 differs. Expected FF; Found BM
Value at index 136 differs. Expected FG; Found BM
Value at index 137 differs. Expected FH; Found BM
Value at index 138 differs. Expected FI; Found BM
Value at index 139 differs. Expected FJ; Found BM
Value at index 140 differs. Expected FK; Found BM
Value at index 141 differs. Expected FL; Found BM
Value at index 142 differs. Expected FM; Found BM
Value at index 143 differs. Expected FN; Found BM
Value at index 144 differs. Expected FO; Found BM
Value at index 145 differs. Expected FP; Found BM
Value at index 146 differs. Expected FQ; Found BM
Value at index 147 differs. Expected FR; Found BM
Value at index 148 differs. Expected FS; Found BM
Value at index 149 differs. Expected FT; Found BM

