Invalid read count. Expected: 54; Found: 60
Invalid write count. Expected: 27; Found: 24
Value at index 0 differs. Expected A; Found B
Value at index 1 differs. Expected B; Found C
Value at index 2 differs. Expected C; Found A
Value at index 3 differs. Expected D; Found E
Value at index 4 differs. Expected E; Found F
Value at index 5 differs. Expected F; Found D
Value at index 6 differs. Expected G; Found E
Value at index 7 differs. Expected H; Found B
Value at index 8 differs. Expected I; Found B
Value at index 9 differs. Expected J; Found C

Invalid read count. Expected: 7 762; Found: 12 357
Invalid write count. Expected: 3 883; Found: 1 331
Value at index 0 differs. Expected AA; Found AG
Value at index 1 differs. Expected AB; Found AA
Value at index 3 differs. Expected AD; Found AB
Value at index 5 differs. Expected AF; Found AD
Value at index 6 differs. Expected AG; Found AD
Value at index 7 differs. Expected AH; Found AE
Value at index 8 differs. Expected AI; Found AB
Value at index 9 differs. Expected AJ; Found AB
Value at index 10 differs. Expected AK; Found AF
Value at index 11 differs. Expected AL; Found AJ
Value at index 12 differs. Expected AM; Found AB
Value at index 13 differs. Expected AN; Found AI
Value at index 14 differs. Expected AO; Found AI
Value at index 15 differs. Expected AP; Found AK
Value at index 16 differs. Expected AQ; Found AN
Value at index 17 differs. Expected AR; Found AL
Value at index 18 differs. Expected AS; Found AM
Value at index 19 differs. Expected AT; Found AC
Value at index 20 differs. Expected AU; Found AC
Value at index 21 differs. Expected AV; Found AC
Value at index 22 differs. Expected AW; Found AC
Value at index 23 differs. Expected AX; Found AC
Value at index 24 differs. Expected AY; Found AC
Value at index 25 differs. Expected AZ; Found AC
Value at index 26 differs. Expected BA; Found AC
Value at index 27 differs. Expected BB; Found AC
Value at index 28 differs. Expected BC; Found AS
Value at index 29 differs. Expected BD; Found AS
Value at index 30 differs. Expected BE; Found AS
Value at index 31 differs. Expected BF; Found AS
Value at index 32 differs. Expected BG; Found AS
Value at index 33 differs. Expected BH; Found AS
Value at index 34 differs. Expected BI; Found AS
Value at index 35 differs. Expected BJ; Found AT
Value at index 36 differs. Expected BK; Found AS
Value at index 37 differs. Expected BL; Found AS
Value at index 38 differs. Expected BM; Found AS
Value at index 39 differs. Expected BN; Found AZ
Value at index 40 differs. Expected BO; Found AZ
Value at index 41 differs. Expected BP; Found AZ
Value at index 42 differs. Expected BQ; Found BB
Value at index 43 differs. Expected BR; Found BC
Value at index 44 differs. Expected BS; Found AZ
Value at index 45 differs. Expected BT; Found BD
Value at index 46 differs. Expected BU; Found BE
Value at index 47 differs. Expected BV; Found BE
Value at index 48 differs. Expected BW; Found BG
Value at index 49 differs. Expected BX; Found BE
Value at index 50 differs. Expected BY; Found BH
Value at index 51 differs. Expected BZ; Found AQ
Value at index 52 differs. Expected CA; Found AQ
Value at index 53 differs. Expected CB; Found AQ
Value at index 54 differs. Expected CC; Found AQ
Value at index 55 differs. Expected CD; Found AQ
Value at index 56 differs. Expected CE; Found AA
Value at index 57 differs. Expected CF; Found AA
Value at index 58 differs. Expected CG; Found AA
Value at index 59 differs. Expected CH; Found AA
Value at index 60 differs. Expected CI; Found AN
Value at index 61 differs. Expected CJ; Found AN
Value at index 62 differs. Expected CK; Found AN
Value at index 63 differs. Expected CL; Found AN
Value at index 64 differs. Expected CM; Found AN
Value at index 65 differs. Expected CN; Found AN
Value at index 66 differs. Expected CO; Found AN
Value at index 67 differs. Expected CP; Found AN
Value at index 68 differs. Expected CQ; Found AN
Value at index 69 differs. Expected CR; Found AN
Value at index 70 differs. Expected CS; Found AN
Value at index 71 differs. Expected CT; Found AN
Value at index 72 differs. Expected CU; Found AN
Value at index 73 differs. Expected CV; Found AN
Value at index 74 differs. Expected CW; Found AN
Value at index 75 differs. Expected CX; Found AN
Value at index 76 differs. Expected CY; Found AN
Value at index 77 differs. Expected CZ; Found AN
Value at index 78 differs. Expected DA; Found AN
Value at index 79 differs. Expected DB; Found AN
Value at index 80 differs. Expected DC; Found CB
Value at index 81 differs. Expected DD; Found AR
Value at index 82 differs. Expected DE; Found AR
Value at index 83 differs. Expected DF; Found AR
Value at index 84 differs. Expected DG; Found AR
Value at index 85 differs. Expected DH; Found AV
Value at index 86 differs. Expected DI; Found AV
Value at index 87 differs. Expected DJ; Found AV
Value at index 88 differs. Expected DK; Found AV
Value at index 89 differs. Expected DL; Found AV
Value at index 90 differs. Expected DM; Found AV
Value at index 91 differs. Expected DN; Found AV
Value at index 92 differs. Expected DO; Found AV
Value at index 93 differs. Expected DP; Found AV
Value at index 94 differs. Expected DQ; Found AV
Value at index 95 differs. Expected DR; Found CD
Value at index 96 differs. Expected DS; Found AV
Value at index 97 differs. Expected DT; Found CL
Value at index 98 differs. Expected DU; Found CP
Value at index 99 differs. Expected DV; Found CE
Value at index 100 differs. Expected DW; Found BQ
Value at index 101 differs. Expected DX; Found BB
Value at index 102 differs. Expected DY; Found BB
Value at index 103 differs. Expected DZ; Found BB
Value at index 104 differs. Expected EA; Found BB
Value at index 105 differs. Expected EB; Found BB
Value at index 106 differs. Expected EC; Found BB
Value at index 107 differs. Expected ED; Found BB
Value at index 108 differs. Expected EE; Found AU
Value at index 109 differs. Expected EF; Found AU
Value at index 110 differs. Expected EG; Found AU
Value at index 111 differs. Expected EH; Found AU
Value at index 112 differs. Expected EI; Found BC
Value at index 113 differs. Expected EJ; Found BC
Value at index 114 differs. Expected EK; Found BC
Value at index 115 differs. Expected EL; Found AG
Value at index 116 differs. Expected EM; Found AG
Value at index 117 differs. Expected EN; Found AG
Value at index 118 differs. Expected EO; Found AG
Value at index 119 differs. Expected EP; Found AF
Value at index 120 differs. Expected EQ; Found AF
Value at index 121 differs. Expected ER; Found AF
Value at index 122 differs. Expected ES; Found AF
Value at index 123 differs. Expected ET; Found AF
Value at index 124 differs. Expected EU; Found AF
Value at index 125 differs. Expected EV; Found AF
Value at index 126 differs. Expected EW; Found AF
Value at index 127 differs. Expected EX; Found AF
Value at index 128 differs. Expected EY; Found BI
Value at index 129 differs. Expected EZ; Found BI
Value at index 130 differs. Expected FA; Found BI
Value at index 131 differs. Expected FB; Found BS
Value at index 132 differs. Expected FC; Found BS
Value at index 133 differs. Expected FD; Found BS
Value at index 134 differs. Expected FE; Found BS
Value at index 135 differs. Expected FF; Found BS
Value at index 136 differs. Expected FG; Found BS
Value at index 137 differs. Expected FH; Found EG
Value at index 138 differs. Expected FI; Found BG
Value at index 139 differs. Expected FJ; Found BG
Value at index 140 differs. Expected FK; Found BG
Value at index 141 differs. Expected FL; Found EC
Value at index 142 differs. Expected FM; Found BU
Value at index 143 differs. Expected FN; Found BU
Value at index 144 differs. Expected FO; Found BU
Value at index 145 differs. Expected FP; Found AW
Value at index 146 differs. Expected FQ; Found AJ
Value at index 147 differs. Expected FR; Found AJ
Value at index 148 differs. Expected FS; Found AT
Value at index 149 differs. Expected FT; Found CD

