Invalid read count. Expected: 54; Found: 65
Invalid write count. Expected: 27; Found: 29
Value at index 0 differs. Expected A; Found C
Value at index 1 differs. Expected B; Found F
Value at index 2 differs. Expected C; Found F
Value at index 3 differs. Expected D; Found F
Value at index 4 differs. Expected E; Found G
Value at index 5 differs. Expected F; Found G
Value at index 7 differs. Expected H; Found I
Value at index 8 differs. Expected I; Found J

Invalid read count. Expected: 7 762; Found: 15 790
Invalid write count. Expected: 3 883; Found: 4 764
Value at index 0 differs. Expected AA; Found AT
Value at index 1 differs. Expected AB; Found AV
Value at index 2 differs. Expected AC; Found AV
Value at index 3 differs. Expected AD; Found AV
Value at index 4 differs. Expected AE; Found AV
Value at index 5 differs. Expected AF; Found AV
Value at index 6 differs. Expected AG; Found AW
Value at index 7 differs. Expected AH; Found AX
Value at index 8 differs. Expected AI; Found AX
Value at index 9 differs. Expected AJ; Found AX
Value at index 10 differs. Expected AK; Found AY
Value at index 11 differs. Expected AL; Found AY
Value at index 12 differs. Expected AM; Found AY
Value at index 13 differs. Expected AN; Found BA
Value at index 14 differs. Expected AO; Found BA
Value at index 15 differs. Expected AP; Found BC
Value at index 16 differs. Expected AQ; Found BE
Value at index 17 differs. Expected AR; Found BE
Value at index 18 differs. Expected AS; Found BE
Value at index 19 differs. Expected AT; Found BE
Value at index 20 differs. Expected AU; Found BE
Value at index 21 differs. Expected AV; Found BF
Value at index 22 differs. Expected AW; Found BF
Value at index 23 differs. Expected AX; Found BF
Value at index 24 differs. Expected AY; Found BF
Value at index 25 differs. Expected AZ; Found BF
Value at index 26 differs. Expected BA; Found BG
Value at index 27 differs. Expected BB; Found BI
Value at index 28 differs. Expected BC; Found BI
Value at index 29 differs. Expected BD; Found BQ
Value at index 30 differs. Expected BE; Found BS
Value at index 31 differs. Expected BF; Found BT
Value at index 32 differs. Expected BG; Found BT
Value at index 33 differs. Expected BH; Found BU
Value at index 34 differs. Expected BI; Found BV
Value at index 35 differs. Expected BJ; Found BV
Value at index 36 differs. Expected BK; Found BV
Value at index 37 differs. Expected BL; Found BV
Value at index 38 differs. Expected BM; Found BW
Value at index 39 differs. Expected BN; Found BW
Value at index 40 differs. Expected BO; Found BW
Value at index 41 differs. Expected BP; Found BW
Value at index 42 differs. Expected BQ; Found BW
Value at index 43 differs. Expected BR; Found BW
Value at index 44 differs. Expected BS; Found BW
Value at index 45 differs. Expected BT; Found BY
Value at index 46 differs. Expected BU; Found BZ
Value at index 47 differs. Expected BV; Found BZ
Value at index 48 differs. Expected BW; Found CA
Value at index 49 differs. Expected BX; Found CD
Value at index 50 differs. Expected BY; Found CE
Value at index 51 differs. Expected BZ; Found CE
Value at index 52 differs. Expected CA; Found CH
Value at index 53 differs. Expected CB; Found CH
Value at index 54 differs. Expected CC; Found CK
Value at index 55 differs. Expected CD; Found CP
Value at index 56 differs. Expected CE; Found CS
Value at index 57 differs. Expected CF; Found CS
Value at index 58 differs. Expected CG; Found CY
Value at index 59 differs. Expected CH; Found CY
Value at index 60 differs. Expected CI; Found DA
Value at index 61 differs. Expected CJ; Found DC
Value at index 62 differs. Expected CK; Found DC
Value at index 63 differs. Expected CL; Found DD
Value at index 64 differs. Expected CM; Found DD
Value at index 65 differs. Expected CN; Found DD
Value at index 66 differs. Expected CO; Found DD
Value at index 67 differs. Expected CP; Found DD
Value at index 68 differs. Expected CQ; Found DD
Value at index 69 differs. Expected CR; Found DD
Value at index 70 differs. Expected CS; Found DD
Value at index 71 differs. Expected CT; Found DD
Value at index 72 differs. Expected CU; Found DE
Value at index 73 differs. Expected CV; Found DF
Value at index 74 differs. Expected CW; Found DM
Value at index 75 differs. Expected CX; Found DN
Value at index 76 differs. Expected CY; Found DN
Value at index 77 differs. Expected CZ; Found DO
Value at index 78 differs. Expected DA; Found DO
Value at index 79 differs. Expected DB; Found DO
Value at index 80 differs. Expected DC; Found DO
Value at index 81 differs. Expected DD; Found DP
Value at index 82 differs. Expected DE; Found DR
Value at index 83 differs. Expected DF; Found DU
Value at index 84 differs. Expected DG; Found DW
Value at index 85 differs. Expected DH; Found DX
Value at index 86 differs. Expected DI; Found DZ
Value at index 87 differs. Expected DJ; Found DZ
Value at index 88 differs. Expected DK; Found DZ
Value at index 89 differs. Expected DL; Found EA
Value at index 90 differs. Expected DM; Found EA
Value at index 91 differs. Expected DN; Found EA
Value at index 92 differs. Expected DO; Found EA
Value at index 93 differs. Expected DP; Found EA
Value at index 94 differs. Expected DQ; Found EB
Value at index 95 differs. Expected DR; Found EB
Value at index 96 differs. Expected DS; Found EB
Value at index 97 differs. Expected DT; Found EC
Value at index 98 differs. Expected DU; Found ED
Value at index 99 differs. Expected DV; Found ED
Value at index 100 differs. Expected DW; Found ED
Value at index 101 differs. Expected DX; Found ED
Value at index 102 differs. Expected DY; Found EE
Value at index 103 differs. Expected DZ; Found EG
Value at index 104 differs. Expected EA; Found EJ
Value at index 105 differs. Expected EB; Found EJ
Value at index 106 differs. Expected EC; Found EK
Value at index 107 differs. Expected ED; Found EK
Value at index 108 differs. Expected EE; Found EK
Value at index 109 differs. Expected EF; Found EK
Value at index 110 differs. Expected EG; Found EK
Value at index 111 differs. Expected EH; Found EK
Value at index 112 differs. Expected EI; Found EO
Value at index 113 differs. Expected EJ; Found EP
Value at index 114 differs. Expected EK; Found EP
Value at index 115 differs. Expected EL; Found EP
Value at index 116 differs. Expected EM; Found ER
Value at index 117 differs. Expected EN; Found ES
Value at index 118 differs. Expected EO; Found ES
Value at index 119 differs. Expected EP; Found EW
Value at index 120 differs. Expected EQ; Found EX
Value at index 121 differs. Expected ER; Found EX
Value at index 122 differs. Expected ES; Found FA
Value at index 123 differs. Expected ET; Found FA
Value at index 124 differs. Expected EU; Found FD
Value at index 125 differs. Expected EV; Found FD
Value at index 126 differs. Expected EW; Found FE
Value at index 127 differs. Expected EX; Found FE
Value at index 128 differs. Expected EY; Found FE
Value at index 129 differs. Expected EZ; Found FE
Value at index 130 differs. Expected FA; Found FE
Value at index 131 differs. Expected FB; Found FI
Value at index 132 differs. Expected FC; Found FJ
Value at index 133 differs. Expected FD; Found FJ
Value at index 134 differs. Expected FE; Found FL
Value at index 135 differs. Expected FF; Found FM
Value at index 136 differs. Expected FG; Found FM
Value at index 137 differs. Expected FH; Found FM
Value at index 138 differs. Expected FI; Found FN
Value at index 139 differs. Expected FJ; Found FN
Value at index 140 differs. Expected FK; Found FN
Value at index 141 differs. Expected FL; Found FO
Value at index 142 differs. Expected FM; Found FQ
Value at index 143 differs. Expected FN; Found FR
Value at index 144 differs. Expected FO; Found FS
Value at index 145 differs. Expected FP; Found FS
Value at index 146 differs. Expected FQ; Found FS
Value at index 147 differs. Expected FR; Found FS
Value at index 148 differs. Expected FS; Found FT

