Invalid read count. Expected: 47; Found: 188
Invalid write count. Expected: 24; Found: 23
Value at index 0 differs. Expected A; Found F
Value at index 1 differs. Expected B; Found F
Value at index 2 differs. Expected C; Found F
Value at index 3 differs. Expected D; Found E
Value at index 4 differs. Expected E; Found G
Value at index 5 differs. Expected F; Found E
Value at index 6 differs. Expected G; Found E
Value at index 7 differs. Expected H; Found E
Value at index 8 differs. Expected I; Found E
Value at index 9 differs. Expected J; Found G

Invalid read count. Expected: 9 424; Found: 34 838
Invalid write count. Expected: 4 712; Found: 863
Value at index 0 differs. Expected AA; Found FL
Value at index 1 differs. Expected AB; Found FL
Value at index 2 differs. Expected AC; Found FL
Value at index 3 differs. Expected AD; Found FL
Value at index 4 differs. Expected AE; Found FL
Value at index 5 differs. Expected AF; Found FL
Value at index 6 differs. Expected AG; Found FL
Value at index 7 differs. Expected AH; Found EE
Value at index 8 differs. Expected AI; Found FL
Value at index 9 differs. Expected AJ; Found FL
Value at index 10 differs. Expected AK; Found FL
Value at index 11 differs. Expected AL; Found FL
Value at index 12 differs. Expected AM; Found FL
Value at index 13 differs. Expected AN; Found FL
Value at index 14 differs. Expected AO; Found FL
Value at index 15 differs. Expected AP; Found FL
Value at index 16 differs. Expected AQ; Found FL
Value at index 17 differs. Expected AR; Found FL
Value at index 18 differs. Expected AS; Found FL
Value at index 19 differs. Expected AT; Found FL
Value at index 20 differs. Expected AU; Found FL
Value at index 21 differs. Expected AV; Found FL
Value at index 22 differs. Expected AW; Found FL
Value at index 23 differs. Expected AX; Found FL
Value at index 24 differs. Expected AY; Found FL
Value at index 25 differs. Expected AZ; Found FL
Value at index 26 differs. Expected BA; Found FL
Value at index 27 differs. Expected BB; Found FL
Value at index 28 differs. Expected BC; Found FL
Value at index 29 differs. Expected BD; Found FL
Value at index 30 differs. Expected BE; Found FL
Value at index 31 differs. Expected BF; Found FL
Value at index 32 differs. Expected BG; Found FL
Value at index 33 differs. Expected BH; Found FL
Value at index 34 differs. Expected BI; Found FL
Value at index 35 differs. Expected BJ; Found FL
Value at index 36 differs. Expected BK; Found FL
Value at index 37 differs. Expected BL; Found FL
Value at index 38 differs. Expected BM; Found FL
Value at index 39 differs. Expected BN; Found FL
Value at index 40 differs. Expected BO; Found FL
Value at index 41 differs. Expected BP; Found FL
Value at index 42 differs. Expected BQ; Found FL
Value at index 43 differs. Expected BR; Found FL
Value at index 44 differs. Expected BS; Found FL
Value at index 45 differs. Expected BT; Found FL
Value at index 46 differs. Expected BU; Found FL
Value at index 47 differs. Expected BV; Found FL
Value at index 48 differs. Expected BW; Found FL
Value at index 49 differs. Expected BX; Found FL
Value at index 50 differs. Expected BY; Found FL
Value at index 51 differs. Expected BZ; Found FL
Value at index 52 differs. Expected CA; Found FL
Value at index 53 differs. Expected CB; Found FL
Value at index 54 differs. Expected CC; Found FL
Value at index 55 differs. Expected CD; Found FL
Value at index 56 differs. Expected CE; Found FL
Value at index 57 differs. Expected CF; Found FL
Value at index 58 differs. Expected CG; Found FL
Value at index 59 differs. Expected CH; Found FL
Value at index 60 differs. Expected CI; Found FL
Value at index 61 differs. Expected CJ; Found FL
Value at index 62 differs. Expected CK; Found FL
Value at index 63 differs. Expected CL; Found FL
Value at index 64 differs. Expected CM; Found FL
Value at index 65 differs. Expected CN; Found FL
Value at index 66 differs. Expected CO; Found FL
Value at index 67 differs. Expected CP; Found FL
Value at index 68 differs. Expected CQ; Found FL
Value at index 69 differs. Expected CR; Found FL
Value at index 70 differs. Expected CS; Found FL
Value at index 71 differs. Expected CT; Found FL
Value at index 72 differs. Expected CU; Found FL
Value at index 73 differs. Expected CV; Found FL
Value at index 74 differs. Expected CW; Found FL
Value at index 75 differs. Expected CX; Found FL
Value at index 76 differs. Expected CY; Found FL
Value at index 77 differs. Expected CZ; Found FL
Value at index 78 differs. Expected DA; Found FL
Value at index 79 differs. Expected DB; Found FL
Value at index 80 differs. Expected DC; Found FL
Value at index 81 differs. Expected DD; Found FL
Value at index 82 differs. Expected DE; Found FL
Value at index 83 differs. Expected DF; Found FL
Value at index 84 differs. Expected DG; Found FL
Value at index 85 differs. Expected DH; Found FL
Value at index 86 differs. Expected DI; Found FL
Value at index 87 differs. Expected DJ; Found FL
Value at index 88 differs. Expected DK; Found FL
Value at index 89 differs. Expected DL; Found FL
Value at index 90 differs. Expected DM; Found FL
Value at index 91 differs. Expected DN; Found FL
Value at index 92 differs. Expected DO; Found FL
Value at index 93 differs. Expected DP; Found FL
Value at index 94 differs. Expected DQ; Found FL
Value at index 95 differs. Expected DR; Found FL
Value at index 96 differs. Expected DS; Found FL
Value at index 97 differs. Expected DT; Found FL
Value at index 98 differs. Expected DU; Found FL
Value at index 99 differs. Expected DV; Found FL
Value at index 100 differs. Expected DW; Found FL
Value at index 101 differs. Expected DX; Found FL
Value at index 102 differs. Expected DY; Found FL
Value at index 103 differs. Expected DZ; Found FL
Value at index 104 differs. Expected EA; Found FL
Value at index 105 differs. Expected EB; Found FM
Value at index 106 differs. Expected EC; Found FM
Value at index 107 differs. Expected ED; Found FM
Value at index 108 differs. Expected EE; Found FM
Value at index 109 differs. Expected EF; Found FM
Value at index 110 differs. Expected EG; Found FM
Value at index 111 differs. Expected EH; Found FM
Value at index 112 differs. Expected EI; Found FM
Value at index 113 differs. Expected EJ; Found FM
Value at index 114 differs. Expected EK; Found FM
Value at index 115 differs. Expected EL; Found FM
Value at index 116 differs. Expected EM; Found FM
Value at index 117 differs. Expected EN; Found FM
Value at index 118 differs. Expected EO; Found FM
Value at index 119 differs. Expected EP; Found FM
Value at index 120 differs. Expected EQ; Found FM
Value at index 121 differs. Expected ER; Found FM
Value at index 122 differs. Expected ES; Found FM
Value at index 123 differs. Expected ET; Found FM
Value at index 124 differs. Expected EU; Found FM
Value at index 125 differs. Expected EV; Found FM
Value at index 126 differs. Expected EW; Found FM
Value at index 127 differs. Expected EX; Found FM
Value at index 128 differs. Expected EY; Found FM
Value at index 129 differs. Expected EZ; Found FM
Value at index 130 differs. Expected FA; Found FM
Value at index 131 differs. Expected FB; Found FM
Value at index 132 differs. Expected FC; Found FM
Value at index 133 differs. Expected FD; Found FM
Value at index 134 differs. Expected FE; Found FM
Value at index 135 differs. Expected FF; Found FM
Value at index 136 differs. Expected FG; Found FM
Value at index 137 differs. Expected FH; Found FM
Value at index 138 differs. Expected FI; Found FM
Value at index 139 differs. Expected FJ; Found FM
Value at index 140 differs. Expected FK; Found FM
Value at index 141 differs. Expected FL; Found FM
Value at index 143 differs. Expected FN; Found EI
Value at index 144 differs. Expected FO; Found EI
Value at index 145 differs. Expected FP; Found EI
Value at index 146 differs. Expected FQ; Found EE
Value at index 147 differs. Expected FR; Found EE
Value at index 148 differs. Expected FS; Found EE
Value at index 149 differs. Expected FT; Found EE

