Invalid read count. Expected: 46; Found: 18
Invalid write count. Expected: 24; Found: 9
Value at index 0 differs. Expected A; Found J
Value at index 2 differs. Expected C; Found I
Value at index 8 differs. Expected I; Found C
Value at index 9 differs. Expected J; Found A

Invalid read count. Expected: 7 769; Found: 298
Invalid write count. Expected: 3 886; Found: 149
Value at index 0 differs. Expected AA; Found AZ
Value at index 1 differs. Expected AB; Found DD
Value at index 2 differs. Expected AC; Found BE
Value at index 5 differs. Expected AF; Found BW
Value at index 6 differs. Expected AG; Found AB
Value at index 7 differs. Expected AH; Found DV
Value at index 8 differs. Expected AI; Found DM
Value at index 9 differs. Expected AJ; Found CQ
Value at index 11 differs. Expected AL; Found DA
Value at index 13 differs. Expected AN; Found AX
Value at index 15 differs. Expected AP; Found BX
Value at index 17 differs. Expected AR; Found EN
Value at index 20 differs. Expected AU; Found EZ
Value at index 21 differs. Expected AV; Found DW
Value at index 22 differs. Expected AW; Found AJ
Value at index 23 differs. Expected AX; Found AN
Value at index 25 differs. Expected AZ; Found EE
Value at index 26 differs. Expected BA; Found BF
Value at index 27 differs. Expected BB; Found DZ
Value at index 30 differs. Expected BE; Found AC
Value at index 31 differs. Expected BF; Found BA
Value at index 32 differs. Expected BG; Found EO
Value at index 33 differs. Expected BH; Found CK
Value at index 35 differs. Expected BJ; Found FH
Value at index 36 differs. Expected BK; Found DB
Value at index 37 differs. Expected BL; Found DJ
Value at index 38 differs. Expected BM; Found EL
Value at index 41 differs. Expected BP; Found EX
Value at index 42 differs. Expected BQ; Found DF
Value at index 44 differs. Expected BS; Found BG
Value at index 45 differs. Expected BT; Found ET
Value at index 46 differs. Expected BU; Found EC
Value at index 47 differs. Expected BV; Found ER
Value at index 48 differs. Expected BW; Found AF
Value at index 49 differs. Expected BX; Found AP
Value at index 52 differs. Expected CA; Found EF
Value at index 53 differs. Expected CB; Found BU
Value at index 56 differs. Expected CE; Found FJ
Value at index 57 differs. Expected CF; Found EH
Value at index 59 differs. Expected CH; Found BP
Value at index 60 differs. Expected CI; Found FI
Value at index 61 differs. Expected CJ; Found CU
Value at index 62 differs. Expected CK; Found BH
Value at index 64 differs. Expected CM; Found AU
Value at index 65 differs. Expected CN; Found AR
Value at index 66 differs. Expected CO; Found FO
Value at index 67 differs. Expected CP; Found FL
Value at index 68 differs. Expected CQ; Found DX
Value at index 71 differs. Expected CT; Found FQ
Value at index 72 differs. Expected CU; Found CJ
Value at index 73 differs. Expected CV; Found CF
Value at index 74 differs. Expected CW; Found DG
Value at index 78 differs. Expected DA; Found AL
Value at index 79 differs. Expected DB; Found BK
Value at index 80 differs. Expected DC; Found FF
Value at index 81 differs. Expected DD; Found EK
Value at index 83 differs. Expected DF; Found BQ
Value at index 84 differs. Expected DG; Found CW
Value at index 87 differs. Expected DJ; Found BL
Value at index 90 differs. Expected DM; Found AI
Value at index 94 differs. Expected DQ; Found EQ
Value at index 96 differs. Expected DS; Found BM
Value at index 97 differs. Expected DT; Found BT
Value at index 99 differs. Expected DV; Found AH
Value at index 100 differs. Expected DW; Found AV
Value at index 101 differs. Expected DX; Found CQ
Value at index 103 differs. Expected DZ; Found BB
Value at index 106 differs. Expected EC; Found BU
Value at index 107 differs. Expected ED; Found FD
Value at index 108 differs. Expected EE; Found AZ
Value at index 109 differs. Expected EF; Found CA
Value at index 111 differs. Expected EH; Found CF
Value at index 114 differs. Expected EK; Found DD
Value at index 115 differs. Expected EL; Found BM
Value at index 117 differs. Expected EN; Found AR
Value at index 118 differs. Expected EO; Found BG
Value at index 120 differs. Expected EQ; Found DQ
Value at index 121 differs. Expected ER; Found BV
Value at index 123 differs. Expected ET; Found FP
Value at index 126 differs. Expected EW; Found CO
Value at index 127 differs. Expected EX; Found BP
Value at index 129 differs. Expected EZ; Found AU
Value at index 130 differs. Expected FA; Found CE
Value at index 132 differs. Expected FC; Found BJ
Value at index 133 differs. Expected FD; Found ED
Value at index 134 differs. Expected FE; Found CI
Value at index 135 differs. Expected FF; Found DC
Value at index 137 differs. Expected FH; Found BJ
Value at index 138 differs. Expected FI; Found CI
Value at index 139 differs. Expected FJ; Found CE
Value at index 141 differs. Expected FL; Found CP
Value at index 144 differs. Expected FO; Found CO
Value at index 145 differs. Expected FP; Found ET
Value at index 146 differs. Expected FQ; Found CT

