Invalid read count. Expected: 36; Found: 73
Invalid write count. Expected: 18; Found: 25
Value at index 0 differs. Expected A; Found C
Value at index 1 differs. Expected B; Found C
Value at index 2 differs. Expected C; Found D
Value at index 3 differs. Expected D; Found E
Value at index 4 differs. Expected E; Found F
Value at index 5 differs. Expected F; Found G

Invalid read count. Expected: 8,349; Found: 18,309
Invalid write count. Expected: 4,176; Found: 8,933
Value at index 2 differs. Expected AC; Found AG
Value at index 3 differs. Expected AD; Found AK
Value at index 4 differs. Expected AE; Found AK
Value at index 5 differs. Expected AF; Found AL
Value at index 6 differs. Expected AG; Found AL
Value at index 7 differs. Expected AH; Found AM
Value at index 8 differs. Expected AI; Found AM
Value at index 9 differs. Expected AJ; Found AO
Value at index 10 differs. Expected AK; Found AP
Value at index 11 differs. Expected AL; Found AP
Value at index 12 differs. Expected AM; Found AQ
Value at index 13 differs. Expected AN; Found AS
Value at index 14 differs. Expected AO; Found AV
Value at index 15 differs. Expected AP; Found AV
Value at index 16 differs. Expected AQ; Found AW
Value at index 17 differs. Expected AR; Found AY
Value at index 18 differs. Expected AS; Found AY
Value at index 19 differs. Expected AT; Found BB
Value at index 20 differs. Expected AU; Found BB
Value at index 21 differs. Expected AV; Found BC
Value at index 22 differs. Expected AW; Found BC
Value at index 23 differs. Expected AX; Found BE
Value at index 24 differs. Expected AY; Found BE
Value at index 25 differs. Expected AZ; Found BG
Value at index 26 differs. Expected BA; Found BG
Value at index 27 differs. Expected BB; Found BH
Value at index 28 differs. Expected BC; Found BH
Value at index 29 differs. Expected BD; Found BI
Value at index 30 differs. Expected BE; Found BJ
Value at index 31 differs. Expected BF; Found BK
Value at index 32 differs. Expected BG; Found BK
Value at index 33 differs. Expected BH; Found BN
Value at index 34 differs. Expected BI; Found BN
Value at index 35 differs. Expected BJ; Found BO
Value at index 36 differs. Expected BK; Found BO
Value at index 37 differs. Expected BL; Found BQ
Value at index 38 differs. Expected BM; Found BR
Value at index 39 differs. Expected BN; Found BS
Value at index 40 differs. Expected BO; Found BT
Value at index 41 differs. Expected BP; Found BT
Value at index 42 differs. Expected BQ; Found BU
Value at index 43 differs. Expected BR; Found BU
Value at index 44 differs. Expected BS; Found BW
Value at index 45 differs. Expected BT; Found BW
Value at index 46 differs. Expected BU; Found BZ
Value at index 47 differs. Expected BV; Found CB
Value at index 48 differs. Expected BW; Found CB
Value at index 49 differs. Expected BX; Found CC
Value at index 50 differs. Expected BY; Found CC
Value at index 51 differs. Expected BZ; Found CD
Value at index 52 differs. Expected CA; Found CD
Value at index 53 differs. Expected CB; Found CE
Value at index 54 differs. Expected CC; Found CG
Value at index 55 differs. Expected CD; Found CG
Value at index 56 differs. Expected CE; Found CH
Value at index 57 differs. Expected CF; Found CJ
Value at index 58 differs. Expected CG; Found CK
Value at index 59 differs. Expected CH; Found CK
Value at index 60 differs. Expected CI; Found CL
Value at index 61 differs. Expected CJ; Found CL
Value at index 62 differs. Expected CK; Found CP
Value at index 63 differs. Expected CL; Found CP
Value at index 64 differs. Expected CM; Found CR
Value at index 65 differs. Expected CN; Found CR
Value at index 66 differs. Expected CO; Found CS
Value at index 67 differs. Expected CP; Found CV
Value at index 68 differs. Expected CQ; Found CV
Value at index 69 differs. Expected CR; Found CW
Value at index 70 differs. Expected CS; Found CW
Value at index 71 differs. Expected CT; Found CX
Value at index 72 differs. Expected CU; Found CX
Value at index 73 differs. Expected CV; Found CZ
Value at index 74 differs. Expected CW; Found CZ
Value at index 75 differs. Expected CX; Found DA
Value at index 76 differs. Expected CY; Found DB
Value at index 77 differs. Expected CZ; Found DC
Value at index 78 differs. Expected DA; Found DD
Value at index 79 differs. Expected DB; Found DE
Value at index 80 differs. Expected DC; Found DE
Value at index 81 differs. Expected DD; Found DG
Value at index 82 differs. Expected DE; Found DJ
Value at index 83 differs. Expected DF; Found DJ
Value at index 84 differs. Expected DG; Found DL
Value at index 85 differs. Expected DH; Found DL
Value at index 86 differs. Expected DI; Found DM
Value at index 87 differs. Expected DJ; Found DN
Value at index 88 differs. Expected DK; Found DP
Value at index 89 differs. Expected DL; Found DP
Value at index 90 differs. Expected DM; Found DQ
Value at index 91 differs. Expected DN; Found DR
Value at index 92 differs. Expected DO; Found DR
Value at index 93 differs. Expected DP; Found DS
Value at index 94 differs. Expected DQ; Found DT
Value at index 95 differs. Expected DR; Found DT
Value at index 96 differs. Expected DS; Found DV
Value at index 97 differs. Expected DT; Found DX
Value at index 98 differs. Expected DU; Found DX
Value at index 99 differs. Expected DV; Found DZ
Value at index 100 differs. Expected DW; Found DZ
Value at index 101 differs. Expected DX; Found EA
Value at index 102 differs. Expected DY; Found EC
Value at index 103 differs. Expected DZ; Found EC
Value at index 104 differs. Expected EA; Found ED
Value at index 105 differs. Expected EB; Found EE
Value at index 106 differs. Expected EC; Found EF
Value at index 107 differs. Expected ED; Found EF
Value at index 108 differs. Expected EE; Found EG
Value at index 109 differs. Expected EF; Found EG
Value at index 110 differs. Expected EG; Found EI
Value at index 111 differs. Expected EH; Found EJ
Value at index 112 differs. Expected EI; Found EJ
Value at index 113 differs. Expected EJ; Found EO
Value at index 114 differs. Expected EK; Found EO
Value at index 115 differs. Expected EL; Found EP
Value at index 116 differs. Expected EM; Found EP
Value at index 117 differs. Expected EN; Found EQ
Value at index 118 differs. Expected EO; Found EQ
Value at index 119 differs. Expected EP; Found ER
Value at index 120 differs. Expected EQ; Found EU
Value at index 121 differs. Expected ER; Found EU
Value at index 122 differs. Expected ES; Found EV
Value at index 123 differs. Expected ET; Found EX
Value at index 124 differs. Expected EU; Found EY
Value at index 125 differs. Expected EV; Found EY
Value at index 126 differs. Expected EW; Found EZ
Value at index 127 differs. Expected EX; Found FA
Value at index 128 differs. Expected EY; Found FA
Value at index 129 differs. Expected EZ; Found FB
Value at index 130 differs. Expected FA; Found FC
Value at index 131 differs. Expected FB; Found FE
Value at index 132 differs. Expected FC; Found FE
Value at index 133 differs. Expected FD; Found FF
Value at index 134 differs. Expected FE; Found FH
Value at index 135 differs. Expected FF; Found FI
Value at index 136 differs. Expected FG; Found FI
Value at index 137 differs. Expected FH; Found FK
Value at index 138 differs. Expected FI; Found FK
Value at index 139 differs. Expected FJ; Found FL
Value at index 140 differs. Expected FK; Found FM
Value at index 141 differs. Expected FL; Found FN
Value at index 142 differs. Expected FM; Found FN
Value at index 143 differs. Expected FN; Found FO
Value at index 145 differs. Expected FP; Found FQ
Value at index 146 differs. Expected FQ; Found FR

