Invalid read count. Expected: 36; Found: 63
Invalid write count. Expected: 18; Found: 37

Invalid read count. Expected: 9 442; Found: 15 986
Invalid write count. Expected: 4 723; Found: 15 765
Value at index 0 differs. Expected AA; Found AU
Value at index 1 differs. Expected AB; Found AU
Value at index 2 differs. Expected AC; Found AU
Value at index 3 differs. Expected AD; Found AU
Value at index 4 differs. Expected AE; Found AU
Value at index 5 differs. Expected AF; Found AU
Value at index 6 differs. Expected AG; Found AU
Value at index 7 differs. Expected AH; Found AU
Value at index 8 differs. Expected AI; Found AU
Value at index 9 differs. Expected AJ; Found AU
Value at index 10 differs. Expected AK; Found AU
Value at index 11 differs. Expected AL; Found AU
Value at index 12 differs. Expected AM; Found AU
Value at index 13 differs. Expected AN; Found AU
Value at index 14 differs. Expected AO; Found AU
Value at index 15 differs. Expected AP; Found AU
Value at index 16 differs. Expected AQ; Found AU
Value at index 17 differs. Expected AR; Found AU
Value at index 18 differs. Expected AS; Found AU
Value at index 19 differs. Expected AT; Found AU

