Invalid read count. Expected: 47; Found: 13
Invalid write count. Expected: 24; Found: 6
Value at index 0 differs. Expected A; Found C
Value at index 1 differs. Expected B; Found C
Value at index 2 differs. Expected C; Found B
Value at index 3 differs. Expected D; Found A
Value at index 4 differs. Expected E; Found I
Value at index 5 differs. Expected F; Found J
Value at index 6 differs. Expected G; Found H
Value at index 7 differs. Expected H; Found D
Value at index 8 differs. Expected I; Found E
Value at index 9 differs. Expected J; Found G

Invalid read count. Expected: 9 424; Found: 3
Invalid write count. Expected: 4 712; Found: 1
Value at index 1 differs. Expected AB; Found AA
Value at index 2 differs. Expected AC; Found CQ
Value at index 3 differs. Expected AD; Found BL
Value at index 5 differs. Expected AF; Found DG
Value at index 6 differs. Expected AG; Found DI
Value at index 7 differs. Expected AH; Found CL
Value at index 8 differs. Expected AI; Found EM
Value at index 9 differs. Expected AJ; Found EC
Value at index 10 differs. Expected AK; Found BW
Value at index 12 differs. Expected AM; Found CP
Value at index 13 differs. Expected AN; Found AZ
Value at index 14 differs. Expected AO; Found FF
Value at index 15 differs. Expected AP; Found BM
Value at index 16 differs. Expected AQ; Found FN
Value at index 17 differs. Expected AR; Found EV
Value at index 19 differs. Expected AT; Found CT
Value at index 20 differs. Expected AU; Found DC
Value at index 23 differs. Expected AX; Found CJ
Value at index 25 differs. Expected AZ; Found AN
Value at index 27 differs. Expected BB; Found FI
Value at index 28 differs. Expected BC; Found FT
Value at index 30 differs. Expected BE; Found CD
Value at index 32 differs. Expected BG; Found BT
Value at index 33 differs. Expected BH; Found EX
Value at index 34 differs. Expected BI; Found BB
Value at index 35 differs. Expected BJ; Found FQ
Value at index 36 differs. Expected BK; Found EH
Value at index 37 differs. Expected BL; Found AD
Value at index 38 differs. Expected BM; Found AP
Value at index 40 differs. Expected BO; Found CX
Value at index 41 differs. Expected BP; Found BE
Value at index 42 differs. Expected BQ; Found BU
Value at index 43 differs. Expected BR; Found FA
Value at index 45 differs. Expected BT; Found BG
Value at index 46 differs. Expected BU; Found ER
Value at index 48 differs. Expected BW; Found DD
Value at index 49 differs. Expected BX; Found FJ
Value at index 50 differs. Expected BY; Found CS
Value at index 55 differs. Expected CD; Found AT
Value at index 56 differs. Expected CE; Found AB
Value at index 58 differs. Expected CG; Found CK
Value at index 61 differs. Expected CJ; Found AX
Value at index 62 differs. Expected CK; Found CN
Value at index 63 differs. Expected CL; Found AH
Value at index 64 differs. Expected CM; Found EA
Value at index 65 differs. Expected CN; Found FO
Value at index 66 differs. Expected CO; Found EF
Value at index 67 differs. Expected CP; Found CE
Value at index 68 differs. Expected CQ; Found DP
Value at index 70 differs. Expected CS; Found FK
Value at index 71 differs. Expected CT; Found CO
Value at index 72 differs. Expected CU; Found AI
Value at index 75 differs. Expected CX; Found AQ
Value at index 76 differs. Expected CY; Found FG
Value at index 78 differs. Expected DA; Found DX
Value at index 79 differs. Expected DB; Found DH
Value at index 80 differs. Expected DC; Found BQ
Value at index 81 differs. Expected DD; Found AK
Value at index 84 differs. Expected DG; Found AF
Value at index 85 differs. Expected DH; Found DB
Value at index 86 differs. Expected DI; Found AG
Value at index 88 differs. Expected DK; Found EZ
Value at index 91 differs. Expected DN; Found AU
Value at index 93 differs. Expected DP; Found FB
Value at index 98 differs. Expected DU; Found ED
Value at index 101 differs. Expected DX; Found AR
Value at index 103 differs. Expected DZ; Found CU
Value at index 104 differs. Expected EA; Found FL
Value at index 106 differs. Expected EC; Found EL
Value at index 107 differs. Expected ED; Found EW
Value at index 108 differs. Expected EE; Found BC
Value at index 109 differs. Expected EF; Found EK
Value at index 111 differs. Expected EH; Found BK
Value at index 112 differs. Expected EI; Found FP
Value at index 114 differs. Expected EK; Found BP
Value at index 115 differs. Expected EL; Found AJ
Value at index 116 differs. Expected EM; Found DZ
Value at index 120 differs. Expected EQ; Found ET
Value at index 121 differs. Expected ER; Found DN
Value at index 122 differs. Expected ES; Found FS
Value at index 123 differs. Expected ET; Found EQ
Value at index 125 differs. Expected EV; Found DA
Value at index 126 differs. Expected EW; Found BR
Value at index 127 differs. Expected EX; Found BH
Value at index 128 differs. Expected EY; Found AO
Value at index 129 differs. Expected EZ; Found DK
Value at index 130 differs. Expected FA; Found DU
Value at index 131 differs. Expected FB; Found AC
Value at index 135 differs. Expected FF; Found EY
Value at index 136 differs. Expected FG; Found CY
Value at index 138 differs. Expected FI; Found BI
Value at index 139 differs. Expected FJ; Found BX
Value at index 140 differs. Expected FK; Found BJ
Value at index 141 differs. Expected FL; Found FR
Value at index 143 differs. Expected FN; Found BO
Value at index 144 differs. Expected FO; Found CG
Value at index 145 differs. Expected FP; Found EI
Value at index 146 differs. Expected FQ; Found BY
Value at index 147 differs. Expected FR; Found CM
Value at index 148 differs. Expected FS; Found AM
Value at index 149 differs. Expected FT; Found EE

