Invalid read count. Expected: 68; Found: 50
Invalid write count. Expected: 35; Found: 26
Value at index 0 differs. Expected A; Found J
Value at index 1 differs. Expected B; Found A
Value at index 2 differs. Expected C; Found B
Value at index 3 differs. Expected D; Found C
Value at index 4 differs. Expected E; Found D
Value at index 5 differs. Expected F; Found E
Value at index 6 differs. Expected G; Found F
Value at index 7 differs. Expected H; Found G
Value at index 8 differs. Expected I; Found H
Value at index 9 differs. Expected J; Found I

Invalid read count. Expected: 9 188; Found: 9 164
Invalid write count. Expected: 4 595; Found: 4 583
Value at index 0 differs. Expected AA; Found AM
Value at index 1 differs. Expected AB; Found AA
Value at index 2 differs. Expected AC; Found AB
Value at index 3 differs. Expected AD; Found AC
Value at index 4 differs. Expected AE; Found AD
Value at index 5 differs. Expected AF; Found AE
Value at index 6 differs. Expected AG; Found AF
Value at index 7 differs. Expected AH; Found AG
Value at index 8 differs. Expected AI; Found AH
Value at index 9 differs. Expected AJ; Found AI
Value at index 10 differs. Expected AK; Found AJ
Value at index 11 differs. Expected AL; Found AK
Value at index 12 differs. Expected AM; Found AL

