Invalid read count. Expected: 68; Found: 73
Invalid write count. Expected: 35; Found: 38
Value at index 1 differs. Expected B; Found H
Value at index 2 differs. Expected C; Found H
Value at index 3 differs. Expected D; Found H
Value at index 4 differs. Expected E; Found I
Value at index 5 differs. Expected F; Found I
Value at index 6 differs. Expected G; Found I
Value at index 7 differs. Expected H; Found I
Value at index 9 differs. Expected J; Found I

Invalid read count. Expected: 9 188; Found: 17 052
Invalid write count. Expected: 4 595; Found: 8 582
Value at index 0 differs. Expected AA; Found BI
Value at index 1 differs. Expected AB; Found EJ
Value at index 2 differs. Expected AC; Found EJ
Value at index 3 differs. Expected AD; Found EJ
Value at index 4 differs. Expected AE; Found EJ
Value at index 5 differs. Expected AF; Found EJ
Value at index 6 differs. Expected AG; Found EJ
Value at index 7 differs. Expected AH; Found EJ
Value at index 8 differs. Expected AI; Found EJ
Value at index 9 differs. Expected AJ; Found EJ
Value at index 10 differs. Expected AK; Found EJ
Value at index 11 differs. Expected AL; Found EJ
Value at index 12 differs. Expected AM; Found EJ
Value at index 13 differs. Expected AN; Found EJ
Value at index 14 differs. Expected AO; Found EJ
Value at index 15 differs. Expected AP; Found EJ
Value at index 16 differs. Expected AQ; Found EJ
Value at index 17 differs. Expected AR; Found EJ
Value at index 18 differs. Expected AS; Found EJ
Value at index 19 differs. Expected AT; Found EJ
Value at index 20 differs. Expected AU; Found EJ
Value at index 21 differs. Expected AV; Found EJ
Value at index 22 differs. Expected AW; Found EJ
Value at index 23 differs. Expected AX; Found EJ
Value at index 24 differs. Expected AY; Found EJ
Value at index 25 differs. Expected AZ; Found EJ
Value at index 26 differs. Expected BA; Found EJ
Value at index 27 differs. Expected BB; Found EJ
Value at index 28 differs. Expected BC; Found EJ
Value at index 29 differs. Expected BD; Found EJ
Value at index 30 differs. Expected BE; Found EJ
Value at index 31 differs. Expected BF; Found EJ
Value at index 32 differs. Expected BG; Found EJ
Value at index 33 differs. Expected BH; Found EJ
Value at index 34 differs. Expected BI; Found EJ
Value at index 35 differs. Expected BJ; Found EJ
Value at index 36 differs. Expected BK; Found EJ
Value at index 37 differs. Expected BL; Found EJ
Value at index 38 differs. Expected BM; Found EJ
Value at index 39 differs. Expected BN; Found EJ
Value at index 40 differs. Expected BO; Found EJ
Value at index 41 differs. Expected BP; Found EJ
Value at index 42 differs. Expected BQ; Found EJ
Value at index 43 differs. Expected BR; Found EJ
Value at index 44 differs. Expected BS; Found EJ
Value at index 45 differs. Expected BT; Found EJ
Value at index 46 differs. Expected BU; Found EJ
Value at index 47 differs. Expected BV; Found EJ
Value at index 48 differs. Expected BW; Found EJ
Value at index 49 differs. Expected BX; Found EJ
Value at index 50 differs. Expected BY; Found EJ
Value at index 51 differs. Expected BZ; Found EJ
Value at index 52 differs. Expected CA; Found EJ
Value at index 53 differs. Expected CB; Found EJ
Value at index 54 differs. Expected CC; Found EJ
Value at index 55 differs. Expected CD; Found EJ
Value at index 56 differs. Expected CE; Found EJ
Value at index 57 differs. Expected CF; Found EJ
Value at index 58 differs. Expected CG; Found EJ
Value at index 59 differs. Expected CH; Found EJ
Value at index 60 differs. Expected CI; Found EJ
Value at index 61 differs. Expected CJ; Found EJ
Value at index 62 differs. Expected CK; Found EJ
Value at index 63 differs. Expected CL; Found EJ
Value at index 64 differs. Expected CM; Found EJ
Value at index 65 differs. Expected CN; Found EJ
Value at index 66 differs. Expected CO; Found EJ
Value at index 67 differs. Expected CP; Found EJ
Value at index 68 differs. Expected CQ; Found EJ
Value at index 69 differs. Expected CR; Found EJ
Value at index 70 differs. Expected CS; Found EJ
Value at index 71 differs. Expected CT; Found EJ
Value at index 72 differs. Expected CU; Found EJ
Value at index 73 differs. Expected CV; Found EJ
Value at index 74 differs. Expected CW; Found EJ
Value at index 75 differs. Expected CX; Found EJ
Value at index 76 differs. Expected CY; Found EJ
Value at index 77 differs. Expected CZ; Found EJ
Value at index 78 differs. Expected DA; Found EJ
Value at index 79 differs. Expected DB; Found EJ
Value at index 80 differs. Expected DC; Found EJ
Value at index 81 differs. Expected DD; Found EJ
Value at index 82 differs. Expected DE; Found EJ
Value at index 83 differs. Expected DF; Found EJ
Value at index 84 differs. Expected DG; Found EJ
Value at index 85 differs. Expected DH; Found EJ
Value at index 86 differs. Expected DI; Found EJ
Value at index 87 differs. Expected DJ; Found EJ
Value at index 88 differs. Expected DK; Found EJ
Value at index 89 differs. Expected DL; Found EJ
Value at index 90 differs. Expected DM; Found EJ
Value at index 91 differs. Expected DN; Found EJ
Value at index 92 differs. Expected DO; Found EJ
Value at index 93 differs. Expected DP; Found EJ
Value at index 94 differs. Expected DQ; Found EJ
Value at index 95 differs. Expected DR; Found EJ
Value at index 96 differs. Expected DS; Found EJ
Value at index 97 differs. Expected DT; Found EJ
Value at index 98 differs. Expected DU; Found EJ
Value at index 99 differs. Expected DV; Found EJ
Value at index 100 differs. Expected DW; Found EJ
Value at index 101 differs. Expected DX; Found EJ
Value at index 102 differs. Expected DY; Found EJ
Value at index 103 differs. Expected DZ; Found EJ
Value at index 104 differs. Expected EA; Found EJ
Value at index 105 differs. Expected EB; Found EJ
Value at index 106 differs. Expected EC; Found EJ
Value at index 107 differs. Expected ED; Found EJ
Value at index 108 differs. Expected EE; Found EL
Value at index 109 differs. Expected EF; Found EM
Value at index 110 differs. Expected EG; Found EP
Value at index 111 differs. Expected EH; Found EQ
Value at index 112 differs. Expected EI; Found ER
Value at index 113 differs. Expected EJ; Found ES
Value at index 114 differs. Expected EK; Found ES
Value at index 115 differs. Expected EL; Found ET
Value at index 116 differs. Expected EM; Found ET
Value at index 117 differs. Expected EN; Found ET
Value at index 118 differs. Expected EO; Found ET
Value at index 119 differs. Expected EP; Found EV
Value at index 120 differs. Expected EQ; Found EV
Value at index 121 differs. Expected ER; Found FC
Value at index 122 differs. Expected ES; Found FE
Value at index 123 differs. Expected ET; Found FE
Value at index 124 differs. Expected EU; Found FE
Value at index 125 differs. Expected EV; Found FE
Value at index 126 differs. Expected EW; Found FE
Value at index 127 differs. Expected EX; Found FE
Value at index 128 differs. Expected EY; Found FE
Value at index 129 differs. Expected EZ; Found FF
Value at index 130 differs. Expected FA; Found FK
Value at index 131 differs. Expected FB; Found FL
Value at index 132 differs. Expected FC; Found FL
Value at index 133 differs. Expected FD; Found FL
Value at index 134 differs. Expected FE; Found FL
Value at index 135 differs. Expected FF; Found FL
Value at index 136 differs. Expected FG; Found FL
Value at index 137 differs. Expected FH; Found FM
Value at index 138 differs. Expected FI; Found FM
Value at index 139 differs. Expected FJ; Found FN
Value at index 140 differs. Expected FK; Found FO
Value at index 141 differs. Expected FL; Found FO
Value at index 142 differs. Expected FM; Found FO
Value at index 143 differs. Expected FN; Found FQ
Value at index 144 differs. Expected FO; Found FR
Value at index 145 differs. Expected FP; Found FR
Value at index 146 differs. Expected FQ; Found FS
Value at index 147 differs. Expected FR; Found FS
Value at index 148 differs. Expected FS; Found FT

