Invalid read count. Expected: 68; Found: 27
Invalid write count. Expected: 35; Found: 18
Value at index 0 differs. Expected A; Found B
Value at index 1 differs. Expected B; Found C
Value at index 2 differs. Expected C; Found I
Value at index 3 differs. Expected D; Found E
Value at index 4 differs. Expected E; Found F
Value at index 5 differs. Expected F; Found G
Value at index 6 differs. Expected G; Found H
Value at index 7 differs. Expected H; Found D
Value at index 8 differs. Expected I; Found A

Invalid read count. Expected: 9 188; Found: 8
Invalid write count. Expected: 4 595; Found: 4
Value at index 0 differs. Expected AA; Found AB
Value at index 2 differs. Expected AC; Found AM
Value at index 3 differs. Expected AD; Found DX
Value at index 4 differs. Expected AE; Found CW
Value at index 5 differs. Expected AF; Found DO
Value at index 8 differs. Expected AI; Found CJ
Value at index 9 differs. Expected AJ; Found EU
Value at index 10 differs. Expected AK; Found FD
Value at index 11 differs. Expected AL; Found FP
Value at index 12 differs. Expected AM; Found EX
Value at index 15 differs. Expected AP; Found FS
Value at index 16 differs. Expected AQ; Found BO
Value at index 18 differs. Expected AS; Found CU
Value at index 19 differs. Expected AT; Found DV
Value at index 20 differs. Expected AU; Found CN
Value at index 24 differs. Expected AY; Found BJ
Value at index 25 differs. Expected AZ; Found DI
Value at index 27 differs. Expected BB; Found BD
Value at index 28 differs. Expected BC; Found FO
Value at index 29 differs. Expected BD; Found EN
Value at index 30 differs. Expected BE; Found AJ
Value at index 32 differs. Expected BG; Found EV
Value at index 34 differs. Expected BI; Found FT
Value at index 35 differs. Expected BJ; Found AP
Value at index 37 differs. Expected BL; Found FM
Value at index 38 differs. Expected BM; Found DZ
Value at index 39 differs. Expected BN; Found BL
Value at index 40 differs. Expected BO; Found AQ
Value at index 41 differs. Expected BP; Found DM
Value at index 43 differs. Expected BR; Found FR
Value at index 44 differs. Expected BS; Found FI
Value at index 52 differs. Expected CA; Found FL
Value at index 53 differs. Expected CB; Found BE
Value at index 54 differs. Expected CC; Found AU
Value at index 57 differs. Expected CF; Found CS
Value at index 58 differs. Expected CG; Found BR
Value at index 61 differs. Expected CJ; Found CO
Value at index 63 differs. Expected CL; Found CV
Value at index 65 differs. Expected CN; Found CC
Value at index 66 differs. Expected CO; Found DF
Value at index 67 differs. Expected CP; Found DE
Value at index 69 differs. Expected CR; Found EO
Value at index 70 differs. Expected CS; Found CF
Value at index 72 differs. Expected CU; Found CZ
Value at index 73 differs. Expected CV; Found CL
Value at index 74 differs. Expected CW; Found AE
Value at index 76 differs. Expected CY; Found ET
Value at index 77 differs. Expected CZ; Found AS
Value at index 78 differs. Expected DA; Found AF
Value at index 80 differs. Expected DC; Found CP
Value at index 82 differs. Expected DE; Found CY
Value at index 83 differs. Expected DF; Found AI
Value at index 85 differs. Expected DH; Found EK
Value at index 86 differs. Expected DI; Found DU
Value at index 87 differs. Expected DJ; Found EA
Value at index 88 differs. Expected DK; Found AY
Value at index 90 differs. Expected DM; Found BP
Value at index 91 differs. Expected DN; Found AC
Value at index 92 differs. Expected DO; Found DA
Value at index 96 differs. Expected DS; Found FQ
Value at index 98 differs. Expected DU; Found AZ
Value at index 99 differs. Expected DV; Found AA
Value at index 101 differs. Expected DX; Found DC
Value at index 103 differs. Expected DZ; Found BM
Value at index 104 differs. Expected EA; Found EQ
Value at index 106 differs. Expected EC; Found EI
Value at index 111 differs. Expected EH; Found EM
Value at index 112 differs. Expected EI; Found AD
Value at index 113 differs. Expected EJ; Found EC
Value at index 114 differs. Expected EK; Found DH
Value at index 116 differs. Expected EM; Found EH
Value at index 117 differs. Expected EN; Found ES
Value at index 118 differs. Expected EO; Found FF
Value at index 120 differs. Expected EQ; Found DJ
Value at index 122 differs. Expected ES; Found BG
Value at index 123 differs. Expected ET; Found DN
Value at index 124 differs. Expected EU; Found CR
Value at index 125 differs. Expected EV; Found FE
Value at index 127 differs. Expected EX; Found AT
Value at index 133 differs. Expected FD; Found AK
Value at index 134 differs. Expected FE; Found BB
Value at index 135 differs. Expected FF; Found CA
Value at index 138 differs. Expected FI; Found BS
Value at index 141 differs. Expected FL; Found CB
Value at index 142 differs. Expected FM; Found BN
Value at index 144 differs. Expected FO; Found BC
Value at index 145 differs. Expected FP; Found AL
Value at index 146 differs. Expected FQ; Found DS
Value at index 147 differs. Expected FR; Found CG
Value at index 148 differs. Expected FS; Found DK
Value at index 149 differs. Expected FT; Found BI

