Invalid read count. Expected: 49; Found: 121
Invalid write count. Expected: 25; Found: 13
Value at index 0 differs. Expected A; Found B
Value at index 2 differs. Expected C; Found B
Value at index 3 differs. Expected D; Found B
Value at index 4 differs. Expected E; Found A
Value at index 5 differs. Expected F; Found A
Value at index 6 differs. Expected G; Found A
Value at index 7 differs. Expected H; Found A
Value at index 8 differs. Expected I; Found A
Value at index 9 differs. Expected J; Found A

Invalid read count. Expected: 10 645; Found: 23 223
Invalid write count. Expected: 5 325; Found: 575
Value at index 0 differs. Expected AA; Found BN
Value at index 1 differs. Expected AB; Found AM
Value at index 2 differs. Expected AC; Found AM
Value at index 3 differs. Expected AD; Found AM
Value at index 4 differs. Expected AE; Found AM
Value at index 5 differs. Expected AF; Found AM
Value at index 6 differs. Expected AG; Found AM
Value at index 7 differs. Expected AH; Found AM
Value at index 9 differs. Expected AJ; Found AI
Value at index 10 differs. Expected AK; Found AI
Value at index 11 differs. Expected AL; Found AI
Value at index 12 differs. Expected AM; Found AI
Value at index 13 differs. Expected AN; Found AI
Value at index 14 differs. Expected AO; Found AI
Value at index 15 differs. Expected AP; Found AI
Value at index 16 differs. Expected AQ; Found AI
Value at index 17 differs. Expected AR; Found AI
Value at index 18 differs. Expected AS; Found AI
Value at index 19 differs. Expected AT; Found AI
Value at index 20 differs. Expected AU; Found AI
Value at index 21 differs. Expected AV; Found AI
Value at index 22 differs. Expected AW; Found AI
Value at index 23 differs. Expected AX; Found AI
Value at index 24 differs. Expected AY; Found AI
Value at index 25 differs. Expected AZ; Found AI
Value at index 26 differs. Expected BA; Found AI
Value at index 27 differs. Expected BB; Found AI
Value at index 28 differs. Expected BC; Found AI
Value at index 29 differs. Expected BD; Found AI
Value at index 30 differs. Expected BE; Found AI
Value at index 31 differs. Expected BF; Found AI
Value at index 32 differs. Expected BG; Found AI
Value at index 33 differs. Expected BH; Found AI
Value at index 34 differs. Expected BI; Found AI
Value at index 35 differs. Expected BJ; Found AI
Value at index 36 differs. Expected BK; Found AI
Value at index 37 differs. Expected BL; Found AI
Value at index 38 differs. Expected BM; Found AI
Value at index 39 differs. Expected BN; Found AC
Value at index 40 differs. Expected BO; Found AC
Value at index 41 differs. Expected BP; Found AC
Value at index 42 differs. Expected BQ; Found AC
Value at index 43 differs. Expected BR; Found AC
Value at index 44 differs. Expected BS; Found AC
Value at index 45 differs. Expected BT; Found AC
Value at index 46 differs. Expected BU; Found AC
Value at index 47 differs. Expected BV; Found AC
Value at index 48 differs. Expected BW; Found AC
Value at index 49 differs. Expected BX; Found AC
Value at index 50 differs. Expected BY; Found AC
Value at index 51 differs. Expected BZ; Found AC
Value at index 52 differs. Expected CA; Found AC
Value at index 53 differs. Expected CB; Found AC
Value at index 54 differs. Expected CC; Found AC
Value at index 55 differs. Expected CD; Found AC
Value at index 56 differs. Expected CE; Found AC
Value at index 57 differs. Expected CF; Found AC
Value at index 58 differs. Expected CG; Found AC
Value at index 59 differs. Expected CH; Found AC
Value at index 60 differs. Expected CI; Found AC
Value at index 61 differs. Expected CJ; Found AC
Value at index 62 differs. Expected CK; Found AC
Value at index 63 differs. Expected CL; Found AC
Value at index 64 differs. Expected CM; Found AC
Value at index 65 differs. Expected CN; Found AC
Value at index 66 differs. Expected CO; Found AC
Value at index 67 differs. Expected CP; Found AC
Value at index 68 differs. Expected CQ; Found AC
Value at index 69 differs. Expected CR; Found AC
Value at index 70 differs. Expected CS; Found AC
Value at index 71 differs. Expected CT; Found AC
Value at index 72 differs. Expected CU; Found AC
Value at index 73 differs. Expected CV; Found AC
Value at index 74 differs. Expected CW; Found AC
Value at index 75 differs. Expected CX; Found AC
Value at index 76 differs. Expected CY; Found AC
Value at index 77 differs. Expected CZ; Found AC
Value at index 78 differs. Expected DA; Found AC
Value at index 79 differs. Expected DB; Found AC
Value at index 80 differs. Expected DC; Found AB
Value at index 81 differs. Expected DD; Found AB
Value at index 82 differs. Expected DE; Found AB
Value at index 83 differs. Expected DF; Found AB
Value at index 84 differs. Expected DG; Found AB
Value at index 85 differs. Expected DH; Found AB
Value at index 86 differs. Expected DI; Found AB
Value at index 87 differs. Expected DJ; Found AB
Value at index 88 differs. Expected DK; Found AB
Value at index 89 differs. Expected DL; Found AB
Value at index 90 differs. Expected DM; Found AB
Value at index 91 differs. Expected DN; Found AB
Value at index 92 differs. Expected DO; Found AB
Value at index 93 differs. Expected DP; Found AB
Value at index 94 differs. Expected DQ; Found AB
Value at index 95 differs. Expected DR; Found AB
Value at index 96 differs. Expected DS; Found AB
Value at index 97 differs. Expected DT; Found AB
Value at index 98 differs. Expected DU; Found AB
Value at index 99 differs. Expected DV; Found AB
Value at index 100 differs. Expected DW; Found AB
Value at index 101 differs. Expected DX; Found AB
Value at index 102 differs. Expected DY; Found AB
Value at index 103 differs. Expected DZ; Found AB
Value at index 104 differs. Expected EA; Found AB
Value at index 105 differs. Expected EB; Found AB
Value at index 106 differs. Expected EC; Found AB
Value at index 107 differs. Expected ED; Found AB
Value at index 108 differs. Expected EE; Found AB
Value at index 109 differs. Expected EF; Found AB
Value at index 110 differs. Expected EG; Found AB
Value at index 111 differs. Expected EH; Found AB
Value at index 112 differs. Expected EI; Found AB
Value at index 113 differs. Expected EJ; Found AB
Value at index 114 differs. Expected EK; Found AB
Value at index 115 differs. Expected EL; Found AB
Value at index 116 differs. Expected EM; Found AB
Value at index 117 differs. Expected EN; Found AB
Value at index 118 differs. Expected EO; Found AB
Value at index 119 differs. Expected EP; Found AB
Value at index 120 differs. Expected EQ; Found AB
Value at index 121 differs. Expected ER; Found AB
Value at index 122 differs. Expected ES; Found AB
Value at index 123 differs. Expected ET; Found AB
Value at index 124 differs. Expected EU; Found AB
Value at index 125 differs. Expected EV; Found AB
Value at index 126 differs. Expected EW; Found AB
Value at index 127 differs. Expected EX; Found AB
Value at index 128 differs. Expected EY; Found AB
Value at index 129 differs. Expected EZ; Found AA
Value at index 130 differs. Expected FA; Found AA
Value at index 131 differs. Expected FB; Found AA
Value at index 132 differs. Expected FC; Found AA
Value at index 133 differs. Expected FD; Found AA
Value at index 134 differs. Expected FE; Found AA
Value at index 135 differs. Expected FF; Found AA
Value at index 136 differs. Expected FG; Found AA
Value at index 137 differs. Expected FH; Found AA
Value at index 138 differs. Expected FI; Found AA
Value at index 139 differs. Expected FJ; Found AA
Value at index 140 differs. Expected FK; Found AA
Value at index 141 differs. Expected FL; Found AA
Value at index 142 differs. Expected FM; Found AA
Value at index 143 differs. Expected FN; Found AA
Value at index 144 differs. Expected FO; Found AA
Value at index 145 differs. Expected FP; Found AA
Value at index 146 differs. Expected FQ; Found AA
Value at index 147 differs. Expected FR; Found AA
Value at index 148 differs. Expected FS; Found AA
Value at index 149 differs. Expected FT; Found AA

