Invalid read count. Expected: 49; Found: 31
Invalid write count. Expected: 25; Found: 17
Value at index 0 differs. Expected A; Found B
Value at index 1 differs. Expected B; Found A
Value at index 2 differs. Expected C; Found D
Value at index 3 differs. Expected D; Found F
Value at index 4 differs. Expected E; Found A
Value at index 5 differs. Expected F; Found C
Value at index 6 differs. Expected G; Found E
Value at index 7 differs. Expected H; Found C
Value at index 8 differs. Expected I; Found H

Invalid read count. Expected: 10 645; Found: 1 297
Invalid write count. Expected: 5 325; Found: 651
Value at index 0 differs. Expected AA; Found BN
Value at index 1 differs. Expected AB; Found AA
Value at index 2 differs. Expected AC; Found AB
Value at index 3 differs. Expected AD; Found AC
Value at index 4 differs. Expected AE; Found AI
Value at index 5 differs. Expected AF; Found AM
Value at index 6 differs. Expected AG; Found CG
Value at index 7 differs. Expected AH; Found DM
Value at index 8 differs. Expected AI; Found CG
Value at index 9 differs. Expected AJ; Found CZ
Value at index 10 differs. Expected AK; Found DL
Value at index 11 differs. Expected AL; Found AI
Value at index 12 differs. Expected AM; Found AO
Value at index 13 differs. Expected AN; Found AQ
Value at index 14 differs. Expected AO; Found BY
Value at index 15 differs. Expected AP; Found CW
Value at index 16 differs. Expected AQ; Found DC
Value at index 17 differs. Expected AR; Found AO
Value at index 18 differs. Expected AS; Found AP
Value at index 20 differs. Expected AU; Found BH
Value at index 21 differs. Expected AV; Found BH
Value at index 22 differs. Expected AW; Found AP
Value at index 23 differs. Expected AX; Found AU
Value at index 24 differs. Expected AY; Found AX
Value at index 25 differs. Expected AZ; Found BC
Value at index 26 differs. Expected BA; Found AX
Value at index 27 differs. Expected BB; Found BK
Value at index 28 differs. Expected BC; Found CK
Value at index 29 differs. Expected BD; Found CS
Value at index 30 differs. Expected BE; Found CS
Value at index 31 differs. Expected BF; Found DE
Value at index 32 differs. Expected BG; Found DG
Value at index 33 differs. Expected BH; Found DN
Value at index 34 differs. Expected BI; Found EW
Value at index 35 differs. Expected BJ; Found DN
Value at index 36 differs. Expected BK; Found CK
Value at index 37 differs. Expected BL; Found FF
Value at index 38 differs. Expected BM; Found FM
Value at index 39 differs. Expected BN; Found BK
Value at index 40 differs. Expected BO; Found CB
Value at index 41 differs. Expected BP; Found AC
Value at index 42 differs. Expected BQ; Found AS
Value at index 43 differs. Expected BR; Found AV
Value at index 44 differs. Expected BS; Found BP
Value at index 45 differs. Expected BT; Found BP
Value at index 46 differs. Expected BU; Found BS
Value at index 47 differs. Expected BV; Found CQ
Value at index 48 differs. Expected BW; Found BS
Value at index 49 differs. Expected BX; Found BT
Value at index 50 differs. Expected BY; Found BU
Value at index 51 differs. Expected BZ; Found BV
Value at index 52 differs. Expected CA; Found BW
Value at index 53 differs. Expected CB; Found BZ
Value at index 54 differs. Expected CC; Found CF
Value at index 55 differs. Expected CD; Found BZ
Value at index 56 differs. Expected CE; Found AV
Value at index 57 differs. Expected CF; Found BD
Value at index 58 differs. Expected CG; Found BX
Value at index 59 differs. Expected CH; Found ED
Value at index 60 differs. Expected CI; Found BX
Value at index 61 differs. Expected CJ; Found CH
Value at index 62 differs. Expected CK; Found AS
Value at index 63 differs. Expected CL; Found AZ
Value at index 64 differs. Expected CM; Found BJ
Value at index 65 differs. Expected CN; Found CC
Value at index 66 differs. Expected CO; Found CL
Value at index 67 differs. Expected CP; Found CL
Value at index 68 differs. Expected CQ; Found CN
Value at index 69 differs. Expected CR; Found BJ
Value at index 70 differs. Expected CS; Found BQ
Value at index 71 differs. Expected CT; Found BQ
Value at index 72 differs. Expected CU; Found AZ
Value at index 73 differs. Expected CV; Found BI
Value at index 74 differs. Expected CW; Found BI
Value at index 76 differs. Expected CY; Found ES
Value at index 77 differs. Expected CZ; Found CX
Value at index 79 differs. Expected DB; Found DA
Value at index 80 differs. Expected DC; Found DV
Value at index 81 differs. Expected DD; Found AB
Value at index 82 differs. Expected DE; Found AD
Value at index 83 differs. Expected DF; Found BA
Value at index 84 differs. Expected DG; Found BA
Value at index 85 differs. Expected DH; Found CU
Value at index 86 differs. Expected DI; Found CY
Value at index 87 differs. Expected DJ; Found DD
Value at index 88 differs. Expected DK; Found DD
Value at index 89 differs. Expected DL; Found DI
Value at index 90 differs. Expected DM; Found CY
Value at index 91 differs. Expected DN; Found AD
Value at index 92 differs. Expected DO; Found AF
Value at index 93 differs. Expected DP; Found AK
Value at index 94 differs. Expected DQ; Found BE
Value at index 95 differs. Expected DR; Found CR
Value at index 96 differs. Expected DS; Found DP
Value at index 97 differs. Expected DT; Found DZ
Value at index 98 differs. Expected DU; Found AK
Value at index 99 differs. Expected DV; Found AL
Value at index 100 differs. Expected DW; Found AY
Value at index 101 differs. Expected DX; Found BO
Value at index 102 differs. Expected DY; Found BO
Value at index 103 differs. Expected DZ; Found DB
Value at index 104 differs. Expected EA; Found DX
Value at index 105 differs. Expected EB; Found DX
Value at index 106 differs. Expected EC; Found AY
Value at index 107 differs. Expected ED; Found BF
Value at index 108 differs. Expected EE; Found BF
Value at index 109 differs. Expected EF; Found CT
Value at index 110 differs. Expected EG; Found CT
Value at index 111 differs. Expected EH; Found DK
Value at index 112 differs. Expected EI; Found DR
Value at index 113 differs. Expected EJ; Found EF
Value at index 114 differs. Expected EK; Found DR
Value at index 115 differs. Expected EL; Found AL
Value at index 116 differs. Expected EM; Found BL
Value at index 117 differs. Expected EN; Found EK
Value at index 118 differs. Expected EO; Found BL
Value at index 119 differs. Expected EP; Found CM
Value at index 120 differs. Expected EQ; Found AF
Value at index 121 differs. Expected ER; Found AJ
Value at index 122 differs. Expected ES; Found AR
Value at index 123 differs. Expected ET; Found CE
Value at index 124 differs. Expected EU; Found CE
Value at index 125 differs. Expected EV; Found AR
Value at index 126 differs. Expected EW; Found DF
Value at index 127 differs. Expected EX; Found AJ
Value at index 128 differs. Expected EY; Found BG
Value at index 129 differs. Expected EZ; Found AA
Value at index 130 differs. Expected FA; Found AE
Value at index 131 differs. Expected FB; Found AG
Value at index 132 differs. Expected FC; Found AH
Value at index 133 differs. Expected FD; Found AH
Value at index 134 differs. Expected FE; Found AN
Value at index 135 differs. Expected FF; Found AW
Value at index 136 differs. Expected FG; Found BR
Value at index 137 differs. Expected FH; Found CO
Value at index 138 differs. Expected FI; Found BR
Value at index 139 differs. Expected FJ; Found AW
Value at index 140 differs. Expected FK; Found CD
Value at index 141 differs. Expected FL; Found DH
Value at index 142 differs. Expected FM; Found CD
Value at index 143 differs. Expected FN; Found AN
Value at index 144 differs. Expected FO; Found EO
Value at index 145 differs. Expected FP; Found AG
Value at index 146 differs. Expected FQ; Found CA
Value at index 147 differs. Expected FR; Found DT
Value at index 148 differs. Expected FS; Found FR
Value at index 149 differs. Expected FT; Found CA

