Invalid read count. Expected: 24; Found: 2
Invalid write count. Expected: 12; Found: 1
Value at index 1 differs. Expected B; Found A
Value at index 7 differs. Expected H; Found J
Value at index 9 differs. Expected J; Found H

Invalid read count. Expected: 7 378; Found: 2
Invalid write count. Expected: 3 690; Found: 1
Value at index 0 differs. Expected AA; Found CM
Value at index 1 differs. Expected AB; Found CM
Value at index 2 differs. Expected AC; Found DT
Value at index 3 differs. Expected AD; Found BC
Value at index 8 differs. Expected AI; Found EH
Value at index 10 differs. Expected AK; Found DL
Value at index 12 differs. Expected AM; Found BD
Value at index 13 differs. Expected AN; Found BO
Value at index 15 differs. Expected AP; Found CZ
Value at index 19 differs. Expected AT; Found BQ
Value at index 21 differs. Expected AV; Found CH
Value at index 24 differs. Expected AY; Found BI
Value at index 25 differs. Expected AZ; Found CW
Value at index 26 differs. Expected BA; Found EM
Value at index 27 differs. Expected BB; Found CI
Value at index 28 differs. Expected BC; Found ES
Value at index 29 differs. Expected BD; Found AM
Value at index 30 differs. Expected BE; Found AT
Value at index 31 differs. Expected BF; Found BY
Value at index 33 differs. Expected BH; Found EK
Value at index 34 differs. Expected BI; Found FC
Value at index 37 differs. Expected BL; Found DU
Value at index 40 differs. Expected BO; Found CG
Value at index 41 differs. Expected BP; Found FQ
Value at index 42 differs. Expected BQ; Found BE
Value at index 44 differs. Expected BS; Found AZ
Value at index 47 differs. Expected BV; Found EF
Value at index 50 differs. Expected BY; Found BF
Value at index 51 differs. Expected BZ; Found DE
Value at index 53 differs. Expected CB; Found DH
Value at index 54 differs. Expected CC; Found BV
Value at index 55 differs. Expected CD; Found EZ
Value at index 56 differs. Expected CE; Found CV
Value at index 57 differs. Expected CF; Found EJ
Value at index 58 differs. Expected CG; Found DG
Value at index 59 differs. Expected CH; Found ET
Value at index 60 differs. Expected CI; Found FE
Value at index 61 differs. Expected CJ; Found CY
Value at index 63 differs. Expected CL; Found EP
Value at index 64 differs. Expected CM; Found AA
Value at index 65 differs. Expected CN; Found DM
Value at index 66 differs. Expected CO; Found CS
Value at index 67 differs. Expected CP; Found EW
Value at index 68 differs. Expected CQ; Found BB
Value at index 70 differs. Expected CS; Found CO
Value at index 72 differs. Expected CU; Found CE
Value at index 73 differs. Expected CV; Found FR
Value at index 74 differs. Expected CW; Found EI
Value at index 75 differs. Expected CX; Found DN
Value at index 76 differs. Expected CY; Found CJ
Value at index 77 differs. Expected CZ; Found DF
Value at index 78 differs. Expected DA; Found DJ
Value at index 81 differs. Expected DD; Found AI
Value at index 82 differs. Expected DE; Found EO
Value at index 83 differs. Expected DF; Found FT
Value at index 84 differs. Expected DG; Found EX
Value at index 85 differs. Expected DH; Found CB
Value at index 87 differs. Expected DJ; Found DA
Value at index 88 differs. Expected DK; Found DZ
Value at index 89 differs. Expected DL; Found AK
Value at index 90 differs. Expected DM; Found CN
Value at index 91 differs. Expected DN; Found BH
Value at index 92 differs. Expected DO; Found AY
Value at index 94 differs. Expected DQ; Found AN
Value at index 97 differs. Expected DT; Found AC
Value at index 98 differs. Expected DU; Found EL
Value at index 101 differs. Expected DX; Found CQ
Value at index 103 differs. Expected DZ; Found DK
Value at index 105 differs. Expected EB; Found FL
Value at index 107 differs. Expected ED; Found AD
Value at index 109 differs. Expected EF; Found CC
Value at index 111 differs. Expected EH; Found FM
Value at index 112 differs. Expected EI; Found BS
Value at index 113 differs. Expected EJ; Found CF
Value at index 114 differs. Expected EK; Found CX
Value at index 115 differs. Expected EL; Found BL
Value at index 116 differs. Expected EM; Found BA
Value at index 118 differs. Expected EO; Found BZ
Value at index 119 differs. Expected EP; Found CL
Value at index 122 differs. Expected ES; Found ED
Value at index 123 differs. Expected ET; Found DQ
Value at index 126 differs. Expected EW; Found FB
Value at index 127 differs. Expected EX; Found AV
Value at index 129 differs. Expected EZ; Found CD
Value at index 131 differs. Expected FB; Found CP
Value at index 132 differs. Expected FC; Found DO
Value at index 134 differs. Expected FE; Found DX
Value at index 141 differs. Expected FL; Found EB
Value at index 142 differs. Expected FM; Found CU
Value at index 146 differs. Expected FQ; Found BP
Value at index 147 differs. Expected FR; Found DD
Value at index 149 differs. Expected FT; Found AP

