Invalid read count. Expected: 49; Found: 64
Invalid write count. Expected: 25; Found: 16
Value at index 0 differs. Expected A; Found C
Value at index 1 differs. Expected B; Found F
Value at index 2 differs. Expected C; Found E
Value at index 3 differs. Expected D; Found I
Value at index 4 differs. Expected E; Found G
Value at index 5 differs. Expected F; Found G
Value at index 6 differs. Expected G; Found E
Value at index 7 differs. Expected H; Found C
Value at index 8 differs. Expected I; Found A

Invalid read count. Expected: 10 645; Found: 1 052
Invalid write count. Expected: 5 325; Found: 252
Value at index 0 differs. Expected AA; Found BN
Value at index 1 differs. Expected AB; Found DV
Value at index 2 differs. Expected AC; Found DG
Value at index 3 differs. Expected AD; Found DM
Value at index 4 differs. Expected AE; Found DM
Value at index 5 differs. Expected AF; Found DL
Value at index 6 differs. Expected AG; Found BJ
Value at index 8 differs. Expected AI; Found CZ
Value at index 9 differs. Expected AJ; Found AQ
Value at index 10 differs. Expected AK; Found DC
Value at index 11 differs. Expected AL; Found CU
Value at index 12 differs. Expected AM; Found CW
Value at index 13 differs. Expected AN; Found BY
Value at index 14 differs. Expected AO; Found BY
Value at index 15 differs. Expected AP; Found AT
Value at index 16 differs. Expected AQ; Found CZ
Value at index 17 differs. Expected AR; Found DS
Value at index 18 differs. Expected AS; Found CI
Value at index 19 differs. Expected AT; Found BY
Value at index 20 differs. Expected AU; Found BY
Value at index 21 differs. Expected AV; Found BI
Value at index 22 differs. Expected AW; Found BR
Value at index 23 differs. Expected AX; Found BC
Value at index 24 differs. Expected AY; Found DF
Value at index 25 differs. Expected AZ; Found CS
Value at index 26 differs. Expected BA; Found BB
Value at index 27 differs. Expected BB; Found BA
Value at index 28 differs. Expected BC; Found BM
Value at index 29 differs. Expected BD; Found EW
Value at index 30 differs. Expected BE; Found DN
Value at index 31 differs. Expected BF; Found EB
Value at index 32 differs. Expected BG; Found CK
Value at index 33 differs. Expected BH; Found DJ
Value at index 34 differs. Expected BI; Found AV
Value at index 35 differs. Expected BJ; Found FM
Value at index 36 differs. Expected BK; Found FM
Value at index 37 differs. Expected BL; Found EM
Value at index 38 differs. Expected BM; Found CF
Value at index 39 differs. Expected BN; Found AC
Value at index 40 differs. Expected BO; Found DU
Value at index 41 differs. Expected BP; Found DU
Value at index 42 differs. Expected BQ; Found CQ
Value at index 43 differs. Expected BR; Found CD
Value at index 44 differs. Expected BS; Found DQ
Value at index 45 differs. Expected BT; Found DQ
Value at index 46 differs. Expected BU; Found DQ
Value at index 47 differs. Expected BV; Found DQ
Value at index 48 differs. Expected BW; Found DQ
Value at index 49 differs. Expected BX; Found CF
Value at index 50 differs. Expected BY; Found CU
Value at index 52 differs. Expected CA; Found FT
Value at index 53 differs. Expected CB; Found AV
Value at index 54 differs. Expected CC; Found BD
Value at index 55 differs. Expected CD; Found CS
Value at index 56 differs. Expected CE; Found ER
Value at index 57 differs. Expected CF; Found DQ
Value at index 58 differs. Expected CG; Found DM
Value at index 59 differs. Expected CH; Found DM
Value at index 60 differs. Expected CI; Found BY
Value at index 61 differs. Expected CJ; Found FI
Value at index 62 differs. Expected CK; Found EB
Value at index 64 differs. Expected CM; Found FM
Value at index 65 differs. Expected CN; Found FO
Value at index 66 differs. Expected CO; Found BJ
Value at index 68 differs. Expected CQ; Found DU
Value at index 69 differs. Expected CR; Found DO
Value at index 70 differs. Expected CS; Found CD
Value at index 72 differs. Expected CU; Found EE
Value at index 73 differs. Expected CV; Found ES
Value at index 74 differs. Expected CW; Found DS
Value at index 75 differs. Expected CX; Found DS
Value at index 76 differs. Expected CY; Found DJ
Value at index 77 differs. Expected CZ; Found BH
Value at index 78 differs. Expected DA; Found DW
Value at index 79 differs. Expected DB; Found DV
Value at index 80 differs. Expected DC; Found AB
Value at index 81 differs. Expected DD; Found BB
Value at index 82 differs. Expected DE; Found BA
Value at index 83 differs. Expected DF; Found EL
Value at index 84 differs. Expected DG; Found EM
Value at index 85 differs. Expected DH; Found FI
Value at index 86 differs. Expected DI; Found FI
Value at index 87 differs. Expected DJ; Found DS
Value at index 88 differs. Expected DK; Found EI
Value at index 89 differs. Expected DL; Found CU
Value at index 90 differs. Expected DM; Found EX
Value at index 91 differs. Expected DN; Found EW
Value at index 92 differs. Expected DO; Found DU
Value at index 93 differs. Expected DP; Found DU
Value at index 94 differs. Expected DQ; Found ER
Value at index 95 differs. Expected DR; Found EG
Value at index 96 differs. Expected DS; Found FD
Value at index 97 differs. Expected DT; Found CJ
Value at index 98 differs. Expected DU; Found EW
Value at index 99 differs. Expected DV; Found DW
Value at index 100 differs. Expected DW; Found EW
Value at index 101 differs. Expected DX; Found EW
Value at index 102 differs. Expected DY; Found EW
Value at index 103 differs. Expected DZ; Found AY
Value at index 104 differs. Expected EA; Found CL
Value at index 105 differs. Expected EB; Found CL
Value at index 106 differs. Expected EC; Found CT
Value at index 107 differs. Expected ED; Found CT
Value at index 108 differs. Expected EE; Found ER
Value at index 109 differs. Expected EF; Found FD
Value at index 110 differs. Expected EG; Found ER
Value at index 111 differs. Expected EH; Found EE
Value at index 112 differs. Expected EI; Found CU
Value at index 113 differs. Expected EJ; Found AL
Value at index 115 differs. Expected EL; Found DF
Value at index 116 differs. Expected EM; Found FM
Value at index 117 differs. Expected EN; Found FM
Value at index 118 differs. Expected EO; Found CM
Value at index 119 differs. Expected EP; Found CZ
Value at index 120 differs. Expected EQ; Found FL
Value at index 121 differs. Expected ER; Found FD
Value at index 122 differs. Expected ES; Found DS
Value at index 123 differs. Expected ET; Found AR
Value at index 124 differs. Expected EU; Found EL
Value at index 125 differs. Expected EV; Found DF
Value at index 126 differs. Expected EW; Found AY
Value at index 127 differs. Expected EX; Found DM
Value at index 128 differs. Expected EY; Found EX
Value at index 129 differs. Expected EZ; Found DM
Value at index 130 differs. Expected FA; Found AE
Value at index 131 differs. Expected FB; Found AH
Value at index 132 differs. Expected FC; Found AH
Value at index 133 differs. Expected FD; Found FL
Value at index 134 differs. Expected FE; Found FL
Value at index 135 differs. Expected FF; Found BR
Value at index 136 differs. Expected FG; Found AW
Value at index 137 differs. Expected FH; Found AW
Value at index 138 differs. Expected FI; Found CJ
Value at index 139 differs. Expected FJ; Found CS
Value at index 140 differs. Expected FK; Found CD
Value at index 141 differs. Expected FL; Found BR
Value at index 142 differs. Expected FM; Found BJ
Value at index 143 differs. Expected FN; Found FM
Value at index 144 differs. Expected FO; Found BJ
Value at index 145 differs. Expected FP; Found AG
Value at index 146 differs. Expected FQ; Found BI
Value at index 147 differs. Expected FR; Found AV
Value at index 148 differs. Expected FS; Found AV
Value at index 149 differs. Expected FT; Found AV

