Invalid read count. Expected: 49; Found: 76
Invalid write count. Expected: 25; Found: 31
Value at index 0 differs. Expected A; Found B
Value at index 1 differs. Expected B; Found J
Value at index 2 differs. Expected C; Found E
Value at index 3 differs. Expected D; Found G
Value at index 4 differs. Expected E; Found I
Value at index 5 differs. Expected F; Found I
Value at index 6 differs. Expected G; Found I
Value at index 7 differs. Expected H; Found I

Invalid read count. Expected: 10 645; Found: 21 059
Invalid write count. Expected: 5 325; Found: 9 884
Value at index 0 differs. Expected AA; Found BN
Value at index 1 differs. Expected AB; Found CA
Value at index 2 differs. Expected AC; Found FS
Value at index 3 differs. Expected AD; Found EO
Value at index 4 differs. Expected AE; Found EO
Value at index 5 differs. Expected AF; Found FP
Value at index 6 differs. Expected AG; Found EQ
Value at index 7 differs. Expected AH; Found ET
Value at index 8 differs. Expected AI; Found ET
Value at index 9 differs. Expected AJ; Found FG
Value at index 10 differs. Expected AK; Found FG
Value at index 11 differs. Expected AL; Found FG
Value at index 12 differs. Expected AM; Found FE
Value at index 13 differs. Expected AN; Found FB
Value at index 14 differs. Expected AO; Found FB
Value at index 15 differs. Expected AP; Found EX
Value at index 16 differs. Expected AQ; Found EX
Value at index 17 differs. Expected AR; Found FL
Value at index 18 differs. Expected AS; Found FL
Value at index 19 differs. Expected AT; Found FL
Value at index 20 differs. Expected AU; Found FL
Value at index 21 differs. Expected AV; Found FL
Value at index 22 differs. Expected AW; Found FL
Value at index 23 differs. Expected AX; Found FL
Value at index 24 differs. Expected AY; Found FL
Value at index 25 differs. Expected AZ; Found FL
Value at index 26 differs. Expected BA; Found FL
Value at index 27 differs. Expected BB; Found FL
Value at index 28 differs. Expected BC; Found FD
Value at index 29 differs. Expected BD; Found FD
Value at index 30 differs. Expected BE; Found FD
Value at index 31 differs. Expected BF; Found FD
Value at index 32 differs. Expected BG; Found FD
Value at index 33 differs. Expected BH; Found FD
Value at index 34 differs. Expected BI; Found FD
Value at index 35 differs. Expected BJ; Found FD
Value at index 36 differs. Expected BK; Found FD
Value at index 37 differs. Expected BL; Found FC
Value at index 38 differs. Expected BM; Found FC
Value at index 39 differs. Expected BN; Found FC
Value at index 40 differs. Expected BO; Found FC
Value at index 41 differs. Expected BP; Found FC
Value at index 42 differs. Expected BQ; Found FC
Value at index 43 differs. Expected BR; Found FC
Value at index 44 differs. Expected BS; Found EI
Value at index 45 differs. Expected BT; Found EI
Value at index 46 differs. Expected BU; Found FI
Value at index 47 differs. Expected BV; Found FI
Value at index 48 differs. Expected BW; Found FI
Value at index 49 differs. Expected BX; Found FI
Value at index 50 differs. Expected BY; Found FI
Value at index 51 differs. Expected BZ; Found FI
Value at index 52 differs. Expected CA; Found FI
Value at index 53 differs. Expected CB; Found FI
Value at index 54 differs. Expected CC; Found FI
Value at index 55 differs. Expected CD; Found FI
Value at index 56 differs. Expected CE; Found FI
Value at index 57 differs. Expected CF; Found FI
Value at index 58 differs. Expected CG; Found FI
Value at index 59 differs. Expected CH; Found FI
Value at index 60 differs. Expected CI; Found FI
Value at index 61 differs. Expected CJ; Found FI
Value at index 62 differs. Expected CK; Found FH
Value at index 63 differs. Expected CL; Found FH
Value at index 64 differs. Expected CM; Found FH
Value at index 65 differs. Expected CN; Found FH
Value at index 66 differs. Expected CO; Found FH
Value at index 67 differs. Expected CP; Found FH
Value at index 68 differs. Expected CQ; Found FH
Value at index 69 differs. Expected CR; Found FH
Value at index 70 differs. Expected CS; Found FH
Value at index 71 differs. Expected CT; Found FH
Value at index 72 differs. Expected CU; Found FQ
Value at index 73 differs. Expected CV; Found FQ
Value at index 74 differs. Expected CW; Found FQ
Value at index 75 differs. Expected CX; Found FQ
Value at index 76 differs. Expected CY; Found FQ
Value at index 77 differs. Expected CZ; Found FQ
Value at index 78 differs. Expected DA; Found FO
Value at index 79 differs. Expected DB; Found FO
Value at index 80 differs. Expected DC; Found FO
Value at index 81 differs. Expected DD; Found FO
Value at index 82 differs. Expected DE; Found FO
Value at index 83 differs. Expected DF; Found FT
Value at index 84 differs. Expected DG; Found FT
Value at index 85 differs. Expected DH; Found FT
Value at index 86 differs. Expected DI; Found FT
Value at index 87 differs. Expected DJ; Found FT
Value at index 88 differs. Expected DK; Found FT
Value at index 89 differs. Expected DL; Found FT
Value at index 90 differs. Expected DM; Found FT
Value at index 91 differs. Expected DN; Found FT
Value at index 92 differs. Expected DO; Found FT
Value at index 93 differs. Expected DP; Found FT
Value at index 94 differs. Expected DQ; Found FT
Value at index 95 differs. Expected DR; Found FT
Value at index 96 differs. Expected DS; Found FT
Value at index 97 differs. Expected DT; Found FT
Value at index 98 differs. Expected DU; Found FT
Value at index 99 differs. Expected DV; Found FM
Value at index 100 differs. Expected DW; Found FM
Value at index 101 differs. Expected DX; Found FM
Value at index 102 differs. Expected DY; Found FM
Value at index 103 differs. Expected DZ; Found FM
Value at index 104 differs. Expected EA; Found FM
Value at index 105 differs. Expected EB; Found FM
Value at index 106 differs. Expected EC; Found FM
Value at index 107 differs. Expected ED; Found FM
Value at index 108 differs. Expected EE; Found FM
Value at index 109 differs. Expected EF; Found FM
Value at index 110 differs. Expected EG; Found FN
Value at index 111 differs. Expected EH; Found FJ
Value at index 112 differs. Expected EI; Found FJ
Value at index 113 differs. Expected EJ; Found FJ
Value at index 114 differs. Expected EK; Found FJ
Value at index 115 differs. Expected EL; Found FJ
Value at index 116 differs. Expected EM; Found FJ
Value at index 117 differs. Expected EN; Found FJ
Value at index 118 differs. Expected EO; Found FK
Value at index 119 differs. Expected EP; Found FK
Value at index 120 differs. Expected EQ; Found FK
Value at index 121 differs. Expected ER; Found FK
Value at index 122 differs. Expected ES; Found FK
Value at index 123 differs. Expected ET; Found FK
Value at index 124 differs. Expected EU; Found FK
Value at index 125 differs. Expected EV; Found FK
Value at index 126 differs. Expected EW; Found EZ
Value at index 127 differs. Expected EX; Found EZ
Value at index 128 differs. Expected EY; Found EZ
Value at index 130 differs. Expected FA; Found FK
Value at index 131 differs. Expected FB; Found FK
Value at index 132 differs. Expected FC; Found FK
Value at index 133 differs. Expected FD; Found FK
Value at index 134 differs. Expected FE; Found FK
Value at index 135 differs. Expected FF; Found FK
Value at index 136 differs. Expected FG; Found FK
Value at index 137 differs. Expected FH; Found FK
Value at index 138 differs. Expected FI; Found FK
Value at index 139 differs. Expected FJ; Found FK
Value at index 141 differs. Expected FL; Found FN
Value at index 142 differs. Expected FM; Found FN
Value at index 144 differs. Expected FO; Found FT
Value at index 145 differs. Expected FP; Found FT
Value at index 146 differs. Expected FQ; Found FT
Value at index 147 differs. Expected FR; Found FT
Value at index 148 differs. Expected FS; Found FT

