Invalid read count. Expected: 49; Found: 63
Invalid write count. Expected: 25; Found: 18
Value at index 0 differs. Expected A; Found B
Value at index 2 differs. Expected C; Found B
Value at index 3 differs. Expected D; Found B
Value at index 4 differs. Expected E; Found A
Value at index 5 differs. Expected F; Found G
Value at index 7 differs. Expected H; Found C
Value at index 8 differs. Expected I; Found H

Invalid read count. Expected: 10 645; Found: 14 412
Invalid write count. Expected: 5 325; Found: 3 237
Value at index 0 differs. Expected AA; Found BN
Value at index 1 differs. Expected AB; Found BN
Value at index 2 differs. Expected AC; Found BN
Value at index 3 differs. Expected AD; Found BN
Value at index 4 differs. Expected AE; Found BN
Value at index 5 differs. Expected AF; Found BN
Value at index 6 differs. Expected AG; Found BN
Value at index 7 differs. Expected AH; Found BN
Value at index 8 differs. Expected AI; Found BN
Value at index 9 differs. Expected AJ; Found BN
Value at index 10 differs. Expected AK; Found BN
Value at index 11 differs. Expected AL; Found BN
Value at index 12 differs. Expected AM; Found BN
Value at index 13 differs. Expected AN; Found BN
Value at index 14 differs. Expected AO; Found BN
Value at index 15 differs. Expected AP; Found BN
Value at index 16 differs. Expected AQ; Found BN
Value at index 17 differs. Expected AR; Found BN
Value at index 18 differs. Expected AS; Found BN
Value at index 19 differs. Expected AT; Found BN
Value at index 20 differs. Expected AU; Found BN
Value at index 21 differs. Expected AV; Found BN
Value at index 22 differs. Expected AW; Found BN
Value at index 23 differs. Expected AX; Found BN
Value at index 24 differs. Expected AY; Found BN
Value at index 25 differs. Expected AZ; Found BN
Value at index 26 differs. Expected BA; Found BN
Value at index 27 differs. Expected BB; Found BN
Value at index 28 differs. Expected BC; Found BN
Value at index 29 differs. Expected BD; Found BN
Value at index 30 differs. Expected BE; Found BN
Value at index 31 differs. Expected BF; Found BN
Value at index 32 differs. Expected BG; Found BN
Value at index 33 differs. Expected BH; Found BN
Value at index 34 differs. Expected BI; Found BN
Value at index 35 differs. Expected BJ; Found BN
Value at index 36 differs. Expected BK; Found BN
Value at index 37 differs. Expected BL; Found BN
Value at index 38 differs. Expected BM; Found BN
Value at index 40 differs. Expected BO; Found BN
Value at index 41 differs. Expected BP; Found BN
Value at index 42 differs. Expected BQ; Found BN
Value at index 43 differs. Expected BR; Found BN
Value at index 44 differs. Expected BS; Found BN
Value at index 45 differs. Expected BT; Found BN
Value at index 46 differs. Expected BU; Found BN
Value at index 47 differs. Expected BV; Found BN
Value at index 48 differs. Expected BW; Found BN
Value at index 49 differs. Expected BX; Found BN
Value at index 50 differs. Expected BY; Found BN
Value at index 51 differs. Expected BZ; Found BN
Value at index 52 differs. Expected CA; Found BN
Value at index 53 differs. Expected CB; Found BN
Value at index 54 differs. Expected CC; Found BN
Value at index 55 differs. Expected CD; Found BN
Value at index 56 differs. Expected CE; Found BN
Value at index 57 differs. Expected CF; Found BN
Value at index 58 differs. Expected CG; Found BN
Value at index 59 differs. Expected CH; Found BN
Value at index 60 differs. Expected CI; Found BN
Value at index 61 differs. Expected CJ; Found BN
Value at index 62 differs. Expected CK; Found BN
Value at index 63 differs. Expected CL; Found BN
Value at index 64 differs. Expected CM; Found BN
Value at index 65 differs. Expected CN; Found BN
Value at index 66 differs. Expected CO; Found BN
Value at index 67 differs. Expected CP; Found BN
Value at index 68 differs. Expected CQ; Found BN
Value at index 69 differs. Expected CR; Found BN
Value at index 70 differs. Expected CS; Found BN
Value at index 71 differs. Expected CT; Found BN
Value at index 72 differs. Expected CU; Found BN
Value at index 73 differs. Expected CV; Found BN
Value at index 74 differs. Expected CW; Found BN
Value at index 75 differs. Expected CX; Found BN
Value at index 76 differs. Expected CY; Found BN
Value at index 77 differs. Expected CZ; Found BN
Value at index 78 differs. Expected DA; Found BN
Value at index 79 differs. Expected DB; Found BN
Value at index 80 differs. Expected DC; Found BN
Value at index 81 differs. Expected DD; Found BN
Value at index 82 differs. Expected DE; Found BN
Value at index 83 differs. Expected DF; Found BN
Value at index 84 differs. Expected DG; Found BN
Value at index 85 differs. Expected DH; Found BN
Value at index 86 differs. Expected DI; Found BN
Value at index 87 differs. Expected DJ; Found BN
Value at index 88 differs. Expected DK; Found BN
Value at index 89 differs. Expected DL; Found BN
Value at index 90 differs. Expected DM; Found BN
Value at index 91 differs. Expected DN; Found BN
Value at index 92 differs. Expected DO; Found BN
Value at index 93 differs. Expected DP; Found BN
Value at index 94 differs. Expected DQ; Found BN
Value at index 95 differs. Expected DR; Found BN
Value at index 96 differs. Expected DS; Found BN
Value at index 97 differs. Expected DT; Found BN
Value at index 98 differs. Expected DU; Found BN
Value at index 99 differs. Expected DV; Found BN
Value at index 100 differs. Expected DW; Found BN
Value at index 101 differs. Expected DX; Found BN
Value at index 102 differs. Expected DY; Found BN
Value at index 103 differs. Expected DZ; Found BN
Value at index 104 differs. Expected EA; Found BN
Value at index 105 differs. Expected EB; Found BN
Value at index 106 differs. Expected EC; Found BN
Value at index 107 differs. Expected ED; Found BN
Value at index 108 differs. Expected EE; Found BN
Value at index 109 differs. Expected EF; Found BN
Value at index 110 differs. Expected EG; Found BN
Value at index 111 differs. Expected EH; Found BN
Value at index 112 differs. Expected EI; Found BN
Value at index 113 differs. Expected EJ; Found BN
Value at index 114 differs. Expected EK; Found BN
Value at index 115 differs. Expected EL; Found BN
Value at index 116 differs. Expected EM; Found BN
Value at index 117 differs. Expected EN; Found BN
Value at index 118 differs. Expected EO; Found BN
Value at index 119 differs. Expected EP; Found BN
Value at index 120 differs. Expected EQ; Found BN
Value at index 121 differs. Expected ER; Found BN
Value at index 122 differs. Expected ES; Found BN
Value at index 123 differs. Expected ET; Found BN
Value at index 124 differs. Expected EU; Found BN
Value at index 125 differs. Expected EV; Found BN
Value at index 126 differs. Expected EW; Found BN
Value at index 127 differs. Expected EX; Found BN
Value at index 128 differs. Expected EY; Found BN
Value at index 129 differs. Expected EZ; Found BN
Value at index 130 differs. Expected FA; Found BN
Value at index 131 differs. Expected FB; Found BN
Value at index 132 differs. Expected FC; Found BN
Value at index 133 differs. Expected FD; Found BN
Value at index 134 differs. Expected FE; Found BN
Value at index 135 differs. Expected FF; Found BN
Value at index 136 differs. Expected FG; Found BN
Value at index 137 differs. Expected FH; Found BN
Value at index 138 differs. Expected FI; Found BN
Value at index 139 differs. Expected FJ; Found BN
Value at index 140 differs. Expected FK; Found BN
Value at index 141 differs. Expected FL; Found BN
Value at index 142 differs. Expected FM; Found BN
Value at index 143 differs. Expected FN; Found BN
Value at index 144 differs. Expected FO; Found BN
Value at index 145 differs. Expected FP; Found AG
Value at index 146 differs. Expected FQ; Found DT
Value at index 147 differs. Expected FR; Found DT
Value at index 148 differs. Expected FS; Found DT
Value at index 149 differs. Expected FT; Found CA

