Invalid read count. Expected: 24; Found: 30
Invalid write count. Expected: 12; Found: 15
Value at index 0 differs. Expected A; Found B
Value at index 1 differs. Expected B; Found C
Value at index 2 differs. Expected C; Found D
Value at index 3 differs. Expected D; Found E
Value at index 4 differs. Expected E; Found H
Value at index 5 differs. Expected F; Found I
Value at index 6 differs. Expected G; Found I
Value at index 7 differs. Expected H; Found J
Value at index 8 differs. Expected I; Found J

Invalid read count. Expected: 7 378; Found: 13 648
Invalid write count. Expected: 3 690; Found: 6 824
Value at index 0 differs. Expected AA; Found AP
Value at index 1 differs. Expected AB; Found DT
Value at index 2 differs. Expected AC; Found DT
Value at index 3 differs. Expected AD; Found DT
Value at index 4 differs. Expected AE; Found DT
Value at index 5 differs. Expected AF; Found DT
Value at index 6 differs. Expected AG; Found DT
Value at index 7 differs. Expected AH; Found DT
Value at index 8 differs. Expected AI; Found DT
Value at index 9 differs. Expected AJ; Found DT
Value at index 10 differs. Expected AK; Found DT
Value at index 11 differs. Expected AL; Found DT
Value at index 12 differs. Expected AM; Found DT
Value at index 13 differs. Expected AN; Found DT
Value at index 14 differs. Expected AO; Found DT
Value at index 15 differs. Expected AP; Found DT
Value at index 16 differs. Expected AQ; Found DT
Value at index 17 differs. Expected AR; Found DT
Value at index 18 differs. Expected AS; Found DT
Value at index 19 differs. Expected AT; Found DT
Value at index 20 differs. Expected AU; Found DT
Value at index 21 differs. Expected AV; Found DT
Value at index 22 differs. Expected AW; Found DT
Value at index 23 differs. Expected AX; Found DT
Value at index 24 differs. Expected AY; Found DT
Value at index 25 differs. Expected AZ; Found DT
Value at index 26 differs. Expected BA; Found DT
Value at index 27 differs. Expected BB; Found DT
Value at index 28 differs. Expected BC; Found DT
Value at index 29 differs. Expected BD; Found DT
Value at index 30 differs. Expected BE; Found DT
Value at index 31 differs. Expected BF; Found DT
Value at index 32 differs. Expected BG; Found DT
Value at index 33 differs. Expected BH; Found DT
Value at index 34 differs. Expected BI; Found DT
Value at index 35 differs. Expected BJ; Found DT
Value at index 36 differs. Expected BK; Found DT
Value at index 37 differs. Expected BL; Found DT
Value at index 38 differs. Expected BM; Found DT
Value at index 39 differs. Expected BN; Found DT
Value at index 40 differs. Expected BO; Found DT
Value at index 41 differs. Expected BP; Found DT
Value at index 42 differs. Expected BQ; Found DT
Value at index 43 differs. Expected BR; Found DT
Value at index 44 differs. Expected BS; Found DT
Value at index 45 differs. Expected BT; Found DT
Value at index 46 differs. Expected BU; Found DT
Value at index 47 differs. Expected BV; Found DT
Value at index 48 differs. Expected BW; Found DT
Value at index 49 differs. Expected BX; Found DT
Value at index 50 differs. Expected BY; Found DT
Value at index 51 differs. Expected BZ; Found DT
Value at index 52 differs. Expected CA; Found DT
Value at index 53 differs. Expected CB; Found DT
Value at index 54 differs. Expected CC; Found DT
Value at index 55 differs. Expected CD; Found DT
Value at index 56 differs. Expected CE; Found DT
Value at index 57 differs. Expected CF; Found DT
Value at index 58 differs. Expected CG; Found DT
Value at index 59 differs. Expected CH; Found DT
Value at index 60 differs. Expected CI; Found DT
Value at index 61 differs. Expected CJ; Found DT
Value at index 62 differs. Expected CK; Found DT
Value at index 63 differs. Expected CL; Found DT
Value at index 64 differs. Expected CM; Found DT
Value at index 65 differs. Expected CN; Found DT
Value at index 66 differs. Expected CO; Found DT
Value at index 67 differs. Expected CP; Found DT
Value at index 68 differs. Expected CQ; Found DT
Value at index 69 differs. Expected CR; Found DT
Value at index 70 differs. Expected CS; Found DT
Value at index 71 differs. Expected CT; Found DT
Value at index 72 differs. Expected CU; Found DT
Value at index 73 differs. Expected CV; Found DT
Value at index 74 differs. Expected CW; Found DT
Value at index 75 differs. Expected CX; Found DT
Value at index 76 differs. Expected CY; Found DT
Value at index 77 differs. Expected CZ; Found DT
Value at index 78 differs. Expected DA; Found DT
Value at index 79 differs. Expected DB; Found DT
Value at index 80 differs. Expected DC; Found DT
Value at index 81 differs. Expected DD; Found DT
Value at index 82 differs. Expected DE; Found DT
Value at index 83 differs. Expected DF; Found DT
Value at index 84 differs. Expected DG; Found DT
Value at index 85 differs. Expected DH; Found DT
Value at index 86 differs. Expected DI; Found DT
Value at index 87 differs. Expected DJ; Found DT
Value at index 88 differs. Expected DK; Found DT
Value at index 89 differs. Expected DL; Found DT
Value at index 90 differs. Expected DM; Found DT
Value at index 91 differs. Expected DN; Found DT
Value at index 92 differs. Expected DO; Found DX
Value at index 93 differs. Expected DP; Found DY
Value at index 94 differs. Expected DQ; Found DY
Value at index 95 differs. Expected DR; Found DZ
Value at index 96 differs. Expected DS; Found EB
Value at index 97 differs. Expected DT; Found ED
Value at index 98 differs. Expected DU; Found ED
Value at index 99 differs. Expected DV; Found EG
Value at index 100 differs. Expected DW; Found EG
Value at index 101 differs. Expected DX; Found EI
Value at index 102 differs. Expected DY; Found EI
Value at index 103 differs. Expected DZ; Found EI
Value at index 104 differs. Expected EA; Found EI
Value at index 105 differs. Expected EB; Found EI
Value at index 106 differs. Expected EC; Found EI
Value at index 107 differs. Expected ED; Found EJ
Value at index 108 differs. Expected EE; Found EJ
Value at index 109 differs. Expected EF; Found EK
Value at index 110 differs. Expected EG; Found EK
Value at index 111 differs. Expected EH; Found EN
Value at index 112 differs. Expected EI; Found EO
Value at index 113 differs. Expected EJ; Found EO
Value at index 114 differs. Expected EK; Found EO
Value at index 115 differs. Expected EL; Found EP
Value at index 116 differs. Expected EM; Found ER
Value at index 117 differs. Expected EN; Found ET
Value at index 118 differs. Expected EO; Found ET
Value at index 119 differs. Expected EP; Found EV
Value at index 120 differs. Expected EQ; Found EX
Value at index 121 differs. Expected ER; Found EX
Value at index 122 differs. Expected ES; Found EY
Value at index 123 differs. Expected ET; Found EZ
Value at index 124 differs. Expected EU; Found EZ
Value at index 125 differs. Expected EV; Found EZ
Value at index 126 differs. Expected EW; Found FA
Value at index 127 differs. Expected EX; Found FB
Value at index 128 differs. Expected EY; Found FB
Value at index 129 differs. Expected EZ; Found FC
Value at index 130 differs. Expected FA; Found FK
Value at index 131 differs. Expected FB; Found FM
Value at index 132 differs. Expected FC; Found FM
Value at index 133 differs. Expected FD; Found FM
Value at index 134 differs. Expected FE; Found FM
Value at index 135 differs. Expected FF; Found FM
Value at index 136 differs. Expected FG; Found FM
Value at index 137 differs. Expected FH; Found FM
Value at index 138 differs. Expected FI; Found FP
Value at index 139 differs. Expected FJ; Found FQ
Value at index 140 differs. Expected FK; Found FQ
Value at index 141 differs. Expected FL; Found FQ
Value at index 142 differs. Expected FM; Found FQ
Value at index 143 differs. Expected FN; Found FQ
Value at index 144 differs. Expected FO; Found FQ
Value at index 145 differs. Expected FP; Found FQ
Value at index 146 differs. Expected FQ; Found FS
Value at index 147 differs. Expected FR; Found FT
Value at index 148 differs. Expected FS; Found FT

