Invalid read count. Expected: 49; Found: 6
Invalid write count. Expected: 25; Found: 1
Value at index 0 differs. Expected A; Found B
Value at index 1 differs. Expected B; Found F
Value at index 2 differs. Expected C; Found I
Value at index 4 differs. Expected E; Found A
Value at index 5 differs. Expected F; Found G
Value at index 6 differs. Expected G; Found E
Value at index 7 differs. Expected H; Found C
Value at index 8 differs. Expected I; Found H

Invalid read count. Expected: 10 645; Found: 7
Invalid write count. Expected: 5 325; Found: 2
Value at index 0 differs. Expected AA; Found BN
Value at index 1 differs. Expected AB; Found BN
Value at index 2 differs. Expected AC; Found EZ
Value at index 3 differs. Expected AD; Found DM
Value at index 4 differs. Expected AE; Found CG
Value at index 5 differs. Expected AF; Found DL
Value at index 6 differs. Expected AG; Found EP
Value at index 7 differs. Expected AH; Found CZ
Value at index 9 differs. Expected AJ; Found AQ
Value at index 10 differs. Expected AK; Found DC
Value at index 11 differs. Expected AL; Found DS
Value at index 12 differs. Expected AM; Found CW
Value at index 13 differs. Expected AN; Found BY
Value at index 15 differs. Expected AP; Found AT
Value at index 16 differs. Expected AQ; Found FK
Value at index 17 differs. Expected AR; Found BH
Value at index 18 differs. Expected AS; Found CI
Value at index 19 differs. Expected AT; Found AP
Value at index 21 differs. Expected AV; Found BM
Value at index 22 differs. Expected AW; Found BC
Value at index 24 differs. Expected AY; Found FJ
Value at index 25 differs. Expected AZ; Found CS
Value at index 26 differs. Expected BA; Found DE
Value at index 27 differs. Expected BB; Found DG
Value at index 28 differs. Expected BC; Found FA
Value at index 29 differs. Expected BD; Found EW
Value at index 30 differs. Expected BE; Found DN
Value at index 31 differs. Expected BF; Found EB
Value at index 32 differs. Expected BG; Found CK
Value at index 33 differs. Expected BH; Found FF
Value at index 34 differs. Expected BI; Found FN
Value at index 35 differs. Expected BJ; Found FM
Value at index 37 differs. Expected BL; Found EM
Value at index 38 differs. Expected BM; Found CB
Value at index 39 differs. Expected BN; Found AC
Value at index 40 differs. Expected BO; Found DU
Value at index 42 differs. Expected BQ; Found CQ
Value at index 43 differs. Expected BR; Found DQ
Value at index 49 differs. Expected BX; Found CF
Value at index 50 differs. Expected BY; Found EH
Value at index 52 differs. Expected CA; Found FT
Value at index 53 differs. Expected CB; Found AV
Value at index 54 differs. Expected CC; Found BD
Value at index 55 differs. Expected CD; Found ED
Value at index 56 differs. Expected CE; Found ER
Value at index 57 differs. Expected CF; Found BX
Value at index 58 differs. Expected CG; Found EV
Value at index 60 differs. Expected CI; Found AS
Value at index 61 differs. Expected CJ; Found CC
Value at index 62 differs. Expected CK; Found EY
Value at index 64 differs. Expected CM; Found FO
Value at index 66 differs. Expected CO; Found BJ
Value at index 68 differs. Expected CQ; Found BQ
Value at index 69 differs. Expected CR; Found DO
Value at index 70 differs. Expected CS; Found AZ
Value at index 71 differs. Expected CT; Found FQ
Value at index 72 differs. Expected CU; Found BI
Value at index 73 differs. Expected CV; Found ES
Value at index 74 differs. Expected CW; Found FH
Value at index 76 differs. Expected CY; Found DJ
Value at index 77 differs. Expected CZ; Found DA
Value at index 78 differs. Expected DA; Found DW
Value at index 79 differs. Expected DB; Found DV
Value at index 80 differs. Expected DC; Found AB
Value at index 81 differs. Expected DD; Found BB
Value at index 82 differs. Expected DE; Found BA
Value at index 83 differs. Expected DF; Found EJ
Value at index 84 differs. Expected DG; Found DD
Value at index 85 differs. Expected DH; Found FI
Value at index 87 differs. Expected DJ; Found CY
Value at index 88 differs. Expected DK; Found EI
Value at index 89 differs. Expected DL; Found CU
Value at index 90 differs. Expected DM; Found AD
Value at index 91 differs. Expected DN; Found BE
Value at index 92 differs. Expected DO; Found CR
Value at index 94 differs. Expected DQ; Found DZ
Value at index 95 differs. Expected DR; Found EG
Value at index 96 differs. Expected DS; Found AK
Value at index 97 differs. Expected DT; Found CJ
Value at index 98 differs. Expected DU; Found BO
Value at index 99 differs. Expected DV; Found DB
Value at index 100 differs. Expected DW; Found FC
Value at index 103 differs. Expected DZ; Found AY
Value at index 105 differs. Expected EB; Found BF
Value at index 107 differs. Expected ED; Found CT
Value at index 108 differs. Expected EE; Found FD
Value at index 110 differs. Expected EG; Found DR
Value at index 111 differs. Expected EH; Found EE
Value at index 112 differs. Expected EI; Found DK
Value at index 113 differs. Expected EJ; Found AL
Value at index 115 differs. Expected EL; Found EU
Value at index 116 differs. Expected EM; Found BL
Value at index 118 differs. Expected EO; Found CM
Value at index 119 differs. Expected EP; Found AF
Value at index 120 differs. Expected EQ; Found FL
Value at index 121 differs. Expected ER; Found CE
Value at index 122 differs. Expected ES; Found CV
Value at index 123 differs. Expected ET; Found AR
Value at index 124 differs. Expected EU; Found EL
Value at index 125 differs. Expected EV; Found DF
Value at index 126 differs. Expected EW; Found AJ
Value at index 127 differs. Expected EX; Found BG
Value at index 128 differs. Expected EY; Found EX
Value at index 129 differs. Expected EZ; Found AA
Value at index 130 differs. Expected FA; Found AE
Value at index 132 differs. Expected FC; Found AH
Value at index 133 differs. Expected FD; Found CO
Value at index 135 differs. Expected FF; Found BR
Value at index 137 differs. Expected FH; Found AW
Value at index 138 differs. Expected FI; Found DH
Value at index 139 differs. Expected FJ; Found ET
Value at index 140 differs. Expected FK; Found CD
Value at index 141 differs. Expected FL; Found EQ
Value at index 142 differs. Expected FM; Found AN
Value at index 143 differs. Expected FN; Found FP
Value at index 144 differs. Expected FO; Found EO
Value at index 145 differs. Expected FP; Found AG
Value at index 146 differs. Expected FQ; Found DT
Value at index 149 differs. Expected FT; Found CA

