Invalid read count. Expected: 57; Found: 55
Invalid write count. Expected: 30; Found: 19
Value at index 0 differs. Expected A; Found J
Value at index 1 differs. Expected B; Found A
Value at index 2 differs. Expected C; Found A
Value at index 3 differs. Expected D; Found C
Value at index 4 differs. Expected E; Found D
Value at index 5 differs. Expected F; Found E
Value at index 6 differs. Expected G; Found F
Value at index 7 differs. Expected H; Found D
Value at index 9 differs. Expected J; Found G

Invalid read count. Expected: 7 344; Found: 12 986
Invalid write count. Expected: 3 673; Found: 1 960
Value at index 0 differs. Expected AA; Found AY
Value at index 3 differs. Expected AD; Found BT
Value at index 4 differs. Expected AE; Found CI
Value at index 5 differs. Expected AF; Found CV
Value at index 6 differs. Expected AG; Found EV
Value at index 7 differs. Expected AH; Found EV
Value at index 8 differs. Expected AI; Found EX
Value at index 9 differs. Expected AJ; Found EX
Value at index 10 differs. Expected AK; Found FA
Value at index 11 differs. Expected AL; Found FA
Value at index 12 differs. Expected AM; Found FA
Value at index 13 differs. Expected AN; Found FA
Value at index 14 differs. Expected AO; Found FA
Value at index 15 differs. Expected AP; Found FI
Value at index 16 differs. Expected AQ; Found FI
Value at index 17 differs. Expected AR; Found FI
Value at index 18 differs. Expected AS; Found FI
Value at index 19 differs. Expected AT; Found FI
Value at index 20 differs. Expected AU; Found FI
Value at index 21 differs. Expected AV; Found FI
Value at index 22 differs. Expected AW; Found FI
Value at index 23 differs. Expected AX; Found FI
Value at index 24 differs. Expected AY; Found FI
Value at index 25 differs. Expected AZ; Found FO
Value at index 26 differs. Expected BA; Found FO
Value at index 27 differs. Expected BB; Found FO
Value at index 28 differs. Expected BC; Found FO
Value at index 29 differs. Expected BD; Found FO
Value at index 30 differs. Expected BE; Found FQ
Value at index 31 differs. Expected BF; Found FQ
Value at index 32 differs. Expected BG; Found FQ
Value at index 33 differs. Expected BH; Found FQ
Value at index 34 differs. Expected BI; Found FQ
Value at index 35 differs. Expected BJ; Found FQ
Value at index 36 differs. Expected BK; Found FQ
Value at index 37 differs. Expected BL; Found FQ
Value at index 38 differs. Expected BM; Found FQ
Value at index 39 differs. Expected BN; Found FQ
Value at index 40 differs. Expected BO; Found FQ
Value at index 41 differs. Expected BP; Found FQ
Value at index 42 differs. Expected BQ; Found FQ
Value at index 43 differs. Expected BR; Found FQ
Value at index 44 differs. Expected BS; Found FQ
Value at index 45 differs. Expected BT; Found FQ
Value at index 46 differs. Expected BU; Found FQ
Value at index 47 differs. Expected BV; Found FQ
Value at index 48 differs. Expected BW; Found FQ
Value at index 49 differs. Expected BX; Found FQ
Value at index 50 differs. Expected BY; Found FQ
Value at index 51 differs. Expected BZ; Found FQ
Value at index 52 differs. Expected CA; Found FQ
Value at index 53 differs. Expected CB; Found FQ
Value at index 54 differs. Expected CC; Found FQ
Value at index 55 differs. Expected CD; Found FQ
Value at index 56 differs. Expected CE; Found FQ
Value at index 57 differs. Expected CF; Found FQ
Value at index 58 differs. Expected CG; Found FQ
Value at index 59 differs. Expected CH; Found FQ
Value at index 60 differs. Expected CI; Found FQ
Value at index 61 differs. Expected CJ; Found FQ
Value at index 62 differs. Expected CK; Found FQ
Value at index 63 differs. Expected CL; Found FQ
Value at index 64 differs. Expected CM; Found FR
Value at index 65 differs. Expected CN; Found FR
Value at index 66 differs. Expected CO; Found FR
Value at index 67 differs. Expected CP; Found FR
Value at index 68 differs. Expected CQ; Found AB
Value at index 69 differs. Expected CR; Found FS
Value at index 70 differs. Expected CS; Found FR
Value at index 71 differs. Expected CT; Found FR
Value at index 72 differs. Expected CU; Found FR
Value at index 73 differs. Expected CV; Found FR
Value at index 74 differs. Expected CW; Found FR
Value at index 75 differs. Expected CX; Found FQ
Value at index 76 differs. Expected CY; Found FQ
Value at index 77 differs. Expected CZ; Found FQ
Value at index 78 differs. Expected DA; Found FQ
Value at index 79 differs. Expected DB; Found FQ
Value at index 80 differs. Expected DC; Found FQ
Value at index 81 differs. Expected DD; Found FQ
Value at index 82 differs. Expected DE; Found FQ
Value at index 83 differs. Expected DF; Found FQ
Value at index 84 differs. Expected DG; Found FQ
Value at index 85 differs. Expected DH; Found FQ
Value at index 86 differs. Expected DI; Found FQ
Value at index 87 differs. Expected DJ; Found FQ
Value at index 88 differs. Expected DK; Found FQ
Value at index 89 differs. Expected DL; Found FQ
Value at index 90 differs. Expected DM; Found FQ
Value at index 91 differs. Expected DN; Found FQ
Value at index 92 differs. Expected DO; Found FQ
Value at index 93 differs. Expected DP; Found FQ
Value at index 94 differs. Expected DQ; Found FQ
Value at index 95 differs. Expected DR; Found FQ
Value at index 96 differs. Expected DS; Found FQ
Value at index 97 differs. Expected DT; Found FQ
Value at index 98 differs. Expected DU; Found FQ
Value at index 99 differs. Expected DV; Found FQ
Value at index 100 differs. Expected DW; Found FQ
Value at index 101 differs. Expected DX; Found FQ
Value at index 102 differs. Expected DY; Found FQ
Value at index 103 differs. Expected DZ; Found FQ
Value at index 104 differs. Expected EA; Found FQ
Value at index 105 differs. Expected EB; Found FQ
Value at index 106 differs. Expected EC; Found FQ
Value at index 107 differs. Expected ED; Found FQ
Value at index 108 differs. Expected EE; Found FO
Value at index 109 differs. Expected EF; Found FO
Value at index 110 differs. Expected EG; Found FO
Value at index 111 differs. Expected EH; Found FO
Value at index 112 differs. Expected EI; Found FO
Value at index 113 differs. Expected EJ; Found FO
Value at index 114 differs. Expected EK; Found FI
Value at index 115 differs. Expected EL; Found FI
Value at index 116 differs. Expected EM; Found FI
Value at index 117 differs. Expected EN; Found FI
Value at index 118 differs. Expected EO; Found FI
Value at index 119 differs. Expected EP; Found FI
Value at index 120 differs. Expected EQ; Found FI
Value at index 121 differs. Expected ER; Found FI
Value at index 122 differs. Expected ES; Found FI
Value at index 123 differs. Expected ET; Found FI
Value at index 124 differs. Expected EU; Found FA
Value at index 125 differs. Expected EV; Found FA
Value at index 126 differs. Expected EW; Found FA
Value at index 127 differs. Expected EX; Found FA
Value at index 128 differs. Expected EY; Found EV
Value at index 129 differs. Expected EZ; Found EV
Value at index 130 differs. Expected FA; Found EX
Value at index 131 differs. Expected FB; Found EX
Value at index 132 differs. Expected FC; Found FS
Value at index 133 differs. Expected FD; Found FS
Value at index 134 differs. Expected FE; Found FS
Value at index 135 differs. Expected FF; Found FS
Value at index 136 differs. Expected FG; Found FS
Value at index 137 differs. Expected FH; Found FS
Value at index 138 differs. Expected FI; Found FS
Value at index 139 differs. Expected FJ; Found FT
Value at index 140 differs. Expected FK; Found EG
Value at index 141 differs. Expected FL; Found FJ
Value at index 142 differs. Expected FM; Found FK
Value at index 143 differs. Expected FN; Found FL
Value at index 144 differs. Expected FO; Found FN
Value at index 145 differs. Expected FP; Found FN
Value at index 146 differs. Expected FQ; Found FP
Value at index 147 differs. Expected FR; Found FP
Value at index 149 differs. Expected FT; Found FS

