Invalid read count. Expected: 57; Found: 3
Invalid write count. Expected: 30; Found: 1
Value at index 0 differs. Expected A; Found J
Value at index 1 differs. Expected B; Found J
Value at index 2 differs. Expected C; Found B
Value at index 6 differs. Expected G; Found I
Value at index 8 differs. Expected I; Found G
Value at index 9 differs. Expected J; Found A

Invalid read count. Expected: 7 344; Found: 3
Invalid write count. Expected: 3 673; Found: 1
Value at index 0 differs. Expected AA; Found AY
Value at index 1 differs. Expected AB; Found AY
Value at index 3 differs. Expected AD; Found CI
Value at index 4 differs. Expected AE; Found EZ
Value at index 5 differs. Expected AF; Found FM
Value at index 6 differs. Expected AG; Found FR
Value at index 7 differs. Expected AH; Found BR
Value at index 8 differs. Expected AI; Found FG
Value at index 10 differs. Expected AK; Found EC
Value at index 11 differs. Expected AL; Found AU
Value at index 12 differs. Expected AM; Found ED
Value at index 14 differs. Expected AO; Found CK
Value at index 15 differs. Expected AP; Found FF
Value at index 17 differs. Expected AR; Found DI
Value at index 19 differs. Expected AT; Found BI
Value at index 20 differs. Expected AU; Found BC
Value at index 21 differs. Expected AV; Found AX
Value at index 23 differs. Expected AX; Found BD
Value at index 24 differs. Expected AY; Found BK
Value at index 25 differs. Expected AZ; Found CF
Value at index 26 differs. Expected BA; Found BQ
Value at index 28 differs. Expected BC; Found AH
Value at index 29 differs. Expected BD; Found DU
Value at index 31 differs. Expected BF; Found CP
Value at index 33 differs. Expected BH; Found CD
Value at index 34 differs. Expected BI; Found AT
Value at index 36 differs. Expected BK; Found DM
Value at index 38 differs. Expected BM; Found DX
Value at index 39 differs. Expected BN; Found AR
Value at index 41 differs. Expected BP; Found AF
Value at index 42 differs. Expected BQ; Found BA
Value at index 43 differs. Expected BR; Found AL
Value at index 44 differs. Expected BS; Found EM
Value at index 45 differs. Expected BT; Found DJ
Value at index 47 differs. Expected BV; Found EO
Value at index 48 differs. Expected BW; Found BV
Value at index 55 differs. Expected CD; Found BH
Value at index 57 differs. Expected CF; Found AG
Value at index 60 differs. Expected CI; Found AA
Value at index 62 differs. Expected CK; Found AO
Value at index 63 differs. Expected CL; Found AE
Value at index 65 differs. Expected CN; Found EB
Value at index 67 differs. Expected CP; Found BF
Value at index 68 differs. Expected CQ; Found DF
Value at index 69 differs. Expected CR; Found AD
Value at index 73 differs. Expected CV; Found FQ
Value at index 74 differs. Expected CW; Found CQ
Value at index 77 differs. Expected CZ; Found DL
Value at index 81 differs. Expected DD; Found AK
Value at index 83 differs. Expected DF; Found DQ
Value at index 85 differs. Expected DH; Found FO
Value at index 86 differs. Expected DI; Found FH
Value at index 87 differs. Expected DJ; Found EY
Value at index 89 differs. Expected DL; Found CZ
Value at index 90 differs. Expected DM; Found EQ
Value at index 91 differs. Expected DN; Found CR
Value at index 92 differs. Expected DO; Found DS
Value at index 94 differs. Expected DQ; Found DZ
Value at index 95 differs. Expected DR; Found AV
Value at index 96 differs. Expected DS; Found AM
Value at index 98 differs. Expected DU; Found DR
Value at index 99 differs. Expected DV; Found BN
Value at index 100 differs. Expected DW; Found EH
Value at index 101 differs. Expected DX; Found BM
Value at index 103 differs. Expected DZ; Found CW
Value at index 105 differs. Expected EB; Found DO
Value at index 106 differs. Expected EC; Found EF
Value at index 107 differs. Expected ED; Found DW
Value at index 109 differs. Expected EF; Found DD
Value at index 110 differs. Expected EG; Found FI
Value at index 111 differs. Expected EH; Found EU
Value at index 114 differs. Expected EK; Found ET
Value at index 116 differs. Expected EM; Found DH
Value at index 118 differs. Expected EO; Found BW
Value at index 119 differs. Expected EP; Found FA
Value at index 120 differs. Expected EQ; Found DN
Value at index 123 differs. Expected ET; Found EK
Value at index 124 differs. Expected EU; Found CN
Value at index 126 differs. Expected EW; Found CL
Value at index 128 differs. Expected EY; Found FT
Value at index 129 differs. Expected EZ; Found EW
Value at index 130 differs. Expected FA; Found EP
Value at index 135 differs. Expected FF; Found AP
Value at index 136 differs. Expected FG; Found AI
Value at index 137 differs. Expected FH; Found DV
Value at index 138 differs. Expected FI; Found EG
Value at index 142 differs. Expected FM; Found BP
Value at index 144 differs. Expected FO; Found BS
Value at index 146 differs. Expected FQ; Found CV
Value at index 147 differs. Expected FR; Found AZ
Value at index 149 differs. Expected FT; Found BT

