Invalid read count. Expected: 57; Found: 65
Invalid write count. Expected: 30; Found: 29
Value at index 0 differs. Expected A; Found J
Value at index 1 differs. Expected B; Found A
Value at index 2 differs. Expected C; Found A
Value at index 3 differs. Expected D; Found C
Value at index 4 differs. Expected E; Found D
Value at index 5 differs. Expected F; Found E
Value at index 6 differs. Expected G; Found F
Value at index 7 differs. Expected H; Found D
Value at index 9 differs. Expected J; Found G

Invalid read count. Expected: 7 344; Found: 18 511
Invalid write count. Expected: 3 673; Found: 7 485
Value at index 0 differs. Expected AA; Found AY
Value at index 3 differs. Expected AD; Found BT
Value at index 4 differs. Expected AE; Found BT
Value at index 5 differs. Expected AF; Found BT
Value at index 6 differs. Expected AG; Found BT
Value at index 7 differs. Expected AH; Found BT
Value at index 8 differs. Expected AI; Found CI
Value at index 9 differs. Expected AJ; Found CL
Value at index 10 differs. Expected AK; Found CN
Value at index 11 differs. Expected AL; Found CN
Value at index 12 differs. Expected AM; Found CN
Value at index 13 differs. Expected AN; Found CN
Value at index 14 differs. Expected AO; Found CN
Value at index 15 differs. Expected AP; Found CN
Value at index 16 differs. Expected AQ; Found CN
Value at index 17 differs. Expected AR; Found AB
Value at index 18 differs. Expected AS; Found FK
Value at index 19 differs. Expected AT; Found FK
Value at index 20 differs. Expected AU; Found FM
Value at index 21 differs. Expected AV; Found FJ
Value at index 22 differs. Expected AW; Found FK
Value at index 23 differs. Expected AX; Found FM
Value at index 24 differs. Expected AY; Found FP
Value at index 25 differs. Expected AZ; Found FF
Value at index 26 differs. Expected BA; Found FH
Value at index 27 differs. Expected BB; Found FI
Value at index 28 differs. Expected BC; Found FJ
Value at index 29 differs. Expected BD; Found FK
Value at index 30 differs. Expected BE; Found FM
Value at index 31 differs. Expected BF; Found FP
Value at index 32 differs. Expected BG; Found EX
Value at index 33 differs. Expected BH; Found EZ
Value at index 34 differs. Expected BI; Found FA
Value at index 35 differs. Expected BJ; Found FB
Value at index 36 differs. Expected BK; Found FC
Value at index 37 differs. Expected BL; Found FD
Value at index 38 differs. Expected BM; Found FD
Value at index 39 differs. Expected BN; Found FE
Value at index 40 differs. Expected BO; Found FF
Value at index 41 differs. Expected BP; Found FH
Value at index 42 differs. Expected BQ; Found FI
Value at index 43 differs. Expected BR; Found FJ
Value at index 44 differs. Expected BS; Found FK
Value at index 45 differs. Expected BT; Found FM
Value at index 46 differs. Expected BU; Found FP
Value at index 47 differs. Expected BV; Found FQ
Value at index 48 differs. Expected BW; Found EH
Value at index 49 differs. Expected BX; Found EH
Value at index 50 differs. Expected BY; Found EH
Value at index 51 differs. Expected BZ; Found EI
Value at index 52 differs. Expected CA; Found EJ
Value at index 53 differs. Expected CB; Found EK
Value at index 54 differs. Expected CC; Found EK
Value at index 55 differs. Expected CD; Found EN
Value at index 56 differs. Expected CE; Found EP
Value at index 57 differs. Expected CF; Found EP
Value at index 58 differs. Expected CG; Found EP
Value at index 59 differs. Expected CH; Found ER
Value at index 60 differs. Expected CI; Found ES
Value at index 61 differs. Expected CJ; Found EU
Value at index 62 differs. Expected CK; Found EX
Value at index 63 differs. Expected CL; Found EZ
Value at index 64 differs. Expected CM; Found FA
Value at index 65 differs. Expected CN; Found FB
Value at index 66 differs. Expected CO; Found FC
Value at index 67 differs. Expected CP; Found FD
Value at index 68 differs. Expected CQ; Found FD
Value at index 69 differs. Expected CR; Found FE
Value at index 70 differs. Expected CS; Found FF
Value at index 71 differs. Expected CT; Found FH
Value at index 72 differs. Expected CU; Found FI
Value at index 73 differs. Expected CV; Found FJ
Value at index 74 differs. Expected CW; Found FK
Value at index 75 differs. Expected CX; Found FM
Value at index 76 differs. Expected CY; Found FP
Value at index 77 differs. Expected CZ; Found FQ
Value at index 78 differs. Expected DA; Found FR
Value at index 79 differs. Expected DB; Found FF
Value at index 80 differs. Expected DC; Found CT
Value at index 81 differs. Expected DD; Found CU
Value at index 82 differs. Expected DE; Found CQ
Value at index 83 differs. Expected DF; Found CR
Value at index 84 differs. Expected DG; Found CX
Value at index 85 differs. Expected DH; Found CY
Value at index 86 differs. Expected DI; Found DF
Value at index 87 differs. Expected DJ; Found EM
Value at index 88 differs. Expected DK; Found DA
Value at index 89 differs. Expected DL; Found EO
Value at index 90 differs. Expected DM; Found DB
Value at index 91 differs. Expected DN; Found DC
Value at index 92 differs. Expected DO; Found EB
Value at index 93 differs. Expected DP; Found DL
Value at index 94 differs. Expected DQ; Found CZ
Value at index 95 differs. Expected DR; Found DE
Value at index 96 differs. Expected DS; Found DG
Value at index 97 differs. Expected DT; Found DQ
Value at index 98 differs. Expected DU; Found DK
Value at index 99 differs. Expected DV; Found CW
Value at index 100 differs. Expected DW; Found DP
Value at index 101 differs. Expected DX; Found DS
Value at index 102 differs. Expected DY; Found DR
Value at index 104 differs. Expected EA; Found DT
Value at index 105 differs. Expected EB; Found DD
Value at index 106 differs. Expected EC; Found DO
Value at index 107 differs. Expected ED; Found DY
Value at index 108 differs. Expected EE; Found EA
Value at index 109 differs. Expected EF; Found EH
Value at index 110 differs. Expected EG; Found EQ
Value at index 111 differs. Expected EH; Found FQ
Value at index 112 differs. Expected EI; Found EY
Value at index 113 differs. Expected EJ; Found DW
Value at index 114 differs. Expected EK; Found EE
Value at index 115 differs. Expected EL; Found FH
Value at index 116 differs. Expected EM; Found EF
Value at index 117 differs. Expected EN; Found FO
Value at index 118 differs. Expected EO; Found DH
Value at index 119 differs. Expected EP; Found EI
Value at index 120 differs. Expected EQ; Found EJ
Value at index 121 differs. Expected ER; Found DN
Value at index 122 differs. Expected ES; Found EL
Value at index 123 differs. Expected ET; Found EN
Value at index 125 differs. Expected EV; Found EK
Value at index 126 differs. Expected EW; Found ET
Value at index 127 differs. Expected EX; Found BT
Value at index 128 differs. Expected EY; Found FI
Value at index 129 differs. Expected EZ; Found ER
Value at index 131 differs. Expected FB; Found ES
Value at index 132 differs. Expected FC; Found EP
Value at index 133 differs. Expected FD; Found EV
Value at index 134 differs. Expected FE; Found EX
Value at index 135 differs. Expected FF; Found EW
Value at index 136 differs. Expected FG; Found FB
Value at index 137 differs. Expected FH; Found FC
Value at index 138 differs. Expected FI; Found FD
Value at index 139 differs. Expected FJ; Found FT
Value at index 140 differs. Expected FK; Found FE
Value at index 141 differs. Expected FL; Found DV
Value at index 142 differs. Expected FM; Found EG
Value at index 143 differs. Expected FN; Found FJ
Value at index 144 differs. Expected FO; Found FK
Value at index 145 differs. Expected FP; Found FL
Value at index 146 differs. Expected FQ; Found FN
Value at index 147 differs. Expected FR; Found FP
Value at index 148 differs. Expected FS; Found CV
Value at index 149 differs. Expected FT; Found FS

