Invalid read count. Expected: 57; Found: 48
Invalid write count. Expected: 30; Found: 24
Value at index 1 differs. Expected B; Found C
Value at index 4 differs. Expected E; Found G
Value at index 5 differs. Expected F; Found H
Value at index 6 differs. Expected G; Found H
Value at index 7 differs. Expected H; Found I
Value at index 9 differs. Expected J; Found I

Invalid read count. Expected: 7 344; Found: 9 758
Invalid write count. Expected: 3 673; Found: 4 879
Value at index 0 differs. Expected AA; Found AZ
Value at index 1 differs. Expected AB; Found BR
Value at index 2 differs. Expected AC; Found BR
Value at index 3 differs. Expected AD; Found BR
Value at index 4 differs. Expected AE; Found BR
Value at index 5 differs. Expected AF; Found BR
Value at index 6 differs. Expected AG; Found BR
Value at index 7 differs. Expected AH; Found BR
Value at index 8 differs. Expected AI; Found BR
Value at index 9 differs. Expected AJ; Found BR
Value at index 10 differs. Expected AK; Found BR
Value at index 11 differs. Expected AL; Found BR
Value at index 12 differs. Expected AM; Found BR
Value at index 13 differs. Expected AN; Found BR
Value at index 14 differs. Expected AO; Found BR
Value at index 15 differs. Expected AP; Found BR
Value at index 16 differs. Expected AQ; Found BR
Value at index 17 differs. Expected AR; Found BR
Value at index 18 differs. Expected AS; Found BR
Value at index 19 differs. Expected AT; Found BR
Value at index 20 differs. Expected AU; Found BR
Value at index 21 differs. Expected AV; Found BR
Value at index 22 differs. Expected AW; Found BR
Value at index 23 differs. Expected AX; Found BR
Value at index 24 differs. Expected AY; Found BR
Value at index 25 differs. Expected AZ; Found BR
Value at index 26 differs. Expected BA; Found BR
Value at index 27 differs. Expected BB; Found BR
Value at index 28 differs. Expected BC; Found BR
Value at index 29 differs. Expected BD; Found BR
Value at index 30 differs. Expected BE; Found BR
Value at index 31 differs. Expected BF; Found BR
Value at index 32 differs. Expected BG; Found BR
Value at index 33 differs. Expected BH; Found BR
Value at index 34 differs. Expected BI; Found BR
Value at index 35 differs. Expected BJ; Found BR
Value at index 36 differs. Expected BK; Found BR
Value at index 37 differs. Expected BL; Found BT
Value at index 38 differs. Expected BM; Found BW
Value at index 39 differs. Expected BN; Found BW
Value at index 40 differs. Expected BO; Found BW
Value at index 41 differs. Expected BP; Found CC
Value at index 42 differs. Expected BQ; Found CC
Value at index 43 differs. Expected BR; Found CD
Value at index 44 differs. Expected BS; Found CD
Value at index 45 differs. Expected BT; Found CD
Value at index 46 differs. Expected BU; Found CD
Value at index 47 differs. Expected BV; Found CD
Value at index 48 differs. Expected BW; Found CD
Value at index 49 differs. Expected BX; Found CL
Value at index 50 differs. Expected BY; Found CN
Value at index 51 differs. Expected BZ; Found CN
Value at index 52 differs. Expected CA; Found CO
Value at index 53 differs. Expected CB; Found CO
Value at index 54 differs. Expected CC; Found CP
Value at index 55 differs. Expected CD; Found CP
Value at index 56 differs. Expected CE; Found CP
Value at index 57 differs. Expected CF; Found CP
Value at index 58 differs. Expected CG; Found CV
Value at index 59 differs. Expected CH; Found CW
Value at index 60 differs. Expected CI; Found CW
Value at index 61 differs. Expected CJ; Found CZ
Value at index 62 differs. Expected CK; Found CZ
Value at index 63 differs. Expected CL; Found DD
Value at index 64 differs. Expected CM; Found DE
Value at index 65 differs. Expected CN; Found DE
Value at index 66 differs. Expected CO; Found DE
Value at index 67 differs. Expected CP; Found DF
Value at index 68 differs. Expected CQ; Found DF
Value at index 69 differs. Expected CR; Found DF
Value at index 70 differs. Expected CS; Found DF
Value at index 71 differs. Expected CT; Found DF
Value at index 72 differs. Expected CU; Found DF
Value at index 73 differs. Expected CV; Found DF
Value at index 74 differs. Expected CW; Found DF
Value at index 75 differs. Expected CX; Found DF
Value at index 76 differs. Expected CY; Found DH
Value at index 77 differs. Expected CZ; Found DJ
Value at index 78 differs. Expected DA; Found DJ
Value at index 79 differs. Expected DB; Found DK
Value at index 80 differs. Expected DC; Found DL
Value at index 81 differs. Expected DD; Found DN
Value at index 82 differs. Expected DE; Found DO
Value at index 83 differs. Expected DF; Found DO
Value at index 84 differs. Expected DG; Found DR
Value at index 85 differs. Expected DH; Found DR
Value at index 86 differs. Expected DI; Found DS
Value at index 87 differs. Expected DJ; Found DS
Value at index 88 differs. Expected DK; Found DT
Value at index 89 differs. Expected DL; Found DV
Value at index 90 differs. Expected DM; Found DW
Value at index 91 differs. Expected DN; Found DW
Value at index 92 differs. Expected DO; Found DY
Value at index 93 differs. Expected DP; Found DY
Value at index 94 differs. Expected DQ; Found DZ
Value at index 95 differs. Expected DR; Found EA
Value at index 96 differs. Expected DS; Found EB
Value at index 97 differs. Expected DT; Found EB
Value at index 98 differs. Expected DU; Found EB
Value at index 99 differs. Expected DV; Found EE
Value at index 100 differs. Expected DW; Found EF
Value at index 101 differs. Expected DX; Found EG
Value at index 102 differs. Expected DY; Found EK
Value at index 103 differs. Expected DZ; Found EK
Value at index 104 differs. Expected EA; Found EN
Value at index 105 differs. Expected EB; Found EP
Value at index 106 differs. Expected EC; Found EQ
Value at index 107 differs. Expected ED; Found EQ
Value at index 108 differs. Expected EE; Found EQ
Value at index 109 differs. Expected EF; Found EQ
Value at index 110 differs. Expected EG; Found ES
Value at index 111 differs. Expected EH; Found ET
Value at index 112 differs. Expected EI; Found ET
Value at index 113 differs. Expected EJ; Found ET
Value at index 114 differs. Expected EK; Found EW
Value at index 115 differs. Expected EL; Found EX
Value at index 116 differs. Expected EM; Found EX
Value at index 117 differs. Expected EN; Found EY
Value at index 118 differs. Expected EO; Found EY
Value at index 119 differs. Expected EP; Found EY
Value at index 120 differs. Expected EQ; Found EY
Value at index 121 differs. Expected ER; Found FE
Value at index 122 differs. Expected ES; Found FF
Value at index 123 differs. Expected ET; Found FF
Value at index 124 differs. Expected EU; Found FF
Value at index 125 differs. Expected EV; Found FF
Value at index 126 differs. Expected EW; Found FF
Value at index 127 differs. Expected EX; Found FF
Value at index 128 differs. Expected EY; Found FF
Value at index 129 differs. Expected EZ; Found FF
Value at index 130 differs. Expected FA; Found FF
Value at index 131 differs. Expected FB; Found FG
Value at index 132 differs. Expected FC; Found FG
Value at index 133 differs. Expected FD; Found FG
Value at index 134 differs. Expected FE; Found FN
Value at index 135 differs. Expected FF; Found FO
Value at index 136 differs. Expected FG; Found FO
Value at index 137 differs. Expected FH; Found FO
Value at index 138 differs. Expected FI; Found FO
Value at index 139 differs. Expected FJ; Found FO
Value at index 140 differs. Expected FK; Found FO
Value at index 141 differs. Expected FL; Found FP
Value at index 142 differs. Expected FM; Found FQ
Value at index 143 differs. Expected FN; Found FQ
Value at index 144 differs. Expected FO; Found FQ
Value at index 145 differs. Expected FP; Found FR
Value at index 146 differs. Expected FQ; Found FS
Value at index 147 differs. Expected FR; Found FT
Value at index 148 differs. Expected FS; Found FT

