Invalid read count. Expected: 57; Found: 75
Invalid write count. Expected: 30; Found: 39
Value at index 0 differs. Expected A; Found C
Value at index 1 differs. Expected B; Found A
Value at index 2 differs. Expected C; Found G
Value at index 3 differs. Expected D; Found H
Value at index 4 differs. Expected E; Found I
Value at index 5 differs. Expected F; Found E
Value at index 6 differs. Expected G; Found F
Value at index 7 differs. Expected H; Found G
Value at index 8 differs. Expected I; Found H
Value at index 9 differs. Expected J; Found I

Invalid read count. Expected: 7 344; Found: 18 195
Invalid write count. Expected: 3 673; Found: 7 169
Value at index 0 differs. Expected AA; Found FR
Value at index 1 differs. Expected AB; Found AA
Value at index 2 differs. Expected AC; Found AB
Value at index 3 differs. Expected AD; Found AC
Value at index 4 differs. Expected AE; Found AD
Value at index 5 differs. Expected AF; Found AE
Value at index 6 differs. Expected AG; Found AF
Value at index 7 differs. Expected AH; Found AG
Value at index 8 differs. Expected AI; Found AH
Value at index 9 differs. Expected AJ; Found AI
Value at index 10 differs. Expected AK; Found AJ
Value at index 11 differs. Expected AL; Found AK
Value at index 12 differs. Expected AM; Found AL
Value at index 13 differs. Expected AN; Found AM
Value at index 14 differs. Expected AO; Found AN
Value at index 15 differs. Expected AP; Found AO
Value at index 16 differs. Expected AQ; Found AP
Value at index 17 differs. Expected AR; Found AQ
Value at index 18 differs. Expected AS; Found AR
Value at index 19 differs. Expected AT; Found AS
Value at index 20 differs. Expected AU; Found AT
Value at index 21 differs. Expected AV; Found AU
Value at index 22 differs. Expected AW; Found AV
Value at index 23 differs. Expected AX; Found AW
Value at index 24 differs. Expected AY; Found AX
Value at index 127 differs. Expected EX; Found FB
Value at index 128 differs. Expected EY; Found FC
Value at index 129 differs. Expected EZ; Found FD
Value at index 130 differs. Expected FA; Found FE
Value at index 131 differs. Expected FB; Found FJ
Value at index 132 differs. Expected FC; Found FK
Value at index 133 differs. Expected FD; Found FL
Value at index 134 differs. Expected FE; Found FN
Value at index 135 differs. Expected FF; Found FP
Value at index 136 differs. Expected FG; Found FS
Value at index 137 differs. Expected FH; Found FT

