Invalid read count. Expected: 57; Found: 72
Invalid write count. Expected: 30; Found: 36
Value at index 0 differs. Expected A; Found J
Value at index 1 differs. Expected B; Found C
Value at index 2 differs. Expected C; Found B
Value at index 3 differs. Expected D; Found B
Value at index 4 differs. Expected E; Found B
Value at index 5 differs. Expected F; Found B
Value at index 6 differs. Expected G; Found B
Value at index 7 differs. Expected H; Found B
Value at index 8 differs. Expected I; Found C
Value at index 9 differs. Expected J; Found C

Invalid read count. Expected: 7 344; Found: 9 170
Invalid write count. Expected: 3 673; Found: 4 585
Value at index 0 differs. Expected AA; Found AY
Value at index 3 differs. Expected AD; Found CI
Value at index 4 differs. Expected AE; Found EZ
Value at index 5 differs. Expected AF; Found FM
Value at index 6 differs. Expected AG; Found FR
Value at index 7 differs. Expected AH; Found BR
Value at index 8 differs. Expected AI; Found FG
Value at index 10 differs. Expected AK; Found EC
Value at index 11 differs. Expected AL; Found AU
Value at index 12 differs. Expected AM; Found ED
Value at index 14 differs. Expected AO; Found CK
Value at index 15 differs. Expected AP; Found FF
Value at index 17 differs. Expected AR; Found DI
Value at index 19 differs. Expected AT; Found BI
Value at index 20 differs. Expected AU; Found BC
Value at index 21 differs. Expected AV; Found AX
Value at index 23 differs. Expected AX; Found BD
Value at index 24 differs. Expected AY; Found BK
Value at index 25 differs. Expected AZ; Found CF
Value at index 26 differs. Expected BA; Found BQ
Value at index 28 differs. Expected BC; Found AH
Value at index 29 differs. Expected BD; Found DU
Value at index 31 differs. Expected BF; Found CP
Value at index 33 differs. Expected BH; Found CD
Value at index 34 differs. Expected BI; Found AT
Value at index 36 differs. Expected BK; Found DM
Value at index 38 differs. Expected BM; Found DX
Value at index 39 differs. Expected BN; Found AR
Value at index 41 differs. Expected BP; Found AF
Value at index 42 differs. Expected BQ; Found BA
Value at index 43 differs. Expected BR; Found AL
Value at index 44 differs. Expected BS; Found EM
Value at index 45 differs. Expected BT; Found DJ
Value at index 47 differs. Expected BV; Found EO
Value at index 48 differs. Expected BW; Found BV
Value at index 55 differs. Expected CD; Found BH
Value at index 57 differs. Expected CF; Found AG
Value at index 60 differs. Expected CI; Found AA
Value at index 61 differs. Expected CJ; Found AA
Value at index 62 differs. Expected CK; Found AA
Value at index 63 differs. Expected CL; Found AA
Value at index 64 differs. Expected CM; Found AA
Value at index 65 differs. Expected CN; Found AA
Value at index 66 differs. Expected CO; Found AA
Value at index 67 differs. Expected CP; Found AA
Value at index 68 differs. Expected CQ; Found AA
Value at index 69 differs. Expected CR; Found AA
Value at index 70 differs. Expected CS; Found AA
Value at index 71 differs. Expected CT; Found AA
Value at index 72 differs. Expected CU; Found AA
Value at index 73 differs. Expected CV; Found AA
Value at index 74 differs. Expected CW; Found AA
Value at index 75 differs. Expected CX; Found AA
Value at index 76 differs. Expected CY; Found AA
Value at index 77 differs. Expected CZ; Found AA
Value at index 78 differs. Expected DA; Found AA
Value at index 79 differs. Expected DB; Found AA
Value at index 80 differs. Expected DC; Found AA
Value at index 81 differs. Expected DD; Found AA
Value at index 82 differs. Expected DE; Found AA
Value at index 83 differs. Expected DF; Found AA
Value at index 84 differs. Expected DG; Found AA
Value at index 85 differs. Expected DH; Found AA
Value at index 86 differs. Expected DI; Found AA
Value at index 87 differs. Expected DJ; Found AA
Value at index 88 differs. Expected DK; Found AA
Value at index 89 differs. Expected DL; Found AA
Value at index 90 differs. Expected DM; Found AA
Value at index 91 differs. Expected DN; Found AA
Value at index 92 differs. Expected DO; Found AA
Value at index 93 differs. Expected DP; Found AA
Value at index 94 differs. Expected DQ; Found AA
Value at index 95 differs. Expected DR; Found AA
Value at index 96 differs. Expected DS; Found AA
Value at index 97 differs. Expected DT; Found AA
Value at index 98 differs. Expected DU; Found AA
Value at index 99 differs. Expected DV; Found AA
Value at index 100 differs. Expected DW; Found AA
Value at index 101 differs. Expected DX; Found AA
Value at index 102 differs. Expected DY; Found AA
Value at index 103 differs. Expected DZ; Found AA
Value at index 104 differs. Expected EA; Found AA
Value at index 105 differs. Expected EB; Found AA
Value at index 106 differs. Expected EC; Found AA
Value at index 107 differs. Expected ED; Found AA
Value at index 108 differs. Expected EE; Found AA
Value at index 109 differs. Expected EF; Found AA
Value at index 110 differs. Expected EG; Found AA
Value at index 111 differs. Expected EH; Found AA
Value at index 112 differs. Expected EI; Found AA
Value at index 113 differs. Expected EJ; Found AA
Value at index 114 differs. Expected EK; Found AA
Value at index 115 differs. Expected EL; Found AA
Value at index 116 differs. Expected EM; Found AA
Value at index 117 differs. Expected EN; Found AA
Value at index 118 differs. Expected EO; Found AA
Value at index 119 differs. Expected EP; Found AA
Value at index 120 differs. Expected EQ; Found AA
Value at index 121 differs. Expected ER; Found AA
Value at index 122 differs. Expected ES; Found AA
Value at index 123 differs. Expected ET; Found AA
Value at index 124 differs. Expected EU; Found AA
Value at index 125 differs. Expected EV; Found AA
Value at index 126 differs. Expected EW; Found AA
Value at index 127 differs. Expected EX; Found AA
Value at index 128 differs. Expected EY; Found AA
Value at index 129 differs. Expected EZ; Found AA
Value at index 130 differs. Expected FA; Found AA
Value at index 131 differs. Expected FB; Found AA
Value at index 132 differs. Expected FC; Found AA
Value at index 133 differs. Expected FD; Found AA
Value at index 134 differs. Expected FE; Found AA
Value at index 135 differs. Expected FF; Found AA
Value at index 136 differs. Expected FG; Found AA
Value at index 137 differs. Expected FH; Found AA
Value at index 138 differs. Expected FI; Found AA
Value at index 139 differs. Expected FJ; Found AA
Value at index 140 differs. Expected FK; Found AA
Value at index 141 differs. Expected FL; Found AA
Value at index 142 differs. Expected FM; Found AA
Value at index 143 differs. Expected FN; Found AA
Value at index 144 differs. Expected FO; Found AA
Value at index 145 differs. Expected FP; Found AA
Value at index 146 differs. Expected FQ; Found AA
Value at index 147 differs. Expected FR; Found AA
Value at index 148 differs. Expected FS; Found AB
Value at index 149 differs. Expected FT; Found AB

