Invalid read count. Expected: 0; Found: 84
Invalid write count. Expected: 0; Found: 39
Value at index 0 differs. Expected A; Found I
Value at index 1 differs. Expected I; Found J
Value at index 2 differs. Expected C; Found H
Value at index 3 differs. Expected D; Found G
Value at index 4 differs. Expected E; Found I
Value at index 5 differs. Expected G; Found I
Value at index 6 differs. Expected B; Found I
Value at index 7 differs. Expected H; Found I
Value at index 8 differs. Expected F; Found I

Invalid read count. Expected: 0; Found: 20 326
Invalid write count. Expected: 0; Found: 9 151
Value at index 1 differs. Expected AB; Found FT
Value at index 2 differs. Expected AC; Found BQ
Value at index 3 differs. Expected BK; Found CH
Value at index 4 differs. Expected FB; Found CH
Value at index 5 differs. Expected FJ; Found CH
Value at index 6 differs. Expected BW; Found DU
Value at index 7 differs. Expected AH; Found DU
Value at index 8 differs. Expected AF; Found DU
Value at index 9 differs. Expected FL; Found DU
Value at index 10 differs. Expected EG; Found DX
Value at index 11 differs. Expected CO; Found DX
Value at index 12 differs. Expected AN; Found EH
Value at index 13 differs. Expected CB; Found EH
Value at index 14 differs. Expected EN; Found EH
Value at index 15 differs. Expected AP; Found EH
Value at index 16 differs. Expected CL; Found EH
Value at index 17 differs. Expected AR; Found EH
Value at index 18 differs. Expected CR; Found EC
Value at index 19 differs. Expected ET; Found EC
Value at index 20 differs. Expected DC; Found EM
Value at index 21 differs. Expected DB; Found EM
Value at index 22 differs. Expected AW; Found EM
Value at index 23 differs. Expected EX; Found EM
Value at index 24 differs. Expected AY; Found EI
Value at index 25 differs. Expected AV; Found EI
Value at index 26 differs. Expected BA; Found EF
Value at index 27 differs. Expected EB; Found EA
Value at index 28 differs. Expected BC; Found EA
Value at index 29 differs. Expected EV; Found DT
Value at index 30 differs. Expected FC; Found DQ
Value at index 31 differs. Expected EQ; Found EK
Value at index 32 differs. Expected CT; Found EK
Value at index 33 differs. Expected DY; Found EK
Value at index 34 differs. Expected BI; Found EK
Value at index 35 differs. Expected BJ; Found EK
Value at index 36 differs. Expected FH; Found EK
Value at index 37 differs. Expected DP; Found EK
Value at index 38 differs. Expected AX; Found EK
Value at index 39 differs. Expected BE; Found EK
Value at index 40 differs. Expected CK; Found EK
Value at index 41 differs. Expected BP; Found EK
Value at index 42 differs. Expected FQ; Found EK
Value at index 43 differs. Expected BR; Found EK
Value at index 44 differs. Expected BS; Found DV
Value at index 45 differs. Expected EE; Found DM
Value at index 46 differs. Expected BU; Found DM
Value at index 47 differs. Expected BV; Found DM
Value at index 48 differs. Expected CN; Found DM
Value at index 49 differs. Expected FS; Found EJ
Value at index 50 differs. Expected BY; Found EJ
Value at index 51 differs. Expected BZ; Found EJ
Value at index 52 differs. Expected EZ; Found EJ
Value at index 53 differs. Expected ED; Found EJ
Value at index 54 differs. Expected CC; Found EJ
Value at index 55 differs. Expected CD; Found EJ
Value at index 56 differs. Expected FP; Found EJ
Value at index 57 differs. Expected CF; Found EJ
Value at index 58 differs. Expected BN; Found EJ
Value at index 59 differs. Expected BH; Found EJ
Value at index 60 differs. Expected AK; Found EJ
Value at index 62 differs. Expected AD; Found EJ
Value at index 63 differs. Expected AQ; Found EJ
Value at index 64 differs. Expected EU; Found EJ
Value at index 65 differs. Expected FN; Found EJ
Value at index 66 differs. Expected DG; Found EJ
Value at index 67 differs. Expected DM; Found EJ
Value at index 68 differs. Expected CQ; Found EJ
Value at index 69 differs. Expected AS; Found ED
Value at index 70 differs. Expected CS; Found ED
Value at index 71 differs. Expected ES; Found ED
Value at index 72 differs. Expected CU; Found FS
Value at index 73 differs. Expected CV; Found FR
Value at index 74 differs. Expected CW; Found FO
Value at index 75 differs. Expected CX; Found FM
Value at index 76 differs. Expected EP; Found FM
Value at index 77 differs. Expected CE; Found FM
Value at index 78 differs. Expected DA; Found FS
Value at index 79 differs. Expected AZ; Found FS
Value at index 80 differs. Expected AJ; Found FS
Value at index 81 differs. Expected DV; Found FS
Value at index 82 differs. Expected DE; Found FS
Value at index 83 differs. Expected DS; Found FS
Value at index 84 differs. Expected AL; Found FS
Value at index 85 differs. Expected DH; Found FS
Value at index 86 differs. Expected DI; Found FS
Value at index 87 differs. Expected DJ; Found FS
Value at index 88 differs. Expected AO; Found FS
Value at index 89 differs. Expected FA; Found FS
Value at index 90 differs. Expected CZ; Found FS
Value at index 91 differs. Expected BL; Found FN
Value at index 92 differs. Expected EK; Found FN
Value at index 93 differs. Expected DN; Found FS
Value at index 94 differs. Expected DQ; Found FS
Value at index 95 differs. Expected BX; Found FS
Value at index 96 differs. Expected CP; Found FS
Value at index 97 differs. Expected DT; Found FS
Value at index 98 differs. Expected AM; Found FS
Value at index 99 differs. Expected DD; Found FS
Value at index 100 differs. Expected DW; Found FS
Value at index 101 differs. Expected AA; Found FQ
Value at index 102 differs. Expected FI; Found FQ
Value at index 103 differs. Expected DZ; Found FQ
Value at index 104 differs. Expected EA; Found FQ
Value at index 105 differs. Expected BB; Found FQ
Value at index 106 differs. Expected BF; Found EN
Value at index 107 differs. Expected FF; Found EN
Value at index 108 differs. Expected DO; Found EN
Value at index 109 differs. Expected EF; Found FL
Value at index 110 differs. Expected CI; Found FL
Value at index 111 differs. Expected CM; Found FL
Value at index 112 differs. Expected EI; Found FL
Value at index 113 differs. Expected AT; Found FL
Value at index 114 differs. Expected BT; Found FL
Value at index 115 differs. Expected EL; Found FL
Value at index 116 differs. Expected EM; Found FL
Value at index 117 differs. Expected DK; Found FL
Value at index 118 differs. Expected EY; Found FL
Value at index 119 differs. Expected BG; Found FL
Value at index 120 differs. Expected EC; Found FL
Value at index 121 differs. Expected ER; Found FL
Value at index 122 differs. Expected AG; Found FL
Value at index 123 differs. Expected BO; Found FL
Value at index 124 differs. Expected EH; Found FL
Value at index 125 differs. Expected BD; Found FL
Value at index 126 differs. Expected EW; Found FL
Value at index 127 differs. Expected BM; Found FL
Value at index 128 differs. Expected FM; Found FL
Value at index 129 differs. Expected CA; Found FL
Value at index 130 differs. Expected DL; Found FL
Value at index 131 differs. Expected AE; Found FL
Value at index 132 differs. Expected DX; Found FL
Value at index 133 differs. Expected FD; Found FL
Value at index 134 differs. Expected FE; Found FJ
Value at index 135 differs. Expected CJ; Found FJ
Value at index 136 differs. Expected DU; Found FJ
Value at index 137 differs. Expected FG; Found FJ
Value at index 138 differs. Expected CH; Found FJ
Value at index 139 differs. Expected AI; Found FJ
Value at index 140 differs. Expected BQ; Found FL
Value at index 141 differs. Expected AU; Found FL
Value at index 142 differs. Expected CG; Found FQ
Value at index 143 differs. Expected CY; Found FQ
Value at index 144 differs. Expected FO; Found FQ
Value at index 145 differs. Expected DF; Found FQ
Value at index 146 differs. Expected FK; Found FQ
Value at index 147 differs. Expected FR; Found FS
Value at index 148 differs. Expected DR; Found FS

