Invalid read count. Expected: 43; Found: 57
Invalid write count. Expected: 22; Found: 21
Value at index 0 differs. Expected A; Found J
Value at index 1 differs. Expected B; Found D
Value at index 2 differs. Expected C; Found A
Value at index 3 differs. Expected D; Found C
Value at index 4 differs. Expected E; Found I
Value at index 5 differs. Expected F; Found H
Value at index 6 differs. Expected G; Found F
Value at index 7 differs. Expected H; Found G
Value at index 8 differs. Expected I; Found H

Invalid read count. Expected: 7 686; Found: 16 886
Invalid write count. Expected: 3 845; Found: 5 860
Value at index 0 differs. Expected AA; Found FT
Value at index 1 differs. Expected AB; Found CE
Value at index 2 differs. Expected AC; Found BX
Value at index 3 differs. Expected AD; Found BU
Value at index 4 differs. Expected AE; Found CB
Value at index 5 differs. Expected AF; Found CB
Value at index 6 differs. Expected AG; Found BA
Value at index 7 differs. Expected AH; Found BS
Value at index 8 differs. Expected AI; Found BS
Value at index 9 differs. Expected AJ; Found BQ
Value at index 10 differs. Expected AK; Found BQ
Value at index 11 differs. Expected AL; Found BQ
Value at index 12 differs. Expected AM; Found BM
Value at index 13 differs. Expected AN; Found BM
Value at index 14 differs. Expected AO; Found CD
Value at index 15 differs. Expected AP; Found CD
Value at index 16 differs. Expected AQ; Found CD
Value at index 17 differs. Expected AR; Found CD
Value at index 18 differs. Expected AS; Found CD
Value at index 19 differs. Expected AT; Found CD
Value at index 20 differs. Expected AU; Found CD
Value at index 21 differs. Expected AV; Found CD
Value at index 22 differs. Expected AW; Found BZ
Value at index 23 differs. Expected AX; Found BZ
Value at index 24 differs. Expected AY; Found BZ
Value at index 25 differs. Expected AZ; Found CA
Value at index 26 differs. Expected BA; Found CA
Value at index 27 differs. Expected BB; Found CA
Value at index 28 differs. Expected BC; Found CA
Value at index 29 differs. Expected BD; Found CA
Value at index 30 differs. Expected BE; Found CA
Value at index 31 differs. Expected BF; Found CA
Value at index 32 differs. Expected BG; Found CA
Value at index 33 differs. Expected BH; Found CA
Value at index 34 differs. Expected BI; Found BR
Value at index 35 differs. Expected BJ; Found BR
Value at index 36 differs. Expected BK; Found BR
Value at index 37 differs. Expected BL; Found BT
Value at index 38 differs. Expected BM; Found BT
Value at index 39 differs. Expected BN; Found BT
Value at index 40 differs. Expected BO; Found BT
Value at index 41 differs. Expected BP; Found BT
Value at index 42 differs. Expected BQ; Found BT
Value at index 43 differs. Expected BR; Found BT
Value at index 44 differs. Expected BS; Found BT
Value at index 46 differs. Expected BU; Found BT
Value at index 47 differs. Expected BV; Found EW
Value at index 48 differs. Expected BW; Found EW
Value at index 49 differs. Expected BX; Found CI
Value at index 50 differs. Expected BY; Found DH
Value at index 51 differs. Expected BZ; Found EW
Value at index 52 differs. Expected CA; Found EW
Value at index 53 differs. Expected CB; Found EI
Value at index 54 differs. Expected CC; Found EN
Value at index 55 differs. Expected CD; Found EV
Value at index 56 differs. Expected CE; Found EW
Value at index 57 differs. Expected CF; Found EW
Value at index 58 differs. Expected CG; Found EW
Value at index 59 differs. Expected CH; Found ES
Value at index 60 differs. Expected CI; Found EP
Value at index 61 differs. Expected CJ; Found EK
Value at index 62 differs. Expected CK; Found EK
Value at index 63 differs. Expected CL; Found DZ
Value at index 64 differs. Expected CM; Found DZ
Value at index 65 differs. Expected CN; Found DZ
Value at index 66 differs. Expected CO; Found DZ
Value at index 67 differs. Expected CP; Found EC
Value at index 68 differs. Expected CQ; Found EC
Value at index 69 differs. Expected CR; Found ED
Value at index 70 differs. Expected CS; Found ED
Value at index 71 differs. Expected CT; Found ED
Value at index 72 differs. Expected CU; Found ED
Value at index 73 differs. Expected CV; Found ED
Value at index 74 differs. Expected CW; Found EL
Value at index 75 differs. Expected CX; Found EL
Value at index 76 differs. Expected CY; Found EL
Value at index 77 differs. Expected CZ; Found EL
Value at index 78 differs. Expected DA; Found EL
Value at index 79 differs. Expected DB; Found EL
Value at index 80 differs. Expected DC; Found EL
Value at index 81 differs. Expected DD; Found EL
Value at index 82 differs. Expected DE; Found EL
Value at index 83 differs. Expected DF; Found EL
Value at index 84 differs. Expected DG; Found EQ
Value at index 85 differs. Expected DH; Found EQ
Value at index 86 differs. Expected DI; Found EQ
Value at index 87 differs. Expected DJ; Found EO
Value at index 88 differs. Expected DK; Found EO
Value at index 89 differs. Expected DL; Found EO
Value at index 90 differs. Expected DM; Found EO
Value at index 91 differs. Expected DN; Found EO
Value at index 92 differs. Expected DO; Found EW
Value at index 93 differs. Expected DP; Found EW
Value at index 94 differs. Expected DQ; Found EW
Value at index 95 differs. Expected DR; Found EW
Value at index 96 differs. Expected DS; Found EW
Value at index 97 differs. Expected DT; Found EW
Value at index 98 differs. Expected DU; Found EW
Value at index 99 differs. Expected DV; Found EW
Value at index 100 differs. Expected DW; Found EW
Value at index 101 differs. Expected DX; Found EW
Value at index 102 differs. Expected DY; Found EW
Value at index 103 differs. Expected DZ; Found EW
Value at index 104 differs. Expected EA; Found EW
Value at index 105 differs. Expected EB; Found EW
Value at index 106 differs. Expected EC; Found EW
Value at index 107 differs. Expected ED; Found ET
Value at index 108 differs. Expected EE; Found EW
Value at index 109 differs. Expected EF; Found EW
Value at index 110 differs. Expected EG; Found EW
Value at index 111 differs. Expected EH; Found EW
Value at index 112 differs. Expected EI; Found EW
Value at index 113 differs. Expected EJ; Found EW
Value at index 114 differs. Expected EK; Found EW
Value at index 115 differs. Expected EL; Found EW
Value at index 116 differs. Expected EM; Found EW
Value at index 117 differs. Expected EN; Found EW
Value at index 118 differs. Expected EO; Found EW
Value at index 119 differs. Expected EP; Found EW
Value at index 120 differs. Expected EQ; Found EW
Value at index 121 differs. Expected ER; Found EW
Value at index 122 differs. Expected ES; Found EW
Value at index 123 differs. Expected ET; Found EW
Value at index 124 differs. Expected EU; Found EW
Value at index 125 differs. Expected EV; Found EX
Value at index 126 differs. Expected EW; Found EX
Value at index 128 differs. Expected EY; Found FB
Value at index 129 differs. Expected EZ; Found FA
Value at index 130 differs. Expected FA; Found FS
Value at index 131 differs. Expected FB; Found FR
Value at index 132 differs. Expected FC; Found FS
Value at index 133 differs. Expected FD; Found FS
Value at index 134 differs. Expected FE; Found FS
Value at index 135 differs. Expected FF; Found FS
Value at index 136 differs. Expected FG; Found FS
Value at index 137 differs. Expected FH; Found FS
Value at index 138 differs. Expected FI; Found FO
Value at index 139 differs. Expected FJ; Found FO
Value at index 140 differs. Expected FK; Found FO
Value at index 141 differs. Expected FL; Found FO
Value at index 142 differs. Expected FM; Found FP
Value at index 143 differs. Expected FN; Found FP
Value at index 144 differs. Expected FO; Found FP
Value at index 146 differs. Expected FQ; Found FP
Value at index 147 differs. Expected FR; Found FQ
Value at index 148 differs. Expected FS; Found FT

