Invalid read count. Expected: 43; Found: 109
Invalid write count. Expected: 22; Found: 37
Value at index 0 differs. Expected A; Found I
Value at index 1 differs. Expected B; Found D
Value at index 2 differs. Expected C; Found J
Value at index 3 differs. Expected D; Found A
Value at index 4 differs. Expected E; Found C
Value at index 5 differs. Expected F; Found C
Value at index 6 differs. Expected G; Found C
Value at index 7 differs. Expected H; Found C
Value at index 8 differs. Expected I; Found C
Value at index 9 differs. Expected J; Found E

Invalid read count. Expected: 7 686; Found: 29 359
Invalid write count. Expected: 3 845; Found: 7 307
Value at index 0 differs. Expected AA; Found AS
Value at index 1 differs. Expected AB; Found CE
Value at index 2 differs. Expected AC; Found FR
Value at index 3 differs. Expected AD; Found AR
Value at index 4 differs. Expected AE; Found AR
Value at index 5 differs. Expected AF; Found AR
Value at index 6 differs. Expected AG; Found AR
Value at index 7 differs. Expected AH; Found AR
Value at index 8 differs. Expected AI; Found AA
Value at index 9 differs. Expected AJ; Found BX
Value at index 10 differs. Expected AK; Found AA
Value at index 11 differs. Expected AL; Found AA
Value at index 12 differs. Expected AM; Found AA
Value at index 13 differs. Expected AN; Found AA
Value at index 14 differs. Expected AO; Found AA
Value at index 15 differs. Expected AP; Found AA
Value at index 16 differs. Expected AQ; Found AA
Value at index 17 differs. Expected AR; Found AA
Value at index 18 differs. Expected AS; Found AA
Value at index 19 differs. Expected AT; Found AA
Value at index 20 differs. Expected AU; Found AA
Value at index 21 differs. Expected AV; Found AA
Value at index 22 differs. Expected AW; Found AA
Value at index 23 differs. Expected AX; Found AA
Value at index 24 differs. Expected AY; Found CX
Value at index 25 differs. Expected AZ; Found AI
Value at index 26 differs. Expected BA; Found AI
Value at index 27 differs. Expected BB; Found AI
Value at index 28 differs. Expected BC; Found AI
Value at index 29 differs. Expected BD; Found AI
Value at index 30 differs. Expected BE; Found AI
Value at index 31 differs. Expected BF; Found AI
Value at index 32 differs. Expected BG; Found AI
Value at index 33 differs. Expected BH; Found AI
Value at index 34 differs. Expected BI; Found AI
Value at index 35 differs. Expected BJ; Found AI
Value at index 36 differs. Expected BK; Found AI
Value at index 37 differs. Expected BL; Found AI
Value at index 38 differs. Expected BM; Found AI
Value at index 39 differs. Expected BN; Found AI
Value at index 40 differs. Expected BO; Found AI
Value at index 41 differs. Expected BP; Found AI
Value at index 42 differs. Expected BQ; Found AI
Value at index 43 differs. Expected BR; Found AI
Value at index 44 differs. Expected BS; Found AI
Value at index 45 differs. Expected BT; Found AI
Value at index 46 differs. Expected BU; Found AI
Value at index 47 differs. Expected BV; Found AP
Value at index 48 differs. Expected BW; Found AI
Value at index 49 differs. Expected BX; Found AI
Value at index 50 differs. Expected BY; Found AI
Value at index 51 differs. Expected BZ; Found AB
Value at index 52 differs. Expected CA; Found AB
Value at index 53 differs. Expected CB; Found AB
Value at index 54 differs. Expected CC; Found AB
Value at index 55 differs. Expected CD; Found AB
Value at index 56 differs. Expected CE; Found AB
Value at index 57 differs. Expected CF; Found AB
Value at index 58 differs. Expected CG; Found AB
Value at index 59 differs. Expected CH; Found AB
Value at index 60 differs. Expected CI; Found AB
Value at index 61 differs. Expected CJ; Found AB
Value at index 62 differs. Expected CK; Found AB
Value at index 63 differs. Expected CL; Found AB
Value at index 64 differs. Expected CM; Found AB
Value at index 65 differs. Expected CN; Found AB
Value at index 66 differs. Expected CO; Found AB
Value at index 67 differs. Expected CP; Found AB
Value at index 68 differs. Expected CQ; Found AB
Value at index 69 differs. Expected CR; Found AB
Value at index 70 differs. Expected CS; Found AB
Value at index 71 differs. Expected CT; Found AB
Value at index 72 differs. Expected CU; Found AB
Value at index 73 differs. Expected CV; Found AB
Value at index 74 differs. Expected CW; Found AB
Value at index 75 differs. Expected CX; Found AB
Value at index 76 differs. Expected CY; Found AB
Value at index 77 differs. Expected CZ; Found AB
Value at index 78 differs. Expected DA; Found AB
Value at index 79 differs. Expected DB; Found AB
Value at index 80 differs. Expected DC; Found AB
Value at index 81 differs. Expected DD; Found AB
Value at index 82 differs. Expected DE; Found AB
Value at index 83 differs. Expected DF; Found AB
Value at index 84 differs. Expected DG; Found AB
Value at index 85 differs. Expected DH; Found AB
Value at index 86 differs. Expected DI; Found AB
Value at index 87 differs. Expected DJ; Found AB
Value at index 88 differs. Expected DK; Found AB
Value at index 89 differs. Expected DL; Found AB
Value at index 90 differs. Expected DM; Found AB
Value at index 91 differs. Expected DN; Found AB
Value at index 92 differs. Expected DO; Found AB
Value at index 93 differs. Expected DP; Found AB
Value at index 94 differs. Expected DQ; Found AB
Value at index 95 differs. Expected DR; Found AB
Value at index 96 differs. Expected DS; Found AB
Value at index 97 differs. Expected DT; Found AB
Value at index 98 differs. Expected DU; Found AD
Value at index 99 differs. Expected DV; Found AD
Value at index 100 differs. Expected DW; Found AD
Value at index 101 differs. Expected DX; Found AD
Value at index 102 differs. Expected DY; Found AH
Value at index 103 differs. Expected DZ; Found AH
Value at index 104 differs. Expected EA; Found AH
Value at index 105 differs. Expected EB; Found AH
Value at index 106 differs. Expected EC; Found AH
Value at index 107 differs. Expected ED; Found AH
Value at index 108 differs. Expected EE; Found AH
Value at index 109 differs. Expected EF; Found AE
Value at index 110 differs. Expected EG; Found AE
Value at index 111 differs. Expected EH; Found AE
Value at index 112 differs. Expected EI; Found AE
Value at index 113 differs. Expected EJ; Found AE
Value at index 114 differs. Expected EK; Found AE
Value at index 115 differs. Expected EL; Found AE
Value at index 116 differs. Expected EM; Found AC
Value at index 117 differs. Expected EN; Found AC
Value at index 118 differs. Expected EO; Found AC
Value at index 119 differs. Expected EP; Found AC
Value at index 120 differs. Expected EQ; Found AC
Value at index 121 differs. Expected ER; Found AC
Value at index 122 differs. Expected ES; Found AC
Value at index 123 differs. Expected ET; Found AC
Value at index 124 differs. Expected EU; Found AC
Value at index 125 differs. Expected EV; Found AC
Value at index 126 differs. Expected EW; Found AC
Value at index 127 differs. Expected EX; Found AC
Value at index 128 differs. Expected EY; Found BA
Value at index 129 differs. Expected EZ; Found BA
Value at index 130 differs. Expected FA; Found BA
Value at index 131 differs. Expected FB; Found BA
Value at index 132 differs. Expected FC; Found BA
Value at index 133 differs. Expected FD; Found BA
Value at index 134 differs. Expected FE; Found BA
Value at index 135 differs. Expected FF; Found BG
Value at index 136 differs. Expected FG; Found BG
Value at index 137 differs. Expected FH; Found AF
Value at index 138 differs. Expected FI; Found AF
Value at index 139 differs. Expected FJ; Found AF
Value at index 140 differs. Expected FK; Found AF
Value at index 141 differs. Expected FL; Found EI
Value at index 142 differs. Expected FM; Found EI
Value at index 143 differs. Expected FN; Found BU
Value at index 144 differs. Expected FO; Found BU
Value at index 145 differs. Expected FP; Found AS
Value at index 146 differs. Expected FQ; Found CV
Value at index 147 differs. Expected FR; Found DH
Value at index 148 differs. Expected FS; Found CI
Value at index 149 differs. Expected FT; Found BX

