Invalid read count. Expected: 58; Found: 76
Invalid write count. Expected: 30; Found: 31
Value at index 0 differs. Expected A; Found F
Value at index 1 differs. Expected B; Found C
Value at index 2 differs. Expected C; Found E
Value at index 3 differs. Expected D; Found E
Value at index 4 differs. Expected E; Found D
Value at index 5 differs. Expected F; Found G
Value at index 7 differs. Expected H; Found J
Value at index 9 differs. Expected J; Found I

Invalid read count. Expected: 7 992; Found: 16 679
Invalid write count. Expected: 3 996; Found: 5 504
Value at index 1 differs. Expected AB; Found BI
Value at index 2 differs. Expected AC; Found AZ
Value at index 3 differs. Expected AD; Found AJ
Value at index 4 differs. Expected AE; Found BD
Value at index 5 differs. Expected AF; Found BD
Value at index 6 differs. Expected AG; Found BE
Value at index 7 differs. Expected AH; Found BE
Value at index 8 differs. Expected AI; Found AR
Value at index 9 differs. Expected AJ; Found AR
Value at index 10 differs. Expected AK; Found AR
Value at index 11 differs. Expected AL; Found BB
Value at index 12 differs. Expected AM; Found BB
Value at index 13 differs. Expected AN; Found BB
Value at index 14 differs. Expected AO; Found BB
Value at index 15 differs. Expected AP; Found BG
Value at index 16 differs. Expected AQ; Found BG
Value at index 17 differs. Expected AR; Found BG
Value at index 18 differs. Expected AS; Found BG
Value at index 19 differs. Expected AT; Found BG
Value at index 20 differs. Expected AU; Found BA
Value at index 21 differs. Expected AV; Found BA
Value at index 22 differs. Expected AW; Found BH
Value at index 23 differs. Expected AX; Found BH
Value at index 24 differs. Expected AY; Found BH
Value at index 25 differs. Expected AZ; Found BH
Value at index 26 differs. Expected BA; Found BH
Value at index 27 differs. Expected BB; Found BH
Value at index 28 differs. Expected BC; Found BH
Value at index 29 differs. Expected BD; Found BH
Value at index 30 differs. Expected BE; Found BH
Value at index 31 differs. Expected BF; Found BH
Value at index 32 differs. Expected BG; Found BH
Value at index 33 differs. Expected BH; Found EG
Value at index 34 differs. Expected BI; Found DB
Value at index 35 differs. Expected BJ; Found DW
Value at index 36 differs. Expected BK; Found EA
Value at index 37 differs. Expected BL; Found EA
Value at index 38 differs. Expected BM; Found DU
Value at index 39 differs. Expected BN; Found DU
Value at index 40 differs. Expected BO; Found DU
Value at index 41 differs. Expected BP; Found EC
Value at index 42 differs. Expected BQ; Found EC
Value at index 43 differs. Expected BR; Found EC
Value at index 44 differs. Expected BS; Found EC
Value at index 45 differs. Expected BT; Found EC
Value at index 46 differs. Expected BU; Found EE
Value at index 47 differs. Expected BV; Found EE
Value at index 48 differs. Expected BW; Found EE
Value at index 49 differs. Expected BX; Found EE
Value at index 50 differs. Expected BY; Found EF
Value at index 51 differs. Expected BZ; Found EF
Value at index 52 differs. Expected CA; Found DN
Value at index 53 differs. Expected CB; Found DX
Value at index 54 differs. Expected CC; Found DX
Value at index 55 differs. Expected CD; Found DX
Value at index 56 differs. Expected CE; Found DX
Value at index 57 differs. Expected CF; Found DX
Value at index 58 differs. Expected CG; Found EB
Value at index 59 differs. Expected CH; Found EB
Value at index 60 differs. Expected CI; Found EB
Value at index 61 differs. Expected CJ; Found EB
Value at index 62 differs. Expected CK; Found EB
Value at index 63 differs. Expected CL; Found DV
Value at index 64 differs. Expected CM; Found DV
Value at index 65 differs. Expected CN; Found DV
Value at index 66 differs. Expected CO; Found DV
Value at index 67 differs. Expected CP; Found DV
Value at index 68 differs. Expected CQ; Found DV
Value at index 69 differs. Expected CR; Found DV
Value at index 70 differs. Expected CS; Found DR
Value at index 71 differs. Expected CT; Found DR
Value at index 72 differs. Expected CU; Found DR
Value at index 73 differs. Expected CV; Found DR
Value at index 74 differs. Expected CW; Found DR
Value at index 75 differs. Expected CX; Found DR
Value at index 76 differs. Expected CY; Found DR
Value at index 77 differs. Expected CZ; Found DR
Value at index 78 differs. Expected DA; Found DR
Value at index 79 differs. Expected DB; Found DR
Value at index 80 differs. Expected DC; Found DR
Value at index 81 differs. Expected DD; Found DR
Value at index 82 differs. Expected DE; Found DR
Value at index 83 differs. Expected DF; Found DR
Value at index 84 differs. Expected DG; Found DY
Value at index 85 differs. Expected DH; Found DY
Value at index 86 differs. Expected DI; Found DY
Value at index 87 differs. Expected DJ; Found DY
Value at index 88 differs. Expected DK; Found DY
Value at index 89 differs. Expected DL; Found DY
Value at index 90 differs. Expected DM; Found DY
Value at index 91 differs. Expected DN; Found DY
Value at index 92 differs. Expected DO; Found DZ
Value at index 93 differs. Expected DP; Found DZ
Value at index 94 differs. Expected DQ; Found ED
Value at index 95 differs. Expected DR; Found ED
Value at index 96 differs. Expected DS; Found ED
Value at index 97 differs. Expected DT; Found ED
Value at index 98 differs. Expected DU; Found ED
Value at index 99 differs. Expected DV; Found ED
Value at index 100 differs. Expected DW; Found ED
Value at index 101 differs. Expected DX; Found ED
Value at index 102 differs. Expected DY; Found ED
Value at index 103 differs. Expected DZ; Found EG
Value at index 104 differs. Expected EA; Found EG
Value at index 105 differs. Expected EB; Found EG
Value at index 106 differs. Expected EC; Found EG
Value at index 107 differs. Expected ED; Found EG
Value at index 108 differs. Expected EE; Found EG
Value at index 109 differs. Expected EF; Found EG
Value at index 111 differs. Expected EH; Found FA
Value at index 112 differs. Expected EI; Found EL
Value at index 114 differs. Expected EK; Found EX
Value at index 115 differs. Expected EL; Found EX
Value at index 116 differs. Expected EM; Found EY
Value at index 117 differs. Expected EN; Found ES
Value at index 118 differs. Expected EO; Found EP
Value at index 119 differs. Expected EP; Found EW
Value at index 120 differs. Expected EQ; Found EW
Value at index 121 differs. Expected ER; Found EW
Value at index 122 differs. Expected ES; Found ET
Value at index 123 differs. Expected ET; Found EU
Value at index 125 differs. Expected EV; Found EU
Value at index 126 differs. Expected EW; Found EZ
Value at index 127 differs. Expected EX; Found EZ
Value at index 128 differs. Expected EY; Found EZ
Value at index 130 differs. Expected FA; Found EZ
Value at index 131 differs. Expected FB; Found FE
Value at index 132 differs. Expected FC; Found FD
Value at index 133 differs. Expected FD; Found FP
Value at index 134 differs. Expected FE; Found FH
Value at index 135 differs. Expected FF; Found FI
Value at index 136 differs. Expected FG; Found FI
Value at index 137 differs. Expected FH; Found FP
Value at index 138 differs. Expected FI; Found FP
Value at index 139 differs. Expected FJ; Found FO
Value at index 140 differs. Expected FK; Found FM
Value at index 141 differs. Expected FL; Found FN
Value at index 142 differs. Expected FM; Found FN
Value at index 144 differs. Expected FO; Found FR
Value at index 145 differs. Expected FP; Found FR

