Invalid read count. Expected: 43; Found: 72
Invalid write count. Expected: 22; Found: 36
Value at index 1 differs. Expected B; Found D
Value at index 2 differs. Expected C; Found J
Value at index 3 differs. Expected D; Found H
Value at index 4 differs. Expected E; Found G
Value at index 6 differs. Expected G; Found E
Value at index 7 differs. Expected H; Found C
Value at index 8 differs. Expected I; Found C
Value at index 9 differs. Expected J; Found A

Invalid read count. Expected: 7 686; Found: 20 097
Invalid write count. Expected: 3 845; Found: 9 071
Value at index 1 differs. Expected AB; Found CE
Value at index 2 differs. Expected AC; Found CI
Value at index 3 differs. Expected AD; Found DH
Value at index 4 differs. Expected AE; Found CV
Value at index 5 differs. Expected AF; Found EN
Value at index 6 differs. Expected AG; Found EV
Value at index 7 differs. Expected AH; Found EF
Value at index 8 differs. Expected AI; Found EF
Value at index 9 differs. Expected AJ; Found EF
Value at index 10 differs. Expected AK; Found DO
Value at index 11 differs. Expected AL; Found DO
Value at index 12 differs. Expected AM; Found DO
Value at index 13 differs. Expected AN; Found CW
Value at index 14 differs. Expected AO; Found CW
Value at index 15 differs. Expected AP; Found CW
Value at index 16 differs. Expected AQ; Found CW
Value at index 17 differs. Expected AR; Found CW
Value at index 18 differs. Expected AS; Found DF
Value at index 19 differs. Expected AT; Found DF
Value at index 20 differs. Expected AU; Found DN
Value at index 21 differs. Expected AV; Found DA
Value at index 22 differs. Expected AW; Found DA
Value at index 23 differs. Expected AX; Found DA
Value at index 24 differs. Expected AY; Found CG
Value at index 25 differs. Expected AZ; Found CG
Value at index 26 differs. Expected BA; Found CG
Value at index 27 differs. Expected BB; Found CG
Value at index 28 differs. Expected BC; Found CR
Value at index 29 differs. Expected BD; Found CQ
Value at index 30 differs. Expected BE; Found CQ
Value at index 31 differs. Expected BF; Found CQ
Value at index 32 differs. Expected BG; Found CQ
Value at index 33 differs. Expected BH; Found CQ
Value at index 34 differs. Expected BI; Found CQ
Value at index 35 differs. Expected BJ; Found DM
Value at index 36 differs. Expected BK; Found DM
Value at index 37 differs. Expected BL; Found DM
Value at index 38 differs. Expected BM; Found DM
Value at index 39 differs. Expected BN; Found DM
Value at index 40 differs. Expected BO; Found DM
Value at index 41 differs. Expected BP; Found DK
Value at index 42 differs. Expected BQ; Found DK
Value at index 43 differs. Expected BR; Found DJ
Value at index 44 differs. Expected BS; Found DI
Value at index 45 differs. Expected BT; Found DE
Value at index 46 differs. Expected BU; Found DE
Value at index 47 differs. Expected BV; Found DE
Value at index 48 differs. Expected BW; Found DE
Value at index 49 differs. Expected BX; Found DE
Value at index 50 differs. Expected BY; Found DE
Value at index 51 differs. Expected BZ; Found CX
Value at index 52 differs. Expected CA; Found CX
Value at index 53 differs. Expected CB; Found CX
Value at index 54 differs. Expected CC; Found CX
Value at index 55 differs. Expected CD; Found CX
Value at index 56 differs. Expected CE; Found CU
Value at index 57 differs. Expected CF; Found CU
Value at index 58 differs. Expected CG; Found CU
Value at index 59 differs. Expected CH; Found CN
Value at index 60 differs. Expected CI; Found CN
Value at index 61 differs. Expected CJ; Found CN
Value at index 62 differs. Expected CK; Found CN
Value at index 63 differs. Expected CL; Found CP
Value at index 64 differs. Expected CM; Found CP
Value at index 65 differs. Expected CN; Found CP
Value at index 67 differs. Expected CP; Found CM
Value at index 68 differs. Expected CQ; Found CM
Value at index 69 differs. Expected CR; Found CM
Value at index 70 differs. Expected CS; Found CL
Value at index 71 differs. Expected CT; Found CJ
Value at index 72 differs. Expected CU; Found CH
Value at index 73 differs. Expected CV; Found CH
Value at index 74 differs. Expected CW; Found CH
Value at index 75 differs. Expected CX; Found CK
Value at index 76 differs. Expected CY; Found CK
Value at index 77 differs. Expected CZ; Found CK
Value at index 78 differs. Expected DA; Found CK
Value at index 79 differs. Expected DB; Found CK
Value at index 80 differs. Expected DC; Found CK
Value at index 81 differs. Expected DD; Found CK
Value at index 82 differs. Expected DE; Found CF
Value at index 83 differs. Expected DF; Found CF
Value at index 84 differs. Expected DG; Found CF
Value at index 85 differs. Expected DH; Found CF
Value at index 86 differs. Expected DI; Found CF
Value at index 87 differs. Expected DJ; Found CF
Value at index 88 differs. Expected DK; Found CF
Value at index 89 differs. Expected DL; Found CF
Value at index 90 differs. Expected DM; Found BD
Value at index 91 differs. Expected DN; Found BX
Value at index 92 differs. Expected DO; Found BU
Value at index 93 differs. Expected DP; Found BG
Value at index 94 differs. Expected DQ; Found BG
Value at index 95 differs. Expected DR; Found BE
Value at index 96 differs. Expected DS; Found BE
Value at index 97 differs. Expected DT; Found BH
Value at index 98 differs. Expected DU; Found BH
Value at index 99 differs. Expected DV; Found BP
Value at index 100 differs. Expected DW; Found BP
Value at index 101 differs. Expected DX; Found BP
Value at index 102 differs. Expected DY; Found BP
Value at index 103 differs. Expected DZ; Found BD
Value at index 104 differs. Expected EA; Found BD
Value at index 105 differs. Expected EB; Found BD
Value at index 106 differs. Expected EC; Found BD
Value at index 107 differs. Expected ED; Found BD
Value at index 108 differs. Expected EE; Found BD
Value at index 109 differs. Expected EF; Found BD
Value at index 110 differs. Expected EG; Found BD
Value at index 111 differs. Expected EH; Found BD
Value at index 112 differs. Expected EI; Found BD
Value at index 113 differs. Expected EJ; Found BD
Value at index 114 differs. Expected EK; Found BD
Value at index 115 differs. Expected EL; Found BD
Value at index 116 differs. Expected EM; Found BD
Value at index 117 differs. Expected EN; Found BD
Value at index 118 differs. Expected EO; Found BD
Value at index 119 differs. Expected EP; Found BD
Value at index 120 differs. Expected EQ; Found AD
Value at index 121 differs. Expected ER; Found AS
Value at index 122 differs. Expected ES; Found AF
Value at index 123 differs. Expected ET; Found AP
Value at index 124 differs. Expected EU; Found AP
Value at index 125 differs. Expected EV; Found AI
Value at index 126 differs. Expected EW; Found AM
Value at index 127 differs. Expected EX; Found AM
Value at index 128 differs. Expected EY; Found AJ
Value at index 129 differs. Expected EZ; Found AK
Value at index 130 differs. Expected FA; Found AK
Value at index 131 differs. Expected FB; Found AK
Value at index 132 differs. Expected FC; Found AK
Value at index 133 differs. Expected FD; Found AK
Value at index 134 differs. Expected FE; Found AD
Value at index 135 differs. Expected FF; Found AD
Value at index 136 differs. Expected FG; Found AD
Value at index 137 differs. Expected FH; Found AD
Value at index 138 differs. Expected FI; Found AD
Value at index 139 differs. Expected FJ; Found AD
Value at index 140 differs. Expected FK; Found AD
Value at index 141 differs. Expected FL; Found AH
Value at index 142 differs. Expected FM; Found AH
Value at index 143 differs. Expected FN; Found AG
Value at index 144 differs. Expected FO; Found AE
Value at index 145 differs. Expected FP; Found AE
Value at index 146 differs. Expected FQ; Found AE
Value at index 147 differs. Expected FR; Found AC
Value at index 148 differs. Expected FS; Found AB
Value at index 149 differs. Expected FT; Found AA

