Invalid read count. Expected: 58; Found: 79
Invalid write count. Expected: 30; Found: 34
Value at index 0 differs. Expected A; Found F
Value at index 1 differs. Expected B; Found I
Value at index 2 differs. Expected C; Found H
Value at index 3 differs. Expected D; Found G
Value at index 4 differs. Expected E; Found G
Value at index 5 differs. Expected F; Found B
Value at index 6 differs. Expected G; Found C
Value at index 7 differs. Expected H; Found D
Value at index 8 differs. Expected I; Found A
Value at index 9 differs. Expected J; Found A

Invalid read count. Expected: 7 992; Found: 21 774
Invalid write count. Expected: 3 996; Found: 10 599
Value at index 1 differs. Expected AB; Found FT
Value at index 2 differs. Expected AC; Found FH
Value at index 3 differs. Expected AD; Found DB
Value at index 4 differs. Expected AE; Found CH
Value at index 5 differs. Expected AF; Found CH
Value at index 6 differs. Expected AG; Found CO
Value at index 7 differs. Expected AH; Found CO
Value at index 8 differs. Expected AI; Found CO
Value at index 9 differs. Expected AJ; Found CV
Value at index 10 differs. Expected AK; Found CV
Value at index 11 differs. Expected AL; Found CV
Value at index 12 differs. Expected AM; Found CV
Value at index 13 differs. Expected AN; Found CV
Value at index 14 differs. Expected AO; Found CG
Value at index 15 differs. Expected AP; Found CG
Value at index 16 differs. Expected AQ; Found CG
Value at index 17 differs. Expected AR; Found AZ
Value at index 18 differs. Expected AS; Found AZ
Value at index 19 differs. Expected AT; Found AZ
Value at index 20 differs. Expected AU; Found AZ
Value at index 21 differs. Expected AV; Found AZ
Value at index 22 differs. Expected AW; Found AI
Value at index 23 differs. Expected AX; Found BK
Value at index 24 differs. Expected AY; Found AJ
Value at index 25 differs. Expected AZ; Found AJ
Value at index 26 differs. Expected BA; Found AJ
Value at index 27 differs. Expected BB; Found BZ
Value at index 28 differs. Expected BC; Found BZ
Value at index 29 differs. Expected BD; Found BZ
Value at index 30 differs. Expected BE; Found BZ
Value at index 31 differs. Expected BF; Found BZ
Value at index 32 differs. Expected BG; Found BZ
Value at index 33 differs. Expected BH; Found BZ
Value at index 34 differs. Expected BI; Found BZ
Value at index 35 differs. Expected BJ; Found BZ
Value at index 36 differs. Expected BK; Found BD
Value at index 37 differs. Expected BL; Found BD
Value at index 38 differs. Expected BM; Found AY
Value at index 39 differs. Expected BN; Found AY
Value at index 40 differs. Expected BO; Found AY
Value at index 41 differs. Expected BP; Found BM
Value at index 42 differs. Expected BQ; Found BM
Value at index 43 differs. Expected BR; Found BM
Value at index 44 differs. Expected BS; Found BE
Value at index 45 differs. Expected BT; Found BE
Value at index 46 differs. Expected BU; Found BE
Value at index 47 differs. Expected BV; Found BE
Value at index 48 differs. Expected BW; Found BC
Value at index 49 differs. Expected BX; Found BC
Value at index 50 differs. Expected BY; Found BJ
Value at index 51 differs. Expected BZ; Found BJ
Value at index 52 differs. Expected CA; Found AS
Value at index 53 differs. Expected CB; Found AS
Value at index 54 differs. Expected CC; Found AS
Value at index 55 differs. Expected CD; Found AS
Value at index 56 differs. Expected CE; Found AS
Value at index 57 differs. Expected CF; Found AS
Value at index 58 differs. Expected CG; Found AS
Value at index 59 differs. Expected CH; Found AS
Value at index 60 differs. Expected CI; Found AS
Value at index 61 differs. Expected CJ; Found AS
Value at index 62 differs. Expected CK; Found AS
Value at index 63 differs. Expected CL; Found AS
Value at index 64 differs. Expected CM; Found AC
Value at index 65 differs. Expected CN; Found AC
Value at index 66 differs. Expected CO; Found AC
Value at index 67 differs. Expected CP; Found AC
Value at index 68 differs. Expected CQ; Found AC
Value at index 69 differs. Expected CR; Found AC
Value at index 70 differs. Expected CS; Found AC
Value at index 71 differs. Expected CT; Found AC
Value at index 72 differs. Expected CU; Found AC
Value at index 73 differs. Expected CV; Found AC
Value at index 74 differs. Expected CW; Found AM
Value at index 75 differs. Expected CX; Found AM
Value at index 76 differs. Expected CY; Found AM
Value at index 77 differs. Expected CZ; Found AM
Value at index 78 differs. Expected DA; Found AM
Value at index 79 differs. Expected DB; Found AP
Value at index 80 differs. Expected DC; Found AP
Value at index 81 differs. Expected DD; Found AP
Value at index 82 differs. Expected DE; Found AH
Value at index 83 differs. Expected DF; Found AH
Value at index 84 differs. Expected DG; Found AH
Value at index 85 differs. Expected DH; Found AH
Value at index 86 differs. Expected DI; Found AH
Value at index 87 differs. Expected DJ; Found AH
Value at index 88 differs. Expected DK; Found AH
Value at index 89 differs. Expected DL; Found AH
Value at index 90 differs. Expected DM; Found AH
Value at index 91 differs. Expected DN; Found AH
Value at index 92 differs. Expected DO; Found AH
Value at index 93 differs. Expected DP; Found AH
Value at index 94 differs. Expected DQ; Found AH
Value at index 95 differs. Expected DR; Found AH
Value at index 96 differs. Expected DS; Found AH
Value at index 97 differs. Expected DT; Found AH
Value at index 98 differs. Expected DU; Found AG
Value at index 99 differs. Expected DV; Found AR
Value at index 100 differs. Expected DW; Found AB
Value at index 101 differs. Expected DX; Found AB
Value at index 102 differs. Expected DY; Found AB
Value at index 103 differs. Expected DZ; Found AB
Value at index 104 differs. Expected EA; Found AB
Value at index 105 differs. Expected EB; Found AB
Value at index 106 differs. Expected EC; Found AB
Value at index 107 differs. Expected ED; Found AB
Value at index 108 differs. Expected EE; Found AB
Value at index 109 differs. Expected EF; Found AB
Value at index 110 differs. Expected EG; Found AB
Value at index 111 differs. Expected EH; Found AE
Value at index 112 differs. Expected EI; Found AE
Value at index 113 differs. Expected EJ; Found AE
Value at index 114 differs. Expected EK; Found AE
Value at index 115 differs. Expected EL; Found AE
Value at index 116 differs. Expected EM; Found AE
Value at index 117 differs. Expected EN; Found AE
Value at index 118 differs. Expected EO; Found AE
Value at index 119 differs. Expected EP; Found AE
Value at index 120 differs. Expected EQ; Found AE
Value at index 121 differs. Expected ER; Found AE
Value at index 122 differs. Expected ES; Found AE
Value at index 123 differs. Expected ET; Found AE
Value at index 124 differs. Expected EU; Found AE
Value at index 125 differs. Expected EV; Found AO
Value at index 126 differs. Expected EW; Found AO
Value at index 127 differs. Expected EX; Found AO
Value at index 128 differs. Expected EY; Found AN
Value at index 129 differs. Expected EZ; Found AL
Value at index 130 differs. Expected FA; Found AL
Value at index 131 differs. Expected FB; Found AL
Value at index 132 differs. Expected FC; Found AF
Value at index 133 differs. Expected FD; Found AF
Value at index 134 differs. Expected FE; Found AF
Value at index 135 differs. Expected FF; Found AF
Value at index 136 differs. Expected FG; Found AF
Value at index 137 differs. Expected FH; Found AF
Value at index 138 differs. Expected FI; Found AF
Value at index 139 differs. Expected FJ; Found AF
Value at index 140 differs. Expected FK; Found AF
Value at index 141 differs. Expected FL; Found AF
Value at index 142 differs. Expected FM; Found AF
Value at index 143 differs. Expected FN; Found AD
Value at index 144 differs. Expected FO; Found AD
Value at index 145 differs. Expected FP; Found AD
Value at index 146 differs. Expected FQ; Found AD
Value at index 147 differs. Expected FR; Found AD
Value at index 148 differs. Expected FS; Found AB
Value at index 149 differs. Expected FT; Found AB

