Invalid read count. Expected: 48; Found: 58
Invalid write count. Expected: 25; Found: 29
Value at index 0 differs. Expected A; Found F
Value at index 1 differs. Expected B; Found G
Value at index 2 differs. Expected C; Found H
Value at index 3 differs. Expected D; Found J
Value at index 4 differs. Expected E; Found I
Value at index 5 differs. Expected F; Found J
Value at index 6 differs. Expected G; Found A
Value at index 7 differs. Expected H; Found G
Value at index 9 differs. Expected J; Found F

Invalid read count. Expected: 8 580; Found: 2 142
Invalid write count. Expected: 4 292; Found: 1 071
Value at index 0 differs. Expected AA; Found CO
Value at index 1 differs. Expected AB; Found BF
Value at index 2 differs. Expected AC; Found AU
Value at index 3 differs. Expected AD; Found AJ
Value at index 4 differs. Expected AE; Found AK
Value at index 5 differs. Expected AF; Found AV
Value at index 6 differs. Expected AG; Found FD
Value at index 7 differs. Expected AH; Found CV
Value at index 8 differs. Expected AI; Found DM
Value at index 9 differs. Expected AJ; Found FC
Value at index 10 differs. Expected AK; Found EZ
Value at index 11 differs. Expected AL; Found AZ
Value at index 12 differs. Expected AM; Found EL
Value at index 13 differs. Expected AN; Found CT
Value at index 14 differs. Expected AO; Found BC
Value at index 15 differs. Expected AP; Found EP
Value at index 16 differs. Expected AQ; Found EK
Value at index 17 differs. Expected AR; Found AT
Value at index 18 differs. Expected AS; Found CJ
Value at index 19 differs. Expected AT; Found BH
Value at index 20 differs. Expected AU; Found EW
Value at index 21 differs. Expected AV; Found BB
Value at index 22 differs. Expected AW; Found CE
Value at index 23 differs. Expected AX; Found EX
Value at index 24 differs. Expected AY; Found BM
Value at index 25 differs. Expected AZ; Found BN
Value at index 26 differs. Expected BA; Found BO
Value at index 27 differs. Expected BB; Found BP
Value at index 28 differs. Expected BC; Found BQ
Value at index 29 differs. Expected BD; Found BR
Value at index 30 differs. Expected BE; Found DC
Value at index 31 differs. Expected BF; Found FB
Value at index 32 differs. Expected BG; Found BU
Value at index 33 differs. Expected BH; Found BV
Value at index 34 differs. Expected BI; Found CL
Value at index 35 differs. Expected BJ; Found FL
Value at index 36 differs. Expected BK; Found FF
Value at index 37 differs. Expected BL; Found FK
Value at index 38 differs. Expected BM; Found FJ
Value at index 39 differs. Expected BN; Found FG
Value at index 40 differs. Expected BO; Found FE
Value at index 41 differs. Expected BP; Found FH
Value at index 42 differs. Expected BQ; Found FL
Value at index 43 differs. Expected BR; Found BY
Value at index 44 differs. Expected BS; Found CP
Value at index 45 differs. Expected BT; Found CA
Value at index 46 differs. Expected BU; Found CB
Value at index 47 differs. Expected BV; Found CC
Value at index 48 differs. Expected BW; Found DN
Value at index 49 differs. Expected BX; Found FR
Value at index 50 differs. Expected BY; Found FQ
Value at index 51 differs. Expected BZ; Found FM
Value at index 52 differs. Expected CA; Found FN
Value at index 53 differs. Expected CB; Found FP
Value at index 54 differs. Expected CC; Found FR
Value at index 55 differs. Expected CD; Found AX
Value at index 56 differs. Expected CE; Found CG
Value at index 57 differs. Expected CF; Found AR
Value at index 58 differs. Expected CG; Found CI
Value at index 59 differs. Expected CH; Found BG
Value at index 60 differs. Expected CI; Found CK
Value at index 61 differs. Expected CJ; Found DH
Value at index 62 differs. Expected CK; Found ER
Value at index 63 differs. Expected CL; Found DK
Value at index 64 differs. Expected CM; Found FS
Value at index 65 differs. Expected CN; Found FS
Value at index 66 differs. Expected CO; Found BZ
Value at index 67 differs. Expected CP; Found CQ
Value at index 68 differs. Expected CQ; Found EF
Value at index 69 differs. Expected CR; Found AS
Value at index 70 differs. Expected CS; Found BJ
Value at index 71 differs. Expected CT; Found CU
Value at index 72 differs. Expected CU; Found FT
Value at index 73 differs. Expected CV; Found FT
Value at index 74 differs. Expected CW; Found DF
Value at index 75 differs. Expected CX; Found AC
Value at index 76 differs. Expected CY; Found DD
Value at index 79 differs. Expected DB; Found EC
Value at index 80 differs. Expected DC; Found CD
Value at index 81 differs. Expected DD; Found CY
Value at index 83 differs. Expected DF; Found CH
Value at index 85 differs. Expected DH; Found CN
Value at index 87 differs. Expected DJ; Found BD
Value at index 88 differs. Expected DK; Found EU
Value at index 89 differs. Expected DL; Found AQ
Value at index 90 differs. Expected DM; Found BK
Value at index 91 differs. Expected DN; Found EE
Value at index 93 differs. Expected DP; Found EQ
Value at index 94 differs. Expected DQ; Found AG
Value at index 96 differs. Expected DS; Found BE
Value at index 97 differs. Expected DT; Found DJ
Value at index 99 differs. Expected DV; Found AB
Value at index 100 differs. Expected DW; Found FA
Value at index 102 differs. Expected DY; Found EI
Value at index 104 differs. Expected EA; Found DP
Value at index 106 differs. Expected EC; Found EY
Value at index 108 differs. Expected EE; Found BS
Value at index 109 differs. Expected EF; Found CR
Value at index 112 differs. Expected EI; Found FP
Value at index 113 differs. Expected EJ; Found AA
Value at index 114 differs. Expected EK; Found DS
Value at index 115 differs. Expected EL; Found EO
Value at index 116 differs. Expected EM; Found DL
Value at index 118 differs. Expected EO; Found FN
Value at index 119 differs. Expected EP; Found EV
Value at index 120 differs. Expected EQ; Found AD
Value at index 121 differs. Expected ER; Found CM
Value at index 124 differs. Expected EU; Found EZ
Value at index 125 differs. Expected EV; Found FH
Value at index 126 differs. Expected EW; Found BI
Value at index 127 differs. Expected EX; Found DQ
Value at index 128 differs. Expected EY; Found DB
Value at index 129 differs. Expected EZ; Found BW
Value at index 130 differs. Expected FA; Found DW
Value at index 131 differs. Expected FB; Found BT
Value at index 133 differs. Expected FD; Found AY
Value at index 135 differs. Expected FF; Found DY
Value at index 137 differs. Expected FH; Found DT
Value at index 138 differs. Expected FI; Found FM
Value at index 141 differs. Expected FL; Found BX
Value at index 142 differs. Expected FM; Found AL
Value at index 143 differs. Expected FN; Found BA
Value at index 144 differs. Expected FO; Found CW
Value at index 145 differs. Expected FP; Found FF
Value at index 147 differs. Expected FR; Found DM
Value at index 148 differs. Expected FS; Found CO
Value at index 149 differs. Expected FT; Found CV

