Invalid read count. Expected: 43; Found: 86
Invalid write count. Expected: 22; Found: 23
Value at index 0 differs. Expected A; Found B
Value at index 1 differs. Expected B; Found J
Value at index 8 differs. Expected I; Found B
Value at index 9 differs. Expected J; Found I

Invalid read count. Expected: 7 686; Found: 25 695
Invalid write count. Expected: 3 845; Found: 3 792
Value at index 0 differs. Expected AA; Found AQ
Value at index 1 differs. Expected AB; Found EV
Value at index 2 differs. Expected AC; Found BI
Value at index 3 differs. Expected AD; Found BJ
Value at index 4 differs. Expected AE; Found BK
Value at index 5 differs. Expected AF; Found BL
Value at index 6 differs. Expected AG; Found BM
Value at index 7 differs. Expected AH; Found BN
Value at index 8 differs. Expected AI; Found BO
Value at index 9 differs. Expected AJ; Found BP
Value at index 10 differs. Expected AK; Found BQ
Value at index 11 differs. Expected AL; Found BR
Value at index 12 differs. Expected AM; Found BS
Value at index 13 differs. Expected AN; Found BT
Value at index 14 differs. Expected AO; Found BU
Value at index 15 differs. Expected AP; Found BV
Value at index 16 differs. Expected AQ; Found BW
Value at index 17 differs. Expected AR; Found BX
Value at index 18 differs. Expected AS; Found BY
Value at index 19 differs. Expected AT; Found BZ
Value at index 20 differs. Expected AU; Found CA
Value at index 21 differs. Expected AV; Found CB
Value at index 22 differs. Expected AW; Found CC
Value at index 23 differs. Expected AX; Found CD
Value at index 24 differs. Expected AY; Found CE
Value at index 25 differs. Expected AZ; Found CF
Value at index 26 differs. Expected BA; Found CG
Value at index 27 differs. Expected BB; Found CH
Value at index 28 differs. Expected BC; Found CI
Value at index 29 differs. Expected BD; Found CJ
Value at index 30 differs. Expected BE; Found CK
Value at index 31 differs. Expected BF; Found CL
Value at index 32 differs. Expected BG; Found CM
Value at index 33 differs. Expected BH; Found CN
Value at index 34 differs. Expected BI; Found CO
Value at index 35 differs. Expected BJ; Found CP
Value at index 36 differs. Expected BK; Found CQ
Value at index 37 differs. Expected BL; Found CR
Value at index 38 differs. Expected BM; Found CS
Value at index 39 differs. Expected BN; Found CT
Value at index 40 differs. Expected BO; Found CU
Value at index 41 differs. Expected BP; Found CV
Value at index 42 differs. Expected BQ; Found CX
Value at index 43 differs. Expected BR; Found CY
Value at index 44 differs. Expected BS; Found CZ
Value at index 45 differs. Expected BT; Found DA
Value at index 46 differs. Expected BU; Found DB
Value at index 47 differs. Expected BV; Found DC
Value at index 48 differs. Expected BW; Found DD
Value at index 49 differs. Expected BX; Found DE
Value at index 50 differs. Expected BY; Found DF
Value at index 51 differs. Expected BZ; Found DG
Value at index 52 differs. Expected CA; Found DH
Value at index 53 differs. Expected CB; Found DI
Value at index 54 differs. Expected CC; Found DJ
Value at index 55 differs. Expected CD; Found DK
Value at index 56 differs. Expected CE; Found DL
Value at index 57 differs. Expected CF; Found DM
Value at index 58 differs. Expected CG; Found DN
Value at index 59 differs. Expected CH; Found DO
Value at index 60 differs. Expected CI; Found DP
Value at index 61 differs. Expected CJ; Found DQ
Value at index 62 differs. Expected CK; Found DR
Value at index 63 differs. Expected CL; Found DS
Value at index 64 differs. Expected CM; Found DT
Value at index 65 differs. Expected CN; Found DU
Value at index 66 differs. Expected CO; Found DV
Value at index 67 differs. Expected CP; Found DW
Value at index 68 differs. Expected CQ; Found DX
Value at index 69 differs. Expected CR; Found DY
Value at index 70 differs. Expected CS; Found DZ
Value at index 71 differs. Expected CT; Found EA
Value at index 72 differs. Expected CU; Found EB
Value at index 73 differs. Expected CV; Found EC
Value at index 74 differs. Expected CW; Found ED
Value at index 75 differs. Expected CX; Found EE
Value at index 76 differs. Expected CY; Found EF
Value at index 77 differs. Expected CZ; Found EG
Value at index 78 differs. Expected DA; Found EH
Value at index 79 differs. Expected DB; Found EI
Value at index 80 differs. Expected DC; Found EJ
Value at index 81 differs. Expected DD; Found EK
Value at index 82 differs. Expected DE; Found EL
Value at index 83 differs. Expected DF; Found EM
Value at index 84 differs. Expected DG; Found EN
Value at index 85 differs. Expected DH; Found EO
Value at index 86 differs. Expected DI; Found EP
Value at index 87 differs. Expected DJ; Found EQ
Value at index 88 differs. Expected DK; Found ER
Value at index 89 differs. Expected DL; Found ES
Value at index 90 differs. Expected DM; Found ET
Value at index 91 differs. Expected DN; Found EW
Value at index 92 differs. Expected DO; Found EX
Value at index 93 differs. Expected DP; Found EY
Value at index 94 differs. Expected DQ; Found EZ
Value at index 95 differs. Expected DR; Found FA
Value at index 96 differs. Expected DS; Found FB
Value at index 97 differs. Expected DT; Found FC
Value at index 98 differs. Expected DU; Found FD
Value at index 99 differs. Expected DV; Found FE
Value at index 100 differs. Expected DW; Found FF
Value at index 101 differs. Expected DX; Found FG
Value at index 102 differs. Expected DY; Found FH
Value at index 103 differs. Expected DZ; Found FI
Value at index 104 differs. Expected EA; Found FJ
Value at index 105 differs. Expected EB; Found FK
Value at index 106 differs. Expected EC; Found FL
Value at index 107 differs. Expected ED; Found FM
Value at index 108 differs. Expected EE; Found FN
Value at index 109 differs. Expected EF; Found FO
Value at index 110 differs. Expected EG; Found FP
Value at index 111 differs. Expected EH; Found FQ
Value at index 112 differs. Expected EI; Found FR
Value at index 113 differs. Expected EJ; Found FS
Value at index 114 differs. Expected EK; Found FT
Value at index 115 differs. Expected EL; Found AC
Value at index 116 differs. Expected EM; Found AC
Value at index 117 differs. Expected EN; Found AD
Value at index 118 differs. Expected EO; Found AE
Value at index 119 differs. Expected EP; Found AB
Value at index 120 differs. Expected EQ; Found AB
Value at index 121 differs. Expected ER; Found AB
Value at index 122 differs. Expected ES; Found AB
Value at index 123 differs. Expected ET; Found AB
Value at index 124 differs. Expected EU; Found AB
Value at index 125 differs. Expected EV; Found AB
Value at index 126 differs. Expected EW; Found AB
Value at index 127 differs. Expected EX; Found AB
Value at index 128 differs. Expected EY; Found AB
Value at index 129 differs. Expected EZ; Found AB
Value at index 130 differs. Expected FA; Found AB
Value at index 131 differs. Expected FB; Found AB
Value at index 132 differs. Expected FC; Found AB
Value at index 133 differs. Expected FD; Found AB
Value at index 134 differs. Expected FE; Found AB
Value at index 135 differs. Expected FF; Found AB
Value at index 136 differs. Expected FG; Found AB
Value at index 137 differs. Expected FH; Found AB
Value at index 138 differs. Expected FI; Found AB
Value at index 139 differs. Expected FJ; Found AB
Value at index 140 differs. Expected FK; Found AB
Value at index 141 differs. Expected FL; Found AB
Value at index 142 differs. Expected FM; Found AB
Value at index 143 differs. Expected FN; Found AB
Value at index 144 differs. Expected FO; Found AB
Value at index 145 differs. Expected FP; Found AB
Value at index 146 differs. Expected FQ; Found AB
Value at index 147 differs. Expected FR; Found AB
Value at index 148 differs. Expected FS; Found AF
Value at index 149 differs. Expected FT; Found AF

