Invalid read count. Expected: 48; Found: 70
Invalid write count. Expected: 25; Found: 19
Value at index 1 differs. Expected B; Found J
Value at index 2 differs. Expected C; Found J
Value at index 4 differs. Expected E; Found D
Value at index 5 differs. Expected F; Found H
Value at index 6 differs. Expected G; Found F
Value at index 7 differs. Expected H; Found I
Value at index 9 differs. Expected J; Found I

Invalid read count. Expected: 8 580; Found: 10 815
Invalid write count. Expected: 4 292; Found: 2 706
Value at index 0 differs. Expected AA; Found EQ
Value at index 1 differs. Expected AB; Found CX
Value at index 2 differs. Expected AC; Found CX
Value at index 3 differs. Expected AD; Found CX
Value at index 4 differs. Expected AE; Found FO
Value at index 5 differs. Expected AF; Found AL
Value at index 6 differs. Expected AG; Found CS
Value at index 7 differs. Expected AH; Found CS
Value at index 8 differs. Expected AI; Found CF
Value at index 9 differs. Expected AJ; Found CJ
Value at index 10 differs. Expected AK; Found CY
Value at index 11 differs. Expected AL; Found AX
Value at index 12 differs. Expected AM; Found AX
Value at index 13 differs. Expected AN; Found BL
Value at index 14 differs. Expected AO; Found BL
Value at index 15 differs. Expected AP; Found BL
Value at index 16 differs. Expected AQ; Found BL
Value at index 17 differs. Expected AR; Found BL
Value at index 18 differs. Expected AS; Found CC
Value at index 19 differs. Expected AT; Found BY
Value at index 20 differs. Expected AU; Found BY
Value at index 21 differs. Expected AV; Found BY
Value at index 22 differs. Expected AW; Found BY
Value at index 23 differs. Expected AX; Found BY
Value at index 24 differs. Expected AY; Found BN
Value at index 25 differs. Expected AZ; Found BN
Value at index 26 differs. Expected BA; Found BN
Value at index 27 differs. Expected BB; Found BN
Value at index 28 differs. Expected BC; Found EP
Value at index 29 differs. Expected BD; Found EP
Value at index 30 differs. Expected BE; Found EP
Value at index 31 differs. Expected BF; Found CQ
Value at index 32 differs. Expected BG; Found EX
Value at index 33 differs. Expected BH; Found EX
Value at index 34 differs. Expected BI; Found EX
Value at index 35 differs. Expected BJ; Found EX
Value at index 36 differs. Expected BK; Found EK
Value at index 37 differs. Expected BL; Found EK
Value at index 38 differs. Expected BM; Found DB
Value at index 39 differs. Expected BN; Found DP
Value at index 40 differs. Expected BO; Found DP
Value at index 41 differs. Expected BP; Found DP
Value at index 42 differs. Expected BQ; Found BR
Value at index 44 differs. Expected BS; Found BR
Value at index 45 differs. Expected BT; Found BR
Value at index 46 differs. Expected BU; Found BR
Value at index 47 differs. Expected BV; Found DJ
Value at index 48 differs. Expected BW; Found BR
Value at index 49 differs. Expected BX; Found BR
Value at index 50 differs. Expected BY; Found EE
Value at index 51 differs. Expected BZ; Found DX
Value at index 52 differs. Expected CA; Found BE
Value at index 53 differs. Expected CB; Found BE
Value at index 54 differs. Expected CC; Found BE
Value at index 55 differs. Expected CD; Found FI
Value at index 56 differs. Expected CE; Found FI
Value at index 57 differs. Expected CF; Found FI
Value at index 58 differs. Expected CG; Found FI
Value at index 59 differs. Expected CH; Found FI
Value at index 60 differs. Expected CI; Found FI
Value at index 61 differs. Expected CJ; Found FI
Value at index 62 differs. Expected CK; Found FI
Value at index 63 differs. Expected CL; Found FI
Value at index 64 differs. Expected CM; Found FI
Value at index 65 differs. Expected CN; Found FI
Value at index 66 differs. Expected CO; Found FI
Value at index 67 differs. Expected CP; Found FI
Value at index 68 differs. Expected CQ; Found FI
Value at index 69 differs. Expected CR; Found FI
Value at index 70 differs. Expected CS; Found FI
Value at index 71 differs. Expected CT; Found FI
Value at index 72 differs. Expected CU; Found FI
Value at index 73 differs. Expected CV; Found FI
Value at index 74 differs. Expected CW; Found FI
Value at index 75 differs. Expected CX; Found FI
Value at index 76 differs. Expected CY; Found FR
Value at index 77 differs. Expected CZ; Found CE
Value at index 78 differs. Expected DA; Found DZ
Value at index 79 differs. Expected DB; Found BD
Value at index 80 differs. Expected DC; Found BD
Value at index 81 differs. Expected DD; Found BD
Value at index 82 differs. Expected DE; Found BD
Value at index 83 differs. Expected DF; Found BD
Value at index 84 differs. Expected DG; Found BJ
Value at index 85 differs. Expected DH; Found BJ
Value at index 86 differs. Expected DI; Found BJ
Value at index 87 differs. Expected DJ; Found BJ
Value at index 88 differs. Expected DK; Found BJ
Value at index 89 differs. Expected DL; Found BJ
Value at index 90 differs. Expected DM; Found BJ
Value at index 91 differs. Expected DN; Found BK
Value at index 92 differs. Expected DO; Found BG
Value at index 93 differs. Expected DP; Found BG
Value at index 94 differs. Expected DQ; Found BG
Value at index 95 differs. Expected DR; Found BG
Value at index 96 differs. Expected DS; Found BG
Value at index 97 differs. Expected DT; Found BG
Value at index 98 differs. Expected DU; Found BG
Value at index 99 differs. Expected DV; Found BG
Value at index 100 differs. Expected DW; Found FM
Value at index 101 differs. Expected DX; Found DQ
Value at index 102 differs. Expected DY; Found DQ
Value at index 103 differs. Expected DZ; Found EY
Value at index 104 differs. Expected EA; Found EY
Value at index 105 differs. Expected EB; Found EZ
Value at index 106 differs. Expected EC; Found BA
Value at index 107 differs. Expected ED; Found BT
Value at index 108 differs. Expected EE; Found BT
Value at index 109 differs. Expected EF; Found BT
Value at index 110 differs. Expected EG; Found EH
Value at index 112 differs. Expected EI; Found EH
Value at index 113 differs. Expected EJ; Found CD
Value at index 114 differs. Expected EK; Found CD
Value at index 115 differs. Expected EL; Found CD
Value at index 116 differs. Expected EM; Found CD
Value at index 117 differs. Expected EN; Found CD
Value at index 118 differs. Expected EO; Found CR
Value at index 119 differs. Expected EP; Found FC
Value at index 120 differs. Expected EQ; Found FP
Value at index 121 differs. Expected ER; Found FP
Value at index 122 differs. Expected ES; Found AD
Value at index 123 differs. Expected ET; Found AA
Value at index 124 differs. Expected EU; Found AA
Value at index 125 differs. Expected EV; Found AA
Value at index 126 differs. Expected EW; Found AA
Value at index 127 differs. Expected EX; Found AA
Value at index 128 differs. Expected EY; Found DM
Value at index 129 differs. Expected EZ; Found DW
Value at index 130 differs. Expected FA; Found DW
Value at index 131 differs. Expected FB; Found DW
Value at index 132 differs. Expected FC; Found DW
Value at index 133 differs. Expected FD; Found DW
Value at index 134 differs. Expected FE; Found BX
Value at index 135 differs. Expected FF; Found BI
Value at index 136 differs. Expected FG; Found BI
Value at index 137 differs. Expected FH; Found BI
Value at index 138 differs. Expected FI; Found DY
Value at index 139 differs. Expected FJ; Found CM
Value at index 140 differs. Expected FK; Found CM
Value at index 141 differs. Expected FL; Found CM
Value at index 142 differs. Expected FM; Found CM
Value at index 143 differs. Expected FN; Found FJ
Value at index 144 differs. Expected FO; Found FK
Value at index 145 differs. Expected FP; Found CV
Value at index 147 differs. Expected FR; Found FQ
Value at index 148 differs. Expected FS; Found FQ
Value at index 149 differs. Expected FT; Found FQ

