Invalid read count. Expected: 48; Found: 31
Invalid write count. Expected: 25; Found: 15
Value at index 0 differs. Expected A; Found E
Value at index 1 differs. Expected B; Found C
Value at index 3 differs. Expected D; Found C
Value at index 4 differs. Expected E; Found C
Value at index 5 differs. Expected F; Found C
Value at index 7 differs. Expected H; Found I
Value at index 8 differs. Expected I; Found F
Value at index 9 differs. Expected J; Found F

Invalid read count. Expected: 8 580; Found: 487
Invalid write count. Expected: 4 292; Found: 243
Value at index 0 differs. Expected AA; Found AW
Value at index 1 differs. Expected AB; Found AW
Value at index 2 differs. Expected AC; Found AW
Value at index 3 differs. Expected AD; Found AW
Value at index 4 differs. Expected AE; Found AF
Value at index 6 differs. Expected AG; Found AF
Value at index 7 differs. Expected AH; Found AF
Value at index 8 differs. Expected AI; Found AF
Value at index 9 differs. Expected AJ; Found AF
Value at index 10 differs. Expected AK; Found AF
Value at index 11 differs. Expected AL; Found AF
Value at index 12 differs. Expected AM; Found AF
Value at index 13 differs. Expected AN; Found AF
Value at index 14 differs. Expected AO; Found AF
Value at index 15 differs. Expected AP; Found AF
Value at index 16 differs. Expected AQ; Found AF
Value at index 17 differs. Expected AR; Found AF
Value at index 18 differs. Expected AS; Found AF
Value at index 19 differs. Expected AT; Found AF
Value at index 20 differs. Expected AU; Found AF
Value at index 21 differs. Expected AV; Found AF
Value at index 22 differs. Expected AW; Found AF
Value at index 23 differs. Expected AX; Found AF
Value at index 24 differs. Expected AY; Found AF
Value at index 25 differs. Expected AZ; Found AF
Value at index 26 differs. Expected BA; Found AF
Value at index 27 differs. Expected BB; Found AF
Value at index 28 differs. Expected BC; Found AF
Value at index 29 differs. Expected BD; Found AF
Value at index 30 differs. Expected BE; Found AF
Value at index 31 differs. Expected BF; Found AF
Value at index 32 differs. Expected BG; Found AF
Value at index 33 differs. Expected BH; Found AF
Value at index 34 differs. Expected BI; Found AF
Value at index 35 differs. Expected BJ; Found AF
Value at index 36 differs. Expected BK; Found AF
Value at index 37 differs. Expected BL; Found AF
Value at index 38 differs. Expected BM; Found AF
Value at index 39 differs. Expected BN; Found AF
Value at index 40 differs. Expected BO; Found AF
Value at index 41 differs. Expected BP; Found AF
Value at index 42 differs. Expected BQ; Found AF
Value at index 43 differs. Expected BR; Found AF
Value at index 44 differs. Expected BS; Found AF
Value at index 45 differs. Expected BT; Found AF
Value at index 46 differs. Expected BU; Found AF
Value at index 47 differs. Expected BV; Found AF
Value at index 48 differs. Expected BW; Found AF
Value at index 49 differs. Expected BX; Found AF
Value at index 50 differs. Expected BY; Found AF
Value at index 51 differs. Expected BZ; Found AF
Value at index 52 differs. Expected CA; Found AF
Value at index 53 differs. Expected CB; Found AF
Value at index 54 differs. Expected CC; Found AF
Value at index 55 differs. Expected CD; Found AF
Value at index 56 differs. Expected CE; Found AF
Value at index 57 differs. Expected CF; Found AF
Value at index 58 differs. Expected CG; Found AF
Value at index 59 differs. Expected CH; Found AF
Value at index 60 differs. Expected CI; Found AF
Value at index 61 differs. Expected CJ; Found AF
Value at index 62 differs. Expected CK; Found AF
Value at index 63 differs. Expected CL; Found AF
Value at index 64 differs. Expected CM; Found AF
Value at index 65 differs. Expected CN; Found AF
Value at index 66 differs. Expected CO; Found AF
Value at index 67 differs. Expected CP; Found AF
Value at index 68 differs. Expected CQ; Found AF
Value at index 69 differs. Expected CR; Found AF
Value at index 70 differs. Expected CS; Found AF
Value at index 71 differs. Expected CT; Found AF
Value at index 72 differs. Expected CU; Found AF
Value at index 73 differs. Expected CV; Found AF
Value at index 74 differs. Expected CW; Found AF
Value at index 75 differs. Expected CX; Found DD
Value at index 76 differs. Expected CY; Found CZ
Value at index 78 differs. Expected DA; Found CZ
Value at index 79 differs. Expected DB; Found CZ
Value at index 80 differs. Expected DC; Found CY
Value at index 81 differs. Expected DD; Found CY
Value at index 82 differs. Expected DE; Found CY
Value at index 83 differs. Expected DF; Found DG
Value at index 84 differs. Expected DG; Found CN
Value at index 85 differs. Expected DH; Found CN
Value at index 86 differs. Expected DI; Found CN
Value at index 87 differs. Expected DJ; Found EU
Value at index 88 differs. Expected DK; Found AQ
Value at index 89 differs. Expected DL; Found AQ
Value at index 90 differs. Expected DM; Found AQ
Value at index 91 differs. Expected DN; Found AQ
Value at index 92 differs. Expected DO; Found AQ
Value at index 93 differs. Expected DP; Found DR
Value at index 94 differs. Expected DQ; Found BE
Value at index 95 differs. Expected DR; Found BE
Value at index 96 differs. Expected DS; Found BE
Value at index 97 differs. Expected DT; Found BE
Value at index 98 differs. Expected DU; Found FA
Value at index 99 differs. Expected DV; Found EU
Value at index 100 differs. Expected DW; Found EI
Value at index 101 differs. Expected DX; Found DP
Value at index 102 differs. Expected DY; Found DP
Value at index 103 differs. Expected DZ; Found DP
Value at index 104 differs. Expected EA; Found DP
Value at index 105 differs. Expected EB; Found DP
Value at index 106 differs. Expected EC; Found DP
Value at index 107 differs. Expected ED; Found CR
Value at index 108 differs. Expected EE; Found CR
Value at index 109 differs. Expected EF; Found CR
Value at index 110 differs. Expected EG; Found CR
Value at index 111 differs. Expected EH; Found CR
Value at index 112 differs. Expected EI; Found CR
Value at index 113 differs. Expected EJ; Found DS
Value at index 114 differs. Expected EK; Found EO
Value at index 115 differs. Expected EL; Found DL
Value at index 116 differs. Expected EM; Found DL
Value at index 117 differs. Expected EN; Found DL
Value at index 118 differs. Expected EO; Found DL
Value at index 119 differs. Expected EP; Found DL
Value at index 120 differs. Expected EQ; Found CM
Value at index 121 differs. Expected ER; Found CM
Value at index 122 differs. Expected ES; Found CM
Value at index 123 differs. Expected ET; Found CM
Value at index 124 differs. Expected EU; Found CM
Value at index 125 differs. Expected EV; Found CM
Value at index 126 differs. Expected EW; Found DQ
Value at index 127 differs. Expected EX; Found DB
Value at index 128 differs. Expected EY; Found DW
Value at index 129 differs. Expected EZ; Found DQ
Value at index 130 differs. Expected FA; Found FC
Value at index 131 differs. Expected FB; Found DW
Value at index 132 differs. Expected FC; Found FE
Value at index 133 differs. Expected FD; Found FC
Value at index 134 differs. Expected FE; Found FG
Value at index 135 differs. Expected FF; Found FE
Value at index 136 differs. Expected FG; Found FM
Value at index 137 differs. Expected FH; Found FG
Value at index 138 differs. Expected FI; Found FG
Value at index 139 differs. Expected FJ; Found FG
Value at index 140 differs. Expected FK; Found AL
Value at index 141 differs. Expected FL; Found AL
Value at index 142 differs. Expected FM; Found AL
Value at index 143 differs. Expected FN; Found AL
Value at index 144 differs. Expected FO; Found AL
Value at index 145 differs. Expected FP; Found AL
Value at index 146 differs. Expected FQ; Found AL
Value at index 147 differs. Expected FR; Found AL
Value at index 148 differs. Expected FS; Found AL
Value at index 149 differs. Expected FT; Found AL

