Invalid read count. Expected: 50; Found: 9
Invalid write count. Expected: 26; Found: 0
Value at index 0 differs. Expected A; Found H
Value at index 2 differs. Expected C; Found F
Value at index 3 differs. Expected D; Found E
Value at index 4 differs. Expected E; Found C
Value at index 5 differs. Expected F; Found A
Value at index 7 differs. Expected H; Found D

Invalid read count. Expected: 8 748; Found: 149
Invalid write count. Expected: 4 374; Found: 0
Value at index 1 differs. Expected AB; Found AE
Value at index 4 differs. Expected AE; Found DW
Value at index 5 differs. Expected AF; Found FC
Value at index 7 differs. Expected AH; Found BV
Value at index 9 differs. Expected AJ; Found EQ
Value at index 10 differs. Expected AK; Found CW
Value at index 12 differs. Expected AM; Found EZ
Value at index 15 differs. Expected AP; Found DG
Value at index 16 differs. Expected AQ; Found CG
Value at index 17 differs. Expected AR; Found AU
Value at index 19 differs. Expected AT; Found DX
Value at index 20 differs. Expected AU; Found BE
Value at index 22 differs. Expected AW; Found DP
Value at index 23 differs. Expected AX; Found CS
Value at index 25 differs. Expected AZ; Found DN
Value at index 26 differs. Expected BA; Found BT
Value at index 28 differs. Expected BC; Found DT
Value at index 29 differs. Expected BD; Found CA
Value at index 30 differs. Expected BE; Found AR
Value at index 31 differs. Expected BF; Found DE
Value at index 32 differs. Expected BG; Found FK
Value at index 33 differs. Expected BH; Found AW
Value at index 34 differs. Expected BI; Found BP
Value at index 35 differs. Expected BJ; Found EY
Value at index 36 differs. Expected BK; Found EN
Value at index 37 differs. Expected BL; Found FE
Value at index 38 differs. Expected BM; Found BG
Value at index 39 differs. Expected BN; Found EA
Value at index 41 differs. Expected BP; Found BW
Value at index 42 differs. Expected BQ; Found DD
Value at index 43 differs. Expected BR; Found DR
Value at index 44 differs. Expected BS; Found AJ
Value at index 45 differs. Expected BT; Found FL
Value at index 47 differs. Expected BV; Found CT
Value at index 48 differs. Expected BW; Found BI
Value at index 49 differs. Expected BX; Found DM
Value at index 51 differs. Expected BZ; Found CX
Value at index 52 differs. Expected CA; Found CK
Value at index 53 differs. Expected CB; Found ED
Value at index 55 differs. Expected CD; Found AB
Value at index 58 differs. Expected CG; Found EX
Value at index 62 differs. Expected CK; Found DF
Value at index 64 differs. Expected CM; Found BN
Value at index 66 differs. Expected CO; Found DB
Value at index 69 differs. Expected CR; Found EH
Value at index 70 differs. Expected CS; Found BX
Value at index 71 differs. Expected CT; Found FI
Value at index 72 differs. Expected CU; Found BD
Value at index 74 differs. Expected CW; Found BC
Value at index 75 differs. Expected CX; Found CM
Value at index 78 differs. Expected DA; Found BZ
Value at index 79 differs. Expected DB; Found FT
Value at index 81 differs. Expected DD; Found FP
Value at index 82 differs. Expected DE; Found BF
Value at index 83 differs. Expected DF; Found EJ
Value at index 84 differs. Expected DG; Found AP
Value at index 85 differs. Expected DH; Found EV
Value at index 86 differs. Expected DI; Found FH
Value at index 89 differs. Expected DL; Found DA
Value at index 90 differs. Expected DM; Found AT
Value at index 91 differs. Expected DN; Found DO
Value at index 92 differs. Expected DO; Found FN
Value at index 93 differs. Expected DP; Found BH
Value at index 95 differs. Expected DR; Found BR
Value at index 96 differs. Expected DS; Found EI
Value at index 97 differs. Expected DT; Found AK
Value at index 100 differs. Expected DW; Found BL
Value at index 101 differs. Expected DX; Found EU
Value at index 102 differs. Expected DY; Found FS
Value at index 103 differs. Expected DZ; Found AM
Value at index 104 differs. Expected EA; Found DL
Value at index 107 differs. Expected ED; Found AH
Value at index 108 differs. Expected EE; Found ES
Value at index 111 differs. Expected EH; Found CR
Value at index 112 differs. Expected EI; Found FF
Value at index 113 differs. Expected EJ; Found AX
Value at index 116 differs. Expected EM; Found ER
Value at index 117 differs. Expected EN; Found AF
Value at index 118 differs. Expected EO; Found CO
Value at index 120 differs. Expected EQ; Found BS
Value at index 121 differs. Expected ER; Found EM
Value at index 122 differs. Expected ES; Found EE
Value at index 124 differs. Expected EU; Found CU
Value at index 125 differs. Expected EV; Found DH
Value at index 127 differs. Expected EX; Found AQ
Value at index 128 differs. Expected EY; Found BJ
Value at index 129 differs. Expected EZ; Found DZ
Value at index 132 differs. Expected FC; Found BK
Value at index 134 differs. Expected FE; Found CD
Value at index 135 differs. Expected FF; Found FR
Value at index 137 differs. Expected FH; Found DI
Value at index 138 differs. Expected FI; Found FO
Value at index 140 differs. Expected FK; Found DY
Value at index 141 differs. Expected FL; Found BA
Value at index 143 differs. Expected FN; Found AZ
Value at index 144 differs. Expected FO; Found CB
Value at index 145 differs. Expected FP; Found BQ
Value at index 147 differs. Expected FR; Found DS
Value at index 148 differs. Expected FS; Found BM
Value at index 149 differs. Expected FT; Found EO

