Invalid read count. Expected: 47; Found: 68
Invalid write count. Expected: 24; Found: 23
Value at index 0 differs. Expected A; Found C
Value at index 1 differs. Expected B; Found C
Value at index 3 differs. Expected D; Found F
Value at index 4 differs. Expected E; Found F
Value at index 6 differs. Expected G; Found I
Value at index 7 differs. Expected H; Found I
Value at index 8 differs. Expected I; Found J
Value at index 9 differs. Expected J; Found E

Invalid read count. Expected: 9 424; Found: 20 173
Invalid write count. Expected: 4 712; Found: 8 998
Value at index 1 differs. Expected AB; Found ES
Value at index 2 differs. Expected AC; Found ES
Value at index 3 differs. Expected AD; Found ES
Value at index 4 differs. Expected AE; Found ES
Value at index 5 differs. Expected AF; Found ES
Value at index 6 differs. Expected AG; Found ES
Value at index 7 differs. Expected AH; Found ES
Value at index 8 differs. Expected AI; Found ES
Value at index 9 differs. Expected AJ; Found ES
Value at index 10 differs. Expected AK; Found ES
Value at index 11 differs. Expected AL; Found ES
Value at index 12 differs. Expected AM; Found ES
Value at index 13 differs. Expected AN; Found ES
Value at index 14 differs. Expected AO; Found ES
Value at index 15 differs. Expected AP; Found ES
Value at index 16 differs. Expected AQ; Found ES
Value at index 17 differs. Expected AR; Found ES
Value at index 18 differs. Expected AS; Found ES
Value at index 19 differs. Expected AT; Found ES
Value at index 20 differs. Expected AU; Found ES
Value at index 21 differs. Expected AV; Found ES
Value at index 22 differs. Expected AW; Found ES
Value at index 23 differs. Expected AX; Found ES
Value at index 24 differs. Expected AY; Found ES
Value at index 25 differs. Expected AZ; Found ES
Value at index 26 differs. Expected BA; Found ES
Value at index 27 differs. Expected BB; Found ES
Value at index 28 differs. Expected BC; Found ES
Value at index 29 differs. Expected BD; Found ES
Value at index 30 differs. Expected BE; Found ES
Value at index 31 differs. Expected BF; Found ES
Value at index 32 differs. Expected BG; Found ES
Value at index 33 differs. Expected BH; Found ES
Value at index 34 differs. Expected BI; Found ES
Value at index 35 differs. Expected BJ; Found ES
Value at index 36 differs. Expected BK; Found ES
Value at index 37 differs. Expected BL; Found ES
Value at index 38 differs. Expected BM; Found ES
Value at index 39 differs. Expected BN; Found ES
Value at index 40 differs. Expected BO; Found ES
Value at index 41 differs. Expected BP; Found ES
Value at index 42 differs. Expected BQ; Found ES
Value at index 43 differs. Expected BR; Found ES
Value at index 44 differs. Expected BS; Found ES
Value at index 45 differs. Expected BT; Found ES
Value at index 46 differs. Expected BU; Found ES
Value at index 47 differs. Expected BV; Found ES
Value at index 48 differs. Expected BW; Found ES
Value at index 49 differs. Expected BX; Found ES
Value at index 50 differs. Expected BY; Found ES
Value at index 51 differs. Expected BZ; Found ES
Value at index 52 differs. Expected CA; Found ES
Value at index 53 differs. Expected CB; Found ES
Value at index 54 differs. Expected CC; Found ES
Value at index 55 differs. Expected CD; Found ES
Value at index 56 differs. Expected CE; Found ES
Value at index 57 differs. Expected CF; Found ES
Value at index 58 differs. Expected CG; Found ES
Value at index 59 differs. Expected CH; Found ES
Value at index 60 differs. Expected CI; Found ES
Value at index 61 differs. Expected CJ; Found ES
Value at index 62 differs. Expected CK; Found ES
Value at index 63 differs. Expected CL; Found ES
Value at index 64 differs. Expected CM; Found ES
Value at index 65 differs. Expected CN; Found ES
Value at index 66 differs. Expected CO; Found ES
Value at index 67 differs. Expected CP; Found ES
Value at index 68 differs. Expected CQ; Found ES
Value at index 69 differs. Expected CR; Found ES
Value at index 70 differs. Expected CS; Found ES
Value at index 71 differs. Expected CT; Found ES
Value at index 72 differs. Expected CU; Found ES
Value at index 73 differs. Expected CV; Found ES
Value at index 74 differs. Expected CW; Found ES
Value at index 75 differs. Expected CX; Found ES
Value at index 76 differs. Expected CY; Found ES
Value at index 77 differs. Expected CZ; Found ES
Value at index 78 differs. Expected DA; Found ES
Value at index 79 differs. Expected DB; Found ES
Value at index 80 differs. Expected DC; Found ES
Value at index 81 differs. Expected DD; Found ES
Value at index 82 differs. Expected DE; Found ES
Value at index 83 differs. Expected DF; Found ES
Value at index 84 differs. Expected DG; Found ES
Value at index 85 differs. Expected DH; Found ES
Value at index 86 differs. Expected DI; Found ES
Value at index 87 differs. Expected DJ; Found ES
Value at index 88 differs. Expected DK; Found ES
Value at index 89 differs. Expected DL; Found ES
Value at index 90 differs. Expected DM; Found ES
Value at index 91 differs. Expected DN; Found ES
Value at index 92 differs. Expected DO; Found ES
Value at index 93 differs. Expected DP; Found ES
Value at index 94 differs. Expected DQ; Found ES
Value at index 95 differs. Expected DR; Found ES
Value at index 96 differs. Expected DS; Found ES
Value at index 97 differs. Expected DT; Found ES
Value at index 98 differs. Expected DU; Found ES
Value at index 99 differs. Expected DV; Found ES
Value at index 100 differs. Expected DW; Found ES
Value at index 101 differs. Expected DX; Found ES
Value at index 102 differs. Expected DY; Found ES
Value at index 103 differs. Expected DZ; Found ES
Value at index 104 differs. Expected EA; Found ES
Value at index 105 differs. Expected EB; Found ES
Value at index 106 differs. Expected EC; Found ES
Value at index 107 differs. Expected ED; Found ES
Value at index 108 differs. Expected EE; Found ES
Value at index 109 differs. Expected EF; Found ES
Value at index 110 differs. Expected EG; Found ES
Value at index 111 differs. Expected EH; Found ES
Value at index 112 differs. Expected EI; Found ES
Value at index 113 differs. Expected EJ; Found ES
Value at index 114 differs. Expected EK; Found ES
Value at index 115 differs. Expected EL; Found ES
Value at index 116 differs. Expected EM; Found ES
Value at index 117 differs. Expected EN; Found ES
Value at index 118 differs. Expected EO; Found ES
Value at index 119 differs. Expected EP; Found ES
Value at index 120 differs. Expected EQ; Found ES
Value at index 121 differs. Expected ER; Found ES
Value at index 122 differs. Expected ES; Found FF
Value at index 123 differs. Expected ET; Found FF
Value at index 124 differs. Expected EU; Found FF
Value at index 125 differs. Expected EV; Found FF
Value at index 126 differs. Expected EW; Found FF
Value at index 127 differs. Expected EX; Found FF
Value at index 128 differs. Expected EY; Found FF
Value at index 129 differs. Expected EZ; Found FF
Value at index 130 differs. Expected FA; Found FF
Value at index 131 differs. Expected FB; Found FF
Value at index 132 differs. Expected FC; Found FF
Value at index 133 differs. Expected FD; Found FF
Value at index 134 differs. Expected FE; Found FF
Value at index 135 differs. Expected FF; Found FN
Value at index 136 differs. Expected FG; Found FN
Value at index 137 differs. Expected FH; Found FN
Value at index 138 differs. Expected FI; Found FN
Value at index 139 differs. Expected FJ; Found FN
Value at index 140 differs. Expected FK; Found FN
Value at index 141 differs. Expected FL; Found FN
Value at index 142 differs. Expected FM; Found FN
Value at index 143 differs. Expected FN; Found FT
Value at index 144 differs. Expected FO; Found FT
Value at index 145 differs. Expected FP; Found FT
Value at index 146 differs. Expected FQ; Found FT
Value at index 147 differs. Expected FR; Found FT
Value at index 148 differs. Expected FS; Found FT
Value at index 149 differs. Expected FT; Found AM

