Invalid read count. Expected: 71; Found: 31
Invalid write count. Expected: 37; Found: 13
Value at index 1 differs. Expected B; Found I
Value at index 2 differs. Expected C; Found I
Value at index 3 differs. Expected D; Found B
Value at index 8 differs. Expected I; Found H
Value at index 9 differs. Expected J; Found H

Invalid read count. Expected: 8 831; Found: 553
Invalid write count. Expected: 4 417; Found: 255
Value at index 0 differs. Expected AA; Found AQ
Value at index 1 differs. Expected AB; Found BR
Value at index 2 differs. Expected AC; Found BR
Value at index 3 differs. Expected AD; Found BR
Value at index 4 differs. Expected AE; Found AY
Value at index 5 differs. Expected AF; Found AY
Value at index 6 differs. Expected AG; Found AY
Value at index 7 differs. Expected AH; Found AY
Value at index 8 differs. Expected AI; Found AY
Value at index 9 differs. Expected AJ; Found AY
Value at index 10 differs. Expected AK; Found EN
Value at index 11 differs. Expected AL; Found EN
Value at index 12 differs. Expected AM; Found EN
Value at index 13 differs. Expected AN; Found EN
Value at index 14 differs. Expected AO; Found EN
Value at index 15 differs. Expected AP; Found EN
Value at index 16 differs. Expected AQ; Found EN
Value at index 17 differs. Expected AR; Found EN
Value at index 18 differs. Expected AS; Found EN
Value at index 19 differs. Expected AT; Found EN
Value at index 20 differs. Expected AU; Found EN
Value at index 21 differs. Expected AV; Found BM
Value at index 22 differs. Expected AW; Found BX
Value at index 23 differs. Expected AX; Found BX
Value at index 24 differs. Expected AY; Found BX
Value at index 25 differs. Expected AZ; Found BX
Value at index 26 differs. Expected BA; Found BX
Value at index 27 differs. Expected BB; Found AS
Value at index 28 differs. Expected BC; Found AS
Value at index 30 differs. Expected BE; Found DK
Value at index 31 differs. Expected BF; Found DK
Value at index 32 differs. Expected BG; Found DK
Value at index 33 differs. Expected BH; Found DK
Value at index 34 differs. Expected BI; Found DK
Value at index 35 differs. Expected BJ; Found DG
Value at index 36 differs. Expected BK; Found DG
Value at index 37 differs. Expected BL; Found DG
Value at index 38 differs. Expected BM; Found FC
Value at index 39 differs. Expected BN; Found FC
Value at index 40 differs. Expected BO; Found FC
Value at index 41 differs. Expected BP; Found FC
Value at index 42 differs. Expected BQ; Found FC
Value at index 43 differs. Expected BR; Found FC
Value at index 44 differs. Expected BS; Found FC
Value at index 45 differs. Expected BT; Found FC
Value at index 46 differs. Expected BU; Found FC
Value at index 47 differs. Expected BV; Found FC
Value at index 48 differs. Expected BW; Found FC
Value at index 49 differs. Expected BX; Found FC
Value at index 50 differs. Expected BY; Found FC
Value at index 51 differs. Expected BZ; Found FC
Value at index 52 differs. Expected CA; Found FC
Value at index 53 differs. Expected CB; Found FC
Value at index 54 differs. Expected CC; Found FC
Value at index 55 differs. Expected CD; Found FC
Value at index 56 differs. Expected CE; Found FC
Value at index 57 differs. Expected CF; Found FC
Value at index 58 differs. Expected CG; Found FC
Value at index 59 differs. Expected CH; Found FC
Value at index 60 differs. Expected CI; Found FC
Value at index 61 differs. Expected CJ; Found FC
Value at index 62 differs. Expected CK; Found FC
Value at index 63 differs. Expected CL; Found FC
Value at index 64 differs. Expected CM; Found CK
Value at index 65 differs. Expected CN; Found BG
Value at index 66 differs. Expected CO; Found EU
Value at index 67 differs. Expected CP; Found EU
Value at index 68 differs. Expected CQ; Found EU
Value at index 69 differs. Expected CR; Found EU
Value at index 70 differs. Expected CS; Found BU
Value at index 71 differs. Expected CT; Found DU
Value at index 72 differs. Expected CU; Found AK
Value at index 73 differs. Expected CV; Found CN
Value at index 74 differs. Expected CW; Found BO
Value at index 75 differs. Expected CX; Found FD
Value at index 76 differs. Expected CY; Found FD
Value at index 77 differs. Expected CZ; Found FD
Value at index 78 differs. Expected DA; Found FD
Value at index 79 differs. Expected DB; Found FD
Value at index 80 differs. Expected DC; Found FD
Value at index 81 differs. Expected DD; Found FD
Value at index 82 differs. Expected DE; Found FD
Value at index 83 differs. Expected DF; Found FD
Value at index 84 differs. Expected DG; Found FD
Value at index 85 differs. Expected DH; Found FD
Value at index 86 differs. Expected DI; Found DF
Value at index 87 differs. Expected DJ; Found AP
Value at index 88 differs. Expected DK; Found FE
Value at index 89 differs. Expected DL; Found FE
Value at index 90 differs. Expected DM; Found FE
Value at index 91 differs. Expected DN; Found FE
Value at index 92 differs. Expected DO; Found FE
Value at index 93 differs. Expected DP; Found FE
Value at index 94 differs. Expected DQ; Found FE
Value at index 95 differs. Expected DR; Found FE
Value at index 96 differs. Expected DS; Found FE
Value at index 97 differs. Expected DT; Found FE
Value at index 98 differs. Expected DU; Found FE
Value at index 99 differs. Expected DV; Found FE
Value at index 100 differs. Expected DW; Found FE
Value at index 101 differs. Expected DX; Found FE
Value at index 102 differs. Expected DY; Found FE
Value at index 103 differs. Expected DZ; Found FE
Value at index 104 differs. Expected EA; Found FE
Value at index 105 differs. Expected EB; Found FE
Value at index 106 differs. Expected EC; Found FE
Value at index 107 differs. Expected ED; Found FE
Value at index 108 differs. Expected EE; Found FE
Value at index 109 differs. Expected EF; Found FE
Value at index 110 differs. Expected EG; Found FE
Value at index 111 differs. Expected EH; Found FE
Value at index 112 differs. Expected EI; Found FE
Value at index 113 differs. Expected EJ; Found FE
Value at index 114 differs. Expected EK; Found FE
Value at index 115 differs. Expected EL; Found FA
Value at index 116 differs. Expected EM; Found CC
Value at index 117 differs. Expected EN; Found CC
Value at index 119 differs. Expected EP; Found EO
Value at index 122 differs. Expected ES; Found ER
Value at index 124 differs. Expected EU; Found DM
Value at index 125 differs. Expected EV; Found DM
Value at index 126 differs. Expected EW; Found EE
Value at index 127 differs. Expected EX; Found CD
Value at index 130 differs. Expected FA; Found EZ
Value at index 132 differs. Expected FC; Found FB
Value at index 133 differs. Expected FD; Found CX
Value at index 134 differs. Expected FE; Found CX
Value at index 135 differs. Expected FF; Found BI
Value at index 140 differs. Expected FK; Found FJ
Value at index 143 differs. Expected FN; Found FM
Value at index 144 differs. Expected FO; Found FM
Value at index 146 differs. Expected FQ; Found FP
Value at index 148 differs. Expected FS; Found FR
Value at index 149 differs. Expected FT; Found FR

