Invalid read count. Expected: 58; Found: 3
Invalid write count. Expected: 30; Found: 0
Value at index 0 differs. Expected A; Found F
Value at index 2 differs. Expected C; Found D
Value at index 3 differs. Expected D; Found G
Value at index 5 differs. Expected F; Found J
Value at index 6 differs. Expected G; Found H
Value at index 7 differs. Expected H; Found I
Value at index 8 differs. Expected I; Found A
Value at index 9 differs. Expected J; Found C

Invalid read count. Expected: 7 992; Found: 1 872
Invalid write count. Expected: 3 996; Found: 624
Value at index 1 differs. Expected AB; Found EG
Value at index 2 differs. Expected AC; Found EG
Value at index 3 differs. Expected AD; Found FA
Value at index 4 differs. Expected AE; Found AD
Value at index 5 differs. Expected AF; Found AE
Value at index 6 differs. Expected AG; Found AF
Value at index 7 differs. Expected AH; Found AL
Value at index 8 differs. Expected AI; Found BV
Value at index 9 differs. Expected AJ; Found BP
Value at index 10 differs. Expected AK; Found BP
Value at index 11 differs. Expected AL; Found BH
Value at index 12 differs. Expected AM; Found AL
Value at index 14 differs. Expected AO; Found AN
Value at index 15 differs. Expected AP; Found AO
Value at index 17 differs. Expected AR; Found AQ
Value at index 18 differs. Expected AS; Found AT
Value at index 19 differs. Expected AT; Found BA
Value at index 20 differs. Expected AU; Found AT
Value at index 22 differs. Expected AW; Found AU
Value at index 23 differs. Expected AX; Found AW
Value at index 24 differs. Expected AY; Found AE
Value at index 25 differs. Expected AZ; Found BF
Value at index 26 differs. Expected BA; Found CN
Value at index 27 differs. Expected BB; Found BF
Value at index 28 differs. Expected BC; Found BG
Value at index 29 differs. Expected BD; Found BW
Value at index 30 differs. Expected BE; Found BW
Value at index 31 differs. Expected BF; Found DZ
Value at index 33 differs. Expected BH; Found BN
Value at index 34 differs. Expected BI; Found DO
Value at index 35 differs. Expected BJ; Found DY
Value at index 36 differs. Expected BK; Found DO
Value at index 37 differs. Expected BL; Found BN
Value at index 38 differs. Expected BM; Found BL
Value at index 39 differs. Expected BN; Found BL
Value at index 40 differs. Expected BO; Found AB
Value at index 41 differs. Expected BP; Found BO
Value at index 42 differs. Expected BQ; Found AG
Value at index 43 differs. Expected BR; Found CZ
Value at index 44 differs. Expected BS; Found AR
Value at index 45 differs. Expected BT; Found BB
Value at index 46 differs. Expected BU; Found AR
Value at index 47 differs. Expected BV; Found AK
Value at index 48 differs. Expected BW; Found BS
Value at index 49 differs. Expected BX; Found BU
Value at index 50 differs. Expected BY; Found EQ
Value at index 51 differs. Expected BZ; Found DG
Value at index 52 differs. Expected CA; Found AG
Value at index 53 differs. Expected CB; Found AH
Value at index 54 differs. Expected CC; Found AM
Value at index 55 differs. Expected CD; Found ET
Value at index 56 differs. Expected CE; Found AP
Value at index 57 differs. Expected CF; Found BR
Value at index 58 differs. Expected CG; Found CD
Value at index 59 differs. Expected CH; Found FE
Value at index 60 differs. Expected CI; Found CD
Value at index 61 differs. Expected CJ; Found CE
Value at index 62 differs. Expected CK; Found CF
Value at index 63 differs. Expected CL; Found BX
Value at index 64 differs. Expected CM; Found CI
Value at index 65 differs. Expected CN; Found CI
Value at index 66 differs. Expected CO; Found BR
Value at index 67 differs. Expected CP; Found DQ
Value at index 68 differs. Expected CQ; Found AP
Value at index 69 differs. Expected CR; Found CQ
Value at index 70 differs. Expected CS; Found AM
Value at index 71 differs. Expected CT; Found DH
Value at index 72 differs. Expected CU; Found EH
Value at index 73 differs. Expected CV; Found CS
Value at index 74 differs. Expected CW; Found CX
Value at index 75 differs. Expected CX; Found EH
Value at index 76 differs. Expected CY; Found CX
Value at index 77 differs. Expected CZ; Found CY
Value at index 78 differs. Expected DA; Found AC
Value at index 79 differs. Expected DB; Found CB
Value at index 80 differs. Expected DC; Found EY
Value at index 81 differs. Expected DD; Found AY
Value at index 82 differs. Expected DE; Found CA
Value at index 83 differs. Expected DF; Found AS
Value at index 84 differs. Expected DG; Found CC
Value at index 85 differs. Expected DH; Found DT
Value at index 86 differs. Expected DI; Found FR
Value at index 87 differs. Expected DJ; Found BO
Value at index 88 differs. Expected DK; Found FN
Value at index 89 differs. Expected DL; Found AS
Value at index 90 differs. Expected DM; Found DI
Value at index 91 differs. Expected DN; Found BC
Value at index 92 differs. Expected DO; Found FF
Value at index 93 differs. Expected DP; Found DX
Value at index 94 differs. Expected DQ; Found DJ
Value at index 95 differs. Expected DR; Found DN
Value at index 96 differs. Expected DS; Found DN
Value at index 97 differs. Expected DT; Found BJ
Value at index 98 differs. Expected DU; Found EW
Value at index 99 differs. Expected DV; Found DD
Value at index 100 differs. Expected DW; Found DS
Value at index 101 differs. Expected DX; Found BC
Value at index 102 differs. Expected DY; Found BE
Value at index 103 differs. Expected DZ; Found BM
Value at index 104 differs. Expected EA; Found CM
Value at index 105 differs. Expected EB; Found FQ
Value at index 106 differs. Expected EC; Found DI
Value at index 107 differs. Expected ED; Found CM
Value at index 108 differs. Expected EE; Found CR
Value at index 109 differs. Expected EF; Found ES
Value at index 110 differs. Expected EG; Found AY
Value at index 111 differs. Expected EH; Found EE
Value at index 112 differs. Expected EI; Found BD
Value at index 113 differs. Expected EJ; Found BD
Value at index 114 differs. Expected EK; Found AJ
Value at index 115 differs. Expected EL; Found EV
Value at index 116 differs. Expected EM; Found BZ
Value at index 117 differs. Expected EN; Found CK
Value at index 118 differs. Expected EO; Found DE
Value at index 119 differs. Expected EP; Found DE
Value at index 120 differs. Expected EQ; Found FO
Value at index 121 differs. Expected ER; Found EM
Value at index 122 differs. Expected ES; Found EO
Value at index 123 differs. Expected ET; Found CK
Value at index 124 differs. Expected EU; Found BK
Value at index 125 differs. Expected EV; Found AI
Value at index 126 differs. Expected EW; Found EC
Value at index 127 differs. Expected EX; Found CB
Value at index 128 differs. Expected EY; Found AI
Value at index 129 differs. Expected EZ; Found DL
Value at index 130 differs. Expected FA; Found AZ
Value at index 131 differs. Expected FB; Found DB
Value at index 132 differs. Expected FC; Found EI
Value at index 133 differs. Expected FD; Found CO
Value at index 134 differs. Expected FE; Found EJ
Value at index 135 differs. Expected FF; Found CG
Value at index 136 differs. Expected FG; Found DU
Value at index 137 differs. Expected FH; Found DU
Value at index 138 differs. Expected FI; Found FC
Value at index 139 differs. Expected FJ; Found CG
Value at index 140 differs. Expected FK; Found EA
Value at index 141 differs. Expected FL; Found FG
Value at index 142 differs. Expected FM; Found EJ
Value at index 143 differs. Expected FN; Found FI
Value at index 144 differs. Expected FO; Found EA
Value at index 145 differs. Expected FP; Found EL
Value at index 146 differs. Expected FQ; Found CH
Value at index 147 differs. Expected FR; Found DB
Value at index 148 differs. Expected FS; Found FH

