Invalid read count. Expected: 47; Found: 56
Invalid write count. Expected: 24; Found: 5
Value at index 0 differs. Expected A; Found C
Value at index 1 differs. Expected B; Found A
Value at index 2 differs. Expected C; Found B
Value at index 3 differs. Expected D; Found F
Value at index 4 differs. Expected E; Found F
Value at index 5 differs. Expected F; Found I
Value at index 6 differs. Expected G; Found I
Value at index 7 differs. Expected H; Found I
Value at index 8 differs. Expected I; Found E
Value at index 9 differs. Expected J; Found G

Invalid read count. Expected: 9 424; Found: 26 744
Invalid write count. Expected: 4 712; Found: 5 133
Value at index 1 differs. Expected AB; Found ES
Value at index 2 differs. Expected AC; Found CQ
Value at index 3 differs. Expected AD; Found CQ
Value at index 4 differs. Expected AE; Found CQ
Value at index 5 differs. Expected AF; Found CQ
Value at index 6 differs. Expected AG; Found CQ
Value at index 7 differs. Expected AH; Found CQ
Value at index 8 differs. Expected AI; Found CQ
Value at index 9 differs. Expected AJ; Found CQ
Value at index 10 differs. Expected AK; Found CQ
Value at index 11 differs. Expected AL; Found CQ
Value at index 12 differs. Expected AM; Found CQ
Value at index 13 differs. Expected AN; Found CQ
Value at index 14 differs. Expected AO; Found CQ
Value at index 15 differs. Expected AP; Found CQ
Value at index 16 differs. Expected AQ; Found CQ
Value at index 17 differs. Expected AR; Found CQ
Value at index 18 differs. Expected AS; Found CQ
Value at index 19 differs. Expected AT; Found CQ
Value at index 20 differs. Expected AU; Found CQ
Value at index 21 differs. Expected AV; Found CQ
Value at index 22 differs. Expected AW; Found CQ
Value at index 23 differs. Expected AX; Found CQ
Value at index 24 differs. Expected AY; Found CQ
Value at index 25 differs. Expected AZ; Found CQ
Value at index 26 differs. Expected BA; Found CQ
Value at index 27 differs. Expected BB; Found CQ
Value at index 28 differs. Expected BC; Found CQ
Value at index 29 differs. Expected BD; Found CQ
Value at index 30 differs. Expected BE; Found CQ
Value at index 31 differs. Expected BF; Found CQ
Value at index 32 differs. Expected BG; Found CQ
Value at index 33 differs. Expected BH; Found CQ
Value at index 34 differs. Expected BI; Found CQ
Value at index 35 differs. Expected BJ; Found CQ
Value at index 36 differs. Expected BK; Found CQ
Value at index 37 differs. Expected BL; Found CQ
Value at index 38 differs. Expected BM; Found CQ
Value at index 39 differs. Expected BN; Found CQ
Value at index 40 differs. Expected BO; Found CQ
Value at index 41 differs. Expected BP; Found CQ
Value at index 42 differs. Expected BQ; Found CQ
Value at index 43 differs. Expected BR; Found CQ
Value at index 44 differs. Expected BS; Found CQ
Value at index 45 differs. Expected BT; Found CQ
Value at index 46 differs. Expected BU; Found CQ
Value at index 47 differs. Expected BV; Found CQ
Value at index 48 differs. Expected BW; Found CQ
Value at index 49 differs. Expected BX; Found CQ
Value at index 50 differs. Expected BY; Found CQ
Value at index 51 differs. Expected BZ; Found EM
Value at index 52 differs. Expected CA; Found EM
Value at index 53 differs. Expected CB; Found EM
Value at index 54 differs. Expected CC; Found EM
Value at index 55 differs. Expected CD; Found EM
Value at index 56 differs. Expected CE; Found EM
Value at index 57 differs. Expected CF; Found EM
Value at index 58 differs. Expected CG; Found EM
Value at index 59 differs. Expected CH; Found EM
Value at index 60 differs. Expected CI; Found EM
Value at index 61 differs. Expected CJ; Found EM
Value at index 62 differs. Expected CK; Found EM
Value at index 63 differs. Expected CL; Found EM
Value at index 64 differs. Expected CM; Found EM
Value at index 65 differs. Expected CN; Found EM
Value at index 66 differs. Expected CO; Found EM
Value at index 67 differs. Expected CP; Found EM
Value at index 68 differs. Expected CQ; Found EM
Value at index 69 differs. Expected CR; Found EM
Value at index 70 differs. Expected CS; Found EM
Value at index 71 differs. Expected CT; Found EM
Value at index 72 differs. Expected CU; Found EM
Value at index 73 differs. Expected CV; Found EM
Value at index 74 differs. Expected CW; Found EM
Value at index 75 differs. Expected CX; Found EM
Value at index 76 differs. Expected CY; Found EM
Value at index 77 differs. Expected CZ; Found EM
Value at index 78 differs. Expected DA; Found EM
Value at index 79 differs. Expected DB; Found EM
Value at index 80 differs. Expected DC; Found EM
Value at index 81 differs. Expected DD; Found EM
Value at index 82 differs. Expected DE; Found EM
Value at index 83 differs. Expected DF; Found EM
Value at index 84 differs. Expected DG; Found EM
Value at index 85 differs. Expected DH; Found EM
Value at index 86 differs. Expected DI; Found EM
Value at index 87 differs. Expected DJ; Found EM
Value at index 88 differs. Expected DK; Found EM
Value at index 89 differs. Expected DL; Found EM
Value at index 90 differs. Expected DM; Found EM
Value at index 91 differs. Expected DN; Found EM
Value at index 92 differs. Expected DO; Found EM
Value at index 93 differs. Expected DP; Found EM
Value at index 94 differs. Expected DQ; Found EM
Value at index 95 differs. Expected DR; Found EM
Value at index 96 differs. Expected DS; Found EM
Value at index 97 differs. Expected DT; Found EM
Value at index 98 differs. Expected DU; Found EM
Value at index 99 differs. Expected DV; Found EM
Value at index 100 differs. Expected DW; Found EM
Value at index 101 differs. Expected DX; Found EM
Value at index 102 differs. Expected DY; Found EM
Value at index 103 differs. Expected DZ; Found EM
Value at index 104 differs. Expected EA; Found EM
Value at index 105 differs. Expected EB; Found EM
Value at index 106 differs. Expected EC; Found EM
Value at index 107 differs. Expected ED; Found EM
Value at index 108 differs. Expected EE; Found EM
Value at index 109 differs. Expected EF; Found EM
Value at index 110 differs. Expected EG; Found EM
Value at index 111 differs. Expected EH; Found FN
Value at index 112 differs. Expected EI; Found FN
Value at index 113 differs. Expected EJ; Found FN
Value at index 114 differs. Expected EK; Found FN
Value at index 115 differs. Expected EL; Found FN
Value at index 116 differs. Expected EM; Found FN
Value at index 117 differs. Expected EN; Found FN
Value at index 118 differs. Expected EO; Found FN
Value at index 119 differs. Expected EP; Found FN
Value at index 120 differs. Expected EQ; Found FN
Value at index 121 differs. Expected ER; Found FN
Value at index 122 differs. Expected ES; Found FN
Value at index 123 differs. Expected ET; Found FN
Value at index 124 differs. Expected EU; Found FN
Value at index 125 differs. Expected EV; Found FN
Value at index 126 differs. Expected EW; Found FN
Value at index 127 differs. Expected EX; Found FN
Value at index 128 differs. Expected EY; Found FN
Value at index 129 differs. Expected EZ; Found FN
Value at index 130 differs. Expected FA; Found FN
Value at index 131 differs. Expected FB; Found FN
Value at index 132 differs. Expected FC; Found FN
Value at index 133 differs. Expected FD; Found FN
Value at index 134 differs. Expected FE; Found FN
Value at index 135 differs. Expected FF; Found FN
Value at index 136 differs. Expected FG; Found FN
Value at index 137 differs. Expected FH; Found FN
Value at index 138 differs. Expected FI; Found FN
Value at index 139 differs. Expected FJ; Found FN
Value at index 140 differs. Expected FK; Found FN
Value at index 141 differs. Expected FL; Found FO
Value at index 142 differs. Expected FM; Found FO
Value at index 143 differs. Expected FN; Found FO
Value at index 145 differs. Expected FP; Found FO
Value at index 146 differs. Expected FQ; Found FS
Value at index 147 differs. Expected FR; Found FS
Value at index 149 differs. Expected FT; Found EE

