Invalid read count. Expected: 58; Found: 3
Invalid write count. Expected: 30; Found: 0
Value at index 0 differs. Expected A; Found F
Value at index 2 differs. Expected C; Found D
Value at index 3 differs. Expected D; Found G
Value at index 5 differs. Expected F; Found J
Value at index 6 differs. Expected G; Found H
Value at index 7 differs. Expected H; Found I
Value at index 8 differs. Expected I; Found A
Value at index 9 differs. Expected J; Found C

Invalid read count. Expected: 7 992; Found: 3
Invalid write count. Expected: 3 996; Found: 0
Value at index 1 differs. Expected AB; Found BI
Value at index 2 differs. Expected AC; Found EG
Value at index 3 differs. Expected AD; Found FA
Value at index 4 differs. Expected AE; Found AD
Value at index 6 differs. Expected AG; Found DA
Value at index 7 differs. Expected AH; Found BP
Value at index 8 differs. Expected AI; Found BH
Value at index 9 differs. Expected AJ; Found CP
Value at index 10 differs. Expected AK; Found BV
Value at index 12 differs. Expected AM; Found ED
Value at index 15 differs. Expected AP; Found BY
Value at index 17 differs. Expected AR; Found BA
Value at index 18 differs. Expected AS; Found CW
Value at index 20 differs. Expected AU; Found AV
Value at index 21 differs. Expected AV; Found AU
Value at index 24 differs. Expected AY; Found AE
Value at index 25 differs. Expected AZ; Found EZ
Value at index 26 differs. Expected BA; Found CN
Value at index 27 differs. Expected BB; Found BF
Value at index 28 differs. Expected BC; Found DC
Value at index 29 differs. Expected BD; Found BW
Value at index 30 differs. Expected BE; Found DZ
Value at index 31 differs. Expected BF; Found CJ
Value at index 33 differs. Expected BH; Found EU
Value at index 34 differs. Expected BI; Found DY
Value at index 35 differs. Expected BJ; Found DO
Value at index 36 differs. Expected BK; Found DR
Value at index 37 differs. Expected BL; Found BN
Value at index 38 differs. Expected BM; Found BQ
Value at index 39 differs. Expected BN; Found BL
Value at index 40 differs. Expected BO; Found AB
Value at index 41 differs. Expected BP; Found BB
Value at index 42 differs. Expected BQ; Found BT
Value at index 43 differs. Expected BR; Found AR
Value at index 45 differs. Expected BT; Found CU
Value at index 47 differs. Expected BV; Found AK
Value at index 48 differs. Expected BW; Found CZ
Value at index 49 differs. Expected BX; Found DG
Value at index 50 differs. Expected BY; Found EQ
Value at index 51 differs. Expected BZ; Found AG
Value at index 52 differs. Expected CA; Found AH
Value at index 53 differs. Expected CB; Found CL
Value at index 54 differs. Expected CC; Found FE
Value at index 58 differs. Expected CG; Found BX
Value at index 59 differs. Expected CH; Found FP
Value at index 61 differs. Expected CJ; Found ER
Value at index 62 differs. Expected CK; Found BR
Value at index 63 differs. Expected CL; Found DQ
Value at index 64 differs. Expected CM; Found DV
Value at index 65 differs. Expected CN; Found AP
Value at index 66 differs. Expected CO; Found FL
Value at index 67 differs. Expected CP; Found ET
Value at index 69 differs. Expected CR; Found AM
Value at index 72 differs. Expected CU; Found EH
Value at index 73 differs. Expected CV; Found DM
Value at index 74 differs. Expected CW; Found DH
Value at index 77 differs. Expected CZ; Found AC
Value at index 78 differs. Expected DA; Found DF
Value at index 79 differs. Expected DB; Found FR
Value at index 80 differs. Expected DC; Found DT
Value at index 81 differs. Expected DD; Found BO
Value at index 82 differs. Expected DE; Found EB
Value at index 83 differs. Expected DF; Found FN
Value at index 84 differs. Expected DG; Found CC
Value at index 85 differs. Expected DH; Found AS
Value at index 86 differs. Expected DI; Found EN
Value at index 88 differs. Expected DK; Found CA
Value at index 89 differs. Expected DL; Found DX
Value at index 90 differs. Expected DM; Found FF
Value at index 92 differs. Expected DO; Found BJ
Value at index 94 differs. Expected DQ; Found DD
Value at index 95 differs. Expected DR; Found EW
Value at index 97 differs. Expected DT; Found BC
Value at index 98 differs. Expected DU; Found BE
Value at index 99 differs. Expected DV; Found FJ
Value at index 100 differs. Expected DW; Found FQ
Value at index 101 differs. Expected DX; Found BM
Value at index 102 differs. Expected DY; Found DI
Value at index 103 differs. Expected DZ; Found EP
Value at index 104 differs. Expected EA; Found CM
Value at index 105 differs. Expected EB; Found EK
Value at index 106 differs. Expected EC; Found ES
Value at index 107 differs. Expected ED; Found CR
Value at index 108 differs. Expected EE; Found AY
Value at index 110 differs. Expected EG; Found BD
Value at index 111 differs. Expected EH; Found BZ
Value at index 112 differs. Expected EI; Found FM
Value at index 113 differs. Expected EJ; Found EE
Value at index 114 differs. Expected EK; Found DE
Value at index 115 differs. Expected EL; Found FK
Value at index 117 differs. Expected EN; Found EV
Value at index 119 differs. Expected EP; Found FO
Value at index 120 differs. Expected EQ; Found CK
Value at index 121 differs. Expected ER; Found DK
Value at index 122 differs. Expected ES; Found EC
Value at index 123 differs. Expected ET; Found AJ
Value at index 124 differs. Expected EU; Found EY
Value at index 125 differs. Expected EV; Found BK
Value at index 126 differs. Expected EW; Found CB
Value at index 128 differs. Expected EY; Found AI
Value at index 129 differs. Expected EZ; Found AZ
Value at index 130 differs. Expected FA; Found FB
Value at index 131 differs. Expected FB; Found DU
Value at index 134 differs. Expected FE; Found CG
Value at index 135 differs. Expected FF; Found CV
Value at index 136 differs. Expected FG; Found EJ
Value at index 137 differs. Expected FH; Found FS
Value at index 139 differs. Expected FJ; Found DL
Value at index 140 differs. Expected FK; Found FG
Value at index 141 differs. Expected FL; Found CO
Value at index 142 differs. Expected FM; Found EI
Value at index 143 differs. Expected FN; Found EA
Value at index 144 differs. Expected FO; Found EL
Value at index 145 differs. Expected FP; Found CH
Value at index 146 differs. Expected FQ; Found DW
Value at index 147 differs. Expected FR; Found DB
Value at index 148 differs. Expected FS; Found FH

