Invalid read count. Expected: 58; Found: 3
Invalid write count. Expected: 30; Found: 0
Value at index 0 differs. Expected A; Found F
Value at index 2 differs. Expected C; Found D
Value at index 3 differs. Expected D; Found G
Value at index 5 differs. Expected F; Found J
Value at index 6 differs. Expected G; Found H
Value at index 7 differs. Expected H; Found I
Value at index 8 differs. Expected I; Found A
Value at index 9 differs. Expected J; Found C

Invalid read count. Expected: 7 992; Found: 2 340
Invalid write count. Expected: 3 996; Found: 780
Value at index 0 differs. Expected AA; Found BZ
Value at index 1 differs. Expected AB; Found BK
Value at index 2 differs. Expected AC; Found EZ
Value at index 3 differs. Expected AD; Found EG
Value at index 4 differs. Expected AE; Found AD
Value at index 5 differs. Expected AF; Found CZ
Value at index 6 differs. Expected AG; Found BY
Value at index 7 differs. Expected AH; Found BT
Value at index 8 differs. Expected AI; Found CN
Value at index 9 differs. Expected AJ; Found EL
Value at index 10 differs. Expected AK; Found AE
Value at index 11 differs. Expected AL; Found EA
Value at index 12 differs. Expected AM; Found CP
Value at index 13 differs. Expected AN; Found AH
Value at index 14 differs. Expected AO; Found BS
Value at index 15 differs. Expected AP; Found CF
Value at index 16 differs. Expected AQ; Found AN
Value at index 17 differs. Expected AR; Found CS
Value at index 18 differs. Expected AS; Found DC
Value at index 19 differs. Expected AT; Found AO
Value at index 20 differs. Expected AU; Found BA
Value at index 21 differs. Expected AV; Found AT
Value at index 22 differs. Expected AW; Found AQ
Value at index 23 differs. Expected AX; Found AT
Value at index 24 differs. Expected AY; Found EX
Value at index 25 differs. Expected AZ; Found AE
Value at index 26 differs. Expected BA; Found AE
Value at index 27 differs. Expected BB; Found DA
Value at index 28 differs. Expected BC; Found DO
Value at index 29 differs. Expected BD; Found DG
Value at index 30 differs. Expected BE; Found DT
Value at index 32 differs. Expected BG; Found BW
Value at index 33 differs. Expected BH; Found BA
Value at index 34 differs. Expected BI; Found DL
Value at index 35 differs. Expected BJ; Found BN
Value at index 36 differs. Expected BK; Found EN
Value at index 38 differs. Expected BM; Found AA
Value at index 39 differs. Expected BN; Found AA
Value at index 40 differs. Expected BO; Found AA
Value at index 41 differs. Expected BP; Found DC
Value at index 42 differs. Expected BQ; Found BN
Value at index 43 differs. Expected BR; Found AB
Value at index 44 differs. Expected BS; Found AB
Value at index 45 differs. Expected BT; Found BU
Value at index 46 differs. Expected BU; Found BV
Value at index 47 differs. Expected BV; Found AB
Value at index 48 differs. Expected BW; Found AB
Value at index 50 differs. Expected BY; Found AB
Value at index 51 differs. Expected BZ; Found EG
Value at index 52 differs. Expected CA; Found EQ
Value at index 53 differs. Expected CB; Found EO
Value at index 54 differs. Expected CC; Found DI
Value at index 55 differs. Expected CD; Found CC
Value at index 56 differs. Expected CE; Found BB
Value at index 57 differs. Expected CF; Found CE
Value at index 58 differs. Expected CG; Found FH
Value at index 59 differs. Expected CH; Found AH
Value at index 60 differs. Expected CI; Found EJ
Value at index 61 differs. Expected CJ; Found AH
Value at index 62 differs. Expected CK; Found EI
Value at index 63 differs. Expected CL; Found AH
Value at index 64 differs. Expected CM; Found DU
Value at index 65 differs. Expected CN; Found FG
Value at index 66 differs. Expected CO; Found BX
Value at index 67 differs. Expected CP; Found BX
Value at index 68 differs. Expected CQ; Found CG
Value at index 69 differs. Expected CR; Found CA
Value at index 70 differs. Expected CS; Found AP
Value at index 71 differs. Expected CT; Found AP
Value at index 72 differs. Expected CU; Found AI
Value at index 73 differs. Expected CV; Found FB
Value at index 74 differs. Expected CW; Found DD
Value at index 75 differs. Expected CX; Found AM
Value at index 76 differs. Expected CY; Found CR
Value at index 77 differs. Expected CZ; Found BS
Value at index 78 differs. Expected DA; Found FJ
Value at index 79 differs. Expected DB; Found CW
Value at index 80 differs. Expected DC; Found AC
Value at index 81 differs. Expected DD; Found FF
Value at index 82 differs. Expected DE; Found EI
Value at index 83 differs. Expected DF; Found DE
Value at index 84 differs. Expected DG; Found AF
Value at index 85 differs. Expected DH; Found EH
Value at index 86 differs. Expected DI; Found AF
Value at index 87 differs. Expected DJ; Found AF
Value at index 88 differs. Expected DK; Found BB
Value at index 89 differs. Expected DL; Found FE
Value at index 90 differs. Expected DM; Found DU
Value at index 91 differs. Expected DN; Found AS
Value at index 92 differs. Expected DO; Found AS
Value at index 93 differs. Expected DP; Found AS
Value at index 94 differs. Expected DQ; Found AS
Value at index 95 differs. Expected DR; Found AS
Value at index 96 differs. Expected DS; Found AS
Value at index 97 differs. Expected DT; Found CU
Value at index 98 differs. Expected DU; Found FA
Value at index 99 differs. Expected DV; Found FI
Value at index 100 differs. Expected DW; Found BC
Value at index 101 differs. Expected DX; Found BE
Value at index 102 differs. Expected DY; Found BE
Value at index 103 differs. Expected DZ; Found BE
Value at index 104 differs. Expected EA; Found CL
Value at index 105 differs. Expected EB; Found EK
Value at index 106 differs. Expected EC; Found BD
Value at index 107 differs. Expected ED; Found DD
Value at index 108 differs. Expected EE; Found EG
Value at index 109 differs. Expected EF; Found AY
Value at index 110 differs. Expected EG; Found AA
Value at index 111 differs. Expected EH; Found ET
Value at index 112 differs. Expected EI; Found AA
Value at index 113 differs. Expected EJ; Found ER
Value at index 114 differs. Expected EK; Found ES
Value at index 115 differs. Expected EL; Found AA
Value at index 116 differs. Expected EM; Found EP
Value at index 117 differs. Expected EN; Found EU
Value at index 118 differs. Expected EO; Found AA
Value at index 119 differs. Expected EP; Found AA
Value at index 120 differs. Expected EQ; Found AA
Value at index 121 differs. Expected ER; Found AA
Value at index 122 differs. Expected ES; Found AA
Value at index 123 differs. Expected ET; Found AA
Value at index 124 differs. Expected EU; Found AA
Value at index 125 differs. Expected EV; Found AA
Value at index 126 differs. Expected EW; Found BZ
Value at index 127 differs. Expected EX; Found BZ
Value at index 128 differs. Expected EY; Found DE
Value at index 129 differs. Expected EZ; Found DE
Value at index 130 differs. Expected FA; Found DH
Value at index 131 differs. Expected FB; Found DH
Value at index 132 differs. Expected FC; Found CB
Value at index 133 differs. Expected FD; Found CB
Value at index 134 differs. Expected FE; Found AY
Value at index 135 differs. Expected FF; Found AC
Value at index 136 differs. Expected FG; Found FK
Value at index 137 differs. Expected FH; Found AC
Value at index 138 differs. Expected FI; Found AC
Value at index 139 differs. Expected FJ; Found AC
Value at index 140 differs. Expected FK; Found AC
Value at index 141 differs. Expected FL; Found AC
Value at index 142 differs. Expected FM; Found DU
Value at index 143 differs. Expected FN; Found DU
Value at index 144 differs. Expected FO; Found DU
Value at index 145 differs. Expected FP; Found FB
Value at index 146 differs. Expected FQ; Found EJ
Value at index 147 differs. Expected FR; Found EJ
Value at index 148 differs. Expected FS; Found FG
Value at index 149 differs. Expected FT; Found FS

