Invalid read count. Expected: 36; Found: 9
Invalid write count. Expected: 18; Found: 9
Value at index 0 differs. Expected A; Found J
Value at index 1 differs. Expected B; Found C
Value at index 2 differs. Expected C; Found B
Value at index 3 differs. Expected D; Found H
Value at index 7 differs. Expected H; Found I
Value at index 8 differs. Expected I; Found D

Invalid read count. Expected: 9 624; Found: 149
Invalid write count. Expected: 4 812; Found: 149
Value at index 0 differs. Expected AA; Found FT
Value at index 1 differs. Expected AB; Found AK
Value at index 2 differs. Expected AC; Found FJ
Value at index 3 differs. Expected AD; Found DK
Value at index 4 differs. Expected AE; Found AW
Value at index 6 differs. Expected AG; Found BZ
Value at index 7 differs. Expected AH; Found AN
Value at index 8 differs. Expected AI; Found DM
Value at index 9 differs. Expected AJ; Found DX
Value at index 10 differs. Expected AK; Found CD
Value at index 11 differs. Expected AL; Found AE
Value at index 12 differs. Expected AM; Found CO
Value at index 13 differs. Expected AN; Found BG
Value at index 14 differs. Expected AO; Found BT
Value at index 15 differs. Expected AP; Found AC
Value at index 16 differs. Expected AQ; Found BP
Value at index 17 differs. Expected AR; Found CG
Value at index 18 differs. Expected AS; Found EJ
Value at index 19 differs. Expected AT; Found EX
Value at index 20 differs. Expected AU; Found BF
Value at index 22 differs. Expected AW; Found DS
Value at index 24 differs. Expected AY; Found ES
Value at index 26 differs. Expected BA; Found BU
Value at index 27 differs. Expected BB; Found DT
Value at index 28 differs. Expected BC; Found AY
Value at index 29 differs. Expected BD; Found AO
Value at index 31 differs. Expected BF; Found EV
Value at index 32 differs. Expected BG; Found DA
Value at index 33 differs. Expected BH; Found DY
Value at index 34 differs. Expected BI; Found DD
Value at index 35 differs. Expected BJ; Found BV
Value at index 36 differs. Expected BK; Found FI
Value at index 37 differs. Expected BL; Found DC
Value at index 38 differs. Expected BM; Found EC
Value at index 39 differs. Expected BN; Found FD
Value at index 40 differs. Expected BO; Found FQ
Value at index 41 differs. Expected BP; Found DW
Value at index 42 differs. Expected BQ; Found FA
Value at index 45 differs. Expected BT; Found DN
Value at index 46 differs. Expected BU; Found BA
Value at index 47 differs. Expected BV; Found DJ
Value at index 49 differs. Expected BX; Found BK
Value at index 51 differs. Expected BZ; Found AG
Value at index 53 differs. Expected CB; Found DQ
Value at index 54 differs. Expected CC; Found BM
Value at index 55 differs. Expected CD; Found AB
Value at index 57 differs. Expected CF; Found AP
Value at index 58 differs. Expected CG; Found FF
Value at index 59 differs. Expected CH; Found AJ
Value at index 60 differs. Expected CI; Found CQ
Value at index 61 differs. Expected CJ; Found FN
Value at index 63 differs. Expected CL; Found FG
Value at index 65 differs. Expected CN; Found EG
Value at index 66 differs. Expected CO; Found DO
Value at index 68 differs. Expected CQ; Found EU
Value at index 73 differs. Expected CV; Found EF
Value at index 74 differs. Expected CW; Found BO
Value at index 77 differs. Expected CZ; Found BC
Value at index 78 differs. Expected DA; Found ED
Value at index 79 differs. Expected DB; Found DU
Value at index 80 differs. Expected DC; Found BL
Value at index 81 differs. Expected DD; Found BI
Value at index 82 differs. Expected DE; Found FS
Value at index 83 differs. Expected DF; Found CB
Value at index 84 differs. Expected DG; Found FC
Value at index 85 differs. Expected DH; Found AQ
Value at index 86 differs. Expected DI; Found BJ
Value at index 87 differs. Expected DJ; Found DI
Value at index 88 differs. Expected DK; Found EH
Value at index 90 differs. Expected DM; Found BN
Value at index 91 differs. Expected DN; Found FH
Value at index 92 differs. Expected DO; Found EB
Value at index 94 differs. Expected DQ; Found DF
Value at index 96 differs. Expected DS; Found EL
Value at index 97 differs. Expected DT; Found FR
Value at index 98 differs. Expected DU; Found DB
Value at index 99 differs. Expected DV; Found DZ
Value at index 100 differs. Expected DW; Found BB
Value at index 101 differs. Expected DX; Found CL
Value at index 102 differs. Expected DY; Found AL
Value at index 103 differs. Expected DZ; Found BX
Value at index 104 differs. Expected EA; Found CW
Value at index 105 differs. Expected EB; Found EE
Value at index 106 differs. Expected EC; Found EW
Value at index 107 differs. Expected ED; Found ER
Value at index 108 differs. Expected EE; Found CI
Value at index 109 differs. Expected EF; Found CV
Value at index 110 differs. Expected EG; Found FE
Value at index 111 differs. Expected EH; Found AD
Value at index 113 differs. Expected EJ; Found CC
Value at index 115 differs. Expected EL; Found DV
Value at index 116 differs. Expected EM; Found EY
Value at index 121 differs. Expected ER; Found CF
Value at index 122 differs. Expected ES; Found CZ
Value at index 124 differs. Expected EU; Found AM
Value at index 125 differs. Expected EV; Found FL
Value at index 126 differs. Expected EW; Found AS
Value at index 127 differs. Expected EX; Found AI
Value at index 128 differs. Expected EY; Found EM
Value at index 130 differs. Expected FA; Found BQ
Value at index 132 differs. Expected FC; Found DG
Value at index 133 differs. Expected FD; Found AT
Value at index 134 differs. Expected FE; Found CN
Value at index 135 differs. Expected FF; Found AU
Value at index 136 differs. Expected FG; Found CH
Value at index 137 differs. Expected FH; Found BD
Value at index 138 differs. Expected FI; Found BH
Value at index 139 differs. Expected FJ; Found AH
Value at index 141 differs. Expected FL; Found EA
Value at index 143 differs. Expected FN; Found FP
Value at index 145 differs. Expected FP; Found CJ
Value at index 146 differs. Expected FQ; Found AR
Value at index 147 differs. Expected FR; Found DH
Value at index 148 differs. Expected FS; Found DE

