Invalid read count. Expected: 71; Found: 30
Invalid write count. Expected: 37; Found: 13
Value at index 0 differs. Expected A; Found I
Value at index 2 differs. Expected C; Found D
Value at index 3 differs. Expected D; Found C
Value at index 7 differs. Expected H; Found J
Value at index 9 differs. Expected J; Found H

Invalid read count. Expected: 8 831; Found: 553
Invalid write count. Expected: 4 417; Found: 234
Value at index 0 differs. Expected AA; Found BR
Value at index 26 differs. Expected BA; Found BB
Value at index 27 differs. Expected BB; Found BA
Value at index 32 differs. Expected BG; Found BH
Value at index 33 differs. Expected BH; Found BG
Value at index 42 differs. Expected BQ; Found BR
Value at index 43 differs. Expected BR; Found BQ
Value at index 58 differs. Expected CG; Found CH
Value at index 59 differs. Expected CH; Found CG
Value at index 63 differs. Expected CL; Found CN
Value at index 65 differs. Expected CN; Found CL
Value at index 69 differs. Expected CR; Found CS
Value at index 70 differs. Expected CS; Found CR
Value at index 71 differs. Expected CT; Found CW
Value at index 72 differs. Expected CU; Found CV
Value at index 73 differs. Expected CV; Found CU
Value at index 74 differs. Expected CW; Found CT
Value at index 76 differs. Expected CY; Found CZ
Value at index 77 differs. Expected CZ; Found CY
Value at index 78 differs. Expected DA; Found DB
Value at index 79 differs. Expected DB; Found DA
Value at index 85 differs. Expected DH; Found DJ
Value at index 87 differs. Expected DJ; Found DH
Value at index 88 differs. Expected DK; Found DL
Value at index 89 differs. Expected DL; Found DK
Value at index 95 differs. Expected DR; Found DX
Value at index 96 differs. Expected DS; Found DW
Value at index 97 differs. Expected DT; Found DV
Value at index 99 differs. Expected DV; Found DT
Value at index 100 differs. Expected DW; Found DS
Value at index 101 differs. Expected DX; Found DR
Value at index 102 differs. Expected DY; Found ED
Value at index 103 differs. Expected DZ; Found EC
Value at index 104 differs. Expected EA; Found EB
Value at index 105 differs. Expected EB; Found EA
Value at index 106 differs. Expected EC; Found DZ
Value at index 107 differs. Expected ED; Found DY
Value at index 109 differs. Expected EF; Found EG
Value at index 110 differs. Expected EG; Found EF
Value at index 113 differs. Expected EJ; Found EK
Value at index 114 differs. Expected EK; Found EJ
Value at index 115 differs. Expected EL; Found EM
Value at index 116 differs. Expected EM; Found EL
Value at index 118 differs. Expected EO; Found EP
Value at index 119 differs. Expected EP; Found EO
Value at index 121 differs. Expected ER; Found ES
Value at index 122 differs. Expected ES; Found ER
Value at index 123 differs. Expected ET; Found EX
Value at index 124 differs. Expected EU; Found EW
Value at index 126 differs. Expected EW; Found EU
Value at index 127 differs. Expected EX; Found ET
Value at index 132 differs. Expected FC; Found FF
Value at index 133 differs. Expected FD; Found FE
Value at index 134 differs. Expected FE; Found FD
Value at index 135 differs. Expected FF; Found FC
Value at index 139 differs. Expected FJ; Found FK
Value at index 140 differs. Expected FK; Found FJ
Value at index 142 differs. Expected FM; Found FO
Value at index 144 differs. Expected FO; Found FM
Value at index 145 differs. Expected FP; Found FQ
Value at index 146 differs. Expected FQ; Found FP
Value at index 147 differs. Expected FR; Found FT
Value at index 149 differs. Expected FT; Found FR

