Invalid read count. Expected: 58; Found: 20
Invalid write count. Expected: 30; Found: 9
Value at index 0 differs. Expected A; Found F
Value at index 1 differs. Expected B; Found F
Value at index 2 differs. Expected C; Found F
Value at index 3 differs. Expected D; Found F
Value at index 4 differs. Expected E; Found F
Value at index 6 differs. Expected G; Found F
Value at index 7 differs. Expected H; Found F
Value at index 8 differs. Expected I; Found F
Value at index 9 differs. Expected J; Found F

Invalid read count. Expected: 7 992; Found: 300
Invalid write count. Expected: 3 996; Found: 149
Value at index 0 differs. Expected AA; Found FA
Value at index 1 differs. Expected AB; Found BI
Value at index 2 differs. Expected AC; Found EG
Value at index 3 differs. Expected AD; Found FA
Value at index 4 differs. Expected AE; Found FA
Value at index 5 differs. Expected AF; Found FA
Value at index 6 differs. Expected AG; Found FA
Value at index 7 differs. Expected AH; Found FA
Value at index 8 differs. Expected AI; Found FA
Value at index 9 differs. Expected AJ; Found FA
Value at index 10 differs. Expected AK; Found FA
Value at index 11 differs. Expected AL; Found FA
Value at index 12 differs. Expected AM; Found FA
Value at index 13 differs. Expected AN; Found FA
Value at index 14 differs. Expected AO; Found FA
Value at index 15 differs. Expected AP; Found FA
Value at index 16 differs. Expected AQ; Found FA
Value at index 17 differs. Expected AR; Found FA
Value at index 18 differs. Expected AS; Found FA
Value at index 19 differs. Expected AT; Found FA
Value at index 20 differs. Expected AU; Found FA
Value at index 21 differs. Expected AV; Found FA
Value at index 22 differs. Expected AW; Found FA
Value at index 23 differs. Expected AX; Found FA
Value at index 24 differs. Expected AY; Found FA
Value at index 25 differs. Expected AZ; Found FA
Value at index 26 differs. Expected BA; Found FA
Value at index 27 differs. Expected BB; Found FA
Value at index 28 differs. Expected BC; Found FA
Value at index 29 differs. Expected BD; Found FA
Value at index 30 differs. Expected BE; Found FA
Value at index 31 differs. Expected BF; Found FA
Value at index 32 differs. Expected BG; Found FA
Value at index 33 differs. Expected BH; Found FA
Value at index 34 differs. Expected BI; Found FA
Value at index 35 differs. Expected BJ; Found FA
Value at index 36 differs. Expected BK; Found FA
Value at index 37 differs. Expected BL; Found FA
Value at index 38 differs. Expected BM; Found FA
Value at index 39 differs. Expected BN; Found FA
Value at index 40 differs. Expected BO; Found FA
Value at index 41 differs. Expected BP; Found FA
Value at index 42 differs. Expected BQ; Found FA
Value at index 43 differs. Expected BR; Found FA
Value at index 44 differs. Expected BS; Found FA
Value at index 45 differs. Expected BT; Found FA
Value at index 46 differs. Expected BU; Found FA
Value at index 47 differs. Expected BV; Found FA
Value at index 48 differs. Expected BW; Found FA
Value at index 49 differs. Expected BX; Found FA
Value at index 50 differs. Expected BY; Found FA
Value at index 51 differs. Expected BZ; Found FA
Value at index 52 differs. Expected CA; Found FA
Value at index 53 differs. Expected CB; Found FA
Value at index 54 differs. Expected CC; Found FA
Value at index 55 differs. Expected CD; Found FA
Value at index 56 differs. Expected CE; Found FA
Value at index 57 differs. Expected CF; Found FA
Value at index 58 differs. Expected CG; Found FA
Value at index 59 differs. Expected CH; Found FA
Value at index 60 differs. Expected CI; Found FA
Value at index 61 differs. Expected CJ; Found FA
Value at index 62 differs. Expected CK; Found FA
Value at index 63 differs. Expected CL; Found FA
Value at index 64 differs. Expected CM; Found FA
Value at index 65 differs. Expected CN; Found FA
Value at index 66 differs. Expected CO; Found FA
Value at index 67 differs. Expected CP; Found FA
Value at index 68 differs. Expected CQ; Found FA
Value at index 69 differs. Expected CR; Found FA
Value at index 70 differs. Expected CS; Found FA
Value at index 71 differs. Expected CT; Found FA
Value at index 72 differs. Expected CU; Found FA
Value at index 73 differs. Expected CV; Found FA
Value at index 74 differs. Expected CW; Found FA
Value at index 75 differs. Expected CX; Found FA
Value at index 76 differs. Expected CY; Found FA
Value at index 77 differs. Expected CZ; Found FA
Value at index 78 differs. Expected DA; Found FA
Value at index 79 differs. Expected DB; Found FA
Value at index 80 differs. Expected DC; Found FA
Value at index 81 differs. Expected DD; Found FA
Value at index 82 differs. Expected DE; Found FA
Value at index 83 differs. Expected DF; Found FA
Value at index 84 differs. Expected DG; Found FA
Value at index 85 differs. Expected DH; Found FA
Value at index 86 differs. Expected DI; Found FA
Value at index 87 differs. Expected DJ; Found FA
Value at index 88 differs. Expected DK; Found FA
Value at index 89 differs. Expected DL; Found FA
Value at index 90 differs. Expected DM; Found FA
Value at index 91 differs. Expected DN; Found FA
Value at index 92 differs. Expected DO; Found FA
Value at index 93 differs. Expected DP; Found FA
Value at index 94 differs. Expected DQ; Found FA
Value at index 95 differs. Expected DR; Found FA
Value at index 96 differs. Expected DS; Found FA
Value at index 97 differs. Expected DT; Found FA
Value at index 98 differs. Expected DU; Found FA
Value at index 99 differs. Expected DV; Found FA
Value at index 100 differs. Expected DW; Found FA
Value at index 101 differs. Expected DX; Found FA
Value at index 102 differs. Expected DY; Found FA
Value at index 103 differs. Expected DZ; Found FA
Value at index 104 differs. Expected EA; Found FA
Value at index 105 differs. Expected EB; Found FA
Value at index 106 differs. Expected EC; Found FA
Value at index 107 differs. Expected ED; Found FA
Value at index 108 differs. Expected EE; Found FA
Value at index 109 differs. Expected EF; Found FA
Value at index 110 differs. Expected EG; Found FA
Value at index 111 differs. Expected EH; Found FA
Value at index 112 differs. Expected EI; Found FA
Value at index 113 differs. Expected EJ; Found FA
Value at index 114 differs. Expected EK; Found FA
Value at index 115 differs. Expected EL; Found FA
Value at index 116 differs. Expected EM; Found FA
Value at index 117 differs. Expected EN; Found FA
Value at index 118 differs. Expected EO; Found FA
Value at index 119 differs. Expected EP; Found FA
Value at index 120 differs. Expected EQ; Found FA
Value at index 121 differs. Expected ER; Found FA
Value at index 122 differs. Expected ES; Found FA
Value at index 123 differs. Expected ET; Found FA
Value at index 124 differs. Expected EU; Found FA
Value at index 125 differs. Expected EV; Found FA
Value at index 126 differs. Expected EW; Found FA
Value at index 127 differs. Expected EX; Found FA
Value at index 128 differs. Expected EY; Found FA
Value at index 129 differs. Expected EZ; Found FA
Value at index 131 differs. Expected FB; Found FA
Value at index 132 differs. Expected FC; Found FA
Value at index 133 differs. Expected FD; Found FA
Value at index 134 differs. Expected FE; Found FA
Value at index 135 differs. Expected FF; Found FA
Value at index 136 differs. Expected FG; Found FA
Value at index 137 differs. Expected FH; Found FA
Value at index 138 differs. Expected FI; Found FA
Value at index 139 differs. Expected FJ; Found FA
Value at index 140 differs. Expected FK; Found FA
Value at index 141 differs. Expected FL; Found FA
Value at index 142 differs. Expected FM; Found FA
Value at index 143 differs. Expected FN; Found FA
Value at index 144 differs. Expected FO; Found FA
Value at index 145 differs. Expected FP; Found FA
Value at index 146 differs. Expected FQ; Found FA
Value at index 147 differs. Expected FR; Found FA
Value at index 148 differs. Expected FS; Found FA
Value at index 149 differs. Expected FT; Found FA

