Value at index 5 differs. Expected F; Found D

Invalid read count. Expected: 8,084; Found: 1,044
Invalid write count. Expected: 4,042; Found: 522
Value at index 4 differs. Expected AE; Found AG
Value at index 5 differs. Expected AF; Found AL
Value at index 6 differs. Expected AG; Found AL
Value at index 7 differs. Expected AH; Found AF
Value at index 8 differs. Expected AI; Found AH
Value at index 10 differs. Expected AK; Found AM
Value at index 11 differs. Expected AL; Found FJ
Value at index 13 differs. Expected AN; Found AI
Value at index 15 differs. Expected AP; Found AQ
Value at index 19 differs. Expected AT; Found AW
Value at index 20 differs. Expected AU; Found CJ
Value at index 21 differs. Expected AV; Found CW
Value at index 23 differs. Expected AX; Found AZ
Value at index 24 differs. Expected AY; Found CN
Value at index 26 differs. Expected BA; Found BB
Value at index 28 differs. Expected BC; Found BD
Value at index 30 differs. Expected BE; Found AH
Value at index 31 differs. Expected BF; Found AT
Value at index 32 differs. Expected BG; Found EG
Value at index 33 differs. Expected BH; Found ER
Value at index 34 differs. Expected BI; Found BA
Value at index 35 differs. Expected BJ; Found EC
Value at index 36 differs. Expected BK; Found EC
Value at index 37 differs. Expected BL; Found AU
Value at index 38 differs. Expected BM; Found AV
Value at index 42 differs. Expected BQ; Found BS
Value at index 43 differs. Expected BR; Found ES
Value at index 45 differs. Expected BT; Found CU
Value at index 46 differs. Expected BU; Found AT
Value at index 47 differs. Expected BV; Found BL
Value at index 49 differs. Expected BX; Found BY
Value at index 50 differs. Expected BY; Found FI
Value at index 53 differs. Expected CB; Found FD
Value at index 54 differs. Expected CC; Found BY
Value at index 58 differs. Expected CG; Found CH
Value at index 60 differs. Expected CI; Found DX
Value at index 61 differs. Expected CJ; Found BL
Value at index 63 differs. Expected CL; Found CQ
Value at index 64 differs. Expected CM; Found CQ
Value at index 65 differs. Expected CN; Found CZ
Value at index 66 differs. Expected CO; Found CZ
Value at index 67 differs. Expected CP; Found AD
Value at index 68 differs. Expected CQ; Found AE
Value at index 69 differs. Expected CR; Found EI
Value at index 72 differs. Expected CU; Found BT
Value at index 73 differs. Expected CV; Found BI
Value at index 74 differs. Expected CW; Found BM
Value at index 75 differs. Expected CX; Found CB
Value at index 76 differs. Expected CY; Found DC
Value at index 77 differs. Expected CZ; Found CO
Value at index 78 differs. Expected DA; Found DB
Value at index 80 differs. Expected DC; Found DD
Value at index 83 differs. Expected DF; Found CB
Value at index 86 differs. Expected DI; Found EP
Value at index 87 differs. Expected DJ; Found AP
Value at index 88 differs. Expected DK; Found AY
Value at index 90 differs. Expected DM; Found FB
Value at index 91 differs. Expected DN; Found DI
Value at index 92 differs. Expected DO; Found BK
Value at index 93 differs. Expected DP; Found CI
Value at index 98 differs. Expected DU; Found DV
Value at index 101 differs. Expected DX; Found CI
Value at index 102 differs. Expected DY; Found CL
Value at index 106 differs. Expected EC; Found DO
Value at index 109 differs. Expected EF; Found CL
Value at index 110 differs. Expected EG; Found AY
Value at index 112 differs. Expected EI; Found FN
Value at index 113 differs. Expected EJ; Found AE
Value at index 114 differs. Expected EK; Found AK
Value at index 115 differs. Expected EL; Found FP
Value at index 116 differs. Expected EM; Found BQ
Value at index 117 differs. Expected EN; Found AX
Value at index 118 differs. Expected EO; Found BH
Value at index 119 differs. Expected EP; Found DN
Value at index 120 differs. Expected EQ; Found BJ
Value at index 121 differs. Expected ER; Found BH
Value at index 122 differs. Expected ES; Found AK
Value at index 123 differs. Expected ET; Found AN
Value at index 124 differs. Expected EU; Found DY
Value at index 125 differs. Expected EV; Found EL
Value at index 128 differs. Expected EY; Found EL
Value at index 130 differs. Expected FA; Found CG
Value at index 131 differs. Expected FB; Found DF
Value at index 133 differs. Expected FD; Found DF
Value at index 134 differs. Expected FE; Found BE
Value at index 135 differs. Expected FF; Found BG
Value at index 136 differs. Expected FG; Found AN
Value at index 137 differs. Expected FH; Found BX
Value at index 138 differs. Expected FI; Found CM
Value at index 139 differs. Expected FJ; Found CR
Value at index 140 differs. Expected FK; Found DU
Value at index 141 differs. Expected FL; Found DU
Value at index 143 differs. Expected FN; Found CR
Value at index 144 differs. Expected FO; Found CY
Value at index 145 differs. Expected FP; Found BX
Value at index 146 differs. Expected FQ; Found DA
Value at index 147 differs. Expected FR; Found FS
Value at index 148 differs. Expected FS; Found FE
Value at index 149 differs. Expected FT; Found DA

