Invalid read count. Expected: 40; Found: 3
Invalid write count. Expected: 21; Found: 1
Value at index 0 differs. Expected A; Found E
Value at index 1 differs. Expected B; Found E
Value at index 4 differs. Expected E; Found H
Value at index 5 differs. Expected F; Found G
Value at index 6 differs. Expected G; Found A
Value at index 7 differs. Expected H; Found F

Invalid read count. Expected: 7,922; Found: 3
Invalid write count. Expected: 3,962; Found: 1
Value at index 0 differs. Expected AA; Found AR
Value at index 1 differs. Expected AB; Found AR
Value at index 3 differs. Expected AD; Found CA
Value at index 4 differs. Expected AE; Found DC
Value at index 5 differs. Expected AF; Found FM
Value at index 7 differs. Expected AH; Found FS
Value at index 9 differs. Expected AJ; Found EL
Value at index 12 differs. Expected AM; Found BI
Value at index 13 differs. Expected AN; Found DN
Value at index 15 differs. Expected AP; Found AV
Value at index 17 differs. Expected AR; Found DF
Value at index 21 differs. Expected AV; Found DA
Value at index 22 differs. Expected AW; Found BE
Value at index 25 differs. Expected AZ; Found BT
Value at index 26 differs. Expected BA; Found EE
Value at index 27 differs. Expected BB; Found EF
Value at index 28 differs. Expected BC; Found DS
Value at index 29 differs. Expected BD; Found BF
Value at index 30 differs. Expected BE; Found BL
Value at index 31 differs. Expected BF; Found BD
Value at index 34 differs. Expected BI; Found BV
Value at index 35 differs. Expected BJ; Found EB
Value at index 37 differs. Expected BL; Found CX
Value at index 38 differs. Expected BM; Found CF
Value at index 39 differs. Expected BN; Found DX
Value at index 40 differs. Expected BO; Found BN
Value at index 41 differs. Expected BP; Found CT
Value at index 43 differs. Expected BR; Found CU
Value at index 45 differs. Expected BT; Found DO
Value at index 46 differs. Expected BU; Found DT
Value at index 47 differs. Expected BV; Found FJ
Value at index 48 differs. Expected BW; Found FH
Value at index 50 differs. Expected BY; Found EI
Value at index 51 differs. Expected BZ; Found DU
Value at index 52 differs. Expected CA; Found EO
Value at index 54 differs. Expected CC; Found EJ
Value at index 55 differs. Expected CD; Found EN
Value at index 57 differs. Expected CF; Found DJ
Value at index 58 differs. Expected CG; Found FB
Value at index 62 differs. Expected CK; Found CP
Value at index 63 differs. Expected CL; Found CC
Value at index 64 differs. Expected CM; Found BZ
Value at index 66 differs. Expected CO; Found BA
Value at index 67 differs. Expected CP; Found CK
Value at index 70 differs. Expected CS; Found EM
Value at index 71 differs. Expected CT; Found DE
Value at index 72 differs. Expected CU; Found BR
Value at index 73 differs. Expected CV; Found DH
Value at index 75 differs. Expected CX; Found CO
Value at index 76 differs. Expected CY; Found DW
Value at index 78 differs. Expected DA; Found AW
Value at index 79 differs. Expected DB; Found DK
Value at index 80 differs. Expected DC; Found FI
Value at index 81 differs. Expected DD; Found DL
Value at index 82 differs. Expected DE; Found BP
Value at index 83 differs. Expected DF; Found AA
Value at index 84 differs. Expected DG; Found AD
Value at index 85 differs. Expected DH; Found EU
Value at index 86 differs. Expected DI; Found AE
Value at index 87 differs. Expected DJ; Found BM
Value at index 88 differs. Expected DK; Found DD
Value at index 89 differs. Expected DL; Found DB
Value at index 90 differs. Expected DM; Found FO
Value at index 91 differs. Expected DN; Found AF
Value at index 92 differs. Expected DO; Found AZ
Value at index 96 differs. Expected DS; Found BC
Value at index 97 differs. Expected DT; Found BU
Value at index 98 differs. Expected DU; Found CM
Value at index 100 differs. Expected DW; Found AJ
Value at index 101 differs. Expected DX; Found CG
Value at index 105 differs. Expected EB; Found CY
Value at index 108 differs. Expected EE; Found EQ
Value at index 109 differs. Expected EF; Found BB
Value at index 110 differs. Expected EG; Found EH
Value at index 111 differs. Expected EH; Found EG
Value at index 112 differs. Expected EI; Found BY
Value at index 113 differs. Expected EJ; Found CL
Value at index 115 differs. Expected EL; Found BJ
Value at index 116 differs. Expected EM; Found CS
Value at index 117 differs. Expected EN; Found AH
Value at index 118 differs. Expected EO; Found DG
Value at index 119 differs. Expected EP; Found FC
Value at index 120 differs. Expected EQ; Found FR
Value at index 124 differs. Expected EU; Found CV
Value at index 128 differs. Expected EY; Found FT
Value at index 131 differs. Expected FB; Found BO
Value at index 132 differs. Expected FC; Found BW
Value at index 137 differs. Expected FH; Found EP
Value at index 138 differs. Expected FI; Found DI
Value at index 139 differs. Expected FJ; Found AM
Value at index 141 differs. Expected FL; Found AP
Value at index 142 differs. Expected FM; Found AN
Value at index 144 differs. Expected FO; Found DM
Value at index 147 differs. Expected FR; Found FL
Value at index 148 differs. Expected FS; Found CD
Value at index 149 differs. Expected FT; Found EY

