Invalid read count. Expected: 53; Found: 72
Invalid write count. Expected: 27; Found: 18
Value at index 0 differs. Expected A; Found B
Value at index 2 differs. Expected C; Found D
Value at index 4 differs. Expected E; Found G
Value at index 5 differs. Expected F; Found G
Value at index 7 differs. Expected H; Found I

Invalid read count. Expected: 9 170; Found: 19 583
Invalid write count. Expected: 4 588; Found: 8 259
Value at index 0 differs. Expected AA; Found EF
Value at index 1 differs. Expected AB; Found EF
Value at index 2 differs. Expected AC; Found EF
Value at index 3 differs. Expected AD; Found EF
Value at index 4 differs. Expected AE; Found EF
Value at index 5 differs. Expected AF; Found EF
Value at index 6 differs. Expected AG; Found EF
Value at index 7 differs. Expected AH; Found EF
Value at index 8 differs. Expected AI; Found EF
Value at index 9 differs. Expected AJ; Found EF
Value at index 10 differs. Expected AK; Found EF
Value at index 11 differs. Expected AL; Found EF
Value at index 12 differs. Expected AM; Found EF
Value at index 13 differs. Expected AN; Found EF
Value at index 14 differs. Expected AO; Found EF
Value at index 15 differs. Expected AP; Found EF
Value at index 16 differs. Expected AQ; Found EF
Value at index 17 differs. Expected AR; Found EF
Value at index 18 differs. Expected AS; Found EF
Value at index 19 differs. Expected AT; Found EF
Value at index 20 differs. Expected AU; Found EF
Value at index 21 differs. Expected AV; Found EF
Value at index 22 differs. Expected AW; Found EF
Value at index 23 differs. Expected AX; Found EF
Value at index 24 differs. Expected AY; Found EF
Value at index 25 differs. Expected AZ; Found EF
Value at index 26 differs. Expected BA; Found EF
Value at index 27 differs. Expected BB; Found EF
Value at index 28 differs. Expected BC; Found EF
Value at index 29 differs. Expected BD; Found EF
Value at index 30 differs. Expected BE; Found EF
Value at index 31 differs. Expected BF; Found EF
Value at index 32 differs. Expected BG; Found EF
Value at index 33 differs. Expected BH; Found EF
Value at index 34 differs. Expected BI; Found EF
Value at index 35 differs. Expected BJ; Found EF
Value at index 36 differs. Expected BK; Found EF
Value at index 37 differs. Expected BL; Found EF
Value at index 38 differs. Expected BM; Found EF
Value at index 39 differs. Expected BN; Found EF
Value at index 40 differs. Expected BO; Found EF
Value at index 41 differs. Expected BP; Found EF
Value at index 42 differs. Expected BQ; Found EF
Value at index 43 differs. Expected BR; Found EF
Value at index 44 differs. Expected BS; Found EF
Value at index 45 differs. Expected BT; Found EF
Value at index 46 differs. Expected BU; Found EF
Value at index 47 differs. Expected BV; Found EF
Value at index 48 differs. Expected BW; Found EF
Value at index 49 differs. Expected BX; Found EF
Value at index 50 differs. Expected BY; Found EF
Value at index 51 differs. Expected BZ; Found EF
Value at index 52 differs. Expected CA; Found EF
Value at index 53 differs. Expected CB; Found EF
Value at index 54 differs. Expected CC; Found EF
Value at index 55 differs. Expected CD; Found EF
Value at index 56 differs. Expected CE; Found EF
Value at index 57 differs. Expected CF; Found EF
Value at index 58 differs. Expected CG; Found EF
Value at index 59 differs. Expected CH; Found EF
Value at index 60 differs. Expected CI; Found EF
Value at index 61 differs. Expected CJ; Found EF
Value at index 62 differs. Expected CK; Found EF
Value at index 63 differs. Expected CL; Found EF
Value at index 64 differs. Expected CM; Found EF
Value at index 65 differs. Expected CN; Found EF
Value at index 66 differs. Expected CO; Found EF
Value at index 67 differs. Expected CP; Found EF
Value at index 68 differs. Expected CQ; Found EF
Value at index 69 differs. Expected CR; Found EF
Value at index 70 differs. Expected CS; Found EF
Value at index 71 differs. Expected CT; Found EF
Value at index 72 differs. Expected CU; Found EF
Value at index 73 differs. Expected CV; Found EF
Value at index 74 differs. Expected CW; Found EF
Value at index 75 differs. Expected CX; Found EF
Value at index 76 differs. Expected CY; Found EF
Value at index 77 differs. Expected CZ; Found EF
Value at index 78 differs. Expected DA; Found EF
Value at index 79 differs. Expected DB; Found EF
Value at index 80 differs. Expected DC; Found EF
Value at index 81 differs. Expected DD; Found EF
Value at index 82 differs. Expected DE; Found EF
Value at index 83 differs. Expected DF; Found EF
Value at index 84 differs. Expected DG; Found EF
Value at index 85 differs. Expected DH; Found EF
Value at index 86 differs. Expected DI; Found EF
Value at index 87 differs. Expected DJ; Found EF
Value at index 88 differs. Expected DK; Found EF
Value at index 89 differs. Expected DL; Found EF
Value at index 90 differs. Expected DM; Found EF
Value at index 91 differs. Expected DN; Found EF
Value at index 92 differs. Expected DO; Found EF
Value at index 93 differs. Expected DP; Found EF
Value at index 94 differs. Expected DQ; Found EF
Value at index 95 differs. Expected DR; Found EF
Value at index 96 differs. Expected DS; Found EF
Value at index 97 differs. Expected DT; Found EF
Value at index 98 differs. Expected DU; Found EF
Value at index 99 differs. Expected DV; Found EF
Value at index 100 differs. Expected DW; Found EF
Value at index 101 differs. Expected DX; Found EF
Value at index 102 differs. Expected DY; Found EF
Value at index 103 differs. Expected DZ; Found EF
Value at index 104 differs. Expected EA; Found EF
Value at index 105 differs. Expected EB; Found EF
Value at index 106 differs. Expected EC; Found EF
Value at index 107 differs. Expected ED; Found EF
Value at index 108 differs. Expected EE; Found EF
Value at index 110 differs. Expected EG; Found FR
Value at index 111 differs. Expected EH; Found FR
Value at index 112 differs. Expected EI; Found FR
Value at index 113 differs. Expected EJ; Found FR
Value at index 114 differs. Expected EK; Found FR
Value at index 115 differs. Expected EL; Found FR
Value at index 116 differs. Expected EM; Found FR
Value at index 117 differs. Expected EN; Found FR
Value at index 118 differs. Expected EO; Found FR
Value at index 119 differs. Expected EP; Found FR
Value at index 120 differs. Expected EQ; Found FR
Value at index 121 differs. Expected ER; Found FR
Value at index 122 differs. Expected ES; Found FR
Value at index 123 differs. Expected ET; Found FR
Value at index 124 differs. Expected EU; Found FR
Value at index 125 differs. Expected EV; Found FR
Value at index 126 differs. Expected EW; Found FR
Value at index 127 differs. Expected EX; Found FR
Value at index 128 differs. Expected EY; Found FR
Value at index 129 differs. Expected EZ; Found FR
Value at index 130 differs. Expected FA; Found FR
Value at index 131 differs. Expected FB; Found FR
Value at index 132 differs. Expected FC; Found FR
Value at index 133 differs. Expected FD; Found FR
Value at index 134 differs. Expected FE; Found FR
Value at index 135 differs. Expected FF; Found FR
Value at index 136 differs. Expected FG; Found FR
Value at index 137 differs. Expected FH; Found FR
Value at index 138 differs. Expected FI; Found FR
Value at index 139 differs. Expected FJ; Found FR
Value at index 140 differs. Expected FK; Found FR
Value at index 141 differs. Expected FL; Found FR
Value at index 142 differs. Expected FM; Found FR
Value at index 143 differs. Expected FN; Found FR
Value at index 144 differs. Expected FO; Found FR
Value at index 145 differs. Expected FP; Found FR
Value at index 146 differs. Expected FQ; Found FR
Value at index 148 differs. Expected FS; Found FT

