Invalid read count. Expected: 27; Found: 25
Invalid write count. Expected: 14; Found: 7
Value at index 0 differs. Expected A; Found B
Value at index 1 differs. Expected B; Found D
Value at index 2 differs. Expected C; Found A
Value at index 3 differs. Expected D; Found A
Value at index 4 differs. Expected E; Found A
Value at index 5 differs. Expected F; Found A
Value at index 6 differs. Expected G; Found A
Value at index 7 differs. Expected H; Found A
Value at index 8 differs. Expected I; Found A
Value at index 9 differs. Expected J; Found A

Invalid read count. Expected: 8 631; Found: 446
Invalid write count. Expected: 4 319; Found: 148
Value at index 0 differs. Expected AA; Found CP
Value at index 1 differs. Expected AB; Found CP
Value at index 2 differs. Expected AC; Found DD
Value at index 3 differs. Expected AD; Found DD
Value at index 4 differs. Expected AE; Found DD
Value at index 5 differs. Expected AF; Found DD
Value at index 6 differs. Expected AG; Found DD
Value at index 7 differs. Expected AH; Found DD
Value at index 8 differs. Expected AI; Found DD
Value at index 9 differs. Expected AJ; Found DD
Value at index 10 differs. Expected AK; Found DD
Value at index 11 differs. Expected AL; Found DD
Value at index 12 differs. Expected AM; Found DD
Value at index 13 differs. Expected AN; Found DD
Value at index 14 differs. Expected AO; Found DD
Value at index 15 differs. Expected AP; Found DD
Value at index 16 differs. Expected AQ; Found DD
Value at index 17 differs. Expected AR; Found DD
Value at index 18 differs. Expected AS; Found DD
Value at index 19 differs. Expected AT; Found DD
Value at index 20 differs. Expected AU; Found DD
Value at index 21 differs. Expected AV; Found DD
Value at index 22 differs. Expected AW; Found DD
Value at index 23 differs. Expected AX; Found DD
Value at index 24 differs. Expected AY; Found DD
Value at index 25 differs. Expected AZ; Found DD
Value at index 26 differs. Expected BA; Found DD
Value at index 27 differs. Expected BB; Found DD
Value at index 28 differs. Expected BC; Found DD
Value at index 29 differs. Expected BD; Found DD
Value at index 30 differs. Expected BE; Found DD
Value at index 31 differs. Expected BF; Found DD
Value at index 32 differs. Expected BG; Found DD
Value at index 33 differs. Expected BH; Found DD
Value at index 34 differs. Expected BI; Found DD
Value at index 35 differs. Expected BJ; Found DD
Value at index 36 differs. Expected BK; Found DD
Value at index 37 differs. Expected BL; Found DD
Value at index 38 differs. Expected BM; Found DD
Value at index 39 differs. Expected BN; Found DD
Value at index 40 differs. Expected BO; Found DD
Value at index 41 differs. Expected BP; Found DD
Value at index 42 differs. Expected BQ; Found DD
Value at index 43 differs. Expected BR; Found DD
Value at index 44 differs. Expected BS; Found DD
Value at index 45 differs. Expected BT; Found DD
Value at index 46 differs. Expected BU; Found DD
Value at index 47 differs. Expected BV; Found DD
Value at index 48 differs. Expected BW; Found DD
Value at index 49 differs. Expected BX; Found DD
Value at index 50 differs. Expected BY; Found DD
Value at index 51 differs. Expected BZ; Found DD
Value at index 52 differs. Expected CA; Found DD
Value at index 53 differs. Expected CB; Found DD
Value at index 54 differs. Expected CC; Found DD
Value at index 55 differs. Expected CD; Found DD
Value at index 56 differs. Expected CE; Found DD
Value at index 57 differs. Expected CF; Found DD
Value at index 58 differs. Expected CG; Found DD
Value at index 59 differs. Expected CH; Found DD
Value at index 60 differs. Expected CI; Found DD
Value at index 61 differs. Expected CJ; Found DD
Value at index 62 differs. Expected CK; Found DD
Value at index 63 differs. Expected CL; Found DD
Value at index 64 differs. Expected CM; Found DD
Value at index 65 differs. Expected CN; Found DD
Value at index 66 differs. Expected CO; Found DD
Value at index 67 differs. Expected CP; Found DD
Value at index 68 differs. Expected CQ; Found DD
Value at index 69 differs. Expected CR; Found DD
Value at index 70 differs. Expected CS; Found DD
Value at index 71 differs. Expected CT; Found DD
Value at index 72 differs. Expected CU; Found DD
Value at index 73 differs. Expected CV; Found DD
Value at index 74 differs. Expected CW; Found DD
Value at index 75 differs. Expected CX; Found DD
Value at index 76 differs. Expected CY; Found DD
Value at index 77 differs. Expected CZ; Found DD
Value at index 78 differs. Expected DA; Found DD
Value at index 79 differs. Expected DB; Found DD
Value at index 80 differs. Expected DC; Found DD
Value at index 82 differs. Expected DE; Found DD
Value at index 83 differs. Expected DF; Found DD
Value at index 84 differs. Expected DG; Found DD
Value at index 85 differs. Expected DH; Found DD
Value at index 86 differs. Expected DI; Found DD
Value at index 87 differs. Expected DJ; Found DD
Value at index 88 differs. Expected DK; Found DD
Value at index 89 differs. Expected DL; Found DD
Value at index 90 differs. Expected DM; Found DD
Value at index 91 differs. Expected DN; Found DD
Value at index 92 differs. Expected DO; Found DD
Value at index 93 differs. Expected DP; Found DD
Value at index 94 differs. Expected DQ; Found DD
Value at index 95 differs. Expected DR; Found DD
Value at index 96 differs. Expected DS; Found DD
Value at index 97 differs. Expected DT; Found DD
Value at index 98 differs. Expected DU; Found DD
Value at index 99 differs. Expected DV; Found DD
Value at index 100 differs. Expected DW; Found DD
Value at index 101 differs. Expected DX; Found DD
Value at index 102 differs. Expected DY; Found DD
Value at index 103 differs. Expected DZ; Found DD
Value at index 104 differs. Expected EA; Found DD
Value at index 105 differs. Expected EB; Found DD
Value at index 106 differs. Expected EC; Found DD
Value at index 107 differs. Expected ED; Found DD
Value at index 108 differs. Expected EE; Found DD
Value at index 109 differs. Expected EF; Found DD
Value at index 110 differs. Expected EG; Found DD
Value at index 111 differs. Expected EH; Found DD
Value at index 112 differs. Expected EI; Found DD
Value at index 113 differs. Expected EJ; Found DD
Value at index 114 differs. Expected EK; Found DD
Value at index 115 differs. Expected EL; Found DD
Value at index 116 differs. Expected EM; Found DD
Value at index 117 differs. Expected EN; Found DD
Value at index 118 differs. Expected EO; Found DD
Value at index 119 differs. Expected EP; Found DD
Value at index 120 differs. Expected EQ; Found DD
Value at index 121 differs. Expected ER; Found DD
Value at index 122 differs. Expected ES; Found DD
Value at index 123 differs. Expected ET; Found DD
Value at index 124 differs. Expected EU; Found DD
Value at index 125 differs. Expected EV; Found DD
Value at index 126 differs. Expected EW; Found DD
Value at index 127 differs. Expected EX; Found DD
Value at index 128 differs. Expected EY; Found DD
Value at index 129 differs. Expected EZ; Found DD
Value at index 130 differs. Expected FA; Found DD
Value at index 131 differs. Expected FB; Found DD
Value at index 132 differs. Expected FC; Found DD
Value at index 133 differs. Expected FD; Found DD
Value at index 134 differs. Expected FE; Found DD
Value at index 135 differs. Expected FF; Found DD
Value at index 136 differs. Expected FG; Found DD
Value at index 137 differs. Expected FH; Found DD
Value at index 138 differs. Expected FI; Found DD
Value at index 139 differs. Expected FJ; Found DD
Value at index 140 differs. Expected FK; Found DD
Value at index 141 differs. Expected FL; Found DD
Value at index 142 differs. Expected FM; Found DD
Value at index 143 differs. Expected FN; Found DD
Value at index 144 differs. Expected FO; Found DD
Value at index 145 differs. Expected FP; Found DD
Value at index 146 differs. Expected FQ; Found DD
Value at index 147 differs. Expected FR; Found DD
Value at index 148 differs. Expected FS; Found DD
Value at index 149 differs. Expected FT; Found DD

