Invalid read count. Expected: 52; Found: 70
Invalid write count. Expected: 27; Found: 16
Value at index 0 differs. Expected A; Found E
Value at index 1 differs. Expected B; Found E
Value at index 2 differs. Expected C; Found E
Value at index 3 differs. Expected D; Found J
Value at index 4 differs. Expected E; Found J
Value at index 5 differs. Expected F; Found J
Value at index 6 differs. Expected G; Found J
Value at index 7 differs. Expected H; Found G
Value at index 9 differs. Expected J; Found A

Invalid read count. Expected: 9 622; Found: 13 634
Invalid write count. Expected: 4 811; Found: 2 310
Value at index 1 differs. Expected AB; Found AA
Value at index 2 differs. Expected AC; Found AA
Value at index 3 differs. Expected AD; Found AA
Value at index 4 differs. Expected AE; Found AA
Value at index 5 differs. Expected AF; Found AA
Value at index 6 differs. Expected AG; Found AA
Value at index 7 differs. Expected AH; Found AA
Value at index 8 differs. Expected AI; Found AA
Value at index 9 differs. Expected AJ; Found AA
Value at index 10 differs. Expected AK; Found AA
Value at index 11 differs. Expected AL; Found AA
Value at index 12 differs. Expected AM; Found AA
Value at index 13 differs. Expected AN; Found AA
Value at index 14 differs. Expected AO; Found AA
Value at index 15 differs. Expected AP; Found AA
Value at index 16 differs. Expected AQ; Found AA
Value at index 17 differs. Expected AR; Found FG
Value at index 18 differs. Expected AS; Found FG
Value at index 19 differs. Expected AT; Found FG
Value at index 20 differs. Expected AU; Found FG
Value at index 21 differs. Expected AV; Found FG
Value at index 22 differs. Expected AW; Found FG
Value at index 23 differs. Expected AX; Found FG
Value at index 24 differs. Expected AY; Found FG
Value at index 25 differs. Expected AZ; Found FG
Value at index 26 differs. Expected BA; Found FG
Value at index 27 differs. Expected BB; Found FG
Value at index 28 differs. Expected BC; Found FG
Value at index 29 differs. Expected BD; Found FF
Value at index 30 differs. Expected BE; Found FF
Value at index 31 differs. Expected BF; Found FF
Value at index 32 differs. Expected BG; Found FF
Value at index 33 differs. Expected BH; Found FF
Value at index 34 differs. Expected BI; Found FT
Value at index 35 differs. Expected BJ; Found FT
Value at index 36 differs. Expected BK; Found FT
Value at index 37 differs. Expected BL; Found FT
Value at index 38 differs. Expected BM; Found FT
Value at index 39 differs. Expected BN; Found FT
Value at index 40 differs. Expected BO; Found FT
Value at index 41 differs. Expected BP; Found FT
Value at index 42 differs. Expected BQ; Found FT
Value at index 43 differs. Expected BR; Found FT
Value at index 44 differs. Expected BS; Found FT
Value at index 45 differs. Expected BT; Found FT
Value at index 46 differs. Expected BU; Found FT
Value at index 47 differs. Expected BV; Found FT
Value at index 48 differs. Expected BW; Found FT
Value at index 49 differs. Expected BX; Found FT
Value at index 50 differs. Expected BY; Found FN
Value at index 51 differs. Expected BZ; Found FN
Value at index 52 differs. Expected CA; Found FN
Value at index 53 differs. Expected CB; Found FN
Value at index 54 differs. Expected CC; Found FN
Value at index 55 differs. Expected CD; Found FN
Value at index 56 differs. Expected CE; Found FN
Value at index 57 differs. Expected CF; Found FN
Value at index 58 differs. Expected CG; Found FN
Value at index 59 differs. Expected CH; Found FN
Value at index 60 differs. Expected CI; Found FN
Value at index 61 differs. Expected CJ; Found FN
Value at index 62 differs. Expected CK; Found FN
Value at index 63 differs. Expected CL; Found FN
Value at index 64 differs. Expected CM; Found FN
Value at index 65 differs. Expected CN; Found FN
Value at index 66 differs. Expected CO; Found FN
Value at index 67 differs. Expected CP; Found FN
Value at index 68 differs. Expected CQ; Found FN
Value at index 69 differs. Expected CR; Found FN
Value at index 70 differs. Expected CS; Found FN
Value at index 71 differs. Expected CT; Found FN
Value at index 72 differs. Expected CU; Found FN
Value at index 73 differs. Expected CV; Found FN
Value at index 74 differs. Expected CW; Found FN
Value at index 75 differs. Expected CX; Found FS
Value at index 76 differs. Expected CY; Found FS
Value at index 77 differs. Expected CZ; Found FS
Value at index 78 differs. Expected DA; Found FS
Value at index 79 differs. Expected DB; Found FS
Value at index 80 differs. Expected DC; Found FS
Value at index 81 differs. Expected DD; Found FS
Value at index 82 differs. Expected DE; Found FS
Value at index 83 differs. Expected DF; Found FS
Value at index 84 differs. Expected DG; Found FS
Value at index 85 differs. Expected DH; Found FS
Value at index 86 differs. Expected DI; Found FC
Value at index 87 differs. Expected DJ; Found FC
Value at index 88 differs. Expected DK; Found FO
Value at index 89 differs. Expected DL; Found FO
Value at index 90 differs. Expected DM; Found FO
Value at index 91 differs. Expected DN; Found FO
Value at index 92 differs. Expected DO; Found FO
Value at index 93 differs. Expected DP; Found FO
Value at index 94 differs. Expected DQ; Found FO
Value at index 95 differs. Expected DR; Found FO
Value at index 96 differs. Expected DS; Found FO
Value at index 97 differs. Expected DT; Found FO
Value at index 98 differs. Expected DU; Found FO
Value at index 99 differs. Expected DV; Found FP
Value at index 100 differs. Expected DW; Found FP
Value at index 101 differs. Expected DX; Found FP
Value at index 102 differs. Expected DY; Found FP
Value at index 103 differs. Expected DZ; Found FP
Value at index 104 differs. Expected EA; Found FP
Value at index 105 differs. Expected EB; Found FP
Value at index 106 differs. Expected EC; Found FP
Value at index 107 differs. Expected ED; Found FP
Value at index 108 differs. Expected EE; Found FP
Value at index 109 differs. Expected EF; Found FP
Value at index 110 differs. Expected EG; Found FP
Value at index 111 differs. Expected EH; Found FP
Value at index 112 differs. Expected EI; Found FP
Value at index 113 differs. Expected EJ; Found FP
Value at index 114 differs. Expected EK; Found FP
Value at index 115 differs. Expected EL; Found EO
Value at index 116 differs. Expected EM; Found EO
Value at index 117 differs. Expected EN; Found EO
Value at index 119 differs. Expected EP; Found ES
Value at index 120 differs. Expected EQ; Found ES
Value at index 121 differs. Expected ER; Found FQ
Value at index 122 differs. Expected ES; Found FQ
Value at index 123 differs. Expected ET; Found FQ
Value at index 124 differs. Expected EU; Found FQ
Value at index 125 differs. Expected EV; Found FQ
Value at index 126 differs. Expected EW; Found FQ
Value at index 127 differs. Expected EX; Found FQ
Value at index 128 differs. Expected EY; Found FQ
Value at index 129 differs. Expected EZ; Found FL
Value at index 130 differs. Expected FA; Found FL
Value at index 131 differs. Expected FB; Found FL
Value at index 132 differs. Expected FC; Found FL
Value at index 133 differs. Expected FD; Found FL
Value at index 134 differs. Expected FE; Found EZ
Value at index 135 differs. Expected FF; Found EZ
Value at index 136 differs. Expected FG; Found EZ
Value at index 137 differs. Expected FH; Found FD
Value at index 138 differs. Expected FI; Found FD
Value at index 139 differs. Expected FJ; Found FD
Value at index 140 differs. Expected FK; Found DR
Value at index 141 differs. Expected FL; Found FJ
Value at index 142 differs. Expected FM; Found FJ
Value at index 143 differs. Expected FN; Found FM
Value at index 144 differs. Expected FO; Found FM
Value at index 145 differs. Expected FP; Found CY
Value at index 146 differs. Expected FQ; Found CY
Value at index 148 differs. Expected FS; Found CX
Value at index 149 differs. Expected FT; Found BI

