Invalid read count. Expected: 53; Found: 73
Invalid write count. Expected: 27; Found: 23
Value at index 0 differs. Expected A; Found H
Value at index 2 differs. Expected C; Found J
Value at index 3 differs. Expected D; Found J
Value at index 5 differs. Expected F; Found I
Value at index 6 differs. Expected G; Found I
Value at index 7 differs. Expected H; Found I

Invalid read count. Expected: 9 170; Found: 19 820
Invalid write count. Expected: 4 588; Found: 8 642
Value at index 0 differs. Expected AA; Found BQ
Value at index 1 differs. Expected AB; Found BQ
Value at index 2 differs. Expected AC; Found CS
Value at index 3 differs. Expected AD; Found FS
Value at index 4 differs. Expected AE; Found FB
Value at index 5 differs. Expected AF; Found FN
Value at index 6 differs. Expected AG; Found FN
Value at index 7 differs. Expected AH; Found FK
Value at index 8 differs. Expected AI; Found FG
Value at index 9 differs. Expected AJ; Found FG
Value at index 10 differs. Expected AK; Found FD
Value at index 11 differs. Expected AL; Found FD
Value at index 12 differs. Expected AM; Found FD
Value at index 13 differs. Expected AN; Found FE
Value at index 14 differs. Expected AO; Found FJ
Value at index 15 differs. Expected AP; Found FP
Value at index 16 differs. Expected AQ; Found FP
Value at index 17 differs. Expected AR; Found FP
Value at index 18 differs. Expected AS; Found FP
Value at index 19 differs. Expected AT; Found FP
Value at index 20 differs. Expected AU; Found ES
Value at index 21 differs. Expected AV; Found EY
Value at index 22 differs. Expected AW; Found EY
Value at index 23 differs. Expected AX; Found EY
Value at index 24 differs. Expected AY; Found EY
Value at index 25 differs. Expected AZ; Found EY
Value at index 26 differs. Expected BA; Found EY
Value at index 27 differs. Expected BB; Found CU
Value at index 28 differs. Expected BC; Found CU
Value at index 29 differs. Expected BD; Found CU
Value at index 30 differs. Expected BE; Found CT
Value at index 31 differs. Expected BF; Found CT
Value at index 32 differs. Expected BG; Found CT
Value at index 33 differs. Expected BH; Found DE
Value at index 34 differs. Expected BI; Found DE
Value at index 35 differs. Expected BJ; Found DE
Value at index 36 differs. Expected BK; Found DF
Value at index 37 differs. Expected BL; Found DG
Value at index 38 differs. Expected BM; Found DH
Value at index 39 differs. Expected BN; Found DI
Value at index 40 differs. Expected BO; Found DI
Value at index 41 differs. Expected BP; Found DM
Value at index 42 differs. Expected BQ; Found DV
Value at index 43 differs. Expected BR; Found DV
Value at index 44 differs. Expected BS; Found EJ
Value at index 45 differs. Expected BT; Found EJ
Value at index 46 differs. Expected BU; Found EJ
Value at index 47 differs. Expected BV; Found EJ
Value at index 48 differs. Expected BW; Found EJ
Value at index 49 differs. Expected BX; Found EJ
Value at index 50 differs. Expected BY; Found EJ
Value at index 51 differs. Expected BZ; Found EM
Value at index 52 differs. Expected CA; Found EM
Value at index 53 differs. Expected CB; Found EM
Value at index 54 differs. Expected CC; Found EM
Value at index 55 differs. Expected CD; Found EM
Value at index 56 differs. Expected CE; Found FF
Value at index 57 differs. Expected CF; Found FF
Value at index 58 differs. Expected CG; Found FF
Value at index 59 differs. Expected CH; Found FF
Value at index 60 differs. Expected CI; Found FF
Value at index 61 differs. Expected CJ; Found FF
Value at index 62 differs. Expected CK; Found FF
Value at index 63 differs. Expected CL; Found FF
Value at index 64 differs. Expected CM; Found FF
Value at index 65 differs. Expected CN; Found FF
Value at index 66 differs. Expected CO; Found FF
Value at index 67 differs. Expected CP; Found FF
Value at index 68 differs. Expected CQ; Found FF
Value at index 69 differs. Expected CR; Found FF
Value at index 70 differs. Expected CS; Found FF
Value at index 71 differs. Expected CT; Found FF
Value at index 72 differs. Expected CU; Found FF
Value at index 73 differs. Expected CV; Found FF
Value at index 74 differs. Expected CW; Found FF
Value at index 75 differs. Expected CX; Found FF
Value at index 76 differs. Expected CY; Found EH
Value at index 77 differs. Expected CZ; Found FO
Value at index 78 differs. Expected DA; Found FO
Value at index 79 differs. Expected DB; Found FO
Value at index 80 differs. Expected DC; Found FO
Value at index 81 differs. Expected DD; Found FO
Value at index 82 differs. Expected DE; Found FO
Value at index 83 differs. Expected DF; Found FO
Value at index 84 differs. Expected DG; Found FO
Value at index 85 differs. Expected DH; Found FO
Value at index 86 differs. Expected DI; Found FO
Value at index 87 differs. Expected DJ; Found FO
Value at index 88 differs. Expected DK; Found FO
Value at index 89 differs. Expected DL; Found FO
Value at index 90 differs. Expected DM; Found FO
Value at index 91 differs. Expected DN; Found FO
Value at index 92 differs. Expected DO; Found FO
Value at index 93 differs. Expected DP; Found FO
Value at index 94 differs. Expected DQ; Found FO
Value at index 95 differs. Expected DR; Found FO
Value at index 96 differs. Expected DS; Found FO
Value at index 97 differs. Expected DT; Found FO
Value at index 98 differs. Expected DU; Found FO
Value at index 99 differs. Expected DV; Found FO
Value at index 100 differs. Expected DW; Found FO
Value at index 101 differs. Expected DX; Found FM
Value at index 102 differs. Expected DY; Found FM
Value at index 103 differs. Expected DZ; Found FM
Value at index 104 differs. Expected EA; Found FT
Value at index 105 differs. Expected EB; Found FT
Value at index 106 differs. Expected EC; Found FT
Value at index 107 differs. Expected ED; Found FQ
Value at index 108 differs. Expected EE; Found FQ
Value at index 109 differs. Expected EF; Found FI
Value at index 110 differs. Expected EG; Found FI
Value at index 111 differs. Expected EH; Found FI
Value at index 112 differs. Expected EI; Found FI
Value at index 113 differs. Expected EJ; Found FI
Value at index 114 differs. Expected EK; Found FH
Value at index 115 differs. Expected EL; Found FH
Value at index 116 differs. Expected EM; Found FH
Value at index 117 differs. Expected EN; Found EW
Value at index 118 differs. Expected EO; Found EW
Value at index 119 differs. Expected EP; Found FR
Value at index 120 differs. Expected EQ; Found FR
Value at index 121 differs. Expected ER; Found FR
Value at index 122 differs. Expected ES; Found FR
Value at index 123 differs. Expected ET; Found FR
Value at index 124 differs. Expected EU; Found FR
Value at index 125 differs. Expected EV; Found FR
Value at index 126 differs. Expected EW; Found FR
Value at index 127 differs. Expected EX; Found FR
Value at index 128 differs. Expected EY; Found FR
Value at index 129 differs. Expected EZ; Found FR
Value at index 130 differs. Expected FA; Found FR
Value at index 131 differs. Expected FB; Found FR
Value at index 132 differs. Expected FC; Found FR
Value at index 133 differs. Expected FD; Found FR
Value at index 134 differs. Expected FE; Found FR
Value at index 135 differs. Expected FF; Found FR
Value at index 136 differs. Expected FG; Found FR
Value at index 137 differs. Expected FH; Found FR
Value at index 138 differs. Expected FI; Found FR
Value at index 139 differs. Expected FJ; Found FR
Value at index 140 differs. Expected FK; Found FR
Value at index 141 differs. Expected FL; Found FR
Value at index 142 differs. Expected FM; Found FR
Value at index 143 differs. Expected FN; Found FR
Value at index 144 differs. Expected FO; Found FR
Value at index 145 differs. Expected FP; Found FR
Value at index 146 differs. Expected FQ; Found FR
Value at index 148 differs. Expected FS; Found FT

