Invalid read count. Expected: 52; Found: 111
Invalid write count. Expected: 27; Found: 12
Value at index 0 differs. Expected A; Found D
Value at index 1 differs. Expected B; Found D
Value at index 2 differs. Expected C; Found D
Value at index 4 differs. Expected E; Found D
Value at index 5 differs. Expected F; Found A
Value at index 6 differs. Expected G; Found A
Value at index 7 differs. Expected H; Found A
Value at index 8 differs. Expected I; Found A
Value at index 9 differs. Expected J; Found A

Invalid read count. Expected: 9 622; Found: 24 647
Invalid write count. Expected: 4 811; Found: 2 148
Value at index 2 differs. Expected AC; Found AB
Value at index 3 differs. Expected AD; Found AB
Value at index 4 differs. Expected AE; Found AB
Value at index 5 differs. Expected AF; Found AB
Value at index 6 differs. Expected AG; Found AB
Value at index 7 differs. Expected AH; Found AB
Value at index 8 differs. Expected AI; Found AB
Value at index 9 differs. Expected AJ; Found AB
Value at index 10 differs. Expected AK; Found AB
Value at index 11 differs. Expected AL; Found AB
Value at index 12 differs. Expected AM; Found AB
Value at index 13 differs. Expected AN; Found AB
Value at index 14 differs. Expected AO; Found AB
Value at index 15 differs. Expected AP; Found AB
Value at index 16 differs. Expected AQ; Found AB
Value at index 17 differs. Expected AR; Found AB
Value at index 18 differs. Expected AS; Found AB
Value at index 19 differs. Expected AT; Found AB
Value at index 20 differs. Expected AU; Found AB
Value at index 21 differs. Expected AV; Found AB
Value at index 22 differs. Expected AW; Found AB
Value at index 23 differs. Expected AX; Found AB
Value at index 24 differs. Expected AY; Found AB
Value at index 25 differs. Expected AZ; Found AB
Value at index 26 differs. Expected BA; Found AB
Value at index 27 differs. Expected BB; Found AB
Value at index 28 differs. Expected BC; Found AB
Value at index 29 differs. Expected BD; Found AB
Value at index 30 differs. Expected BE; Found AB
Value at index 31 differs. Expected BF; Found AB
Value at index 32 differs. Expected BG; Found AB
Value at index 33 differs. Expected BH; Found AB
Value at index 34 differs. Expected BI; Found AB
Value at index 35 differs. Expected BJ; Found AB
Value at index 36 differs. Expected BK; Found AB
Value at index 37 differs. Expected BL; Found AB
Value at index 38 differs. Expected BM; Found AB
Value at index 39 differs. Expected BN; Found AB
Value at index 40 differs. Expected BO; Found AB
Value at index 41 differs. Expected BP; Found BI
Value at index 42 differs. Expected BQ; Found BI
Value at index 43 differs. Expected BR; Found BI
Value at index 44 differs. Expected BS; Found BI
Value at index 45 differs. Expected BT; Found BI
Value at index 46 differs. Expected BU; Found BI
Value at index 47 differs. Expected BV; Found BI
Value at index 48 differs. Expected BW; Found BI
Value at index 49 differs. Expected BX; Found BI
Value at index 50 differs. Expected BY; Found BI
Value at index 51 differs. Expected BZ; Found BI
Value at index 52 differs. Expected CA; Found BI
Value at index 53 differs. Expected CB; Found BI
Value at index 54 differs. Expected CC; Found BI
Value at index 55 differs. Expected CD; Found BI
Value at index 56 differs. Expected CE; Found BI
Value at index 57 differs. Expected CF; Found BI
Value at index 58 differs. Expected CG; Found BI
Value at index 59 differs. Expected CH; Found BI
Value at index 60 differs. Expected CI; Found BI
Value at index 61 differs. Expected CJ; Found BI
Value at index 62 differs. Expected CK; Found BI
Value at index 63 differs. Expected CL; Found BI
Value at index 64 differs. Expected CM; Found BI
Value at index 65 differs. Expected CN; Found BI
Value at index 66 differs. Expected CO; Found BI
Value at index 67 differs. Expected CP; Found BI
Value at index 68 differs. Expected CQ; Found BI
Value at index 69 differs. Expected CR; Found BI
Value at index 70 differs. Expected CS; Found BI
Value at index 71 differs. Expected CT; Found BI
Value at index 72 differs. Expected CU; Found BI
Value at index 73 differs. Expected CV; Found BI
Value at index 74 differs. Expected CW; Found BI
Value at index 75 differs. Expected CX; Found BI
Value at index 76 differs. Expected CY; Found BI
Value at index 77 differs. Expected CZ; Found BI
Value at index 78 differs. Expected DA; Found BI
Value at index 79 differs. Expected DB; Found BI
Value at index 80 differs. Expected DC; Found BI
Value at index 81 differs. Expected DD; Found BI
Value at index 82 differs. Expected DE; Found BI
Value at index 83 differs. Expected DF; Found BI
Value at index 84 differs. Expected DG; Found BI
Value at index 85 differs. Expected DH; Found BI
Value at index 86 differs. Expected DI; Found BI
Value at index 87 differs. Expected DJ; Found BI
Value at index 88 differs. Expected DK; Found BI
Value at index 89 differs. Expected DL; Found BI
Value at index 90 differs. Expected DM; Found BI
Value at index 91 differs. Expected DN; Found BI
Value at index 92 differs. Expected DO; Found BI
Value at index 93 differs. Expected DP; Found BI
Value at index 94 differs. Expected DQ; Found BI
Value at index 95 differs. Expected DR; Found BI
Value at index 96 differs. Expected DS; Found BI
Value at index 97 differs. Expected DT; Found BI
Value at index 98 differs. Expected DU; Found BI
Value at index 99 differs. Expected DV; Found BI
Value at index 100 differs. Expected DW; Found BI
Value at index 101 differs. Expected DX; Found BI
Value at index 102 differs. Expected DY; Found BI
Value at index 103 differs. Expected DZ; Found BI
Value at index 104 differs. Expected EA; Found BI
Value at index 105 differs. Expected EB; Found BI
Value at index 106 differs. Expected EC; Found BI
Value at index 107 differs. Expected ED; Found BI
Value at index 108 differs. Expected EE; Found BI
Value at index 109 differs. Expected EF; Found BI
Value at index 110 differs. Expected EG; Found BI
Value at index 111 differs. Expected EH; Found BI
Value at index 112 differs. Expected EI; Found BI
Value at index 113 differs. Expected EJ; Found BI
Value at index 114 differs. Expected EK; Found BI
Value at index 115 differs. Expected EL; Found BI
Value at index 116 differs. Expected EM; Found BI
Value at index 117 differs. Expected EN; Found BI
Value at index 118 differs. Expected EO; Found BI
Value at index 119 differs. Expected EP; Found BI
Value at index 120 differs. Expected EQ; Found BI
Value at index 121 differs. Expected ER; Found BI
Value at index 122 differs. Expected ES; Found BI
Value at index 123 differs. Expected ET; Found BI
Value at index 124 differs. Expected EU; Found BI
Value at index 125 differs. Expected EV; Found BI
Value at index 126 differs. Expected EW; Found BI
Value at index 127 differs. Expected EX; Found BI
Value at index 128 differs. Expected EY; Found BI
Value at index 129 differs. Expected EZ; Found BI
Value at index 130 differs. Expected FA; Found BI
Value at index 131 differs. Expected FB; Found BI
Value at index 132 differs. Expected FC; Found BI
Value at index 133 differs. Expected FD; Found BI
Value at index 134 differs. Expected FE; Found BI
Value at index 135 differs. Expected FF; Found BI
Value at index 136 differs. Expected FG; Found BI
Value at index 137 differs. Expected FH; Found BI
Value at index 138 differs. Expected FI; Found BI
Value at index 139 differs. Expected FJ; Found BI
Value at index 140 differs. Expected FK; Found BI
Value at index 141 differs. Expected FL; Found BI
Value at index 142 differs. Expected FM; Found BI
Value at index 143 differs. Expected FN; Found BI
Value at index 144 differs. Expected FO; Found BI
Value at index 145 differs. Expected FP; Found BI
Value at index 146 differs. Expected FQ; Found BI
Value at index 147 differs. Expected FR; Found BI
Value at index 148 differs. Expected FS; Found BI
Value at index 149 differs. Expected FT; Found BI

