Invalid read count. Expected: 53; Found: 72
Invalid write count. Expected: 27; Found: 23
Value at index 0 differs. Expected A; Found B
Value at index 1 differs. Expected B; Found A
Value at index 2 differs. Expected C; Found D
Value at index 3 differs. Expected D; Found C
Value at index 4 differs. Expected E; Found G
Value at index 5 differs. Expected F; Found E
Value at index 6 differs. Expected G; Found F
Value at index 7 differs. Expected H; Found I
Value at index 8 differs. Expected I; Found H

Invalid read count. Expected: 9 170; Found: 19 077
Invalid write count. Expected: 4 588; Found: 7 900
Value at index 0 differs. Expected AA; Found EF
Value at index 1 differs. Expected AB; Found BO
Value at index 2 differs. Expected AC; Found CX
Value at index 3 differs. Expected AD; Found BI
Value at index 4 differs. Expected AE; Found CP
Value at index 5 differs. Expected AF; Found CP
Value at index 6 differs. Expected AG; Found CP
Value at index 7 differs. Expected AH; Found CP
Value at index 8 differs. Expected AI; Found DZ
Value at index 9 differs. Expected AJ; Found DZ
Value at index 10 differs. Expected AK; Found DZ
Value at index 11 differs. Expected AL; Found DQ
Value at index 12 differs. Expected AM; Found DQ
Value at index 13 differs. Expected AN; Found DQ
Value at index 14 differs. Expected AO; Found DQ
Value at index 15 differs. Expected AP; Found EB
Value at index 16 differs. Expected AQ; Found EB
Value at index 17 differs. Expected AR; Found EB
Value at index 18 differs. Expected AS; Found EE
Value at index 19 differs. Expected AT; Found EE
Value at index 20 differs. Expected AU; Found EE
Value at index 21 differs. Expected AV; Found EE
Value at index 22 differs. Expected AW; Found EC
Value at index 23 differs. Expected AX; Found EA
Value at index 24 differs. Expected AY; Found EA
Value at index 25 differs. Expected AZ; Found EA
Value at index 26 differs. Expected BA; Found EA
Value at index 27 differs. Expected BB; Found DH
Value at index 28 differs. Expected BC; Found DI
Value at index 29 differs. Expected BD; Found DI
Value at index 30 differs. Expected BE; Found DI
Value at index 31 differs. Expected BF; Found DI
Value at index 32 differs. Expected BG; Found DI
Value at index 33 differs. Expected BH; Found ED
Value at index 34 differs. Expected BI; Found ED
Value at index 35 differs. Expected BJ; Found ED
Value at index 36 differs. Expected BK; Found ED
Value at index 37 differs. Expected BL; Found ED
Value at index 38 differs. Expected BM; Found ED
Value at index 39 differs. Expected BN; Found ED
Value at index 40 differs. Expected BO; Found ED
Value at index 41 differs. Expected BP; Found ED
Value at index 42 differs. Expected BQ; Found ED
Value at index 43 differs. Expected BR; Found ED
Value at index 44 differs. Expected BS; Found ED
Value at index 45 differs. Expected BT; Found ED
Value at index 46 differs. Expected BU; Found ED
Value at index 47 differs. Expected BV; Found ED
Value at index 48 differs. Expected BW; Found DT
Value at index 49 differs. Expected BX; Found DT
Value at index 50 differs. Expected BY; Found DT
Value at index 51 differs. Expected BZ; Found DT
Value at index 52 differs. Expected CA; Found DT
Value at index 53 differs. Expected CB; Found DT
Value at index 54 differs. Expected CC; Found DT
Value at index 55 differs. Expected CD; Found DO
Value at index 56 differs. Expected CE; Found DO
Value at index 57 differs. Expected CF; Found DO
Value at index 58 differs. Expected CG; Found DY
Value at index 59 differs. Expected CH; Found DY
Value at index 60 differs. Expected CI; Found DY
Value at index 61 differs. Expected CJ; Found DY
Value at index 62 differs. Expected CK; Found DY
Value at index 63 differs. Expected CL; Found DY
Value at index 64 differs. Expected CM; Found DY
Value at index 65 differs. Expected CN; Found DY
Value at index 66 differs. Expected CO; Found DY
Value at index 67 differs. Expected CP; Found DU
Value at index 68 differs. Expected CQ; Found DU
Value at index 69 differs. Expected CR; Found DU
Value at index 70 differs. Expected CS; Found DU
Value at index 71 differs. Expected CT; Found DU
Value at index 72 differs. Expected CU; Found DU
Value at index 73 differs. Expected CV; Found DU
Value at index 74 differs. Expected CW; Found DU
Value at index 75 differs. Expected CX; Found DU
Value at index 76 differs. Expected CY; Found DU
Value at index 77 differs. Expected CZ; Found DU
Value at index 78 differs. Expected DA; Found DU
Value at index 79 differs. Expected DB; Found DU
Value at index 80 differs. Expected DC; Found DU
Value at index 81 differs. Expected DD; Found DU
Value at index 82 differs. Expected DE; Found DU
Value at index 83 differs. Expected DF; Found DU
Value at index 84 differs. Expected DG; Found DU
Value at index 85 differs. Expected DH; Found DU
Value at index 86 differs. Expected DI; Found DU
Value at index 87 differs. Expected DJ; Found DU
Value at index 88 differs. Expected DK; Found FR
Value at index 89 differs. Expected DL; Found FB
Value at index 90 differs. Expected DM; Found FJ
Value at index 91 differs. Expected DN; Found FN
Value at index 92 differs. Expected DO; Found FL
Value at index 93 differs. Expected DP; Found FL
Value at index 94 differs. Expected DQ; Found FL
Value at index 95 differs. Expected DR; Found FL
Value at index 96 differs. Expected DS; Found FL
Value at index 97 differs. Expected DT; Found FP
Value at index 98 differs. Expected DU; Found FP
Value at index 99 differs. Expected DV; Found FR
Value at index 100 differs. Expected DW; Found FR
Value at index 101 differs. Expected DX; Found FR
Value at index 102 differs. Expected DY; Found FR
Value at index 103 differs. Expected DZ; Found FR
Value at index 104 differs. Expected EA; Found FR
Value at index 105 differs. Expected EB; Found FR
Value at index 106 differs. Expected EC; Found FR
Value at index 107 differs. Expected ED; Found FR
Value at index 108 differs. Expected EE; Found FR
Value at index 109 differs. Expected EF; Found FR
Value at index 110 differs. Expected EG; Found FR
Value at index 111 differs. Expected EH; Found FR
Value at index 112 differs. Expected EI; Found FR
Value at index 113 differs. Expected EJ; Found FR
Value at index 114 differs. Expected EK; Found FR
Value at index 115 differs. Expected EL; Found FR
Value at index 116 differs. Expected EM; Found FR
Value at index 117 differs. Expected EN; Found FR
Value at index 118 differs. Expected EO; Found FR
Value at index 119 differs. Expected EP; Found FR
Value at index 120 differs. Expected EQ; Found FR
Value at index 121 differs. Expected ER; Found FR
Value at index 122 differs. Expected ES; Found FR
Value at index 123 differs. Expected ET; Found FR
Value at index 124 differs. Expected EU; Found FR
Value at index 125 differs. Expected EV; Found FR
Value at index 126 differs. Expected EW; Found FR
Value at index 127 differs. Expected EX; Found FR
Value at index 128 differs. Expected EY; Found FR
Value at index 129 differs. Expected EZ; Found FR
Value at index 130 differs. Expected FA; Found FR
Value at index 131 differs. Expected FB; Found FO
Value at index 132 differs. Expected FC; Found FO
Value at index 133 differs. Expected FD; Found FQ
Value at index 134 differs. Expected FE; Found FQ
Value at index 135 differs. Expected FF; Found FQ
Value at index 136 differs. Expected FG; Found FQ
Value at index 137 differs. Expected FH; Found FQ
Value at index 138 differs. Expected FI; Found FR
Value at index 139 differs. Expected FJ; Found FR
Value at index 140 differs. Expected FK; Found FR
Value at index 141 differs. Expected FL; Found FR
Value at index 142 differs. Expected FM; Found FR
Value at index 143 differs. Expected FN; Found FR
Value at index 144 differs. Expected FO; Found FR
Value at index 145 differs. Expected FP; Found FR
Value at index 146 differs. Expected FQ; Found FR
Value at index 147 differs. Expected FR; Found FQ
Value at index 148 differs. Expected FS; Found FT
Value at index 149 differs. Expected FT; Found FS

