Invalid read count. Expected: 52; Found: 136
Invalid write count. Expected: 27; Found: 37
Value at index 0 differs. Expected A; Found E
Value at index 1 differs. Expected B; Found E
Value at index 2 differs. Expected C; Found E
Value at index 3 differs. Expected D; Found E
Value at index 5 differs. Expected F; Found E
Value at index 6 differs. Expected G; Found E
Value at index 7 differs. Expected H; Found D
Value at index 8 differs. Expected I; Found D
Value at index 9 differs. Expected J; Found A

Invalid read count. Expected: 9 622; Found: 26 651
Invalid write count. Expected: 4 811; Found: 4 152
Value at index 1 differs. Expected AB; Found AA
Value at index 2 differs. Expected AC; Found AA
Value at index 3 differs. Expected AD; Found AA
Value at index 4 differs. Expected AE; Found AA
Value at index 5 differs. Expected AF; Found AA
Value at index 6 differs. Expected AG; Found AA
Value at index 7 differs. Expected AH; Found AA
Value at index 8 differs. Expected AI; Found AA
Value at index 9 differs. Expected AJ; Found AA
Value at index 10 differs. Expected AK; Found AA
Value at index 11 differs. Expected AL; Found AA
Value at index 12 differs. Expected AM; Found AA
Value at index 13 differs. Expected AN; Found AA
Value at index 14 differs. Expected AO; Found AA
Value at index 15 differs. Expected AP; Found AA
Value at index 16 differs. Expected AQ; Found AA
Value at index 17 differs. Expected AR; Found AA
Value at index 18 differs. Expected AS; Found AA
Value at index 19 differs. Expected AT; Found AA
Value at index 20 differs. Expected AU; Found AA
Value at index 21 differs. Expected AV; Found AA
Value at index 22 differs. Expected AW; Found AA
Value at index 23 differs. Expected AX; Found AA
Value at index 24 differs. Expected AY; Found AA
Value at index 25 differs. Expected AZ; Found AA
Value at index 26 differs. Expected BA; Found AA
Value at index 27 differs. Expected BB; Found AA
Value at index 28 differs. Expected BC; Found AA
Value at index 29 differs. Expected BD; Found AA
Value at index 30 differs. Expected BE; Found AA
Value at index 31 differs. Expected BF; Found AA
Value at index 32 differs. Expected BG; Found AA
Value at index 33 differs. Expected BH; Found AA
Value at index 34 differs. Expected BI; Found AA
Value at index 35 differs. Expected BJ; Found AA
Value at index 36 differs. Expected BK; Found AA
Value at index 37 differs. Expected BL; Found AA
Value at index 38 differs. Expected BM; Found AA
Value at index 39 differs. Expected BN; Found AA
Value at index 40 differs. Expected BO; Found AA
Value at index 41 differs. Expected BP; Found AA
Value at index 42 differs. Expected BQ; Found AA
Value at index 43 differs. Expected BR; Found AA
Value at index 44 differs. Expected BS; Found AA
Value at index 45 differs. Expected BT; Found AA
Value at index 46 differs. Expected BU; Found AA
Value at index 47 differs. Expected BV; Found AA
Value at index 48 differs. Expected BW; Found AA
Value at index 49 differs. Expected BX; Found AA
Value at index 50 differs. Expected BY; Found AA
Value at index 51 differs. Expected BZ; Found AA
Value at index 52 differs. Expected CA; Found AA
Value at index 53 differs. Expected CB; Found AA
Value at index 54 differs. Expected CC; Found AA
Value at index 55 differs. Expected CD; Found AA
Value at index 56 differs. Expected CE; Found AA
Value at index 57 differs. Expected CF; Found AA
Value at index 58 differs. Expected CG; Found AR
Value at index 59 differs. Expected CH; Found AR
Value at index 60 differs. Expected CI; Found AR
Value at index 61 differs. Expected CJ; Found AR
Value at index 62 differs. Expected CK; Found AR
Value at index 63 differs. Expected CL; Found AR
Value at index 64 differs. Expected CM; Found AR
Value at index 65 differs. Expected CN; Found AR
Value at index 66 differs. Expected CO; Found AR
Value at index 67 differs. Expected CP; Found AR
Value at index 68 differs. Expected CQ; Found AR
Value at index 69 differs. Expected CR; Found AR
Value at index 70 differs. Expected CS; Found AR
Value at index 71 differs. Expected CT; Found AR
Value at index 72 differs. Expected CU; Found AR
Value at index 73 differs. Expected CV; Found AR
Value at index 74 differs. Expected CW; Found AR
Value at index 75 differs. Expected CX; Found AR
Value at index 76 differs. Expected CY; Found AR
Value at index 77 differs. Expected CZ; Found AR
Value at index 78 differs. Expected DA; Found AR
Value at index 79 differs. Expected DB; Found AR
Value at index 80 differs. Expected DC; Found AR
Value at index 81 differs. Expected DD; Found AR
Value at index 82 differs. Expected DE; Found AR
Value at index 83 differs. Expected DF; Found AR
Value at index 84 differs. Expected DG; Found BK
Value at index 85 differs. Expected DH; Found BK
Value at index 86 differs. Expected DI; Found BK
Value at index 87 differs. Expected DJ; Found BK
Value at index 88 differs. Expected DK; Found BK
Value at index 89 differs. Expected DL; Found BK
Value at index 90 differs. Expected DM; Found BK
Value at index 91 differs. Expected DN; Found BK
Value at index 92 differs. Expected DO; Found BK
Value at index 93 differs. Expected DP; Found BK
Value at index 94 differs. Expected DQ; Found BK
Value at index 95 differs. Expected DR; Found BK
Value at index 96 differs. Expected DS; Found BK
Value at index 97 differs. Expected DT; Found BK
Value at index 98 differs. Expected DU; Found BK
Value at index 99 differs. Expected DV; Found BK
Value at index 100 differs. Expected DW; Found BK
Value at index 101 differs. Expected DX; Found BQ
Value at index 102 differs. Expected DY; Found BQ
Value at index 103 differs. Expected DZ; Found BQ
Value at index 104 differs. Expected EA; Found BQ
Value at index 105 differs. Expected EB; Found BQ
Value at index 106 differs. Expected EC; Found BQ
Value at index 107 differs. Expected ED; Found BQ
Value at index 108 differs. Expected EE; Found BQ
Value at index 109 differs. Expected EF; Found BQ
Value at index 110 differs. Expected EG; Found BQ
Value at index 111 differs. Expected EH; Found BQ
Value at index 112 differs. Expected EI; Found BQ
Value at index 113 differs. Expected EJ; Found BQ
Value at index 114 differs. Expected EK; Found BQ
Value at index 115 differs. Expected EL; Found BQ
Value at index 116 differs. Expected EM; Found BQ
Value at index 117 differs. Expected EN; Found BQ
Value at index 118 differs. Expected EO; Found BQ
Value at index 119 differs. Expected EP; Found BQ
Value at index 120 differs. Expected EQ; Found BQ
Value at index 121 differs. Expected ER; Found BQ
Value at index 122 differs. Expected ES; Found DG
Value at index 123 differs. Expected ET; Found DG
Value at index 124 differs. Expected EU; Found DG
Value at index 125 differs. Expected EV; Found DG
Value at index 126 differs. Expected EW; Found DL
Value at index 127 differs. Expected EX; Found DL
Value at index 128 differs. Expected EY; Found DL
Value at index 129 differs. Expected EZ; Found DL
Value at index 130 differs. Expected FA; Found DL
Value at index 131 differs. Expected FB; Found DL
Value at index 132 differs. Expected FC; Found DL
Value at index 133 differs. Expected FD; Found DL
Value at index 134 differs. Expected FE; Found DL
Value at index 135 differs. Expected FF; Found DL
Value at index 136 differs. Expected FG; Found DL
Value at index 137 differs. Expected FH; Found DL
Value at index 138 differs. Expected FI; Found DL
Value at index 139 differs. Expected FJ; Found DL
Value at index 140 differs. Expected FK; Found DL
Value at index 141 differs. Expected FL; Found DL
Value at index 142 differs. Expected FM; Found DL
Value at index 143 differs. Expected FN; Found DL
Value at index 144 differs. Expected FO; Found DL
Value at index 145 differs. Expected FP; Found EC
Value at index 146 differs. Expected FQ; Found ED
Value at index 147 differs. Expected FR; Found DT
Value at index 148 differs. Expected FS; Found DT
Value at index 149 differs. Expected FT; Found DT

