Invalid read count. Expected: 106; Found: 60
Invalid write count. Expected: 36; Found: 26
Value at index 2 differs. Expected C; Found F
Value at index 5 differs. Expected F; Found C

Invalid read count. Expected: 20 438; Found: 1 164
Invalid write count. Expected: 8 188; Found: 570
Value at index 2 differs. Expected AC; Found CM
Value at index 3 differs. Expected AD; Found DP
Value at index 4 differs. Expected AE; Found BK
Value at index 5 differs. Expected AF; Found AZ
Value at index 6 differs. Expected AG; Found AU
Value at index 7 differs. Expected AH; Found FJ
Value at index 8 differs. Expected AI; Found AV
Value at index 9 differs. Expected AJ; Found AN
Value at index 10 differs. Expected AK; Found FH
Value at index 13 differs. Expected AN; Found AJ
Value at index 14 differs. Expected AO; Found CC
Value at index 17 differs. Expected AR; Found BO
Value at index 20 differs. Expected AU; Found FL
Value at index 21 differs. Expected AV; Found DX
Value at index 22 differs. Expected AW; Found CE
Value at index 23 differs. Expected AX; Found BD
Value at index 25 differs. Expected AZ; Found EY
Value at index 26 differs. Expected BA; Found BR
Value at index 27 differs. Expected BB; Found BG
Value at index 28 differs. Expected BC; Found EW
Value at index 29 differs. Expected BD; Found AF
Value at index 30 differs. Expected BE; Found AH
Value at index 32 differs. Expected BG; Found BS
Value at index 33 differs. Expected BH; Found CQ
Value at index 35 differs. Expected BJ; Found CV
Value at index 36 differs. Expected BK; Found AE
Value at index 37 differs. Expected BL; Found EN
Value at index 38 differs. Expected BM; Found EG
Value at index 39 differs. Expected BN; Found FM
Value at index 40 differs. Expected BO; Found FK
Value at index 42 differs. Expected BQ; Found EM
Value at index 43 differs. Expected BR; Found BT
Value at index 44 differs. Expected BS; Found AC
Value at index 45 differs. Expected BT; Found BA
Value at index 46 differs. Expected BU; Found EC
Value at index 47 differs. Expected BV; Found FI
Value at index 50 differs. Expected BY; Found DL
Value at index 54 differs. Expected CC; Found CR
Value at index 55 differs. Expected CD; Found CG
Value at index 56 differs. Expected CE; Found AD
Value at index 57 differs. Expected CF; Found DQ
Value at index 58 differs. Expected CG; Found CD
Value at index 60 differs. Expected CI; Found FQ
Value at index 61 differs. Expected CJ; Found BJ
Value at index 64 differs. Expected CM; Found BN
Value at index 67 differs. Expected CP; Found CW
Value at index 68 differs. Expected CQ; Found AX
Value at index 69 differs. Expected CR; Found AO
Value at index 72 differs. Expected CU; Found DK
Value at index 73 differs. Expected CV; Found EU
Value at index 74 differs. Expected CW; Found CP
Value at index 78 differs. Expected DA; Found DS
Value at index 83 differs. Expected DF; Found EO
Value at index 84 differs. Expected DG; Found DF
Value at index 85 differs. Expected DH; Found EL
Value at index 86 differs. Expected DI; Found EQ
Value at index 88 differs. Expected DK; Found DH
Value at index 89 differs. Expected DL; Found EB
Value at index 90 differs. Expected DM; Found CI
Value at index 92 differs. Expected DO; Found FG
Value at index 93 differs. Expected DP; Found BB
Value at index 94 differs. Expected DQ; Found CF
Value at index 95 differs. Expected DR; Found DM
Value at index 96 differs. Expected DS; Found FN
Value at index 97 differs. Expected DT; Found EV
Value at index 99 differs. Expected DV; Found FF
Value at index 101 differs. Expected DX; Found DI
Value at index 105 differs. Expected EB; Found BY
Value at index 106 differs. Expected EC; Found BU
Value at index 107 differs. Expected ED; Found AR
Value at index 109 differs. Expected EF; Found AK
Value at index 110 differs. Expected EG; Found BM
Value at index 111 differs. Expected EH; Found DG
Value at index 112 differs. Expected EI; Found EF
Value at index 114 differs. Expected EK; Found EI
Value at index 115 differs. Expected EL; Found EZ
Value at index 116 differs. Expected EM; Found BQ
Value at index 117 differs. Expected EN; Found BL
Value at index 118 differs. Expected EO; Found BH
Value at index 119 differs. Expected EP; Found ER
Value at index 120 differs. Expected EQ; Found BC
Value at index 121 differs. Expected ER; Found EP
Value at index 124 differs. Expected EU; Found CJ
Value at index 125 differs. Expected EV; Found FR
Value at index 126 differs. Expected EW; Found FB
Value at index 128 differs. Expected EY; Found EH
Value at index 129 differs. Expected EZ; Found CU
Value at index 131 differs. Expected FB; Found AI
Value at index 132 differs. Expected FC; Found AG
Value at index 135 differs. Expected FF; Found DV
Value at index 136 differs. Expected FG; Found DO
Value at index 137 differs. Expected FH; Found EK
Value at index 138 differs. Expected FI; Found BV
Value at index 139 differs. Expected FJ; Found FC
Value at index 140 differs. Expected FK; Found ED
Value at index 141 differs. Expected FL; Found BE
Value at index 142 differs. Expected FM; Found AW
Value at index 143 differs. Expected FN; Found DA
Value at index 146 differs. Expected FQ; Found DR
Value at index 147 differs. Expected FR; Found DT

