Invalid read count. Expected: 0; Found: 84
Invalid write count. Expected: 0; Found: 14
Value at index 4 differs. Expected G; Found E
Value at index 5 differs. Expected I; Found F
Value at index 6 differs. Expected H; Found G
Value at index 7 differs. Expected E; Found H
Value at index 8 differs. Expected F; Found I

Invalid read count. Expected: 0; Found: 20 492
Invalid write count. Expected: 0; Found: 7 844
Value at index 0 differs. Expected EV; Found AA
Value at index 3 differs. Expected CX; Found AD
Value at index 4 differs. Expected FD; Found AE
Value at index 5 differs. Expected DI; Found AF
Value at index 7 differs. Expected BE; Found AH
Value at index 8 differs. Expected BC; Found AI
Value at index 9 differs. Expected DL; Found AJ
Value at index 10 differs. Expected CQ; Found AK
Value at index 12 differs. Expected AF; Found AM
Value at index 14 differs. Expected EJ; Found AO
Value at index 15 differs. Expected AZ; Found AP
Value at index 16 differs. Expected CR; Found AQ
Value at index 17 differs. Expected DB; Found AR
Value at index 18 differs. Expected DY; Found AS
Value at index 19 differs. Expected AJ; Found AT
Value at index 22 differs. Expected ED; Found AW
Value at index 23 differs. Expected DM; Found AX
Value at index 24 differs. Expected FL; Found AY
Value at index 25 differs. Expected AD; Found AZ
Value at index 26 differs. Expected FF; Found BA
Value at index 27 differs. Expected CC; Found BB
Value at index 28 differs. Expected AI; Found BC
Value at index 30 differs. Expected FM; Found BE
Value at index 31 differs. Expected DZ; Found BF
Value at index 33 differs. Expected CM; Found BH
Value at index 35 differs. Expected CU; Found BJ
Value at index 37 differs. Expected EF; Found BL
Value at index 39 differs. Expected CJ; Found BN
Value at index 42 differs. Expected BS; Found BQ
Value at index 44 differs. Expected DX; Found BS
Value at index 46 differs. Expected BJ; Found BU
Value at index 48 differs. Expected CE; Found BW
Value at index 49 differs. Expected CN; Found BX
Value at index 53 differs. Expected AA; Found CB
Value at index 54 differs. Expected BB; Found CC
Value at index 55 differs. Expected DD; Found CD
Value at index 56 differs. Expected BW; Found CE
Value at index 57 differs. Expected ET; Found CF
Value at index 58 differs. Expected CT; Found CG
Value at index 59 differs. Expected CF; Found CH
Value at index 61 differs. Expected AK; Found CJ
Value at index 62 differs. Expected BX; Found CK
Value at index 64 differs. Expected FA; Found CM
Value at index 65 differs. Expected CK; Found CN
Value at index 66 differs. Expected BF; Found CO
Value at index 68 differs. Expected FN; Found CQ
Value at index 69 differs. Expected AS; Found CR
Value at index 70 differs. Expected DG; Found CS
Value at index 71 differs. Expected ER; Found CT
Value at index 72 differs. Expected BU; Found CU
Value at index 75 differs. Expected AP; Found CX
Value at index 76 differs. Expected BH; Found CY
Value at index 78 differs. Expected AW; Found DA
Value at index 79 differs. Expected EN; Found DB
Value at index 81 differs. Expected EY; Found DD
Value at index 83 differs. Expected DQ; Found DF
Value at index 84 differs. Expected EH; Found DG
Value at index 86 differs. Expected AM; Found DI
Value at index 87 differs. Expected CG; Found DJ
Value at index 88 differs. Expected AT; Found DK
Value at index 89 differs. Expected DV; Found DL
Value at index 90 differs. Expected AX; Found DM
Value at index 94 differs. Expected EE; Found DQ
Value at index 95 differs. Expected EO; Found DR
Value at index 97 differs. Expected EB; Found DT
Value at index 98 differs. Expected AY; Found DU
Value at index 99 differs. Expected FQ; Found DV
Value at index 101 differs. Expected BQ; Found DX
Value at index 102 differs. Expected EM; Found DY
Value at index 103 differs. Expected CO; Found DZ
Value at index 104 differs. Expected EP; Found EA
Value at index 105 differs. Expected DT; Found EB
Value at index 106 differs. Expected DF; Found EC
Value at index 107 differs. Expected FP; Found ED
Value at index 108 differs. Expected BL; Found EE
Value at index 109 differs. Expected EC; Found EF
Value at index 110 differs. Expected CH; Found EG
Value at index 111 differs. Expected CS; Found EH
Value at index 113 differs. Expected EK; Found EJ
Value at index 114 differs. Expected AO; Found EK
Value at index 115 differs. Expected FG; Found EL
Value at index 116 differs. Expected AQ; Found EM
Value at index 117 differs. Expected AR; Found EN
Value at index 118 differs. Expected DR; Found EO
Value at index 119 differs. Expected EA; Found EP
Value at index 120 differs. Expected DK; Found EQ
Value at index 121 differs. Expected DJ; Found ER
Value at index 123 differs. Expected EW; Found ET
Value at index 125 differs. Expected CB; Found EV
Value at index 126 differs. Expected EG; Found EW
Value at index 128 differs. Expected CD; Found EY
Value at index 130 differs. Expected FJ; Found FA
Value at index 132 differs. Expected FE; Found FC
Value at index 133 differs. Expected BA; Found FD
Value at index 134 differs. Expected FC; Found FE
Value at index 135 differs. Expected DU; Found FF
Value at index 136 differs. Expected EL; Found FG
Value at index 137 differs. Expected FS; Found FH
Value at index 139 differs. Expected CY; Found FJ
Value at index 141 differs. Expected AE; Found FL
Value at index 142 differs. Expected AH; Found FM
Value at index 143 differs. Expected BN; Found FN
Value at index 145 differs. Expected DA; Found FP
Value at index 146 differs. Expected EQ; Found FQ
Value at index 148 differs. Expected FH; Found FS

