Invalid read count. Expected: 136; Found: 108
Invalid write count. Expected: 52; Found: 38
Value at index 2 differs. Expected C; Found D
Value at index 3 differs. Expected D; Found E
Value at index 4 differs. Expected E; Found F
Value at index 5 differs. Expected F; Found G
Value at index 6 differs. Expected G; Found H
Value at index 7 differs. Expected H; Found I
Value at index 8 differs. Expected I; Found J
Value at index 9 differs. Expected J; Found C

Invalid read count. Expected: 22 230; Found: 22 098
Invalid write count. Expected: 8 436; Found: 8 418
Value at index 140 differs. Expected FK; Found FL
Value at index 141 differs. Expected FL; Found FM
Value at index 142 differs. Expected FM; Found FN
Value at index 143 differs. Expected FN; Found FO
Value at index 144 differs. Expected FO; Found FP
Value at index 145 differs. Expected FP; Found FQ
Value at index 146 differs. Expected FQ; Found FR
Value at index 147 differs. Expected FR; Found FS
Value at index 148 differs. Expected FS; Found FT
Value at index 149 differs. Expected FT; Found FK

