Invalid read count. Expected: 136; Found: 144
Invalid write count. Expected: 52; Found: 54
Value at index 0 differs. Expected A; Found B
Value at index 1 differs. Expected B; Found D
Value at index 2 differs. Expected C; Found A
Value at index 3 differs. Expected D; Found F
Value at index 4 differs. Expected E; Found C
Value at index 5 differs. Expected F; Found E

Invalid read count. Expected: 22 230; Found: 32 160
Invalid write count. Expected: 8 436; Found: 9 810
Value at index 0 differs. Expected AA; Found AC
Value at index 1 differs. Expected AB; Found AD
Value at index 2 differs. Expected AC; Found AH
Value at index 3 differs. Expected AD; Found AK
Value at index 4 differs. Expected AE; Found AM
Value at index 5 differs. Expected AF; Found AP
Value at index 6 differs. Expected AG; Found AI
Value at index 7 differs. Expected AH; Found AN
Value at index 8 differs. Expected AI; Found AT
Value at index 9 differs. Expected AJ; Found AA
Value at index 10 differs. Expected AK; Found AW
Value at index 11 differs. Expected AL; Found BA
Value at index 12 differs. Expected AM; Found AG
Value at index 13 differs. Expected AN; Found BF
Value at index 14 differs. Expected AO; Found AX
Value at index 15 differs. Expected AP; Found BD
Value at index 16 differs. Expected AQ; Found BK
Value at index 17 differs. Expected AR; Found AQ
Value at index 18 differs. Expected AS; Found BJ
Value at index 19 differs. Expected AT; Found BL
Value at index 20 differs. Expected AU; Found BP
Value at index 21 differs. Expected AV; Found AR
Value at index 22 differs. Expected AW; Found BQ
Value at index 23 differs. Expected AX; Found AB
Value at index 24 differs. Expected AY; Found AF
Value at index 25 differs. Expected AZ; Found BR
Value at index 26 differs. Expected BA; Found AY
Value at index 27 differs. Expected BB; Found BT
Value at index 28 differs. Expected BC; Found AV
Value at index 29 differs. Expected BD; Found AZ
Value at index 30 differs. Expected BE; Found AU
Value at index 31 differs. Expected BF; Found AE
Value at index 32 differs. Expected BG; Found BB
Value at index 33 differs. Expected BH; Found AS
Value at index 34 differs. Expected BI; Found BC
Value at index 35 differs. Expected BJ; Found BG
Value at index 36 differs. Expected BK; Found BE
Value at index 37 differs. Expected BL; Found BH
Value at index 38 differs. Expected BM; Found BO
Value at index 39 differs. Expected BN; Found BU
Value at index 40 differs. Expected BO; Found BV
Value at index 41 differs. Expected BP; Found BW
Value at index 42 differs. Expected BQ; Found BS
Value at index 43 differs. Expected BR; Found AJ
Value at index 44 differs. Expected BS; Found BX
Value at index 45 differs. Expected BT; Found BZ
Value at index 46 differs. Expected BU; Found AO
Value at index 47 differs. Expected BV; Found BY
Value at index 48 differs. Expected BW; Found CA
Value at index 49 differs. Expected BX; Found CB
Value at index 50 differs. Expected BY; Found CC
Value at index 51 differs. Expected BZ; Found BI
Value at index 52 differs. Expected CA; Found CD
Value at index 53 differs. Expected CB; Found CE
Value at index 54 differs. Expected CC; Found CF
Value at index 55 differs. Expected CD; Found CG
Value at index 56 differs. Expected CE; Found CH
Value at index 57 differs. Expected CF; Found CI
Value at index 58 differs. Expected CG; Found CJ
Value at index 59 differs. Expected CH; Found CK
Value at index 60 differs. Expected CI; Found CL
Value at index 61 differs. Expected CJ; Found CM
Value at index 62 differs. Expected CK; Found CN
Value at index 63 differs. Expected CL; Found CP
Value at index 64 differs. Expected CM; Found BN
Value at index 65 differs. Expected CN; Found CQ
Value at index 66 differs. Expected CO; Found BM
Value at index 67 differs. Expected CP; Found CO
Value at index 68 differs. Expected CQ; Found CR
Value at index 69 differs. Expected CR; Found CS
Value at index 70 differs. Expected CS; Found CT
Value at index 71 differs. Expected CT; Found CU
Value at index 72 differs. Expected CU; Found CW
Value at index 73 differs. Expected CV; Found AL
Value at index 74 differs. Expected CW; Found CV

