Invalid read count. Expected: 102; Found: 2
Invalid write count. Expected: 32; Found: 0
Value at index 2 differs. Expected C; Found G
Value at index 3 differs. Expected D; Found I
Value at index 6 differs. Expected G; Found H
Value at index 7 differs. Expected H; Found C
Value at index 8 differs. Expected I; Found J
Value at index 9 differs. Expected J; Found D

Invalid read count. Expected: 21 822; Found: 2
Invalid write count. Expected: 8 402; Found: 0
Value at index 0 differs. Expected AA; Found BO
Value at index 1 differs. Expected AB; Found EO
Value at index 2 differs. Expected AC; Found CM
Value at index 3 differs. Expected AD; Found FO
Value at index 4 differs. Expected AE; Found BN
Value at index 6 differs. Expected AG; Found CR
Value at index 7 differs. Expected AH; Found BC
Value at index 8 differs. Expected AI; Found EZ
Value at index 10 differs. Expected AK; Found CV
Value at index 12 differs. Expected AM; Found BE
Value at index 13 differs. Expected AN; Found AX
Value at index 14 differs. Expected AO; Found FS
Value at index 16 differs. Expected AQ; Found FR
Value at index 17 differs. Expected AR; Found AQ
Value at index 20 differs. Expected AU; Found CN
Value at index 21 differs. Expected AV; Found BW
Value at index 22 differs. Expected AW; Found CY
Value at index 23 differs. Expected AX; Found BV
Value at index 24 differs. Expected AY; Found BX
Value at index 25 differs. Expected AZ; Found BP
Value at index 26 differs. Expected BA; Found BG
Value at index 27 differs. Expected BB; Found CF
Value at index 28 differs. Expected BC; Found BK
Value at index 29 differs. Expected BD; Found CJ
Value at index 30 differs. Expected BE; Found AM
Value at index 31 differs. Expected BF; Found AY
Value at index 32 differs. Expected BG; Found BA
Value at index 33 differs. Expected BH; Found DG
Value at index 34 differs. Expected BI; Found AD
Value at index 35 differs. Expected BJ; Found CG
Value at index 36 differs. Expected BK; Found BI
Value at index 38 differs. Expected BM; Found DH
Value at index 39 differs. Expected BN; Found FK
Value at index 40 differs. Expected BO; Found EL
Value at index 41 differs. Expected BP; Found BU
Value at index 43 differs. Expected BR; Found DS
Value at index 44 differs. Expected BS; Found BY
Value at index 45 differs. Expected BT; Found BD
Value at index 46 differs. Expected BU; Found AZ
Value at index 47 differs. Expected BV; Found ES
Value at index 48 differs. Expected BW; Found AV
Value at index 49 differs. Expected BX; Found CU
Value at index 50 differs. Expected BY; Found BS
Value at index 52 differs. Expected CA; Found DD
Value at index 54 differs. Expected CC; Found CE
Value at index 56 differs. Expected CE; Found EQ
Value at index 57 differs. Expected CF; Found BB
Value at index 58 differs. Expected CG; Found EE
Value at index 59 differs. Expected CH; Found DQ
Value at index 60 differs. Expected CI; Found DY
Value at index 61 differs. Expected CJ; Found CT
Value at index 62 differs. Expected CK; Found CP
Value at index 63 differs. Expected CL; Found FG
Value at index 64 differs. Expected CM; Found DN
Value at index 65 differs. Expected CN; Found DE
Value at index 66 differs. Expected CO; Found FF
Value at index 67 differs. Expected CP; Found DX
Value at index 68 differs. Expected CQ; Found EC
Value at index 69 differs. Expected CR; Found AG
Value at index 70 differs. Expected CS; Found EJ
Value at index 71 differs. Expected CT; Found DL
Value at index 72 differs. Expected CU; Found CA
Value at index 73 differs. Expected CV; Found AK
Value at index 76 differs. Expected CY; Found CS
Value at index 79 differs. Expected DB; Found DV
Value at index 80 differs. Expected DC; Found AN
Value at index 81 differs. Expected DD; Found DZ
Value at index 82 differs. Expected DE; Found AC
Value at index 84 differs. Expected DG; Found BH
Value at index 85 differs. Expected DH; Found DK
Value at index 86 differs. Expected DI; Found DU
Value at index 88 differs. Expected DK; Found BM
Value at index 89 differs. Expected DL; Found FB
Value at index 91 differs. Expected DN; Found EW
Value at index 94 differs. Expected DQ; Found CH
Value at index 96 differs. Expected DS; Found BR
Value at index 98 differs. Expected DU; Found FI
Value at index 99 differs. Expected DV; Found EV
Value at index 101 differs. Expected DX; Found EK
Value at index 102 differs. Expected DY; Found CL
Value at index 103 differs. Expected DZ; Found FT
Value at index 104 differs. Expected EA; Found CO
Value at index 106 differs. Expected EC; Found CQ
Value at index 107 differs. Expected ED; Found EX
Value at index 108 differs. Expected EE; Found BJ
Value at index 113 differs. Expected EJ; Found AW
Value at index 114 differs. Expected EK; Found ED
Value at index 115 differs. Expected EL; Found AA
Value at index 118 differs. Expected EO; Found EU
Value at index 120 differs. Expected EQ; Found CC
Value at index 122 differs. Expected ES; Found DC
Value at index 124 differs. Expected EU; Found AB
Value at index 125 differs. Expected EV; Found DB
Value at index 126 differs. Expected EW; Found AU
Value at index 127 differs. Expected EX; Found CK
Value at index 129 differs. Expected EZ; Found AI
Value at index 131 differs. Expected FB; Found FC
Value at index 132 differs. Expected FC; Found FH
Value at index 135 differs. Expected FF; Found EA
Value at index 136 differs. Expected FG; Found CI
Value at index 137 differs. Expected FH; Found BT
Value at index 138 differs. Expected FI; Found DI
Value at index 140 differs. Expected FK; Found AE
Value at index 144 differs. Expected FO; Found AH
Value at index 147 differs. Expected FR; Found AR
Value at index 148 differs. Expected FS; Found AO
Value at index 149 differs. Expected FT; Found BF

