Invalid read count. Expected: 140; Found: 0
Invalid write count. Expected: 56; Found: 0
Value at index 0 differs. Expected A; Found J
Value at index 1 differs. Expected B; Found E
Value at index 2 differs. Expected C; Found F
Value at index 4 differs. Expected E; Found A
Value at index 5 differs. Expected F; Found I
Value at index 8 differs. Expected I; Found B
Value at index 9 differs. Expected J; Found C

Invalid read count. Expected: 24 006; Found: 0
Invalid write count. Expected: 9 488; Found: 0
Value at index 0 differs. Expected AA; Found EY
Value at index 1 differs. Expected AB; Found EX
Value at index 3 differs. Expected AD; Found DT
Value at index 5 differs. Expected AF; Found DG
Value at index 6 differs. Expected AG; Found EF
Value at index 7 differs. Expected AH; Found AW
Value at index 8 differs. Expected AI; Found BX
Value at index 9 differs. Expected AJ; Found DC
Value at index 10 differs. Expected AK; Found CF
Value at index 11 differs. Expected AL; Found FI
Value at index 12 differs. Expected AM; Found DL
Value at index 13 differs. Expected AN; Found AG
Value at index 14 differs. Expected AO; Found FB
Value at index 15 differs. Expected AP; Found AB
Value at index 16 differs. Expected AQ; Found DS
Value at index 17 differs. Expected AR; Found BT
Value at index 18 differs. Expected AS; Found AJ
Value at index 19 differs. Expected AT; Found DF
Value at index 20 differs. Expected AU; Found CE
Value at index 21 differs. Expected AV; Found BR
Value at index 22 differs. Expected AW; Found AH
Value at index 23 differs. Expected AX; Found FO
Value at index 24 differs. Expected AY; Found CN
Value at index 25 differs. Expected AZ; Found CO
Value at index 27 differs. Expected BB; Found EU
Value at index 29 differs. Expected BD; Found EW
Value at index 30 differs. Expected BE; Found AN
Value at index 31 differs. Expected BF; Found DE
Value at index 32 differs. Expected BG; Found CL
Value at index 33 differs. Expected BH; Found BM
Value at index 34 differs. Expected BI; Found BH
Value at index 37 differs. Expected BL; Found FS
Value at index 38 differs. Expected BM; Found BI
Value at index 39 differs. Expected BN; Found AY
Value at index 40 differs. Expected BO; Found AV
Value at index 41 differs. Expected BP; Found CW
Value at index 42 differs. Expected BQ; Found CK
Value at index 43 differs. Expected BR; Found BO
Value at index 44 differs. Expected BS; Found CM
Value at index 45 differs. Expected BT; Found CI
Value at index 46 differs. Expected BU; Found CQ
Value at index 47 differs. Expected BV; Found FG
Value at index 49 differs. Expected BX; Found AI
Value at index 50 differs. Expected BY; Found CR
Value at index 51 differs. Expected BZ; Found AK
Value at index 52 differs. Expected CA; Found EP
Value at index 53 differs. Expected CB; Found AT
Value at index 54 differs. Expected CC; Found FH
Value at index 56 differs. Expected CE; Found CA
Value at index 57 differs. Expected CF; Found DX
Value at index 58 differs. Expected CG; Found ES
Value at index 59 differs. Expected CH; Found BG
Value at index 60 differs. Expected CI; Found FL
Value at index 62 differs. Expected CK; Found FN
Value at index 63 differs. Expected CL; Found BB
Value at index 64 differs. Expected CM; Found BD
Value at index 65 differs. Expected CN; Found BN
Value at index 66 differs. Expected CO; Found BQ
Value at index 68 differs. Expected CQ; Found BU
Value at index 69 differs. Expected CR; Found BY
Value at index 71 differs. Expected CT; Found EI
Value at index 72 differs. Expected CU; Found DO
Value at index 74 differs. Expected CW; Found BP
Value at index 75 differs. Expected CX; Found DP
Value at index 76 differs. Expected CY; Found EG
Value at index 80 differs. Expected DC; Found AS
Value at index 82 differs. Expected DE; Found BF
Value at index 83 differs. Expected DF; Found CB
Value at index 84 differs. Expected DG; Found AL
Value at index 85 differs. Expected DH; Found CG
Value at index 86 differs. Expected DI; Found FJ
Value at index 87 differs. Expected DJ; Found DN
Value at index 89 differs. Expected DL; Found AF
Value at index 90 differs. Expected DM; Found DU
Value at index 91 differs. Expected DN; Found FK
Value at index 92 differs. Expected DO; Found CU
Value at index 93 differs. Expected DP; Found CX
Value at index 94 differs. Expected DQ; Found EL
Value at index 95 differs. Expected DR; Found EK
Value at index 96 differs. Expected DS; Found AQ
Value at index 97 differs. Expected DT; Found BS
Value at index 98 differs. Expected DU; Found ET
Value at index 99 differs. Expected DV; Found AX
Value at index 100 differs. Expected DW; Found ED
Value at index 101 differs. Expected DX; Found BZ
Value at index 102 differs. Expected DY; Found FP
Value at index 103 differs. Expected DZ; Found FR
Value at index 105 differs. Expected EB; Found CT
Value at index 107 differs. Expected ED; Found DW
Value at index 108 differs. Expected EE; Found EQ
Value at index 109 differs. Expected EF; Found FC
Value at index 110 differs. Expected EG; Found CY
Value at index 112 differs. Expected EI; Found DQ
Value at index 114 differs. Expected EK; Found DR
Value at index 115 differs. Expected EL; Found EB
Value at index 119 differs. Expected EP; Found AU
Value at index 120 differs. Expected EQ; Found EE
Value at index 122 differs. Expected ES; Found CH
Value at index 123 differs. Expected ET; Found DM
Value at index 124 differs. Expected EU; Found DH
Value at index 125 differs. Expected EV; Found FT
Value at index 126 differs. Expected EW; Found AD
Value at index 127 differs. Expected EX; Found BV
Value at index 128 differs. Expected EY; Found AA
Value at index 131 differs. Expected FB; Found AO
Value at index 132 differs. Expected FC; Found BE
Value at index 133 differs. Expected FD; Found CC
Value at index 136 differs. Expected FG; Found AP
Value at index 137 differs. Expected FH; Found FD
Value at index 138 differs. Expected FI; Found DI
Value at index 139 differs. Expected FJ; Found FQ
Value at index 140 differs. Expected FK; Found DJ
Value at index 141 differs. Expected FL; Found AR
Value at index 143 differs. Expected FN; Found AZ
Value at index 144 differs. Expected FO; Found DV
Value at index 145 differs. Expected FP; Found DY
Value at index 146 differs. Expected FQ; Found AM
Value at index 147 differs. Expected FR; Found DZ
Value at index 148 differs. Expected FS; Found BL
Value at index 149 differs. Expected FT; Found EV

