Invalid read count. Expected: 106; Found: 38
Invalid write count. Expected: 36; Found: 16
Value at index 0 differs. Expected A; Found C
Value at index 1 differs. Expected B; Found E
Value at index 2 differs. Expected C; Found D
Value at index 3 differs. Expected D; Found B
Value at index 4 differs. Expected E; Found F
Value at index 5 differs. Expected F; Found G
Value at index 6 differs. Expected G; Found A

Invalid read count. Expected: 24,060; Found: 18,874
Invalid write count. Expected: 9,720; Found: 7,476
Value at index 37 differs. Expected BL; Found BM
Value at index 38 differs. Expected BM; Found BN
Value at index 39 differs. Expected BN; Found BO
Value at index 40 differs. Expected BO; Found BP
Value at index 41 differs. Expected BP; Found BQ
Value at index 42 differs. Expected BQ; Found BR
Value at index 43 differs. Expected BR; Found BS
Value at index 44 differs. Expected BS; Found BT
Value at index 45 differs. Expected BT; Found BU
Value at index 46 differs. Expected BU; Found BV
Value at index 47 differs. Expected BV; Found BW
Value at index 48 differs. Expected BW; Found BX
Value at index 49 differs. Expected BX; Found BY
Value at index 50 differs. Expected BY; Found BZ
Value at index 51 differs. Expected BZ; Found CA
Value at index 52 differs. Expected CA; Found CB
Value at index 53 differs. Expected CB; Found CC
Value at index 54 differs. Expected CC; Found CD
Value at index 55 differs. Expected CD; Found CE
Value at index 56 differs. Expected CE; Found CF
Value at index 57 differs. Expected CF; Found CG
Value at index 58 differs. Expected CG; Found CH
Value at index 59 differs. Expected CH; Found CI
Value at index 60 differs. Expected CI; Found CJ
Value at index 61 differs. Expected CJ; Found CK
Value at index 62 differs. Expected CK; Found CL
Value at index 63 differs. Expected CL; Found CM
Value at index 64 differs. Expected CM; Found CN
Value at index 65 differs. Expected CN; Found CO
Value at index 66 differs. Expected CO; Found CP
Value at index 67 differs. Expected CP; Found CQ
Value at index 68 differs. Expected CQ; Found CR
Value at index 69 differs. Expected CR; Found CS
Value at index 70 differs. Expected CS; Found CT
Value at index 71 differs. Expected CT; Found CU
Value at index 72 differs. Expected CU; Found CV
Value at index 73 differs. Expected CV; Found CW
Value at index 74 differs. Expected CW; Found EI
Value at index 75 differs. Expected CX; Found EN
Value at index 76 differs. Expected CY; Found EE
Value at index 77 differs. Expected CZ; Found CX
Value at index 78 differs. Expected DA; Found EC
Value at index 79 differs. Expected DB; Found ET
Value at index 80 differs. Expected DC; Found EY
Value at index 81 differs. Expected DD; Found EX
Value at index 82 differs. Expected DE; Found CY
Value at index 83 differs. Expected DF; Found FF
Value at index 84 differs. Expected DG; Found EL
Value at index 85 differs. Expected DH; Found EV
Value at index 86 differs. Expected DI; Found FI
Value at index 87 differs. Expected DJ; Found EJ
Value at index 88 differs. Expected DK; Found FK
Value at index 89 differs. Expected DL; Found FM
Value at index 90 differs. Expected DM; Found CZ
Value at index 91 differs. Expected DN; Found DX
Value at index 92 differs. Expected DO; Found DA
Value at index 93 differs. Expected DP; Found ER
Value at index 94 differs. Expected DQ; Found FO
Value at index 95 differs. Expected DR; Found DZ
Value at index 96 differs. Expected DS; Found FE
Value at index 97 differs. Expected DT; Found DB
Value at index 98 differs. Expected DU; Found DF
Value at index 99 differs. Expected DV; Found DC
Value at index 100 differs. Expected DW; Found DD
Value at index 101 differs. Expected DX; Found DE
Value at index 102 differs. Expected DY; Found EU
Value at index 103 differs. Expected DZ; Found DG
Value at index 104 differs. Expected EA; Found DJ
Value at index 105 differs. Expected EB; Found DH
Value at index 106 differs. Expected EC; Found DI
Value at index 107 differs. Expected ED; Found DL
Value at index 108 differs. Expected EE; Found DR
Value at index 109 differs. Expected EF; Found FR
Value at index 110 differs. Expected EG; Found ED
Value at index 111 differs. Expected EH; Found DK
Value at index 112 differs. Expected EI; Found DM
Value at index 113 differs. Expected EJ; Found DN
Value at index 114 differs. Expected EK; Found DO
Value at index 115 differs. Expected EL; Found ES
Value at index 116 differs. Expected EM; Found DP
Value at index 117 differs. Expected EN; Found EG
Value at index 118 differs. Expected EO; Found DS
Value at index 119 differs. Expected EP; Found DT
Value at index 120 differs. Expected EQ; Found EZ
Value at index 121 differs. Expected ER; Found DU
Value at index 122 differs. Expected ES; Found DV
Value at index 123 differs. Expected ET; Found DY
Value at index 124 differs. Expected EU; Found EA
Value at index 125 differs. Expected EV; Found EF
Value at index 126 differs. Expected EW; Found FG
Value at index 127 differs. Expected EX; Found EM
Value at index 128 differs. Expected EY; Found EO
Value at index 129 differs. Expected EZ; Found FC
Value at index 130 differs. Expected FA; Found EQ
Value at index 131 differs. Expected FB; Found EP
Value at index 132 differs. Expected FC; Found EW
Value at index 133 differs. Expected FD; Found FS
Value at index 134 differs. Expected FE; Found FJ
Value at index 135 differs. Expected FF; Found FL
Value at index 136 differs. Expected FG; Found EB
Value at index 137 differs. Expected FH; Found EH
Value at index 138 differs. Expected FI; Found FA
Value at index 139 differs. Expected FJ; Found EK
Value at index 140 differs. Expected FK; Found FD
Value at index 141 differs. Expected FL; Found FB
Value at index 142 differs. Expected FM; Found FH
Value at index 143 differs. Expected FN; Found DQ
Value at index 144 differs. Expected FO; Found FN
Value at index 147 differs. Expected FR; Found BL
Value at index 148 differs. Expected FS; Found DW

