Invalid read count. Expected: 68; Found: 6
Invalid write count. Expected: 20; Found: 2
Value at index 1 differs. Expected B; Found C
Value at index 2 differs. Expected C; Found H
Value at index 4 differs. Expected E; Found B
Value at index 7 differs. Expected H; Found E

Invalid read count. Expected: 21 948; Found: 4
Invalid write count. Expected: 8 528; Found: 2
Value at index 0 differs. Expected AA; Found AI
Value at index 1 differs. Expected AB; Found EE
Value at index 2 differs. Expected AC; Found DE
Value at index 4 differs. Expected AE; Found EF
Value at index 6 differs. Expected AG; Found AJ
Value at index 7 differs. Expected AH; Found BO
Value at index 8 differs. Expected AI; Found AB
Value at index 9 differs. Expected AJ; Found BX
Value at index 10 differs. Expected AK; Found BQ
Value at index 12 differs. Expected AM; Found CU
Value at index 14 differs. Expected AO; Found CJ
Value at index 15 differs. Expected AP; Found FD
Value at index 16 differs. Expected AQ; Found BC
Value at index 19 differs. Expected AT; Found BJ
Value at index 20 differs. Expected AU; Found BY
Value at index 21 differs. Expected AV; Found EI
Value at index 22 differs. Expected AW; Found CO
Value at index 23 differs. Expected AX; Found FN
Value at index 24 differs. Expected AY; Found AH
Value at index 26 differs. Expected BA; Found AW
Value at index 28 differs. Expected BC; Found AQ
Value at index 31 differs. Expected BF; Found CG
Value at index 32 differs. Expected BG; Found CN
Value at index 33 differs. Expected BH; Found FK
Value at index 35 differs. Expected BJ; Found AT
Value at index 36 differs. Expected BK; Found CR
Value at index 37 differs. Expected BL; Found BM
Value at index 38 differs. Expected BM; Found EG
Value at index 39 differs. Expected BN; Found CM
Value at index 40 differs. Expected BO; Found EB
Value at index 42 differs. Expected BQ; Found BR
Value at index 43 differs. Expected BR; Found DY
Value at index 46 differs. Expected BU; Found BV
Value at index 47 differs. Expected BV; Found DU
Value at index 48 differs. Expected BW; Found CV
Value at index 49 differs. Expected BX; Found DD
Value at index 50 differs. Expected BY; Found FC
Value at index 51 differs. Expected BZ; Found EU
Value at index 55 differs. Expected CD; Found DV
Value at index 57 differs. Expected CF; Found EQ
Value at index 58 differs. Expected CG; Found FF
Value at index 59 differs. Expected CH; Found FQ
Value at index 61 differs. Expected CJ; Found AA
Value at index 63 differs. Expected CL; Found DO
Value at index 64 differs. Expected CM; Found BN
Value at index 65 differs. Expected CN; Found DI
Value at index 66 differs. Expected CO; Found DC
Value at index 69 differs. Expected CR; Found FM
Value at index 70 differs. Expected CS; Found DK
Value at index 71 differs. Expected CT; Found EH
Value at index 72 differs. Expected CU; Found CF
Value at index 73 differs. Expected CV; Found BW
Value at index 74 differs. Expected CW; Found BG
Value at index 77 differs. Expected CZ; Found ER
Value at index 79 differs. Expected DB; Found FH
Value at index 80 differs. Expected DC; Found ES
Value at index 81 differs. Expected DD; Found EV
Value at index 82 differs. Expected DE; Found EW
Value at index 83 differs. Expected DF; Found FR
Value at index 84 differs. Expected DG; Found CT
Value at index 85 differs. Expected DH; Found AY
Value at index 86 differs. Expected DI; Found FT
Value at index 88 differs. Expected DK; Found CS
Value at index 91 differs. Expected DN; Found BL
Value at index 92 differs. Expected DO; Found CL
Value at index 93 differs. Expected DP; Found BF
Value at index 96 differs. Expected DS; Found AO
Value at index 98 differs. Expected DU; Found BU
Value at index 99 differs. Expected DV; Found CD
Value at index 102 differs. Expected DY; Found FA
Value at index 103 differs. Expected DZ; Found EP
Value at index 104 differs. Expected EA; Found FS
Value at index 105 differs. Expected EB; Found DH
Value at index 108 differs. Expected EE; Found DS
Value at index 109 differs. Expected EF; Found AE
Value at index 110 differs. Expected EG; Found AM
Value at index 111 differs. Expected EH; Found FL
Value at index 112 differs. Expected EI; Found AV
Value at index 114 differs. Expected EK; Found FB
Value at index 118 differs. Expected EO; Found FJ
Value at index 119 differs. Expected EP; Found DZ
Value at index 120 differs. Expected EQ; Found CZ
Value at index 121 differs. Expected ER; Found DN
Value at index 122 differs. Expected ES; Found BA
Value at index 124 differs. Expected EU; Found BZ
Value at index 125 differs. Expected EV; Found AG
Value at index 126 differs. Expected EW; Found AC
Value at index 130 differs. Expected FA; Found AK
Value at index 131 differs. Expected FB; Found EK
Value at index 132 differs. Expected FC; Found AU
Value at index 133 differs. Expected FD; Found CW
Value at index 135 differs. Expected FF; Found DP
Value at index 137 differs. Expected FH; Found DB
Value at index 139 differs. Expected FJ; Found EO
Value at index 140 differs. Expected FK; Found DF
Value at index 141 differs. Expected FL; Found DG
Value at index 142 differs. Expected FM; Found BK
Value at index 143 differs. Expected FN; Found AX
Value at index 146 differs. Expected FQ; Found CH
Value at index 147 differs. Expected FR; Found BH
Value at index 148 differs. Expected FS; Found EA
Value at index 149 differs. Expected FT; Found AP

