Invalid read count. Expected: 138; Found: 0
Invalid write count. Expected: 54; Found: 0
Value at index 0 differs. Expected A; Found E
Value at index 1 differs. Expected B; Found J
Value at index 2 differs. Expected C; Found G
Value at index 3 differs. Expected D; Found B
Value at index 4 differs. Expected E; Found H
Value at index 6 differs. Expected G; Found A
Value at index 7 differs. Expected H; Found I
Value at index 8 differs. Expected I; Found C
Value at index 9 differs. Expected J; Found D

Invalid read count. Expected: 23 002; Found: 0
Invalid write count. Expected: 8 134; Found: 0
Value at index 1 differs. Expected AB; Found DC
Value at index 2 differs. Expected AC; Found AQ
Value at index 3 differs. Expected AD; Found FI
Value at index 5 differs. Expected AF; Found AC
Value at index 6 differs. Expected AG; Found BT
Value at index 7 differs. Expected AH; Found AG
Value at index 8 differs. Expected AI; Found DK
Value at index 9 differs. Expected AJ; Found EG
Value at index 10 differs. Expected AK; Found FE
Value at index 11 differs. Expected AL; Found BV
Value at index 13 differs. Expected AN; Found DH
Value at index 15 differs. Expected AP; Found AK
Value at index 16 differs. Expected AQ; Found BE
Value at index 17 differs. Expected AR; Found BH
Value at index 20 differs. Expected AU; Found DL
Value at index 21 differs. Expected AV; Found DI
Value at index 25 differs. Expected AZ; Found CO
Value at index 28 differs. Expected BC; Found AB
Value at index 30 differs. Expected BE; Found AF
Value at index 31 differs. Expected BF; Found FS
Value at index 33 differs. Expected BH; Found EC
Value at index 34 differs. Expected BI; Found DN
Value at index 35 differs. Expected BJ; Found DP
Value at index 37 differs. Expected BL; Found FL
Value at index 40 differs. Expected BO; Found BR
Value at index 41 differs. Expected BP; Found BL
Value at index 42 differs. Expected BQ; Found BO
Value at index 43 differs. Expected BR; Found EA
Value at index 45 differs. Expected BT; Found DQ
Value at index 46 differs. Expected BU; Found FG
Value at index 47 differs. Expected BV; Found AL
Value at index 48 differs. Expected BW; Found CE
Value at index 49 differs. Expected BX; Found CS
Value at index 50 differs. Expected BY; Found EU
Value at index 51 differs. Expected BZ; Found EJ
Value at index 52 differs. Expected CA; Found CW
Value at index 53 differs. Expected CB; Found FO
Value at index 54 differs. Expected CC; Found DT
Value at index 55 differs. Expected CD; Found BC
Value at index 56 differs. Expected CE; Found EI
Value at index 57 differs. Expected CF; Found CR
Value at index 58 differs. Expected CG; Found FD
Value at index 59 differs. Expected CH; Found FH
Value at index 60 differs. Expected CI; Found DS
Value at index 62 differs. Expected CK; Found EY
Value at index 65 differs. Expected CN; Found CX
Value at index 66 differs. Expected CO; Found EQ
Value at index 68 differs. Expected CQ; Found EX
Value at index 69 differs. Expected CR; Found CT
Value at index 70 differs. Expected CS; Found BX
Value at index 71 differs. Expected CT; Found DU
Value at index 72 differs. Expected CU; Found DB
Value at index 73 differs. Expected CV; Found BJ
Value at index 74 differs. Expected CW; Found AD
Value at index 75 differs. Expected CX; Found CH
Value at index 77 differs. Expected CZ; Found DV
Value at index 78 differs. Expected DA; Found EP
Value at index 79 differs. Expected DB; Found BY
Value at index 80 differs. Expected DC; Found CZ
Value at index 81 differs. Expected DD; Found AI
Value at index 84 differs. Expected DG; Found DJ
Value at index 85 differs. Expected DH; Found EV
Value at index 86 differs. Expected DI; Found AV
Value at index 87 differs. Expected DJ; Found BQ
Value at index 88 differs. Expected DK; Found DD
Value at index 89 differs. Expected DL; Found BI
Value at index 91 differs. Expected DN; Found EW
Value at index 93 differs. Expected DP; Found BF
Value at index 94 differs. Expected DQ; Found ED
Value at index 95 differs. Expected DR; Found CU
Value at index 96 differs. Expected DS; Found CQ
Value at index 97 differs. Expected DT; Found AN
Value at index 98 differs. Expected DU; Found EB
Value at index 99 differs. Expected DV; Found CD
Value at index 101 differs. Expected DX; Found AR
Value at index 104 differs. Expected EA; Found EL
Value at index 105 differs. Expected EB; Found DX
Value at index 106 differs. Expected EC; Found CF
Value at index 107 differs. Expected ED; Found EF
Value at index 109 differs. Expected EF; Found AH
Value at index 110 differs. Expected EG; Found AJ
Value at index 112 differs. Expected EI; Found BW
Value at index 113 differs. Expected EJ; Found BZ
Value at index 115 differs. Expected EL; Found DG
Value at index 116 differs. Expected EM; Found CC
Value at index 119 differs. Expected EP; Found DA
Value at index 120 differs. Expected EQ; Found AZ
Value at index 121 differs. Expected ER; Found FF
Value at index 124 differs. Expected EU; Found DR
Value at index 125 differs. Expected EV; Found EM
Value at index 126 differs. Expected EW; Found EZ
Value at index 127 differs. Expected EX; Found CI
Value at index 128 differs. Expected EY; Found CK
Value at index 129 differs. Expected EZ; Found AU
Value at index 133 differs. Expected FD; Found CG
Value at index 134 differs. Expected FE; Found AP
Value at index 135 differs. Expected FF; Found ER
Value at index 136 differs. Expected FG; Found BU
Value at index 137 differs. Expected FH; Found CN
Value at index 138 differs. Expected FI; Found CA
Value at index 141 differs. Expected FL; Found BP
Value at index 144 differs. Expected FO; Found CB
Value at index 148 differs. Expected FS; Found CV

