Invalid read count. Expected: 106; Found: 0
Invalid write count. Expected: 36; Found: 0
Value at index 0 differs. Expected A; Found F
Value at index 1 differs. Expected B; Found D
Value at index 2 differs. Expected C; Found A
Value at index 3 differs. Expected D; Found I
Value at index 5 differs. Expected F; Found C
Value at index 8 differs. Expected I; Found B

Invalid read count. Expected: 21 286; Found: 0
Invalid write count. Expected: 8 248; Found: 0
Value at index 0 differs. Expected AA; Found CA
Value at index 1 differs. Expected AB; Found AL
Value at index 3 differs. Expected AD; Found AU
Value at index 4 differs. Expected AE; Found BN
Value at index 5 differs. Expected AF; Found EO
Value at index 6 differs. Expected AG; Found AR
Value at index 7 differs. Expected AH; Found DA
Value at index 8 differs. Expected AI; Found EK
Value at index 9 differs. Expected AJ; Found BL
Value at index 11 differs. Expected AL; Found DG
Value at index 13 differs. Expected AN; Found BJ
Value at index 14 differs. Expected AO; Found CJ
Value at index 15 differs. Expected AP; Found DC
Value at index 16 differs. Expected AQ; Found AO
Value at index 17 differs. Expected AR; Found BQ
Value at index 18 differs. Expected AS; Found DE
Value at index 20 differs. Expected AU; Found DY
Value at index 22 differs. Expected AW; Found BX
Value at index 23 differs. Expected AX; Found BS
Value at index 24 differs. Expected AY; Found AN
Value at index 26 differs. Expected BA; Found AW
Value at index 29 differs. Expected BD; Found EL
Value at index 30 differs. Expected BE; Found AX
Value at index 31 differs. Expected BF; Found FQ
Value at index 32 differs. Expected BG; Found CK
Value at index 33 differs. Expected BH; Found EQ
Value at index 35 differs. Expected BJ; Found FD
Value at index 37 differs. Expected BL; Found FB
Value at index 38 differs. Expected BM; Found CY
Value at index 39 differs. Expected BN; Found AE
Value at index 40 differs. Expected BO; Found CG
Value at index 41 differs. Expected BP; Found DS
Value at index 42 differs. Expected BQ; Found AG
Value at index 43 differs. Expected BR; Found BV
Value at index 44 differs. Expected BS; Found DJ
Value at index 45 differs. Expected BT; Found FI
Value at index 46 differs. Expected BU; Found BF
Value at index 47 differs. Expected BV; Found BU
Value at index 48 differs. Expected BW; Found FP
Value at index 49 differs. Expected BX; Found FG
Value at index 52 differs. Expected CA; Found CI
Value at index 54 differs. Expected CC; Found DO
Value at index 56 differs. Expected CE; Found CH
Value at index 58 differs. Expected CG; Found DQ
Value at index 59 differs. Expected CH; Found BR
Value at index 60 differs. Expected CI; Found ES
Value at index 61 differs. Expected CJ; Found EN
Value at index 62 differs. Expected CK; Found BG
Value at index 65 differs. Expected CN; Found ET
Value at index 66 differs. Expected CO; Found AS
Value at index 70 differs. Expected CS; Found FS
Value at index 74 differs. Expected CW; Found EJ
Value at index 75 differs. Expected CX; Found DH
Value at index 76 differs. Expected CY; Found DD
Value at index 78 differs. Expected DA; Found AH
Value at index 79 differs. Expected DB; Found CN
Value at index 80 differs. Expected DC; Found EB
Value at index 81 differs. Expected DD; Found BM
Value at index 82 differs. Expected DE; Found FA
Value at index 83 differs. Expected DF; Found AP
Value at index 84 differs. Expected DG; Found AJ
Value at index 85 differs. Expected DH; Found CX
Value at index 87 differs. Expected DJ; Found CW
Value at index 89 differs. Expected DL; Found AQ
Value at index 91 differs. Expected DN; Found DP
Value at index 92 differs. Expected DO; Found FM
Value at index 93 differs. Expected DP; Found DN
Value at index 94 differs. Expected DQ; Found BO
Value at index 96 differs. Expected DS; Found BP
Value at index 98 differs. Expected DU; Found EU
Value at index 100 differs. Expected DW; Found EV
Value at index 101 differs. Expected DX; Found EF
Value at index 102 differs. Expected DY; Found AB
Value at index 104 differs. Expected EA; Found FE
Value at index 105 differs. Expected EB; Found DF
Value at index 109 differs. Expected EF; Found DX
Value at index 110 differs. Expected EG; Found DB
Value at index 111 differs. Expected EH; Found FH
Value at index 113 differs. Expected EJ; Found BD
Value at index 114 differs. Expected EK; Found AI
Value at index 115 differs. Expected EL; Found AF
Value at index 117 differs. Expected EN; Found DL
Value at index 118 differs. Expected EO; Found FT
Value at index 119 differs. Expected EP; Found CO
Value at index 120 differs. Expected EQ; Found CS
Value at index 122 differs. Expected ES; Found AA
Value at index 123 differs. Expected ET; Found EA
Value at index 124 differs. Expected EU; Found FN
Value at index 125 differs. Expected EV; Found FL
Value at index 126 differs. Expected EW; Found BW
Value at index 130 differs. Expected FA; Found EP
Value at index 131 differs. Expected FB; Found AD
Value at index 133 differs. Expected FD; Found FK
Value at index 134 differs. Expected FE; Found EG
Value at index 136 differs. Expected FG; Found BA
Value at index 137 differs. Expected FH; Found EH
Value at index 138 differs. Expected FI; Found BT
Value at index 139 differs. Expected FJ; Found AY
Value at index 140 differs. Expected FK; Found FJ
Value at index 141 differs. Expected FL; Found DW
Value at index 142 differs. Expected FM; Found CC
Value at index 143 differs. Expected FN; Found BH
Value at index 145 differs. Expected FP; Found EW
Value at index 146 differs. Expected FQ; Found CE
Value at index 147 differs. Expected FR; Found BE
Value at index 148 differs. Expected FS; Found DU
Value at index 149 differs. Expected FT; Found FR

