Invalid read count. Expected: 114; Found: 6
Invalid write count. Expected: 36; Found: 2
Value at index 0 differs. Expected A; Found E
Value at index 1 differs. Expected B; Found D
Value at index 2 differs. Expected C; Found H
Value at index 3 differs. Expected D; Found B
Value at index 4 differs. Expected E; Found F
Value at index 5 differs. Expected F; Found A
Value at index 6 differs. Expected G; Found I
Value at index 7 differs. Expected H; Found C
Value at index 8 differs. Expected I; Found G

Invalid read count. Expected: 24 216; Found: 6
Invalid write count. Expected: 9 698; Found: 2
Value at index 0 differs. Expected AA; Found BD
Value at index 1 differs. Expected AB; Found CM
Value at index 2 differs. Expected AC; Found EY
Value at index 4 differs. Expected AE; Found FM
Value at index 5 differs. Expected AF; Found FT
Value at index 7 differs. Expected AH; Found EI
Value at index 8 differs. Expected AI; Found DL
Value at index 9 differs. Expected AJ; Found AN
Value at index 10 differs. Expected AK; Found CQ
Value at index 11 differs. Expected AL; Found CK
Value at index 13 differs. Expected AN; Found DI
Value at index 17 differs. Expected AR; Found CP
Value at index 18 differs. Expected AS; Found BC
Value at index 19 differs. Expected AT; Found BT
Value at index 22 differs. Expected AW; Found AJ
Value at index 23 differs. Expected AX; Found AS
Value at index 24 differs. Expected AY; Found CL
Value at index 25 differs. Expected AZ; Found AK
Value at index 26 differs. Expected BA; Found ES
Value at index 28 differs. Expected BC; Found CN
Value at index 29 differs. Expected BD; Found BY
Value at index 32 differs. Expected BG; Found DT
Value at index 34 differs. Expected BI; Found CB
Value at index 35 differs. Expected BJ; Found BV
Value at index 36 differs. Expected BK; Found EE
Value at index 37 differs. Expected BL; Found FP
Value at index 38 differs. Expected BM; Found EL
Value at index 39 differs. Expected BN; Found FS
Value at index 40 differs. Expected BO; Found EC
Value at index 41 differs. Expected BP; Found EV
Value at index 42 differs. Expected BQ; Found BG
Value at index 43 differs. Expected BR; Found DK
Value at index 44 differs. Expected BS; Found DB
Value at index 45 differs. Expected BT; Found FK
Value at index 47 differs. Expected BV; Found FG
Value at index 50 differs. Expected BY; Found DZ
Value at index 51 differs. Expected BZ; Found CA
Value at index 52 differs. Expected CA; Found BZ
Value at index 53 differs. Expected CB; Found FO
Value at index 54 differs. Expected CC; Found EU
Value at index 56 differs. Expected CE; Found ET
Value at index 60 differs. Expected CI; Found DE
Value at index 62 differs. Expected CK; Found CI
Value at index 63 differs. Expected CL; Found AY
Value at index 64 differs. Expected CM; Found EW
Value at index 65 differs. Expected CN; Found AX
Value at index 67 differs. Expected CP; Found AW
Value at index 68 differs. Expected CQ; Found DP
Value at index 72 differs. Expected CU; Found BM
Value at index 74 differs. Expected CW; Found DS
Value at index 77 differs. Expected CZ; Found EZ
Value at index 78 differs. Expected DA; Found FA
Value at index 79 differs. Expected DB; Found FR
Value at index 80 differs. Expected DC; Found FB
Value at index 81 differs. Expected DD; Found DR
Value at index 82 differs. Expected DE; Found AL
Value at index 83 differs. Expected DF; Found AT
Value at index 84 differs. Expected DG; Found EG
Value at index 86 differs. Expected DI; Found AR
Value at index 87 differs. Expected DJ; Found DF
Value at index 88 differs. Expected DK; Found EM
Value at index 89 differs. Expected DL; Found AI
Value at index 90 differs. Expected DM; Found DA
Value at index 91 differs. Expected DN; Found BK
Value at index 92 differs. Expected DO; Found CE
Value at index 93 differs. Expected DP; Found FE
Value at index 94 differs. Expected DQ; Found FJ
Value at index 95 differs. Expected DR; Found FL
Value at index 96 differs. Expected DS; Found CW
Value at index 97 differs. Expected DT; Found BJ
Value at index 98 differs. Expected DU; Found AF
Value at index 103 differs. Expected DZ; Found BP
Value at index 105 differs. Expected EB; Found EO
Value at index 106 differs. Expected EC; Found BO
Value at index 107 differs. Expected ED; Found EF
Value at index 108 differs. Expected EE; Found DN
Value at index 109 differs. Expected EF; Found DO
Value at index 110 differs. Expected EG; Found ED
Value at index 112 differs. Expected EI; Found DM
Value at index 113 differs. Expected EJ; Found FH
Value at index 114 differs. Expected EK; Found EP
Value at index 115 differs. Expected EL; Found CU
Value at index 116 differs. Expected EM; Found BR
Value at index 118 differs. Expected EO; Found EB
Value at index 119 differs. Expected EP; Found EK
Value at index 120 differs. Expected EQ; Found EJ
Value at index 122 differs. Expected ES; Found FF
Value at index 123 differs. Expected ET; Found FQ
Value at index 124 differs. Expected EU; Found CC
Value at index 125 differs. Expected EV; Found BS
Value at index 126 differs. Expected EW; Found CZ
Value at index 128 differs. Expected EY; Found AB
Value at index 129 differs. Expected EZ; Found AC
Value at index 130 differs. Expected FA; Found AH
Value at index 131 differs. Expected FB; Found DG
Value at index 134 differs. Expected FE; Found AZ
Value at index 135 differs. Expected FF; Found BA
Value at index 136 differs. Expected FG; Found BQ
Value at index 137 differs. Expected FH; Found EQ
Value at index 139 differs. Expected FJ; Found DQ
Value at index 140 differs. Expected FK; Found DU
Value at index 141 differs. Expected FL; Found DD
Value at index 142 differs. Expected FM; Found AE
Value at index 144 differs. Expected FO; Found BI
Value at index 145 differs. Expected FP; Found BL
Value at index 146 differs. Expected FQ; Found DC
Value at index 147 differs. Expected FR; Found AA
Value at index 148 differs. Expected FS; Found BN
Value at index 149 differs. Expected FT; Found DJ

