Invalid read count. Expected: 80; Found: 52
Invalid write count. Expected: 20; Found: 18
Value at index 4 differs. Expected E; Found F
Value at index 5 differs. Expected F; Found E

Invalid read count. Expected: 20 056; Found: 1 166
Invalid write count. Expected: 8 008; Found: 572
Value at index 3 differs. Expected AD; Found EA
Value at index 4 differs. Expected AE; Found EL
Value at index 9 differs. Expected AJ; Found CI
Value at index 10 differs. Expected AK; Found BM
Value at index 11 differs. Expected AL; Found FH
Value at index 12 differs. Expected AM; Found EN
Value at index 13 differs. Expected AN; Found BO
Value at index 17 differs. Expected AR; Found CX
Value at index 18 differs. Expected AS; Found BV
Value at index 19 differs. Expected AT; Found DU
Value at index 20 differs. Expected AU; Found FI
Value at index 21 differs. Expected AV; Found EV
Value at index 23 differs. Expected AX; Found DB
Value at index 25 differs. Expected AZ; Found FF
Value at index 26 differs. Expected BA; Found CT
Value at index 27 differs. Expected BB; Found ES
Value at index 28 differs. Expected BC; Found CP
Value at index 30 differs. Expected BE; Found CE
Value at index 32 differs. Expected BG; Found CN
Value at index 34 differs. Expected BI; Found AK
Value at index 36 differs. Expected BK; Found DA
Value at index 37 differs. Expected BL; Found EP
Value at index 38 differs. Expected BM; Found BI
Value at index 40 differs. Expected BO; Found BQ
Value at index 42 differs. Expected BQ; Found BG
Value at index 43 differs. Expected BR; Found DM
Value at index 44 differs. Expected BS; Found CL
Value at index 45 differs. Expected BT; Found DZ
Value at index 47 differs. Expected BV; Found AM
Value at index 50 differs. Expected BY; Found CR
Value at index 51 differs. Expected BZ; Found BK
Value at index 53 differs. Expected CB; Found CC
Value at index 54 differs. Expected CC; Found CB
Value at index 56 differs. Expected CE; Found AJ
Value at index 59 differs. Expected CH; Found FQ
Value at index 60 differs. Expected CI; Found BE
Value at index 61 differs. Expected CJ; Found FG
Value at index 63 differs. Expected CL; Found DF
Value at index 65 differs. Expected CN; Found AN
Value at index 66 differs. Expected CO; Found DE
Value at index 67 differs. Expected CP; Found BC
Value at index 69 differs. Expected CR; Found BY
Value at index 71 differs. Expected CT; Found EC
Value at index 75 differs. Expected CX; Found AR
Value at index 78 differs. Expected DA; Found BZ
Value at index 79 differs. Expected DB; Found BB
Value at index 81 differs. Expected DD; Found DK
Value at index 82 differs. Expected DE; Found CO
Value at index 83 differs. Expected DF; Found ET
Value at index 84 differs. Expected DG; Found DW
Value at index 85 differs. Expected DH; Found EJ
Value at index 88 differs. Expected DK; Found AE
Value at index 89 differs. Expected DL; Found BA
Value at index 90 differs. Expected DM; Found FL
Value at index 92 differs. Expected DO; Found AU
Value at index 96 differs. Expected DS; Found FN
Value at index 97 differs. Expected DT; Found FM
Value at index 98 differs. Expected DU; Found DT
Value at index 99 differs. Expected DV; Found AT
Value at index 100 differs. Expected DW; Found DG
Value at index 101 differs. Expected DX; Found FS
Value at index 102 differs. Expected DY; Found AD
Value at index 103 differs. Expected DZ; Found ER
Value at index 104 differs. Expected EA; Found DX
Value at index 106 differs. Expected EC; Found DL
Value at index 108 differs. Expected EE; Found EH
Value at index 111 differs. Expected EH; Found EE
Value at index 112 differs. Expected EI; Found EZ
Value at index 113 differs. Expected EJ; Found DH
Value at index 114 differs. Expected EK; Found FK
Value at index 115 differs. Expected EL; Found AL
Value at index 116 differs. Expected EM; Found AV
Value at index 117 differs. Expected EN; Found AS
Value at index 119 differs. Expected EP; Found BL
Value at index 121 differs. Expected ER; Found BT
Value at index 122 differs. Expected ES; Found FE
Value at index 123 differs. Expected ET; Found BS
Value at index 125 differs. Expected EV; Found EM
Value at index 127 differs. Expected EX; Found FC
Value at index 129 differs. Expected EZ; Found EI
Value at index 132 differs. Expected FC; Found EX
Value at index 134 differs. Expected FE; Found AX
Value at index 135 differs. Expected FF; Found AZ
Value at index 136 differs. Expected FG; Found CJ
Value at index 137 differs. Expected FH; Found FP
Value at index 138 differs. Expected FI; Found DD
Value at index 140 differs. Expected FK; Found EK
Value at index 141 differs. Expected FL; Found BR
Value at index 142 differs. Expected FM; Found DV
Value at index 143 differs. Expected FN; Found DS
Value at index 145 differs. Expected FP; Found CH
Value at index 146 differs. Expected FQ; Found DO
Value at index 148 differs. Expected FS; Found DY

