Invalid read count. Expected: 134; Found: 64
Invalid write count. Expected: 50; Found: 30
Value at index 1 differs. Expected B; Found G
Value at index 2 differs. Expected C; Found D
Value at index 3 differs. Expected D; Found E
Value at index 4 differs. Expected E; Found B
Value at index 6 differs. Expected G; Found C

Invalid read count. Expected: 24 974; Found: 1 162
Invalid write count. Expected: 9 764; Found: 568
Value at index 2 differs. Expected AC; Found CK
Value at index 3 differs. Expected AD; Found EC
Value at index 4 differs. Expected AE; Found BN
Value at index 5 differs. Expected AF; Found DO
Value at index 6 differs. Expected AG; Found EQ
Value at index 7 differs. Expected AH; Found ET
Value at index 9 differs. Expected AJ; Found FD
Value at index 10 differs. Expected AK; Found DU
Value at index 11 differs. Expected AL; Found DS
Value at index 12 differs. Expected AM; Found EM
Value at index 13 differs. Expected AN; Found EE
Value at index 15 differs. Expected AP; Found EL
Value at index 17 differs. Expected AR; Found CE
Value at index 18 differs. Expected AS; Found CO
Value at index 20 differs. Expected AU; Found DR
Value at index 23 differs. Expected AX; Found BU
Value at index 24 differs. Expected AY; Found BQ
Value at index 27 differs. Expected BB; Found FH
Value at index 28 differs. Expected BC; Found FS
Value at index 31 differs. Expected BF; Found DC
Value at index 32 differs. Expected BG; Found CC
Value at index 34 differs. Expected BI; Found BK
Value at index 35 differs. Expected BJ; Found DY
Value at index 36 differs. Expected BK; Found CU
Value at index 37 differs. Expected BL; Found FG
Value at index 39 differs. Expected BN; Found ES
Value at index 40 differs. Expected BO; Found FB
Value at index 42 differs. Expected BQ; Found AM
Value at index 44 differs. Expected BS; Found ER
Value at index 46 differs. Expected BU; Found AC
Value at index 48 differs. Expected BW; Found FR
Value at index 49 differs. Expected BX; Found BO
Value at index 50 differs. Expected BY; Found EW
Value at index 52 differs. Expected CA; Found DH
Value at index 53 differs. Expected CB; Found DM
Value at index 54 differs. Expected CC; Found DE
Value at index 56 differs. Expected CE; Found AR
Value at index 57 differs. Expected CF; Found AY
Value at index 58 differs. Expected CG; Found DJ
Value at index 59 differs. Expected CH; Found CL
Value at index 60 differs. Expected CI; Found DA
Value at index 61 differs. Expected CJ; Found DB
Value at index 62 differs. Expected CK; Found FI
Value at index 63 differs. Expected CL; Found BL
Value at index 64 differs. Expected CM; Found AG
Value at index 65 differs. Expected CN; Found EG
Value at index 66 differs. Expected CO; Found AS
Value at index 67 differs. Expected CP; Found DZ
Value at index 72 differs. Expected CU; Found BB
Value at index 74 differs. Expected CW; Found EY
Value at index 75 differs. Expected CX; Found BG
Value at index 76 differs. Expected CY; Found CM
Value at index 78 differs. Expected DA; Found DD
Value at index 79 differs. Expected DB; Found AH
Value at index 80 differs. Expected DC; Found BF
Value at index 81 differs. Expected DD; Found CG
Value at index 82 differs. Expected DE; Found FK
Value at index 83 differs. Expected DF; Found BY
Value at index 85 differs. Expected DH; Found CA
Value at index 86 differs. Expected DI; Found CX
Value at index 87 differs. Expected DJ; Found DW
Value at index 88 differs. Expected DK; Found CP
Value at index 90 differs. Expected DM; Found CB
Value at index 92 differs. Expected DO; Found AF
Value at index 93 differs. Expected DP; Found AJ
Value at index 95 differs. Expected DR; Found AU
Value at index 96 differs. Expected DS; Found AL
Value at index 98 differs. Expected DU; Found AK
Value at index 99 differs. Expected DV; Found BI
Value at index 100 differs. Expected DW; Found EO
Value at index 102 differs. Expected DY; Found FL
Value at index 103 differs. Expected DZ; Found DK
Value at index 105 differs. Expected EB; Found FF
Value at index 106 differs. Expected EC; Found AD
Value at index 107 differs. Expected ED; Found EF
Value at index 108 differs. Expected EE; Found DV
Value at index 109 differs. Expected EF; Found FP
Value at index 110 differs. Expected EG; Found EB
Value at index 114 differs. Expected EK; Found AN
Value at index 115 differs. Expected EL; Found AP
Value at index 116 differs. Expected EM; Found CF
Value at index 117 differs. Expected EN; Found BC
Value at index 118 differs. Expected EO; Found FJ
Value at index 120 differs. Expected EQ; Found AE
Value at index 121 differs. Expected ER; Found AX
Value at index 122 differs. Expected ES; Found BJ
Value at index 123 differs. Expected ET; Found CY
Value at index 126 differs. Expected EW; Found DI
Value at index 128 differs. Expected EY; Found DF
Value at index 131 differs. Expected FB; Found BW
Value at index 133 differs. Expected FD; Found CJ
Value at index 135 differs. Expected FF; Found CN
Value at index 136 differs. Expected FG; Found EK
Value at index 137 differs. Expected FH; Found CH
Value at index 138 differs. Expected FI; Found BS
Value at index 139 differs. Expected FJ; Found CI
Value at index 140 differs. Expected FK; Found CW
Value at index 141 differs. Expected FL; Found BX
Value at index 145 differs. Expected FP; Found ED
Value at index 147 differs. Expected FR; Found DP
Value at index 148 differs. Expected FS; Found EN

