Invalid read count. Expected: 132; Found: 6
Invalid write count. Expected: 54; Found: 2
Value at index 0 differs. Expected A; Found H
Value at index 1 differs. Expected B; Found C
Value at index 2 differs. Expected C; Found I
Value at index 3 differs. Expected D; Found G
Value at index 4 differs. Expected E; Found B
Value at index 5 differs. Expected F; Found A
Value at index 6 differs. Expected G; Found F
Value at index 7 differs. Expected H; Found J
Value at index 8 differs. Expected I; Found E
Value at index 9 differs. Expected J; Found D

Invalid read count. Expected: 24 440; Found: 4
Invalid write count. Expected: 9 572; Found: 2
Value at index 0 differs. Expected AA; Found AB
Value at index 1 differs. Expected AB; Found FO
Value at index 2 differs. Expected AC; Found CU
Value at index 3 differs. Expected AD; Found FI
Value at index 4 differs. Expected AE; Found CC
Value at index 6 differs. Expected AG; Found DG
Value at index 7 differs. Expected AH; Found CW
Value at index 8 differs. Expected AI; Found BH
Value at index 12 differs. Expected AM; Found BB
Value at index 13 differs. Expected AN; Found DD
Value at index 14 differs. Expected AO; Found AX
Value at index 15 differs. Expected AP; Found CO
Value at index 16 differs. Expected AQ; Found DQ
Value at index 18 differs. Expected AS; Found EC
Value at index 19 differs. Expected AT; Found FP
Value at index 20 differs. Expected AU; Found FJ
Value at index 21 differs. Expected AV; Found FR
Value at index 23 differs. Expected AX; Found FA
Value at index 24 differs. Expected AY; Found EB
Value at index 25 differs. Expected AZ; Found EJ
Value at index 27 differs. Expected BB; Found DW
Value at index 28 differs. Expected BC; Found FN
Value at index 29 differs. Expected BD; Found EP
Value at index 30 differs. Expected BE; Found CP
Value at index 31 differs. Expected BF; Found DR
Value at index 32 differs. Expected BG; Found DS
Value at index 33 differs. Expected BH; Found AI
Value at index 34 differs. Expected BI; Found AC
Value at index 35 differs. Expected BJ; Found FT
Value at index 36 differs. Expected BK; Found BG
Value at index 37 differs. Expected BL; Found CX
Value at index 39 differs. Expected BN; Found BU
Value at index 41 differs. Expected BP; Found BC
Value at index 42 differs. Expected BQ; Found DX
Value at index 43 differs. Expected BR; Found EM
Value at index 44 differs. Expected BS; Found CI
Value at index 46 differs. Expected BU; Found AD
Value at index 47 differs. Expected BV; Found CQ
Value at index 51 differs. Expected BZ; Found BP
Value at index 54 differs. Expected CC; Found EA
Value at index 57 differs. Expected CF; Found CS
Value at index 59 differs. Expected CH; Found ES
Value at index 60 differs. Expected CI; Found EX
Value at index 62 differs. Expected CK; Found DM
Value at index 63 differs. Expected CL; Found AG
Value at index 66 differs. Expected CO; Found AP
Value at index 67 differs. Expected CP; Found DY
Value at index 68 differs. Expected CQ; Found DK
Value at index 70 differs. Expected CS; Found CH
Value at index 71 differs. Expected CT; Found BE
Value at index 72 differs. Expected CU; Found AO
Value at index 74 differs. Expected CW; Found AH
Value at index 75 differs. Expected CX; Found BL
Value at index 76 differs. Expected CY; Found BI
Value at index 77 differs. Expected CZ; Found ET
Value at index 78 differs. Expected DA; Found CZ
Value at index 80 differs. Expected DC; Found EQ
Value at index 81 differs. Expected DD; Found AN
Value at index 84 differs. Expected DG; Found FS
Value at index 85 differs. Expected DH; Found DP
Value at index 86 differs. Expected DI; Found DL
Value at index 88 differs. Expected DK; Found FL
Value at index 89 differs. Expected DL; Found EG
Value at index 90 differs. Expected DM; Found CK
Value at index 93 differs. Expected DP; Found DH
Value at index 94 differs. Expected DQ; Found EN
Value at index 95 differs. Expected DR; Found BF
Value at index 96 differs. Expected DS; Found BK
Value at index 97 differs. Expected DT; Found AQ
Value at index 100 differs. Expected DW; Found AM
Value at index 101 differs. Expected DX; Found EV
Value at index 102 differs. Expected DY; Found CT
Value at index 103 differs. Expected DZ; Found EE
Value at index 104 differs. Expected EA; Found AE
Value at index 105 differs. Expected EB; Found BQ
Value at index 106 differs. Expected EC; Found AV
Value at index 107 differs. Expected ED; Found CF
Value at index 108 differs. Expected EE; Found DZ
Value at index 109 differs. Expected EF; Found FG
Value at index 110 differs. Expected EG; Found BV
Value at index 111 differs. Expected EH; Found AZ
Value at index 113 differs. Expected EJ; Found AU
Value at index 116 differs. Expected EM; Found CY
Value at index 117 differs. Expected EN; Found BD
Value at index 119 differs. Expected EP; Found DT
Value at index 120 differs. Expected EQ; Found DC
Value at index 122 differs. Expected ES; Found ED
Value at index 123 differs. Expected ET; Found BR
Value at index 125 differs. Expected EV; Found AY
Value at index 126 differs. Expected EW; Found FB
Value at index 127 differs. Expected EX; Found BS
Value at index 130 differs. Expected FA; Found DA
Value at index 131 differs. Expected FB; Found EW
Value at index 136 differs. Expected FG; Found EF
Value at index 138 differs. Expected FI; Found BN
Value at index 139 differs. Expected FJ; Found EH
Value at index 141 differs. Expected FL; Found DI
Value at index 143 differs. Expected FN; Found BZ
Value at index 144 differs. Expected FO; Found AA
Value at index 145 differs. Expected FP; Found AT
Value at index 147 differs. Expected FR; Found AS
Value at index 148 differs. Expected FS; Found CL
Value at index 149 differs. Expected FT; Found BJ

