Invalid read count. Expected: 78; Found: 2
Invalid write count. Expected: 18; Found: 0
Value at index 2 differs. Expected C; Found H
Value at index 3 differs. Expected D; Found E
Value at index 4 differs. Expected E; Found D
Value at index 6 differs. Expected G; Found C
Value at index 7 differs. Expected H; Found G

Invalid read count. Expected: 22 260; Found: 2
Invalid write count. Expected: 8 652; Found: 0
Value at index 2 differs. Expected AC; Found ED
Value at index 3 differs. Expected AD; Found BO
Value at index 5 differs. Expected AF; Found DD
Value at index 6 differs. Expected AG; Found CL
Value at index 7 differs. Expected AH; Found BT
Value at index 11 differs. Expected AL; Found CN
Value at index 12 differs. Expected AM; Found DV
Value at index 13 differs. Expected AN; Found CM
Value at index 15 differs. Expected AP; Found EC
Value at index 16 differs. Expected AQ; Found DH
Value at index 17 differs. Expected AR; Found CX
Value at index 18 differs. Expected AS; Found FQ
Value at index 19 differs. Expected AT; Found FP
Value at index 20 differs. Expected AU; Found BC
Value at index 21 differs. Expected AV; Found EB
Value at index 24 differs. Expected AY; Found EG
Value at index 25 differs. Expected AZ; Found DO
Value at index 27 differs. Expected BB; Found BM
Value at index 28 differs. Expected BC; Found AZ
Value at index 29 differs. Expected BD; Found BP
Value at index 30 differs. Expected BE; Found AN
Value at index 31 differs. Expected BF; Found BQ
Value at index 33 differs. Expected BH; Found DS
Value at index 34 differs. Expected BI; Found CK
Value at index 35 differs. Expected BJ; Found FL
Value at index 36 differs. Expected BK; Found EW
Value at index 37 differs. Expected BL; Found DJ
Value at index 38 differs. Expected BM; Found CG
Value at index 39 differs. Expected BN; Found AR
Value at index 40 differs. Expected BO; Found DY
Value at index 41 differs. Expected BP; Found BZ
Value at index 42 differs. Expected BQ; Found AD
Value at index 43 differs. Expected BR; Found FF
Value at index 45 differs. Expected BT; Found BR
Value at index 46 differs. Expected BU; Found AV
Value at index 47 differs. Expected BV; Found BL
Value at index 50 differs. Expected BY; Found CD
Value at index 51 differs. Expected BZ; Found BD
Value at index 52 differs. Expected CA; Found BB
Value at index 55 differs. Expected CD; Found CU
Value at index 56 differs. Expected CE; Found EP
Value at index 58 differs. Expected CG; Found FJ
Value at index 59 differs. Expected CH; Found CA
Value at index 61 differs. Expected CJ; Found FT
Value at index 62 differs. Expected CK; Found DK
Value at index 63 differs. Expected CL; Found BI
Value at index 64 differs. Expected CM; Found FS
Value at index 65 differs. Expected CN; Found AL
Value at index 66 differs. Expected CO; Found DU
Value at index 67 differs. Expected CP; Found EZ
Value at index 68 differs. Expected CQ; Found CY
Value at index 69 differs. Expected CR; Found DF
Value at index 70 differs. Expected CS; Found DB
Value at index 71 differs. Expected CT; Found BK
Value at index 72 differs. Expected CU; Found CT
Value at index 74 differs. Expected CW; Found ES
Value at index 75 differs. Expected CX; Found BN
Value at index 76 differs. Expected CY; Found AG
Value at index 77 differs. Expected CZ; Found EH
Value at index 79 differs. Expected DB; Found CP
Value at index 80 differs. Expected DC; Found EX
Value at index 81 differs. Expected DD; Found FR
Value at index 83 differs. Expected DF; Found EM
Value at index 84 differs. Expected DG; Found BH
Value at index 85 differs. Expected DH; Found AQ
Value at index 87 differs. Expected DJ; Found CE
Value at index 88 differs. Expected DK; Found CQ
Value at index 92 differs. Expected DO; Found CO
Value at index 96 differs. Expected DS; Found DG
Value at index 97 differs. Expected DT; Found FA
Value at index 98 differs. Expected DU; Found AU
Value at index 99 differs. Expected DV; Found CS
Value at index 102 differs. Expected DY; Found EQ
Value at index 105 differs. Expected EB; Found AM
Value at index 106 differs. Expected EC; Found AP
Value at index 107 differs. Expected ED; Found AC
Value at index 108 differs. Expected EE; Found FK
Value at index 110 differs. Expected EG; Found EV
Value at index 111 differs. Expected EH; Found CZ
Value at index 113 differs. Expected EJ; Found EL
Value at index 115 differs. Expected EL; Found EO
Value at index 116 differs. Expected EM; Found CR
Value at index 118 differs. Expected EO; Found EJ
Value at index 119 differs. Expected EP; Found BV
Value at index 120 differs. Expected EQ; Found CJ
Value at index 122 differs. Expected ES; Found CH
Value at index 123 differs. Expected ET; Found AT
Value at index 125 differs. Expected EV; Found AY
Value at index 126 differs. Expected EW; Found BY
Value at index 127 differs. Expected EX; Found DC
Value at index 129 differs. Expected EZ; Found BU
Value at index 130 differs. Expected FA; Found FI
Value at index 133 differs. Expected FD; Found FG
Value at index 135 differs. Expected FF; Found AH
Value at index 136 differs. Expected FG; Found EE
Value at index 138 differs. Expected FI; Found DT
Value at index 139 differs. Expected FJ; Found CW
Value at index 140 differs. Expected FK; Found FD
Value at index 141 differs. Expected FL; Found BF
Value at index 145 differs. Expected FP; Found ET
Value at index 146 differs. Expected FQ; Found AS
Value at index 147 differs. Expected FR; Found AF
Value at index 148 differs. Expected FS; Found BE
Value at index 149 differs. Expected FT; Found BJ

