Invalid read count. Expected: 70; Found: 126
Invalid write count. Expected: 22; Found: 12
Value at index 0 differs. Expected A; Found F
Value at index 1 differs. Expected B; Found A
Value at index 2 differs. Expected C; Found B
Value at index 3 differs. Expected D; Found C
Value at index 4 differs. Expected E; Found D
Value at index 5 differs. Expected F; Found E

Invalid read count. Expected: 23 626; Found: 51 750
Invalid write count. Expected: 9 466; Found: 9 420
Value at index 0 differs. Expected AA; Found AX
Value at index 1 differs. Expected AB; Found AA
Value at index 2 differs. Expected AC; Found AB
Value at index 3 differs. Expected AD; Found AC
Value at index 4 differs. Expected AE; Found AD
Value at index 5 differs. Expected AF; Found AE
Value at index 6 differs. Expected AG; Found AF
Value at index 7 differs. Expected AH; Found AG
Value at index 8 differs. Expected AI; Found AH
Value at index 9 differs. Expected AJ; Found AI
Value at index 10 differs. Expected AK; Found AJ
Value at index 11 differs. Expected AL; Found AK
Value at index 12 differs. Expected AM; Found AL
Value at index 13 differs. Expected AN; Found AM
Value at index 14 differs. Expected AO; Found AN
Value at index 15 differs. Expected AP; Found AO
Value at index 16 differs. Expected AQ; Found AP
Value at index 17 differs. Expected AR; Found AQ
Value at index 18 differs. Expected AS; Found AR
Value at index 19 differs. Expected AT; Found AS
Value at index 20 differs. Expected AU; Found AT
Value at index 21 differs. Expected AV; Found AU
Value at index 22 differs. Expected AW; Found AV
Value at index 23 differs. Expected AX; Found AW

