Invalid read count. Expected: 148; Found: 118
Invalid write count. Expected: 64; Found: 56
Value at index 3 differs. Expected D; Found G
Value at index 5 differs. Expected F; Found D
Value at index 6 differs. Expected G; Found F

Invalid read count. Expected: 22 070; Found: 2
Invalid write count. Expected: 8 276; Found: 0
Value at index 1 differs. Expected AB; Found CF
Value at index 2 differs. Expected AC; Found CV
Value at index 3 differs. Expected AD; Found AM
Value at index 7 differs. Expected AH; Found EI
Value at index 8 differs. Expected AI; Found DN
Value at index 9 differs. Expected AJ; Found AK
Value at index 10 differs. Expected AK; Found AJ
Value at index 11 differs. Expected AL; Found BB
Value at index 12 differs. Expected AM; Found BN
Value at index 14 differs. Expected AO; Found EK
Value at index 15 differs. Expected AP; Found EO
Value at index 16 differs. Expected AQ; Found BM
Value at index 17 differs. Expected AR; Found AH
Value at index 18 differs. Expected AS; Found AD
Value at index 19 differs. Expected AT; Found EW
Value at index 22 differs. Expected AW; Found BC
Value at index 24 differs. Expected AY; Found DQ
Value at index 26 differs. Expected BA; Found BZ
Value at index 27 differs. Expected BB; Found AL
Value at index 28 differs. Expected BC; Found EH
Value at index 30 differs. Expected BE; Found FB
Value at index 31 differs. Expected BF; Found FO
Value at index 34 differs. Expected BI; Found DK
Value at index 35 differs. Expected BJ; Found BK
Value at index 36 differs. Expected BK; Found FP
Value at index 37 differs. Expected BL; Found EG
Value at index 38 differs. Expected BM; Found AQ
Value at index 39 differs. Expected BN; Found AS
Value at index 40 differs. Expected BO; Found DO
Value at index 42 differs. Expected BQ; Found DA
Value at index 43 differs. Expected BR; Found BV
Value at index 44 differs. Expected BS; Found FI
Value at index 45 differs. Expected BT; Found DW
Value at index 46 differs. Expected BU; Found CT
Value at index 47 differs. Expected BV; Found DY
Value at index 48 differs. Expected BW; Found EE
Value at index 51 differs. Expected BZ; Found EM
Value at index 52 differs. Expected CA; Found FA
Value at index 54 differs. Expected CC; Found EJ
Value at index 56 differs. Expected CE; Found FL
Value at index 57 differs. Expected CF; Found CH
Value at index 59 differs. Expected CH; Found DL
Value at index 61 differs. Expected CJ; Found AR
Value at index 63 differs. Expected CL; Found DE
Value at index 67 differs. Expected CP; Found DZ
Value at index 68 differs. Expected CQ; Found EZ
Value at index 71 differs. Expected CT; Found CL
Value at index 73 differs. Expected CV; Found AC
Value at index 74 differs. Expected CW; Found AY
Value at index 76 differs. Expected CY; Found AB
Value at index 77 differs. Expected CZ; Found ED
Value at index 78 differs. Expected DA; Found BQ
Value at index 79 differs. Expected DB; Found CJ
Value at index 80 differs. Expected DC; Found DX
Value at index 82 differs. Expected DE; Found DJ
Value at index 86 differs. Expected DI; Found EA
Value at index 87 differs. Expected DJ; Found FR
Value at index 88 differs. Expected DK; Found EV
Value at index 89 differs. Expected DL; Found FE
Value at index 91 differs. Expected DN; Found DS
Value at index 92 differs. Expected DO; Found CA
Value at index 94 differs. Expected DQ; Found CW
Value at index 95 differs. Expected DR; Found BU
Value at index 96 differs. Expected DS; Found ES
Value at index 97 differs. Expected DT; Found AT
Value at index 99 differs. Expected DV; Found FG
Value at index 100 differs. Expected DW; Found BT
Value at index 101 differs. Expected DX; Found DC
Value at index 102 differs. Expected DY; Found AW
Value at index 103 differs. Expected DZ; Found FM
Value at index 104 differs. Expected EA; Found DI
Value at index 107 differs. Expected ED; Found CZ
Value at index 108 differs. Expected EE; Found BW
Value at index 109 differs. Expected EF; Found ER
Value at index 110 differs. Expected EG; Found BL
Value at index 111 differs. Expected EH; Found BR
Value at index 112 differs. Expected EI; Found EY
Value at index 113 differs. Expected EJ; Found CC
Value at index 114 differs. Expected EK; Found AO
Value at index 116 differs. Expected EM; Found BA
Value at index 117 differs. Expected EN; Found CE
Value at index 118 differs. Expected EO; Found AP
Value at index 121 differs. Expected ER; Found EF
Value at index 122 differs. Expected ES; Found AI
Value at index 124 differs. Expected EU; Found BS
Value at index 125 differs. Expected EV; Found DV
Value at index 126 differs. Expected EW; Found DT
Value at index 128 differs. Expected EY; Found FF
Value at index 129 differs. Expected EZ; Found FT
Value at index 130 differs. Expected FA; Found BO
Value at index 131 differs. Expected FB; Found BE
Value at index 134 differs. Expected FE; Found CY
Value at index 135 differs. Expected FF; Found CP
Value at index 136 differs. Expected FG; Found BI
Value at index 138 differs. Expected FI; Found EU
Value at index 139 differs. Expected FJ; Found DR
Value at index 141 differs. Expected FL; Found EN
Value at index 142 differs. Expected FM; Found DB
Value at index 144 differs. Expected FO; Found BF
Value at index 145 differs. Expected FP; Found BJ
Value at index 147 differs. Expected FR; Found FJ
Value at index 149 differs. Expected FT; Found CQ

