Invalid read count. Expected: 150; Found: 68
Invalid write count. Expected: 62; Found: 32
Value at index 2 differs. Expected C; Found G
Value at index 3 differs. Expected D; Found F
Value at index 4 differs. Expected E; Found H
Value at index 5 differs. Expected F; Found E
Value at index 6 differs. Expected G; Found I
Value at index 7 differs. Expected H; Found D
Value at index 8 differs. Expected I; Found C

Invalid read count. Expected: 20,854; Found: 1,162
Invalid write count. Expected: 7,624; Found: 566
Value at index 1 differs. Expected AB; Found AT
Value at index 2 differs. Expected AC; Found CT
Value at index 4 differs. Expected AE; Found AO
Value at index 5 differs. Expected AF; Found BL
Value at index 6 differs. Expected AG; Found DO
Value at index 7 differs. Expected AH; Found BA
Value at index 8 differs. Expected AI; Found CY
Value at index 9 differs. Expected AJ; Found AW
Value at index 10 differs. Expected AK; Found EH
Value at index 11 differs. Expected AL; Found CE
Value at index 14 differs. Expected AO; Found AE
Value at index 15 differs. Expected AP; Found BK
Value at index 16 differs. Expected AQ; Found CF
Value at index 17 differs. Expected AR; Found EI
Value at index 18 differs. Expected AS; Found DJ
Value at index 19 differs. Expected AT; Found AB
Value at index 20 differs. Expected AU; Found BN
Value at index 22 differs. Expected AW; Found DM
Value at index 25 differs. Expected AZ; Found CO
Value at index 26 differs. Expected BA; Found ER
Value at index 27 differs. Expected BB; Found AJ
Value at index 30 differs. Expected BE; Found BR
Value at index 31 differs. Expected BF; Found BJ
Value at index 33 differs. Expected BH; Found BS
Value at index 34 differs. Expected BI; Found EB
Value at index 35 differs. Expected BJ; Found BF
Value at index 36 differs. Expected BK; Found CS
Value at index 37 differs. Expected BL; Found ET
Value at index 39 differs. Expected BN; Found EU
Value at index 41 differs. Expected BP; Found DE
Value at index 42 differs. Expected BQ; Found BI
Value at index 43 differs. Expected BR; Found DG
Value at index 44 differs. Expected BS; Found AZ
Value at index 45 differs. Expected BT; Found CW
Value at index 46 differs. Expected BU; Found BE
Value at index 47 differs. Expected BV; Found CJ
Value at index 48 differs. Expected BW; Found DR
Value at index 49 differs. Expected BX; Found DI
Value at index 51 differs. Expected BZ; Found FE
Value at index 52 differs. Expected CA; Found EY
Value at index 53 differs. Expected CB; Found CL
Value at index 56 differs. Expected CE; Found CU
Value at index 57 differs. Expected CF; Found AQ
Value at index 58 differs. Expected CG; Found EC
Value at index 59 differs. Expected CH; Found DH
Value at index 60 differs. Expected CI; Found DK
Value at index 61 differs. Expected CJ; Found BV
Value at index 62 differs. Expected CK; Found DS
Value at index 63 differs. Expected CL; Found CB
Value at index 66 differs. Expected CO; Found BH
Value at index 69 differs. Expected CR; Found CX
Value at index 70 differs. Expected CS; Found DC
Value at index 71 differs. Expected CT; Found AC
Value at index 72 differs. Expected CU; Found AL
Value at index 73 differs. Expected CV; Found FA
Value at index 74 differs. Expected CW; Found BT
Value at index 75 differs. Expected CX; Found DL
Value at index 76 differs. Expected CY; Found FM
Value at index 77 differs. Expected CZ; Found DQ
Value at index 79 differs. Expected DB; Found DT
Value at index 80 differs. Expected DC; Found FC
Value at index 81 differs. Expected DD; Found DY
Value at index 82 differs. Expected DE; Found AG
Value at index 83 differs. Expected DF; Found AH
Value at index 84 differs. Expected DG; Found EL
Value at index 85 differs. Expected DH; Found CH
Value at index 86 differs. Expected DI; Found DW
Value at index 87 differs. Expected DJ; Found AS
Value at index 88 differs. Expected DK; Found AF
Value at index 89 differs. Expected DL; Found CR
Value at index 90 differs. Expected DM; Found BB
Value at index 91 differs. Expected DN; Found FR
Value at index 92 differs. Expected DO; Found AI
Value at index 94 differs. Expected DQ; Found AR
Value at index 95 differs. Expected DR; Found FH
Value at index 96 differs. Expected DS; Found DF
Value at index 97 differs. Expected DT; Found DB
Value at index 98 differs. Expected DU; Found FF
Value at index 99 differs. Expected DV; Found EX
Value at index 100 differs. Expected DW; Found BX
Value at index 102 differs. Expected DY; Found DD
Value at index 103 differs. Expected DZ; Found EO
Value at index 104 differs. Expected EA; Found EM
Value at index 105 differs. Expected EB; Found BQ
Value at index 106 differs. Expected EC; Found CG
Value at index 111 differs. Expected EH; Found AK
Value at index 112 differs. Expected EI; Found BZ
Value at index 114 differs. Expected EK; Found FI
Value at index 115 differs. Expected EL; Found BU
Value at index 116 differs. Expected EM; Found EA
Value at index 117 differs. Expected EN; Found AP
Value at index 118 differs. Expected EO; Found DZ
Value at index 119 differs. Expected EP; Found FG
Value at index 120 differs. Expected EQ; Found FJ
Value at index 121 differs. Expected ER; Found CK
Value at index 123 differs. Expected ET; Found CI
Value at index 124 differs. Expected EU; Found BP
Value at index 125 differs. Expected EV; Found FB
Value at index 126 differs. Expected EW; Found CZ
Value at index 127 differs. Expected EX; Found DV
Value at index 128 differs. Expected EY; Found CA
Value at index 130 differs. Expected FA; Found CV
Value at index 131 differs. Expected FB; Found EV
Value at index 132 differs. Expected FC; Found EN
Value at index 133 differs. Expected FD; Found AU
Value at index 134 differs. Expected FE; Found BW
Value at index 135 differs. Expected FF; Found DU
Value at index 136 differs. Expected FG; Found EP
Value at index 137 differs. Expected FH; Found DN
Value at index 138 differs. Expected FI; Found FO
Value at index 139 differs. Expected FJ; Found EQ
Value at index 142 differs. Expected FM; Found EW
Value at index 144 differs. Expected FO; Found EK
Value at index 147 differs. Expected FR; Found FD

