Invalid read count. Expected: 108; Found: 116

Invalid read count. Expected: 21 866; Found: 1 164
Invalid write count. Expected: 7 706; Found: 570
Value at index 3 differs. Expected AD; Found CJ
Value at index 5 differs. Expected AF; Found AD
Value at index 6 differs. Expected AG; Found CL
Value at index 7 differs. Expected AH; Found BB
Value at index 9 differs. Expected AJ; Found BO
Value at index 11 differs. Expected AL; Found EG
Value at index 16 differs. Expected AQ; Found EF
Value at index 17 differs. Expected AR; Found ES
Value at index 18 differs. Expected AS; Found CS
Value at index 19 differs. Expected AT; Found DM
Value at index 24 differs. Expected AY; Found EB
Value at index 25 differs. Expected AZ; Found AJ
Value at index 26 differs. Expected BA; Found DR
Value at index 27 differs. Expected BB; Found AH
Value at index 29 differs. Expected BD; Found BE
Value at index 30 differs. Expected BE; Found DF
Value at index 31 differs. Expected BF; Found DP
Value at index 35 differs. Expected BJ; Found DT
Value at index 36 differs. Expected BK; Found CN
Value at index 37 differs. Expected BL; Found FM
Value at index 38 differs. Expected BM; Found EK
Value at index 39 differs. Expected BN; Found DN
Value at index 40 differs. Expected BO; Found BJ
Value at index 41 differs. Expected BP; Found ER
Value at index 43 differs. Expected BR; Found CT
Value at index 44 differs. Expected BS; Found CX
Value at index 46 differs. Expected BU; Found EM
Value at index 49 differs. Expected BX; Found CQ
Value at index 50 differs. Expected BY; Found EI
Value at index 53 differs. Expected CB; Found EA
Value at index 54 differs. Expected CC; Found CI
Value at index 55 differs. Expected CD; Found DL
Value at index 56 differs. Expected CE; Found EZ
Value at index 57 differs. Expected CF; Found DI
Value at index 58 differs. Expected CG; Found DH
Value at index 59 differs. Expected CH; Found BR
Value at index 60 differs. Expected CI; Found CR
Value at index 61 differs. Expected CJ; Found AF
Value at index 62 differs. Expected CK; Found BU
Value at index 63 differs. Expected CL; Found FB
Value at index 65 differs. Expected CN; Found FP
Value at index 66 differs. Expected CO; Found BN
Value at index 68 differs. Expected CQ; Found DK
Value at index 69 differs. Expected CR; Found CB
Value at index 70 differs. Expected CS; Found AS
Value at index 71 differs. Expected CT; Found EC
Value at index 75 differs. Expected CX; Found BS
Value at index 83 differs. Expected DF; Found ED
Value at index 84 differs. Expected DG; Found EV
Value at index 85 differs. Expected DH; Found BA
Value at index 86 differs. Expected DI; Found CF
Value at index 88 differs. Expected DK; Found BX
Value at index 89 differs. Expected DL; Found CD
Value at index 90 differs. Expected DM; Found AG
Value at index 91 differs. Expected DN; Found CO
Value at index 93 differs. Expected DP; Found BF
Value at index 94 differs. Expected DQ; Found FD
Value at index 95 differs. Expected DR; Found CG
Value at index 97 differs. Expected DT; Found AZ
Value at index 101 differs. Expected DX; Found CE
Value at index 102 differs. Expected DY; Found EW
Value at index 103 differs. Expected DZ; Found FJ
Value at index 104 differs. Expected EA; Found CC
Value at index 105 differs. Expected EB; Found FO
Value at index 106 differs. Expected EC; Found EE
Value at index 107 differs. Expected ED; Found FK
Value at index 108 differs. Expected EE; Found CH
Value at index 109 differs. Expected EF; Found BY
Value at index 110 differs. Expected EG; Found AR
Value at index 112 differs. Expected EI; Found FC
Value at index 114 differs. Expected EK; Found BM
Value at index 116 differs. Expected EM; Found CK
Value at index 119 differs. Expected EP; Found BK
Value at index 121 differs. Expected ER; Found BP
Value at index 122 differs. Expected ES; Found AQ
Value at index 124 differs. Expected EU; Found AL
Value at index 125 differs. Expected EV; Found DG
Value at index 126 differs. Expected EW; Found DY
Value at index 129 differs. Expected EZ; Found FH
Value at index 131 differs. Expected FB; Found AT
Value at index 132 differs. Expected FC; Found EU
Value at index 133 differs. Expected FD; Found DQ
Value at index 137 differs. Expected FH; Found DX
Value at index 139 differs. Expected FJ; Found DZ
Value at index 140 differs. Expected FK; Found FR
Value at index 142 differs. Expected FM; Found AY
Value at index 144 differs. Expected FO; Found BD
Value at index 145 differs. Expected FP; Found EP
Value at index 147 differs. Expected FR; Found BL

