Invalid read count. Expected: 66; Found: 2
Invalid write count. Expected: 18; Found: 0
Value at index 4 differs. Expected E; Found J
Value at index 9 differs. Expected J; Found E

Invalid read count. Expected: 25 916; Found: 2
Invalid write count. Expected: 9 572; Found: 0
Value at index 0 differs. Expected AA; Found BU
Value at index 1 differs. Expected AB; Found CL
Value at index 2 differs. Expected AC; Found EZ
Value at index 4 differs. Expected AE; Found AW
Value at index 7 differs. Expected AH; Found EI
Value at index 8 differs. Expected AI; Found DQ
Value at index 9 differs. Expected AJ; Found DV
Value at index 10 differs. Expected AK; Found EA
Value at index 14 differs. Expected AO; Found BC
Value at index 15 differs. Expected AP; Found EV
Value at index 16 differs. Expected AQ; Found FA
Value at index 17 differs. Expected AR; Found EE
Value at index 18 differs. Expected AS; Found BP
Value at index 19 differs. Expected AT; Found DJ
Value at index 20 differs. Expected AU; Found EB
Value at index 22 differs. Expected AW; Found DM
Value at index 24 differs. Expected AY; Found BJ
Value at index 27 differs. Expected BB; Found DR
Value at index 28 differs. Expected BC; Found CM
Value at index 29 differs. Expected BD; Found EG
Value at index 30 differs. Expected BE; Found FL
Value at index 31 differs. Expected BF; Found EH
Value at index 33 differs. Expected BH; Found ED
Value at index 34 differs. Expected BI; Found ET
Value at index 35 differs. Expected BJ; Found DX
Value at index 36 differs. Expected BK; Found BI
Value at index 39 differs. Expected BN; Found DW
Value at index 40 differs. Expected BO; Found BX
Value at index 41 differs. Expected BP; Found DH
Value at index 43 differs. Expected BR; Found AE
Value at index 44 differs. Expected BS; Found FK
Value at index 45 differs. Expected BT; Found AT
Value at index 46 differs. Expected BU; Found FG
Value at index 49 differs. Expected BX; Found CD
Value at index 50 differs. Expected BY; Found DE
Value at index 55 differs. Expected CD; Found BO
Value at index 57 differs. Expected CF; Found AO
Value at index 58 differs. Expected CG; Found AB
Value at index 59 differs. Expected CH; Found EM
Value at index 60 differs. Expected CI; Found DT
Value at index 61 differs. Expected CJ; Found EQ
Value at index 62 differs. Expected CK; Found FM
Value at index 63 differs. Expected CL; Found CG
Value at index 64 differs. Expected CM; Found CY
Value at index 66 differs. Expected CO; Found EW
Value at index 67 differs. Expected CP; Found FJ
Value at index 69 differs. Expected CR; Found AC
Value at index 70 differs. Expected CS; Found BH
Value at index 71 differs. Expected CT; Found DB
Value at index 72 differs. Expected CU; Found FP
Value at index 73 differs. Expected CV; Found FO
Value at index 75 differs. Expected CX; Found EO
Value at index 76 differs. Expected CY; Found DN
Value at index 77 differs. Expected CZ; Found ES
Value at index 78 differs. Expected DA; Found BE
Value at index 79 differs. Expected DB; Found CT
Value at index 80 differs. Expected DC; Found EP
Value at index 81 differs. Expected DD; Found EY
Value at index 82 differs. Expected DE; Found BY
Value at index 84 differs. Expected DG; Found CJ
Value at index 85 differs. Expected DH; Found BT
Value at index 87 differs. Expected DJ; Found AJ
Value at index 88 differs. Expected DK; Found FI
Value at index 89 differs. Expected DL; Found DC
Value at index 90 differs. Expected DM; Found AU
Value at index 91 differs. Expected DN; Found DY
Value at index 92 differs. Expected DO; Found DZ
Value at index 94 differs. Expected DQ; Found AY
Value at index 95 differs. Expected DR; Found BB
Value at index 97 differs. Expected DT; Found BN
Value at index 98 differs. Expected DU; Found DK
Value at index 99 differs. Expected DV; Found AS
Value at index 100 differs. Expected DW; Found CI
Value at index 101 differs. Expected DX; Found DA
Value at index 102 differs. Expected DY; Found EX
Value at index 103 differs. Expected DZ; Found FB
Value at index 104 differs. Expected EA; Found AQ
Value at index 105 differs. Expected EB; Found BR
Value at index 106 differs. Expected EC; Found AK
Value at index 107 differs. Expected ED; Found EK
Value at index 108 differs. Expected EE; Found FH
Value at index 109 differs. Expected EF; Found CZ
Value at index 110 differs. Expected EG; Found BD
Value at index 111 differs. Expected EH; Found BF
Value at index 112 differs. Expected EI; Found AH
Value at index 114 differs. Expected EK; Found CS
Value at index 116 differs. Expected EM; Found CH
Value at index 117 differs. Expected EN; Found AI
Value at index 118 differs. Expected EO; Found CX
Value at index 119 differs. Expected EP; Found EF
Value at index 120 differs. Expected EQ; Found FF
Value at index 122 differs. Expected ES; Found DL
Value at index 123 differs. Expected ET; Found BK
Value at index 125 differs. Expected EV; Found CU
Value at index 126 differs. Expected EW; Found CO
Value at index 127 differs. Expected EX; Found CF
Value at index 128 differs. Expected EY; Found DD
Value at index 129 differs. Expected EZ; Found CR
Value at index 130 differs. Expected FA; Found EC
Value at index 131 differs. Expected FB; Found DO
Value at index 134 differs. Expected FE; Found AP
Value at index 135 differs. Expected FF; Found EN
Value at index 136 differs. Expected FG; Found AA
Value at index 137 differs. Expected FH; Found AR
Value at index 138 differs. Expected FI; Found FE
Value at index 139 differs. Expected FJ; Found CP
Value at index 140 differs. Expected FK; Found CV
Value at index 141 differs. Expected FL; Found DG
Value at index 142 differs. Expected FM; Found CK
Value at index 144 differs. Expected FO; Found BS
Value at index 145 differs. Expected FP; Found DU

