Invalid read count. Expected: 126; Found: 62
Invalid write count. Expected: 48; Found: 28
Value at index 1 differs. Expected B; Found G
Value at index 3 differs. Expected D; Found E
Value at index 4 differs. Expected E; Found B
Value at index 6 differs. Expected G; Found H
Value at index 7 differs. Expected H; Found D

Invalid read count. Expected: 22 292; Found: 1 152
Invalid write count. Expected: 8 498; Found: 558
Value at index 1 differs. Expected AB; Found AR
Value at index 4 differs. Expected AE; Found AZ
Value at index 7 differs. Expected AH; Found BN
Value at index 8 differs. Expected AI; Found EU
Value at index 13 differs. Expected AN; Found FC
Value at index 14 differs. Expected AO; Found AU
Value at index 16 differs. Expected AQ; Found BG
Value at index 17 differs. Expected AR; Found EA
Value at index 18 differs. Expected AS; Found FD
Value at index 19 differs. Expected AT; Found AS
Value at index 20 differs. Expected AU; Found BF
Value at index 21 differs. Expected AV; Found FH
Value at index 25 differs. Expected AZ; Found BI
Value at index 26 differs. Expected BA; Found EY
Value at index 28 differs. Expected BC; Found ER
Value at index 29 differs. Expected BD; Found CX
Value at index 30 differs. Expected BE; Found EV
Value at index 31 differs. Expected BF; Found AO
Value at index 32 differs. Expected BG; Found EW
Value at index 34 differs. Expected BI; Found CF
Value at index 35 differs. Expected BJ; Found CL
Value at index 36 differs. Expected BK; Found CT
Value at index 37 differs. Expected BL; Found EE
Value at index 38 differs. Expected BM; Found FN
Value at index 39 differs. Expected BN; Found AE
Value at index 40 differs. Expected BO; Found DI
Value at index 41 differs. Expected BP; Found DX
Value at index 42 differs. Expected BQ; Found EM
Value at index 43 differs. Expected BR; Found AB
Value at index 44 differs. Expected BS; Found BP
Value at index 46 differs. Expected BU; Found AH
Value at index 47 differs. Expected BV; Found EG
Value at index 48 differs. Expected BW; Found BY
Value at index 50 differs. Expected BY; Found EX
Value at index 51 differs. Expected BZ; Found FA
Value at index 52 differs. Expected CA; Found FL
Value at index 55 differs. Expected CD; Found DM
Value at index 57 differs. Expected CF; Found AI
Value at index 60 differs. Expected CI; Found CV
Value at index 61 differs. Expected CJ; Found FI
Value at index 62 differs. Expected CK; Found CZ
Value at index 63 differs. Expected CL; Found CQ
Value at index 65 differs. Expected CN; Found BO
Value at index 66 differs. Expected CO; Found DZ
Value at index 67 differs. Expected CP; Found EJ
Value at index 68 differs. Expected CQ; Found BJ
Value at index 69 differs. Expected CR; Found CA
Value at index 70 differs. Expected CS; Found DJ
Value at index 71 differs. Expected CT; Found DE
Value at index 73 differs. Expected CV; Found BU
Value at index 75 differs. Expected CX; Found CS
Value at index 76 differs. Expected CY; Found EH
Value at index 77 differs. Expected CZ; Found DB
Value at index 78 differs. Expected DA; Found DU
Value at index 79 differs. Expected DB; Found CK
Value at index 80 differs. Expected DC; Found DH
Value at index 82 differs. Expected DE; Found AN
Value at index 85 differs. Expected DH; Found EN
Value at index 86 differs. Expected DI; Found DL
Value at index 87 differs. Expected DJ; Found EZ
Value at index 89 differs. Expected DL; Found BW
Value at index 90 differs. Expected DM; Found CD
Value at index 92 differs. Expected DO; Found FE
Value at index 94 differs. Expected DQ; Found CP
Value at index 95 differs. Expected DR; Found FO
Value at index 96 differs. Expected DS; Found EI
Value at index 98 differs. Expected DU; Found DA
Value at index 99 differs. Expected DV; Found DS
Value at index 101 differs. Expected DX; Found BS
Value at index 102 differs. Expected DY; Found BV
Value at index 103 differs. Expected DZ; Found CO
Value at index 104 differs. Expected EA; Found ET
Value at index 105 differs. Expected EB; Found CJ
Value at index 106 differs. Expected EC; Found AQ
Value at index 108 differs. Expected EE; Found BL
Value at index 110 differs. Expected EG; Found DY
Value at index 111 differs. Expected EH; Found CY
Value at index 112 differs. Expected EI; Found AV
Value at index 113 differs. Expected EJ; Found DQ
Value at index 116 differs. Expected EM; Found BQ
Value at index 117 differs. Expected EN; Found FF
Value at index 119 differs. Expected EP; Found CN
Value at index 121 differs. Expected ER; Found FJ
Value at index 123 differs. Expected ET; Found BK
Value at index 124 differs. Expected EU; Found CI
Value at index 125 differs. Expected EV; Found BE
Value at index 126 differs. Expected EW; Found AT
Value at index 127 differs. Expected EX; Found FP
Value at index 128 differs. Expected EY; Found BA
Value at index 129 differs. Expected EZ; Found BD
Value at index 130 differs. Expected FA; Found BZ
Value at index 132 differs. Expected FC; Found DR
Value at index 133 differs. Expected FD; Found BC
Value at index 134 differs. Expected FE; Found DO
Value at index 135 differs. Expected FF; Found DC
Value at index 137 differs. Expected FH; Found DV
Value at index 138 differs. Expected FI; Found BM
Value at index 139 differs. Expected FJ; Found EB
Value at index 141 differs. Expected FL; Found CR
Value at index 143 differs. Expected FN; Found BR
Value at index 144 differs. Expected FO; Found EP
Value at index 145 differs. Expected FP; Found EC

