Invalid read count. Expected: 69; Found: 66
Invalid write count. Expected: 37; Found: 33
Value at index 1 differs. Expected B; Found E
Value at index 2 differs. Expected C; Found B
Value at index 3 differs. Expected D; Found C
Value at index 4 differs. Expected E; Found D

Invalid read count. Expected: 3 061; Found: 3 646
Invalid write count. Expected: 1 572; Found: 1 823
Value at index 0 differs. Expected AA; Found DZ
Value at index 1 differs. Expected AB; Found EE
Value at index 2 differs. Expected AC; Found AA
Value at index 3 differs. Expected AD; Found AB
Value at index 4 differs. Expected AE; Found AC
Value at index 5 differs. Expected AF; Found AD
Value at index 6 differs. Expected AG; Found AE
Value at index 7 differs. Expected AH; Found AF
Value at index 8 differs. Expected AI; Found AG
Value at index 9 differs. Expected AJ; Found AH
Value at index 10 differs. Expected AK; Found AI
Value at index 11 differs. Expected AL; Found AJ
Value at index 12 differs. Expected AM; Found AK
Value at index 13 differs. Expected AN; Found AL
Value at index 14 differs. Expected AO; Found AM
Value at index 15 differs. Expected AP; Found AN
Value at index 16 differs. Expected AQ; Found AO
Value at index 17 differs. Expected AR; Found AP
Value at index 18 differs. Expected AS; Found AQ
Value at index 19 differs. Expected AT; Found AR
Value at index 20 differs. Expected AU; Found AS
Value at index 21 differs. Expected AV; Found AT
Value at index 22 differs. Expected AW; Found AU
Value at index 23 differs. Expected AX; Found AV
Value at index 24 differs. Expected AY; Found AW
Value at index 25 differs. Expected AZ; Found AX
Value at index 26 differs. Expected BA; Found AY
Value at index 27 differs. Expected BB; Found AZ
Value at index 28 differs. Expected BC; Found BA
Value at index 29 differs. Expected BD; Found BB
Value at index 30 differs. Expected BE; Found BC
Value at index 31 differs. Expected BF; Found BD
Value at index 32 differs. Expected BG; Found BE
Value at index 33 differs. Expected BH; Found BF
Value at index 34 differs. Expected BI; Found BG
Value at index 35 differs. Expected BJ; Found BH
Value at index 36 differs. Expected BK; Found BI
Value at index 37 differs. Expected BL; Found BJ
Value at index 38 differs. Expected BM; Found BK
Value at index 39 differs. Expected BN; Found BL
Value at index 40 differs. Expected BO; Found BM
Value at index 41 differs. Expected BP; Found BN
Value at index 42 differs. Expected BQ; Found BO
Value at index 43 differs. Expected BR; Found BP
Value at index 44 differs. Expected BS; Found BQ
Value at index 45 differs. Expected BT; Found BR
Value at index 46 differs. Expected BU; Found BS
Value at index 47 differs. Expected BV; Found BT
Value at index 48 differs. Expected BW; Found BU
Value at index 49 differs. Expected BX; Found BV
Value at index 50 differs. Expected BY; Found BW
Value at index 51 differs. Expected BZ; Found BX
Value at index 52 differs. Expected CA; Found BY
Value at index 53 differs. Expected CB; Found BZ
Value at index 54 differs. Expected CC; Found CA
Value at index 55 differs. Expected CD; Found CB
Value at index 56 differs. Expected CE; Found CC
Value at index 57 differs. Expected CF; Found CD
Value at index 58 differs. Expected CG; Found CE
Value at index 59 differs. Expected CH; Found CF
Value at index 60 differs. Expected CI; Found CG
Value at index 61 differs. Expected CJ; Found CH
Value at index 62 differs. Expected CK; Found CI
Value at index 63 differs. Expected CL; Found CJ
Value at index 64 differs. Expected CM; Found CK
Value at index 65 differs. Expected CN; Found CL
Value at index 66 differs. Expected CO; Found CM
Value at index 67 differs. Expected CP; Found CN
Value at index 68 differs. Expected CQ; Found CO
Value at index 69 differs. Expected CR; Found CP
Value at index 70 differs. Expected CS; Found CQ
Value at index 71 differs. Expected CT; Found CR
Value at index 72 differs. Expected CU; Found CS
Value at index 73 differs. Expected CV; Found CT
Value at index 74 differs. Expected CW; Found CU
Value at index 75 differs. Expected CX; Found CV
Value at index 76 differs. Expected CY; Found CW
Value at index 77 differs. Expected CZ; Found CX
Value at index 78 differs. Expected DA; Found CY
Value at index 79 differs. Expected DB; Found CZ
Value at index 80 differs. Expected DC; Found DA
Value at index 81 differs. Expected DD; Found DB
Value at index 82 differs. Expected DE; Found DC
Value at index 83 differs. Expected DF; Found DD
Value at index 84 differs. Expected DG; Found DE
Value at index 85 differs. Expected DH; Found DF
Value at index 86 differs. Expected DI; Found DG
Value at index 87 differs. Expected DJ; Found DH
Value at index 88 differs. Expected DK; Found DI
Value at index 89 differs. Expected DL; Found DJ
Value at index 90 differs. Expected DM; Found DK
Value at index 91 differs. Expected DN; Found DL
Value at index 92 differs. Expected DO; Found DM
Value at index 93 differs. Expected DP; Found DN
Value at index 94 differs. Expected DQ; Found DO
Value at index 95 differs. Expected DR; Found DP
Value at index 96 differs. Expected DS; Found DQ
Value at index 97 differs. Expected DT; Found DR
Value at index 98 differs. Expected DU; Found DS
Value at index 99 differs. Expected DV; Found DT
Value at index 100 differs. Expected DW; Found DU
Value at index 101 differs. Expected DX; Found DV
Value at index 102 differs. Expected DY; Found DW
Value at index 103 differs. Expected DZ; Found DX
Value at index 104 differs. Expected EA; Found DY
Value at index 105 differs. Expected EB; Found EA
Value at index 106 differs. Expected EC; Found EB
Value at index 107 differs. Expected ED; Found EC
Value at index 108 differs. Expected EE; Found ED

