Invalid read count. Expected: 65; Found: 1
Invalid write count. Expected: 34; Found: 0
Value at index 2 differs. Expected C; Found H
Value at index 3 differs. Expected D; Found C
Value at index 4 differs. Expected E; Found F
Value at index 5 differs. Expected F; Found D
Value at index 6 differs. Expected G; Found I
Value at index 7 differs. Expected H; Found J
Value at index 8 differs. Expected I; Found E
Value at index 9 differs. Expected J; Found G

Invalid read count. Expected: 3 086; Found: 1
Invalid write count. Expected: 1 580; Found: 0
Value at index 2 differs. Expected AC; Found EG
Value at index 4 differs. Expected AE; Found DM
Value at index 5 differs. Expected AF; Found EA
Value at index 6 differs. Expected AG; Found DQ
Value at index 7 differs. Expected AH; Found FF
Value at index 8 differs. Expected AI; Found FI
Value at index 10 differs. Expected AK; Found DB
Value at index 11 differs. Expected AL; Found AE
Value at index 12 differs. Expected AM; Found FG
Value at index 13 differs. Expected AN; Found DJ
Value at index 14 differs. Expected AO; Found FP
Value at index 16 differs. Expected AQ; Found BU
Value at index 18 differs. Expected AS; Found AN
Value at index 19 differs. Expected AT; Found AZ
Value at index 21 differs. Expected AV; Found BS
Value at index 23 differs. Expected AX; Found EE
Value at index 24 differs. Expected AY; Found DP
Value at index 25 differs. Expected AZ; Found DH
Value at index 26 differs. Expected BA; Found BX
Value at index 28 differs. Expected BC; Found CZ
Value at index 29 differs. Expected BD; Found AF
Value at index 30 differs. Expected BE; Found FE
Value at index 32 differs. Expected BG; Found EU
Value at index 34 differs. Expected BI; Found BA
Value at index 35 differs. Expected BJ; Found BV
Value at index 36 differs. Expected BK; Found CA
Value at index 37 differs. Expected BL; Found AY
Value at index 39 differs. Expected BN; Found BQ
Value at index 40 differs. Expected BO; Found CS
Value at index 41 differs. Expected BP; Found CF
Value at index 42 differs. Expected BQ; Found BN
Value at index 43 differs. Expected BR; Found CI
Value at index 44 differs. Expected BS; Found DT
Value at index 45 differs. Expected BT; Found CK
Value at index 46 differs. Expected BU; Found AQ
Value at index 47 differs. Expected BV; Found BJ
Value at index 49 differs. Expected BX; Found FJ
Value at index 50 differs. Expected BY; Found CN
Value at index 52 differs. Expected CA; Found DN
Value at index 57 differs. Expected CF; Found EP
Value at index 60 differs. Expected CI; Found DL
Value at index 61 differs. Expected CJ; Found ET
Value at index 62 differs. Expected CK; Found BT
Value at index 65 differs. Expected CN; Found BY
Value at index 66 differs. Expected CO; Found CT
Value at index 68 differs. Expected CQ; Found CV
Value at index 69 differs. Expected CR; Found FC
Value at index 70 differs. Expected CS; Found BO
Value at index 71 differs. Expected CT; Found DE
Value at index 72 differs. Expected CU; Found BC
Value at index 73 differs. Expected CV; Found CQ
Value at index 74 differs. Expected CW; Found DW
Value at index 75 differs. Expected CX; Found DZ
Value at index 76 differs. Expected CY; Found AM
Value at index 77 differs. Expected CZ; Found DG
Value at index 78 differs. Expected DA; Found ED
Value at index 79 differs. Expected DB; Found AK
Value at index 82 differs. Expected DE; Found FR
Value at index 84 differs. Expected DG; Found CU
Value at index 85 differs. Expected DH; Found ES
Value at index 86 differs. Expected DI; Found EH
Value at index 87 differs. Expected DJ; Found BI
Value at index 89 differs. Expected DL; Found BR
Value at index 90 differs. Expected DM; Found AL
Value at index 91 differs. Expected DN; Found BK
Value at index 92 differs. Expected DO; Found AI
Value at index 93 differs. Expected DP; Found EX
Value at index 94 differs. Expected DQ; Found FQ
Value at index 97 differs. Expected DT; Found AV
Value at index 100 differs. Expected DW; Found CW
Value at index 101 differs. Expected DX; Found AH
Value at index 102 differs. Expected DY; Found AS
Value at index 103 differs. Expected DZ; Found BP
Value at index 104 differs. Expected EA; Found FN
Value at index 105 differs. Expected EB; Found CO
Value at index 106 differs. Expected EC; Found EQ
Value at index 107 differs. Expected ED; Found DA
Value at index 108 differs. Expected EE; Found AX
Value at index 110 differs. Expected EG; Found AC
Value at index 111 differs. Expected EH; Found DI
Value at index 114 differs. Expected EK; Found CY
Value at index 116 differs. Expected EM; Found BG
Value at index 117 differs. Expected EN; Found FB
Value at index 119 differs. Expected EP; Found CX
Value at index 120 differs. Expected EQ; Found EY
Value at index 122 differs. Expected ES; Found BE
Value at index 123 differs. Expected ET; Found CJ
Value at index 124 differs. Expected EU; Found EM
Value at index 125 differs. Expected EV; Found FL
Value at index 127 differs. Expected EX; Found DX
Value at index 128 differs. Expected EY; Found EC
Value at index 130 differs. Expected FA; Found EN
Value at index 131 differs. Expected FB; Found FA
Value at index 132 differs. Expected FC; Found CR
Value at index 134 differs. Expected FE; Found AT
Value at index 135 differs. Expected FF; Found BL
Value at index 136 differs. Expected FG; Found FM
Value at index 138 differs. Expected FI; Found DO
Value at index 139 differs. Expected FJ; Found DY
Value at index 141 differs. Expected FL; Found EV
Value at index 142 differs. Expected FM; Found FS
Value at index 143 differs. Expected FN; Found BD
Value at index 144 differs. Expected FO; Found EK
Value at index 145 differs. Expected FP; Found AO
Value at index 146 differs. Expected FQ; Found AG
Value at index 147 differs. Expected FR; Found EB
Value at index 148 differs. Expected FS; Found FO

