Invalid read count. Expected: 54; Found: 33
Invalid write count. Expected: 29; Found: 16
Value at index 0 differs. Expected A; Found B
Value at index 7 differs. Expected H; Found I
Value at index 8 differs. Expected I; Found H

Invalid read count. Expected: 2 852; Found: 3
Invalid write count. Expected: 1 458; Found: 1
Value at index 0 differs. Expected AA; Found DF
Value at index 1 differs. Expected AB; Found AE
Value at index 2 differs. Expected AC; Found EI
Value at index 3 differs. Expected AD; Found FG
Value at index 4 differs. Expected AE; Found DA
Value at index 7 differs. Expected AH; Found BN
Value at index 8 differs. Expected AI; Found DW
Value at index 10 differs. Expected AK; Found AB
Value at index 14 differs. Expected AO; Found CN
Value at index 15 differs. Expected AP; Found DB
Value at index 17 differs. Expected AR; Found ED
Value at index 18 differs. Expected AS; Found BC
Value at index 19 differs. Expected AT; Found FR
Value at index 20 differs. Expected AU; Found CJ
Value at index 21 differs. Expected AV; Found BG
Value at index 22 differs. Expected AW; Found BW
Value at index 23 differs. Expected AX; Found EB
Value at index 24 differs. Expected AY; Found AR
Value at index 26 differs. Expected BA; Found BT
Value at index 28 differs. Expected BC; Found CB
Value at index 30 differs. Expected BE; Found DO
Value at index 31 differs. Expected BF; Found AH
Value at index 32 differs. Expected BG; Found BK
Value at index 33 differs. Expected BH; Found BF
Value at index 34 differs. Expected BI; Found BP
Value at index 35 differs. Expected BJ; Found BY
Value at index 36 differs. Expected BK; Found AV
Value at index 37 differs. Expected BL; Found AU
Value at index 38 differs. Expected BM; Found FT
Value at index 39 differs. Expected BN; Found CU
Value at index 40 differs. Expected BO; Found BH
Value at index 41 differs. Expected BP; Found BZ
Value at index 43 differs. Expected BR; Found BU
Value at index 44 differs. Expected BS; Found DV
Value at index 45 differs. Expected BT; Found FA
Value at index 46 differs. Expected BU; Found EY
Value at index 48 differs. Expected BW; Found BO
Value at index 49 differs. Expected BX; Found BL
Value at index 50 differs. Expected BY; Found ER
Value at index 51 differs. Expected BZ; Found BI
Value at index 53 differs. Expected CB; Found CY
Value at index 54 differs. Expected CC; Found FL
Value at index 60 differs. Expected CI; Found FC
Value at index 61 differs. Expected CJ; Found CT
Value at index 63 differs. Expected CL; Found AW
Value at index 64 differs. Expected CM; Found AY
Value at index 65 differs. Expected CN; Found AO
Value at index 67 differs. Expected CP; Found FN
Value at index 68 differs. Expected CQ; Found CC
Value at index 71 differs. Expected CT; Found BX
Value at index 72 differs. Expected CU; Found FD
Value at index 73 differs. Expected CV; Found DG
Value at index 75 differs. Expected CX; Found DF
Value at index 76 differs. Expected CY; Found CQ
Value at index 78 differs. Expected DA; Found BE
Value at index 79 differs. Expected DB; Found AX
Value at index 82 differs. Expected DE; Found FS
Value at index 83 differs. Expected DF; Found DM
Value at index 84 differs. Expected DG; Found FM
Value at index 86 differs. Expected DI; Found EP
Value at index 88 differs. Expected DK; Found DX
Value at index 89 differs. Expected DL; Found DQ
Value at index 90 differs. Expected DM; Found AA
Value at index 92 differs. Expected DO; Found AK
Value at index 94 differs. Expected DQ; Found DL
Value at index 96 differs. Expected DS; Found BS
Value at index 97 differs. Expected DT; Found DE
Value at index 99 differs. Expected DV; Found EC
Value at index 100 differs. Expected DW; Found AI
Value at index 101 differs. Expected DX; Found DY
Value at index 102 differs. Expected DY; Found FH
Value at index 103 differs. Expected DZ; Found EU
Value at index 104 differs. Expected EA; Found EH
Value at index 105 differs. Expected EB; Found AP
Value at index 106 differs. Expected EC; Found DS
Value at index 107 differs. Expected ED; Found CX
Value at index 110 differs. Expected EG; Found FI
Value at index 111 differs. Expected EH; Found FK
Value at index 112 differs. Expected EI; Found FJ
Value at index 114 differs. Expected EK; Found CP
Value at index 115 differs. Expected EL; Found EW
Value at index 119 differs. Expected EP; Found FF
Value at index 121 differs. Expected ER; Found FB
Value at index 124 differs. Expected EU; Found DZ
Value at index 126 differs. Expected EW; Found EL
Value at index 128 differs. Expected EY; Found FP
Value at index 129 differs. Expected EZ; Found FQ
Value at index 130 differs. Expected FA; Found BA
Value at index 131 differs. Expected FB; Found EA
Value at index 132 differs. Expected FC; Found CI
Value at index 133 differs. Expected FD; Found FE
Value at index 134 differs. Expected FE; Found CL
Value at index 135 differs. Expected FF; Found DI
Value at index 136 differs. Expected FG; Found CM
Value at index 137 differs. Expected FH; Found BR
Value at index 138 differs. Expected FI; Found EG
Value at index 139 differs. Expected FJ; Found AC
Value at index 140 differs. Expected FK; Found BJ
Value at index 141 differs. Expected FL; Found AS
Value at index 142 differs. Expected FM; Found CV
Value at index 143 differs. Expected FN; Found AT
Value at index 145 differs. Expected FP; Found DK
Value at index 146 differs. Expected FQ; Found EZ
Value at index 147 differs. Expected FR; Found EK
Value at index 148 differs. Expected FS; Found DT
Value at index 149 differs. Expected FT; Found BM

