Invalid read count. Expected: 69; Found: 15
Invalid write count. Expected: 37; Found: 7
Value at index 1 differs. Expected B; Found E
Value at index 2 differs. Expected C; Found F
Value at index 3 differs. Expected D; Found E
Value at index 4 differs. Expected E; Found B
Value at index 5 differs. Expected F; Found H
Value at index 6 differs. Expected G; Found J
Value at index 7 differs. Expected H; Found C
Value at index 9 differs. Expected J; Found G

Invalid read count. Expected: 3 061; Found: 3
Invalid write count. Expected: 1 572; Found: 1
Value at index 0 differs. Expected AA; Found DZ
Value at index 1 differs. Expected AB; Found EE
Value at index 2 differs. Expected AC; Found EW
Value at index 4 differs. Expected AE; Found EJ
Value at index 6 differs. Expected AG; Found DW
Value at index 8 differs. Expected AI; Found FM
Value at index 9 differs. Expected AJ; Found BO
Value at index 11 differs. Expected AL; Found BU
Value at index 13 differs. Expected AN; Found CD
Value at index 14 differs. Expected AO; Found DH
Value at index 15 differs. Expected AP; Found CJ
Value at index 16 differs. Expected AQ; Found CR
Value at index 17 differs. Expected AR; Found BK
Value at index 19 differs. Expected AT; Found FF
Value at index 20 differs. Expected AU; Found BF
Value at index 21 differs. Expected AV; Found CK
Value at index 22 differs. Expected AW; Found BW
Value at index 23 differs. Expected AX; Found ED
Value at index 24 differs. Expected AY; Found FL
Value at index 26 differs. Expected BA; Found EN
Value at index 27 differs. Expected BB; Found BP
Value at index 28 differs. Expected BC; Found EA
Value at index 29 differs. Expected BD; Found DA
Value at index 31 differs. Expected BF; Found FJ
Value at index 32 differs. Expected BG; Found EO
Value at index 36 differs. Expected BK; Found CV
Value at index 37 differs. Expected BL; Found EX
Value at index 39 differs. Expected BN; Found CL
Value at index 40 differs. Expected BO; Found AJ
Value at index 41 differs. Expected BP; Found EQ
Value at index 42 differs. Expected BQ; Found AR
Value at index 43 differs. Expected BR; Found ES
Value at index 46 differs. Expected BU; Found CZ
Value at index 48 differs. Expected BW; Found AV
Value at index 49 differs. Expected BX; Found CS
Value at index 54 differs. Expected CC; Found CT
Value at index 55 differs. Expected CD; Found AN
Value at index 56 differs. Expected CE; Found ET
Value at index 58 differs. Expected CG; Found DN
Value at index 59 differs. Expected CH; Found FS
Value at index 61 differs. Expected CJ; Found AP
Value at index 62 differs. Expected CK; Found BG
Value at index 63 differs. Expected CL; Found BN
Value at index 64 differs. Expected CM; Found EM
Value at index 66 differs. Expected CO; Found BC
Value at index 68 differs. Expected CQ; Found AC
Value at index 69 differs. Expected CR; Found BL
Value at index 70 differs. Expected CS; Found DR
Value at index 71 differs. Expected CT; Found CC
Value at index 72 differs. Expected CU; Found CO
Value at index 73 differs. Expected CV; Found EF
Value at index 75 differs. Expected CX; Found DZ
Value at index 77 differs. Expected CZ; Found BR
Value at index 78 differs. Expected DA; Found AG
Value at index 85 differs. Expected DH; Found AL
Value at index 87 differs. Expected DJ; Found EC
Value at index 88 differs. Expected DK; Found FQ
Value at index 91 differs. Expected DN; Found CG
Value at index 93 differs. Expected DP; Found AY
Value at index 95 differs. Expected DR; Found CM
Value at index 96 differs. Expected DS; Found CX
Value at index 98 differs. Expected DU; Found AA
Value at index 100 differs. Expected DW; Found FP
Value at index 103 differs. Expected DZ; Found DU
Value at index 104 differs. Expected EA; Found CU
Value at index 106 differs. Expected EC; Found FG
Value at index 107 differs. Expected ED; Found CE
Value at index 108 differs. Expected EE; Found AB
Value at index 109 differs. Expected EF; Found AQ
Value at index 113 differs. Expected EJ; Found AE
Value at index 115 differs. Expected EL; Found AX
Value at index 116 differs. Expected EM; Found EU
Value at index 117 differs. Expected EN; Found EL
Value at index 118 differs. Expected EO; Found FT
Value at index 120 differs. Expected EQ; Found BB
Value at index 121 differs. Expected ER; Found DK
Value at index 122 differs. Expected ES; Found AW
Value at index 123 differs. Expected ET; Found FI
Value at index 124 differs. Expected EU; Found FK
Value at index 126 differs. Expected EW; Found CQ
Value at index 127 differs. Expected EX; Found BQ
Value at index 135 differs. Expected FF; Found DJ
Value at index 136 differs. Expected FG; Found CH
Value at index 138 differs. Expected FI; Found BA
Value at index 139 differs. Expected FJ; Found AU
Value at index 140 differs. Expected FK; Found AO
Value at index 141 differs. Expected FL; Found DP
Value at index 142 differs. Expected FM; Found AI
Value at index 145 differs. Expected FP; Found ER
Value at index 146 differs. Expected FQ; Found BD
Value at index 148 differs. Expected FS; Found AT
Value at index 149 differs. Expected FT; Found BX

