Invalid read count. Expected: 60; Found: 3
Invalid write count. Expected: 32; Found: 1
Value at index 0 differs. Expected A; Found H
Value at index 1 differs. Expected B; Found H
Value at index 5 differs. Expected F; Found A
Value at index 6 differs. Expected G; Found J
Value at index 7 differs. Expected H; Found F
Value at index 9 differs. Expected J; Found G

Invalid read count. Expected: 3 041; Found: 5
Invalid write count. Expected: 1 559; Found: 2
Value at index 0 differs. Expected AA; Found DC
Value at index 1 differs. Expected AB; Found DY
Value at index 2 differs. Expected AC; Found DY
Value at index 4 differs. Expected AE; Found AS
Value at index 5 differs. Expected AF; Found EG
Value at index 6 differs. Expected AG; Found FI
Value at index 7 differs. Expected AH; Found BN
Value at index 8 differs. Expected AI; Found AU
Value at index 9 differs. Expected AJ; Found DL
Value at index 10 differs. Expected AK; Found EH
Value at index 11 differs. Expected AL; Found BP
Value at index 12 differs. Expected AM; Found ET
Value at index 14 differs. Expected AO; Found DN
Value at index 15 differs. Expected AP; Found EL
Value at index 16 differs. Expected AQ; Found DJ
Value at index 17 differs. Expected AR; Found CP
Value at index 18 differs. Expected AS; Found AE
Value at index 19 differs. Expected AT; Found BH
Value at index 20 differs. Expected AU; Found CU
Value at index 21 differs. Expected AV; Found AK
Value at index 23 differs. Expected AX; Found AB
Value at index 24 differs. Expected AY; Found EM
Value at index 25 differs. Expected AZ; Found BI
Value at index 26 differs. Expected BA; Found DM
Value at index 27 differs. Expected BB; Found DO
Value at index 28 differs. Expected BC; Found CA
Value at index 29 differs. Expected BD; Found EJ
Value at index 31 differs. Expected BF; Found FM
Value at index 33 differs. Expected BH; Found AR
Value at index 34 differs. Expected BI; Found AZ
Value at index 36 differs. Expected BK; Found BZ
Value at index 37 differs. Expected BL; Found BT
Value at index 38 differs. Expected BM; Found FO
Value at index 39 differs. Expected BN; Found FN
Value at index 40 differs. Expected BO; Found FC
Value at index 41 differs. Expected BP; Found BR
Value at index 42 differs. Expected BQ; Found AV
Value at index 43 differs. Expected BR; Found AL
Value at index 44 differs. Expected BS; Found CL
Value at index 45 differs. Expected BT; Found EW
Value at index 46 differs. Expected BU; Found CH
Value at index 47 differs. Expected BV; Found FE
Value at index 48 differs. Expected BW; Found DF
Value at index 51 differs. Expected BZ; Found EF
Value at index 52 differs. Expected CA; Found CJ
Value at index 53 differs. Expected CB; Found DU
Value at index 54 differs. Expected CC; Found ER
Value at index 55 differs. Expected CD; Found BU
Value at index 56 differs. Expected CE; Found CF
Value at index 57 differs. Expected CF; Found CE
Value at index 58 differs. Expected CG; Found EI
Value at index 59 differs. Expected CH; Found BV
Value at index 60 differs. Expected CI; Found BS
Value at index 61 differs. Expected CJ; Found BC
Value at index 62 differs. Expected CK; Found FD
Value at index 63 differs. Expected CL; Found CI
Value at index 64 differs. Expected CM; Found EY
Value at index 65 differs. Expected CN; Found EK
Value at index 66 differs. Expected CO; Found EP
Value at index 67 differs. Expected CP; Found DV
Value at index 68 differs. Expected CQ; Found EA
Value at index 70 differs. Expected CS; Found BD
Value at index 72 differs. Expected CU; Found FT
Value at index 74 differs. Expected CW; Found DR
Value at index 75 differs. Expected CX; Found AQ
Value at index 78 differs. Expected DA; Found DB
Value at index 79 differs. Expected DB; Found AI
Value at index 80 differs. Expected DC; Found AF
Value at index 81 differs. Expected DD; Found FA
Value at index 82 differs. Expected DE; Found FK
Value at index 83 differs. Expected DF; Found BW
Value at index 87 differs. Expected DJ; Found BQ
Value at index 88 differs. Expected DK; Found EV
Value at index 89 differs. Expected DL; Found BB
Value at index 90 differs. Expected DM; Found BM
Value at index 91 differs. Expected DN; Found FG
Value at index 92 differs. Expected DO; Found EQ
Value at index 95 differs. Expected DR; Found CM
Value at index 97 differs. Expected DT; Found BO
Value at index 98 differs. Expected DU; Found CB
Value at index 99 differs. Expected DV; Found AT
Value at index 102 differs. Expected DY; Found BK
Value at index 104 differs. Expected EA; Found AC
Value at index 105 differs. Expected EB; Found BA
Value at index 106 differs. Expected EC; Found CX
Value at index 107 differs. Expected ED; Found EN
Value at index 109 differs. Expected EF; Found AX
Value at index 110 differs. Expected EG; Found AG
Value at index 111 differs. Expected EH; Found ED
Value at index 112 differs. Expected EI; Found DD
Value at index 113 differs. Expected EJ; Found CS
Value at index 114 differs. Expected EK; Found CN
Value at index 115 differs. Expected EL; Found FJ
Value at index 116 differs. Expected EM; Found AY
Value at index 117 differs. Expected EN; Found AH
Value at index 119 differs. Expected EP; Found CO
Value at index 120 differs. Expected EQ; Found AJ
Value at index 121 differs. Expected ER; Found DK
Value at index 123 differs. Expected ET; Found AM
Value at index 124 differs. Expected EU; Found CD
Value at index 125 differs. Expected EV; Found AA
Value at index 126 differs. Expected EW; Found BL
Value at index 128 differs. Expected EY; Found EU
Value at index 130 differs. Expected FA; Found CG
Value at index 132 differs. Expected FC; Found DT
Value at index 133 differs. Expected FD; Found CK
Value at index 134 differs. Expected FE; Found CW
Value at index 136 differs. Expected FG; Found AO
Value at index 138 differs. Expected FI; Found CC
Value at index 139 differs. Expected FJ; Found CQ
Value at index 140 differs. Expected FK; Found DE
Value at index 142 differs. Expected FM; Found BF
Value at index 143 differs. Expected FN; Found EC
Value at index 144 differs. Expected FO; Found EB
Value at index 149 differs. Expected FT; Found DA

