Invalid read count. Expected: 59; Found: 1
Invalid write count. Expected: 34; Found: 0
Value at index 0 differs. Expected A; Found F
Value at index 3 differs. Expected D; Found G
Value at index 4 differs. Expected E; Found I
Value at index 5 differs. Expected F; Found E
Value at index 6 differs. Expected G; Found A
Value at index 8 differs. Expected I; Found D

Invalid read count. Expected: 2 926; Found: 1
Invalid write count. Expected: 1 505; Found: 0
Value at index 0 differs. Expected AA; Found BJ
Value at index 1 differs. Expected AB; Found BZ
Value at index 3 differs. Expected AD; Found BW
Value at index 4 differs. Expected AE; Found FQ
Value at index 5 differs. Expected AF; Found BR
Value at index 6 differs. Expected AG; Found CH
Value at index 7 differs. Expected AH; Found AY
Value at index 8 differs. Expected AI; Found AO
Value at index 9 differs. Expected AJ; Found EB
Value at index 10 differs. Expected AK; Found ET
Value at index 11 differs. Expected AL; Found FS
Value at index 13 differs. Expected AN; Found DX
Value at index 14 differs. Expected AO; Found AI
Value at index 15 differs. Expected AP; Found CI
Value at index 17 differs. Expected AR; Found FN
Value at index 19 differs. Expected AT; Found FB
Value at index 20 differs. Expected AU; Found DS
Value at index 21 differs. Expected AV; Found CQ
Value at index 22 differs. Expected AW; Found CP
Value at index 24 differs. Expected AY; Found FO
Value at index 28 differs. Expected BC; Found DF
Value at index 29 differs. Expected BD; Found EL
Value at index 30 differs. Expected BE; Found FP
Value at index 31 differs. Expected BF; Found BO
Value at index 32 differs. Expected BG; Found BN
Value at index 33 differs. Expected BH; Found EU
Value at index 34 differs. Expected BI; Found EH
Value at index 35 differs. Expected BJ; Found EX
Value at index 38 differs. Expected BM; Found FI
Value at index 39 differs. Expected BN; Found DO
Value at index 40 differs. Expected BO; Found BH
Value at index 41 differs. Expected BP; Found AJ
Value at index 43 differs. Expected BR; Found BC
Value at index 44 differs. Expected BS; Found AP
Value at index 45 differs. Expected BT; Found CA
Value at index 47 differs. Expected BV; Found EP
Value at index 48 differs. Expected BW; Found BV
Value at index 49 differs. Expected BX; Found CC
Value at index 51 differs. Expected BZ; Found AB
Value at index 52 differs. Expected CA; Found DT
Value at index 53 differs. Expected CB; Found DN
Value at index 54 differs. Expected CC; Found DP
Value at index 55 differs. Expected CD; Found EG
Value at index 56 differs. Expected CE; Found FK
Value at index 59 differs. Expected CH; Found CN
Value at index 60 differs. Expected CI; Found AT
Value at index 61 differs. Expected CJ; Found DZ
Value at index 63 differs. Expected CL; Found FH
Value at index 65 differs. Expected CN; Found AN
Value at index 66 differs. Expected CO; Found ER
Value at index 67 differs. Expected CP; Found AL
Value at index 68 differs. Expected CQ; Found AV
Value at index 69 differs. Expected CR; Found AR
Value at index 70 differs. Expected CS; Found CR
Value at index 71 differs. Expected CT; Found ES
Value at index 72 differs. Expected CU; Found CY
Value at index 73 differs. Expected CV; Found FE
Value at index 76 differs. Expected CY; Found CU
Value at index 79 differs. Expected DB; Found AD
Value at index 81 differs. Expected DD; Found EF
Value at index 82 differs. Expected DE; Found ED
Value at index 83 differs. Expected DF; Found AF
Value at index 85 differs. Expected DH; Found EI
Value at index 88 differs. Expected DK; Found BX
Value at index 90 differs. Expected DM; Found EO
Value at index 91 differs. Expected DN; Found FL
Value at index 92 differs. Expected DO; Found BG
Value at index 93 differs. Expected DP; Found DK
Value at index 96 differs. Expected DS; Found CE
Value at index 97 differs. Expected DT; Found BT
Value at index 98 differs. Expected DU; Found BF
Value at index 99 differs. Expected DV; Found EA
Value at index 101 differs. Expected DX; Found AG
Value at index 103 differs. Expected DZ; Found FT
Value at index 104 differs. Expected EA; Found EJ
Value at index 105 differs. Expected EB; Found DM
Value at index 107 differs. Expected ED; Found FR
Value at index 108 differs. Expected EE; Found EZ
Value at index 109 differs. Expected EF; Found CB
Value at index 110 differs. Expected EG; Found CD
Value at index 111 differs. Expected EH; Found DE
Value at index 112 differs. Expected EI; Found DH
Value at index 113 differs. Expected EJ; Found DV
Value at index 115 differs. Expected EL; Found BD
Value at index 118 differs. Expected EO; Found EW
Value at index 119 differs. Expected EP; Found DB
Value at index 121 differs. Expected ER; Found FJ
Value at index 122 differs. Expected ES; Found CT
Value at index 123 differs. Expected ET; Found FC
Value at index 124 differs. Expected EU; Found DU
Value at index 126 differs. Expected EW; Found BP
Value at index 127 differs. Expected EX; Found AA
Value at index 129 differs. Expected EZ; Found FD
Value at index 130 differs. Expected FA; Found AH
Value at index 131 differs. Expected FB; Found BS
Value at index 132 differs. Expected FC; Found AK
Value at index 133 differs. Expected FD; Found EE
Value at index 134 differs. Expected FE; Found CV
Value at index 136 differs. Expected FG; Found AE
Value at index 137 differs. Expected FH; Found CL
Value at index 138 differs. Expected FI; Found FM
Value at index 139 differs. Expected FJ; Found CJ
Value at index 140 differs. Expected FK; Found AU
Value at index 141 differs. Expected FL; Found DD
Value at index 142 differs. Expected FM; Found BM
Value at index 143 differs. Expected FN; Found CS
Value at index 144 differs. Expected FO; Found FA
Value at index 145 differs. Expected FP; Found AW
Value at index 146 differs. Expected FQ; Found FG
Value at index 147 differs. Expected FR; Found BI
Value at index 148 differs. Expected FS; Found BE
Value at index 149 differs. Expected FT; Found CO

