Invalid read count. Expected: 62; Found: 23
Invalid write count. Expected: 35; Found: 13
Value at index 1 differs. Expected B; Found C
Value at index 2 differs. Expected C; Found G
Value at index 4 differs. Expected E; Found B
Value at index 5 differs. Expected F; Found J
Value at index 6 differs. Expected G; Found E
Value at index 9 differs. Expected J; Found F

Invalid read count. Expected: 3 082; Found: 298
Invalid write count. Expected: 1 573; Found: 151
Value at index 1 differs. Expected AB; Found BH
Value at index 3 differs. Expected AD; Found BW
Value at index 4 differs. Expected AE; Found AS
Value at index 5 differs. Expected AF; Found BT
Value at index 6 differs. Expected AG; Found CF
Value at index 7 differs. Expected AH; Found DV
Value at index 8 differs. Expected AI; Found BQ
Value at index 10 differs. Expected AK; Found AF
Value at index 12 differs. Expected AM; Found BB
Value at index 13 differs. Expected AN; Found DH
Value at index 14 differs. Expected AO; Found CX
Value at index 15 differs. Expected AP; Found BY
Value at index 18 differs. Expected AS; Found AG
Value at index 20 differs. Expected AU; Found DW
Value at index 21 differs. Expected AV; Found ER
Value at index 23 differs. Expected AX; Found EW
Value at index 25 differs. Expected AZ; Found EG
Value at index 26 differs. Expected BA; Found CW
Value at index 27 differs. Expected BB; Found FA
Value at index 28 differs. Expected BC; Found FQ
Value at index 29 differs. Expected BD; Found CY
Value at index 30 differs. Expected BE; Found FI
Value at index 33 differs. Expected BH; Found DO
Value at index 34 differs. Expected BI; Found BK
Value at index 36 differs. Expected BK; Found AP
Value at index 37 differs. Expected BL; Found EK
Value at index 40 differs. Expected BO; Found EV
Value at index 42 differs. Expected BQ; Found AI
Value at index 45 differs. Expected BT; Found EH
Value at index 46 differs. Expected BU; Found DT
Value at index 47 differs. Expected BV; Found CP
Value at index 48 differs. Expected BW; Found CZ
Value at index 50 differs. Expected BY; Found CV
Value at index 51 differs. Expected BZ; Found DC
Value at index 52 differs. Expected CA; Found FT
Value at index 53 differs. Expected CB; Found CD
Value at index 55 differs. Expected CD; Found ES
Value at index 56 differs. Expected CE; Found CU
Value at index 57 differs. Expected CF; Found AH
Value at index 58 differs. Expected CG; Found AN
Value at index 59 differs. Expected CH; Found ET
Value at index 60 differs. Expected CI; Found DF
Value at index 61 differs. Expected CJ; Found BI
Value at index 64 differs. Expected CM; Found ED
Value at index 65 differs. Expected CN; Found AX
Value at index 66 differs. Expected CO; Found FC
Value at index 67 differs. Expected CP; Found BV
Value at index 71 differs. Expected CT; Found DI
Value at index 72 differs. Expected CU; Found FS
Value at index 73 differs. Expected CV; Found CJ
Value at index 74 differs. Expected CW; Found DE
Value at index 75 differs. Expected CX; Found BU
Value at index 76 differs. Expected CY; Found BD
Value at index 77 differs. Expected CZ; Found AD
Value at index 78 differs. Expected DA; Found EZ
Value at index 79 differs. Expected DB; Found EN
Value at index 80 differs. Expected DC; Found BZ
Value at index 81 differs. Expected DD; Found EC
Value at index 82 differs. Expected DE; Found BA
Value at index 83 differs. Expected DF; Found CI
Value at index 84 differs. Expected DG; Found BC
Value at index 85 differs. Expected DH; Found FN
Value at index 86 differs. Expected DI; Found CO
Value at index 87 differs. Expected DJ; Found EU
Value at index 89 differs. Expected DL; Found DB
Value at index 91 differs. Expected DN; Found EO
Value at index 92 differs. Expected DO; Found AM
Value at index 95 differs. Expected DR; Found EF
Value at index 97 differs. Expected DT; Found FH
Value at index 99 differs. Expected DV; Found AE
Value at index 100 differs. Expected DW; Found FK
Value at index 102 differs. Expected DY; Found EA
Value at index 104 differs. Expected EA; Found DA
Value at index 106 differs. Expected EC; Found DD
Value at index 107 differs. Expected ED; Found CM
Value at index 109 differs. Expected EF; Found DR
Value at index 110 differs. Expected EG; Found AZ
Value at index 111 differs. Expected EH; Found CH
Value at index 114 differs. Expected EK; Found FF
Value at index 117 differs. Expected EN; Found DL
Value at index 118 differs. Expected EO; Found FL
Value at index 121 differs. Expected ER; Found AV
Value at index 122 differs. Expected ES; Found EY
Value at index 123 differs. Expected ET; Found AK
Value at index 124 differs. Expected EU; Found DJ
Value at index 125 differs. Expected EV; Found DY
Value at index 126 differs. Expected EW; Found FM
Value at index 128 differs. Expected EY; Found CB
Value at index 129 differs. Expected EZ; Found BO
Value at index 130 differs. Expected FA; Found AB
Value at index 131 differs. Expected FB; Found BE
Value at index 132 differs. Expected FC; Found CT
Value at index 135 differs. Expected FF; Found DN
Value at index 137 differs. Expected FH; Found AO
Value at index 138 differs. Expected FI; Found FB
Value at index 140 differs. Expected FK; Found AU
Value at index 141 differs. Expected FL; Found CG
Value at index 142 differs. Expected FM; Found CN
Value at index 143 differs. Expected FN; Found BL
Value at index 146 differs. Expected FQ; Found DG
Value at index 147 differs. Expected FR; Found CA
Value at index 148 differs. Expected FS; Found CE
Value at index 149 differs. Expected FT; Found FR

