Invalid read count. Expected: 60; Found: 1
Invalid write count. Expected: 33; Found: 0
Value at index 0 differs. Expected A; Found F
Value at index 1 differs. Expected B; Found D
Value at index 2 differs. Expected C; Found J
Value at index 3 differs. Expected D; Found E
Value at index 4 differs. Expected E; Found H
Value at index 5 differs. Expected F; Found A
Value at index 6 differs. Expected G; Found I
Value at index 7 differs. Expected H; Found B
Value at index 8 differs. Expected I; Found G
Value at index 9 differs. Expected J; Found C

Invalid read count. Expected: 2 912; Found: 1
Invalid write count. Expected: 1 489; Found: 0
Value at index 0 differs. Expected AA; Found DQ
Value at index 2 differs. Expected AC; Found FS
Value at index 3 differs. Expected AD; Found BI
Value at index 10 differs. Expected AK; Found DY
Value at index 13 differs. Expected AN; Found DV
Value at index 15 differs. Expected AP; Found FL
Value at index 18 differs. Expected AS; Found DS
Value at index 19 differs. Expected AT; Found CJ
Value at index 20 differs. Expected AU; Found FN
Value at index 21 differs. Expected AV; Found EC
Value at index 22 differs. Expected AW; Found CM
Value at index 23 differs. Expected AX; Found BM
Value at index 24 differs. Expected AY; Found CU
Value at index 26 differs. Expected BA; Found BZ
Value at index 29 differs. Expected BD; Found CK
Value at index 31 differs. Expected BF; Found DM
Value at index 32 differs. Expected BG; Found FJ
Value at index 34 differs. Expected BI; Found EX
Value at index 35 differs. Expected BJ; Found BO
Value at index 37 differs. Expected BL; Found CT
Value at index 38 differs. Expected BM; Found DW
Value at index 39 differs. Expected BN; Found FO
Value at index 40 differs. Expected BO; Found BJ
Value at index 41 differs. Expected BP; Found EU
Value at index 42 differs. Expected BQ; Found CN
Value at index 43 differs. Expected BR; Found FH
Value at index 46 differs. Expected BU; Found FT
Value at index 47 differs. Expected BV; Found BA
Value at index 48 differs. Expected BW; Found CO
Value at index 50 differs. Expected BY; Found EG
Value at index 51 differs. Expected BZ; Found AX
Value at index 53 differs. Expected CB; Found AN
Value at index 56 differs. Expected CE; Found FM
Value at index 57 differs. Expected CF; Found FK
Value at index 59 differs. Expected CH; Found ET
Value at index 61 differs. Expected CJ; Found AT
Value at index 62 differs. Expected CK; Found BD
Value at index 64 differs. Expected CM; Found AA
Value at index 65 differs. Expected CN; Found EM
Value at index 66 differs. Expected CO; Found BW
Value at index 69 differs. Expected CR; Found FP
Value at index 70 differs. Expected CS; Found DO
Value at index 71 differs. Expected CT; Found EO
Value at index 72 differs. Expected CU; Found AY
Value at index 73 differs. Expected CV; Found DZ
Value at index 74 differs. Expected CW; Found EA
Value at index 75 differs. Expected CX; Found DL
Value at index 76 differs. Expected CY; Found DJ
Value at index 79 differs. Expected DB; Found CW
Value at index 81 differs. Expected DD; Found AU
Value at index 83 differs. Expected DF; Found BR
Value at index 86 differs. Expected DI; Found AV
Value at index 87 differs. Expected DJ; Found CX
Value at index 89 differs. Expected DL; Found DX
Value at index 90 differs. Expected DM; Found DI
Value at index 92 differs. Expected DO; Found DF
Value at index 93 differs. Expected DP; Found BY
Value at index 94 differs. Expected DQ; Found AC
Value at index 96 differs. Expected DS; Found AS
Value at index 99 differs. Expected DV; Found EN
Value at index 100 differs. Expected DW; Found EF
Value at index 101 differs. Expected DX; Found CY
Value at index 102 differs. Expected DY; Found ER
Value at index 103 differs. Expected DZ; Found CV
Value at index 104 differs. Expected EA; Found ES
Value at index 105 differs. Expected EB; Found AD
Value at index 106 differs. Expected EC; Found BF
Value at index 107 differs. Expected ED; Found FG
Value at index 109 differs. Expected EF; Found BV
Value at index 110 differs. Expected EG; Found DP
Value at index 111 differs. Expected EH; Found FD
Value at index 114 differs. Expected EK; Found DB
Value at index 116 differs. Expected EM; Found BQ
Value at index 117 differs. Expected EN; Found BN
Value at index 118 differs. Expected EO; Found BL
Value at index 120 differs. Expected EQ; Found EW
Value at index 121 differs. Expected ER; Found AK
Value at index 122 differs. Expected ES; Found EK
Value at index 123 differs. Expected ET; Found CH
Value at index 124 differs. Expected EU; Found AW
Value at index 126 differs. Expected EW; Found EQ
Value at index 127 differs. Expected EX; Found EB
Value at index 131 differs. Expected FB; Found BP
Value at index 133 differs. Expected FD; Found EH
Value at index 135 differs. Expected FF; Found CE
Value at index 136 differs. Expected FG; Found ED
Value at index 137 differs. Expected FH; Found CS
Value at index 139 differs. Expected FJ; Found BG
Value at index 140 differs. Expected FK; Found CF
Value at index 141 differs. Expected FL; Found AP
Value at index 142 differs. Expected FM; Found FF
Value at index 143 differs. Expected FN; Found DD
Value at index 144 differs. Expected FO; Found CB
Value at index 145 differs. Expected FP; Found CR
Value at index 148 differs. Expected FS; Found FB
Value at index 149 differs. Expected FT; Found BU

