Invalid read count. Expected: 63; Found: 44
Invalid write count. Expected: 35; Found: 22
Value at index 0 differs. Expected A; Found D
Value at index 1 differs. Expected B; Found F
Value at index 2 differs. Expected C; Found I
Value at index 3 differs. Expected D; Found A
Value at index 4 differs. Expected E; Found G
Value at index 5 differs. Expected F; Found E
Value at index 6 differs. Expected G; Found H
Value at index 7 differs. Expected H; Found B
Value at index 8 differs. Expected I; Found C

Invalid read count. Expected: 2 939; Found: 1 808
Invalid write count. Expected: 1 503; Found: 904
Value at index 0 differs. Expected AA; Found BR
Value at index 1 differs. Expected AB; Found BC
Value at index 2 differs. Expected AC; Found CD
Value at index 3 differs. Expected AD; Found AO
Value at index 4 differs. Expected AE; Found CS
Value at index 5 differs. Expected AF; Found CW
Value at index 9 differs. Expected AJ; Found EU
Value at index 10 differs. Expected AK; Found CK
Value at index 12 differs. Expected AM; Found AS
Value at index 13 differs. Expected AN; Found EX
Value at index 14 differs. Expected AO; Found AD
Value at index 15 differs. Expected AP; Found DK
Value at index 16 differs. Expected AQ; Found DJ
Value at index 17 differs. Expected AR; Found BD
Value at index 18 differs. Expected AS; Found BY
Value at index 20 differs. Expected AU; Found CZ
Value at index 22 differs. Expected AW; Found AC
Value at index 24 differs. Expected AY; Found EE
Value at index 26 differs. Expected BA; Found FF
Value at index 28 differs. Expected BC; Found CT
Value at index 29 differs. Expected BD; Found BL
Value at index 31 differs. Expected BF; Found DY
Value at index 32 differs. Expected BG; Found FE
Value at index 36 differs. Expected BK; Found AU
Value at index 37 differs. Expected BL; Found BW
Value at index 38 differs. Expected BM; Found DR
Value at index 39 differs. Expected BN; Found FQ
Value at index 41 differs. Expected BP; Found ES
Value at index 43 differs. Expected BR; Found DS
Value at index 44 differs. Expected BS; Found FD
Value at index 45 differs. Expected BT; Found CN
Value at index 47 differs. Expected BV; Found CL
Value at index 48 differs. Expected BW; Found CU
Value at index 49 differs. Expected BX; Found EY
Value at index 50 differs. Expected BY; Found CM
Value at index 52 differs. Expected CA; Found FS
Value at index 53 differs. Expected CB; Found EG
Value at index 55 differs. Expected CD; Found CI
Value at index 56 differs. Expected CE; Found AE
Value at index 58 differs. Expected CG; Found DQ
Value at index 59 differs. Expected CH; Found AY
Value at index 60 differs. Expected CI; Found AJ
Value at index 61 differs. Expected CJ; Found FB
Value at index 62 differs. Expected CK; Found DA
Value at index 63 differs. Expected CL; Found DN
Value at index 64 differs. Expected CM; Found AM
Value at index 65 differs. Expected CN; Found DL
Value at index 67 differs. Expected CP; Found EM
Value at index 68 differs. Expected CQ; Found DX
Value at index 70 differs. Expected CS; Found DP
Value at index 71 differs. Expected CT; Found EW
Value at index 72 differs. Expected CU; Found AR
Value at index 73 differs. Expected CV; Found EK
Value at index 74 differs. Expected CW; Found DG
Value at index 75 differs. Expected CX; Found BP
Value at index 76 differs. Expected CY; Found DO
Value at index 77 differs. Expected CZ; Found CJ
Value at index 78 differs. Expected DA; Found AK
Value at index 79 differs. Expected DB; Found FC
Value at index 82 differs. Expected DE; Found DU
Value at index 83 differs. Expected DF; Found EZ
Value at index 84 differs. Expected DG; Found AF
Value at index 87 differs. Expected DJ; Found FP
Value at index 88 differs. Expected DK; Found AP
Value at index 89 differs. Expected DL; Found BT
Value at index 91 differs. Expected DN; Found ER
Value at index 92 differs. Expected DO; Found BF
Value at index 93 differs. Expected DP; Found AQ
Value at index 94 differs. Expected DQ; Found CG
Value at index 95 differs. Expected DR; Found BM
Value at index 96 differs. Expected DS; Found EL
Value at index 97 differs. Expected DT; Found AN
Value at index 98 differs. Expected DU; Found DE
Value at index 101 differs. Expected DX; Found EB
Value at index 102 differs. Expected DY; Found CY
Value at index 103 differs. Expected DZ; Found DF
Value at index 104 differs. Expected EA; Found CP
Value at index 105 differs. Expected EB; Found FI
Value at index 108 differs. Expected EE; Found CH
Value at index 110 differs. Expected EG; Found CB
Value at index 114 differs. Expected EK; Found CV
Value at index 115 differs. Expected EL; Found ET
Value at index 116 differs. Expected EM; Found FK
Value at index 117 differs. Expected EN; Found AW
Value at index 120 differs. Expected EQ; Found BV
Value at index 121 differs. Expected ER; Found EQ
Value at index 122 differs. Expected ES; Found CX
Value at index 123 differs. Expected ET; Found AA
Value at index 124 differs. Expected EU; Found EN
Value at index 126 differs. Expected EW; Found AB
Value at index 127 differs. Expected EX; Found DT
Value at index 128 differs. Expected EY; Found BS
Value at index 129 differs. Expected EZ; Found BK
Value at index 130 differs. Expected FA; Found CQ
Value at index 131 differs. Expected FB; Found FM
Value at index 132 differs. Expected FC; Found DB
Value at index 133 differs. Expected FD; Found FN
Value at index 134 differs. Expected FE; Found BG
Value at index 135 differs. Expected FF; Found BA
Value at index 136 differs. Expected FG; Found FL
Value at index 138 differs. Expected FI; Found FA
Value at index 140 differs. Expected FK; Found EA
Value at index 141 differs. Expected FL; Found DZ
Value at index 142 differs. Expected FM; Found FG
Value at index 143 differs. Expected FN; Found BX
Value at index 145 differs. Expected FP; Found CE
Value at index 146 differs. Expected FQ; Found BN
Value at index 148 differs. Expected FS; Found CA

