Invalid read count. Expected: 60; Found: 37
Invalid write count. Expected: 33; Found: 20
Value at index 1 differs. Expected B; Found D
Value at index 2 differs. Expected C; Found B
Value at index 3 differs. Expected D; Found E
Value at index 4 differs. Expected E; Found C

Invalid read count. Expected: 2 912; Found: 1 630
Invalid write count. Expected: 1 489; Found: 831
Value at index 0 differs. Expected AA; Found DL
Value at index 2 differs. Expected AC; Found CZ
Value at index 3 differs. Expected AD; Found BI
Value at index 10 differs. Expected AK; Found DH
Value at index 13 differs. Expected AN; Found BX
Value at index 15 differs. Expected AP; Found DI
Value at index 18 differs. Expected AS; Found BY
Value at index 19 differs. Expected AT; Found AC
Value at index 20 differs. Expected AU; Found CJ
Value at index 21 differs. Expected AV; Found AS
Value at index 22 differs. Expected AW; Found CM
Value at index 23 differs. Expected AX; Found BM
Value at index 24 differs. Expected AY; Found CU
Value at index 26 differs. Expected BA; Found BZ
Value at index 29 differs. Expected BD; Found CK
Value at index 30 differs. Expected BE; Found AD
Value at index 31 differs. Expected BF; Found BE
Value at index 32 differs. Expected BG; Found AW
Value at index 34 differs. Expected BI; Found BV
Value at index 35 differs. Expected BJ; Found BO
Value at index 37 differs. Expected BL; Found CT
Value at index 38 differs. Expected BM; Found DQ
Value at index 39 differs. Expected BN; Found DB
Value at index 40 differs. Expected BO; Found BJ
Value at index 41 differs. Expected BP; Found BF
Value at index 42 differs. Expected BQ; Found BN
Value at index 43 differs. Expected BR; Found BL
Value at index 44 differs. Expected BS; Found AU
Value at index 45 differs. Expected BT; Found BS
Value at index 46 differs. Expected BU; Found AK
Value at index 47 differs. Expected BV; Found BA
Value at index 48 differs. Expected BW; Found CH
Value at index 49 differs. Expected BX; Found AV
Value at index 50 differs. Expected BY; Found BQ
Value at index 51 differs. Expected BZ; Found AX
Value at index 53 differs. Expected CB; Found AN
Value at index 56 differs. Expected CE; Found BP
Value at index 57 differs. Expected CF; Found DR
Value at index 59 differs. Expected CH; Found CP
Value at index 60 differs. Expected CI; Found CE
Value at index 61 differs. Expected CJ; Found AT
Value at index 62 differs. Expected CK; Found BD
Value at index 63 differs. Expected CL; Found BT
Value at index 64 differs. Expected CM; Found AA
Value at index 65 differs. Expected CN; Found BG
Value at index 66 differs. Expected CO; Found AP
Value at index 67 differs. Expected CP; Found BU
Value at index 68 differs. Expected CQ; Found FG
Value at index 69 differs. Expected CR; Found CB
Value at index 70 differs. Expected CS; Found CR
Value at index 71 differs. Expected CT; Found BW
Value at index 72 differs. Expected CU; Found AY
Value at index 73 differs. Expected CV; Found CF
Value at index 74 differs. Expected CW; Found BR
Value at index 75 differs. Expected CX; Found CI
Value at index 76 differs. Expected CY; Found CL
Value at index 77 differs. Expected CZ; Found CN
Value at index 78 differs. Expected DA; Found CO
Value at index 79 differs. Expected DB; Found CQ
Value at index 80 differs. Expected DC; Found CS
Value at index 81 differs. Expected DD; Found CV
Value at index 82 differs. Expected DE; Found CW
Value at index 83 differs. Expected DF; Found CX
Value at index 84 differs. Expected DG; Found CY
Value at index 85 differs. Expected DH; Found DA
Value at index 86 differs. Expected DI; Found DC
Value at index 87 differs. Expected DJ; Found DD
Value at index 88 differs. Expected DK; Found DE
Value at index 89 differs. Expected DL; Found DF
Value at index 90 differs. Expected DM; Found DG
Value at index 91 differs. Expected DN; Found DJ
Value at index 92 differs. Expected DO; Found DK
Value at index 93 differs. Expected DP; Found DM
Value at index 94 differs. Expected DQ; Found DN
Value at index 95 differs. Expected DR; Found DO
Value at index 96 differs. Expected DS; Found DP
Value at index 97 differs. Expected DT; Found DS
Value at index 98 differs. Expected DU; Found DT
Value at index 99 differs. Expected DV; Found DU
Value at index 100 differs. Expected DW; Found DV
Value at index 101 differs. Expected DX; Found DW
Value at index 102 differs. Expected DY; Found DX
Value at index 103 differs. Expected DZ; Found DY
Value at index 104 differs. Expected EA; Found DZ
Value at index 105 differs. Expected EB; Found EA
Value at index 106 differs. Expected EC; Found EB
Value at index 107 differs. Expected ED; Found EC
Value at index 108 differs. Expected EE; Found ED
Value at index 109 differs. Expected EF; Found EE
Value at index 110 differs. Expected EG; Found EF
Value at index 111 differs. Expected EH; Found EG
Value at index 112 differs. Expected EI; Found EH
Value at index 113 differs. Expected EJ; Found EI
Value at index 114 differs. Expected EK; Found EJ
Value at index 115 differs. Expected EL; Found EK
Value at index 116 differs. Expected EM; Found EL
Value at index 117 differs. Expected EN; Found EM
Value at index 118 differs. Expected EO; Found EN
Value at index 119 differs. Expected EP; Found EO
Value at index 120 differs. Expected EQ; Found EP
Value at index 121 differs. Expected ER; Found EQ
Value at index 122 differs. Expected ES; Found ER
Value at index 123 differs. Expected ET; Found ES
Value at index 124 differs. Expected EU; Found ET
Value at index 125 differs. Expected EV; Found EU
Value at index 126 differs. Expected EW; Found EV
Value at index 127 differs. Expected EX; Found EW
Value at index 128 differs. Expected EY; Found EX
Value at index 129 differs. Expected EZ; Found EY
Value at index 130 differs. Expected FA; Found EZ
Value at index 131 differs. Expected FB; Found FA
Value at index 132 differs. Expected FC; Found FB
Value at index 133 differs. Expected FD; Found FC
Value at index 134 differs. Expected FE; Found FD
Value at index 135 differs. Expected FF; Found FE
Value at index 136 differs. Expected FG; Found FF

