Invalid read count. Expected: 56; Found: 62
Invalid write count. Expected: 31; Found: 30
Value at index 1 differs. Expected B; Found G
Value at index 2 differs. Expected C; Found H
Value at index 3 differs. Expected D; Found H
Value at index 4 differs. Expected E; Found I
Value at index 5 differs. Expected F; Found I
Value at index 6 differs. Expected G; Found J
Value at index 7 differs. Expected H; Found J
Value at index 8 differs. Expected I; Found J

Invalid read count. Expected: 2 933; Found: 4 209
Invalid write count. Expected: 1 508; Found: 1 991
Value at index 0 differs. Expected AA; Found EP
Value at index 1 differs. Expected AB; Found EP
Value at index 2 differs. Expected AC; Found EQ
Value at index 3 differs. Expected AD; Found EQ
Value at index 4 differs. Expected AE; Found ES
Value at index 5 differs. Expected AF; Found ES
Value at index 6 differs. Expected AG; Found ES
Value at index 7 differs. Expected AH; Found EU
Value at index 8 differs. Expected AI; Found EU
Value at index 9 differs. Expected AJ; Found EU
Value at index 10 differs. Expected AK; Found EU
Value at index 11 differs. Expected AL; Found EU
Value at index 12 differs. Expected AM; Found EU
Value at index 13 differs. Expected AN; Found EU
Value at index 14 differs. Expected AO; Found EU
Value at index 15 differs. Expected AP; Found EU
Value at index 16 differs. Expected AQ; Found EU
Value at index 17 differs. Expected AR; Found EV
Value at index 18 differs. Expected AS; Found EV
Value at index 19 differs. Expected AT; Found EV
Value at index 20 differs. Expected AU; Found EZ
Value at index 21 differs. Expected AV; Found EZ
Value at index 22 differs. Expected AW; Found EZ
Value at index 23 differs. Expected AX; Found EZ
Value at index 24 differs. Expected AY; Found FA
Value at index 25 differs. Expected AZ; Found FA
Value at index 26 differs. Expected BA; Found FA
Value at index 27 differs. Expected BB; Found FA
Value at index 28 differs. Expected BC; Found FA
Value at index 29 differs. Expected BD; Found FA
Value at index 30 differs. Expected BE; Found FA
Value at index 31 differs. Expected BF; Found FA
Value at index 32 differs. Expected BG; Found FA
Value at index 33 differs. Expected BH; Found FA
Value at index 34 differs. Expected BI; Found FC
Value at index 35 differs. Expected BJ; Found FC
Value at index 36 differs. Expected BK; Found FC
Value at index 37 differs. Expected BL; Found FC
Value at index 38 differs. Expected BM; Found FC
Value at index 39 differs. Expected BN; Found FE
Value at index 40 differs. Expected BO; Found FE
Value at index 41 differs. Expected BP; Found FE
Value at index 42 differs. Expected BQ; Found FE
Value at index 43 differs. Expected BR; Found FE
Value at index 44 differs. Expected BS; Found FE
Value at index 45 differs. Expected BT; Found FG
Value at index 46 differs. Expected BU; Found FG
Value at index 47 differs. Expected BV; Found FG
Value at index 48 differs. Expected BW; Found FG
Value at index 49 differs. Expected BX; Found FG
Value at index 50 differs. Expected BY; Found FG
Value at index 51 differs. Expected BZ; Found FI
Value at index 52 differs. Expected CA; Found FI
Value at index 53 differs. Expected CB; Found FI
Value at index 54 differs. Expected CC; Found FI
Value at index 55 differs. Expected CD; Found FL
Value at index 56 differs. Expected CE; Found FL
Value at index 57 differs. Expected CF; Found FL
Value at index 58 differs. Expected CG; Found FL
Value at index 59 differs. Expected CH; Found FL
Value at index 60 differs. Expected CI; Found FM
Value at index 61 differs. Expected CJ; Found FM
Value at index 62 differs. Expected CK; Found FM
Value at index 63 differs. Expected CL; Found FM
Value at index 64 differs. Expected CM; Found FM
Value at index 65 differs. Expected CN; Found FM
Value at index 66 differs. Expected CO; Found FM
Value at index 67 differs. Expected CP; Found FM
Value at index 68 differs. Expected CQ; Found FM
Value at index 69 differs. Expected CR; Found FM
Value at index 70 differs. Expected CS; Found FM
Value at index 71 differs. Expected CT; Found FM
Value at index 72 differs. Expected CU; Found FM
Value at index 73 differs. Expected CV; Found FM
Value at index 74 differs. Expected CW; Found FM
Value at index 75 differs. Expected CX; Found FM
Value at index 76 differs. Expected CY; Found FM
Value at index 77 differs. Expected CZ; Found FM
Value at index 78 differs. Expected DA; Found FM
Value at index 79 differs. Expected DB; Found FM
Value at index 80 differs. Expected DC; Found FP
Value at index 81 differs. Expected DD; Found FP
Value at index 82 differs. Expected DE; Found FP
Value at index 83 differs. Expected DF; Found FP
Value at index 84 differs. Expected DG; Found FP
Value at index 85 differs. Expected DH; Found FP
Value at index 86 differs. Expected DI; Found FP
Value at index 87 differs. Expected DJ; Found FP
Value at index 88 differs. Expected DK; Found FP
Value at index 89 differs. Expected DL; Found FP
Value at index 90 differs. Expected DM; Found FP
Value at index 91 differs. Expected DN; Found FP
Value at index 92 differs. Expected DO; Found FP
Value at index 93 differs. Expected DP; Found FP
Value at index 94 differs. Expected DQ; Found FP
Value at index 95 differs. Expected DR; Found FP
Value at index 96 differs. Expected DS; Found FP
Value at index 97 differs. Expected DT; Found FP
Value at index 98 differs. Expected DU; Found FP
Value at index 99 differs. Expected DV; Found FP
Value at index 100 differs. Expected DW; Found FP
Value at index 101 differs. Expected DX; Found FP
Value at index 102 differs. Expected DY; Found FP
Value at index 103 differs. Expected DZ; Found FP
Value at index 104 differs. Expected EA; Found FP
Value at index 105 differs. Expected EB; Found FP
Value at index 106 differs. Expected EC; Found FP
Value at index 107 differs. Expected ED; Found FP
Value at index 108 differs. Expected EE; Found FP
Value at index 109 differs. Expected EF; Found FP
Value at index 110 differs. Expected EG; Found FP
Value at index 111 differs. Expected EH; Found FP
Value at index 112 differs. Expected EI; Found FP
Value at index 113 differs. Expected EJ; Found FP
Value at index 114 differs. Expected EK; Found FR
Value at index 115 differs. Expected EL; Found FR
Value at index 116 differs. Expected EM; Found FR
Value at index 117 differs. Expected EN; Found FR
Value at index 118 differs. Expected EO; Found FR
Value at index 119 differs. Expected EP; Found FR
Value at index 120 differs. Expected EQ; Found FS
Value at index 121 differs. Expected ER; Found FS
Value at index 122 differs. Expected ES; Found FS
Value at index 123 differs. Expected ET; Found FS
Value at index 124 differs. Expected EU; Found FS
Value at index 125 differs. Expected EV; Found FT
Value at index 126 differs. Expected EW; Found FT
Value at index 127 differs. Expected EX; Found FT
Value at index 128 differs. Expected EY; Found FT
Value at index 129 differs. Expected EZ; Found FT
Value at index 130 differs. Expected FA; Found FT
Value at index 131 differs. Expected FB; Found FT
Value at index 132 differs. Expected FC; Found FT
Value at index 133 differs. Expected FD; Found FT
Value at index 134 differs. Expected FE; Found FT
Value at index 135 differs. Expected FF; Found FT
Value at index 136 differs. Expected FG; Found FT
Value at index 137 differs. Expected FH; Found FT
Value at index 138 differs. Expected FI; Found FT
Value at index 139 differs. Expected FJ; Found FT
Value at index 140 differs. Expected FK; Found FT
Value at index 141 differs. Expected FL; Found FT
Value at index 142 differs. Expected FM; Found FT
Value at index 143 differs. Expected FN; Found FT
Value at index 144 differs. Expected FO; Found FT
Value at index 145 differs. Expected FP; Found FT
Value at index 146 differs. Expected FQ; Found FT
Value at index 147 differs. Expected FR; Found FT
Value at index 148 differs. Expected FS; Found FT

