Invalid read count. Expected: 62; Found: 42
Invalid write count. Expected: 35; Found: 26
Value at index 4 differs. Expected E; Found F
Value at index 5 differs. Expected F; Found E
Value at index 8 differs. Expected I; Found J
Value at index 9 differs. Expected J; Found I

Invalid read count. Expected: 2,777; Found: 2,463
Invalid write count. Expected: 1,411; Found: 1,320
Value at index 3 differs. Expected AD; Found AE
Value at index 4 differs. Expected AE; Found AD
Value at index 7 differs. Expected AH; Found AJ
Value at index 8 differs. Expected AI; Found AH
Value at index 9 differs. Expected AJ; Found AK
Value at index 10 differs. Expected AK; Found AI
Value at index 12 differs. Expected AM; Found AO
Value at index 13 differs. Expected AN; Found AM
Value at index 14 differs. Expected AO; Found AR
Value at index 15 differs. Expected AP; Found AN
Value at index 16 differs. Expected AQ; Found AS
Value at index 17 differs. Expected AR; Found AP
Value at index 18 differs. Expected AS; Found AT
Value at index 19 differs. Expected AT; Found AQ
Value at index 21 differs. Expected AV; Found AW
Value at index 22 differs. Expected AW; Found AV
Value at index 27 differs. Expected BB; Found BC
Value at index 28 differs. Expected BC; Found BB
Value at index 31 differs. Expected BF; Found BH
Value at index 32 differs. Expected BG; Found BF
Value at index 33 differs. Expected BH; Found BJ
Value at index 34 differs. Expected BI; Found BG
Value at index 35 differs. Expected BJ; Found BL
Value at index 36 differs. Expected BK; Found BI
Value at index 37 differs. Expected BL; Found BM
Value at index 38 differs. Expected BM; Found BK
Value at index 44 differs. Expected BS; Found BT
Value at index 45 differs. Expected BT; Found BS
Value at index 47 differs. Expected BV; Found BX
Value at index 48 differs. Expected BW; Found BV
Value at index 49 differs. Expected BX; Found BY
Value at index 50 differs. Expected BY; Found BW
Value at index 61 differs. Expected CJ; Found CK
Value at index 62 differs. Expected CK; Found CJ
Value at index 64 differs. Expected CM; Found CO
Value at index 65 differs. Expected CN; Found CM
Value at index 66 differs. Expected CO; Found CQ
Value at index 67 differs. Expected CP; Found CN
Value at index 68 differs. Expected CQ; Found CS
Value at index 69 differs. Expected CR; Found CP
Value at index 70 differs. Expected CS; Found CU
Value at index 71 differs. Expected CT; Found CR
Value at index 72 differs. Expected CU; Found CV
Value at index 73 differs. Expected CV; Found CT
Value at index 74 differs. Expected CW; Found CX
Value at index 75 differs. Expected CX; Found CW
Value at index 77 differs. Expected CZ; Found DB
Value at index 78 differs. Expected DA; Found CZ
Value at index 79 differs. Expected DB; Found DC
Value at index 80 differs. Expected DC; Found DA
Value at index 81 differs. Expected DD; Found DF
Value at index 82 differs. Expected DE; Found DD
Value at index 83 differs. Expected DF; Found DG
Value at index 84 differs. Expected DG; Found DE
Value at index 86 differs. Expected DI; Found DJ
Value at index 87 differs. Expected DJ; Found DI
Value at index 89 differs. Expected DL; Found DM
Value at index 90 differs. Expected DM; Found DL
Value at index 91 differs. Expected DN; Found DP
Value at index 92 differs. Expected DO; Found DN
Value at index 93 differs. Expected DP; Found DQ
Value at index 94 differs. Expected DQ; Found DO
Value at index 95 differs. Expected DR; Found DS
Value at index 96 differs. Expected DS; Found DR
Value at index 99 differs. Expected DV; Found DY
Value at index 100 differs. Expected DW; Found DV
Value at index 101 differs. Expected DX; Found EB
Value at index 102 differs. Expected DY; Found DW
Value at index 103 differs. Expected DZ; Found EC
Value at index 104 differs. Expected EA; Found DX
Value at index 105 differs. Expected EB; Found ED
Value at index 106 differs. Expected EC; Found DZ
Value at index 107 differs. Expected ED; Found EE
Value at index 108 differs. Expected EE; Found EA
Value at index 112 differs. Expected EI; Found EJ
Value at index 113 differs. Expected EJ; Found EI
Value at index 114 differs. Expected EK; Found EM
Value at index 115 differs. Expected EL; Found EK
Value at index 116 differs. Expected EM; Found EN
Value at index 117 differs. Expected EN; Found EL
Value at index 119 differs. Expected EP; Found ER
Value at index 120 differs. Expected EQ; Found EP
Value at index 121 differs. Expected ER; Found ET
Value at index 122 differs. Expected ES; Found EQ
Value at index 123 differs. Expected ET; Found EU
Value at index 124 differs. Expected EU; Found ES
Value at index 125 differs. Expected EV; Found EW
Value at index 126 differs. Expected EW; Found EV
Value at index 127 differs. Expected EX; Found EY
Value at index 128 differs. Expected EY; Found EX
Value at index 135 differs. Expected FF; Found FG
Value at index 136 differs. Expected FG; Found FF
Value at index 145 differs. Expected FP; Found FQ
Value at index 146 differs. Expected FQ; Found FP

