Invalid read count. Expected: 62; Found: 1
Invalid write count. Expected: 35; Found: 0
Value at index 1 differs. Expected B; Found F
Value at index 2 differs. Expected C; Found H
Value at index 4 differs. Expected E; Found I
Value at index 5 differs. Expected F; Found B
Value at index 6 differs. Expected G; Found E
Value at index 7 differs. Expected H; Found G
Value at index 8 differs. Expected I; Found J
Value at index 9 differs. Expected J; Found C

Invalid read count. Expected: 2,777; Found: 1
Invalid write count. Expected: 1,411; Found: 0
Value at index 3 differs. Expected AD; Found AF
Value at index 4 differs. Expected AE; Found CO
Value at index 5 differs. Expected AF; Found AN
Value at index 6 differs. Expected AG; Found AV
Value at index 9 differs. Expected AJ; Found DZ
Value at index 12 differs. Expected AM; Found CJ
Value at index 13 differs. Expected AN; Found DW
Value at index 14 differs. Expected AO; Found CI
Value at index 16 differs. Expected AQ; Found CZ
Value at index 17 differs. Expected AR; Found BU
Value at index 19 differs. Expected AT; Found BS
Value at index 20 differs. Expected AU; Found BE
Value at index 21 differs. Expected AV; Found BI
Value at index 23 differs. Expected AX; Found CK
Value at index 24 differs. Expected AY; Found DM
Value at index 25 differs. Expected AZ; Found DF
Value at index 26 differs. Expected BA; Found AJ
Value at index 30 differs. Expected BE; Found AU
Value at index 31 differs. Expected BF; Found EM
Value at index 32 differs. Expected BG; Found CC
Value at index 33 differs. Expected BH; Found BW
Value at index 34 differs. Expected BI; Found DD
Value at index 35 differs. Expected BJ; Found EE
Value at index 36 differs. Expected BK; Found AQ
Value at index 38 differs. Expected BM; Found EL
Value at index 39 differs. Expected BN; Found CA
Value at index 41 differs. Expected BP; Found AT
Value at index 42 differs. Expected BQ; Found DC
Value at index 43 differs. Expected BR; Found FQ
Value at index 44 differs. Expected BS; Found BP
Value at index 45 differs. Expected BT; Found CR
Value at index 46 differs. Expected BU; Found CW
Value at index 47 differs. Expected BV; Found DX
Value at index 48 differs. Expected BW; Found DK
Value at index 49 differs. Expected BX; Found DH
Value at index 51 differs. Expected BZ; Found CB
Value at index 52 differs. Expected CA; Found BN
Value at index 53 differs. Expected CB; Found AR
Value at index 54 differs. Expected CC; Found EB
Value at index 60 differs. Expected CI; Found AO
Value at index 61 differs. Expected CJ; Found EX
Value at index 62 differs. Expected CK; Found FK
Value at index 64 differs. Expected CM; Found FJ
Value at index 66 differs. Expected CO; Found CY
Value at index 68 differs. Expected CQ; Found DN
Value at index 69 differs. Expected CR; Found FB
Value at index 70 differs. Expected CS; Found BT
Value at index 71 differs. Expected CT; Found EY
Value at index 72 differs. Expected CU; Found BZ
Value at index 74 differs. Expected CW; Found CU
Value at index 76 differs. Expected CY; Found EF
Value at index 77 differs. Expected CZ; Found DY
Value at index 79 differs. Expected DB; Found FE
Value at index 80 differs. Expected DC; Found BQ
Value at index 81 differs. Expected DD; Found AG
Value at index 83 differs. Expected DF; Found AZ
Value at index 85 differs. Expected DH; Found BX
Value at index 88 differs. Expected DK; Found FD
Value at index 90 differs. Expected DM; Found EO
Value at index 91 differs. Expected DN; Found CQ
Value at index 92 differs. Expected DO; Found EG
Value at index 100 differs. Expected DW; Found AX
Value at index 101 differs. Expected DX; Found BV
Value at index 102 differs. Expected DY; Found CT
Value at index 103 differs. Expected DZ; Found BA
Value at index 105 differs. Expected EB; Found BG
Value at index 108 differs. Expected EE; Found BJ
Value at index 109 differs. Expected EF; Found AE
Value at index 110 differs. Expected EG; Found DO
Value at index 111 differs. Expected EH; Found BK
Value at index 115 differs. Expected EL; Found EN
Value at index 116 differs. Expected EM; Found BF
Value at index 117 differs. Expected EN; Found BM
Value at index 118 differs. Expected EO; Found AY
Value at index 127 differs. Expected EX; Found AM
Value at index 128 differs. Expected EY; Found EH
Value at index 131 differs. Expected FB; Found CS
Value at index 133 differs. Expected FD; Found FM
Value at index 134 differs. Expected FE; Found DB
Value at index 139 differs. Expected FJ; Found CM
Value at index 140 differs. Expected FK; Found AD
Value at index 142 differs. Expected FM; Found BH
Value at index 146 differs. Expected FQ; Found BR

