Invalid read count. Expected: 62; Found: 49
Invalid write count. Expected: 33; Found: 30
Value at index 2 differs. Expected C; Found G
Value at index 3 differs. Expected D; Found H
Value at index 6 differs. Expected G; Found C
Value at index 7 differs. Expected H; Found D

Invalid read count. Expected: 2 961; Found: 1 947
Invalid write count. Expected: 1 512; Found: 1 050
Value at index 0 differs. Expected AA; Found FI
Value at index 2 differs. Expected AC; Found DT
Value at index 3 differs. Expected AD; Found ED
Value at index 4 differs. Expected AE; Found AD
Value at index 8 differs. Expected AI; Found AR
Value at index 9 differs. Expected AJ; Found FM
Value at index 10 differs. Expected AK; Found DF
Value at index 12 differs. Expected AM; Found AX
Value at index 13 differs. Expected AN; Found BA
Value at index 14 differs. Expected AO; Found EZ
Value at index 16 differs. Expected AQ; Found FJ
Value at index 17 differs. Expected AR; Found EM
Value at index 18 differs. Expected AS; Found CW
Value at index 19 differs. Expected AT; Found EC
Value at index 20 differs. Expected AU; Found DN
Value at index 21 differs. Expected AV; Found AK
Value at index 22 differs. Expected AW; Found CE
Value at index 23 differs. Expected AX; Found BE
Value at index 24 differs. Expected AY; Found AC
Value at index 25 differs. Expected AZ; Found AO
Value at index 26 differs. Expected BA; Found DH
Value at index 28 differs. Expected BC; Found CT
Value at index 30 differs. Expected BE; Found BS
Value at index 31 differs. Expected BF; Found CG
Value at index 33 differs. Expected BH; Found DA
Value at index 34 differs. Expected BI; Found CB
Value at index 35 differs. Expected BJ; Found BI
Value at index 39 differs. Expected BN; Found AM
Value at index 40 differs. Expected BO; Found CR
Value at index 41 differs. Expected BP; Found ET
Value at index 42 differs. Expected BQ; Found EU
Value at index 43 differs. Expected BR; Found EW
Value at index 44 differs. Expected BS; Found DQ
Value at index 45 differs. Expected BT; Found FF
Value at index 46 differs. Expected BU; Found FC
Value at index 47 differs. Expected BV; Found CL
Value at index 49 differs. Expected BX; Found FO
Value at index 50 differs. Expected BY; Found CA
Value at index 52 differs. Expected CA; Found DM
Value at index 53 differs. Expected CB; Found CC
Value at index 54 differs. Expected CC; Found BN
Value at index 56 differs. Expected CE; Found AW
Value at index 58 differs. Expected CG; Found BF
Value at index 61 differs. Expected CJ; Found EK
Value at index 62 differs. Expected CK; Found FN
Value at index 63 differs. Expected CL; Found BC
Value at index 65 differs. Expected CN; Found CQ
Value at index 66 differs. Expected CO; Found BQ
Value at index 67 differs. Expected CP; Found EP
Value at index 68 differs. Expected CQ; Found AQ
Value at index 69 differs. Expected CR; Found FD
Value at index 71 differs. Expected CT; Found BV
Value at index 73 differs. Expected CV; Found EL
Value at index 74 differs. Expected CW; Found AN
Value at index 75 differs. Expected CX; Found EV
Value at index 77 differs. Expected CZ; Found FL
Value at index 78 differs. Expected DA; Found BH
Value at index 83 differs. Expected DF; Found EX
Value at index 84 differs. Expected DG; Found AT
Value at index 85 differs. Expected DH; Found EO
Value at index 87 differs. Expected DJ; Found AZ
Value at index 89 differs. Expected DL; Found CJ
Value at index 90 differs. Expected DM; Found BY
Value at index 91 differs. Expected DN; Found AU
Value at index 92 differs. Expected DO; Found FH
Value at index 93 differs. Expected DP; Found FE
Value at index 94 differs. Expected DQ; Found EJ
Value at index 96 differs. Expected DS; Found BO
Value at index 97 differs. Expected DT; Found DO
Value at index 99 differs. Expected DV; Found AY
Value at index 102 differs. Expected DY; Found AE
Value at index 103 differs. Expected DZ; Found DJ
Value at index 104 differs. Expected EA; Found EH
Value at index 105 differs. Expected EB; Found AV
Value at index 106 differs. Expected EC; Found DG
Value at index 107 differs. Expected ED; Found DY
Value at index 110 differs. Expected EG; Found CV
Value at index 111 differs. Expected EH; Found FK
Value at index 112 differs. Expected EI; Found BU
Value at index 113 differs. Expected EJ; Found EB
Value at index 114 differs. Expected EK; Found DL
Value at index 115 differs. Expected EL; Found ES
Value at index 116 differs. Expected EM; Found AI
Value at index 118 differs. Expected EO; Found AS
Value at index 119 differs. Expected EP; Found CP
Value at index 122 differs. Expected ES; Found DZ
Value at index 123 differs. Expected ET; Found BP
Value at index 124 differs. Expected EU; Found CO
Value at index 125 differs. Expected EV; Found CX
Value at index 126 differs. Expected EW; Found BR
Value at index 127 differs. Expected EX; Found BJ
Value at index 129 differs. Expected EZ; Found EA
Value at index 132 differs. Expected FC; Found EI
Value at index 133 differs. Expected FD; Found DS
Value at index 134 differs. Expected FE; Found DP
Value at index 135 differs. Expected FF; Found BT
Value at index 137 differs. Expected FH; Found FQ
Value at index 138 differs. Expected FI; Found AA
Value at index 139 differs. Expected FJ; Found CN
Value at index 140 differs. Expected FK; Found EG
Value at index 141 differs. Expected FL; Found CZ
Value at index 142 differs. Expected FM; Found CK
Value at index 143 differs. Expected FN; Found AJ
Value at index 144 differs. Expected FO; Found BX
Value at index 146 differs. Expected FQ; Found DV

