Invalid read count. Expected: 56; Found: 55
Invalid write count. Expected: 31; Found: 28
Value at index 1 differs. Expected B; Found J
Value at index 2 differs. Expected C; Found J
Value at index 3 differs. Expected D; Found B
Value at index 4 differs. Expected E; Found F
Value at index 5 differs. Expected F; Found J

Invalid read count. Expected: 2 933; Found: 2 094
Invalid write count. Expected: 1 508; Found: 1 051
Value at index 1 differs. Expected AB; Found FT
Value at index 2 differs. Expected AC; Found FT
Value at index 3 differs. Expected AD; Found FG
Value at index 4 differs. Expected AE; Found FT
Value at index 5 differs. Expected AF; Found DG
Value at index 6 differs. Expected AG; Found BR
Value at index 9 differs. Expected AJ; Found FT
Value at index 10 differs. Expected AK; Found EC
Value at index 11 differs. Expected AL; Found FJ
Value at index 12 differs. Expected AM; Found DK
Value at index 13 differs. Expected AN; Found DB
Value at index 14 differs. Expected AO; Found EH
Value at index 16 differs. Expected AQ; Found AD
Value at index 17 differs. Expected AR; Found EE
Value at index 18 differs. Expected AS; Found FT
Value at index 20 differs. Expected AU; Found FO
Value at index 23 differs. Expected AX; Found BG
Value at index 25 differs. Expected AZ; Found ER
Value at index 26 differs. Expected BA; Found FK
Value at index 27 differs. Expected BB; Found CM
Value at index 28 differs. Expected BC; Found AF
Value at index 29 differs. Expected BD; Found BT
Value at index 30 differs. Expected BE; Found EW
Value at index 32 differs. Expected BG; Found EL
Value at index 37 differs. Expected BL; Found FT
Value at index 38 differs. Expected BM; Found AS
Value at index 42 differs. Expected BQ; Found AR
Value at index 43 differs. Expected BR; Found AG
Value at index 45 differs. Expected BT; Found CN
Value at index 46 differs. Expected BU; Found DQ
Value at index 49 differs. Expected BX; Found CH
Value at index 51 differs. Expected BZ; Found EX
Value at index 53 differs. Expected CB; Found CX
Value at index 54 differs. Expected CC; Found CU
Value at index 55 differs. Expected CD; Found FH
Value at index 56 differs. Expected CE; Found EF
Value at index 57 differs. Expected CF; Found AE
Value at index 59 differs. Expected CH; Found DW
Value at index 60 differs. Expected CI; Found EJ
Value at index 62 differs. Expected CK; Found BU
Value at index 64 differs. Expected CM; Found FN
Value at index 65 differs. Expected CN; Found AZ
Value at index 67 differs. Expected CP; Found BZ
Value at index 71 differs. Expected CT; Found AA
Value at index 72 differs. Expected CU; Found DR
Value at index 74 differs. Expected CW; Found ES
Value at index 75 differs. Expected CX; Found FT
Value at index 76 differs. Expected CY; Found EG
Value at index 79 differs. Expected DB; Found BE
Value at index 80 differs. Expected DC; Found DZ
Value at index 81 differs. Expected DD; Found FS
Value at index 84 differs. Expected DG; Found BC
Value at index 86 differs. Expected DI; Found DM
Value at index 88 differs. Expected DK; Found BX
Value at index 90 differs. Expected DM; Found DU
Value at index 94 differs. Expected DQ; Found EO
Value at index 95 differs. Expected DR; Found FE
Value at index 96 differs. Expected DS; Found CF
Value at index 97 differs. Expected DT; Found CI
Value at index 98 differs. Expected DU; Found AO
Value at index 100 differs. Expected DW; Found DX
Value at index 101 differs. Expected DX; Found AM
Value at index 103 differs. Expected DZ; Found CC
Value at index 106 differs. Expected EC; Found AK
Value at index 108 differs. Expected EE; Found BQ
Value at index 109 differs. Expected EF; Found BA
Value at index 110 differs. Expected EG; Found CY
Value at index 111 differs. Expected EH; Found DI
Value at index 113 differs. Expected EJ; Found DT
Value at index 115 differs. Expected EL; Found AX
Value at index 118 differs. Expected EO; Found CK
Value at index 120 differs. Expected EQ; Found BB
Value at index 121 differs. Expected ER; Found FC
Value at index 122 differs. Expected ES; Found CW
Value at index 123 differs. Expected ET; Found EU
Value at index 124 differs. Expected EU; Found ET
Value at index 126 differs. Expected EW; Found AN
Value at index 127 differs. Expected EX; Found CP
Value at index 128 differs. Expected EY; Found AC
Value at index 130 differs. Expected FA; Found AB
Value at index 131 differs. Expected FB; Found AU
Value at index 132 differs. Expected FC; Found BD
Value at index 134 differs. Expected FE; Found DC
Value at index 135 differs. Expected FF; Found EQ
Value at index 136 differs. Expected FG; Found AQ
Value at index 137 differs. Expected FH; Found CD
Value at index 139 differs. Expected FJ; Found CE
Value at index 140 differs. Expected FK; Found AL
Value at index 142 differs. Expected FM; Found FB
Value at index 143 differs. Expected FN; Found FF
Value at index 144 differs. Expected FO; Found FM
Value at index 146 differs. Expected FQ; Found DD
Value at index 148 differs. Expected FS; Found CT

