  In (1,1), the ground is expected to be light grey, but it is pink.
  In (2,1), the ground is expected to be light grey, but it is pink.
  In (2,2), the ground is expected to be light grey, but it is pink.
  In (2,3), the ground is expected to be light grey, but it is pink.
  In (2,4), the ground is expected to be light grey, but it is pink.
  In (3,4), the ground is expected to be light grey, but it is pink.
  In (4,2), the ground is expected to be light grey, but it is pink.
  In (4,3), the ground is expected to be light grey, but it is pink.
  In (4,4), the ground is expected to be light grey, but it is pink.
  In (5,2), the ground is expected to be light grey, but it is pink.
  In (7,1), the ground is expected to be white, but it is light grey.
  Something is wrong about buggle 'Hunter':

  In (2,0), the ground is expected to be light grey, but it is orange.
  In (2,1), the ground is expected to be light grey, but it is orange.
  In (2,2), the ground is expected to be light grey, but it is orange.
  In (2,3), the ground is expected to be light grey, but it is orange.
  In (2,4), the ground is expected to be light grey, but it is orange.
  In (3,0), the ground is expected to be light grey, but it is orange.
  In (3,4), there shouldn't be this baggle, the ground is expected to be light grey, but it is orange.
  In (4,0), the ground is expected to be light grey, but it is orange.
  In (5,0), the ground is expected to be light grey, but it is orange.
  In (5,1), the ground is expected to be light grey, but it is orange.
  In (5,2), the ground is expected to be light grey, but it is orange.
  Something is wrong about buggle 'Hunter':
    Its position is (6,2); expected: (3,4).
    It should not carry that baggle.

