  In (0,1), there shouldn't be this baggle, the ground is expected to be light grey, but it is pink.
  In (1,1), the ground is expected to be light grey, but it is pink.
  In (2,1), the ground is expected to be light grey, but it is pink.
  In (2,2), the ground is expected to be light grey, but it is pink.
  In (2,3), the ground is expected to be light grey, but it is pink.
  In (2,4), the ground is expected to be light grey, but it is pink.
  In (3,4), the ground is expected to be light grey, but it is pink.
  In (4,2), the ground is expected to be light grey, but it is pink.
  In (4,3), the ground is expected to be light grey, but it is pink.
  In (4,4), the ground is expected to be light grey, but it is pink.
  In (5,2), the ground is expected to be light grey, but it is pink.
  In (6,2), the ground is expected to be light grey, but it is pink.
  In (6,3), the ground is expected to be light grey, but it is pink.
  In (6,4), the ground is expected to be light grey, but it is pink.
  Something is wrong about buggle 'Hunter':
    Its position is (6,5); expected: (0,1).
    It should not carry that baggle.

  In (2,0), the ground is expected to be light grey, but it is orange.
  In (2,1), the ground is expected to be light grey, but it is orange.
  In (2,2), the ground is expected to be light grey, but it is orange.
  In (2,3), the ground is expected to be light grey, but it is orange.
  In (2,4), the ground is expected to be light grey, but it is orange.
  In (3,0), the ground is expected to be light grey, but it is orange.
  In (3,4), there shouldn't be this baggle, the ground is expected to be light grey, but it is orange.
  In (4,0), the ground is expected to be light grey, but it is orange.
  In (5,0), the ground is expected to be light grey, but it is orange.
  In (5,1), the ground is expected to be light grey, but it is orange.
  In (5,2), the ground is expected to be light grey, but it is orange.
  In (6,2), the ground is expected to be light grey, but it is orange.
  In (6,3), the ground is expected to be light grey, but it is orange.
  In (6,4), the ground is expected to be light grey, but it is orange.
  In (6,5), the ground is expected to be light grey, but it is orange.
  Something is wrong about buggle 'Hunter':
    Its position is (6,6); expected: (3,4).
    It should not carry that baggle.

