  In (0,1), the ground is expected to be green, but it is white.
  In (0,3), the ground is expected to be green, but it is white.
  In (0,5), the ground is expected to be white, but it is blue.
  In (0,6), the ground is expected to be green, but it is blue.
  In (0,7), the ground is expected to be white, but it is red.
  In (0,8), the ground is expected to be green, but it is yellow.
  In (0,9), the ground is expected to be white, but it is yellow.
  In (0,15), the ground is expected to be white, but it is blue.
  In (0,16), the ground is expected to be green, but it is white.
  In (0,17), the ground is expected to be white, but it is green.
  In (0,18), the ground is expected to be green, but it is white.
  In (0,19), the ground is expected to be white, but it is yellow.
  In (0,20), the ground is expected to be white, but it is blue.
  In (0,21), the ground is expected to be green, but it is white.
  In (0,22), the ground is expected to be white, but it is red.
  In (0,23), the ground is expected to be green, but it is white.
  In (0,24), the ground is expected to be white, but it is yellow.
  In (0,26), the ground is expected to be green, but it is red.
  In (0,28), the ground is expected to be green, but it is red.
  In (0,31), the ground is expected to be green, but it is white.
  In (0,33), the ground is expected to be green, but it is white.
  In (0,36), the ground is expected to be green, but it is blue.
  In (0,38), the ground is expected to be green, but it is yellow.
  In (0,41), the ground is expected to be green, but it is red.
  In (0,43), the ground is expected to be green, but it is red.
  In (1,0), the ground is expected to be blue, but it is white.
  In (1,2), the ground is expected to be green, but it is white.
  In (1,4), the ground is expected to be yellow, but it is white.
  In (1,6), the ground is expected to be white, but it is red.
  In (1,7), the ground is expected to be green, but it is red.
  In (1,8), the ground is expected to be white, but it is red.
  In (1,15), the ground is expected to be blue, but it is white.
  In (1,16), the ground is expected to be white, but it is blue.
  In (1,17), the ground is expected to be green, but it is white.
  In (1,18), the ground is expected to be white, but it is yellow.
  In (1,19), the ground is expected to be yellow, but it is white.
  In (1,20), the ground is expected to be blue, but it is white.
  In (1,21), the ground is expected to be white, but it is red.
  In (1,22), the ground is expected to be green, but it is white.
  In (1,23), the ground is expected to be white, but it is red.
  In (1,24), the ground is expected to be yellow, but it is white.
  In (1,25), the ground is expected to be blue, but it is white.
  In (1,26), the ground is expected to be white, but it is green.
  In (1,27), the ground is expected to be green, but it is white.
  In (1,28), the ground is expected to be white, but it is green.
  In (1,29), the ground is expected to be yellow, but it is white.
  In (1,30), the ground is expected to be blue, but it is white.
  In (1,32), the ground is expected to be green, but it is white.
  In (1,34), the ground is expected to be yellow, but it is white.
  In (1,37), the ground is expected to be green, but it is red.
  In (1,41), the ground is expected to be white, but it is green.
  In (1,43), the ground is expected to be white, but it is green.
  In (2,1), the ground is expected to be blue, but it is white.
  In (2,3), the ground is expected to be yellow, but it is white.
  In (2,6), the ground is expected to be blue, but it is red.
  In (2,8), the ground is expected to be yellow, but it is red.
  In (2,15), the ground is expected to be white, but it is blue.
  In (2,16), the ground is expected to be blue, but it is white.
  In (2,17), the ground is expected to be white, but it is red.
  In (2,18), the ground is expected to be yellow, but it is white.
  In (2,19), the ground is expected to be white, but it is yellow.
  In (2,21), the ground is expected to be blue, but it is green.
  In (2,23), the ground is expected to be yellow, but it is green.
  In (2,25), the ground is expected to be white, but it is blue.
  In (2,26), the ground is expected to be blue, but it is white.
  In (2,27), the ground is expected to be white, but it is green.
  In (2,28), the ground is expected to be yellow, but it is white.
  In (2,29), the ground is expected to be white, but it is yellow.
  In (2,31), the ground is expected to be blue, but it is white.
  In (2,33), the ground is expected to be yellow, but it is white.
  In (2,36), the ground is expected to be blue, but it is red.
  In (2,38), the ground is expected to be yellow, but it is red.
  In (2,40), the ground is expected to be white, but it is blue.
  In (2,42), the ground is expected to be white, but it is green.
  In (2,44), the ground is expected to be white, but it is yellow.
  In (3,0), the ground is expected to be blue, but it is white.
  In (3,1), the ground is expected to be white, but it is green.
  In (3,2), the ground is expected to be red, but it is white.
  In (3,3), the ground is expected to be white, but it is green.
  In (3,4), the ground is expected to be yellow, but it is white.
  In (3,7), the ground is expected to be red, but it is green.
  In (3,15), the ground is expected to be blue, but it is white.
  In (3,16), the ground is expected to be white, but it is red.
  In (3,17), the ground is expected to be red, but it is white.
  In (3,18), the ground is expected to be white, but it is red.
  In (3,19), the ground is expected to be yellow, but it is white.
  In (3,22), the ground is expected to be red, but it is green.
  In (3,25), the ground is expected to be blue, but it is white.
  In (3,26), the ground is expected to be white, but it is blue.
  In (3,27), the ground is expected to be red, but it is white.
  In (3,28), the ground is expected to be white, but it is yellow.
  In (3,29), the ground is expected to be yellow, but it is white.
  In (3,30), the ground is expected to be blue, but it is white.
  In (3,31), the ground is expected to be white, but it is green.
  In (3,32), the ground is expected to be red, but it is white.
  In (3,33), the ground is expected to be white, but it is green.
  In (3,34), the ground is expected to be yellow, but it is white.
  In (3,35), the ground is expected to be blue, but it is white.
  In (3,37), the ground is expected to be red, but it is white.
  In (3,39), the ground is expected to be yellow, but it is white.
  In (3,41), the ground is expected to be white, but it is blue.
  In (3,43), the ground is expected to be white, but it is yellow.
  In (4,0), the ground is expected to be white, but it is blue.
  In (4,1), the ground is expected to be red, but it is white.
  In (4,2), the ground is expected to be white, but it is green.
  In (4,3), the ground is expected to be red, but it is white.
  In (4,4), the ground is expected to be white, but it is yellow.
  In (4,6), the ground is expected to be red, but it is blue.
  In (4,8), the ground is expected to be red, but it is yellow.
  In (4,16), the ground is expected to be red, but it is green.
  In (4,18), the ground is expected to be red, but it is green.
  In (4,21), the ground is expected to be red, but it is blue.
  In (4,23), the ground is expected to be red, but it is yellow.
  In (4,25), the ground is expected to be white, but it is blue.
  In (4,26), the ground is expected to be red, but it is white.
  In (4,27), the ground is expected to be white, but it is red.
  In (4,28), the ground is expected to be red, but it is white.
  In (4,29), the ground is expected to be white, but it is yellow.
  In (4,30), the ground is expected to be white, but it is blue.
  In (4,31), the ground is expected to be red, but it is white.
  In (4,32), the ground is expected to be white, but it is green.
  In (4,33), the ground is expected to be red, but it is white.
  In (4,34), the ground is expected to be white, but it is yellow.
  In (4,36), the ground is expected to be red, but it is white.
  In (4,38), the ground is expected to be red, but it is white.
  In (4,40), the ground is expected to be white, but it is blue.
  In (4,42), the ground is expected to be white, but it is red.
  In (4,44), the ground is expected to be white, but it is yellow.
  In (5,1), the ground is expected to be green, but it is blue.
  In (5,3), the ground is expected to be green, but it is yellow.
  In (5,5), the ground is expected to be white, but it is blue.
  In (5,6), the ground is expected to be green, but it is white.
  In (5,7), the ground is expected to be white, but it is red.
  In (5,8), the ground is expected to be green, but it is white.
  In (5,9), the ground is expected to be white, but it is yellow.
  In (5,15), the ground is expected to be white, but it is blue.
  In (5,16), the ground is expected to be green, but it is white.
  In (5,17), the ground is expected to be white, but it is green.
  In (5,18), the ground is expected to be green, but it is white.
  In (5,19), the ground is expected to be white, but it is yellow.
  In (5,20), the ground is expected to be white, but it is blue.
  In (5,21), the ground is expected to be green, but it is white.
  In (5,22), the ground is expected to be white, but it is red.
  In (5,23), the ground is expected to be green, but it is white.
  In (5,24), the ground is expected to be white, but it is yellow.
  In (5,26), the ground is expected to be green, but it is red.
  In (5,28), the ground is expected to be green, but it is red.
  In (5,31), the ground is expected to be green, but it is blue.
  In (5,33), the ground is expected to be green, but it is yellow.
  In (5,36), the ground is expected to be green, but it is white.
  In (5,38), the ground is expected to be green, but it is white.
  In (5,41), the ground is expected to be green, but it is red.
  In (5,43), the ground is expected to be green, but it is red.
  In (6,2), the ground is expected to be green, but it is red.
  In (6,5), the ground is expected to be blue, but it is white.
  In (6,6), the ground is expected to be white, but it is red.
  In (6,7), the ground is expected to be green, but it is white.
  In (6,8), the ground is expected to be white, but it is red.
  In (6,9), the ground is expected to be yellow, but it is white.
  In (6,15), the ground is expected to be blue, but it is white.
  In (6,16), the ground is expected to be white, but it is blue.
  In (6,17), the ground is expected to be green, but it is white.
  In (6,18), the ground is expected to be white, but it is yellow.
  In (6,19), the ground is expected to be yellow, but it is white.
  In (6,20), the ground is expected to be blue, but it is white.
  In (6,21), the ground is expected to be white, but it is red.
  In (6,22), the ground is expected to be green, but it is white.
  In (6,23), the ground is expected to be white, but it is red.
  In (6,24), the ground is expected to be yellow, but it is white.
  In (6,25), the ground is expected to be blue, but it is white.
  In (6,27), the ground is expected to be green, but it is white.
  In (6,29), the ground is expected to be yellow, but it is white.
  In (6,32), the ground is expected to be green, but it is red.
  In (6,35), the ground is expected to be blue, but it is white.
  In (6,36), the ground is expected to be white, but it is green.
  In (6,37), the ground is expected to be green, but it is white.
  In (6,38), the ground is expected to be white, but it is green.
  In (6,39), the ground is expected to be yellow, but it is white.
  In (7,1), the ground is expected to be blue, but it is red.
  In (7,3), the ground is expected to be yellow, but it is red.
  In (7,6), the ground is expected to be blue, but it is green.
  In (7,8), the ground is expected to be yellow, but it is green.
  In (7,15), the ground is expected to be white, but it is blue.
  In (7,16), the ground is expected to be blue, but it is white.
  In (7,17), the ground is expected to be white, but it is red.
  In (7,18), the ground is expected to be yellow, but it is white.
  In (7,19), the ground is expected to be white, but it is yellow.
  In (7,20), the ground is expected to be white, but it is blue.
  In (7,21), the ground is expected to be blue, but it is green.
  In (7,22), the ground is expected to be white, but it is green.
  In (7,23), the ground is expected to be yellow, but it is green.
  In (7,24), the ground is expected to be white, but it is yellow.
  In (7,26), the ground is expected to be blue, but it is white.
  In (7,28), the ground is expected to be yellow, but it is white.
  In (7,31), the ground is expected to be blue, but it is red.
  In (7,33), the ground is expected to be yellow, but it is red.
  In (7,35), the ground is expected to be white, but it is blue.
  In (7,36), the ground is expected to be blue, but it is white.
  In (7,37), the ground is expected to be white, but it is green.
  In (7,38), the ground is expected to be yellow, but it is white.
  In (7,39), the ground is expected to be white, but it is yellow.
  In (8,0), the ground is expected to be blue, but it is white.
  In (8,1), the ground is expected to be white, but it is green.
  In (8,2), the ground is expected to be red, but it is white.
  In (8,3), the ground is expected to be white, but it is green.
  In (8,4), the ground is expected to be yellow, but it is white.
  In (8,7), the ground is expected to be red, but it is green.
  In (8,15), the ground is expected to be blue, but it is white.
  In (8,16), the ground is expected to be white, but it is red.
  In (8,17), the ground is expected to be red, but it is white.
  In (8,18), the ground is expected to be white, but it is red.
  In (8,19), the ground is expected to be yellow, but it is white.
  In (8,21), the ground is expected to be white, but it is blue.
  In (8,22), the ground is expected to be red, but it is green.
  In (8,23), the ground is expected to be white, but it is yellow.
  In (8,25), the ground is expected to be blue, but it is white.
  In (8,27), the ground is expected to be red, but it is white.
  In (8,29), the ground is expected to be yellow, but it is white.
  In (8,30), the ground is expected to be blue, but it is white.
  In (8,31), the ground is expected to be white, but it is green.
  In (8,32), the ground is expected to be red, but it is white.
  In (8,33), the ground is expected to be white, but it is green.
  In (8,34), the ground is expected to be yellow, but it is white.
  In (8,35), the ground is expected to be blue, but it is white.
  In (8,36), the ground is expected to be white, but it is blue.
  In (8,37), the ground is expected to be red, but it is white.
  In (8,38), the ground is expected to be white, but it is yellow.
  In (8,39), the ground is expected to be yellow, but it is white.
  In (9,0), the ground is expected to be white, but it is blue.
  In (9,1), the ground is expected to be red, but it is white.
  In (9,2), the ground is expected to be white, but it is green.
  In (9,3), the ground is expected to be red, but it is white.
  In (9,4), the ground is expected to be white, but it is yellow.
  In (9,6), the ground is expected to be red, but it is blue.
  In (9,8), the ground is expected to be red, but it is yellow.
  In (9,16), the ground is expected to be red, but it is white.
  In (9,18), the ground is expected to be red, but it is white.
  In (9,20), the ground is expected to be white, but it is blue.
  In (9,21), the ground is expected to be red, but it is blue.
  In (9,22), the ground is expected to be white, but it is red.
  In (9,23), the ground is expected to be red, but it is yellow.
  In (9,24), the ground is expected to be white, but it is yellow.
  In (9,26), the ground is expected to be red, but it is green.
  In (9,28), the ground is expected to be red, but it is green.
  In (9,30), the ground is expected to be white, but it is blue.
  In (9,31), the ground is expected to be red, but it is white.
  In (9,32), the ground is expected to be white, but it is green.
  In (9,33), the ground is expected to be red, but it is white.
  In (9,34), the ground is expected to be white, but it is yellow.
  In (9,35), the ground is expected to be white, but it is blue.
  In (9,36), the ground is expected to be red, but it is white.
  In (9,37), the ground is expected to be white, but it is red.
  In (9,38), the ground is expected to be red, but it is white.
  In (9,39), the ground is expected to be white, but it is yellow.
  In (10,1), the ground is expected to be green, but it is blue.
  In (10,3), the ground is expected to be green, but it is yellow.
  In (10,5), the ground is expected to be white, but it is blue.
  In (10,6), the ground is expected to be green, but it is white.
  In (10,7), the ground is expected to be white, but it is red.
  In (10,8), the ground is expected to be green, but it is white.
  In (10,9), the ground is expected to be white, but it is yellow.
  In (10,16), the ground is expected to be green, but it is white.
  In (10,18), the ground is expected to be green, but it is white.
  In (10,20), the ground is expected to be white, but it is blue.
  In (10,21), the ground is expected to be green, but it is red.
  In (10,22), the ground is expected to be white, but it is red.
  In (10,23), the ground is expected to be green, but it is red.
  In (10,24), the ground is expected to be white, but it is yellow.
  In (10,25), the ground is expected to be white, but it is blue.
  In (10,26), the ground is expected to be green, but it is white.
  In (10,27), the ground is expected to be white, but it is green.
  In (10,28), the ground is expected to be green, but it is white.
  In (10,29), the ground is expected to be white, but it is yellow.
  In (10,31), the ground is expected to be green, but it is blue.
  In (10,33), the ground is expected to be green, but it is yellow.
  In (10,36), the ground is expected to be green, but it is red.
  In (10,38), the ground is expected to be green, but it is red.
  In (11,2), the ground is expected to be green, but it is red.
  In (11,5), the ground is expected to be blue, but it is white.
  In (11,6), the ground is expected to be white, but it is red.
  In (11,7), the ground is expected to be green, but it is white.
  In (11,8), the ground is expected to be white, but it is red.
  In (11,9), the ground is expected to be yellow, but it is white.
  In (11,15), the ground is expected to be blue, but it is white.
  In (11,17), the ground is expected to be green, but it is white.
  In (11,19), the ground is expected to be yellow, but it is white.
  In (11,20), the ground is expected to be blue, but it is white.
  In (11,21), the ground is expected to be white, but it is red.
  In (11,22), the ground is expected to be green, but it is white.
  In (11,23), the ground is expected to be white, but it is red.
  In (11,24), the ground is expected to be yellow, but it is white.
  In (11,25), the ground is expected to be blue, but it is white.
  In (11,26), the ground is expected to be white, but it is blue.
  In (11,27), the ground is expected to be green, but it is white.
  In (11,28), the ground is expected to be white, but it is yellow.
  In (11,29), the ground is expected to be yellow, but it is white.
  In (11,32), the ground is expected to be green, but it is red.
  In (11,35), the ground is expected to be blue, but it is white.
  In (11,36), the ground is expected to be white, but it is green.
  In (11,37), the ground is expected to be green, but it is white.
  In (11,38), the ground is expected to be white, but it is green.
  In (11,39), the ground is expected to be yellow, but it is white.
  In (12,1), the ground is expected to be blue, but it is red.
  In (12,3), the ground is expected to be yellow, but it is red.
  In (12,6), the ground is expected to be blue, but it is white.
  In (12,8), the ground is expected to be yellow, but it is white.
  In (12,16), the ground is expected to be blue, but it is green.
  In (12,18), the ground is expected to be yellow, but it is green.
  In (12,20), the ground is expected to be white, but it is blue.
  In (12,21), the ground is expected to be blue, but it is white.
  In (12,22), the ground is expected to be white, but it is green.
  In (12,23), the ground is expected to be yellow, but it is white.
  In (12,24), the ground is expected to be white, but it is yellow.
  In (12,25), the ground is expected to be white, but it is blue.
  In (12,26), the ground is expected to be blue, but it is white.
  In (12,27), the ground is expected to be white, but it is red.
  In (12,28), the ground is expected to be yellow, but it is white.
  In (12,29), the ground is expected to be white, but it is yellow.
  In (12,31), the ground is expected to be blue, but it is red.
  In (12,33), the ground is expected to be yellow, but it is red.
  In (12,35), the ground is expected to be white, but it is blue.
  In (12,36), the ground is expected to be blue, but it is white.
  In (12,37), the ground is expected to be white, but it is green.
  In (12,38), the ground is expected to be yellow, but it is white.
  In (12,39), the ground is expected to be white, but it is yellow.
  In (13,1), the ground is expected to be white, but it is green.
  In (13,2), the ground is expected to be red, but it is green.
  In (13,3), the ground is expected to be white, but it is green.
  In (13,5), the ground is expected to be blue, but it is white.
  In (13,7), the ground is expected to be red, but it is white.
  In (13,9), the ground is expected to be yellow, but it is white.
  In (13,17), the ground is expected to be red, but it is green.
  In (13,20), the ground is expected to be blue, but it is white.
  In (13,21), the ground is expected to be white, but it is blue.
  In (13,22), the ground is expected to be red, but it is white.
  In (13,23), the ground is expected to be white, but it is yellow.
  In (13,24), the ground is expected to be yellow, but it is white.
  In (13,25), the ground is expected to be blue, but it is white.
  In (13,26), the ground is expected to be white, but it is red.
  In (13,27), the ground is expected to be red, but it is white.
  In (13,28), the ground is expected to be white, but it is red.
  In (13,29), the ground is expected to be yellow, but it is white.
  In (13,30), the ground is expected to be blue, but it is white.
  In (13,31), the ground is expected to be white, but it is green.
  In (13,32), the ground is expected to be red, but it is white.
  In (13,33), the ground is expected to be white, but it is green.
  In (13,34), the ground is expected to be yellow, but it is white.
  In (13,35), the ground is expected to be blue, but it is white.
  In (13,36), the ground is expected to be white, but it is blue.
  In (13,37), the ground is expected to be red, but it is white.
  In (13,38), the ground is expected to be white, but it is yellow.
  In (13,39), the ground is expected to be yellow, but it is white.
  In (14,0), the ground is expected to be white, but it is blue.
  In (14,1), the ground is expected to be red, but it is blue.
  In (14,2), the ground is expected to be white, but it is green.
  In (14,3), the ground is expected to be red, but it is yellow.
  In (14,4), the ground is expected to be white, but it is yellow.
  In (14,6), the ground is expected to be red, but it is white.
  In (14,8), the ground is expected to be red, but it is white.
  In (14,16), the ground is expected to be red, but it is blue.
  In (14,18), the ground is expected to be red, but it is yellow.
  In (14,20), the ground is expected to be white, but it is blue.
  In (14,21), the ground is expected to be red, but it is white.
  In (14,22), the ground is expected to be white, but it is red.
  In (14,23), the ground is expected to be red, but it is white.
  In (14,24), the ground is expected to be white, but it is yellow.
  In (14,26), the ground is expected to be red, but it is green.
  In (14,28), the ground is expected to be red, but it is green.
  In (14,30), the ground is expected to be white, but it is blue.
  In (14,31), the ground is expected to be red, but it is white.
  In (14,32), the ground is expected to be white, but it is green.
  In (14,33), the ground is expected to be red, but it is white.
  In (14,34), the ground is expected to be white, but it is yellow.
  In (14,35), the ground is expected to be white, but it is blue.
  In (14,36), the ground is expected to be red, but it is white.
  In (14,37), the ground is expected to be white, but it is red.
  In (14,38), the ground is expected to be red, but it is white.
  In (14,39), the ground is expected to be white, but it is yellow.
  In (15,0), the ground is expected to be white, but it is blue.
  In (15,1), the ground is expected to be green, but it is blue.
  In (15,2), the ground is expected to be white, but it is red.
  In (15,3), the ground is expected to be green, but it is yellow.
  In (15,4), the ground is expected to be white, but it is yellow.
  In (15,11), the ground is expected to be green, but it is white.
  In (15,13), the ground is expected to be green, but it is white.
  In (15,15), the ground is expected to be white, but it is blue.
  In (15,16), the ground is expected to be green, but it is white.
  In (15,17), the ground is expected to be white, but it is red.
  In (15,18), the ground is expected to be green, but it is white.
  In (15,19), the ground is expected to be white, but it is yellow.
  In (15,21), the ground is expected to be green, but it is red.
  In (15,23), the ground is expected to be green, but it is red.
  In (15,25), the ground is expected to be white, but it is blue.
  In (15,26), the ground is expected to be green, but it is white.
  In (15,27), the ground is expected to be white, but it is green.
  In (15,28), the ground is expected to be green, but it is white.
  In (15,29), the ground is expected to be white, but it is yellow.
  In (15,31), the ground is expected to be green, but it is blue.
  In (15,33), the ground is expected to be green, but it is yellow.
  In (15,36), the ground is expected to be green, but it is red.
  In (15,38), the ground is expected to be green, but it is red.
  In (15,41), the ground is expected to be green, but it is white.
  In (15,43), the ground is expected to be green, but it is white.
  In (16,1), the ground is expected to be white, but it is red.
  In (16,2), the ground is expected to be green, but it is red.
  In (16,3), the ground is expected to be white, but it is red.
  In (16,10), the ground is expected to be blue, but it is white.
  In (16,12), the ground is expected to be green, but it is white.
  In (16,14), the ground is expected to be yellow, but it is white.
  In (16,15), the ground is expected to be blue, but it is white.
  In (16,16), the ground is expected to be white, but it is red.
  In (16,17), the ground is expected to be green, but it is white.
  In (16,18), the ground is expected to be white, but it is red.
  In (16,19), the ground is expected to be yellow, but it is white.
  In (16,20), the ground is expected to be blue, but it is white.
  In (16,21), the ground is expected to be white, but it is green.
  In (16,22), the ground is expected to be green, but it is white.
  In (16,23), the ground is expected to be white, but it is green.
  In (16,24), the ground is expected to be yellow, but it is white.
  In (16,25), the ground is expected to be blue, but it is white.
  In (16,26), the ground is expected to be white, but it is blue.
  In (16,27), the ground is expected to be green, but it is white.
  In (16,28), the ground is expected to be white, but it is yellow.
  In (16,29), the ground is expected to be yellow, but it is white.
  In (16,32), the ground is expected to be green, but it is red.
  In (16,36), the ground is expected to be white, but it is green.
  In (16,38), the ground is expected to be white, but it is green.
  In (16,40), the ground is expected to be blue, but it is white.
  In (16,42), the ground is expected to be green, but it is white.
  In (16,44), the ground is expected to be yellow, but it is white.
  In (17,1), the ground is expected to be blue, but it is red.
  In (17,3), the ground is expected to be yellow, but it is red.
  In (17,11), the ground is expected to be blue, but it is white.
  In (17,13), the ground is expected to be yellow, but it is white.
  In (17,16), the ground is expected to be blue, but it is green.
  In (17,18), the ground is expected to be yellow, but it is green.
  In (17,20), the ground is expected to be white, but it is blue.
  In (17,21), the ground is expected to be blue, but it is white.
  In (17,22), the ground is expected to be white, but it is green.
  In (17,23), the ground is expected to be yellow, but it is white.
  In (17,24), the ground is expected to be white, but it is yellow.
  In (17,25), the ground is expected to be white, but it is blue.
  In (17,26), the ground is expected to be blue, but it is white.
  In (17,27), the ground is expected to be white, but it is red.
  In (17,28), the ground is expected to be yellow, but it is white.
  In (17,29), the ground is expected to be white, but it is yellow.
  In (17,31), the ground is expected to be blue, but it is red.
  In (17,33), the ground is expected to be yellow, but it is red.
  In (17,35), the ground is expected to be white, but it is blue.
  In (17,37), the ground is expected to be white, but it is green.
  In (17,39), the ground is expected to be white, but it is yellow.
  In (17,41), the ground is expected to be blue, but it is white.
  In (17,43), the ground is expected to be yellow, but it is white.
  In (18,2), the ground is expected to be red, but it is green.
  In (18,10), the ground is expected to be blue, but it is white.
  In (18,11), the ground is expected to be white, but it is green.
  In (18,12), the ground is expected to be red, but it is white.
  In (18,13), the ground is expected to be white, but it is green.
  In (18,14), the ground is expected to be yellow, but it is white.
  In (18,17), the ground is expected to be red, but it is green.
  In (18,20), the ground is expected to be blue, but it is white.
  In (18,21), the ground is expected to be white, but it is blue.
  In (18,22), the ground is expected to be red, but it is white.
  In (18,23), the ground is expected to be white, but it is yellow.
  In (18,24), the ground is expected to be yellow, but it is white.
  In (18,25), the ground is expected to be blue, but it is white.
  In (18,26), the ground is expected to be white, but it is red.
  In (18,27), the ground is expected to be red, but it is white.
  In (18,28), the ground is expected to be white, but it is red.
  In (18,29), the ground is expected to be yellow, but it is white.
  In (18,30), the ground is expected to be blue, but it is white.
  In (18,32), the ground is expected to be red, but it is white.
  In (18,34), the ground is expected to be yellow, but it is white.
  In (18,36), the ground is expected to be white, but it is blue.
  In (18,38), the ground is expected to be white, but it is yellow.
  In (18,40), the ground is expected to be blue, but it is white.
  In (18,41), the ground is expected to be white, but it is green.
  In (18,42), the ground is expected to be red, but it is white.
  In (18,43), the ground is expected to be white, but it is green.
  In (18,44), the ground is expected to be yellow, but it is white.
  In (19,1), the ground is expected to be red, but it is blue.
  In (19,3), the ground is expected to be red, but it is yellow.
  In (19,10), the ground is expected to be white, but it is blue.
  In (19,11), the ground is expected to be red, but it is white.
  In (19,12), the ground is expected to be white, but it is green.
  In (19,13), the ground is expected to be red, but it is white.
  In (19,14), the ground is expected to be white, but it is yellow.
  In (19,16), the ground is expected to be red, but it is blue.
  In (19,18), the ground is expected to be red, but it is yellow.
  In (19,20), the ground is expected to be white, but it is blue.
  In (19,21), the ground is expected to be red, but it is white.
  In (19,22), the ground is expected to be white, but it is red.
  In (19,23), the ground is expected to be red, but it is white.
  In (19,24), the ground is expected to be white, but it is yellow.
  In (19,26), the ground is expected to be red, but it is green.
  In (19,28), the ground is expected to be red, but it is green.
  In (19,31), the ground is expected to be red, but it is white.
  In (19,33), the ground is expected to be red, but it is white.
  In (19,35), the ground is expected to be white, but it is blue.
  In (19,37), the ground is expected to be white, but it is red.
  In (19,39), the ground is expected to be white, but it is yellow.
  In (19,40), the ground is expected to be white, but it is blue.
  In (19,41), the ground is expected to be red, but it is white.
  In (19,42), the ground is expected to be white, but it is green.
  In (19,43), the ground is expected to be red, but it is white.
  In (19,44), the ground is expected to be white, but it is yellow.
  In (20,0), the ground is expected to be white, but it is blue.
  In (20,1), the ground is expected to be green, but it is white.
  In (20,2), the ground is expected to be white, but it is red.
  In (20,3), the ground is expected to be green, but it is white.
  In (20,4), the ground is expected to be white, but it is yellow.
  In (20,11), the ground is expected to be green, but it is blue.
  In (20,13), the ground is expected to be green, but it is yellow.
  In (20,15), the ground is expected to be white, but it is blue.
  In (20,16), the ground is expected to be green, but it is white.
  In (20,17), the ground is expected to be white, but it is red.
  In (20,18), the ground is expected to be green, but it is white.
  In (20,19), the ground is expected to be white, but it is yellow.
  In (20,21), the ground is expected to be green, but it is red.
  In (20,23), the ground is expected to be green, but it is red.
  In (20,25), the ground is expected to be white, but it is blue.
  In (20,26), the ground is expected to be green, but it is white.
  In (20,27), the ground is expected to be white, but it is green.
  In (20,28), the ground is expected to be green, but it is white.
  In (20,29), the ground is expected to be white, but it is yellow.
  In (20,31), the ground is expected to be green, but it is white.
  In (20,33), the ground is expected to be green, but it is white.
  In (20,36), the ground is expected to be green, but it is red.
  In (20,38), the ground is expected to be green, but it is red.
  In (20,41), the ground is expected to be green, but it is blue.
  In (20,43), the ground is expected to be green, but it is yellow.
  In (21,0), the ground is expected to be blue, but it is white.
  In (21,1), the ground is expected to be white, but it is red.
  In (21,2), the ground is expected to be green, but it is white.
  In (21,3), the ground is expected to be white, but it is red.
  In (21,4), the ground is expected to be yellow, but it is white.
  In (21,12), the ground is expected to be green, but it is red.
  In (21,15), the ground is expected to be blue, but it is white.
  In (21,16), the ground is expected to be white, but it is red.
  In (21,17), the ground is expected to be green, but it is white.
  In (21,18), the ground is expected to be white, but it is red.
  In (21,19), the ground is expected to be yellow, but it is white.
  In (21,20), the ground is expected to be blue, but it is white.
  In (21,22), the ground is expected to be green, but it is white.
  In (21,24), the ground is expected to be yellow, but it is white.
  In (21,25), the ground is expected to be blue, but it is white.
  In (21,26), the ground is expected to be white, but it is blue.
  In (21,27), the ground is expected to be green, but it is white.
  In (21,28), the ground is expected to be white, but it is yellow.
  In (21,29), the ground is expected to be yellow, but it is white.
  In (21,30), the ground is expected to be blue, but it is white.
  In (21,31), the ground is expected to be white, but it is green.
  In (21,32), the ground is expected to be green, but it is white.
  In (21,33), the ground is expected to be white, but it is green.
  In (21,34), the ground is expected to be yellow, but it is white.
  In (21,42), the ground is expected to be green, but it is red.
  In (22,1), the ground is expected to be blue, but it is green.
  In (22,3), the ground is expected to be yellow, but it is green.
  In (22,11), the ground is expected to be blue, but it is red.
  In (22,13), the ground is expected to be yellow, but it is red.
  In (22,15), the ground is expected to be white, but it is blue.
  In (22,16), the ground is expected to be blue, but it is green.
  In (22,17), the ground is expected to be white, but it is green.
  In (22,18), the ground is expected to be yellow, but it is green.
  In (22,19), the ground is expected to be white, but it is yellow.
  In (22,21), the ground is expected to be blue, but it is white.
  In (22,23), the ground is expected to be yellow, but it is white.
  In (22,25), the ground is expected to be white, but it is blue.
  In (22,26), the ground is expected to be blue, but it is white.
  In (22,27), the ground is expected to be white, but it is red.
  In (22,28), the ground is expected to be yellow, but it is white.
  In (22,29), the ground is expected to be white, but it is yellow.
  In (22,30), the ground is expected to be white, but it is blue.
  In (22,31), the ground is expected to be blue, but it is white.
  In (22,32), the ground is expected to be white, but it is green.
  In (22,33), the ground is expected to be yellow, but it is white.
  In (22,34), the ground is expected to be white, but it is yellow.
  In (22,41), the ground is expected to be blue, but it is red.
  In (22,43), the ground is expected to be yellow, but it is red.
  In (23,2), the ground is expected to be red, but it is green.
  In (23,10), the ground is expected to be blue, but it is white.
  In (23,11), the ground is expected to be white, but it is green.
  In (23,12), the ground is expected to be red, but it is white.
  In (23,13), the ground is expected to be white, but it is green.
  In (23,14), the ground is expected to be yellow, but it is white.
  In (23,16), the ground is expected to be white, but it is blue.
  In (23,17), the ground is expected to be red, but it is green.
  In (23,18), the ground is expected to be white, but it is yellow.
  In (23,20), the ground is expected to be blue, but it is white.
  In (23,22), the ground is expected to be red, but it is white.
  In (23,24), the ground is expected to be yellow, but it is white.
  In (23,25), the ground is expected to be blue, but it is white.
  In (23,26), the ground is expected to be white, but it is red.
  In (23,27), the ground is expected to be red, but it is white.
  In (23,28), the ground is expected to be white, but it is red.
  In (23,29), the ground is expected to be yellow, but it is white.
  In (23,30), the ground is expected to be blue, but it is white.
  In (23,31), the ground is expected to be white, but it is blue.
  In (23,32), the ground is expected to be red, but it is white.
  In (23,33), the ground is expected to be white, but it is yellow.
  In (23,34), the ground is expected to be yellow, but it is white.
  In (23,40), the ground is expected to be blue, but it is white.
  In (23,41), the ground is expected to be white, but it is green.
  In (23,42), the ground is expected to be red, but it is white.
  In (23,43), the ground is expected to be white, but it is green.
  In (23,44), the ground is expected to be yellow, but it is white.
  In (24,1), the ground is expected to be red, but it is blue.
  In (24,3), the ground is expected to be red, but it is yellow.
  In (24,10), the ground is expected to be white, but it is blue.
  In (24,11), the ground is expected to be red, but it is white.
  In (24,12), the ground is expected to be white, but it is green.
  In (24,13), the ground is expected to be red, but it is white.
  In (24,14), the ground is expected to be white, but it is yellow.
  In (24,15), the ground is expected to be white, but it is blue.
  In (24,16), the ground is expected to be red, but it is blue.
  In (24,17), the ground is expected to be white, but it is red.
  In (24,18), the ground is expected to be red, but it is yellow.
  In (24,19), the ground is expected to be white, but it is yellow.
  In (24,21), the ground is expected to be red, but it is green.
  In (24,23), the ground is expected to be red, but it is green.
  In (24,26), the ground is expected to be red, but it is white.
  In (24,28), the ground is expected to be red, but it is white.
  In (24,30), the ground is expected to be white, but it is blue.
  In (24,31), the ground is expected to be red, but it is white.
  In (24,32), the ground is expected to be white, but it is red.
  In (24,33), the ground is expected to be red, but it is white.
  In (24,34), the ground is expected to be white, but it is yellow.
  In (24,40), the ground is expected to be white, but it is blue.
  In (24,41), the ground is expected to be red, but it is white.
  In (24,42), the ground is expected to be white, but it is green.
  In (24,43), the ground is expected to be red, but it is white.
  In (24,44), the ground is expected to be white, but it is yellow.
  In (25,0), the ground is expected to be white, but it is blue.
  In (25,1), the ground is expected to be green, but it is white.
  In (25,2), the ground is expected to be white, but it is red.
  In (25,3), the ground is expected to be green, but it is white.
  In (25,4), the ground is expected to be white, but it is yellow.
  In (25,11), the ground is expected to be green, but it is blue.
  In (25,13), the ground is expected to be green, but it is yellow.
  In (25,15), the ground is expected to be white, but it is blue.
  In (25,16), the ground is expected to be green, but it is red.
  In (25,17), the ground is expected to be white, but it is red.
  In (25,18), the ground is expected to be green, but it is red.
  In (25,19), the ground is expected to be white, but it is yellow.
  In (25,20), the ground is expected to be white, but it is blue.
  In (25,21), the ground is expected to be green, but it is white.
  In (25,22), the ground is expected to be white, but it is green.
  In (25,23), the ground is expected to be green, but it is white.
  In (25,24), the ground is expected to be white, but it is yellow.
  In (25,26), the ground is expected to be green, but it is white.
  In (25,28), the ground is expected to be green, but it is white.
  In (25,31), the ground is expected to be green, but it is red.
  In (25,33), the ground is expected to be green, but it is red.
  In (25,41), the ground is expected to be green, but it is blue.
  In (25,43), the ground is expected to be green, but it is yellow.
  In (26,0), the ground is expected to be blue, but it is white.
  In (26,1), the ground is expected to be white, but it is red.
  In (26,2), the ground is expected to be green, but it is white.
  In (26,3), the ground is expected to be white, but it is red.
  In (26,4), the ground is expected to be yellow, but it is white.
  In (26,12), the ground is expected to be green, but it is red.
  In (26,15), the ground is expected to be blue, but it is white.
  In (26,16), the ground is expected to be white, but it is red.
  In (26,17), the ground is expected to be green, but it is white.
  In (26,18), the ground is expected to be white, but it is red.
  In (26,19), the ground is expected to be yellow, but it is white.
  In (26,20), the ground is expected to be blue, but it is white.
  In (26,21), the ground is expected to be white, but it is blue.
  In (26,22), the ground is expected to be green, but it is white.
  In (26,23), the ground is expected to be white, but it is yellow.
  In (26,24), the ground is expected to be yellow, but it is white.
  In (26,25), the ground is expected to be blue, but it is white.
  In (26,27), the ground is expected to be green, but it is white.
  In (26,29), the ground is expected to be yellow, but it is white.
  In (26,30), the ground is expected to be blue, but it is white.
  In (26,31), the ground is expected to be white, but it is green.
  In (26,32), the ground is expected to be green, but it is white.
  In (26,33), the ground is expected to be white, but it is green.
  In (26,34), the ground is expected to be yellow, but it is white.
  In (26,42), the ground is expected to be green, but it is red.
  In (27,1), the ground is expected to be blue, but it is white.
  In (27,3), the ground is expected to be yellow, but it is white.
  In (27,11), the ground is expected to be blue, but it is red.
  In (27,13), the ground is expected to be yellow, but it is red.
  In (27,15), the ground is expected to be white, but it is blue.
  In (27,16), the ground is expected to be blue, but it is white.
  In (27,17), the ground is expected to be white, but it is green.
  In (27,18), the ground is expected to be yellow, but it is white.
  In (27,19), the ground is expected to be white, but it is yellow.
  In (27,20), the ground is expected to be white, but it is blue.
  In (27,21), the ground is expected to be blue, but it is white.
  In (27,22), the ground is expected to be white, but it is red.
  In (27,23), the ground is expected to be yellow, but it is white.
  In (27,24), the ground is expected to be white, but it is yellow.
  In (27,26), the ground is expected to be blue, but it is green.
  In (27,28), the ground is expected to be yellow, but it is green.
  In (27,30), the ground is expected to be white, but it is blue.
  In (27,31), the ground is expected to be blue, but it is white.
  In (27,32), the ground is expected to be white, but it is green.
  In (27,33), the ground is expected to be yellow, but it is white.
  In (27,34), the ground is expected to be white, but it is yellow.
  In (27,41), the ground is expected to be blue, but it is red.
  In (27,43), the ground is expected to be yellow, but it is red.
  In (28,0), the ground is expected to be blue, but it is white.
  In (28,2), the ground is expected to be red, but it is white.
  In (28,4), the ground is expected to be yellow, but it is white.
  In (28,11), the ground is expected to be white, but it is green.
  In (28,12), the ground is expected to be red, but it is green.
  In (28,13), the ground is expected to be white, but it is green.
  In (28,15), the ground is expected to be blue, but it is white.
  In (28,16), the ground is expected to be white, but it is blue.
  In (28,17), the ground is expected to be red, but it is white.
  In (28,18), the ground is expected to be white, but it is yellow.
  In (28,19), the ground is expected to be yellow, but it is white.
  In (28,20), the ground is expected to be blue, but it is white.
  In (28,21), the ground is expected to be white, but it is red.
  In (28,22), the ground is expected to be red, but it is white.
  In (28,23), the ground is expected to be white, but it is red.
  In (28,24), the ground is expected to be yellow, but it is white.
  In (28,27), the ground is expected to be red, but it is green.
  In (28,30), the ground is expected to be blue, but it is white.
  In (28,31), the ground is expected to be white, but it is blue.
  In (28,32), the ground is expected to be red, but it is white.
  In (28,33), the ground is expected to be white, but it is yellow.
  In (28,34), the ground is expected to be yellow, but it is white.
  In (28,40), the ground is expected to be blue, but it is white.
  In (28,41), the ground is expected to be white, but it is green.
  In (28,42), the ground is expected to be red, but it is white.
  In (28,43), the ground is expected to be white, but it is green.
  In (28,44), the ground is expected to be yellow, but it is white.
  In (29,1), the ground is expected to be red, but it is white.
  In (29,3), the ground is expected to be red, but it is white.
  In (29,10), the ground is expected to be white, but it is blue.
  In (29,11), the ground is expected to be red, but it is blue.
  In (29,12), the ground is expected to be white, but it is green.
  In (29,13), the ground is expected to be red, but it is yellow.
  In (29,14), the ground is expected to be white, but it is yellow.
  In (29,15), the ground is expected to be white, but it is blue.
  In (29,16), the ground is expected to be red, but it is white.
  In (29,17), the ground is expected to be white, but it is red.
  In (29,18), the ground is expected to be red, but it is white.
  In (29,19), the ground is expected to be white, but it is yellow.
  In (29,21), the ground is expected to be red, but it is green.
  In (29,23), the ground is expected to be red, but it is green.
  In (29,26), the ground is expected to be red, but it is blue.
  In (29,28), the ground is expected to be red, but it is yellow.
  In (29,30), the ground is expected to be white, but it is blue.
  In (29,31), the ground is expected to be red, but it is white.
  In (29,32), the ground is expected to be white, but it is red.
  In (29,33), the ground is expected to be red, but it is white.
  In (29,34), the ground is expected to be white, but it is yellow.
  In (29,40), the ground is expected to be white, but it is blue.
  In (29,41), the ground is expected to be red, but it is white.
  In (29,42), the ground is expected to be white, but it is green.
  In (29,43), the ground is expected to be red, but it is white.
  In (29,44), the ground is expected to be white, but it is yellow.
  In (30,6), the ground is expected to be green, but it is white.
  In (30,8), the ground is expected to be green, but it is white.
  In (30,10), the ground is expected to be white, but it is blue.
  In (30,11), the ground is expected to be green, but it is blue.
  In (30,12), the ground is expected to be white, but it is red.
  In (30,13), the ground is expected to be green, but it is yellow.
  In (30,14), the ground is expected to be white, but it is yellow.
  In (30,16), the ground is expected to be green, but it is red.
  In (30,18), the ground is expected to be green, but it is red.
  In (30,20), the ground is expected to be white, but it is blue.
  In (30,21), the ground is expected to be green, but it is white.
  In (30,22), the ground is expected to be white, but it is green.
  In (30,23), the ground is expected to be green, but it is white.
  In (30,24), the ground is expected to be white, but it is yellow.
  In (30,25), the ground is expected to be white, but it is blue.
  In (30,26), the ground is expected to be green, but it is white.
  In (30,27), the ground is expected to be white, but it is red.
  In (30,28), the ground is expected to be green, but it is white.
  In (30,29), the ground is expected to be white, but it is yellow.
  In (30,31), the ground is expected to be green, but it is red.
  In (30,33), the ground is expected to be green, but it is red.
  In (30,36), the ground is expected to be green, but it is white.
  In (30,38), the ground is expected to be green, but it is white.
  In (30,41), the ground is expected to be green, but it is blue.
  In (30,43), the ground is expected to be green, but it is yellow.
  In (31,5), the ground is expected to be blue, but it is white.
  In (31,7), the ground is expected to be green, but it is white.
  In (31,9), the ground is expected to be yellow, but it is white.
  In (31,11), the ground is expected to be white, but it is red.
  In (31,12), the ground is expected to be green, but it is red.
  In (31,13), the ground is expected to be white, but it is red.
  In (31,15), the ground is expected to be blue, but it is white.
  In (31,16), the ground is expected to be white, but it is green.
  In (31,17), the ground is expected to be green, but it is white.
  In (31,18), the ground is expected to be white, but it is green.
  In (31,19), the ground is expected to be yellow, but it is white.
  In (31,20), the ground is expected to be blue, but it is white.
  In (31,21), the ground is expected to be white, but it is blue.
  In (31,22), the ground is expected to be green, but it is white.
  In (31,23), the ground is expected to be white, but it is yellow.
  In (31,24), the ground is expected to be yellow, but it is white.
  In (31,25), the ground is expected to be blue, but it is white.
  In (31,26), the ground is expected to be white, but it is red.
  In (31,27), the ground is expected to be green, but it is white.
  In (31,28), the ground is expected to be white, but it is red.
  In (31,29), the ground is expected to be yellow, but it is white.
  In (31,31), the ground is expected to be white, but it is green.
  In (31,33), the ground is expected to be white, but it is green.
  In (31,35), the ground is expected to be blue, but it is white.
  In (31,37), the ground is expected to be green, but it is white.
  In (31,39), the ground is expected to be yellow, but it is white.
  In (31,42), the ground is expected to be green, but it is red.
  In (32,6), the ground is expected to be blue, but it is white.
  In (32,8), the ground is expected to be yellow, but it is white.
  In (32,11), the ground is expected to be blue, but it is red.
  In (32,13), the ground is expected to be yellow, but it is red.
  In (32,15), the ground is expected to be white, but it is blue.
  In (32,16), the ground is expected to be blue, but it is white.
  In (32,17), the ground is expected to be white, but it is green.
  In (32,18), the ground is expected to be yellow, but it is white.
  In (32,19), the ground is expected to be white, but it is yellow.
  In (32,20), the ground is expected to be white, but it is blue.
  In (32,21), the ground is expected to be blue, but it is white.
  In (32,22), the ground is expected to be white, but it is red.
  In (32,23), the ground is expected to be yellow, but it is white.
  In (32,24), the ground is expected to be white, but it is yellow.
  In (32,26), the ground is expected to be blue, but it is green.
  In (32,28), the ground is expected to be yellow, but it is green.
  In (32,30), the ground is expected to be white, but it is blue.
  In (32,32), the ground is expected to be white, but it is green.
  In (32,34), the ground is expected to be white, but it is yellow.
  In (32,36), the ground is expected to be blue, but it is white.
  In (32,38), the ground is expected to be yellow, but it is white.
  In (32,41), the ground is expected to be blue, but it is red.
  In (32,43), the ground is expected to be yellow, but it is red.
  In (33,5), the ground is expected to be blue, but it is white.
  In (33,6), the ground is expected to be white, but it is green.
  In (33,7), the ground is expected to be red, but it is white.
  In (33,8), the ground is expected to be white, but it is green.
  In (33,9), the ground is expected to be yellow, but it is white.
  In (33,12), the ground is expected to be red, but it is green.
  In (33,15), the ground is expected to be blue, but it is white.
  In (33,16), the ground is expected to be white, but it is blue.
  In (33,17), the ground is expected to be red, but it is white.
  In (33,18), the ground is expected to be white, but it is yellow.
  In (33,19), the ground is expected to be yellow, but it is white.
  In (33,20), the ground is expected to be blue, but it is white.
  In (33,21), the ground is expected to be white, but it is red.
  In (33,22), the ground is expected to be red, but it is white.
  In (33,23), the ground is expected to be white, but it is red.
  In (33,24), the ground is expected to be yellow, but it is white.
  In (33,27), the ground is expected to be red, but it is green.
  In (33,31), the ground is expected to be white, but it is blue.
  In (33,33), the ground is expected to be white, but it is yellow.
  In (33,35), the ground is expected to be blue, but it is white.
  In (33,36), the ground is expected to be white, but it is green.
  In (33,37), the ground is expected to be red, but it is white.
  In (33,38), the ground is expected to be white, but it is green.
  In (33,39), the ground is expected to be yellow, but it is white.
  In (33,40), the ground is expected to be blue, but it is white.
  In (33,42), the ground is expected to be red, but it is white.
  In (33,44), the ground is expected to be yellow, but it is white.
  In (34,5), the ground is expected to be white, but it is blue.
  In (34,6), the ground is expected to be red, but it is white.
  In (34,7), the ground is expected to be white, but it is green.
  In (34,8), the ground is expected to be red, but it is white.
  In (34,9), the ground is expected to be white, but it is yellow.
  In (34,11), the ground is expected to be red, but it is blue.
  In (34,13), the ground is expected to be red, but it is yellow.
  In (34,15), the ground is expected to be white, but it is blue.
  In (34,16), the ground is expected to be red, but it is white.
  In (34,17), the ground is expected to be white, but it is red.
  In (34,18), the ground is expected to be red, but it is white.
  In (34,19), the ground is expected to be white, but it is yellow.
  In (34,21), the ground is expected to be red, but it is green.
  In (34,23), the ground is expected to be red, but it is green.
  In (34,26), the ground is expected to be red, but it is blue.
  In (34,28), the ground is expected to be red, but it is yellow.
  In (34,30), the ground is expected to be white, but it is blue.
  In (34,32), the ground is expected to be white, but it is red.
  In (34,34), the ground is expected to be white, but it is yellow.
  In (34,35), the ground is expected to be white, but it is blue.
  In (34,36), the ground is expected to be red, but it is white.
  In (34,37), the ground is expected to be white, but it is green.
  In (34,38), the ground is expected to be red, but it is white.
  In (34,39), the ground is expected to be white, but it is yellow.
  In (34,41), the ground is expected to be red, but it is white.
  In (34,43), the ground is expected to be red, but it is white.
  In (35,6), the ground is expected to be green, but it is blue.
  In (35,8), the ground is expected to be green, but it is yellow.
  In (35,10), the ground is expected to be white, but it is blue.
  In (35,11), the ground is expected to be green, but it is white.
  In (35,12), the ground is expected to be white, but it is red.
  In (35,13), the ground is expected to be green, but it is white.
  In (35,14), the ground is expected to be white, but it is yellow.
  In (35,16), the ground is expected to be green, but it is red.
  In (35,18), the ground is expected to be green, but it is red.
  In (35,20), the ground is expected to be white, but it is blue.
  In (35,21), the ground is expected to be green, but it is white.
  In (35,22), the ground is expected to be white, but it is green.
  In (35,23), the ground is expected to be green, but it is white.
  In (35,24), the ground is expected to be white, but it is yellow.
  In (35,25), the ground is expected to be white, but it is blue.
  In (35,26), the ground is expected to be green, but it is white.
  In (35,27), the ground is expected to be white, but it is red.
  In (35,28), the ground is expected to be green, but it is white.
  In (35,29), the ground is expected to be white, but it is yellow.
  In (35,31), the ground is expected to be green, but it is red.
  In (35,33), the ground is expected to be green, but it is red.
  In (35,36), the ground is expected to be green, but it is blue.
  In (35,38), the ground is expected to be green, but it is yellow.
  In (35,41), the ground is expected to be green, but it is white.
  In (35,43), the ground is expected to be green, but it is white.
  In (36,7), the ground is expected to be green, but it is red.
  In (36,10), the ground is expected to be blue, but it is white.
  In (36,11), the ground is expected to be white, but it is red.
  In (36,12), the ground is expected to be green, but it is white.
  In (36,13), the ground is expected to be white, but it is red.
  In (36,14), the ground is expected to be yellow, but it is white.
  In (36,15), the ground is expected to be blue, but it is white.
  In (36,17), the ground is expected to be green, but it is white.
  In (36,19), the ground is expected to be yellow, but it is white.
  In (36,20), the ground is expected to be blue, but it is white.
  In (36,21), the ground is expected to be white, but it is blue.
  In (36,22), the ground is expected to be green, but it is white.
  In (36,23), the ground is expected to be white, but it is yellow.
  In (36,24), the ground is expected to be yellow, but it is white.
  In (36,25), the ground is expected to be blue, but it is white.
  In (36,26), the ground is expected to be white, but it is red.
  In (36,27), the ground is expected to be green, but it is white.
  In (36,28), the ground is expected to be white, but it is red.
  In (36,29), the ground is expected to be yellow, but it is white.
  In (36,37), the ground is expected to be green, but it is red.
  In (36,40), the ground is expected to be blue, but it is white.
  In (36,41), the ground is expected to be white, but it is green.
  In (36,42), the ground is expected to be green, but it is white.
  In (36,43), the ground is expected to be white, but it is green.
  In (36,44), the ground is expected to be yellow, but it is white.
  In (37,6), the ground is expected to be blue, but it is red.
  In (37,8), the ground is expected to be yellow, but it is red.
  In (37,11), the ground is expected to be blue, but it is green.
  In (37,13), the ground is expected to be yellow, but it is green.
  In (37,16), the ground is expected to be blue, but it is white.
  In (37,18), the ground is expected to be yellow, but it is white.
  In (37,20), the ground is expected to be white, but it is blue.
  In (37,21), the ground is expected to be blue, but it is white.
  In (37,22), the ground is expected to be white, but it is red.
  In (37,23), the ground is expected to be yellow, but it is white.
  In (37,24), the ground is expected to be white, but it is yellow.
  In (37,25), the ground is expected to be white, but it is blue.
  In (37,26), the ground is expected to be blue, but it is green.
  In (37,27), the ground is expected to be white, but it is green.
  In (37,28), the ground is expected to be yellow, but it is green.
  In (37,29), the ground is expected to be white, but it is yellow.
  In (37,36), the ground is expected to be blue, but it is red.
  In (37,38), the ground is expected to be yellow, but it is red.
  In (37,40), the ground is expected to be white, but it is blue.
  In (37,41), the ground is expected to be blue, but it is white.
  In (37,42), the ground is expected to be white, but it is green.
  In (37,43), the ground is expected to be yellow, but it is white.
  In (37,44), the ground is expected to be white, but it is yellow.
  In (38,5), the ground is expected to be blue, but it is white.
  In (38,6), the ground is expected to be white, but it is green.
  In (38,7), the ground is expected to be red, but it is white.
  In (38,8), the ground is expected to be white, but it is green.
  In (38,9), the ground is expected to be yellow, but it is white.
  In (38,12), the ground is expected to be red, but it is green.
  In (38,15), the ground is expected to be blue, but it is white.
  In (38,17), the ground is expected to be red, but it is white.
  In (38,19), the ground is expected to be yellow, but it is white.
  In (38,20), the ground is expected to be blue, but it is white.
  In (38,21), the ground is expected to be white, but it is red.
  In (38,22), the ground is expected to be red, but it is white.
  In (38,23), the ground is expected to be white, but it is red.
  In (38,24), the ground is expected to be yellow, but it is white.
  In (38,26), the ground is expected to be white, but it is blue.
  In (38,27), the ground is expected to be red, but it is green.
  In (38,28), the ground is expected to be white, but it is yellow.
  In (38,35), the ground is expected to be blue, but it is white.
  In (38,36), the ground is expected to be white, but it is green.
  In (38,37), the ground is expected to be red, but it is white.
  In (38,38), the ground is expected to be white, but it is green.
  In (38,39), the ground is expected to be yellow, but it is white.
  In (38,40), the ground is expected to be blue, but it is white.
  In (38,41), the ground is expected to be white, but it is blue.
  In (38,42), the ground is expected to be red, but it is white.
  In (38,43), the ground is expected to be white, but it is yellow.
  In (38,44), the ground is expected to be yellow, but it is white.
  In (39,5), the ground is expected to be white, but it is blue.
  In (39,6), the ground is expected to be red, but it is white.
  In (39,7), the ground is expected to be white, but it is green.
  In (39,8), the ground is expected to be red, but it is white.
  In (39,9), the ground is expected to be white, but it is yellow.
  In (39,11), the ground is expected to be red, but it is blue.
  In (39,13), the ground is expected to be red, but it is yellow.
  In (39,16), the ground is expected to be red, but it is green.
  In (39,18), the ground is expected to be red, but it is green.
  In (39,21), the ground is expected to be red, but it is white.
  In (39,23), the ground is expected to be red, but it is white.
  In (39,25), the ground is expected to be white, but it is blue.
  In (39,26), the ground is expected to be red, but it is blue.
  In (39,27), the ground is expected to be white, but it is red.
  In (39,28), the ground is expected to be red, but it is yellow.
  In (39,29), the ground is expected to be white, but it is yellow.
  In (39,35), the ground is expected to be white, but it is blue.
  In (39,36), the ground is expected to be red, but it is white.
  In (39,37), the ground is expected to be white, but it is green.
  In (39,38), the ground is expected to be red, but it is white.
  In (39,39), the ground is expected to be white, but it is yellow.
  In (39,40), the ground is expected to be white, but it is blue.
  In (39,41), the ground is expected to be red, but it is white.
  In (39,42), the ground is expected to be white, but it is red.
  In (39,43), the ground is expected to be red, but it is white.
  In (39,44), the ground is expected to be white, but it is yellow.
  In (40,6), the ground is expected to be green, but it is blue.
  In (40,8), the ground is expected to be green, but it is yellow.
  In (40,10), the ground is expected to be white, but it is blue.
  In (40,11), the ground is expected to be green, but it is white.
  In (40,12), the ground is expected to be white, but it is red.
  In (40,13), the ground is expected to be green, but it is white.
  In (40,14), the ground is expected to be white, but it is yellow.
  In (40,15), the ground is expected to be white, but it is blue.
  In (40,16), the ground is expected to be green, but it is white.
  In (40,17), the ground is expected to be white, but it is green.
  In (40,18), the ground is expected to be green, but it is white.
  In (40,19), the ground is expected to be white, but it is yellow.
  In (40,21), the ground is expected to be green, but it is white.
  In (40,23), the ground is expected to be green, but it is white.
  In (40,25), the ground is expected to be white, but it is blue.
  In (40,26), the ground is expected to be green, but it is red.
  In (40,27), the ground is expected to be white, but it is red.
  In (40,28), the ground is expected to be green, but it is red.
  In (40,29), the ground is expected to be white, but it is yellow.
  In (40,36), the ground is expected to be green, but it is blue.
  In (40,38), the ground is expected to be green, but it is yellow.
  In (40,41), the ground is expected to be green, but it is red.
  In (40,43), the ground is expected to be green, but it is red.
  In (41,7), the ground is expected to be green, but it is red.
  In (41,10), the ground is expected to be blue, but it is white.
  In (41,11), the ground is expected to be white, but it is red.
  In (41,12), the ground is expected to be green, but it is white.
  In (41,13), the ground is expected to be white, but it is red.
  In (41,14), the ground is expected to be yellow, but it is white.
  In (41,15), the ground is expected to be blue, but it is white.
  In (41,16), the ground is expected to be white, but it is blue.
  In (41,17), the ground is expected to be green, but it is white.
  In (41,18), the ground is expected to be white, but it is yellow.
  In (41,19), the ground is expected to be yellow, but it is white.
  In (41,20), the ground is expected to be blue, but it is white.
  In (41,22), the ground is expected to be green, but it is white.
  In (41,24), the ground is expected to be yellow, but it is white.
  In (41,25), the ground is expected to be blue, but it is white.
  In (41,26), the ground is expected to be white, but it is red.
  In (41,27), the ground is expected to be green, but it is white.
  In (41,28), the ground is expected to be white, but it is red.
  In (41,29), the ground is expected to be yellow, but it is white.
  In (41,37), the ground is expected to be green, but it is red.
  In (41,40), the ground is expected to be blue, but it is white.
  In (41,41), the ground is expected to be white, but it is green.
  In (41,42), the ground is expected to be green, but it is white.
  In (41,43), the ground is expected to be white, but it is green.
  In (41,44), the ground is expected to be yellow, but it is white.
  In (42,6), the ground is expected to be blue, but it is red.
  In (42,8), the ground is expected to be yellow, but it is red.
  In (42,11), the ground is expected to be blue, but it is white.
  In (42,13), the ground is expected to be yellow, but it is white.
  In (42,15), the ground is expected to be white, but it is blue.
  In (42,16), the ground is expected to be blue, but it is white.
  In (42,17), the ground is expected to be white, but it is red.
  In (42,18), the ground is expected to be yellow, but it is white.
  In (42,19), the ground is expected to be white, but it is yellow.
  In (42,21), the ground is expected to be blue, but it is green.
  In (42,23), the ground is expected to be yellow, but it is green.
  In (42,25), the ground is expected to be white, but it is blue.
  In (42,26), the ground is expected to be blue, but it is white.
  In (42,27), the ground is expected to be white, but it is green.
  In (42,28), the ground is expected to be yellow, but it is white.
  In (42,29), the ground is expected to be white, but it is yellow.
  In (42,36), the ground is expected to be blue, but it is red.
  In (42,38), the ground is expected to be yellow, but it is red.
  In (42,40), the ground is expected to be white, but it is blue.
  In (42,41), the ground is expected to be blue, but it is white.
  In (42,42), the ground is expected to be white, but it is green.
  In (42,43), the ground is expected to be yellow, but it is white.
  In (42,44), the ground is expected to be white, but it is yellow.
  In (43,6), the ground is expected to be white, but it is green.
  In (43,7), the ground is expected to be red, but it is green.
  In (43,8), the ground is expected to be white, but it is green.
  In (43,10), the ground is expected to be blue, but it is white.
  In (43,12), the ground is expected to be red, but it is white.
  In (43,14), the ground is expected to be yellow, but it is white.
  In (43,15), the ground is expected to be blue, but it is white.
  In (43,16), the ground is expected to be white, but it is red.
  In (43,17), the ground is expected to be red, but it is white.
  In (43,18), the ground is expected to be white, but it is red.
  In (43,19), the ground is expected to be yellow, but it is white.
  In (43,22), the ground is expected to be red, but it is green.
  In (43,25), the ground is expected to be blue, but it is white.
  In (43,26), the ground is expected to be white, but it is blue.
  In (43,27), the ground is expected to be red, but it is white.
  In (43,28), the ground is expected to be white, but it is yellow.
  In (43,29), the ground is expected to be yellow, but it is white.
  In (43,35), the ground is expected to be blue, but it is white.
  In (43,36), the ground is expected to be white, but it is green.
  In (43,37), the ground is expected to be red, but it is white.
  In (43,38), the ground is expected to be white, but it is green.
  In (43,39), the ground is expected to be yellow, but it is white.
  In (43,40), the ground is expected to be blue, but it is white.
  In (43,41), the ground is expected to be white, but it is blue.
  In (43,42), the ground is expected to be red, but it is white.
  In (43,43), the ground is expected to be white, but it is yellow.
  In (43,44), the ground is expected to be yellow, but it is white.
  In (44,5), the ground is expected to be white, but it is blue.
  In (44,6), the ground is expected to be red, but it is blue.
  In (44,7), the ground is expected to be white, but it is green.
  In (44,8), the ground is expected to be red, but it is yellow.
  In (44,9), the ground is expected to be white, but it is yellow.
  In (44,11), the ground is expected to be red, but it is white.
  In (44,13), the ground is expected to be red, but it is white.
  In (44,16), the ground is expected to be red, but it is green.
  In (44,18), the ground is expected to be red, but it is green.
  In (44,21), the ground is expected to be red, but it is blue.
  In (44,23), the ground is expected to be red, but it is yellow.
  In (44,25), the ground is expected to be white, but it is blue.
  In (44,26), the ground is expected to be red, but it is white.
  In (44,27), the ground is expected to be white, but it is red.
  In (44,28), the ground is expected to be red, but it is white.
  In (44,29), the ground is expected to be white, but it is yellow.
  In (44,35), the ground is expected to be white, but it is blue.
  In (44,36), the ground is expected to be red, but it is white.
  In (44,37), the ground is expected to be white, but it is green.
  In (44,38), the ground is expected to be red, but it is white.
  In (44,39), the ground is expected to be white, but it is yellow.
  In (44,40), the ground is expected to be white, but it is blue.
  In (44,41), the ground is expected to be red, but it is white.
  In (44,42), the ground is expected to be white, but it is red.
  In (44,43), the ground is expected to be red, but it is white.
  In (44,44), the ground is expected to be white, but it is yellow.
  Something is wrong about buggle 'Picasso':
    Its position is (9,44); expected: (0,44).

