Invalid read count. Expected: 108; Found: 30
Invalid write count. Expected: 18; Found: 20
Value at index 0 differs. Expected A; Found B
Value at index 1 differs. Expected B; Found G
Value at index 3 differs. Expected D; Found H
Value at index 5 differs. Expected F; Found I
Value at index 6 differs. Expected G; Found A
Value at index 7 differs. Expected H; Found D
Value at index 8 differs. Expected I; Found F

Invalid read count. Expected: 22 648; Found: 1 500
Invalid write count. Expected: 298; Found: 300
Value at index 0 differs. Expected AA; Found AI
Value at index 2 differs. Expected AC; Found AR
Value at index 3 differs. Expected AD; Found AG
Value at index 4 differs. Expected AE; Found AC
Value at index 6 differs. Expected AG; Found BD
Value at index 7 differs. Expected AH; Found AA
Value at index 8 differs. Expected AI; Found AE
Value at index 9 differs. Expected AJ; Found AD
Value at index 12 differs. Expected AM; Found AW
Value at index 13 differs. Expected AN; Found AM
Value at index 15 differs. Expected AP; Found AJ
Value at index 16 differs. Expected AQ; Found BI
Value at index 17 differs. Expected AR; Found AH
Value at index 20 differs. Expected AU; Found AP
Value at index 21 differs. Expected AV; Found BF
Value at index 22 differs. Expected AW; Found BC
Value at index 23 differs. Expected AX; Found AN
Value at index 25 differs. Expected AZ; Found BA
Value at index 26 differs. Expected BA; Found BU
Value at index 27 differs. Expected BB; Found AQ
Value at index 28 differs. Expected BC; Found BW
Value at index 29 differs. Expected BD; Found BQ
Value at index 30 differs. Expected BE; Found AV
Value at index 31 differs. Expected BF; Found BK
Value at index 33 differs. Expected BH; Found AX
Value at index 34 differs. Expected BI; Found AZ
Value at index 35 differs. Expected BJ; Found BE
Value at index 36 differs. Expected BK; Found CL
Value at index 37 differs. Expected BL; Found AU
Value at index 38 differs. Expected BM; Found CN
Value at index 39 differs. Expected BN; Found BX
Value at index 40 differs. Expected BO; Found BM
Value at index 42 differs. Expected BQ; Found CU
Value at index 43 differs. Expected BR; Found BH
Value at index 44 differs. Expected BS; Found BL
Value at index 45 differs. Expected BT; Found BJ
Value at index 46 differs. Expected BU; Found CO
Value at index 47 differs. Expected BV; Found BB
Value at index 48 differs. Expected BW; Found CW
Value at index 49 differs. Expected BX; Found CJ
Value at index 50 differs. Expected BY; Found BO
Value at index 51 differs. Expected BZ; Found CB
Value at index 52 differs. Expected CA; Found DE
Value at index 53 differs. Expected CB; Found BN
Value at index 54 differs. Expected CC; Found BS
Value at index 55 differs. Expected CD; Found BT
Value at index 56 differs. Expected CE; Found CT
Value at index 57 differs. Expected CF; Found BR
Value at index 58 differs. Expected CG; Found DA
Value at index 59 differs. Expected CH; Found CV
Value at index 60 differs. Expected CI; Found BZ
Value at index 61 differs. Expected CJ; Found CH
Value at index 62 differs. Expected CK; Found DJ
Value at index 63 differs. Expected CL; Found BY
Value at index 64 differs. Expected CM; Found CG
Value at index 65 differs. Expected CN; Found CI
Value at index 66 differs. Expected CO; Found CY
Value at index 67 differs. Expected CP; Found BV
Value at index 68 differs. Expected CQ; Found DQ
Value at index 69 differs. Expected CR; Found CZ
Value at index 70 differs. Expected CS; Found DB
Value at index 71 differs. Expected CT; Found CM
Value at index 72 differs. Expected CU; Found DO
Value at index 73 differs. Expected CV; Found CD
Value at index 74 differs. Expected CW; Found DG
Value at index 75 differs. Expected CX; Found CQ
Value at index 76 differs. Expected CY; Found DF
Value at index 77 differs. Expected CZ; Found CA
Value at index 78 differs. Expected DA; Found DX
Value at index 79 differs. Expected DB; Found DC
Value at index 80 differs. Expected DC; Found DH
Value at index 81 differs. Expected DD; Found CR
Value at index 82 differs. Expected DE; Found DU
Value at index 83 differs. Expected DF; Found CE
Value at index 84 differs. Expected DG; Found DK
Value at index 85 differs. Expected DH; Found CX
Value at index 86 differs. Expected DI; Found DV
Value at index 87 differs. Expected DJ; Found CC
Value at index 88 differs. Expected DK; Found EE
Value at index 92 differs. Expected DO; Found DY
Value at index 93 differs. Expected DP; Found CF
Value at index 94 differs. Expected DQ; Found EH
Value at index 95 differs. Expected DR; Found DI
Value at index 96 differs. Expected DS; Found EA
Value at index 97 differs. Expected DT; Found CP
Value at index 98 differs. Expected DU; Found EL
Value at index 99 differs. Expected DV; Found DR
Value at index 101 differs. Expected DX; Found EF
Value at index 102 differs. Expected DY; Found EI
Value at index 103 differs. Expected DZ; Found CK
Value at index 104 differs. Expected EA; Found EJ
Value at index 105 differs. Expected EB; Found DZ
Value at index 107 differs. Expected ED; Found CS
Value at index 108 differs. Expected EE; Found EO
Value at index 109 differs. Expected EF; Found DS
Value at index 110 differs. Expected EG; Found ED
Value at index 111 differs. Expected EH; Found ER
Value at index 112 differs. Expected EI; Found EM
Value at index 113 differs. Expected EJ; Found DP
Value at index 115 differs. Expected EL; Found EB
Value at index 116 differs. Expected EM; Found EG
Value at index 117 differs. Expected EN; Found DD
Value at index 118 differs. Expected EO; Found EV
Value at index 119 differs. Expected EP; Found EZ
Value at index 121 differs. Expected ER; Found EW
Value at index 122 differs. Expected ES; Found ET
Value at index 123 differs. Expected ET; Found FD
Value at index 124 differs. Expected EU; Found FB
Value at index 125 differs. Expected EV; Found EU
Value at index 126 differs. Expected EW; Found EN
Value at index 127 differs. Expected EX; Found DT
Value at index 129 differs. Expected EZ; Found FG
Value at index 130 differs. Expected FA; Found FH
Value at index 131 differs. Expected FB; Found EX
Value at index 133 differs. Expected FD; Found FQ
Value at index 134 differs. Expected FE; Found FL
Value at index 135 differs. Expected FF; Found FK
Value at index 136 differs. Expected FG; Found EP
Value at index 137 differs. Expected FH; Found ES
Value at index 139 differs. Expected FJ; Found FO
Value at index 140 differs. Expected FK; Found FJ
Value at index 141 differs. Expected FL; Found FE
Value at index 143 differs. Expected FN; Found FS
Value at index 144 differs. Expected FO; Found FN
Value at index 146 differs. Expected FQ; Found FA
Value at index 147 differs. Expected FR; Found FF
Value at index 148 differs. Expected FS; Found FT
Value at index 149 differs. Expected FT; Found FR

