Invalid read count. Expected: 108; Found: 0
Invalid write count. Expected: 18; Found: 0
Value at index 1 differs. Expected B; Found F
Value at index 2 differs. Expected C; Found B
Value at index 3 differs. Expected D; Found E
Value at index 4 differs. Expected E; Found J
Value at index 5 differs. Expected F; Found I
Value at index 7 differs. Expected H; Found D
Value at index 8 differs. Expected I; Found H
Value at index 9 differs. Expected J; Found C

Invalid read count. Expected: 22 648; Found: 0
Invalid write count. Expected: 298; Found: 0
Value at index 0 differs. Expected AA; Found EX
Value at index 3 differs. Expected AD; Found FJ
Value at index 4 differs. Expected AE; Found BY
Value at index 5 differs. Expected AF; Found CT
Value at index 6 differs. Expected AG; Found CG
Value at index 9 differs. Expected AJ; Found FK
Value at index 11 differs. Expected AL; Found ET
Value at index 12 differs. Expected AM; Found CX
Value at index 13 differs. Expected AN; Found FO
Value at index 16 differs. Expected AQ; Found BZ
Value at index 17 differs. Expected AR; Found CI
Value at index 18 differs. Expected AS; Found DF
Value at index 21 differs. Expected AV; Found AL
Value at index 22 differs. Expected AW; Found CJ
Value at index 23 differs. Expected AX; Found BJ
Value at index 24 differs. Expected AY; Found BN
Value at index 26 differs. Expected BA; Found EB
Value at index 28 differs. Expected BC; Found DH
Value at index 29 differs. Expected BD; Found DC
Value at index 30 differs. Expected BE; Found DS
Value at index 31 differs. Expected BF; Found AA
Value at index 34 differs. Expected BI; Found DB
Value at index 35 differs. Expected BJ; Found AX
Value at index 36 differs. Expected BK; Found BU
Value at index 38 differs. Expected BM; Found FM
Value at index 39 differs. Expected BN; Found DU
Value at index 40 differs. Expected BO; Found DQ
Value at index 41 differs. Expected BP; Found AN
Value at index 44 differs. Expected BS; Found DN
Value at index 45 differs. Expected BT; Found CY
Value at index 46 differs. Expected BU; Found DW
Value at index 47 differs. Expected BV; Found EC
Value at index 48 differs. Expected BW; Found CK
Value at index 49 differs. Expected BX; Found AG
Value at index 50 differs. Expected BY; Found AE
Value at index 51 differs. Expected BZ; Found AQ
Value at index 57 differs. Expected CF; Found DP
Value at index 58 differs. Expected CG; Found BX
Value at index 60 differs. Expected CI; Found EF
Value at index 61 differs. Expected CJ; Found AW
Value at index 62 differs. Expected CK; Found BW
Value at index 63 differs. Expected CL; Found CV
Value at index 69 differs. Expected CR; Found FT
Value at index 71 differs. Expected CT; Found AF
Value at index 73 differs. Expected CV; Found CL
Value at index 74 differs. Expected CW; Found DI
Value at index 75 differs. Expected CX; Found BK
Value at index 76 differs. Expected CY; Found BD
Value at index 78 differs. Expected DA; Found ER
Value at index 79 differs. Expected DB; Found BI
Value at index 80 differs. Expected DC; Found BT
Value at index 83 differs. Expected DF; Found BP
Value at index 84 differs. Expected DG; Found DX
Value at index 85 differs. Expected DH; Found DZ
Value at index 86 differs. Expected DI; Found BA
Value at index 87 differs. Expected DJ; Found EN
Value at index 91 differs. Expected DN; Found EW
Value at index 93 differs. Expected DP; Found CF
Value at index 94 differs. Expected DQ; Found BO
Value at index 95 differs. Expected DR; Found CR
Value at index 96 differs. Expected DS; Found BE
Value at index 97 differs. Expected DT; Found EL
Value at index 98 differs. Expected DU; Found AY
Value at index 100 differs. Expected DW; Found AM
Value at index 101 differs. Expected DX; Found AJ
Value at index 103 differs. Expected DZ; Found AS
Value at index 104 differs. Expected EA; Found EG
Value at index 105 differs. Expected EB; Found CW
Value at index 106 differs. Expected EC; Found EO
Value at index 109 differs. Expected EF; Found AV
Value at index 110 differs. Expected EG; Found EA
Value at index 113 differs. Expected EJ; Found EZ
Value at index 115 differs. Expected EL; Found FP
Value at index 117 differs. Expected EN; Found DJ
Value at index 118 differs. Expected EO; Found FA
Value at index 121 differs. Expected ER; Found FC
Value at index 123 differs. Expected ET; Found FL
Value at index 125 differs. Expected EV; Found FG
Value at index 126 differs. Expected EW; Found BS
Value at index 127 differs. Expected EX; Found EJ
Value at index 129 differs. Expected EZ; Found BF
Value at index 130 differs. Expected FA; Found BV
Value at index 132 differs. Expected FC; Found DA
Value at index 135 differs. Expected FF; Found FS
Value at index 136 differs. Expected FG; Found EV
Value at index 139 differs. Expected FJ; Found DG
Value at index 140 differs. Expected FK; Found AD
Value at index 141 differs. Expected FL; Found AR
Value at index 142 differs. Expected FM; Found BM
Value at index 143 differs. Expected FN; Found FQ
Value at index 144 differs. Expected FO; Found BC
Value at index 145 differs. Expected FP; Found DT
Value at index 146 differs. Expected FQ; Found FN
Value at index 148 differs. Expected FS; Found FF
Value at index 149 differs. Expected FT; Found DR

