Invalid read count. Expected: 108; Found: 16
Invalid write count. Expected: 18; Found: 0
Value at index 0 differs. Expected A; Found B
Value at index 1 differs. Expected B; Found G
Value at index 3 differs. Expected D; Found H
Value at index 5 differs. Expected F; Found I
Value at index 6 differs. Expected G; Found A
Value at index 7 differs. Expected H; Found D
Value at index 8 differs. Expected I; Found F

Invalid read count. Expected: 22 648; Found: 296
Invalid write count. Expected: 298; Found: 0
Value at index 0 differs. Expected AA; Found DB
Value at index 2 differs. Expected AC; Found ET
Value at index 3 differs. Expected AD; Found CK
Value at index 4 differs. Expected AE; Found CG
Value at index 5 differs. Expected AF; Found DZ
Value at index 6 differs. Expected AG; Found CT
Value at index 8 differs. Expected AI; Found EL
Value at index 9 differs. Expected AJ; Found FG
Value at index 12 differs. Expected AM; Found BC
Value at index 14 differs. Expected AO; Found FN
Value at index 15 differs. Expected AP; Found BE
Value at index 16 differs. Expected AQ; Found EN
Value at index 17 differs. Expected AR; Found CA
Value at index 20 differs. Expected AU; Found FH
Value at index 21 differs. Expected AV; Found CH
Value at index 25 differs. Expected AZ; Found CI
Value at index 26 differs. Expected BA; Found DF
Value at index 28 differs. Expected BC; Found FT
Value at index 29 differs. Expected BD; Found DS
Value at index 30 differs. Expected BE; Found AP
Value at index 32 differs. Expected BG; Found DE
Value at index 33 differs. Expected BH; Found FQ
Value at index 34 differs. Expected BI; Found FL
Value at index 36 differs. Expected BK; Found EG
Value at index 37 differs. Expected BL; Found FF
Value at index 38 differs. Expected BM; Found FI
Value at index 39 differs. Expected BN; Found CV
Value at index 42 differs. Expected BQ; Found DJ
Value at index 43 differs. Expected BR; Found AM
Value at index 50 differs. Expected BY; Found DH
Value at index 51 differs. Expected BZ; Found CR
Value at index 52 differs. Expected CA; Found AR
Value at index 53 differs. Expected CB; Found FS
Value at index 54 differs. Expected CC; Found AC
Value at index 55 differs. Expected CD; Found AF
Value at index 56 differs. Expected CE; Found EA
Value at index 57 differs. Expected CF; Found CC
Value at index 58 differs. Expected CG; Found EO
Value at index 59 differs. Expected CH; Found CJ
Value at index 60 differs. Expected CI; Found FJ
Value at index 61 differs. Expected CJ; Found BK
Value at index 62 differs. Expected CK; Found DU
Value at index 63 differs. Expected CL; Found BH
Value at index 64 differs. Expected CM; Found FB
Value at index 65 differs. Expected CN; Found CQ
Value at index 68 differs. Expected CQ; Found DQ
Value at index 69 differs. Expected CR; Found DC
Value at index 70 differs. Expected CS; Found ED
Value at index 71 differs. Expected CT; Found EF
Value at index 72 differs. Expected CU; Found EM
Value at index 73 differs. Expected CV; Found BN
Value at index 74 differs. Expected CW; Found AZ
Value at index 77 differs. Expected CZ; Found ES
Value at index 79 differs. Expected DB; Found FR
Value at index 80 differs. Expected DC; Found BZ
Value at index 81 differs. Expected DD; Found EX
Value at index 82 differs. Expected DE; Found BG
Value at index 83 differs. Expected DF; Found BY
Value at index 85 differs. Expected DH; Found BA
Value at index 86 differs. Expected DI; Found EP
Value at index 87 differs. Expected DJ; Found BR
Value at index 88 differs. Expected DK; Found DX
Value at index 94 differs. Expected DQ; Found EH
Value at index 95 differs. Expected DR; Found DI
Value at index 96 differs. Expected DS; Found BD
Value at index 98 differs. Expected DU; Found CW
Value at index 99 differs. Expected DV; Found CZ
Value at index 101 differs. Expected DX; Found FE
Value at index 103 differs. Expected DZ; Found CD
Value at index 104 differs. Expected EA; Found EJ
Value at index 107 differs. Expected ED; Found CS
Value at index 109 differs. Expected EF; Found FO
Value at index 110 differs. Expected EG; Found AV
Value at index 111 differs. Expected EH; Found CB
Value at index 113 differs. Expected EJ; Found CE
Value at index 115 differs. Expected EL; Found EU
Value at index 116 differs. Expected EM; Found DV
Value at index 117 differs. Expected EN; Found AQ
Value at index 118 differs. Expected EO; Found AE
Value at index 119 differs. Expected EP; Found DR
Value at index 121 differs. Expected ER; Found EW
Value at index 122 differs. Expected ES; Found CU
Value at index 123 differs. Expected ET; Found CF
Value at index 124 differs. Expected EU; Found BL
Value at index 125 differs. Expected EV; Found FK
Value at index 126 differs. Expected EW; Found BI
Value at index 127 differs. Expected EX; Found DD
Value at index 130 differs. Expected FA; Found AI
Value at index 131 differs. Expected FB; Found CM
Value at index 134 differs. Expected FE; Found DK
Value at index 135 differs. Expected FF; Found AJ
Value at index 136 differs. Expected FG; Found FA
Value at index 137 differs. Expected FH; Found AU
Value at index 138 differs. Expected FI; Found EV
Value at index 139 differs. Expected FJ; Found AD
Value at index 140 differs. Expected FK; Found BM
Value at index 141 differs. Expected FL; Found ER
Value at index 143 differs. Expected FN; Found AG
Value at index 144 differs. Expected FO; Found AO
Value at index 146 differs. Expected FQ; Found CL
Value at index 147 differs. Expected FR; Found AA
Value at index 148 differs. Expected FS; Found CN
Value at index 149 differs. Expected FT; Found BQ

