Invalid read count. Expected: 108; Found: 103
Invalid write count. Expected: 18; Found: 0
Value at index 0 differs. Expected A; Found E
Value at index 2 differs. Expected C; Found H
Value at index 3 differs. Expected D; Found A
Value at index 4 differs. Expected E; Found G
Value at index 5 differs. Expected F; Found I
Value at index 6 differs. Expected G; Found D
Value at index 7 differs. Expected H; Found J
Value at index 8 differs. Expected I; Found F
Value at index 9 differs. Expected J; Found C

Invalid read count. Expected: 22 648; Found: 22 501
Invalid write count. Expected: 298; Found: 0
Value at index 1 differs. Expected AB; Found BQ
Value at index 2 differs. Expected AC; Found CF
Value at index 3 differs. Expected AD; Found BU
Value at index 6 differs. Expected AG; Found EG
Value at index 7 differs. Expected AH; Found CJ
Value at index 8 differs. Expected AI; Found DB
Value at index 9 differs. Expected AJ; Found DU
Value at index 11 differs. Expected AL; Found AH
Value at index 12 differs. Expected AM; Found FR
Value at index 13 differs. Expected AN; Found FD
Value at index 14 differs. Expected AO; Found FT
Value at index 15 differs. Expected AP; Found CH
Value at index 19 differs. Expected AT; Found CG
Value at index 20 differs. Expected AU; Found CX
Value at index 25 differs. Expected AZ; Found BF
Value at index 26 differs. Expected BA; Found AO
Value at index 28 differs. Expected BC; Found BM
Value at index 31 differs. Expected BF; Found FB
Value at index 33 differs. Expected BH; Found DA
Value at index 38 differs. Expected BM; Found AT
Value at index 39 differs. Expected BN; Found AI
Value at index 41 differs. Expected BP; Found AB
Value at index 42 differs. Expected BQ; Found AJ
Value at index 43 differs. Expected BR; Found CO
Value at index 44 differs. Expected BS; Found DN
Value at index 45 differs. Expected BT; Found EN
Value at index 46 differs. Expected BU; Found CU
Value at index 47 differs. Expected BV; Found EY
Value at index 48 differs. Expected BW; Found FC
Value at index 51 differs. Expected BZ; Found EU
Value at index 52 differs. Expected CA; Found CN
Value at index 53 differs. Expected CB; Found AL
Value at index 57 differs. Expected CF; Found AC
Value at index 58 differs. Expected CG; Found BC
Value at index 59 differs. Expected CH; Found AP
Value at index 61 differs. Expected CJ; Found AD
Value at index 62 differs. Expected CK; Found AU
Value at index 63 differs. Expected CL; Found FF
Value at index 64 differs. Expected CM; Found EK
Value at index 65 differs. Expected CN; Found CA
Value at index 66 differs. Expected CO; Found CY
Value at index 67 differs. Expected CP; Found DR
Value at index 68 differs. Expected CQ; Found BZ
Value at index 71 differs. Expected CT; Found FI
Value at index 72 differs. Expected CU; Found CB
Value at index 75 differs. Expected CX; Found CK
Value at index 76 differs. Expected CY; Found AM
Value at index 77 differs. Expected CZ; Found EQ
Value at index 78 differs. Expected DA; Found BH
Value at index 79 differs. Expected DB; Found BN
Value at index 83 differs. Expected DF; Found FL
Value at index 84 differs. Expected DG; Found DX
Value at index 86 differs. Expected DI; Found FM
Value at index 87 differs. Expected DJ; Found DY
Value at index 88 differs. Expected DK; Found DT
Value at index 91 differs. Expected DN; Found AG
Value at index 93 differs. Expected DP; Found CT
Value at index 95 differs. Expected DR; Found CP
Value at index 97 differs. Expected DT; Found DK
Value at index 98 differs. Expected DU; Found DV
Value at index 99 differs. Expected DV; Found BP
Value at index 100 differs. Expected DW; Found EJ
Value at index 101 differs. Expected DX; Found DG
Value at index 102 differs. Expected DY; Found DJ
Value at index 103 differs. Expected DZ; Found BA
Value at index 110 differs. Expected EG; Found ET
Value at index 111 differs. Expected EH; Found FN
Value at index 112 differs. Expected EI; Found AZ
Value at index 113 differs. Expected EJ; Found DW
Value at index 114 differs. Expected EK; Found EP
Value at index 116 differs. Expected EM; Found FO
Value at index 117 differs. Expected EN; Found BT
Value at index 118 differs. Expected EO; Found BV
Value at index 119 differs. Expected EP; Found EZ
Value at index 120 differs. Expected EQ; Found CZ
Value at index 123 differs. Expected ET; Found BS
Value at index 124 differs. Expected EU; Found FE
Value at index 125 differs. Expected EV; Found EI
Value at index 128 differs. Expected EY; Found EO
Value at index 129 differs. Expected EZ; Found CM
Value at index 131 differs. Expected FB; Found DZ
Value at index 132 differs. Expected FC; Found BW
Value at index 133 differs. Expected FD; Found AN
Value at index 134 differs. Expected FE; Found CQ
Value at index 135 differs. Expected FF; Found CL
Value at index 138 differs. Expected FI; Found DP
Value at index 139 differs. Expected FJ; Found DI
Value at index 141 differs. Expected FL; Found DF
Value at index 142 differs. Expected FM; Found FJ
Value at index 143 differs. Expected FN; Found EH
Value at index 144 differs. Expected FO; Found EM
Value at index 147 differs. Expected FR; Found BR
Value at index 149 differs. Expected FT; Found EV

