Invalid read count. Expected: 108; Found: 20
Invalid write count. Expected: 18; Found: 0
Value at index 1 differs. Expected B; Found I
Value at index 2 differs. Expected C; Found H
Value at index 4 differs. Expected E; Found G
Value at index 6 differs. Expected G; Found E
Value at index 7 differs. Expected H; Found C
Value at index 8 differs. Expected I; Found B

Invalid read count. Expected: 22 648; Found: 300
Invalid write count. Expected: 298; Found: 0
Value at index 1 differs. Expected AB; Found DP
Value at index 2 differs. Expected AC; Found CQ
Value at index 3 differs. Expected AD; Found AM
Value at index 4 differs. Expected AE; Found BM
Value at index 6 differs. Expected AG; Found CC
Value at index 9 differs. Expected AJ; Found CF
Value at index 10 differs. Expected AK; Found DR
Value at index 11 differs. Expected AL; Found AQ
Value at index 12 differs. Expected AM; Found AD
Value at index 16 differs. Expected AQ; Found CK
Value at index 17 differs. Expected AR; Found AV
Value at index 19 differs. Expected AT; Found BI
Value at index 20 differs. Expected AU; Found FE
Value at index 21 differs. Expected AV; Found FJ
Value at index 22 differs. Expected AW; Found CV
Value at index 23 differs. Expected AX; Found EZ
Value at index 24 differs. Expected AY; Found DA
Value at index 25 differs. Expected AZ; Found DG
Value at index 26 differs. Expected BA; Found EP
Value at index 29 differs. Expected BD; Found EJ
Value at index 30 differs. Expected BE; Found EF
Value at index 33 differs. Expected BH; Found BQ
Value at index 34 differs. Expected BI; Found AT
Value at index 35 differs. Expected BJ; Found BN
Value at index 38 differs. Expected BM; Found DQ
Value at index 39 differs. Expected BN; Found FO
Value at index 40 differs. Expected BO; Found DI
Value at index 42 differs. Expected BQ; Found DK
Value at index 45 differs. Expected BT; Found AJ
Value at index 46 differs. Expected BU; Found CR
Value at index 47 differs. Expected BV; Found FI
Value at index 48 differs. Expected BW; Found CN
Value at index 49 differs. Expected BX; Found EY
Value at index 50 differs. Expected BY; Found AR
Value at index 52 differs. Expected CA; Found DD
Value at index 54 differs. Expected CC; Found ET
Value at index 57 differs. Expected CF; Found ER
Value at index 61 differs. Expected CJ; Found AE
Value at index 62 differs. Expected CK; Found DV
Value at index 65 differs. Expected CN; Found DL
Value at index 67 differs. Expected CP; Found BV
Value at index 68 differs. Expected CQ; Found FK
Value at index 69 differs. Expected CR; Found CP
Value at index 71 differs. Expected CT; Found AK
Value at index 72 differs. Expected CU; Found BD
Value at index 73 differs. Expected CV; Found AW
Value at index 74 differs. Expected CW; Found FR
Value at index 75 differs. Expected CX; Found FM
Value at index 77 differs. Expected CZ; Found CA
Value at index 78 differs. Expected DA; Found AY
Value at index 80 differs. Expected DC; Found DW
Value at index 81 differs. Expected DD; Found CZ
Value at index 82 differs. Expected DE; Found EE
Value at index 83 differs. Expected DF; Found EB
Value at index 84 differs. Expected DG; Found AZ
Value at index 86 differs. Expected DI; Found BO
Value at index 87 differs. Expected DJ; Found CT
Value at index 88 differs. Expected DK; Found ES
Value at index 89 differs. Expected DL; Found BW
Value at index 91 differs. Expected DN; Found EM
Value at index 92 differs. Expected DO; Found BT
Value at index 93 differs. Expected DP; Found AB
Value at index 94 differs. Expected DQ; Found EO
Value at index 95 differs. Expected DR; Found DS
Value at index 96 differs. Expected DS; Found DJ
Value at index 99 differs. Expected DV; Found AL
Value at index 100 differs. Expected DW; Found EA
Value at index 101 differs. Expected DX; Found EX
Value at index 102 differs. Expected DY; Found FA
Value at index 104 differs. Expected EA; Found EW
Value at index 105 differs. Expected EB; Found CJ
Value at index 106 differs. Expected EC; Found DC
Value at index 108 differs. Expected EE; Found DE
Value at index 109 differs. Expected EF; Found BE
Value at index 112 differs. Expected EI; Found BU
Value at index 113 differs. Expected EJ; Found CU
Value at index 114 differs. Expected EK; Found FB
Value at index 115 differs. Expected EL; Found FH
Value at index 116 differs. Expected EM; Found DN
Value at index 117 differs. Expected EN; Found FN
Value at index 118 differs. Expected EO; Found EC
Value at index 119 differs. Expected EP; Found BA
Value at index 121 differs. Expected ER; Found DO
Value at index 122 differs. Expected ES; Found CX
Value at index 123 differs. Expected ET; Found AG
Value at index 126 differs. Expected EW; Found FC
Value at index 127 differs. Expected EX; Found BX
Value at index 128 differs. Expected EY; Found DX
Value at index 129 differs. Expected EZ; Found AX
Value at index 130 differs. Expected FA; Found DY
Value at index 131 differs. Expected FB; Found FT
Value at index 132 differs. Expected FC; Found DF
Value at index 134 differs. Expected FE; Found AU
Value at index 137 differs. Expected FH; Found EL
Value at index 138 differs. Expected FI; Found EI
Value at index 139 differs. Expected FJ; Found FQ
Value at index 140 differs. Expected FK; Found AC
Value at index 142 differs. Expected FM; Found BH
Value at index 143 differs. Expected FN; Found EN
Value at index 144 differs. Expected FO; Found BJ
Value at index 146 differs. Expected FQ; Found BY
Value at index 147 differs. Expected FR; Found CW
Value at index 149 differs. Expected FT; Found EK

