Invalid read count. Expected: 108; Found: 72
Value at index 2 differs. Expected C; Found D
Value at index 3 differs. Expected D; Found E
Value at index 4 differs. Expected E; Found F
Value at index 5 differs. Expected F; Found G
Value at index 6 differs. Expected G; Found H
Value at index 7 differs. Expected H; Found I
Value at index 8 differs. Expected I; Found J
Value at index 9 differs. Expected J; Found C

Invalid read count. Expected: 22 648; Found: 11 657
Value at index 125 differs. Expected EV; Found EW
Value at index 126 differs. Expected EW; Found EX
Value at index 127 differs. Expected EX; Found EY
Value at index 128 differs. Expected EY; Found EZ
Value at index 129 differs. Expected EZ; Found FA
Value at index 130 differs. Expected FA; Found FB
Value at index 131 differs. Expected FB; Found FC
Value at index 132 differs. Expected FC; Found FD
Value at index 133 differs. Expected FD; Found FE
Value at index 134 differs. Expected FE; Found FF
Value at index 135 differs. Expected FF; Found FG
Value at index 136 differs. Expected FG; Found FH
Value at index 137 differs. Expected FH; Found FI
Value at index 138 differs. Expected FI; Found FJ
Value at index 139 differs. Expected FJ; Found FK
Value at index 140 differs. Expected FK; Found FL
Value at index 141 differs. Expected FL; Found FM
Value at index 142 differs. Expected FM; Found FN
Value at index 143 differs. Expected FN; Found FO
Value at index 144 differs. Expected FO; Found FP
Value at index 145 differs. Expected FP; Found FQ
Value at index 146 differs. Expected FQ; Found FR
Value at index 147 differs. Expected FR; Found FS
Value at index 148 differs. Expected FS; Found FT
Value at index 149 differs. Expected FT; Found EV

