Invalid read count. Expected: 108; Found: 126
Value at index 1 differs. Expected B; Found D
Value at index 3 differs. Expected D; Found G
Value at index 5 differs. Expected F; Found I
Value at index 6 differs. Expected G; Found B
Value at index 8 differs. Expected I; Found F

Invalid read count. Expected: 22 648; Found: 22 946
Value at index 0 differs. Expected AA; Found CP
Value at index 1 differs. Expected AB; Found CV
Value at index 2 differs. Expected AC; Found CA
Value at index 4 differs. Expected AE; Found CD
Value at index 5 differs. Expected AF; Found BR
Value at index 6 differs. Expected AG; Found CQ
Value at index 10 differs. Expected AK; Found BU
Value at index 12 differs. Expected AM; Found CY
Value at index 13 differs. Expected AN; Found DK
Value at index 15 differs. Expected AP; Found BZ
Value at index 17 differs. Expected AR; Found DY
Value at index 19 differs. Expected AT; Found DJ
Value at index 20 differs. Expected AU; Found AF
Value at index 21 differs. Expected AV; Found BQ
Value at index 24 differs. Expected AY; Found BI
Value at index 25 differs. Expected AZ; Found BX
Value at index 26 differs. Expected BA; Found DE
Value at index 28 differs. Expected BC; Found EQ
Value at index 29 differs. Expected BD; Found BL
Value at index 31 differs. Expected BF; Found BS
Value at index 34 differs. Expected BI; Found AY
Value at index 36 differs. Expected BK; Found CM
Value at index 37 differs. Expected BL; Found CJ
Value at index 38 differs. Expected BM; Found DF
Value at index 39 differs. Expected BN; Found EB
Value at index 40 differs. Expected BO; Found CR
Value at index 41 differs. Expected BP; Found EE
Value at index 42 differs. Expected BQ; Found DA
Value at index 43 differs. Expected BR; Found FB
Value at index 44 differs. Expected BS; Found EW
Value at index 45 differs. Expected BT; Found DV
Value at index 46 differs. Expected BU; Found DG
Value at index 48 differs. Expected BW; Found CZ
Value at index 49 differs. Expected BX; Found AZ
Value at index 50 differs. Expected BY; Found AT
Value at index 51 differs. Expected BZ; Found BD
Value at index 52 differs. Expected CA; Found AC
Value at index 53 differs. Expected CB; Found CT
Value at index 54 differs. Expected CC; Found FF
Value at index 55 differs. Expected CD; Found AE
Value at index 56 differs. Expected CE; Found EA
Value at index 57 differs. Expected CF; Found FG
Value at index 58 differs. Expected CG; Found EH
Value at index 59 differs. Expected CH; Found DH
Value at index 60 differs. Expected CI; Found DN
Value at index 61 differs. Expected CJ; Found BC
Value at index 62 differs. Expected CK; Found FJ
Value at index 64 differs. Expected CM; Found BK
Value at index 67 differs. Expected CP; Found BY
Value at index 68 differs. Expected CQ; Found AR
Value at index 69 differs. Expected CR; Found BO
Value at index 71 differs. Expected CT; Found DB
Value at index 73 differs. Expected CV; Found FP
Value at index 76 differs. Expected CY; Found FA
Value at index 77 differs. Expected CZ; Found AM
Value at index 78 differs. Expected DA; Found DR
Value at index 79 differs. Expected DB; Found DM
Value at index 81 differs. Expected DD; Found DI
Value at index 82 differs. Expected DE; Found BA
Value at index 83 differs. Expected DF; Found BT
Value at index 84 differs. Expected DG; Found AK
Value at index 85 differs. Expected DH; Found CH
Value at index 86 differs. Expected DI; Found DD
Value at index 87 differs. Expected DJ; Found AA
Value at index 88 differs. Expected DK; Found BW
Value at index 90 differs. Expected DM; Found CB
Value at index 91 differs. Expected DN; Found EY
Value at index 92 differs. Expected DO; Found AG
Value at index 93 differs. Expected DP; Found EM
Value at index 94 differs. Expected DQ; Found ES
Value at index 95 differs. Expected DR; Found AU
Value at index 96 differs. Expected DS; Found BP
Value at index 99 differs. Expected DV; Found CE
Value at index 102 differs. Expected DY; Found AN
Value at index 103 differs. Expected DZ; Found FE
Value at index 104 differs. Expected EA; Found EI
Value at index 105 differs. Expected EB; Found ER
Value at index 106 differs. Expected EC; Found EN
Value at index 107 differs. Expected ED; Found EU
Value at index 108 differs. Expected EE; Found DS
Value at index 111 differs. Expected EH; Found CG
Value at index 112 differs. Expected EI; Found BM
Value at index 116 differs. Expected EM; Found EO
Value at index 117 differs. Expected EN; Found DO
Value at index 118 differs. Expected EO; Found EX
Value at index 120 differs. Expected EQ; Found EC
Value at index 121 differs. Expected ER; Found BN
Value at index 122 differs. Expected ES; Found CK
Value at index 124 differs. Expected EU; Found ED
Value at index 126 differs. Expected EW; Found CC
Value at index 127 differs. Expected EX; Found DP
Value at index 128 differs. Expected EY; Found CI
Value at index 130 differs. Expected FA; Found AB
Value at index 131 differs. Expected FB; Found AP
Value at index 134 differs. Expected FE; Found DZ
Value at index 135 differs. Expected FF; Found AV
Value at index 136 differs. Expected FG; Found BF
Value at index 139 differs. Expected FJ; Found CF
Value at index 142 differs. Expected FM; Found FO
Value at index 144 differs. Expected FO; Found FM
Value at index 145 differs. Expected FP; Found DQ

