Invalid read count. Expected: 108; Found: 0
Invalid write count. Expected: 18; Found: 0
Value at index 0 differs. Expected A; Found G
Value at index 1 differs. Expected B; Found E
Value at index 4 differs. Expected E; Found F
Value at index 5 differs. Expected F; Found H
Value at index 6 differs. Expected G; Found J
Value at index 7 differs. Expected H; Found I
Value at index 8 differs. Expected I; Found A
Value at index 9 differs. Expected J; Found B

Invalid read count. Expected: 22 648; Found: 0
Invalid write count. Expected: 298; Found: 0
Value at index 0 differs. Expected AA; Found DY
Value at index 2 differs. Expected AC; Found AD
Value at index 3 differs. Expected AD; Found AC
Value at index 4 differs. Expected AE; Found DL
Value at index 5 differs. Expected AF; Found EM
Value at index 8 differs. Expected AI; Found AN
Value at index 9 differs. Expected AJ; Found FA
Value at index 12 differs. Expected AM; Found AJ
Value at index 13 differs. Expected AN; Found CQ
Value at index 15 differs. Expected AP; Found FK
Value at index 17 differs. Expected AR; Found DE
Value at index 18 differs. Expected AS; Found BW
Value at index 20 differs. Expected AU; Found CB
Value at index 21 differs. Expected AV; Found CL
Value at index 24 differs. Expected AY; Found FB
Value at index 26 differs. Expected BA; Found BE
Value at index 27 differs. Expected BB; Found BM
Value at index 28 differs. Expected BC; Found CT
Value at index 29 differs. Expected BD; Found BI
Value at index 30 differs. Expected BE; Found CD
Value at index 31 differs. Expected BF; Found BV
Value at index 33 differs. Expected BH; Found CO
Value at index 34 differs. Expected BI; Found BT
Value at index 35 differs. Expected BJ; Found FI
Value at index 37 differs. Expected BL; Found DI
Value at index 38 differs. Expected BM; Found BB
Value at index 40 differs. Expected BO; Found AY
Value at index 41 differs. Expected BP; Found ED
Value at index 44 differs. Expected BS; Found DO
Value at index 45 differs. Expected BT; Found EA
Value at index 47 differs. Expected BV; Found EF
Value at index 48 differs. Expected BW; Found AS
Value at index 51 differs. Expected BZ; Found CC
Value at index 52 differs. Expected CA; Found EI
Value at index 53 differs. Expected CB; Found CP
Value at index 54 differs. Expected CC; Found FR
Value at index 55 differs. Expected CD; Found DJ
Value at index 56 differs. Expected CE; Found EP
Value at index 59 differs. Expected CH; Found FP
Value at index 63 differs. Expected CL; Found AV
Value at index 64 differs. Expected CM; Found DR
Value at index 66 differs. Expected CO; Found DD
Value at index 67 differs. Expected CP; Found ER
Value at index 68 differs. Expected CQ; Found FS
Value at index 71 differs. Expected CT; Found BC
Value at index 72 differs. Expected CU; Found CH
Value at index 73 differs. Expected CV; Found FL
Value at index 75 differs. Expected CX; Found DM
Value at index 76 differs. Expected CY; Found BS
Value at index 78 differs. Expected DA; Found BP
Value at index 79 differs. Expected DB; Found DP
Value at index 80 differs. Expected DC; Found AM
Value at index 81 differs. Expected DD; Found FF
Value at index 82 differs. Expected DE; Found DT
Value at index 83 differs. Expected DF; Found DV
Value at index 85 differs. Expected DH; Found AA
Value at index 86 differs. Expected DI; Found EZ
Value at index 87 differs. Expected DJ; Found BA
Value at index 89 differs. Expected DL; Found EU
Value at index 90 differs. Expected DM; Found CX
Value at index 92 differs. Expected DO; Found EC
Value at index 93 differs. Expected DP; Found ES
Value at index 94 differs. Expected DQ; Found EB
Value at index 95 differs. Expected DR; Found CM
Value at index 97 differs. Expected DT; Found CU
Value at index 99 differs. Expected DV; Found DF
Value at index 101 differs. Expected DX; Found DZ
Value at index 102 differs. Expected DY; Found DH
Value at index 103 differs. Expected DZ; Found FM
Value at index 104 differs. Expected EA; Found BD
Value at index 105 differs. Expected EB; Found DQ
Value at index 106 differs. Expected EC; Found FE
Value at index 107 differs. Expected ED; Found DA
Value at index 108 differs. Expected EE; Found FC
Value at index 109 differs. Expected EF; Found EY
Value at index 112 differs. Expected EI; Found CA
Value at index 115 differs. Expected EL; Found FH
Value at index 116 differs. Expected EM; Found AF
Value at index 118 differs. Expected EO; Found BZ
Value at index 119 differs. Expected EP; Found CE
Value at index 121 differs. Expected ER; Found ET
Value at index 122 differs. Expected ES; Found FD
Value at index 123 differs. Expected ET; Found FO
Value at index 124 differs. Expected EU; Found EL
Value at index 128 differs. Expected EY; Found EO
Value at index 129 differs. Expected EZ; Found BL
Value at index 130 differs. Expected FA; Found DC
Value at index 131 differs. Expected FB; Found BO
Value at index 132 differs. Expected FC; Found EE
Value at index 133 differs. Expected FD; Found DB
Value at index 134 differs. Expected FE; Found CY
Value at index 135 differs. Expected FF; Found BH
Value at index 136 differs. Expected FG; Found BF
Value at index 137 differs. Expected FH; Found AE
Value at index 138 differs. Expected FI; Found BJ
Value at index 140 differs. Expected FK; Found AP
Value at index 141 differs. Expected FL; Found CV
Value at index 142 differs. Expected FM; Found DX
Value at index 144 differs. Expected FO; Found AU
Value at index 145 differs. Expected FP; Found AR
Value at index 147 differs. Expected FR; Found FG
Value at index 148 differs. Expected FS; Found AI

