Invalid read count. Expected: 108; Found: 18
Invalid write count. Expected: 18; Found: 0
Value at index 0 differs. Expected A; Found E
Value at index 2 differs. Expected C; Found F
Value at index 4 differs. Expected E; Found A
Value at index 5 differs. Expected F; Found H
Value at index 6 differs. Expected G; Found J
Value at index 7 differs. Expected H; Found C
Value at index 9 differs. Expected J; Found G

Invalid read count. Expected: 22,648; Found: 298
Invalid write count. Expected: 298; Found: 0
Value at index 0 differs. Expected AA; Found AG
Value at index 3 differs. Expected AD; Found CH
Value at index 5 differs. Expected AF; Found EA
Value at index 6 differs. Expected AG; Found AA
Value at index 7 differs. Expected AH; Found BJ
Value at index 8 differs. Expected AI; Found CN
Value at index 10 differs. Expected AK; Found CJ
Value at index 11 differs. Expected AL; Found EC
Value at index 12 differs. Expected AM; Found ES
Value at index 14 differs. Expected AO; Found CT
Value at index 16 differs. Expected AQ; Found EL
Value at index 18 differs. Expected AS; Found EK
Value at index 19 differs. Expected AT; Found AK
Value at index 20 differs. Expected AU; Found BR
Value at index 21 differs. Expected AV; Found FN
Value at index 24 differs. Expected AY; Found EY
Value at index 26 differs. Expected BA; Found DP
Value at index 27 differs. Expected BB; Found AQ
Value at index 31 differs. Expected BF; Found FK
Value at index 34 differs. Expected BI; Found DE
Value at index 35 differs. Expected BJ; Found AO
Value at index 36 differs. Expected BK; Found CC
Value at index 37 differs. Expected BL; Found EH
Value at index 39 differs. Expected BN; Found EZ
Value at index 40 differs. Expected BO; Found DA
Value at index 41 differs. Expected BP; Found ED
Value at index 42 differs. Expected BQ; Found EM
Value at index 43 differs. Expected BR; Found AU
Value at index 44 differs. Expected BS; Found DC
Value at index 45 differs. Expected BT; Found DK
Value at index 47 differs. Expected BV; Found FR
Value at index 48 differs. Expected BW; Found DQ
Value at index 49 differs. Expected BX; Found BA
Value at index 51 differs. Expected BZ; Found EU
Value at index 52 differs. Expected CA; Found DN
Value at index 53 differs. Expected CB; Found CG
Value at index 54 differs. Expected CC; Found CE
Value at index 56 differs. Expected CE; Found BK
Value at index 58 differs. Expected CG; Found CA
Value at index 59 differs. Expected CH; Found AI
Value at index 61 differs. Expected CJ; Found AT
Value at index 63 differs. Expected CL; Found CX
Value at index 64 differs. Expected CM; Found CB
Value at index 65 differs. Expected CN; Found FI
Value at index 67 differs. Expected CP; Found DV
Value at index 68 differs. Expected CQ; Found CR
Value at index 69 differs. Expected CR; Found CQ
Value at index 70 differs. Expected CS; Found FO
Value at index 71 differs. Expected CT; Found FL
Value at index 72 differs. Expected CU; Found ER
Value at index 73 differs. Expected CV; Found DS
Value at index 74 differs. Expected CW; Found BN
Value at index 75 differs. Expected CX; Found FH
Value at index 76 differs. Expected CY; Found DY
Value at index 77 differs. Expected CZ; Found FE
Value at index 78 differs. Expected DA; Found DF
Value at index 80 differs. Expected DC; Found BS
Value at index 81 differs. Expected DD; Found CS
Value at index 82 differs. Expected DE; Found BI
Value at index 83 differs. Expected DF; Found EJ
Value at index 86 differs. Expected DI; Found BQ
Value at index 87 differs. Expected DJ; Found AS
Value at index 88 differs. Expected DK; Found BT
Value at index 89 differs. Expected DL; Found DJ
Value at index 91 differs. Expected DN; Found CM
Value at index 93 differs. Expected DP; Found CU
Value at index 94 differs. Expected DQ; Found BW
Value at index 95 differs. Expected DR; Found AF
Value at index 96 differs. Expected DS; Found CV
Value at index 99 differs. Expected DV; Found BF
Value at index 100 differs. Expected DW; Found CY
Value at index 102 differs. Expected DY; Found DW
Value at index 103 differs. Expected DZ; Found FS
Value at index 104 differs. Expected EA; Found FT
Value at index 106 differs. Expected EC; Found AL
Value at index 107 differs. Expected ED; Found BP
Value at index 109 differs. Expected EF; Found DI
Value at index 111 differs. Expected EH; Found BL
Value at index 113 differs. Expected EJ; Found AD
Value at index 114 differs. Expected EK; Found DL
Value at index 115 differs. Expected EL; Found BB
Value at index 116 differs. Expected EM; Found EF
Value at index 118 differs. Expected EO; Found FQ
Value at index 121 differs. Expected ER; Found CP
Value at index 122 differs. Expected ES; Found EV
Value at index 123 differs. Expected ET; Found CZ
Value at index 124 differs. Expected EU; Found BZ
Value at index 125 differs. Expected EV; Found AM
Value at index 128 differs. Expected EY; Found DR
Value at index 129 differs. Expected EZ; Found FB
Value at index 131 differs. Expected FB; Found DD
Value at index 134 differs. Expected FE; Found ET
Value at index 137 differs. Expected FH; Found CL
Value at index 138 differs. Expected FI; Found BO
Value at index 140 differs. Expected FK; Found BX
Value at index 141 differs. Expected FL; Found AH
Value at index 143 differs. Expected FN; Found AV
Value at index 144 differs. Expected FO; Found CW
Value at index 146 differs. Expected FQ; Found EO
Value at index 147 differs. Expected FR; Found DZ
Value at index 148 differs. Expected FS; Found BV
Value at index 149 differs. Expected FT; Found AY

