Invalid read count. Expected: 108; Found: 84
Invalid write count. Expected: 18; Found: 30
Value at index 0 differs. Expected A; Found C
Value at index 1 differs. Expected B; Found C
Value at index 2 differs. Expected C; Found F
Value at index 7 differs. Expected H; Found I

Invalid read count. Expected: 22 648; Found: 14 736
Invalid write count. Expected: 298; Found: 3 412
Value at index 2 differs. Expected AC; Found AH
Value at index 3 differs. Expected AD; Found AB
Value at index 5 differs. Expected AF; Found AB
Value at index 6 differs. Expected AG; Found AB
Value at index 8 differs. Expected AI; Found AH
Value at index 10 differs. Expected AK; Found DA
Value at index 11 differs. Expected AL; Found AH
Value at index 13 differs. Expected AN; Found AH
Value at index 14 differs. Expected AO; Found AH
Value at index 15 differs. Expected AP; Found AH
Value at index 16 differs. Expected AQ; Found AH
Value at index 17 differs. Expected AR; Found DA
Value at index 18 differs. Expected AS; Found AH
Value at index 19 differs. Expected AT; Found AH
Value at index 21 differs. Expected AV; Found AH
Value at index 22 differs. Expected AW; Found DA
Value at index 24 differs. Expected AY; Found AH
Value at index 25 differs. Expected AZ; Found AH
Value at index 27 differs. Expected BB; Found AH
Value at index 28 differs. Expected BC; Found DA
Value at index 30 differs. Expected BE; Found AH
Value at index 31 differs. Expected BF; Found AH
Value at index 32 differs. Expected BG; Found DA
Value at index 35 differs. Expected BJ; Found DA
Value at index 36 differs. Expected BK; Found AH
Value at index 37 differs. Expected BL; Found AH
Value at index 39 differs. Expected BN; Found AH
Value at index 40 differs. Expected BO; Found AH
Value at index 41 differs. Expected BP; Found AH
Value at index 42 differs. Expected BQ; Found AH
Value at index 44 differs. Expected BS; Found AH
Value at index 45 differs. Expected BT; Found AH
Value at index 46 differs. Expected BU; Found AH
Value at index 47 differs. Expected BV; Found DA
Value at index 48 differs. Expected BW; Found AH
Value at index 49 differs. Expected BX; Found AH
Value at index 50 differs. Expected BY; Found AH
Value at index 53 differs. Expected CB; Found AH
Value at index 54 differs. Expected CC; Found AH
Value at index 55 differs. Expected CD; Found AH
Value at index 56 differs. Expected CE; Found AH
Value at index 57 differs. Expected CF; Found AH
Value at index 58 differs. Expected CG; Found AH
Value at index 59 differs. Expected CH; Found DA
Value at index 60 differs. Expected CI; Found AH
Value at index 62 differs. Expected CK; Found DA
Value at index 63 differs. Expected CL; Found AH
Value at index 64 differs. Expected CM; Found AH
Value at index 65 differs. Expected CN; Found AH
Value at index 66 differs. Expected CO; Found AH
Value at index 67 differs. Expected CP; Found DA
Value at index 68 differs. Expected CQ; Found AH
Value at index 69 differs. Expected CR; Found DA
Value at index 71 differs. Expected CT; Found AH
Value at index 72 differs. Expected CU; Found AH
Value at index 74 differs. Expected CW; Found AH
Value at index 75 differs. Expected CX; Found DA
Value at index 77 differs. Expected CZ; Found AH
Value at index 78 differs. Expected DA; Found AH
Value at index 79 differs. Expected DB; Found AH
Value at index 80 differs. Expected DC; Found AH
Value at index 81 differs. Expected DD; Found AH
Value at index 82 differs. Expected DE; Found AH
Value at index 83 differs. Expected DF; Found AH
Value at index 84 differs. Expected DG; Found AH
Value at index 85 differs. Expected DH; Found AH
Value at index 86 differs. Expected DI; Found AH
Value at index 87 differs. Expected DJ; Found AH
Value at index 88 differs. Expected DK; Found AH
Value at index 89 differs. Expected DL; Found AB
Value at index 90 differs. Expected DM; Found AH
Value at index 91 differs. Expected DN; Found AH
Value at index 92 differs. Expected DO; Found AH
Value at index 93 differs. Expected DP; Found AH
Value at index 94 differs. Expected DQ; Found AH
Value at index 95 differs. Expected DR; Found AH
Value at index 96 differs. Expected DS; Found AH
Value at index 97 differs. Expected DT; Found AH
Value at index 98 differs. Expected DU; Found AH
Value at index 99 differs. Expected DV; Found AH
Value at index 100 differs. Expected DW; Found AH
Value at index 101 differs. Expected DX; Found AH
Value at index 102 differs. Expected DY; Found AH
Value at index 103 differs. Expected DZ; Found AB
Value at index 104 differs. Expected EA; Found AH
Value at index 105 differs. Expected EB; Found AH
Value at index 106 differs. Expected EC; Found AH
Value at index 108 differs. Expected EE; Found AH
Value at index 109 differs. Expected EF; Found AH
Value at index 110 differs. Expected EG; Found AH
Value at index 111 differs. Expected EH; Found AH
Value at index 112 differs. Expected EI; Found AH
Value at index 113 differs. Expected EJ; Found AH
Value at index 114 differs. Expected EK; Found AH
Value at index 115 differs. Expected EL; Found AH
Value at index 116 differs. Expected EM; Found AH
Value at index 117 differs. Expected EN; Found AH
Value at index 118 differs. Expected EO; Found AH
Value at index 119 differs. Expected EP; Found AH
Value at index 120 differs. Expected EQ; Found AH
Value at index 121 differs. Expected ER; Found AH
Value at index 122 differs. Expected ES; Found AH
Value at index 123 differs. Expected ET; Found AH
Value at index 124 differs. Expected EU; Found AH
Value at index 125 differs. Expected EV; Found AH
Value at index 126 differs. Expected EW; Found AH
Value at index 127 differs. Expected EX; Found AH
Value at index 128 differs. Expected EY; Found AH
Value at index 129 differs. Expected EZ; Found AH
Value at index 130 differs. Expected FA; Found AH
Value at index 131 differs. Expected FB; Found AH
Value at index 132 differs. Expected FC; Found AH
Value at index 133 differs. Expected FD; Found AH
Value at index 134 differs. Expected FE; Found AH
Value at index 135 differs. Expected FF; Found AH
Value at index 136 differs. Expected FG; Found AH
Value at index 137 differs. Expected FH; Found AH
Value at index 138 differs. Expected FI; Found AH
Value at index 139 differs. Expected FJ; Found AH
Value at index 140 differs. Expected FK; Found AH
Value at index 141 differs. Expected FL; Found AH
Value at index 142 differs. Expected FM; Found AH
Value at index 143 differs. Expected FN; Found AH
Value at index 144 differs. Expected FO; Found AH
Value at index 145 differs. Expected FP; Found AH
Value at index 146 differs. Expected FQ; Found AH
Value at index 147 differs. Expected FR; Found AH
Value at index 148 differs. Expected FS; Found DA

