Invalid read count. Expected: 108; Found: 0
Invalid write count. Expected: 18; Found: 0
Value at index 7 differs. Expected H; Found J
Value at index 9 differs. Expected J; Found H

Invalid read count. Expected: 22 648; Found: 0
Invalid write count. Expected: 298; Found: 0
Value at index 0 differs. Expected AA; Found EQ
Value at index 2 differs. Expected AC; Found BS
Value at index 5 differs. Expected AF; Found DN
Value at index 6 differs. Expected AG; Found DG
Value at index 8 differs. Expected AI; Found EU
Value at index 9 differs. Expected AJ; Found BA
Value at index 10 differs. Expected AK; Found AM
Value at index 11 differs. Expected AL; Found BT
Value at index 12 differs. Expected AM; Found BP
Value at index 14 differs. Expected AO; Found FD
Value at index 15 differs. Expected AP; Found FT
Value at index 16 differs. Expected AQ; Found CP
Value at index 17 differs. Expected AR; Found CT
Value at index 18 differs. Expected AS; Found CY
Value at index 20 differs. Expected AU; Found DA
Value at index 21 differs. Expected AV; Found DO
Value at index 22 differs. Expected AW; Found AS
Value at index 25 differs. Expected AZ; Found CR
Value at index 26 differs. Expected BA; Found CK
Value at index 27 differs. Expected BB; Found BC
Value at index 28 differs. Expected BC; Found BB
Value at index 31 differs. Expected BF; Found BR
Value at index 32 differs. Expected BG; Found EL
Value at index 33 differs. Expected BH; Found BF
Value at index 34 differs. Expected BI; Found DS
Value at index 35 differs. Expected BJ; Found DQ
Value at index 36 differs. Expected BK; Found EC
Value at index 38 differs. Expected BM; Found BJ
Value at index 40 differs. Expected BO; Found EI
Value at index 41 differs. Expected BP; Found FK
Value at index 42 differs. Expected BQ; Found BO
Value at index 43 differs. Expected BR; Found ET
Value at index 44 differs. Expected BS; Found DV
Value at index 45 differs. Expected BT; Found FP
Value at index 51 differs. Expected BZ; Found CE
Value at index 52 differs. Expected CA; Found DK
Value at index 53 differs. Expected CB; Found EW
Value at index 54 differs. Expected CC; Found CX
Value at index 55 differs. Expected CD; Found DU
Value at index 56 differs. Expected CE; Found DD
Value at index 57 differs. Expected CF; Found DX
Value at index 58 differs. Expected CG; Found CN
Value at index 61 differs. Expected CJ; Found BQ
Value at index 62 differs. Expected CK; Found AJ
Value at index 63 differs. Expected CL; Found AI
Value at index 65 differs. Expected CN; Found CG
Value at index 67 differs. Expected CP; Found AQ
Value at index 69 differs. Expected CR; Found AZ
Value at index 71 differs. Expected CT; Found FR
Value at index 72 differs. Expected CU; Found CW
Value at index 74 differs. Expected CW; Found DC
Value at index 75 differs. Expected CX; Found CC
Value at index 76 differs. Expected CY; Found AW
Value at index 77 differs. Expected CZ; Found EA
Value at index 78 differs. Expected DA; Found AG
Value at index 80 differs. Expected DC; Found CU
Value at index 81 differs. Expected DD; Found BZ
Value at index 83 differs. Expected DF; Found EP
Value at index 84 differs. Expected DG; Found BG
Value at index 85 differs. Expected DH; Found FI
Value at index 86 differs. Expected DI; Found ES
Value at index 88 differs. Expected DK; Found DZ
Value at index 90 differs. Expected DM; Found FM
Value at index 91 differs. Expected DN; Found DT
Value at index 92 differs. Expected DO; Found EB
Value at index 94 differs. Expected DQ; Found AP
Value at index 95 differs. Expected DR; Found BK
Value at index 96 differs. Expected DS; Found DW
Value at index 97 differs. Expected DT; Found FJ
Value at index 98 differs. Expected DU; Found AA
Value at index 99 differs. Expected DV; Found FG
Value at index 100 differs. Expected DW; Found EO
Value at index 101 differs. Expected DX; Found AL
Value at index 103 differs. Expected DZ; Found CA
Value at index 104 differs. Expected EA; Found DR
Value at index 105 differs. Expected EB; Found AV
Value at index 106 differs. Expected EC; Found CZ
Value at index 110 differs. Expected EG; Found EH
Value at index 111 differs. Expected EH; Found EV
Value at index 112 differs. Expected EI; Found AU
Value at index 115 differs. Expected EL; Found FC
Value at index 117 differs. Expected EN; Found FE
Value at index 118 differs. Expected EO; Found BI
Value at index 119 differs. Expected EP; Found DF
Value at index 120 differs. Expected EQ; Found FQ
Value at index 121 differs. Expected ER; Found FS
Value at index 122 differs. Expected ES; Found DI
Value at index 123 differs. Expected ET; Found BH
Value at index 124 differs. Expected EU; Found DM
Value at index 125 differs. Expected EV; Found BM
Value at index 126 differs. Expected EW; Found FH
Value at index 127 differs. Expected EX; Found EZ
Value at index 129 differs. Expected EZ; Found EX
Value at index 132 differs. Expected FC; Found AO
Value at index 133 differs. Expected FD; Found AC
Value at index 134 differs. Expected FE; Found EN
Value at index 136 differs. Expected FG; Found CJ
Value at index 137 differs. Expected FH; Found CB
Value at index 138 differs. Expected FI; Found DH
Value at index 139 differs. Expected FJ; Found AF
Value at index 140 differs. Expected FK; Found AK
Value at index 142 differs. Expected FM; Found CL
Value at index 145 differs. Expected FP; Found CF
Value at index 146 differs. Expected FQ; Found CD
Value at index 147 differs. Expected FR; Found AR
Value at index 148 differs. Expected FS; Found ER
Value at index 149 differs. Expected FT; Found EG

