Invalid read count. Expected: 108; Found: 18
Value at index 0 differs. Expected A; Found D
Value at index 1 differs. Expected B; Found E
Value at index 2 differs. Expected C; Found G
Value at index 3 differs. Expected D; Found A
Value at index 4 differs. Expected E; Found B
Value at index 6 differs. Expected G; Found C
Value at index 7 differs. Expected H; Found J
Value at index 9 differs. Expected J; Found H

Invalid read count. Expected: 22 648; Found: 298
Value at index 1 differs. Expected AB; Found AF
Value at index 2 differs. Expected AC; Found AT
Value at index 4 differs. Expected AE; Found CQ
Value at index 5 differs. Expected AF; Found DZ
Value at index 7 differs. Expected AH; Found FD
Value at index 9 differs. Expected AJ; Found BX
Value at index 10 differs. Expected AK; Found DO
Value at index 12 differs. Expected AM; Found EG
Value at index 17 differs. Expected AR; Found EO
Value at index 18 differs. Expected AS; Found AZ
Value at index 19 differs. Expected AT; Found AC
Value at index 20 differs. Expected AU; Found CZ
Value at index 21 differs. Expected AV; Found BL
Value at index 22 differs. Expected AW; Found DT
Value at index 23 differs. Expected AX; Found FK
Value at index 25 differs. Expected AZ; Found EV
Value at index 26 differs. Expected BA; Found DB
Value at index 28 differs. Expected BC; Found EL
Value at index 29 differs. Expected BD; Found DK
Value at index 32 differs. Expected BG; Found DI
Value at index 33 differs. Expected BH; Found EA
Value at index 34 differs. Expected BI; Found ES
Value at index 35 differs. Expected BJ; Found EZ
Value at index 36 differs. Expected BK; Found BY
Value at index 37 differs. Expected BL; Found AV
Value at index 38 differs. Expected BM; Found BW
Value at index 41 differs. Expected BP; Found CL
Value at index 43 differs. Expected BR; Found AM
Value at index 45 differs. Expected BT; Found CD
Value at index 46 differs. Expected BU; Found CU
Value at index 47 differs. Expected BV; Found FO
Value at index 48 differs. Expected BW; Found EN
Value at index 49 differs. Expected BX; Found AS
Value at index 50 differs. Expected BY; Found BK
Value at index 51 differs. Expected BZ; Found EM
Value at index 52 differs. Expected CA; Found AJ
Value at index 55 differs. Expected CD; Found BT
Value at index 59 differs. Expected CH; Found FN
Value at index 61 differs. Expected CJ; Found FB
Value at index 62 differs. Expected CK; Found DU
Value at index 63 differs. Expected CL; Found BP
Value at index 65 differs. Expected CN; Found BZ
Value at index 67 differs. Expected CP; Found EP
Value at index 68 differs. Expected CQ; Found DW
Value at index 69 differs. Expected CR; Found DX
Value at index 70 differs. Expected CS; Found CT
Value at index 71 differs. Expected CT; Found EI
Value at index 72 differs. Expected CU; Found BU
Value at index 73 differs. Expected CV; Found DE
Value at index 75 differs. Expected CX; Found DC
Value at index 76 differs. Expected CY; Found ER
Value at index 77 differs. Expected CZ; Found EB
Value at index 78 differs. Expected DA; Found FT
Value at index 79 differs. Expected DB; Found DD
Value at index 80 differs. Expected DC; Found CX
Value at index 81 differs. Expected DD; Found BA
Value at index 82 differs. Expected DE; Found FR
Value at index 85 differs. Expected DH; Found BD
Value at index 86 differs. Expected DI; Found BG
Value at index 87 differs. Expected DJ; Found CA
Value at index 88 differs. Expected DK; Found DH
Value at index 89 differs. Expected DL; Found AE
Value at index 92 differs. Expected DO; Found AK
Value at index 94 differs. Expected DQ; Found CJ
Value at index 95 differs. Expected DR; Found CY
Value at index 97 differs. Expected DT; Found AW
Value at index 98 differs. Expected DU; Found FH
Value at index 100 differs. Expected DW; Found DY
Value at index 101 differs. Expected DX; Found CR
Value at index 102 differs. Expected DY; Found EE
Value at index 103 differs. Expected DZ; Found AB
Value at index 104 differs. Expected EA; Found DJ
Value at index 105 differs. Expected EB; Found AU
Value at index 107 differs. Expected ED; Found ET
Value at index 108 differs. Expected EE; Found FI
Value at index 110 differs. Expected EG; Found EJ
Value at index 112 differs. Expected EI; Found CS
Value at index 113 differs. Expected EJ; Found BI
Value at index 115 differs. Expected EL; Found BC
Value at index 116 differs. Expected EM; Found CN
Value at index 117 differs. Expected EN; Found BM
Value at index 118 differs. Expected EO; Found AR
Value at index 119 differs. Expected EP; Found BV
Value at index 120 differs. Expected EQ; Found EU
Value at index 121 differs. Expected ER; Found DR
Value at index 122 differs. Expected ES; Found CP
Value at index 123 differs. Expected ET; Found FL
Value at index 124 differs. Expected EU; Found EQ
Value at index 125 differs. Expected EV; Found BH
Value at index 129 differs. Expected EZ; Found BJ
Value at index 131 differs. Expected FB; Found CK
Value at index 133 differs. Expected FD; Found FS
Value at index 137 differs. Expected FH; Found AX
Value at index 138 differs. Expected FI; Found DL
Value at index 140 differs. Expected FK; Found DQ
Value at index 141 differs. Expected FL; Found ED
Value at index 143 differs. Expected FN; Found CH
Value at index 144 differs. Expected FO; Found FQ
Value at index 146 differs. Expected FQ; Found BR
Value at index 147 differs. Expected FR; Found CV
Value at index 148 differs. Expected FS; Found AH
Value at index 149 differs. Expected FT; Found DA

