The turtle Hawksbill is not heading to the right direction.  There is 143 shapes, but only 5 shapes were expected
Superflous shapes in your solution:
   Line (x50,000 y99,128 / x50,000 y200,000 / black) 
   Line (x50,000 y100,000 / x51,001 y109,527 / black) 
   Line (x50,015 y98,256 / x51,183 y88,747 / black) 
   Line (x51,001 y109,527 / x52,056 y113,758 / black) 
   Line (x51,183 y88,747 / x52,311 y84,536 / black) 
   Line (x52,056 y113,758 / x53,163 y117,066 / black) 
   Line (x52,311 y84,536 / x53,475 y81,248 / black) 
   Line (x53,163 y117,066 / x54,498 y120,288 / black) 
   Line (x53,475 y81,248 / x54,498 y78,839 / black) 
   Line (x54,498 y78,839 / x55,645 y76,488 / black) 
   Line (x54,498 y120,288 / x55,645 y122,640 / black) 
   Line (x55,645 y76,488 / x56,913 y74,200 / black) 
   Line (x55,645 y122,640 / x56,913 y124,928 / black) 
   Line (x56,913 y74,200 / x58,300 y71,981 / black) 
   Line (x56,913 y124,928 / x58,300 y127,147 / black) 
   Line (x58,300 y71,981 / x59,800 y69,837 / black) 
   Line (x58,300 y127,147 / x59,800 y129,290 / black) 
   Line (x59,800 y69,837 / x60,862 y68,454 / black) 
   Line (x59,800 y129,290 / x60,862 y130,674 / black) 
   Line (x60,862 y68,454 / x61,972 y67,108 / black) 
   Line (x60,862 y130,674 / x61,972 y132,020 / black) 
   Line (x61,972 y67,108 / x63,128 y65,801 / black) 
   Line (x61,972 y132,020 / x63,128 y133,327 / black) 
   Line (x63,128 y65,801 / x64,328 y64,536 / black) 
   Line (x63,128 y133,327 / x64,328 y134,592 / black) 
   Line (x64,328 y64,536 / x65,573 y63,313 / black) 
   Line (x64,328 y134,592 / x65,573 y135,815 / black) 
   Line (x65,573 y63,313 / x66,859 y62,135 / black) 
   Line (x65,573 y135,815 / x66,859 y136,993 / black) 
   Line (x66,859 y62,135 / x68,185 y61,002 / black) 
   Line (x66,859 y136,993 / x68,185 y138,126 / black) 
   Line (x68,185 y61,002 / x69,550 y59,916 / black) 
   Line (x68,185 y138,126 / x69,550 y139,212 / black) 
   Line (x69,550 y59,916 / x70,953 y58,878 / black) 
   Line (x69,550 y139,212 / x70,953 y140,250 / black) 
   Line (x70,953 y58,878 / x72,390 y57,890 / black) 
   Line (x70,953 y140,250 / x72,390 y141,238 / black) 
   Line (x72,390 y57,890 / x73,861 y56,953 / black) 
   Line (x72,390 y141,238 / x73,861 y142,175 / black) 
   Line (x73,861 y56,953 / x75,364 y56,068 / black) 
   Line (x73,861 y142,175 / x75,364 y143,060 / black) 
   Line (x75,364 y56,068 / x76,897 y55,235 / black) 
   Line (x75,364 y143,060 / x76,897 y143,893 / black) 
   Line (x76,897 y55,235 / x78,458 y54,457 / black) 
   Line (x76,897 y143,893 / x78,458 y144,671 / black) 
   Line (x78,458 y54,457 / x80,046 y53,734 / black) 
   Line (x78,458 y144,671 / x80,046 y145,394 / black) 
   Line (x80,046 y53,734 / x81,657 y53,066 / black) 
   Line (x80,046 y145,394 / x81,657 y146,062 / black) 
   Line (x81,657 y53,066 / x83,291 y52,455 / black) 
   Line (x81,657 y146,062 / x83,291 y146,673 / black) 
   Line (x83,291 y52,455 / x84,946 y51,902 / black) 
   Line (x83,291 y146,673 / x84,946 y147,226 / black) 
   Line (x84,946 y51,902 / x86,618 y51,406 / black) 
   Line (x84,946 y147,226 / x86,618 y147,722 / black) 
   Line (x86,618 y51,406 / x88,307 y50,969 / black) 
   Line (x86,618 y147,722 / x88,307 y148,158 / black) 
   Line (x88,307 y50,969 / x90,010 y50,592 / black) 
   Line (x88,307 y148,158 / x90,010 y148,536 / black) 
   Line (x90,010 y50,592 / x91,725 y50,274 / black) 
   Line (x90,010 y148,536 / x91,725 y148,854 / black) 
   Line (x91,725 y50,274 / x93,450 y50,016 / black) 
   Line (x91,725 y148,854 / x93,450 y149,112 / black) 
   Line (x93,450 y50,016 / x95,183 y49,819 / black) 
   Line (x93,450 y149,112 / x95,183 y149,309 / black) 
   Line (x95,183 y49,819 / x96,922 y49,682 / black) 
   Line (x95,183 y149,309 / x96,922 y149,446 / black) 
   Line (x96,922 y49,682 / x98,665 y49,606 / black) 
   Line (x96,922 y149,446 / x98,665 y149,522 / black) 
   Line (x98,665 y49,606 / x100,409 y49,591 / black) 
   Line (x98,665 y149,522 / x100,409 y149,537 / black) 
   Line (x100,409 y49,591 / x102,153 y49,636 / black) 
   Line (x100,409 y149,537 / x102,153 y149,492 / black) 
   Line (x102,153 y49,636 / x103,894 y49,743 / black) 
   Line (x102,153 y149,492 / x103,894 y149,385 / black) 
   Line (x103,894 y49,743 / x105,631 y49,910 / black) 
   Line (x103,894 y149,385 / x105,631 y149,218 / black) 
   Line (x105,631 y49,910 / x107,360 y50,138 / black) 
   Line (x105,631 y149,218 / x107,360 y148,990 / black) 
   Line (x107,360 y50,138 / x109,081 y50,425 / black) 
   Line (x107,360 y148,990 / x109,081 y148,702 / black) 
   Line (x109,081 y50,425 / x110,790 y50,773 / black) 
   Line (x109,081 y148,702 / x110,790 y148,355 / black) 
   Line (x110,790 y50,773 / x112,486 y51,180 / black) 
   Line (x110,790 y148,355 / x112,486 y147,947 / black) 
   Line (x112,486 y51,180 / x114,167 y51,647 / black) 
   Line (x112,486 y147,947 / x114,167 y147,481 / black) 
   Line (x114,167 y51,647 / x115,831 y52,171 / black) 
   Line (x114,167 y147,481 / x115,831 y146,957 / black) 
   Line (x115,831 y52,171 / x117,475 y52,753 / black) 
   Line (x115,831 y146,957 / x117,475 y146,374 / black) 
   Line (x117,475 y52,753 / x119,098 y53,393 / black) 
   Line (x117,475 y146,374 / x119,098 y145,735 / black) 
   Line (x119,098 y53,393 / x120,698 y54,088 / black) 
   Line (x119,098 y145,735 / x120,698 y145,039 / black) 
   Line (x120,698 y54,088 / x122,272 y54,839 / black) 
   Line (x120,698 y145,039 / x122,272 y144,288 / black) 
   Line (x122,272 y54,839 / x123,820 y55,645 / black) 
   Line (x122,272 y144,288 / x123,820 y143,483 / black) 
   Line (x123,820 y55,645 / x125,338 y56,504 / black) 
   Line (x123,820 y143,483 / x125,338 y142,624 / black) 
   Line (x125,338 y56,504 / x126,825 y57,415 / black) 
   Line (x125,338 y142,624 / x126,825 y141,713 / black) 
   Line (x126,825 y57,415 / x128,280 y58,378 / black) 
   Line (x126,825 y141,713 / x128,280 y140,750 / black) 
   Line (x128,280 y58,378 / x129,700 y59,391 / black) 
   Line (x128,280 y140,750 / x129,700 y139,737 / black) 
   Line (x129,700 y59,391 / x131,084 y60,453 / black) 
   Line (x129,700 y139,737 / x131,084 y138,675 / black) 
   Line (x131,084 y60,453 / x132,430 y61,562 / black) 
   Line (x131,084 y138,675 / x132,430 y137,565 / black) 
   Line (x132,430 y61,562 / x133,736 y62,718 / black) 
   Line (x132,430 y137,565 / x133,736 y136,410 / black) 
   Line (x133,736 y62,718 / x135,002 y63,919 / black) 
   Line (x133,736 y136,410 / x135,002 y135,209 / black) 
   Line (x135,002 y63,919 / x136,224 y65,163 / black) 
   Line (x135,002 y135,209 / x136,224 y133,965 / black) 
   Line (x136,224 y65,163 / x137,403 y66,449 / black) 
   Line (x136,224 y133,965 / x137,403 y132,679 / black) 
   Line (x137,403 y66,449 / x138,536 y67,776 / black) 
   Line (x137,403 y132,679 / x138,536 y131,352 / black) 
   Line (x138,536 y67,776 / x139,621 y69,141 / black) 
   Line (x138,536 y131,352 / x139,621 y129,987 / black) 
   Line (x139,621 y69,141 / x140,659 y70,543 / black) 
   Line (x139,621 y129,987 / x140,659 y128,585 / black) 
   Line (x140,659 y70,543 / x142,122 y72,712 / black) 
   Line (x140,659 y128,585 / x142,122 y126,416 / black) 
   Line (x142,122 y72,712 / x143,470 y74,955 / black) 
   Line (x142,122 y126,416 / x143,470 y124,173 / black) 
   Line (x143,470 y74,955 / x144,698 y77,265 / black) 
   Line (x143,470 y124,173 / x144,698 y121,863 / black) 
   Line (x144,698 y77,265 / x145,804 y79,636 / black) 
   Line (x144,698 y121,863 / x145,804 y119,491 / black) 
   Line (x145,804 y79,636 / x147,082 y82,882 / black) 
   Line (x145,804 y119,491 / x147,082 y116,246 / black) 
   Line (x147,082 y82,882 / x148,131 y86,209 / black) 
   Line (x147,082 y116,246 / x148,131 y112,919 / black) 
   Line (x148,131 y86,209 / x149,263 y91,316 / black) 
   Line (x148,131 y112,919 / x149,263 y107,812 / black) 
   Line (x149,263 y91,316 / x149,947 y100,000 / black) 
Missing shapes in your solution:
   Line (x50,000 y100,000 / x50,000 y200,000 / black) 
   plm.universe.turtles.Circle@4cf85daf

