The turtle Hawksbill is not heading to the right direction.  There is 139 shapes, but only 5 shapes were expected
Superflous shapes in your solution:
   Line (x50,000 y99,200 / x50,000 y200,000 / black) 
   Line (x50,000 y100,000 / x51,085 y109,521 / black) 
   Line (x50,014 y98,400 / x51,085 y89,679 / black) 
   Line (x51,085 y89,679 / x52,120 y85,816 / black) 
   Line (x51,085 y109,521 / x52,120 y113,384 / black) 
   Line (x52,120 y85,816 / x53,188 y82,801 / black) 
   Line (x52,120 y113,384 / x53,188 y116,399 / black) 
   Line (x53,188 y82,801 / x54,463 y79,867 / black) 
   Line (x53,188 y116,399 / x54,463 y119,333 / black) 
   Line (x54,463 y79,867 / x55,553 y77,728 / black) 
   Line (x54,463 y119,333 / x55,553 y121,472 / black) 
   Line (x55,553 y77,728 / x56,753 y75,650 / black) 
   Line (x55,553 y121,472 / x56,753 y123,550 / black) 
   Line (x56,753 y75,650 / x58,060 y73,638 / black) 
   Line (x56,753 y123,550 / x58,060 y125,562 / black) 
   Line (x58,060 y73,638 / x59,470 y71,696 / black) 
   Line (x58,060 y125,562 / x59,470 y127,504 / black) 
   Line (x59,470 y71,696 / x60,981 y69,831 / black) 
   Line (x59,470 y127,504 / x60,981 y129,369 / black) 
   Line (x60,981 y69,831 / x62,041 y68,633 / black) 
   Line (x60,981 y129,369 / x62,041 y130,567 / black) 
   Line (x62,041 y68,633 / x63,142 y67,472 / black) 
   Line (x62,041 y130,567 / x63,142 y131,728 / black) 
   Line (x63,142 y67,472 / x64,283 y66,351 / black) 
   Line (x63,142 y131,728 / x64,283 y132,849 / black) 
   Line (x64,283 y66,351 / x65,463 y65,270 / black) 
   Line (x64,283 y132,849 / x65,463 y133,930 / black) 
   Line (x65,463 y65,270 / x66,679 y64,231 / black) 
   Line (x65,463 y133,930 / x66,679 y134,969 / black) 
   Line (x66,679 y64,231 / x67,932 y63,235 / black) 
   Line (x66,679 y134,969 / x67,932 y135,965 / black) 
   Line (x67,932 y63,235 / x69,218 y62,283 / black) 
   Line (x67,932 y135,965 / x69,218 y136,917 / black) 
   Line (x69,218 y62,283 / x70,536 y61,377 / black) 
   Line (x69,218 y136,917 / x70,536 y137,823 / black) 
   Line (x70,536 y61,377 / x71,886 y60,517 / black) 
   Line (x70,536 y137,823 / x71,886 y138,683 / black) 
   Line (x71,886 y60,517 / x73,264 y59,705 / black) 
   Line (x71,886 y138,683 / x73,264 y139,495 / black) 
   Line (x73,264 y59,705 / x74,670 y58,942 / black) 
   Line (x73,264 y139,495 / x74,670 y140,258 / black) 
   Line (x74,670 y58,942 / x76,102 y58,228 / black) 
   Line (x74,670 y140,258 / x76,102 y140,972 / black) 
   Line (x76,102 y58,228 / x77,558 y57,565 / black) 
   Line (x76,102 y140,972 / x77,558 y141,635 / black) 
   Line (x77,558 y57,565 / x79,036 y56,952 / black) 
   Line (x77,558 y141,635 / x79,036 y142,248 / black) 
   Line (x79,036 y56,952 / x80,535 y56,392 / black) 
   Line (x79,036 y142,248 / x80,535 y142,808 / black) 
   Line (x80,535 y56,392 / x82,052 y55,884 / black) 
   Line (x80,535 y142,808 / x82,052 y143,316 / black) 
   Line (x82,052 y55,884 / x83,586 y55,430 / black) 
   Line (x82,052 y143,316 / x83,586 y143,770 / black) 
   Line (x83,586 y55,430 / x85,135 y55,029 / black) 
   Line (x83,586 y143,770 / x85,135 y144,171 / black) 
   Line (x85,135 y55,029 / x86,697 y54,683 / black) 
   Line (x85,135 y144,171 / x86,697 y144,517 / black) 
   Line (x86,697 y54,683 / x88,270 y54,391 / black) 
   Line (x86,697 y144,517 / x88,270 y144,809 / black) 
   Line (x88,270 y54,391 / x89,853 y54,155 / black) 
   Line (x88,270 y144,809 / x89,853 y145,045 / black) 
   Line (x89,853 y54,155 / x91,442 y53,974 / black) 
   Line (x89,853 y145,045 / x91,442 y145,226 / black) 
   Line (x91,442 y53,974 / x93,037 y53,848 / black) 
   Line (x91,442 y145,226 / x93,037 y145,352 / black) 
   Line (x93,037 y53,848 / x94,636 y53,779 / black) 
   Line (x93,037 y145,352 / x94,636 y145,421 / black) 
   Line (x94,636 y53,779 / x96,235 y53,765 / black) 
   Line (x94,636 y145,421 / x96,235 y145,435 / black) 
   Line (x96,235 y53,765 / x97,835 y53,806 / black) 
   Line (x96,235 y145,435 / x97,835 y145,394 / black) 
   Line (x97,835 y53,806 / x99,432 y53,904 / black) 
   Line (x97,835 y145,394 / x99,432 y145,296 / black) 
   Line (x99,432 y53,904 / x101,024 y54,057 / black) 
   Line (x99,432 y145,296 / x101,024 y145,143 / black) 
   Line (x101,024 y54,057 / x102,611 y54,266 / black) 
   Line (x101,024 y145,143 / x102,611 y144,934 / black) 
   Line (x102,611 y54,266 / x104,189 y54,530 / black) 
   Line (x102,611 y144,934 / x104,189 y144,670 / black) 
   Line (x104,189 y54,530 / x105,756 y54,849 / black) 
   Line (x104,189 y144,670 / x105,756 y144,351 / black) 
   Line (x105,756 y54,849 / x107,312 y55,223 / black) 
   Line (x105,756 y144,351 / x107,312 y143,977 / black) 
   Line (x107,312 y55,223 / x108,854 y55,650 / black) 
   Line (x107,312 y143,977 / x108,854 y143,550 / black) 
   Line (x108,854 y55,650 / x110,380 y56,131 / black) 
   Line (x108,854 y143,550 / x110,380 y143,069 / black) 
   Line (x110,380 y56,131 / x111,888 y56,666 / black) 
   Line (x110,380 y143,069 / x111,888 y142,534 / black) 
   Line (x111,888 y56,666 / x113,377 y57,252 / black) 
   Line (x111,888 y142,534 / x113,377 y141,948 / black) 
   Line (x113,377 y57,252 / x114,844 y57,890 / black) 
   Line (x113,377 y141,948 / x114,844 y141,310 / black) 
   Line (x114,844 y57,890 / x116,288 y58,579 / black) 
   Line (x114,844 y141,310 / x116,288 y140,621 / black) 
   Line (x116,288 y58,579 / x117,707 y59,317 / black) 
   Line (x116,288 y140,621 / x117,707 y139,883 / black) 
   Line (x117,707 y59,317 / x119,100 y60,105 / black) 
   Line (x117,707 y139,883 / x119,100 y139,095 / black) 
   Line (x119,100 y60,105 / x120,464 y60,941 / black) 
   Line (x119,100 y139,095 / x120,464 y138,259 / black) 
   Line (x120,464 y60,941 / x121,798 y61,824 / black) 
   Line (x120,464 y138,259 / x121,798 y137,376 / black) 
   Line (x121,798 y61,824 / x123,100 y62,753 / black) 
   Line (x121,798 y137,376 / x123,100 y136,447 / black) 
   Line (x123,100 y62,753 / x124,370 y63,727 / black) 
   Line (x123,100 y136,447 / x124,370 y135,473 / black) 
   Line (x124,370 y63,727 / x125,604 y64,745 / black) 
   Line (x124,370 y135,473 / x125,604 y134,455 / black) 
   Line (x125,604 y64,745 / x126,803 y65,805 / black) 
   Line (x125,604 y134,455 / x126,803 y133,395 / black) 
   Line (x126,803 y65,805 / x127,963 y66,907 / black) 
   Line (x126,803 y133,395 / x127,963 y132,293 / black) 
   Line (x127,963 y66,907 / x129,085 y68,048 / black) 
   Line (x127,963 y132,293 / x129,085 y131,152 / black) 
   Line (x129,085 y68,048 / x130,165 y69,227 / black) 
   Line (x129,085 y131,152 / x130,165 y129,973 / black) 
   Line (x130,165 y69,227 / x131,205 y70,444 / black) 
   Line (x130,165 y129,973 / x131,205 y128,756 / black) 
   Line (x131,205 y70,444 / x132,682 y72,335 / black) 
   Line (x131,205 y128,756 / x132,682 y126,865 / black) 
   Line (x132,682 y72,335 / x134,058 y74,301 / black) 
   Line (x132,682 y126,865 / x134,058 y124,899 / black) 
   Line (x134,058 y74,301 / x135,330 y76,336 / black) 
   Line (x134,058 y124,899 / x135,330 y122,864 / black) 
   Line (x135,330 y76,336 / x136,494 y78,435 / black) 
   Line (x135,330 y122,864 / x136,494 y120,765 / black) 
   Line (x136,494 y78,435 / x137,546 y80,592 / black) 
   Line (x136,494 y120,765 / x137,546 y118,608 / black) 
   Line (x137,546 y80,592 / x138,770 y83,547 / black) 
   Line (x137,546 y118,608 / x138,770 y115,653 / black) 
   Line (x138,770 y83,547 / x139,785 y86,582 / black) 
   Line (x138,770 y115,653 / x139,785 y112,618 / black) 
   Line (x139,785 y86,582 / x140,905 y91,247 / black) 
   Line (x139,785 y112,618 / x140,905 y107,953 / black) 
   Line (x140,905 y91,247 / x141,671 y100,000 / black) 
Missing shapes in your solution:
   Line (x50,000 y100,000 / x50,000 y200,000 / black) 
   plm.universe.turtles.Circle@4cf85daf

