The turtle Hawksbill is not heading to the right direction.  There is 290 shapes, but only 5 shapes were expected
Superflous shapes in your solution:
   Line (x50,000 y98,000 / x50,000 y200,000 / black) 
   Line (x50,000 y100,000 / x51,254 y115,938 / black) 
   Line (x50,035 y96,000 / x51,254 y82,062 / black) 
   Line (x51,254 y82,062 / x52,296 y76,154 / black) 
   Line (x51,254 y115,938 / x52,296 y121,846 / black) 
   Line (x52,296 y76,154 / x53,646 y70,308 / black) 
   Line (x52,296 y121,846 / x53,646 y127,692 / black) 
   Line (x53,646 y70,308 / x54,715 y66,454 / black) 
   Line (x53,646 y127,692 / x54,715 y131,546 / black) 
   Line (x54,715 y66,454 / x55,917 y62,639 / black) 
   Line (x54,715 y131,546 / x55,917 y135,361 / black) 
   Line (x55,917 y62,639 / x57,253 y58,869 / black) 
   Line (x55,917 y135,361 / x57,253 y139,131 / black) 
   Line (x57,253 y58,869 / x58,719 y55,147 / black) 
   Line (x57,253 y139,131 / x58,719 y142,853 / black) 
   Line (x58,719 y55,147 / x60,313 y51,479 / black) 
   Line (x58,719 y142,853 / x60,313 y146,521 / black) 
   Line (x60,313 y51,479 / x62,035 y47,869 / black) 
   Line (x60,313 y146,521 / x62,035 y150,131 / black) 
   Line (x62,035 y47,869 / x63,882 y44,321 / black) 
   Line (x62,035 y150,131 / x63,882 y153,679 / black) 
   Line (x63,882 y153,679 / x64,852 y155,428 / black) 
   Line (x63,882 y44,321 / x65,852 y40,840 / black) 
   Line (x64,852 y155,428 / x65,852 y157,160 / black) 
   Line (x65,852 y40,840 / x66,882 y39,125 / black) 
   Line (x65,852 y157,160 / x66,882 y158,875 / black) 
   Line (x66,882 y39,125 / x67,942 y37,429 / black) 
   Line (x66,882 y158,875 / x67,942 y160,571 / black) 
   Line (x67,942 y37,429 / x69,031 y35,752 / black) 
   Line (x67,942 y160,571 / x69,031 y162,248 / black) 
   Line (x69,031 y35,752 / x70,150 y34,094 / black) 
   Line (x69,031 y162,248 / x70,150 y163,906 / black) 
   Line (x70,150 y34,094 / x71,297 y32,455 / black) 
   Line (x70,150 y163,906 / x71,297 y165,545 / black) 
   Line (x71,297 y32,455 / x72,472 y30,837 / black) 
   Line (x71,297 y165,545 / x72,472 y167,163 / black) 
   Line (x72,472 y30,837 / x73,676 y29,240 / black) 
   Line (x72,472 y167,163 / x73,676 y168,760 / black) 
   Line (x73,676 y29,240 / x74,907 y27,664 / black) 
   Line (x73,676 y168,760 / x74,907 y170,336 / black) 
   Line (x74,907 y27,664 / x76,166 y26,110 / black) 
   Line (x74,907 y170,336 / x76,166 y171,890 / black) 
   Line (x76,166 y26,110 / x77,451 y24,578 / black) 
   Line (x76,166 y171,890 / x77,451 y173,422 / black) 
   Line (x77,451 y24,578 / x78,764 y23,068 / black) 
   Line (x77,451 y173,422 / x78,764 y174,932 / black) 
   Line (x78,764 y23,068 / x80,102 y21,582 / black) 
   Line (x78,764 y174,932 / x80,102 y176,418 / black) 
   Line (x80,102 y21,582 / x81,466 y20,119 / black) 
   Line (x80,102 y176,418 / x81,466 y177,881 / black) 
   Line (x81,466 y20,119 / x82,855 y18,681 / black) 
   Line (x81,466 y177,881 / x82,855 y179,319 / black) 
   Line (x82,855 y18,681 / x84,269 y17,266 / black) 
   Line (x82,855 y179,319 / x84,269 y180,734 / black) 
   Line (x84,269 y17,266 / x85,708 y15,877 / black) 
   Line (x84,269 y180,734 / x85,708 y182,123 / black) 
   Line (x85,708 y15,877 / x87,171 y14,513 / black) 
   Line (x85,708 y182,123 / x87,171 y183,487 / black) 
   Line (x87,171 y14,513 / x88,657 y13,175 / black) 
   Line (x87,171 y183,487 / x88,657 y184,825 / black) 
   Line (x88,657 y13,175 / x90,166 y11,863 / black) 
   Line (x88,657 y184,825 / x90,166 y186,137 / black) 
   Line (x90,166 y11,863 / x91,699 y10,577 / black) 
   Line (x90,166 y186,137 / x91,699 y187,423 / black) 
   Line (x91,699 y10,577 / x93,253 y9,319 / black) 
   Line (x91,699 y187,423 / x93,253 y188,681 / black) 
   Line (x93,253 y9,319 / x94,829 y8,087 / black) 
   Line (x93,253 y188,681 / x94,829 y189,913 / black) 
   Line (x94,829 y8,087 / x96,426 y6,884 / black) 
   Line (x94,829 y189,913 / x96,426 y191,116 / black) 
   Line (x96,426 y6,884 / x98,044 y5,708 / black) 
   Line (x96,426 y191,116 / x98,044 y192,292 / black) 
   Line (x98,044 y5,708 / x99,682 y4,561 / black) 
   Line (x98,044 y192,292 / x99,682 y193,439 / black) 
   Line (x99,682 y4,561 / x101,341 y3,443 / black) 
   Line (x99,682 y193,439 / x101,341 y194,557 / black) 
   Line (x101,341 y3,443 / x103,018 y2,353 / black) 
   Line (x101,341 y194,557 / x103,018 y195,647 / black) 
   Line (x103,018 y2,353 / x104,714 y1,293 / black) 
   Line (x103,018 y195,647 / x104,714 y196,707 / black) 
   Line (x104,714 y1,293 / x106,428 y0,263 / black) 
   Line (x104,714 y196,707 / x106,428 y197,737 / black) 
   Line (x106,428 y0,263 / x106,884 y0,000 / black) 
   Line (x106,428 y197,737 / x108,160 y198,737 / black) 
   Line (x106,884 y300,000 / x108,160 y299,263 / black) 
   Line (x108,160 y198,737 / x109,910 y199,706 / black) 
   Line (x108,160 y299,263 / x109,910 y298,294 / black) 
   Line (x109,910 y199,706 / x111,675 y200,645 / black) 
   Line (x109,910 y298,294 / x111,675 y297,355 / black) 
   Line (x111,675 y200,645 / x113,457 y201,553 / black) 
   Line (x111,675 y297,355 / x113,457 y296,447 / black) 
   Line (x113,457 y201,553 / x115,255 y202,430 / black) 
   Line (x113,457 y296,447 / x115,255 y295,570 / black) 
   Line (x115,255 y202,430 / x117,068 y203,275 / black) 
   Line (x115,255 y295,570 / x117,068 y294,725 / black) 
   Line (x117,068 y203,275 / x118,895 y204,089 / black) 
   Line (x117,068 y294,725 / x118,895 y293,911 / black) 
   Line (x118,895 y204,089 / x120,736 y204,870 / black) 
   Line (x118,895 y293,911 / x120,736 y293,130 / black) 
   Line (x120,736 y204,870 / x122,590 y205,619 / black) 
   Line (x120,736 y293,130 / x122,590 y292,381 / black) 
   Line (x122,590 y205,619 / x124,457 y206,336 / black) 
   Line (x122,590 y292,381 / x124,457 y291,664 / black) 
   Line (x124,457 y206,336 / x126,337 y207,020 / black) 
   Line (x124,457 y291,664 / x126,337 y290,980 / black) 
   Line (x126,337 y207,020 / x128,228 y207,671 / black) 
   Line (x126,337 y290,980 / x128,228 y290,329 / black) 
   Line (x128,228 y207,671 / x130,130 y208,289 / black) 
   Line (x128,228 y290,329 / x130,130 y289,711 / black) 
   Line (x130,130 y208,289 / x132,042 y208,874 / black) 
   Line (x130,130 y289,711 / x132,042 y289,126 / black) 
   Line (x132,042 y208,874 / x133,965 y209,425 / black) 
   Line (x132,042 y289,126 / x133,965 y288,575 / black) 
   Line (x133,965 y209,425 / x135,897 y209,943 / black) 
   Line (x133,965 y288,575 / x135,897 y288,057 / black) 
   Line (x135,897 y209,943 / x137,837 y210,427 / black) 
   Line (x135,897 y288,057 / x137,837 y287,573 / black) 
   Line (x137,837 y210,427 / x139,786 y210,877 / black) 
   Line (x137,837 y287,573 / x139,786 y287,123 / black) 
   Line (x139,786 y210,877 / x141,742 y211,293 / black) 
   Line (x139,786 y287,123 / x141,742 y286,707 / black) 
   Line (x141,742 y211,293 / x143,706 y211,674 / black) 
   Line (x141,742 y286,707 / x143,706 y286,326 / black) 
   Line (x143,706 y211,674 / x145,675 y212,021 / black) 
   Line (x143,706 y286,326 / x145,675 y285,979 / black) 
   Line (x145,675 y212,021 / x147,651 y212,334 / black) 
   Line (x145,675 y285,979 / x147,651 y285,666 / black) 
   Line (x147,651 y212,334 / x149,631 y212,613 / black) 
   Line (x147,651 y285,666 / x149,631 y285,387 / black) 
   Line (x149,631 y212,613 / x151,616 y212,856 / black) 
   Line (x149,631 y285,387 / x151,616 y285,144 / black) 
   Line (x151,616 y212,856 / x153,605 y213,065 / black) 
   Line (x151,616 y285,144 / x153,605 y284,935 / black) 
   Line (x153,605 y213,065 / x155,598 y213,240 / black) 
   Line (x153,605 y284,935 / x155,598 y284,760 / black) 
   Line (x155,598 y213,240 / x157,593 y213,379 / black) 
   Line (x155,598 y284,760 / x157,593 y284,621 / black) 
   Line (x157,593 y213,379 / x159,590 y213,484 / black) 
   Line (x157,593 y284,621 / x159,590 y284,516 / black) 
   Line (x159,590 y213,484 / x161,589 y213,554 / black) 
   Line (x159,590 y284,516 / x161,589 y284,446 / black) 
   Line (x161,589 y213,554 / x163,589 y213,589 / black) 
   Line (x161,589 y284,446 / x163,589 y284,411 / black) 
   Line (x163,589 y213,589 / x165,589 y213,589 / black) 
   Line (x163,589 y284,411 / x165,589 y284,411 / black) 
   Line (x165,589 y213,589 / x167,588 y213,554 / black) 
   Line (x165,589 y284,411 / x167,588 y284,446 / black) 
   Line (x167,588 y213,554 / x169,587 y213,484 / black) 
   Line (x167,588 y284,446 / x169,587 y284,516 / black) 
   Line (x169,587 y213,484 / x171,584 y213,379 / black) 
   Line (x169,587 y284,516 / x171,584 y284,621 / black) 
   Line (x171,584 y213,379 / x173,580 y213,240 / black) 
   Line (x171,584 y284,621 / x173,580 y284,760 / black) 
   Line (x173,580 y213,240 / x175,572 y213,065 / black) 
   Line (x173,580 y284,760 / x175,572 y284,935 / black) 
   Line (x175,572 y213,065 / x177,561 y212,856 / black) 
   Line (x175,572 y284,935 / x177,561 y285,144 / black) 
   Line (x177,561 y212,856 / x179,546 y212,613 / black) 
   Line (x177,561 y285,144 / x179,546 y285,387 / black) 
   Line (x179,546 y212,613 / x181,527 y212,334 / black) 
   Line (x179,546 y285,387 / x181,527 y285,666 / black) 
   Line (x181,527 y212,334 / x183,502 y212,021 / black) 
   Line (x181,527 y285,666 / x183,502 y285,979 / black) 
   Line (x183,502 y212,021 / x185,472 y211,674 / black) 
   Line (x183,502 y285,979 / x185,472 y286,326 / black) 
   Line (x185,472 y211,674 / x187,435 y211,293 / black) 
   Line (x185,472 y286,326 / x187,435 y286,707 / black) 
   Line (x187,435 y211,293 / x189,391 y210,877 / black) 
   Line (x187,435 y286,707 / x189,391 y287,123 / black) 
   Line (x189,391 y210,877 / x191,340 y210,427 / black) 
   Line (x189,391 y287,123 / x191,340 y287,573 / black) 
   Line (x191,340 y210,427 / x193,280 y209,943 / black) 
   Line (x191,340 y287,573 / x193,280 y288,057 / black) 
   Line (x193,280 y209,943 / x195,212 y209,425 / black) 
   Line (x193,280 y288,057 / x195,212 y288,575 / black) 
   Line (x195,212 y209,425 / x197,135 y208,874 / black) 
   Line (x195,212 y288,575 / x197,135 y289,126 / black) 
   Line (x197,135 y208,874 / x199,047 y208,289 / black) 
   Line (x197,135 y289,126 / x199,047 y289,711 / black) 
   Line (x199,047 y208,289 / x200,950 y207,671 / black) 
   Line (x199,047 y289,711 / x200,950 y290,329 / black) 
   Line (x200,950 y207,671 / x202,841 y207,020 / black) 
   Line (x200,950 y290,329 / x202,841 y290,980 / black) 
   Line (x202,841 y207,020 / x204,720 y206,336 / black) 
   Line (x202,841 y290,980 / x204,720 y291,664 / black) 
   Line (x204,720 y206,336 / x206,587 y205,619 / black) 
   Line (x204,720 y291,664 / x206,587 y292,381 / black) 
   Line (x206,587 y205,619 / x208,441 y204,870 / black) 
   Line (x206,587 y292,381 / x208,441 y293,130 / black) 
   Line (x208,441 y204,870 / x210,283 y204,089 / black) 
   Line (x208,441 y293,130 / x210,283 y293,911 / black) 
   Line (x210,283 y204,089 / x212,110 y203,275 / black) 
   Line (x210,283 y293,911 / x212,110 y294,725 / black) 
   Line (x212,110 y203,275 / x213,922 y202,430 / black) 
   Line (x212,110 y294,725 / x213,922 y295,570 / black) 
   Line (x213,922 y202,430 / x215,720 y201,553 / black) 
   Line (x213,922 y295,570 / x215,720 y296,447 / black) 
   Line (x215,720 y201,553 / x217,502 y200,645 / black) 
   Line (x215,720 y296,447 / x217,502 y297,355 / black) 
   Line (x217,502 y200,645 / x219,268 y199,706 / black) 
   Line (x217,502 y297,355 / x219,268 y298,294 / black) 
   Line (x219,268 y199,706 / x221,017 y198,737 / black) 
   Line (x219,268 y298,294 / x221,017 y299,263 / black) 
   Line (x221,017 y299,263 / x222,293 y300,000 / black) 
   Line (x221,017 y198,737 / x222,749 y197,737 / black) 
   Line (x222,293 y0,000 / x222,749 y0,263 / black) 
   Line (x222,749 y0,263 / x224,463 y1,293 / black) 
   Line (x222,749 y197,737 / x224,463 y196,707 / black) 
   Line (x224,463 y1,293 / x226,159 y2,353 / black) 
   Line (x224,463 y196,707 / x226,159 y195,647 / black) 
   Line (x226,159 y2,353 / x227,837 y3,443 / black) 
   Line (x226,159 y195,647 / x227,837 y194,557 / black) 
   Line (x227,837 y3,443 / x229,495 y4,561 / black) 
   Line (x227,837 y194,557 / x229,495 y193,439 / black) 
   Line (x229,495 y4,561 / x231,133 y5,708 / black) 
   Line (x229,495 y193,439 / x231,133 y192,292 / black) 
   Line (x231,133 y5,708 / x232,751 y6,884 / black) 
   Line (x231,133 y192,292 / x232,751 y191,116 / black) 
   Line (x232,751 y6,884 / x234,348 y8,087 / black) 
   Line (x232,751 y191,116 / x234,348 y189,913 / black) 
   Line (x234,348 y8,087 / x235,924 y9,319 / black) 
   Line (x234,348 y189,913 / x235,924 y188,681 / black) 
   Line (x235,924 y9,319 / x237,479 y10,577 / black) 
   Line (x235,924 y188,681 / x237,479 y187,423 / black) 
   Line (x237,479 y10,577 / x239,011 y11,863 / black) 
   Line (x237,479 y187,423 / x239,011 y186,137 / black) 
   Line (x239,011 y11,863 / x240,520 y13,175 / black) 
   Line (x239,011 y186,137 / x240,520 y184,825 / black) 
   Line (x240,520 y13,175 / x242,007 y14,513 / black) 
   Line (x240,520 y184,825 / x242,007 y183,487 / black) 
   Line (x242,007 y14,513 / x243,469 y15,877 / black) 
   Line (x242,007 y183,487 / x243,469 y182,123 / black) 
   Line (x243,469 y15,877 / x244,908 y17,266 / black) 
   Line (x243,469 y182,123 / x244,908 y180,734 / black) 
   Line (x244,908 y17,266 / x246,322 y18,681 / black) 
   Line (x244,908 y180,734 / x246,322 y179,319 / black) 
   Line (x246,322 y18,681 / x247,711 y20,119 / black) 
   Line (x246,322 y179,319 / x247,711 y177,881 / black) 
   Line (x247,711 y20,119 / x249,075 y21,582 / black) 
   Line (x247,711 y177,881 / x249,075 y176,418 / black) 
   Line (x249,075 y21,582 / x250,414 y23,068 / black) 
   Line (x249,075 y176,418 / x250,414 y174,932 / black) 
   Line (x250,414 y23,068 / x251,726 y24,578 / black) 
   Line (x250,414 y174,932 / x251,726 y173,422 / black) 
   Line (x251,726 y24,578 / x253,011 y26,110 / black) 
   Line (x251,726 y173,422 / x253,011 y171,890 / black) 
   Line (x253,011 y26,110 / x254,270 y27,664 / black) 
   Line (x253,011 y171,890 / x254,270 y170,336 / black) 
   Line (x254,270 y27,664 / x255,501 y29,240 / black) 
   Line (x254,270 y170,336 / x255,501 y168,760 / black) 
   Line (x255,501 y29,240 / x256,705 y30,837 / black) 
   Line (x255,501 y168,760 / x256,705 y167,163 / black) 
   Line (x256,705 y30,837 / x257,881 y32,455 / black) 
   Line (x256,705 y167,163 / x257,881 y165,545 / black) 
   Line (x257,881 y32,455 / x259,028 y34,094 / black) 
   Line (x257,881 y165,545 / x259,028 y163,906 / black) 
   Line (x259,028 y34,094 / x260,146 y35,752 / black) 
   Line (x259,028 y163,906 / x260,146 y162,248 / black) 
   Line (x260,146 y35,752 / x261,235 y37,429 / black) 
   Line (x260,146 y162,248 / x261,235 y160,571 / black) 
   Line (x261,235 y37,429 / x262,295 y39,125 / black) 
   Line (x261,235 y160,571 / x262,295 y158,875 / black) 
   Line (x262,295 y39,125 / x263,325 y40,840 / black) 
   Line (x262,295 y158,875 / x263,325 y157,160 / black) 
   Line (x263,325 y40,840 / x264,325 y42,572 / black) 
   Line (x263,325 y157,160 / x265,295 y153,679 / black) 
   Line (x264,325 y42,572 / x266,234 y46,087 / black) 
   Line (x265,295 y153,679 / x267,142 y150,131 / black) 
   Line (x266,234 y46,087 / x268,019 y49,666 / black) 
   Line (x267,142 y150,131 / x268,864 y146,521 / black) 
   Line (x268,019 y49,666 / x269,677 y53,306 / black) 
   Line (x268,864 y146,521 / x270,459 y142,853 / black) 
   Line (x269,677 y53,306 / x271,208 y57,002 / black) 
   Line (x270,459 y142,853 / x271,925 y139,131 / black) 
   Line (x271,208 y57,002 / x272,609 y60,748 / black) 
   Line (x271,925 y139,131 / x273,260 y135,361 / black) 
   Line (x272,609 y60,748 / x273,878 y64,541 / black) 
   Line (x273,260 y135,361 / x274,463 y131,546 / black) 
   Line (x273,878 y64,541 / x275,014 y68,376 / black) 
   Line (x274,463 y131,546 / x275,532 y127,692 / black) 
   Line (x275,014 y68,376 / x276,015 y72,249 / black) 
   Line (x275,532 y127,692 / x276,881 y121,846 / black) 
   Line (x276,015 y72,249 / x277,263 y78,117 / black) 
   Line (x276,881 y121,846 / x277,923 y115,938 / black) 
   Line (x277,263 y78,117 / x278,445 y86,028 / black) 
   Line (x277,923 y115,938 / x278,968 y105,996 / black) 
   Line (x278,445 y86,028 / x279,177 y100,000 / black) 
Missing shapes in your solution:
   Line (x50,000 y100,000 / x50,000 y200,000 / black) 
   plm.universe.turtles.Circle@273c0c41

