The turtle Hawksbill is at the right location.  There is 143 shapes, but only 5 shapes were expected
Superflous shapes in your solution:
   Line (x50,000 y100,000 / x200,000 y100,000 / black) 
   Line (x50,308 y99,130 / x51,488 y88,776 / black) 
   Line (x50,308 y100,000 / x51,488 y110,354 / black) 
   Line (x51,488 y88,776 / x52,613 y84,575 / black) 
   Line (x51,488 y110,354 / x52,613 y114,555 / black) 
   Line (x52,613 y84,575 / x53,775 y81,296 / black) 
   Line (x52,613 y114,555 / x53,775 y117,834 / black) 
   Line (x53,775 y81,296 / x54,794 y78,893 / black) 
   Line (x53,775 y117,834 / x54,794 y120,237 / black) 
   Line (x54,794 y78,893 / x55,938 y76,548 / black) 
   Line (x54,794 y120,237 / x55,938 y122,582 / black) 
   Line (x55,938 y76,548 / x57,203 y74,265 / black) 
   Line (x55,938 y122,582 / x57,203 y124,865 / black) 
   Line (x57,203 y74,265 / x58,586 y72,052 / black) 
   Line (x57,203 y124,865 / x58,586 y127,078 / black) 
   Line (x58,586 y72,052 / x60,083 y69,914 / black) 
   Line (x58,586 y127,078 / x60,083 y129,216 / black) 
   Line (x60,083 y69,914 / x61,143 y68,534 / black) 
   Line (x60,083 y129,216 / x61,143 y130,596 / black) 
   Line (x61,143 y68,534 / x62,249 y67,191 / black) 
   Line (x61,143 y130,596 / x62,249 y131,939 / black) 
   Line (x62,249 y67,191 / x63,402 y65,888 / black) 
   Line (x62,249 y131,939 / x63,402 y133,242 / black) 
   Line (x63,402 y65,888 / x64,600 y64,626 / black) 
   Line (x63,402 y133,242 / x64,600 y134,504 / black) 
   Line (x64,600 y64,626 / x65,841 y63,407 / black) 
   Line (x64,600 y134,504 / x65,841 y135,723 / black) 
   Line (x65,841 y63,407 / x67,124 y62,231 / black) 
   Line (x65,841 y135,723 / x67,124 y136,899 / black) 
   Line (x67,124 y62,231 / x68,447 y61,101 / black) 
   Line (x67,124 y136,899 / x68,447 y138,029 / black) 
   Line (x68,447 y61,101 / x69,808 y60,018 / black) 
   Line (x68,447 y138,029 / x69,808 y139,112 / black) 
   Line (x69,808 y60,018 / x71,207 y58,983 / black) 
   Line (x69,808 y139,112 / x71,207 y140,147 / black) 
   Line (x71,207 y58,983 / x72,641 y57,997 / black) 
   Line (x71,207 y140,147 / x72,641 y141,133 / black) 
   Line (x72,641 y57,997 / x74,108 y57,063 / black) 
   Line (x72,641 y141,133 / x74,108 y142,067 / black) 
   Line (x74,108 y57,063 / x75,608 y56,180 / black) 
   Line (x74,108 y142,067 / x75,608 y142,950 / black) 
   Line (x75,608 y56,180 / x77,137 y55,349 / black) 
   Line (x75,608 y142,950 / x77,137 y143,781 / black) 
   Line (x77,137 y55,349 / x78,694 y54,573 / black) 
   Line (x77,137 y143,781 / x78,694 y144,557 / black) 
   Line (x78,694 y54,573 / x80,277 y53,851 / black) 
   Line (x78,694 y144,557 / x80,277 y145,279 / black) 
   Line (x80,277 y53,851 / x81,885 y53,186 / black) 
   Line (x80,277 y145,279 / x81,885 y145,944 / black) 
   Line (x81,885 y53,186 / x83,514 y52,576 / black) 
   Line (x81,885 y145,944 / x83,514 y146,554 / black) 
   Line (x83,514 y52,576 / x85,164 y52,024 / black) 
   Line (x83,514 y146,554 / x85,164 y147,106 / black) 
   Line (x85,164 y52,024 / x86,833 y51,530 / black) 
   Line (x85,164 y147,106 / x86,833 y147,600 / black) 
   Line (x86,833 y51,530 / x88,517 y51,094 / black) 
   Line (x86,833 y147,600 / x88,517 y148,036 / black) 
   Line (x88,517 y51,094 / x90,216 y50,718 / black) 
   Line (x88,517 y148,036 / x90,216 y148,412 / black) 
   Line (x90,216 y50,718 / x91,927 y50,401 / black) 
   Line (x90,216 y148,412 / x91,927 y148,729 / black) 
   Line (x91,927 y50,401 / x93,647 y50,143 / black) 
   Line (x91,927 y148,729 / x93,647 y148,987 / black) 
   Line (x93,647 y50,143 / x95,376 y49,947 / black) 
   Line (x93,647 y148,987 / x95,376 y149,183 / black) 
   Line (x95,376 y49,947 / x97,111 y49,810 / black) 
   Line (x95,376 y149,183 / x97,111 y149,320 / black) 
   Line (x97,111 y49,810 / x98,849 y49,734 / black) 
   Line (x97,111 y149,320 / x98,849 y149,396 / black) 
   Line (x98,849 y49,734 / x100,589 y49,719 / black) 
   Line (x98,849 y149,396 / x100,589 y149,411 / black) 
   Line (x100,589 y49,719 / x102,328 y49,764 / black) 
   Line (x100,589 y149,411 / x102,328 y149,366 / black) 
   Line (x102,328 y49,764 / x104,065 y49,871 / black) 
   Line (x102,328 y149,366 / x104,065 y149,259 / black) 
   Line (x104,065 y49,871 / x105,797 y50,037 / black) 
   Line (x104,065 y149,259 / x105,797 y149,093 / black) 
   Line (x105,797 y50,037 / x107,522 y50,265 / black) 
   Line (x105,797 y149,093 / x107,522 y148,865 / black) 
   Line (x107,522 y50,265 / x109,238 y50,552 / black) 
   Line (x107,522 y148,865 / x109,238 y148,578 / black) 
   Line (x109,238 y50,552 / x110,943 y50,899 / black) 
   Line (x109,238 y148,578 / x110,943 y148,231 / black) 
   Line (x110,943 y50,899 / x112,635 y51,305 / black) 
   Line (x110,943 y148,231 / x112,635 y147,825 / black) 
   Line (x112,635 y51,305 / x114,312 y51,770 / black) 
   Line (x112,635 y147,825 / x114,312 y147,360 / black) 
   Line (x114,312 y51,770 / x115,971 y52,293 / black) 
   Line (x114,312 y147,360 / x115,971 y146,837 / black) 
   Line (x115,971 y52,293 / x117,611 y52,874 / black) 
   Line (x115,971 y146,837 / x117,611 y146,256 / black) 
   Line (x117,611 y52,874 / x119,230 y53,511 / black) 
   Line (x117,611 y146,256 / x119,230 y145,619 / black) 
   Line (x119,230 y53,511 / x120,826 y54,205 / black) 
   Line (x119,230 y145,619 / x120,826 y144,925 / black) 
   Line (x120,826 y54,205 / x122,396 y54,954 / black) 
   Line (x120,826 y144,925 / x122,396 y144,176 / black) 
   Line (x122,396 y54,954 / x123,939 y55,758 / black) 
   Line (x122,396 y144,176 / x123,939 y143,372 / black) 
   Line (x123,939 y55,758 / x125,454 y56,615 / black) 
   Line (x123,939 y143,372 / x125,454 y142,515 / black) 
   Line (x125,454 y56,615 / x126,937 y57,524 / black) 
   Line (x125,454 y142,515 / x126,937 y141,606 / black) 
   Line (x126,937 y57,524 / x128,388 y58,484 / black) 
   Line (x126,937 y141,606 / x128,388 y140,646 / black) 
   Line (x128,388 y58,484 / x129,805 y59,494 / black) 
   Line (x128,388 y140,646 / x129,805 y139,636 / black) 
   Line (x129,805 y59,494 / x131,185 y60,554 / black) 
   Line (x129,805 y139,636 / x131,185 y138,576 / black) 
   Line (x131,185 y60,554 / x132,528 y61,660 / black) 
   Line (x131,185 y138,576 / x132,528 y137,470 / black) 
   Line (x132,528 y61,660 / x133,831 y62,813 / black) 
   Line (x132,528 y137,470 / x133,831 y136,317 / black) 
   Line (x133,831 y62,813 / x135,093 y64,011 / black) 
   Line (x133,831 y136,317 / x135,093 y135,119 / black) 
   Line (x135,093 y64,011 / x136,312 y65,252 / black) 
   Line (x135,093 y135,119 / x136,312 y133,878 / black) 
   Line (x136,312 y65,252 / x137,488 y66,535 / black) 
   Line (x136,312 y133,878 / x137,488 y132,595 / black) 
   Line (x137,488 y66,535 / x138,618 y67,858 / black) 
   Line (x137,488 y132,595 / x138,618 y131,272 / black) 
   Line (x138,618 y67,858 / x139,701 y69,219 / black) 
   Line (x138,618 y131,272 / x139,701 y129,911 / black) 
   Line (x139,701 y69,219 / x140,736 y70,618 / black) 
   Line (x139,701 y129,911 / x140,736 y128,512 / black) 
   Line (x140,736 y70,618 / x142,195 y72,782 / black) 
   Line (x140,736 y128,512 / x142,195 y126,348 / black) 
   Line (x142,195 y72,782 / x143,539 y75,019 / black) 
   Line (x142,195 y126,348 / x143,539 y124,111 / black) 
   Line (x143,539 y75,019 / x144,765 y77,323 / black) 
   Line (x143,539 y124,111 / x144,765 y121,807 / black) 
   Line (x144,765 y77,323 / x145,868 y79,688 / black) 
   Line (x144,765 y121,807 / x145,868 y119,442 / black) 
   Line (x145,868 y79,688 / x147,143 y82,925 / black) 
   Line (x145,868 y119,442 / x147,143 y116,205 / black) 
   Line (x147,143 y82,925 / x148,189 y86,244 / black) 
   Line (x147,143 y116,205 / x148,189 y112,886 / black) 
   Line (x148,189 y86,244 / x149,318 y91,338 / black) 
   Line (x148,189 y112,886 / x149,318 y107,792 / black) 
   Line (x149,318 y91,338 / x150,000 y200,000 / black) 
   Line (x149,318 y107,792 / x150,000 y100,000 / black) 
Missing shapes in your solution:
   Line (x50,000 y100,000 / x150,000 y100,000 / black) 
   Line (x150,000 y100,000 / x150,000 y200,000 / black) 
   plm.universe.turtles.Circle@273c0c41

