The turtle Hawksbill is not heading to the right direction.  There is 114 shapes, but only 5 shapes were expected
Superflous shapes in your solution:
   Line (x50,000 y98,800 / x50,000 y200,000 / black) 
   Line (x50,021 y97,600 / x51,149 y86,870 / black) 
   Line (x51,149 y86,870 / x52,187 y82,185 / black) 
   Line (x52,187 y82,185 / x53,550 y77,583 / black) 
   Line (x53,550 y77,583 / x54,782 y74,201 / black) 
   Line (x54,782 y74,201 / x56,188 y70,887 / black) 
   Line (x56,188 y70,887 / x57,221 y68,721 / black) 
   Line (x57,221 y68,721 / x58,329 y66,593 / black) 
   Line (x58,329 y66,593 / x59,511 y64,504 / black) 
   Line (x59,511 y64,504 / x60,765 y62,458 / black) 
   Line (x60,765 y62,458 / x62,090 y60,456 / black) 
   Line (x62,090 y60,456 / x63,483 y58,502 / black) 
   Line (x63,483 y58,502 / x64,944 y56,599 / black) 
   Line (x64,944 y56,599 / x66,471 y54,747 / black) 
   Line (x66,471 y54,747 / x68,061 y52,949 / black) 
   Line (x68,061 y52,949 / x69,713 y51,208 / black) 
   Line (x69,713 y51,208 / x71,425 y49,526 / black) 
   Line (x71,425 y49,526 / x73,194 y47,905 / black) 
   Line (x73,194 y47,905 / x75,019 y46,346 / black) 
   Line (x75,019 y46,346 / x76,897 y44,852 / black) 
   Line (x76,897 y44,852 / x78,826 y43,425 / black) 
   Line (x78,826 y43,425 / x80,804 y42,066 / black) 
   Line (x80,804 y42,066 / x81,811 y41,412 / black) 
   Line (x81,811 y41,412 / x82,828 y40,776 / black) 
   Line (x82,828 y40,776 / x83,857 y40,158 / black) 
   Line (x83,857 y40,158 / x84,896 y39,558 / black) 
   Line (x84,896 y39,558 / x85,946 y38,976 / black) 
   Line (x85,946 y38,976 / x87,005 y38,413 / black) 
   Line (x87,005 y38,413 / x88,074 y37,868 / black) 
   Line (x88,074 y37,868 / x89,153 y37,342 / black) 
   Line (x89,153 y37,342 / x90,241 y36,835 / black) 
   Line (x90,241 y36,835 / x91,337 y36,347 / black) 
   Line (x91,337 y36,347 / x92,441 y35,878 / black) 
   Line (x92,441 y35,878 / x93,554 y35,428 / black) 
   Line (x93,554 y35,428 / x94,674 y34,998 / black) 
   Line (x94,674 y34,998 / x95,802 y34,588 / black) 
   Line (x95,802 y34,588 / x96,937 y34,197 / black) 
   Line (x96,937 y34,197 / x98,078 y33,826 / black) 
   Line (x98,078 y33,826 / x99,225 y33,476 / black) 
   Line (x99,225 y33,476 / x100,379 y33,145 / black) 
   Line (x100,379 y33,145 / x101,538 y32,834 / black) 
   Line (x101,538 y32,834 / x102,702 y32,544 / black) 
   Line (x102,702 y32,544 / x103,872 y32,274 / black) 
   Line (x103,872 y32,274 / x105,045 y32,024 / black) 
   Line (x105,045 y32,024 / x106,223 y31,796 / black) 
   Line (x106,223 y31,796 / x107,405 y31,587 / black) 
   Line (x107,405 y31,587 / x108,590 y31,399 / black) 
   Line (x108,590 y31,399 / x109,779 y31,232 / black) 
   Line (x109,779 y31,232 / x110,970 y31,086 / black) 
   Line (x110,970 y31,086 / x112,163 y30,961 / black) 
   Line (x112,163 y30,961 / x113,359 y30,856 / black) 
   Line (x113,359 y30,856 / x114,556 y30,772 / black) 
   Line (x114,556 y30,772 / x115,754 y30,710 / black) 
   Line (x115,754 y30,710 / x116,953 y30,668 / black) 
   Line (x116,953 y30,668 / x118,153 y30,647 / black) 
   Line (x118,153 y30,647 / x119,353 y30,647 / black) 
   Line (x119,353 y30,647 / x120,553 y30,668 / black) 
   Line (x120,553 y30,668 / x121,752 y30,710 / black) 
   Line (x121,752 y30,710 / x122,951 y30,772 / black) 
   Line (x122,951 y30,772 / x124,148 y30,856 / black) 
   Line (x124,148 y30,856 / x125,343 y30,961 / black) 
   Line (x125,343 y30,961 / x126,537 y31,086 / black) 
   Line (x126,537 y31,086 / x127,728 y31,232 / black) 
   Line (x127,728 y31,232 / x128,916 y31,399 / black) 
   Line (x128,916 y31,399 / x130,101 y31,587 / black) 
   Line (x130,101 y31,587 / x131,283 y31,796 / black) 
   Line (x131,283 y31,796 / x132,461 y32,024 / black) 
   Line (x132,461 y32,024 / x133,635 y32,274 / black) 
   Line (x133,635 y32,274 / x134,804 y32,544 / black) 
   Line (x134,804 y32,544 / x135,968 y32,834 / black) 
   Line (x135,968 y32,834 / x137,127 y33,145 / black) 
   Line (x137,127 y33,145 / x138,281 y33,476 / black) 
   Line (x138,281 y33,476 / x139,428 y33,826 / black) 
   Line (x139,428 y33,826 / x140,570 y34,197 / black) 
   Line (x140,570 y34,197 / x141,704 y34,588 / black) 
   Line (x141,704 y34,588 / x142,832 y34,998 / black) 
   Line (x142,832 y34,998 / x143,952 y35,428 / black) 
   Line (x143,952 y35,428 / x145,065 y35,878 / black) 
   Line (x145,065 y35,878 / x146,170 y36,347 / black) 
   Line (x146,170 y36,347 / x147,266 y36,835 / black) 
   Line (x147,266 y36,835 / x148,353 y37,342 / black) 
   Line (x148,353 y37,342 / x149,432 y37,868 / black) 
   Line (x149,432 y37,868 / x150,501 y38,413 / black) 
   Line (x150,501 y38,413 / x151,561 y38,976 / black) 
   Line (x151,561 y38,976 / x152,610 y39,558 / black) 
   Line (x152,610 y39,558 / x153,649 y40,158 / black) 
   Line (x153,649 y40,158 / x154,678 y40,776 / black) 
   Line (x154,678 y40,776 / x155,696 y41,412 / black) 
   Line (x155,696 y41,412 / x156,702 y42,066 / black) 
   Line (x156,702 y42,066 / x158,680 y43,425 / black) 
   Line (x158,680 y43,425 / x160,609 y44,852 / black) 
   Line (x160,609 y44,852 / x162,487 y46,346 / black) 
   Line (x162,487 y46,346 / x164,312 y47,905 / black) 
   Line (x164,312 y47,905 / x166,082 y49,526 / black) 
   Line (x166,082 y49,526 / x167,793 y51,208 / black) 
   Line (x167,793 y51,208 / x169,445 y52,949 / black) 
   Line (x169,445 y52,949 / x171,036 y54,747 / black) 
   Line (x171,036 y54,747 / x172,562 y56,599 / black) 
   Line (x172,562 y56,599 / x174,023 y58,502 / black) 
   Line (x174,023 y58,502 / x175,417 y60,456 / black) 
   Line (x175,417 y60,456 / x176,741 y62,458 / black) 
   Line (x176,741 y62,458 / x177,995 y64,504 / black) 
   Line (x177,995 y64,504 / x179,177 y66,593 / black) 
   Line (x179,177 y66,593 / x180,285 y68,721 / black) 
   Line (x180,285 y68,721 / x181,318 y70,887 / black) 
   Line (x181,318 y70,887 / x182,725 y74,201 / black) 
   Line (x182,725 y74,201 / x183,956 y77,583 / black) 
   Line (x183,956 y77,583 / x185,008 y81,026 / black) 
   Line (x185,008 y81,026 / x186,129 y85,692 / black) 
   Line (x186,129 y85,692 / x187,192 y92,810 / black) 
   Line (x187,192 y92,810 / x187,506 y100,000 / black) 
Missing shapes in your solution:
   Line (x50,000 y100,000 / x50,000 y200,000 / black) 
   plm.universe.turtles.Circle@5de3cbcc

