The turtle Hawksbill is not heading to the right direction.  There is 73 shapes, but only 5 shapes were expected
Superflous shapes in your solution:
   Line (x50,000 y99,150 / x50,000 y200,000 / black) 
   Line (x50,015 y98,300 / x51,153 y89,034 / black) 
   Line (x51,153 y89,034 / x52,252 y84,930 / black) 
   Line (x52,252 y84,930 / x53,387 y81,726 / black) 
   Line (x53,387 y81,726 / x54,742 y78,608 / black) 
   Line (x54,742 y78,608 / x55,900 y76,336 / black) 
   Line (x55,900 y76,336 / x57,175 y74,128 / black) 
   Line (x57,175 y74,128 / x58,564 y71,990 / black) 
   Line (x58,564 y71,990 / x60,062 y69,927 / black) 
   Line (x60,062 y69,927 / x61,120 y68,597 / black) 
   Line (x61,120 y68,597 / x62,225 y67,304 / black) 
   Line (x62,225 y67,304 / x63,373 y66,051 / black) 
   Line (x63,373 y66,051 / x64,564 y64,838 / black) 
   Line (x64,564 y64,838 / x65,798 y63,668 / black) 
   Line (x65,798 y63,668 / x67,071 y62,542 / black) 
   Line (x67,071 y62,542 / x68,382 y61,460 / black) 
   Line (x68,382 y61,460 / x69,731 y60,426 / black) 
   Line (x69,731 y60,426 / x71,115 y59,438 / black) 
   Line (x71,115 y59,438 / x72,533 y58,500 / black) 
   Line (x72,533 y58,500 / x73,982 y57,612 / black) 
   Line (x73,982 y57,612 / x75,462 y56,775 / black) 
   Line (x75,462 y56,775 / x76,969 y55,990 / black) 
   Line (x76,969 y55,990 / x78,504 y55,258 / black) 
   Line (x78,504 y55,258 / x80,063 y54,580 / black) 
   Line (x80,063 y54,580 / x81,644 y53,957 / black) 
   Line (x81,644 y53,957 / x83,247 y53,390 / black) 
   Line (x83,247 y53,390 / x84,868 y52,879 / black) 
   Line (x84,868 y52,879 / x86,506 y52,424 / black) 
   Line (x86,506 y52,424 / x88,159 y52,027 / black) 
   Line (x88,159 y52,027 / x89,825 y51,688 / black) 
   Line (x89,825 y51,688 / x91,502 y51,408 / black) 
   Line (x91,502 y51,408 / x93,187 y51,186 / black) 
   Line (x93,187 y51,186 / x94,879 y51,023 / black) 
   Line (x94,879 y51,023 / x96,576 y50,919 / black) 
   Line (x96,576 y50,919 / x98,275 y50,875 / black) 
   Line (x98,275 y50,875 / x99,975 y50,890 / black) 
   Line (x99,975 y50,890 / x101,673 y50,964 / black) 
   Line (x101,673 y50,964 / x103,368 y51,097 / black) 
   Line (x103,368 y51,097 / x105,057 y51,290 / black) 
   Line (x105,057 y51,290 / x106,738 y51,541 / black) 
   Line (x106,738 y51,541 / x108,410 y51,851 / black) 
   Line (x108,410 y51,851 / x110,069 y52,219 / black) 
   Line (x110,069 y52,219 / x111,715 y52,644 / black) 
   Line (x111,715 y52,644 / x113,345 y53,127 / black) 
   Line (x113,345 y53,127 / x114,957 y53,666 / black) 
   Line (x114,957 y53,666 / x116,550 y54,262 / black) 
   Line (x116,550 y54,262 / x118,120 y54,912 / black) 
   Line (x118,120 y54,912 / x119,667 y55,617 / black) 
   Line (x119,667 y55,617 / x121,188 y56,376 / black) 
   Line (x121,188 y56,376 / x122,682 y57,187 / black) 
   Line (x122,682 y57,187 / x124,147 y58,050 / black) 
   Line (x124,147 y58,050 / x125,581 y58,963 / black) 
   Line (x125,581 y58,963 / x126,982 y59,926 / black) 
   Line (x126,982 y59,926 / x128,348 y60,937 / black) 
   Line (x128,348 y60,937 / x129,678 y61,995 / black) 
   Line (x129,678 y61,995 / x130,971 y63,099 / black) 
   Line (x130,971 y63,099 / x132,224 y64,248 / black) 
   Line (x132,224 y64,248 / x133,437 y65,439 / black) 
   Line (x133,437 y65,439 / x134,607 y66,672 / black) 
   Line (x134,607 y66,672 / x135,733 y67,946 / black) 
   Line (x135,733 y67,946 / x136,815 y69,257 / black) 
   Line (x136,815 y69,257 / x137,850 y70,606 / black) 
   Line (x137,850 y70,606 / x139,312 y72,695 / black) 
   Line (x139,312 y72,695 / x140,663 y74,857 / black) 
   Line (x140,663 y74,857 / x141,899 y77,087 / black) 
   Line (x141,899 y77,087 / x143,017 y79,379 / black) 
   Line (x143,017 y79,379 / x144,318 y82,519 / black) 
   Line (x144,318 y82,519 / x145,397 y85,743 / black) 
   Line (x145,397 y85,743 / x146,424 y89,865 / black) 
   Line (x146,424 y89,865 / x147,400 y100,000 / black) 
Missing shapes in your solution:
   Line (x50,000 y100,000 / x50,000 y200,000 / black) 
   plm.universe.turtles.Circle@5de3cbcc

