The turtle Hawksbill is not heading to the right direction.  There is 146 shapes, but only 5 shapes were expected
Superflous shapes in your solution:
   Line (x50,000 y100,000 / x51,044 y209,933 / black) 
   Line (x50,000 y198,000 / x51,044 y188,067 / black) 
   Line (x51,044 y188,067 / x52,495 y182,247 / black) 
   Line (x51,044 y209,933 / x52,495 y215,753 / black) 
   Line (x52,495 y182,247 / x53,797 y178,466 / black) 
   Line (x52,495 y215,753 / x53,797 y219,534 / black) 
   Line (x53,797 y178,466 / x55,360 y174,785 / black) 
   Line (x53,797 y219,534 / x55,360 y223,215 / black) 
   Line (x55,360 y174,785 / x57,175 y171,221 / black) 
   Line (x55,360 y223,215 / x57,175 y226,779 / black) 
   Line (x57,175 y171,221 / x58,175 y169,489 / black) 
   Line (x57,175 y226,779 / x58,175 y228,511 / black) 
   Line (x58,175 y169,489 / x59,235 y167,793 / black) 
   Line (x58,175 y228,511 / x59,235 y230,207 / black) 
   Line (x59,235 y167,793 / x60,354 y166,135 / black) 
   Line (x59,235 y230,207 / x60,354 y231,865 / black) 
   Line (x60,354 y166,135 / x61,529 y164,517 / black) 
   Line (x60,354 y231,865 / x61,529 y233,483 / black) 
   Line (x61,529 y164,517 / x62,761 y162,941 / black) 
   Line (x61,529 y233,483 / x62,761 y235,059 / black) 
   Line (x62,761 y162,941 / x64,046 y161,409 / black) 
   Line (x62,761 y235,059 / x64,046 y236,591 / black) 
   Line (x64,046 y161,409 / x65,384 y159,922 / black) 
   Line (x64,046 y236,591 / x65,384 y238,078 / black) 
   Line (x65,384 y159,922 / x66,774 y158,484 / black) 
   Line (x65,384 y238,078 / x66,774 y239,516 / black) 
   Line (x66,774 y158,484 / x68,212 y157,094 / black) 
   Line (x66,774 y239,516 / x68,212 y240,906 / black) 
   Line (x68,212 y157,094 / x69,699 y155,756 / black) 
   Line (x68,212 y240,906 / x69,699 y242,244 / black) 
   Line (x69,699 y155,756 / x71,231 y154,471 / black) 
   Line (x69,699 y242,244 / x71,231 y243,529 / black) 
   Line (x71,231 y154,471 / x72,807 y153,239 / black) 
   Line (x71,231 y243,529 / x72,807 y244,761 / black) 
   Line (x72,807 y153,239 / x74,425 y152,064 / black) 
   Line (x72,807 y244,761 / x74,425 y245,936 / black) 
   Line (x74,425 y152,064 / x76,083 y150,945 / black) 
   Line (x74,425 y245,936 / x76,083 y247,055 / black) 
   Line (x76,083 y150,945 / x77,779 y149,885 / black) 
   Line (x76,083 y247,055 / x77,779 y248,115 / black) 
   Line (x77,779 y149,885 / x79,511 y148,885 / black) 
   Line (x77,779 y248,115 / x79,511 y249,115 / black) 
   Line (x79,511 y148,885 / x81,277 y147,946 / black) 
   Line (x79,511 y249,115 / x81,277 y250,054 / black) 
   Line (x81,277 y147,946 / x83,074 y147,070 / black) 
   Line (x81,277 y250,054 / x83,074 y250,930 / black) 
   Line (x83,074 y147,070 / x84,902 y146,256 / black) 
   Line (x83,074 y250,930 / x84,902 y251,744 / black) 
   Line (x84,902 y146,256 / x86,756 y145,507 / black) 
   Line (x84,902 y251,744 / x86,756 y252,493 / black) 
   Line (x86,756 y145,507 / x88,635 y144,823 / black) 
   Line (x86,756 y252,493 / x88,635 y253,177 / black) 
   Line (x88,635 y144,823 / x90,537 y144,205 / black) 
   Line (x88,635 y253,177 / x90,537 y253,795 / black) 
   Line (x90,537 y144,205 / x92,460 y143,654 / black) 
   Line (x90,537 y253,795 / x92,460 y254,346 / black) 
   Line (x92,460 y143,654 / x94,401 y143,170 / black) 
   Line (x92,460 y254,346 / x94,401 y254,830 / black) 
   Line (x94,401 y143,170 / x96,357 y142,754 / black) 
   Line (x94,401 y254,830 / x96,357 y255,246 / black) 
   Line (x96,357 y142,754 / x98,326 y142,407 / black) 
   Line (x96,357 y255,246 / x98,326 y255,593 / black) 
   Line (x98,326 y142,407 / x100,307 y142,128 / black) 
   Line (x98,326 y255,593 / x100,307 y255,872 / black) 
   Line (x100,307 y142,128 / x102,296 y141,919 / black) 
   Line (x100,307 y255,872 / x102,296 y256,081 / black) 
   Line (x102,296 y141,919 / x104,291 y141,780 / black) 
   Line (x102,296 y256,081 / x104,291 y256,220 / black) 
   Line (x104,291 y141,780 / x106,290 y141,710 / black) 
   Line (x104,291 y256,220 / x106,290 y256,290 / black) 
   Line (x106,290 y141,710 / x108,290 y141,710 / black) 
   Line (x106,290 y256,290 / x108,290 y256,290 / black) 
   Line (x108,290 y141,710 / x110,289 y141,780 / black) 
   Line (x108,290 y256,290 / x110,289 y256,220 / black) 
   Line (x110,289 y141,780 / x112,284 y141,919 / black) 
   Line (x110,289 y256,220 / x112,284 y256,081 / black) 
   Line (x112,284 y141,919 / x114,273 y142,128 / black) 
   Line (x112,284 y256,081 / x114,273 y255,872 / black) 
   Line (x114,273 y142,128 / x116,253 y142,407 / black) 
   Line (x114,273 y255,872 / x116,253 y255,593 / black) 
   Line (x116,253 y142,407 / x118,223 y142,754 / black) 
   Line (x116,253 y255,593 / x118,223 y255,246 / black) 
   Line (x118,223 y142,754 / x120,179 y143,170 / black) 
   Line (x118,223 y255,246 / x120,179 y254,830 / black) 
   Line (x120,179 y143,170 / x122,120 y143,654 / black) 
   Line (x120,179 y254,830 / x122,120 y254,346 / black) 
   Line (x122,120 y143,654 / x124,042 y144,205 / black) 
   Line (x122,120 y254,346 / x124,042 y253,795 / black) 
   Line (x124,042 y144,205 / x125,945 y144,823 / black) 
   Line (x124,042 y253,795 / x125,945 y253,177 / black) 
   Line (x125,945 y144,823 / x127,824 y145,507 / black) 
   Line (x125,945 y253,177 / x127,824 y252,493 / black) 
   Line (x127,824 y145,507 / x129,678 y146,256 / black) 
   Line (x127,824 y252,493 / x129,678 y251,744 / black) 
   Line (x129,678 y146,256 / x131,505 y147,070 / black) 
   Line (x129,678 y251,744 / x131,505 y250,930 / black) 
   Line (x131,505 y147,070 / x133,303 y147,946 / black) 
   Line (x131,505 y250,930 / x133,303 y250,054 / black) 
   Line (x133,303 y147,946 / x135,069 y148,885 / black) 
   Line (x133,303 y250,054 / x135,069 y249,115 / black) 
   Line (x135,069 y148,885 / x136,801 y149,885 / black) 
   Line (x135,069 y249,115 / x136,801 y248,115 / black) 
   Line (x136,801 y149,885 / x138,497 y150,945 / black) 
   Line (x136,801 y248,115 / x138,497 y247,055 / black) 
   Line (x138,497 y150,945 / x140,155 y152,064 / black) 
   Line (x138,497 y247,055 / x140,155 y245,936 / black) 
   Line (x140,155 y152,064 / x141,773 y153,239 / black) 
   Line (x140,155 y245,936 / x141,773 y244,761 / black) 
   Line (x141,773 y153,239 / x143,349 y154,471 / black) 
   Line (x141,773 y244,761 / x143,349 y243,529 / black) 
   Line (x143,349 y154,471 / x144,881 y155,756 / black) 
   Line (x143,349 y243,529 / x144,881 y242,244 / black) 
   Line (x144,881 y155,756 / x146,368 y157,094 / black) 
   Line (x144,881 y242,244 / x146,368 y240,906 / black) 
   Line (x146,368 y157,094 / x147,806 y158,484 / black) 
   Line (x146,368 y240,906 / x147,806 y239,516 / black) 
   Line (x147,806 y158,484 / x149,196 y159,922 / black) 
   Line (x147,806 y239,516 / x149,196 y238,078 / black) 
   Line (x149,196 y159,922 / x150,534 y161,409 / black) 
   Line (x149,196 y238,078 / x150,534 y236,591 / black) 
   Line (x150,534 y161,409 / x151,819 y162,941 / black) 
   Line (x150,534 y236,591 / x151,819 y235,059 / black) 
   Line (x151,819 y162,941 / x153,051 y164,517 / black) 
   Line (x151,819 y235,059 / x153,051 y233,483 / black) 
   Line (x153,051 y164,517 / x154,226 y166,135 / black) 
   Line (x153,051 y233,483 / x154,226 y231,865 / black) 
   Line (x154,226 y166,135 / x155,345 y167,793 / black) 
   Line (x154,226 y231,865 / x155,345 y230,207 / black) 
   Line (x155,345 y167,793 / x156,405 y169,489 / black) 
   Line (x155,345 y230,207 / x156,405 y228,511 / black) 
   Line (x156,405 y169,489 / x157,405 y171,221 / black) 
   Line (x156,405 y228,511 / x158,343 y225,013 / black) 
   Line (x157,405 y171,221 / x159,220 y174,785 / black) 
   Line (x158,343 y225,013 / x160,034 y221,388 / black) 
   Line (x159,220 y174,785 / x160,783 y178,466 / black) 
   Line (x160,034 y221,388 / x161,467 y217,655 / black) 
   Line (x160,783 y178,466 / x162,085 y182,247 / black) 
   Line (x161,467 y217,655 / x162,636 y213,830 / black) 
   Line (x162,085 y182,247 / x163,120 y186,111 / black) 
   Line (x162,636 y213,830 / x163,883 y207,963 / black) 
   Line (x163,120 y186,111 / x164,162 y192,017 / black) 
   Line (x163,883 y207,963 / x164,580 y200,000 / black) 
   Line (x164,162 y192,017 / x164,580 y198,000 / black) 
Missing shapes in your solution:
   Line (x50,000 y100,000 / x50,000 y200,000 / black) 
   plm.universe.turtles.Circle@5de3cbcc

