The turtle Hawksbill is not heading to the right direction.  There is 79 shapes, but only 5 shapes were expected
Superflous shapes in your solution:
   Line (x50,000 y99,000 / x50,000 y200,000 / black) 
   Line (x50,000 y100,000 / x51,247 y107,876 / black) 
   Line (x50,035 y98,001 / x51,247 y91,124 / black) 
   Line (x51,247 y91,124 / x52,273 y88,306 / black) 
   Line (x51,247 y107,876 / x52,273 y110,694 / black) 
   Line (x52,273 y88,306 / x53,588 y85,611 / black) 
   Line (x52,273 y110,694 / x53,588 y113,389 / black) 
   Line (x53,588 y85,611 / x54,618 y83,896 / black) 
   Line (x53,588 y113,389 / x54,618 y115,104 / black) 
   Line (x54,618 y83,896 / x55,765 y82,258 / black) 
   Line (x54,618 y115,104 / x55,765 y116,742 / black) 
   Line (x55,765 y82,258 / x57,023 y80,704 / black) 
   Line (x55,765 y116,742 / x57,023 y118,296 / black) 
   Line (x57,023 y80,704 / x58,387 y79,242 / black) 
   Line (x57,023 y118,296 / x58,387 y119,758 / black) 
   Line (x58,387 y79,242 / x59,849 y77,878 / black) 
   Line (x58,387 y119,758 / x59,849 y121,122 / black) 
   Line (x59,849 y77,878 / x61,403 y76,620 / black) 
   Line (x59,849 y121,122 / x61,403 y122,380 / black) 
   Line (x61,403 y76,620 / x63,041 y75,473 / black) 
   Line (x61,403 y122,380 / x63,041 y123,527 / black) 
   Line (x63,041 y75,473 / x64,756 y74,443 / black) 
   Line (x63,041 y123,527 / x64,756 y124,557 / black) 
   Line (x64,756 y74,443 / x66,537 y73,535 / black) 
   Line (x64,756 y124,557 / x66,537 y125,465 / black) 
   Line (x66,537 y73,535 / x68,378 y72,754 / black) 
   Line (x66,537 y125,465 / x68,378 y126,246 / black) 
   Line (x68,378 y72,754 / x70,269 y72,102 / black) 
   Line (x68,378 y126,246 / x70,269 y126,898 / black) 
   Line (x70,269 y72,102 / x72,200 y71,585 / black) 
   Line (x70,269 y126,898 / x72,200 y127,415 / black) 
   Line (x72,200 y71,585 / x74,163 y71,203 / black) 
   Line (x72,200 y127,415 / x74,163 y127,797 / black) 
   Line (x74,163 y71,203 / x76,148 y70,960 / black) 
   Line (x74,163 y127,797 / x76,148 y128,040 / black) 
   Line (x76,148 y70,960 / x78,145 y70,855 / black) 
   Line (x76,148 y128,040 / x78,145 y128,145 / black) 
   Line (x78,145 y70,855 / x79,145 y70,855 / black) 
   Line (x78,145 y128,145 / x79,145 y128,145 / black) 
   Line (x79,145 y70,855 / x81,142 y70,960 / black) 
   Line (x79,145 y128,145 / x81,142 y128,040 / black) 
   Line (x81,142 y70,960 / x83,127 y71,203 / black) 
   Line (x81,142 y128,040 / x83,127 y127,797 / black) 
   Line (x83,127 y71,203 / x85,090 y71,585 / black) 
   Line (x83,127 y127,797 / x85,090 y127,415 / black) 
   Line (x85,090 y71,585 / x87,021 y72,102 / black) 
   Line (x85,090 y127,415 / x87,021 y126,898 / black) 
   Line (x87,021 y72,102 / x88,912 y72,754 / black) 
   Line (x87,021 y126,898 / x88,912 y126,246 / black) 
   Line (x88,912 y72,754 / x90,753 y73,535 / black) 
   Line (x88,912 y126,246 / x90,753 y125,465 / black) 
   Line (x90,753 y73,535 / x92,534 y74,443 / black) 
   Line (x90,753 y125,465 / x92,534 y124,557 / black) 
   Line (x92,534 y74,443 / x94,249 y75,473 / black) 
   Line (x92,534 y124,557 / x94,249 y123,527 / black) 
   Line (x94,249 y75,473 / x95,887 y76,620 / black) 
   Line (x94,249 y123,527 / x95,887 y122,380 / black) 
   Line (x95,887 y76,620 / x97,441 y77,878 / black) 
   Line (x95,887 y122,380 / x97,441 y121,122 / black) 
   Line (x97,441 y77,878 / x98,903 y79,242 / black) 
   Line (x97,441 y121,122 / x98,903 y119,758 / black) 
   Line (x98,903 y79,242 / x100,267 y80,704 / black) 
   Line (x98,903 y119,758 / x100,267 y118,296 / black) 
   Line (x100,267 y80,704 / x101,525 y82,258 / black) 
   Line (x100,267 y118,296 / x101,525 y116,742 / black) 
   Line (x101,525 y82,258 / x102,672 y83,896 / black) 
   Line (x101,525 y116,742 / x102,672 y115,104 / black) 
   Line (x102,672 y83,896 / x103,702 y85,611 / black) 
   Line (x102,672 y115,104 / x103,702 y113,389 / black) 
   Line (x103,702 y85,611 / x105,017 y88,306 / black) 
   Line (x103,702 y113,389 / x105,017 y110,694 / black) 
   Line (x105,017 y88,306 / x106,042 y91,124 / black) 
   Line (x105,017 y110,694 / x106,042 y107,876 / black) 
   Line (x106,042 y91,124 / x107,081 y96,009 / black) 
   Line (x106,042 y107,876 / x107,081 y102,991 / black) 
   Line (x107,081 y96,009 / x107,290 y100,000 / black) 
Missing shapes in your solution:
   Line (x50,000 y100,000 / x50,000 y200,000 / black) 
   plm.universe.turtles.Circle@5de3cbcc

