The turtle Hawksbill is not heading to the right direction.  There is 75 shapes, but only 5 shapes were expected
Superflous shapes in your solution:
   Line (x50,000 y99,100 / x50,000 y200,000 / black) 
   Line (x50,016 y98,200 / x51,033 y89,269 / black) 
   Line (x51,033 y89,269 / x52,122 y84,904 / black) 
   Line (x52,122 y84,904 / x53,264 y81,491 / black) 
   Line (x53,264 y81,491 / x54,275 y78,988 / black) 
   Line (x54,275 y78,988 / x55,416 y76,541 / black) 
   Line (x55,416 y76,541 / x56,683 y74,157 / black) 
   Line (x56,683 y74,157 / x58,074 y71,843 / black) 
   Line (x58,074 y71,843 / x59,584 y69,605 / black) 
   Line (x59,584 y69,605 / x60,654 y68,158 / black) 
   Line (x60,654 y68,158 / x61,775 y66,749 / black) 
   Line (x61,775 y66,749 / x62,944 y65,381 / black) 
   Line (x62,944 y65,381 / x64,160 y64,054 / black) 
   Line (x64,160 y64,054 / x65,421 y62,770 / black) 
   Line (x65,421 y62,770 / x66,727 y61,531 / black) 
   Line (x66,727 y61,531 / x68,075 y60,338 / black) 
   Line (x68,075 y60,338 / x69,464 y59,193 / black) 
   Line (x69,464 y59,193 / x70,892 y58,098 / black) 
   Line (x70,892 y58,098 / x72,357 y57,052 / black) 
   Line (x72,357 y57,052 / x73,858 y56,059 / black) 
   Line (x73,858 y56,059 / x75,393 y55,118 / black) 
   Line (x75,393 y55,118 / x76,959 y54,232 / black) 
   Line (x76,959 y54,232 / x78,556 y53,401 / black) 
   Line (x78,556 y53,401 / x80,180 y52,626 / black) 
   Line (x80,180 y52,626 / x81,831 y51,908 / black) 
   Line (x81,831 y51,908 / x83,506 y51,249 / black) 
   Line (x83,506 y51,249 / x85,202 y50,648 / black) 
   Line (x85,202 y50,648 / x86,919 y50,107 / black) 
   Line (x86,919 y50,107 / x88,654 y49,626 / black) 
   Line (x88,654 y49,626 / x90,404 y49,205 / black) 
   Line (x90,404 y49,205 / x92,168 y48,847 / black) 
   Line (x92,168 y48,847 / x93,943 y48,550 / black) 
   Line (x93,943 y48,550 / x95,727 y48,315 / black) 
   Line (x95,727 y48,315 / x97,519 y48,142 / black) 
   Line (x97,519 y48,142 / x99,316 y48,032 / black) 
   Line (x99,316 y48,032 / x101,115 y47,985 / black) 
   Line (x101,115 y47,985 / x102,915 y48,001 / black) 
   Line (x102,915 y48,001 / x104,713 y48,079 / black) 
   Line (x104,713 y48,079 / x106,507 y48,221 / black) 
   Line (x106,507 y48,221 / x108,296 y48,424 / black) 
   Line (x108,296 y48,424 / x110,076 y48,690 / black) 
   Line (x110,076 y48,690 / x111,846 y49,018 / black) 
   Line (x111,846 y49,018 / x113,603 y49,408 / black) 
   Line (x113,603 y49,408 / x115,346 y49,859 / black) 
   Line (x115,346 y49,859 / x117,071 y50,370 / black) 
   Line (x117,071 y50,370 / x118,778 y50,941 / black) 
   Line (x118,778 y50,941 / x120,464 y51,571 / black) 
   Line (x120,464 y51,571 / x122,127 y52,260 / black) 
   Line (x122,127 y52,260 / x123,765 y53,007 / black) 
   Line (x123,765 y53,007 / x125,376 y53,810 / black) 
   Line (x125,376 y53,810 / x126,958 y54,668 / black) 
   Line (x126,958 y54,668 / x128,509 y55,582 / black) 
   Line (x128,509 y55,582 / x130,027 y56,549 / black) 
   Line (x130,027 y56,549 / x131,510 y57,569 / black) 
   Line (x131,510 y57,569 / x132,957 y58,639 / black) 
   Line (x132,957 y58,639 / x134,365 y59,760 / black) 
   Line (x134,365 y59,760 / x135,734 y60,929 / black) 
   Line (x135,734 y60,929 / x137,061 y62,145 / black) 
   Line (x137,061 y62,145 / x138,345 y63,406 / black) 
   Line (x138,345 y63,406 / x139,584 y64,712 / black) 
   Line (x139,584 y64,712 / x140,777 y66,060 / black) 
   Line (x140,777 y66,060 / x141,922 y67,449 / black) 
   Line (x141,922 y67,449 / x143,017 y68,877 / black) 
   Line (x143,017 y68,877 / x144,062 y70,342 / black) 
   Line (x144,062 y70,342 / x145,533 y72,606 / black) 
   Line (x145,533 y72,606 / x146,883 y74,944 / black) 
   Line (x146,883 y74,944 / x148,108 y77,350 / black) 
   Line (x148,108 y77,350 / x149,206 y79,816 / black) 
   Line (x149,206 y79,816 / x150,467 y83,188 / black) 
   Line (x150,467 y83,188 / x151,489 y86,639 / black) 
   Line (x151,489 y86,639 / x152,565 y91,928 / black) 
   Line (x152,565 y91,928 / x153,130 y100,000 / black) 
Missing shapes in your solution:
   Line (x50,000 y100,000 / x50,000 y200,000 / black) 
   plm.universe.turtles.Circle@5de3cbcc

