The turtle Hawksbill is not heading to the right direction.  There is 74 shapes, but only 5 shapes were expected
Superflous shapes in your solution:
   Line (x50,000 y99,130 / x50,000 y200,000 / black) 
   Line (x50,015 y98,260 / x51,180 y88,776 / black) 
   Line (x51,180 y88,776 / x52,305 y84,575 / black) 
   Line (x52,305 y84,575 / x53,467 y81,296 / black) 
   Line (x53,467 y81,296 / x54,486 y78,893 / black) 
   Line (x54,486 y78,893 / x55,630 y76,548 / black) 
   Line (x55,630 y76,548 / x56,896 y74,265 / black) 
   Line (x56,896 y74,265 / x58,279 y72,052 / black) 
   Line (x58,279 y72,052 / x59,775 y69,914 / black) 
   Line (x59,775 y69,914 / x60,835 y68,534 / black) 
   Line (x60,835 y68,534 / x61,941 y67,191 / black) 
   Line (x61,941 y67,191 / x63,094 y65,888 / black) 
   Line (x63,094 y65,888 / x64,292 y64,626 / black) 
   Line (x64,292 y64,626 / x65,533 y63,407 / black) 
   Line (x65,533 y63,407 / x66,816 y62,231 / black) 
   Line (x66,816 y62,231 / x68,139 y61,101 / black) 
   Line (x68,139 y61,101 / x69,501 y60,018 / black) 
   Line (x69,501 y60,018 / x70,899 y58,983 / black) 
   Line (x70,899 y58,983 / x72,333 y57,997 / black) 
   Line (x72,333 y57,997 / x73,801 y57,063 / black) 
   Line (x73,801 y57,063 / x75,300 y56,180 / black) 
   Line (x75,300 y56,180 / x76,829 y55,349 / black) 
   Line (x76,829 y55,349 / x78,386 y54,573 / black) 
   Line (x78,386 y54,573 / x79,969 y53,851 / black) 
   Line (x79,969 y53,851 / x81,577 y53,186 / black) 
   Line (x81,577 y53,186 / x83,206 y52,576 / black) 
   Line (x83,206 y52,576 / x84,856 y52,024 / black) 
   Line (x84,856 y52,024 / x86,525 y51,530 / black) 
   Line (x86,525 y51,530 / x88,209 y51,094 / black) 
   Line (x88,209 y51,094 / x89,908 y50,718 / black) 
   Line (x89,908 y50,718 / x91,619 y50,401 / black) 
   Line (x91,619 y50,401 / x93,340 y50,143 / black) 
   Line (x93,340 y50,143 / x95,068 y49,947 / black) 
   Line (x95,068 y49,947 / x96,803 y49,810 / black) 
   Line (x96,803 y49,810 / x98,541 y49,734 / black) 
   Line (x98,541 y49,734 / x100,281 y49,719 / black) 
   Line (x100,281 y49,719 / x102,020 y49,764 / black) 
   Line (x102,020 y49,764 / x103,757 y49,871 / black) 
   Line (x103,757 y49,871 / x105,489 y50,037 / black) 
   Line (x105,489 y50,037 / x107,214 y50,265 / black) 
   Line (x107,214 y50,265 / x108,930 y50,552 / black) 
   Line (x108,930 y50,552 / x110,635 y50,899 / black) 
   Line (x110,635 y50,899 / x112,327 y51,305 / black) 
   Line (x112,327 y51,305 / x114,004 y51,770 / black) 
   Line (x114,004 y51,770 / x115,663 y52,293 / black) 
   Line (x115,663 y52,293 / x117,303 y52,874 / black) 
   Line (x117,303 y52,874 / x118,922 y53,511 / black) 
   Line (x118,922 y53,511 / x120,518 y54,205 / black) 
   Line (x120,518 y54,205 / x122,088 y54,954 / black) 
   Line (x122,088 y54,954 / x123,631 y55,758 / black) 
   Line (x123,631 y55,758 / x125,146 y56,615 / black) 
   Line (x125,146 y56,615 / x126,629 y57,524 / black) 
   Line (x126,629 y57,524 / x128,080 y58,484 / black) 
   Line (x128,080 y58,484 / x129,497 y59,494 / black) 
   Line (x129,497 y59,494 / x130,877 y60,554 / black) 
   Line (x130,877 y60,554 / x132,220 y61,660 / black) 
   Line (x132,220 y61,660 / x133,523 y62,813 / black) 
   Line (x133,523 y62,813 / x134,785 y64,011 / black) 
   Line (x134,785 y64,011 / x136,004 y65,252 / black) 
   Line (x136,004 y65,252 / x137,180 y66,535 / black) 
   Line (x137,180 y66,535 / x138,310 y67,858 / black) 
   Line (x138,310 y67,858 / x139,393 y69,219 / black) 
   Line (x139,393 y69,219 / x140,428 y70,618 / black) 
   Line (x140,428 y70,618 / x141,887 y72,782 / black) 
   Line (x141,887 y72,782 / x143,232 y75,019 / black) 
   Line (x143,232 y75,019 / x144,457 y77,323 / black) 
   Line (x144,457 y77,323 / x145,560 y79,688 / black) 
   Line (x145,560 y79,688 / x146,835 y82,925 / black) 
   Line (x146,835 y82,925 / x147,881 y86,244 / black) 
   Line (x147,881 y86,244 / x149,010 y91,338 / black) 
   Line (x149,010 y91,338 / x149,692 y100,000 / black) 
Missing shapes in your solution:
   Line (x50,000 y100,000 / x50,000 y200,000 / black) 
   plm.universe.turtles.Circle@5de3cbcc

