The turtle Hawksbill is not heading to the right direction.  There is 155 shapes, but only 5 shapes were expected
Superflous shapes in your solution:
   Line (x50,000 y99,000 / x50,000 y200,000 / black) 
   Line (x50,015 y98,000 / x51,184 y87,075 / black) 
   Line (x51,184 y87,075 / x52,315 y82,206 / black) 
   Line (x52,315 y82,206 / x53,485 y78,382 / black) 
   Line (x53,485 y78,382 / x54,514 y75,564 / black) 
   Line (x54,514 y75,564 / x55,671 y72,796 / black) 
   Line (x55,671 y72,796 / x56,953 y70,084 / black) 
   Line (x56,953 y70,084 / x58,357 y67,433 / black) 
   Line (x58,357 y67,433 / x59,359 y65,703 / black) 
   Line (x59,359 y65,703 / x60,414 y64,004 / black) 
   Line (x60,414 y64,004 / x61,521 y62,337 / black) 
   Line (x61,521 y62,337 / x62,677 y60,706 / black) 
   Line (x62,677 y60,706 / x63,883 y59,110 / black) 
   Line (x63,883 y59,110 / x65,136 y57,552 / black) 
   Line (x65,136 y57,552 / x66,436 y56,032 / black) 
   Line (x66,436 y56,032 / x67,783 y54,553 / black) 
   Line (x67,783 y54,553 / x69,173 y53,115 / black) 
   Line (x69,173 y53,115 / x70,607 y51,721 / black) 
   Line (x70,417 y147,099 / x71,887 y148,456 / black) 
   Line (x70,417 y147,099 / x139,883 y75,165 / black) 
   Line (x70,607 y51,721 / x72,082 y50,371 / black) 
   Line (x71,887 y148,456 / x73,398 y149,766 / black) 
   Line (x72,082 y50,371 / x73,598 y49,066 / black) 
   Line (x73,398 y149,766 / x74,947 y151,030 / black) 
   Line (x73,598 y49,066 / x75,153 y47,808 / black) 
   Line (x74,947 y151,030 / x76,535 y152,247 / black) 
   Line (x75,153 y47,808 / x76,745 y46,598 / black) 
   Line (x76,535 y152,247 / x78,159 y153,414 / black) 
   Line (x76,745 y46,598 / x78,373 y45,437 / black) 
   Line (x78,159 y153,414 / x79,817 y154,532 / black) 
   Line (x78,373 y45,437 / x80,036 y44,326 / black) 
   Line (x79,817 y154,532 / x81,509 y155,598 / black) 
   Line (x80,036 y44,326 / x81,733 y43,267 / black) 
   Line (x81,509 y155,598 / x83,233 y156,612 / black) 
   Line (x81,733 y43,267 / x83,460 y42,259 / black) 
   Line (x83,233 y156,612 / x84,986 y157,574 / black) 
   Line (x83,460 y42,259 / x85,218 y41,304 / black) 
   Line (x84,986 y157,574 / x86,769 y158,482 / black) 
   Line (x85,218 y41,304 / x87,003 y40,404 / black) 
   Line (x86,769 y158,482 / x88,577 y159,335 / black) 
   Line (x87,003 y40,404 / x88,815 y39,558 / black) 
   Line (x88,577 y159,335 / x90,411 y160,132 / black) 
   Line (x88,815 y39,558 / x90,653 y38,768 / black) 
   Line (x90,411 y160,132 / x92,269 y160,874 / black) 
   Line (x90,653 y38,768 / x92,513 y38,034 / black) 
   Line (x92,269 y160,874 / x94,148 y161,558 / black) 
   Line (x92,513 y38,034 / x94,395 y37,357 / black) 
   Line (x94,148 y161,558 / x96,047 y162,185 / black) 
   Line (x94,395 y37,357 / x96,297 y36,737 / black) 
   Line (x96,047 y162,185 / x97,965 y162,754 / black) 
   Line (x96,297 y36,737 / x98,216 y36,176 / black) 
   Line (x97,965 y162,754 / x99,898 y163,264 / black) 
   Line (x98,216 y36,176 / x100,152 y35,674 / black) 
   Line (x99,898 y163,264 / x101,847 y163,715 / black) 
   Line (x100,152 y35,674 / x102,102 y35,230 / black) 
   Line (x101,847 y163,715 / x103,808 y164,107 / black) 
   Line (x102,102 y35,230 / x104,065 y34,846 / black) 
   Line (x103,808 y164,107 / x105,780 y164,439 / black) 
   Line (x104,065 y34,846 / x106,038 y34,523 / black) 
   Line (x105,780 y164,439 / x107,762 y164,710 / black) 
   Line (x106,038 y34,523 / x108,021 y34,259 / black) 
   Line (x107,762 y164,710 / x109,750 y164,921 / black) 
   Line (x108,021 y34,259 / x110,010 y34,056 / black) 
   Line (x109,750 y164,921 / x111,745 y165,072 / black) 
   Line (x110,010 y34,056 / x112,005 y33,913 / black) 
   Line (x111,745 y165,072 / x113,743 y165,161 / black) 
   Line (x112,005 y33,913 / x114,004 y33,832 / black) 
   Line (x113,743 y165,161 / x115,742 y165,190 / black) 
   Line (x114,004 y33,832 / x116,003 y33,811 / black) 
   Line (x115,742 y165,190 / x117,742 y165,158 / black) 
   Line (x116,003 y33,811 / x118,003 y33,851 / black) 
   Line (x117,742 y165,158 / x119,740 y165,065 / black) 
   Line (x118,003 y33,851 / x120,000 y33,952 / black) 
   Line (x119,740 y165,065 / x121,734 y164,911 / black) 
   Line (x120,000 y33,952 / x121,994 y34,113 / black) 
   Line (x121,734 y164,911 / x123,722 y164,697 / black) 
   Line (x121,994 y34,113 / x123,981 y34,336 / black) 
   Line (x123,722 y164,697 / x125,703 y164,422 / black) 
   Line (x123,981 y34,336 / x125,961 y34,618 / black) 
   Line (x125,703 y164,422 / x127,675 y164,087 / black) 
   Line (x125,961 y34,618 / x127,932 y34,961 / black) 
   Line (x127,675 y164,087 / x129,635 y163,692 / black) 
   Line (x127,932 y34,961 / x129,891 y35,364 / black) 
   Line (x129,635 y163,692 / x131,583 y163,238 / black) 
   Line (x129,891 y35,364 / x131,836 y35,826 / black) 
   Line (x131,583 y163,238 / x133,516 y162,725 / black) 
   Line (x131,836 y35,826 / x133,767 y36,347 / black) 
   Line (x133,516 y162,725 / x135,432 y162,153 / black) 
   Line (x133,767 y36,347 / x135,681 y36,926 / black) 
   Line (x135,432 y162,153 / x137,331 y161,523 / black) 
   Line (x135,681 y36,926 / x137,577 y37,564 / black) 
   Line (x137,331 y161,523 / x139,209 y160,835 / black) 
   Line (x137,577 y37,564 / x139,452 y38,259 / black) 
   Line (x139,209 y160,835 / x141,065 y160,091 / black) 
   Line (x139,452 y38,259 / x141,305 y39,011 / black) 
   Line (x139,883 y75,165 / x211,817 y144,631 / black) 
   Line (x141,065 y160,091 / x142,898 y159,290 / black) 
   Line (x141,305 y39,011 / x143,135 y39,819 / black) 
   Line (x142,351 y216,565 / x211,817 y144,631 / black) 
   Line (x142,898 y159,290 / x144,705 y158,434 / black) 
   Line (x143,135 y39,819 / x144,939 y40,682 / black) 
   Line (x144,705 y158,434 / x146,486 y157,523 / black) 
   Line (x144,939 y40,682 / x146,716 y41,600 / black) 
   Line (x146,486 y157,523 / x148,238 y156,559 / black) 
   Line (x146,716 y41,600 / x148,464 y42,571 / black) 
   Line (x148,238 y156,559 / x149,960 y155,542 / black) 
   Line (x148,464 y42,571 / x150,182 y43,595 / black) 
   Line (x149,960 y155,542 / x151,650 y154,472 / black) 
   Line (x150,182 y43,595 / x151,868 y44,671 / black) 
   Line (x151,650 y154,472 / x153,306 y153,352 / black) 
   Line (x151,868 y44,671 / x153,520 y45,798 / black) 
   Line (x153,306 y153,352 / x154,928 y152,182 / black) 
   Line (x153,520 y45,798 / x155,137 y46,974 / black) 
   Line (x154,928 y152,182 / x156,514 y150,963 / black) 
   Line (x155,137 y46,974 / x156,718 y48,200 / black) 
   Line (x156,514 y150,963 / x158,062 y149,696 / black) 
   Line (x156,718 y48,200 / x158,261 y49,472 / black) 
   Line (x158,062 y149,696 / x159,570 y148,383 / black) 
   Line (x158,261 y49,472 / x159,764 y50,792 / black) 
   Line (x159,570 y148,383 / x161,038 y147,025 / black) 
   Line (x159,764 y50,792 / x161,226 y52,156 / black) 
   Line (x161,038 y147,025 / x162,463 y145,622 / black) 
   Line (x161,226 y52,156 / x162,646 y53,564 / black) 
   Line (x162,463 y145,622 / x163,846 y144,177 / black) 
   Line (x162,646 y53,564 / x164,023 y55,015 / black) 
   Line (x163,846 y144,177 / x165,184 y142,690 / black) 
   Line (x164,023 y55,015 / x165,355 y56,507 / black) 
   Line (x165,184 y142,690 / x166,475 y141,163 / black) 
   Line (x165,355 y56,507 / x166,641 y58,039 / black) 
   Line (x166,475 y141,163 / x167,720 y139,598 / black) 
   Line (x166,641 y58,039 / x167,879 y59,609 / black) 
   Line (x167,720 y139,598 / x168,917 y137,996 / black) 
   Line (x167,879 y59,609 / x169,069 y61,216 / black) 
   Line (x168,917 y137,996 / x170,064 y136,357 / black) 
   Line (x169,069 y61,216 / x170,210 y62,859 / black) 
   Line (x170,064 y136,357 / x171,161 y134,685 / black) 
   Line (x170,210 y62,859 / x171,300 y64,536 / black) 
   Line (x171,161 y134,685 / x172,206 y132,980 / black) 
   Line (x171,300 y64,536 / x172,339 y66,245 / black) 
   Line (x172,206 y132,980 / x173,676 y130,365 / black) 
   Line (x172,339 y66,245 / x173,798 y68,866 / black) 
   Line (x173,676 y130,365 / x175,024 y127,685 / black) 
   Line (x173,798 y68,866 / x175,136 y71,551 / black) 
   Line (x175,024 y127,685 / x176,249 y124,947 / black) 
   Line (x175,136 y71,551 / x176,350 y74,294 / black) 
   Line (x176,249 y124,947 / x177,348 y122,156 / black) 
   Line (x176,350 y74,294 / x177,437 y77,090 / black) 
   Line (x177,348 y122,156 / x178,612 y118,361 / black) 
   Line (x177,437 y77,090 / x178,687 y80,889 / black) 
   Line (x178,612 y118,361 / x179,643 y114,497 / black) 
   Line (x178,687 y80,889 / x179,702 y84,757 / black) 
   Line (x179,643 y114,497 / x180,745 y108,601 / black) 
   Line (x179,702 y84,757 / x180,780 y90,657 / black) 
   Line (x180,745 y108,601 / x181,368 y100,631 / black) 
   Line (x180,780 y90,657 / x181,378 y99,631 / black) 
Missing shapes in your solution:
   Line (x50,000 y100,000 / x50,000 y200,000 / black) 
   Line (x50,000 y100,000 / x150,000 y100,000 / black) 
   Line (x50,000 y200,000 / x150,000 y200,000 / black) 
   Line (x150,000 y100,000 / x150,000 y200,000 / black) 
   plm.universe.turtles.Circle@4dd5a715

