The turtle Hawksbill is not heading to the right direction.  There is 213 shapes, but only 5 shapes were expected
Superflous shapes in your solution:
   Line (x50,000 y98,854 / x50,000 y200,000 / black) 
   Line (x50,000 y100,000 / x51,097 y111,398 / black) 
   Line (x50,020 y97,707 / x51,097 y87,456 / black) 
   Line (x51,097 y87,456 / x52,387 y81,872 / black) 
   Line (x51,097 y111,398 / x52,387 y116,982 / black) 
   Line (x52,387 y81,872 / x53,392 y78,583 / black) 
   Line (x52,387 y116,982 / x53,392 y120,271 / black) 
   Line (x53,392 y78,583 / x54,568 y75,351 / black) 
   Line (x53,392 y120,271 / x54,568 y123,502 / black) 
   Line (x54,568 y75,351 / x55,912 y72,185 / black) 
   Line (x54,568 y123,502 / x55,912 y126,668 / black) 
   Line (x55,912 y72,185 / x57,420 y69,094 / black) 
   Line (x55,912 y126,668 / x57,420 y129,759 / black) 
   Line (x57,420 y69,094 / x58,514 y67,079 / black) 
   Line (x57,420 y129,759 / x58,514 y131,774 / black) 
   Line (x58,514 y67,079 / x59,678 y65,104 / black) 
   Line (x58,514 y131,774 / x59,678 y133,750 / black) 
   Line (x59,678 y65,104 / x60,910 y63,170 / black) 
   Line (x59,678 y133,750 / x60,910 y135,684 / black) 
   Line (x60,910 y63,170 / x62,208 y61,280 / black) 
   Line (x60,910 y135,684 / x62,208 y137,573 / black) 
   Line (x62,208 y61,280 / x63,572 y59,437 / black) 
   Line (x62,208 y137,573 / x63,572 y139,416 / black) 
   Line (x63,572 y59,437 / x65,000 y57,643 / black) 
   Line (x63,572 y139,416 / x65,000 y141,211 / black) 
   Line (x65,000 y57,643 / x66,489 y55,899 / black) 
   Line (x65,000 y141,211 / x66,489 y142,954 / black) 
   Line (x66,489 y55,899 / x68,038 y54,209 / black) 
   Line (x66,489 y142,954 / x68,038 y144,645 / black) 
   Line (x68,038 y54,209 / x69,645 y52,573 / black) 
   Line (x68,038 y144,645 / x69,645 y146,280 / black) 
   Line (x69,645 y52,573 / x71,308 y50,995 / black) 
   Line (x69,645 y146,280 / x71,308 y147,859 / black) 
   Line (x71,308 y50,995 / x73,025 y49,475 / black) 
   Line (x71,308 y147,859 / x73,025 y149,378 / black) 
   Line (x73,025 y49,475 / x74,795 y48,017 / black) 
   Line (x73,025 y149,378 / x74,795 y150,836 / black) 
   Line (x74,795 y48,017 / x76,614 y46,621 / black) 
   Line (x74,795 y150,836 / x76,614 y152,232 / black) 
   Line (x76,614 y46,621 / x78,480 y45,290 / black) 
   Line (x76,614 y152,232 / x78,480 y153,564 / black) 
   Line (x78,480 y45,290 / x80,392 y44,024 / black) 
   Line (x78,480 y153,564 / x80,392 y154,829 / black) 
   Line (x80,392 y44,024 / x82,347 y42,826 / black) 
   Line (x80,392 y154,829 / x82,347 y156,027 / black) 
   Line (x82,347 y42,826 / x83,340 y42,253 / black) 
   Line (x82,347 y156,027 / x83,340 y156,601 / black) 
   Line (x83,340 y42,253 / x84,343 y41,697 / black) 
   Line (x83,340 y156,601 / x84,343 y157,156 / black) 
   Line (x84,343 y41,697 / x85,355 y41,159 / black) 
   Line (x84,343 y157,156 / x85,355 y157,695 / black) 
   Line (x85,355 y41,159 / x86,377 y40,638 / black) 
   Line (x85,355 y157,695 / x86,377 y158,215 / black) 
   Line (x86,377 y40,638 / x87,407 y40,136 / black) 
   Line (x86,377 y158,215 / x87,407 y158,718 / black) 
   Line (x87,407 y40,136 / x88,446 y39,651 / black) 
   Line (x87,407 y158,718 / x88,446 y159,202 / black) 
   Line (x88,446 y39,651 / x89,494 y39,185 / black) 
   Line (x88,446 y159,202 / x89,494 y159,669 / black) 
   Line (x89,494 y39,185 / x90,549 y38,737 / black) 
   Line (x89,494 y159,669 / x90,549 y160,117 / black) 
   Line (x90,549 y38,737 / x91,612 y38,307 / black) 
   Line (x90,549 y160,117 / x91,612 y160,546 / black) 
   Line (x91,612 y38,307 / x92,683 y37,897 / black) 
   Line (x91,612 y160,546 / x92,683 y160,957 / black) 
   Line (x92,683 y37,897 / x93,760 y37,504 / black) 
   Line (x92,683 y160,957 / x93,760 y161,349 / black) 
   Line (x93,760 y37,504 / x94,844 y37,131 / black) 
   Line (x93,760 y161,349 / x94,844 y161,722 / black) 
   Line (x94,844 y37,131 / x95,934 y36,777 / black) 
   Line (x94,844 y161,722 / x95,934 y162,077 / black) 
   Line (x95,934 y36,777 / x97,031 y36,442 / black) 
   Line (x95,934 y162,077 / x97,031 y162,412 / black) 
   Line (x97,031 y36,442 / x98,133 y36,126 / black) 
   Line (x97,031 y162,412 / x98,133 y162,728 / black) 
   Line (x98,133 y36,126 / x99,240 y35,829 / black) 
   Line (x98,133 y162,728 / x99,240 y163,025 / black) 
   Line (x99,240 y35,829 / x100,353 y35,552 / black) 
   Line (x99,240 y163,025 / x100,353 y163,302 / black) 
   Line (x100,353 y35,552 / x101,470 y35,294 / black) 
   Line (x100,353 y163,302 / x101,470 y163,560 / black) 
   Line (x101,470 y35,294 / x102,591 y35,055 / black) 
   Line (x101,470 y163,560 / x102,591 y163,798 / black) 
   Line (x102,591 y35,055 / x103,717 y34,836 / black) 
   Line (x102,591 y163,798 / x103,717 y164,017 / black) 
   Line (x103,717 y34,836 / x104,846 y34,637 / black) 
   Line (x103,717 y164,017 / x104,846 y164,216 / black) 
   Line (x104,846 y34,637 / x105,978 y34,458 / black) 
   Line (x104,846 y164,216 / x105,978 y164,395 / black) 
   Line (x105,978 y34,458 / x107,113 y34,298 / black) 
   Line (x105,978 y164,395 / x107,113 y164,555 / black) 
   Line (x107,113 y34,298 / x108,251 y34,159 / black) 
   Line (x107,113 y164,555 / x108,251 y164,695 / black) 
   Line (x108,251 y34,159 / x109,392 y34,039 / black) 
   Line (x108,251 y164,695 / x109,392 y164,815 / black) 
   Line (x109,392 y34,039 / x110,534 y33,939 / black) 
   Line (x109,392 y164,815 / x110,534 y164,915 / black) 
   Line (x110,534 y33,939 / x111,677 y33,859 / black) 
   Line (x110,534 y164,915 / x111,677 y164,994 / black) 
   Line (x111,677 y33,859 / x112,822 y33,799 / black) 
   Line (x111,677 y164,994 / x112,822 y165,054 / black) 
   Line (x112,822 y33,799 / x113,968 y33,759 / black) 
   Line (x112,822 y165,054 / x113,968 y165,095 / black) 
   Line (x113,968 y33,759 / x115,115 y33,739 / black) 
   Line (x113,968 y165,095 / x115,115 y165,115 / black) 
   Line (x115,115 y33,739 / x116,261 y33,739 / black) 
   Line (x115,115 y165,115 / x116,261 y165,115 / black) 
   Line (x116,261 y33,739 / x117,407 y33,759 / black) 
   Line (x116,261 y165,115 / x117,407 y165,095 / black) 
   Line (x117,407 y33,759 / x118,553 y33,799 / black) 
   Line (x117,407 y165,095 / x118,553 y165,054 / black) 
   Line (x118,553 y33,799 / x119,698 y33,859 / black) 
   Line (x118,553 y165,054 / x119,698 y164,994 / black) 
   Line (x119,698 y33,859 / x120,842 y33,939 / black) 
   Line (x119,698 y164,994 / x120,842 y164,915 / black) 
   Line (x120,842 y33,939 / x121,984 y34,039 / black) 
   Line (x120,842 y164,915 / x121,984 y164,815 / black) 
   Line (x121,984 y34,039 / x123,124 y34,159 / black) 
   Line (x121,984 y164,815 / x123,124 y164,695 / black) 
   Line (x123,124 y34,159 / x124,262 y34,298 / black) 
   Line (x123,124 y164,695 / x124,262 y164,555 / black) 
   Line (x124,262 y34,298 / x125,397 y34,458 / black) 
   Line (x124,262 y164,555 / x125,397 y164,395 / black) 
   Line (x125,397 y34,458 / x126,530 y34,637 / black) 
   Line (x125,397 y164,395 / x126,530 y164,216 / black) 
   Line (x126,530 y34,637 / x127,659 y34,836 / black) 
   Line (x126,530 y164,216 / x127,659 y164,017 / black) 
   Line (x127,659 y34,836 / x128,784 y35,055 / black) 
   Line (x127,659 y164,017 / x128,784 y163,798 / black) 
   Line (x128,784 y35,055 / x129,906 y35,294 / black) 
   Line (x128,784 y163,798 / x129,906 y163,560 / black) 
   Line (x129,906 y35,294 / x131,023 y35,552 / black) 
   Line (x129,906 y163,560 / x131,023 y163,302 / black) 
   Line (x131,023 y35,552 / x132,135 y35,829 / black) 
   Line (x131,023 y163,302 / x132,135 y163,025 / black) 
   Line (x132,135 y35,829 / x133,243 y36,126 / black) 
   Line (x132,135 y163,025 / x133,243 y162,728 / black) 
   Line (x133,243 y36,126 / x134,345 y36,442 / black) 
   Line (x133,243 y162,728 / x134,345 y162,412 / black) 
   Line (x134,345 y36,442 / x135,441 y36,777 / black) 
   Line (x134,345 y162,412 / x135,441 y162,077 / black) 
   Line (x135,441 y36,777 / x136,532 y37,131 / black) 
   Line (x135,441 y162,077 / x136,532 y161,722 / black) 
   Line (x136,532 y37,131 / x137,616 y37,504 / black) 
   Line (x136,532 y161,722 / x137,616 y161,349 / black) 
   Line (x137,616 y37,504 / x138,693 y37,897 / black) 
   Line (x137,616 y161,349 / x138,693 y160,957 / black) 
   Line (x138,693 y37,897 / x139,763 y38,307 / black) 
   Line (x138,693 y160,957 / x139,763 y160,546 / black) 
   Line (x139,763 y38,307 / x140,826 y38,737 / black) 
   Line (x139,763 y160,546 / x140,826 y160,117 / black) 
   Line (x140,826 y38,737 / x141,882 y39,185 / black) 
   Line (x140,826 y160,117 / x141,882 y159,669 / black) 
   Line (x141,882 y39,185 / x142,929 y39,651 / black) 
   Line (x141,882 y159,669 / x142,929 y159,202 / black) 
   Line (x142,929 y39,651 / x143,968 y40,136 / black) 
   Line (x142,929 y159,202 / x143,968 y158,718 / black) 
   Line (x143,968 y40,136 / x144,999 y40,638 / black) 
   Line (x143,968 y158,718 / x144,999 y158,215 / black) 
   Line (x144,999 y40,638 / x146,020 y41,159 / black) 
   Line (x144,999 y158,215 / x146,020 y157,695 / black) 
   Line (x146,020 y41,159 / x147,032 y41,697 / black) 
   Line (x146,020 y157,695 / x147,032 y157,156 / black) 
   Line (x147,032 y41,697 / x148,035 y42,253 / black) 
   Line (x147,032 y157,156 / x148,035 y156,601 / black) 
   Line (x148,035 y42,253 / x150,011 y43,417 / black) 
   Line (x148,035 y156,601 / x150,011 y155,437 / black) 
   Line (x150,011 y43,417 / x151,945 y44,649 / black) 
   Line (x150,011 y155,437 / x151,945 y154,205 / black) 
   Line (x151,945 y44,649 / x153,834 y45,947 / black) 
   Line (x151,945 y154,205 / x153,834 y152,906 / black) 
   Line (x153,834 y45,947 / x155,677 y47,311 / black) 
   Line (x153,834 y152,906 / x155,677 y151,542 / black) 
   Line (x155,677 y47,311 / x157,472 y48,739 / black) 
   Line (x155,677 y151,542 / x157,472 y150,115 / black) 
   Line (x157,472 y48,739 / x159,215 y50,228 / black) 
   Line (x157,472 y150,115 / x159,215 y148,626 / black) 
   Line (x159,215 y50,228 / x160,906 y51,777 / black) 
   Line (x159,215 y148,626 / x160,906 y147,077 / black) 
   Line (x160,906 y51,777 / x162,541 y53,384 / black) 
   Line (x160,906 y147,077 / x162,541 y145,470 / black) 
   Line (x162,541 y53,384 / x164,120 y55,047 / black) 
   Line (x162,541 y145,470 / x164,120 y143,806 / black) 
   Line (x164,120 y55,047 / x165,639 y56,764 / black) 
   Line (x164,120 y143,806 / x165,639 y142,089 / black) 
   Line (x165,639 y56,764 / x167,097 y58,534 / black) 
   Line (x165,639 y142,089 / x167,097 y140,320 / black) 
   Line (x167,097 y58,534 / x168,493 y60,353 / black) 
   Line (x167,097 y140,320 / x168,493 y138,501 / black) 
   Line (x168,493 y60,353 / x169,825 y62,219 / black) 
   Line (x168,493 y138,501 / x169,825 y136,634 / black) 
   Line (x169,825 y62,219 / x171,090 y64,131 / black) 
   Line (x169,825 y136,634 / x171,090 y134,722 / black) 
   Line (x171,090 y64,131 / x172,288 y66,086 / black) 
   Line (x171,090 y134,722 / x172,288 y132,767 / black) 
   Line (x172,288 y66,086 / x173,417 y68,082 / black) 
   Line (x172,288 y132,767 / x173,417 y130,771 / black) 
   Line (x173,417 y68,082 / x174,476 y70,116 / black) 
   Line (x173,417 y130,771 / x174,476 y128,738 / black) 
   Line (x174,476 y70,116 / x175,930 y73,233 / black) 
   Line (x174,476 y128,738 / x175,930 y125,621 / black) 
   Line (x175,930 y73,233 / x177,218 y76,422 / black) 
   Line (x175,930 y125,621 / x177,218 y122,432 / black) 
   Line (x177,218 y76,422 / x178,338 y79,673 / black) 
   Line (x177,218 y122,432 / x178,338 y119,180 / black) 
   Line (x178,338 y79,673 / x179,563 y84,092 / black) 
   Line (x178,338 y119,180 / x179,563 y114,762 / black) 
   Line (x179,563 y84,092 / x180,656 y89,717 / black) 
   Line (x179,563 y114,762 / x180,656 y109,136 / black) 
   Line (x180,656 y89,717 / x181,376 y100,000 / black) 
Missing shapes in your solution:
   Line (x50,000 y100,000 / x50,000 y200,000 / black) 
   plm.universe.turtles.Circle@4dd5a715

