The turtle Hawksbill is not heading to the right direction.  There is 142 shapes, but only 5 shapes were expected
Superflous shapes in your solution:
   Line (x50,000 y100,000 / x51,001 y209,527 / black) 
   Line (x50,000 y199,128 / x51,001 y189,600 / black) 
   Line (x51,001 y189,600 / x52,056 y185,370 / black) 
   Line (x51,001 y209,527 / x52,056 y213,758 / black) 
   Line (x52,056 y185,370 / x53,163 y182,062 / black) 
   Line (x52,056 y213,758 / x53,163 y217,066 / black) 
   Line (x53,163 y182,062 / x54,498 y178,839 / black) 
   Line (x53,163 y217,066 / x54,498 y220,288 / black) 
   Line (x54,498 y178,839 / x55,645 y176,488 / black) 
   Line (x54,498 y220,288 / x55,645 y222,640 / black) 
   Line (x55,645 y176,488 / x56,913 y174,200 / black) 
   Line (x55,645 y222,640 / x56,913 y224,928 / black) 
   Line (x56,913 y174,200 / x58,300 y171,981 / black) 
   Line (x56,913 y224,928 / x58,300 y227,147 / black) 
   Line (x58,300 y171,981 / x59,800 y169,837 / black) 
   Line (x58,300 y227,147 / x59,800 y229,290 / black) 
   Line (x59,800 y169,837 / x60,862 y168,454 / black) 
   Line (x59,800 y229,290 / x60,862 y230,674 / black) 
   Line (x60,862 y168,454 / x61,972 y167,108 / black) 
   Line (x60,862 y230,674 / x61,972 y232,020 / black) 
   Line (x61,972 y167,108 / x63,128 y165,801 / black) 
   Line (x61,972 y232,020 / x63,128 y233,327 / black) 
   Line (x63,128 y165,801 / x64,328 y164,536 / black) 
   Line (x63,128 y233,327 / x64,328 y234,592 / black) 
   Line (x64,328 y164,536 / x65,573 y163,313 / black) 
   Line (x64,328 y234,592 / x65,573 y235,815 / black) 
   Line (x65,573 y163,313 / x66,859 y162,135 / black) 
   Line (x65,573 y235,815 / x66,859 y236,993 / black) 
   Line (x66,859 y162,135 / x68,185 y161,002 / black) 
   Line (x66,859 y236,993 / x68,185 y238,126 / black) 
   Line (x68,185 y161,002 / x69,550 y159,916 / black) 
   Line (x68,185 y238,126 / x69,550 y239,212 / black) 
   Line (x69,550 y159,916 / x70,953 y158,878 / black) 
   Line (x69,550 y239,212 / x70,953 y240,250 / black) 
   Line (x70,953 y158,878 / x72,390 y157,890 / black) 
   Line (x70,953 y240,250 / x72,390 y241,238 / black) 
   Line (x72,390 y157,890 / x73,861 y156,953 / black) 
   Line (x72,390 y241,238 / x73,861 y242,175 / black) 
   Line (x73,861 y156,953 / x75,364 y156,068 / black) 
   Line (x73,861 y242,175 / x75,364 y243,060 / black) 
   Line (x75,364 y156,068 / x76,897 y155,235 / black) 
   Line (x75,364 y243,060 / x76,897 y243,893 / black) 
   Line (x76,897 y155,235 / x78,458 y154,457 / black) 
   Line (x76,897 y243,893 / x78,458 y244,671 / black) 
   Line (x78,458 y154,457 / x80,046 y153,734 / black) 
   Line (x78,458 y244,671 / x80,046 y245,394 / black) 
   Line (x80,046 y153,734 / x81,657 y153,066 / black) 
   Line (x80,046 y245,394 / x81,657 y246,062 / black) 
   Line (x81,657 y153,066 / x83,291 y152,455 / black) 
   Line (x81,657 y246,062 / x83,291 y246,673 / black) 
   Line (x83,291 y152,455 / x84,946 y151,902 / black) 
   Line (x83,291 y246,673 / x84,946 y247,226 / black) 
   Line (x84,946 y151,902 / x86,618 y151,406 / black) 
   Line (x84,946 y247,226 / x86,618 y247,722 / black) 
   Line (x86,618 y151,406 / x88,307 y150,969 / black) 
   Line (x86,618 y247,722 / x88,307 y248,158 / black) 
   Line (x88,307 y150,969 / x90,010 y150,592 / black) 
   Line (x88,307 y248,158 / x90,010 y248,536 / black) 
   Line (x90,010 y150,592 / x91,725 y150,274 / black) 
   Line (x90,010 y248,536 / x91,725 y248,854 / black) 
   Line (x91,725 y150,274 / x93,450 y150,016 / black) 
   Line (x91,725 y248,854 / x93,450 y249,112 / black) 
   Line (x93,450 y150,016 / x95,183 y149,819 / black) 
   Line (x93,450 y249,112 / x95,183 y249,309 / black) 
   Line (x95,183 y149,819 / x96,922 y149,682 / black) 
   Line (x95,183 y249,309 / x96,922 y249,446 / black) 
   Line (x96,922 y149,682 / x98,665 y149,606 / black) 
   Line (x96,922 y249,446 / x98,665 y249,522 / black) 
   Line (x98,665 y149,606 / x100,409 y149,591 / black) 
   Line (x98,665 y249,522 / x100,409 y249,537 / black) 
   Line (x100,409 y149,591 / x102,153 y149,636 / black) 
   Line (x100,409 y249,537 / x102,153 y249,492 / black) 
   Line (x102,153 y149,636 / x103,894 y149,743 / black) 
   Line (x102,153 y249,492 / x103,894 y249,385 / black) 
   Line (x103,894 y149,743 / x105,631 y149,910 / black) 
   Line (x103,894 y249,385 / x105,631 y249,218 / black) 
   Line (x105,631 y149,910 / x107,360 y150,138 / black) 
   Line (x105,631 y249,218 / x107,360 y248,990 / black) 
   Line (x107,360 y150,138 / x109,081 y150,425 / black) 
   Line (x107,360 y248,990 / x109,081 y248,702 / black) 
   Line (x109,081 y150,425 / x110,790 y150,773 / black) 
   Line (x109,081 y248,702 / x110,790 y248,355 / black) 
   Line (x110,790 y150,773 / x112,486 y151,180 / black) 
   Line (x110,790 y248,355 / x112,486 y247,947 / black) 
   Line (x112,486 y151,180 / x114,167 y151,647 / black) 
   Line (x112,486 y247,947 / x114,167 y247,481 / black) 
   Line (x114,167 y151,647 / x115,831 y152,171 / black) 
   Line (x114,167 y247,481 / x115,831 y246,957 / black) 
   Line (x115,831 y152,171 / x117,475 y152,753 / black) 
   Line (x115,831 y246,957 / x117,475 y246,374 / black) 
   Line (x117,475 y152,753 / x119,098 y153,393 / black) 
   Line (x117,475 y246,374 / x119,098 y245,735 / black) 
   Line (x119,098 y153,393 / x120,698 y154,088 / black) 
   Line (x119,098 y245,735 / x120,698 y245,039 / black) 
   Line (x120,698 y154,088 / x122,272 y154,839 / black) 
   Line (x120,698 y245,039 / x122,272 y244,288 / black) 
   Line (x122,272 y154,839 / x123,820 y155,645 / black) 
   Line (x122,272 y244,288 / x123,820 y243,483 / black) 
   Line (x123,820 y155,645 / x125,338 y156,504 / black) 
   Line (x123,820 y243,483 / x125,338 y242,624 / black) 
   Line (x125,338 y156,504 / x126,825 y157,415 / black) 
   Line (x125,338 y242,624 / x126,825 y241,713 / black) 
   Line (x126,825 y157,415 / x128,280 y158,378 / black) 
   Line (x126,825 y241,713 / x128,280 y240,750 / black) 
   Line (x128,280 y158,378 / x129,700 y159,391 / black) 
   Line (x128,280 y240,750 / x129,700 y239,737 / black) 
   Line (x129,700 y159,391 / x131,084 y160,453 / black) 
   Line (x129,700 y239,737 / x131,084 y238,675 / black) 
   Line (x131,084 y160,453 / x132,430 y161,562 / black) 
   Line (x131,084 y238,675 / x132,430 y237,565 / black) 
   Line (x132,430 y161,562 / x133,736 y162,718 / black) 
   Line (x132,430 y237,565 / x133,736 y236,410 / black) 
   Line (x133,736 y162,718 / x135,002 y163,919 / black) 
   Line (x133,736 y236,410 / x135,002 y235,209 / black) 
   Line (x135,002 y163,919 / x136,224 y165,163 / black) 
   Line (x135,002 y235,209 / x136,224 y233,965 / black) 
   Line (x136,224 y165,163 / x137,403 y166,449 / black) 
   Line (x136,224 y233,965 / x137,403 y232,679 / black) 
   Line (x137,403 y166,449 / x138,536 y167,776 / black) 
   Line (x137,403 y232,679 / x138,536 y231,352 / black) 
   Line (x138,536 y167,776 / x139,621 y169,141 / black) 
   Line (x138,536 y231,352 / x139,621 y229,987 / black) 
   Line (x139,621 y169,141 / x140,659 y170,543 / black) 
   Line (x139,621 y229,987 / x140,659 y228,585 / black) 
   Line (x140,659 y170,543 / x142,122 y172,712 / black) 
   Line (x140,659 y228,585 / x142,122 y226,416 / black) 
   Line (x142,122 y172,712 / x143,470 y174,955 / black) 
   Line (x142,122 y226,416 / x143,470 y224,173 / black) 
   Line (x143,470 y174,955 / x144,698 y177,265 / black) 
   Line (x143,470 y224,173 / x144,698 y221,863 / black) 
   Line (x144,698 y177,265 / x145,804 y179,636 / black) 
   Line (x144,698 y221,863 / x145,804 y219,491 / black) 
   Line (x145,804 y179,636 / x147,082 y182,882 / black) 
   Line (x145,804 y219,491 / x147,082 y216,246 / black) 
   Line (x147,082 y182,882 / x148,131 y186,209 / black) 
   Line (x147,082 y216,246 / x148,131 y212,919 / black) 
   Line (x148,131 y186,209 / x149,263 y191,316 / black) 
   Line (x148,131 y212,919 / x149,263 y207,812 / black) 
   Line (x149,263 y191,316 / x149,947 y200,000 / black) 
Missing shapes in your solution:
   Line (x50,000 y100,000 / x50,000 y200,000 / black) 
   plm.universe.turtles.Circle@4dd5a715

