The turtle Hawksbill is not heading to the right direction.  There is 113 shapes, but only 5 shapes were expected
Superflous shapes in your solution:
   Line (x50,024 y95,000 / x50,000 y200,000 / black) 
   Line (x50,036 y94,000 / x51,054 y70,025 / black) 
   Line (x51,054 y70,025 / x52,085 y58,070 / black) 
   Line (x52,085 y58,070 / x53,087 y49,126 / black) 
   Line (x53,087 y49,126 / x54,141 y41,196 / black) 
   Line (x54,141 y41,196 / x55,189 y34,275 / black) 
   Line (x55,189 y34,275 / x56,354 y27,373 / black) 
   Line (x56,354 y27,373 / x57,446 y21,473 / black) 
   Line (x57,446 y21,473 / x58,624 y15,590 / black) 
   Line (x58,624 y15,590 / x59,670 y10,700 / black) 
   Line (x59,670 y10,700 / x60,776 y5,824 / black) 
   Line (x60,776 y5,824 / x61,941 y0,962 / black) 
   Line (x61,941 y0,962 / x62,179 y0,000 / black) 
   Line (x62,181 y299,991 / x63,417 y295,146 / black) 
   Line (x63,417 y295,146 / x64,447 y291,281 / black) 
   Line (x64,447 y291,281 / x65,515 y287,427 / black) 
   Line (x65,515 y287,427 / x66,621 y283,582 / black) 
   Line (x66,621 y283,582 / x67,763 y279,749 / black) 
   Line (x67,763 y279,749 / x68,943 y275,927 / black) 
   Line (x68,943 y275,927 / x70,159 y272,116 / black) 
   Line (x70,159 y272,116 / x71,413 y268,318 / black) 
   Line (x71,413 y268,318 / x72,703 y264,532 / black) 
   Line (x72,703 y264,532 / x74,030 y260,758 / black) 
   Line (x74,030 y260,758 / x75,050 y257,937 / black) 
   Line (x75,050 y257,937 / x76,089 y255,123 / black) 
   Line (x76,089 y255,123 / x77,149 y252,316 / black) 
   Line (x77,149 y252,316 / x78,230 y249,518 / black) 
   Line (x78,230 y249,518 / x79,331 y246,727 / black) 
   Line (x79,331 y246,727 / x80,452 y243,944 / black) 
   Line (x80,452 y243,944 / x81,593 y241,170 / black) 
   Line (x81,593 y241,170 / x82,755 y238,404 / black) 
   Line (x82,755 y238,404 / x83,936 y235,646 / black) 
   Line (x83,936 y235,646 / x85,138 y232,897 / black) 
   Line (x85,138 y232,897 / x86,359 y230,157 / black) 
   Line (x86,359 y230,157 / x87,601 y227,426 / black) 
   Line (x87,601 y227,426 / x88,862 y224,704 / black) 
   Line (x88,862 y224,704 / x90,143 y221,992 / black) 
   Line (x90,143 y221,992 / x91,444 y219,288 / black) 
   Line (x91,444 y219,288 / x92,764 y216,594 / black) 
   Line (x92,764 y216,594 / x94,104 y213,910 / black) 
   Line (x94,104 y213,910 / x95,463 y211,236 / black) 
   Line (x95,463 y211,236 / x96,842 y208,572 / black) 
   Line (x96,842 y208,572 / x98,240 y205,917 / black) 
   Line (x98,240 y205,917 / x99,658 y203,273 / black) 
   Line (x99,658 y203,273 / x101,094 y200,640 / black) 
   Line (x101,094 y200,640 / x102,550 y198,016 / black) 
   Line (x102,550 y198,016 / x104,025 y195,404 / black) 
   Line (x104,025 y195,404 / x105,518 y192,802 / black) 
   Line (x105,518 y192,802 / x106,525 y191,074 / black) 
   Line (x106,525 y191,074 / x107,539 y189,350 / black) 
   Line (x107,539 y189,350 / x108,562 y187,632 / black) 
   Line (x108,562 y187,632 / x109,594 y185,918 / black) 
   Line (x109,594 y185,918 / x110,633 y184,210 / black) 
   Line (x110,633 y184,210 / x111,681 y182,506 / black) 
   Line (x111,681 y182,506 / x112,737 y180,808 / black) 
   Line (x112,737 y180,808 / x113,802 y179,114 / black) 
   Line (x113,802 y179,114 / x114,874 y177,426 / black) 
   Line (x114,874 y177,426 / x115,955 y175,744 / black) 
   Line (x115,955 y175,744 / x117,044 y174,066 / black) 
   Line (x117,044 y174,066 / x118,141 y172,394 / black) 
   Line (x118,141 y172,394 / x119,246 y170,727 / black) 
   Line (x119,246 y170,727 / x120,359 y169,065 / black) 
   Line (x120,359 y169,065 / x121,480 y167,409 / black) 
   Line (x120,373 y148,084 / x184,652 y224,689 / black) 
   Line (x121,480 y167,409 / x122,610 y165,758 / black) 
   Line (x122,610 y165,758 / x123,747 y164,113 / black) 
   Line (x123,747 y164,113 / x124,892 y162,473 / black) 
   Line (x124,892 y162,473 / x126,045 y160,839 / black) 
   Line (x126,045 y160,839 / x127,206 y159,211 / black) 
   Line (x127,206 y159,211 / x128,375 y157,588 / black) 
   Line (x128,375 y157,588 / x129,552 y155,971 / black) 
   Line (x129,552 y155,971 / x130,736 y154,359 / black) 
   Line (x130,736 y154,359 / x131,929 y152,753 / black) 
   Line (x131,929 y152,753 / x133,129 y151,154 / black) 
   Line (x133,129 y151,154 / x134,337 y149,560 / black) 
   Line (x134,337 y149,560 / x135,552 y147,971 / black) 
   Line (x135,552 y147,971 / x136,775 y146,389 / black) 
   Line (x136,775 y146,389 / x138,006 y144,813 / black) 
   Line (x138,006 y144,813 / x139,245 y143,242 / black) 
   Line (x139,245 y143,242 / x140,491 y141,678 / black) 
   Line (x140,491 y141,678 / x141,745 y140,120 / black) 
   Line (x141,745 y140,120 / x143,006 y138,568 / black) 
   Line (x143,006 y138,568 / x144,275 y137,022 / black) 
   Line (x144,275 y137,022 / x145,551 y135,482 / black) 
   Line (x145,551 y135,482 / x146,835 y133,948 / black) 
   Line (x146,835 y133,948 / x148,126 y132,421 / black) 
   Line (x148,126 y132,421 / x149,425 y130,900 / black) 
   Line (x149,425 y130,900 / x150,730 y129,385 / black) 
   Line (x150,730 y129,385 / x152,044 y127,876 / black) 
   Line (x152,044 y127,876 / x153,364 y126,374 / black) 
   Line (x153,364 y126,374 / x154,692 y124,879 / black) 
   Line (x154,692 y124,879 / x156,027 y123,389 / black) 
   Line (x156,027 y123,389 / x157,369 y121,907 / black) 
   Line (x157,369 y121,907 / x158,719 y120,431 / black) 
   Line (x158,719 y120,431 / x160,075 y118,961 / black) 
   Line (x160,075 y118,961 / x161,439 y117,498 / black) 
   Line (x161,439 y117,498 / x162,810 y116,041 / black) 
   Line (x162,810 y116,041 / x164,187 y114,592 / black) 
   Line (x164,187 y114,592 / x165,572 y113,149 / black) 
   Line (x165,572 y113,149 / x168,363 y110,283 / black) 
   Line (x168,363 y110,283 / x171,181 y107,444 / black) 
   Line (x171,181 y107,444 / x174,026 y104,633 / black) 
   Line (x174,026 y104,633 / x176,899 y101,849 / black) 
   Line (x176,899 y101,849 / x179,798 y99,094 / black) 
   Line (x179,798 y99,094 / x182,724 y96,367 / black) 
   Line (x182,724 y96,367 / x185,677 y93,668 / black) 
   Line (x184,652 y224,689 / x261,256 y160,410 / black) 
   Line (x185,677 y93,668 / x188,655 y90,998 / black) 
   Line (x188,655 y90,998 / x191,659 y88,357 / black) 
   Line (x191,659 y88,357 / x194,689 y85,745 / black) 
   Line (x194,689 y85,745 / x196,213 y84,450 / black) 
   Line (x196,213 y84,450 / x196,978 y83,806 / black) 
   Line (x196,978 y83,806 / x261,256 y160,410 / black) 
Missing shapes in your solution:
   Line (x50,000 y100,000 / x50,000 y200,000 / black) 
   Line (x50,000 y100,000 / x150,000 y100,000 / black) 
   Line (x50,000 y200,000 / x150,000 y200,000 / black) 
   Line (x150,000 y100,000 / x150,000 y200,000 / black) 
   plm.universe.turtles.Circle@4dd5a715

