The turtle Hawksbill is not heading to the right direction.  There is 26 shapes, but only 5 shapes were expected
Superflous shapes in your solution:
   Line (x0,000 y215,118 / x85,918 y187,202 / black) 
   Line (x50,000 y99,000 / x50,000 y200,000 / black) 
   Line (x50,000 y100,000 / x51,224 y103,767 / black) 
   Line (x50,125 y98,008 / x51,224 y95,233 / black) 
   Line (x51,224 y95,233 / x52,496 y93,695 / black) 
   Line (x51,224 y103,767 / x52,496 y105,305 / black) 
   Line (x52,496 y93,695 / x54,111 y92,522 / black) 
   Line (x52,496 y105,305 / x54,111 y106,478 / black) 
   Line (x54,111 y92,522 / x55,967 y91,787 / black) 
   Line (x54,111 y106,478 / x55,967 y107,213 / black) 
   Line (x55,016 y92,096 / x85,918 y187,202 / black) 
   Line (x55,967 y91,787 / x57,947 y91,537 / black) 
   Line (x55,967 y107,213 / x57,947 y107,463 / black) 
   Line (x57,947 y91,537 / x59,928 y91,787 / black) 
   Line (x57,947 y107,463 / x59,928 y107,213 / black) 
   Line (x59,928 y91,787 / x61,783 y92,522 / black) 
   Line (x59,928 y107,213 / x61,783 y106,478 / black) 
   Line (x61,783 y92,522 / x63,398 y93,695 / black) 
   Line (x61,783 y106,478 / x63,398 y105,305 / black) 
   Line (x63,398 y93,695 / x64,671 y95,233 / black) 
   Line (x63,398 y105,305 / x64,671 y103,767 / black) 
   Line (x64,671 y95,233 / x65,769 y98,008 / black) 
   Line (x64,671 y103,767 / x65,769 y100,992 / black) 
   Line (x65,769 y98,008 / x65,895 y100,000 / black) 
   Line (x259,910 y122,998 / x290,812 y218,104 / black) 
   Line (x290,812 y218,104 / x300,000 y215,118 / black) 
Missing shapes in your solution:
   Line (x50,000 y100,000 / x50,000 y200,000 / black) 
   Line (x50,000 y100,000 / x150,000 y100,000 / black) 
   Line (x50,000 y200,000 / x150,000 y200,000 / black) 
   Line (x150,000 y100,000 / x150,000 y200,000 / black) 
   plm.universe.turtles.Circle@4dd5a715

