The turtle Hawksbill is not heading to the right direction.  There is 433 shapes, but only 5 shapes were expected
Superflous shapes in your solution:
   Line (x50,000 y199,000 / x51,148 y188,077 / black) 
   Line (x50,000 y198,000 / x51,254 y215,938 / black) 
   Line (x50,035 y196,000 / x51,254 y182,062 / black) 
   Line (x51,148 y188,077 / x52,357 y183,227 / black) 
   Line (x51,254 y182,062 / x52,296 y176,154 / black) 
   Line (x51,254 y215,938 / x52,296 y221,846 / black) 
   Line (x52,296 y176,154 / x53,646 y170,308 / black) 
   Line (x52,296 y221,846 / x53,646 y227,692 / black) 
   Line (x52,357 y183,227 / x53,626 y179,434 / black) 
   Line (x53,626 y179,434 / x54,750 y176,653 / black) 
   Line (x53,646 y170,308 / x54,715 y166,454 / black) 
   Line (x53,646 y227,692 / x54,715 y231,546 / black) 
   Line (x54,715 y166,454 / x55,917 y162,639 / black) 
   Line (x54,715 y231,546 / x55,917 y235,361 / black) 
   Line (x54,750 y176,653 / x56,018 y173,934 / black) 
   Line (x55,917 y162,639 / x57,253 y158,869 / black) 
   Line (x55,917 y235,361 / x57,253 y239,131 / black) 
   Line (x56,018 y173,934 / x57,426 y171,286 / black) 
   Line (x57,253 y158,869 / x58,719 y155,147 / black) 
   Line (x57,253 y239,131 / x58,719 y242,853 / black) 
   Line (x57,426 y171,286 / x58,441 y169,563 / black) 
   Line (x58,441 y169,563 / x59,516 y167,876 / black) 
   Line (x58,719 y155,147 / x60,313 y151,479 / black) 
   Line (x58,719 y242,853 / x60,313 y246,521 / black) 
   Line (x59,516 y167,876 / x60,648 y166,228 / black) 
   Line (x60,313 y151,479 / x62,035 y147,869 / black) 
   Line (x60,313 y246,521 / x62,035 y250,131 / black) 
   Line (x60,648 y166,228 / x61,838 y164,620 / black) 
   Line (x61,838 y164,620 / x63,083 y163,055 / black) 
   Line (x62,035 y147,869 / x63,882 y144,321 / black) 
   Line (x62,035 y250,131 / x63,882 y253,679 / black) 
   Line (x63,083 y163,055 / x64,382 y161,534 / black) 
   Line (x63,882 y253,679 / x64,852 y255,428 / black) 
   Line (x63,882 y144,321 / x65,852 y140,840 / black) 
   Line (x64,382 y161,534 / x65,733 y160,060 / black) 
   Line (x64,852 y255,428 / x65,852 y257,160 / black) 
   Line (x65,733 y160,060 / x67,135 y158,633 / black) 
   Line (x65,852 y140,840 / x66,882 y139,125 / black) 
   Line (x65,852 y257,160 / x66,882 y258,875 / black) 
   Line (x66,882 y139,125 / x67,942 y137,429 / black) 
   Line (x66,882 y258,875 / x67,942 y260,571 / black) 
   Line (x67,135 y158,633 / x68,585 y157,257 / black) 
   Line (x67,942 y137,429 / x69,031 y135,752 / black) 
   Line (x67,942 y260,571 / x69,031 y262,248 / black) 
   Line (x68,585 y157,257 / x70,083 y155,931 / black) 
   Line (x69,031 y135,752 / x70,150 y134,094 / black) 
   Line (x69,031 y262,248 / x70,150 y263,906 / black) 
   Line (x70,083 y155,931 / x71,626 y154,659 / black) 
   Line (x70,150 y134,094 / x71,297 y132,455 / black) 
   Line (x70,150 y263,906 / x71,297 y265,545 / black) 
   Line (x71,297 y132,455 / x72,472 y130,837 / black) 
   Line (x71,297 y265,545 / x72,472 y267,163 / black) 
   Line (x71,626 y154,659 / x73,213 y153,442 / black) 
   Line (x72,472 y130,837 / x73,676 y129,240 / black) 
   Line (x72,472 y267,163 / x73,676 y268,760 / black) 
   Line (x73,213 y153,442 / x74,841 y152,280 / black) 
   Line (x73,676 y129,240 / x74,907 y127,664 / black) 
   Line (x73,676 y268,760 / x74,907 y270,336 / black) 
   Line (x74,841 y152,280 / x76,509 y151,177 / black) 
   Line (x74,907 y127,664 / x76,166 y126,110 / black) 
   Line (x74,907 y270,336 / x76,166 y271,890 / black) 
   Line (x76,166 y126,110 / x77,451 y124,578 / black) 
   Line (x76,166 y271,890 / x77,451 y273,422 / black) 
   Line (x76,509 y151,177 / x78,214 y150,132 / black) 
   Line (x77,451 y124,578 / x78,764 y123,068 / black) 
   Line (x77,451 y273,422 / x78,764 y274,932 / black) 
   Line (x78,214 y150,132 / x79,955 y149,147 / black) 
   Line (x78,764 y123,068 / x80,102 y121,582 / black) 
   Line (x78,764 y274,932 / x80,102 y276,418 / black) 
   Line (x79,955 y149,147 / x81,729 y148,223 / black) 
   Line (x80,102 y121,582 / x81,466 y120,119 / black) 
   Line (x80,102 y276,418 / x81,466 y277,881 / black) 
   Line (x81,466 y120,119 / x82,855 y118,681 / black) 
   Line (x81,466 y277,881 / x82,855 y279,319 / black) 
   Line (x81,729 y148,223 / x83,534 y147,362 / black) 
   Line (x82,855 y118,681 / x84,269 y117,266 / black) 
   Line (x82,855 y279,319 / x84,269 y280,734 / black) 
   Line (x83,534 y147,362 / x85,368 y146,565 / black) 
   Line (x84,269 y117,266 / x85,708 y115,877 / black) 
   Line (x84,269 y280,734 / x85,708 y282,123 / black) 
   Line (x85,368 y146,565 / x87,229 y145,832 / black) 
   Line (x85,708 y115,877 / x87,171 y114,513 / black) 
   Line (x85,708 y282,123 / x87,171 y283,487 / black) 
   Line (x87,171 y114,513 / x88,657 y113,175 / black) 
   Line (x87,171 y283,487 / x88,657 y284,825 / black) 
   Line (x87,229 y145,832 / x89,114 y145,164 / black) 
   Line (x88,657 y113,175 / x90,166 y111,863 / black) 
   Line (x88,657 y284,825 / x90,166 y286,137 / black) 
   Line (x89,114 y145,164 / x91,021 y144,563 / black) 
   Line (x90,166 y111,863 / x91,699 y110,577 / black) 
   Line (x90,166 y286,137 / x91,699 y287,423 / black) 
   Line (x91,021 y144,563 / x92,948 y144,029 / black) 
   Line (x91,699 y110,577 / x93,253 y109,319 / black) 
   Line (x91,699 y287,423 / x93,253 y288,681 / black) 
   Line (x92,948 y144,029 / x94,893 y143,562 / black) 
   Line (x93,253 y109,319 / x94,829 y108,087 / black) 
   Line (x93,253 y288,681 / x94,829 y289,913 / black) 
   Line (x94,829 y108,087 / x96,426 y106,884 / black) 
   Line (x94,829 y289,913 / x96,426 y291,116 / black) 
   Line (x94,893 y143,562 / x96,853 y143,163 / black) 
   Line (x96,426 y106,884 / x98,044 y105,708 / black) 
   Line (x96,426 y291,116 / x98,044 y292,292 / black) 
   Line (x96,853 y143,163 / x98,825 y142,833 / black) 
   Line (x98,044 y105,708 / x99,682 y104,561 / black) 
   Line (x98,044 y292,292 / x99,682 y293,439 / black) 
   Line (x98,825 y142,833 / x100,808 y142,572 / black) 
   Line (x99,682 y104,561 / x101,341 y103,443 / black) 
   Line (x99,682 y293,439 / x101,341 y294,557 / black) 
   Line (x100,808 y142,572 / x102,799 y142,380 / black) 
   Line (x101,341 y103,443 / x103,018 y102,353 / black) 
   Line (x101,341 y294,557 / x103,018 y295,647 / black) 
   Line (x102,799 y142,380 / x104,795 y142,258 / black) 
   Line (x103,018 y102,353 / x104,714 y101,293 / black) 
   Line (x103,018 y295,647 / x104,714 y296,707 / black) 
   Line (x104,714 y101,293 / x106,428 y100,263 / black) 
   Line (x104,714 y296,707 / x106,428 y297,737 / black) 
   Line (x104,795 y142,258 / x106,794 y142,206 / black) 
   Line (x106,428 y100,263 / x108,160 y99,263 / black) 
   Line (x106,428 y297,737 / x108,160 y298,737 / black) 
   Line (x106,794 y142,206 / x107,794 y142,206 / black) 
   Line (x107,794 y142,206 / x109,794 y142,258 / black) 
   Line (x108,160 y99,263 / x109,910 y98,294 / black) 
   Line (x108,160 y298,737 / x109,910 y299,706 / black) 
   Line (x109,794 y142,258 / x111,790 y142,380 / black) 
   Line (x109,910 y299,706 / x110,462 y300,000 / black) 
   Line (x109,910 y98,294 / x111,675 y97,355 / black) 
   Line (x110,462 y0,000 / x111,675 y0,645 / black) 
   Line (x111,675 y0,645 / x113,457 y1,553 / black) 
   Line (x111,675 y97,355 / x113,457 y96,447 / black) 
   Line (x111,790 y142,380 / x113,780 y142,572 / black) 
   Line (x113,457 y1,553 / x115,255 y2,430 / black) 
   Line (x113,457 y96,447 / x115,255 y95,570 / black) 
   Line (x113,780 y142,572 / x115,763 y142,833 / black) 
   Line (x115,255 y2,430 / x117,068 y3,275 / black) 
   Line (x115,255 y95,570 / x117,068 y94,725 / black) 
   Line (x115,763 y142,833 / x117,736 y143,163 / black) 
   Line (x117,068 y3,275 / x118,895 y4,089 / black) 
   Line (x117,068 y94,725 / x118,895 y93,911 / black) 
   Line (x117,736 y143,163 / x119,696 y143,562 / black) 
   Line (x118,895 y4,089 / x120,736 y4,870 / black) 
   Line (x118,895 y93,911 / x120,736 y93,130 / black) 
   Line (x119,696 y143,562 / x121,640 y144,029 / black) 
   Line (x120,736 y4,870 / x122,590 y5,619 / black) 
   Line (x120,736 y93,130 / x122,590 y92,381 / black) 
   Line (x121,640 y144,029 / x123,567 y144,563 / black) 
   Line (x122,590 y5,619 / x124,457 y6,336 / black) 
   Line (x122,590 y92,381 / x124,457 y91,664 / black) 
   Line (x123,567 y144,563 / x125,475 y145,164 / black) 
   Line (x124,457 y6,336 / x126,337 y7,020 / black) 
   Line (x124,457 y91,664 / x126,337 y90,980 / black) 
   Line (x125,475 y145,164 / x127,360 y145,832 / black) 
   Line (x126,337 y7,020 / x128,228 y7,671 / black) 
   Line (x126,337 y90,980 / x128,228 y90,329 / black) 
   Line (x127,360 y145,832 / x129,221 y146,565 / black) 
   Line (x128,228 y7,671 / x130,130 y8,289 / black) 
   Line (x128,228 y90,329 / x130,130 y89,711 / black) 
   Line (x129,221 y146,565 / x131,055 y147,362 / black) 
   Line (x130,130 y8,289 / x132,042 y8,874 / black) 
   Line (x130,130 y89,711 / x132,042 y89,126 / black) 
   Line (x131,055 y147,362 / x132,860 y148,223 / black) 
   Line (x132,042 y8,874 / x133,965 y9,425 / black) 
   Line (x132,042 y89,126 / x133,965 y88,575 / black) 
   Line (x132,860 y148,223 / x134,634 y149,147 / black) 
   Line (x133,965 y9,425 / x135,897 y9,943 / black) 
   Line (x133,965 y88,575 / x135,897 y88,057 / black) 
   Line (x134,634 y149,147 / x136,375 y150,132 / black) 
   Line (x135,897 y9,943 / x137,837 y10,427 / black) 
   Line (x135,897 y88,057 / x137,837 y87,573 / black) 
   Line (x136,375 y150,132 / x138,080 y151,177 / black) 
   Line (x137,837 y10,427 / x139,786 y10,877 / black) 
   Line (x137,837 y87,573 / x139,786 y87,123 / black) 
   Line (x138,080 y151,177 / x139,747 y152,280 / black) 
   Line (x139,747 y152,280 / x141,376 y153,442 / black) 
   Line (x139,786 y10,877 / x141,742 y11,293 / black) 
   Line (x139,786 y87,123 / x141,742 y86,707 / black) 
   Line (x141,376 y153,442 / x142,962 y154,659 / black) 
   Line (x141,742 y11,293 / x143,706 y11,674 / black) 
   Line (x141,742 y86,707 / x143,706 y86,326 / black) 
   Line (x142,962 y154,659 / x144,505 y155,931 / black) 
   Line (x143,706 y11,674 / x145,675 y12,021 / black) 
   Line (x143,706 y86,326 / x145,675 y85,979 / black) 
   Line (x144,505 y155,931 / x146,003 y157,257 / black) 
   Line (x145,675 y12,021 / x147,651 y12,334 / black) 
   Line (x145,675 y85,979 / x147,651 y85,666 / black) 
   Line (x146,003 y157,257 / x147,454 y158,633 / black) 
   Line (x147,454 y158,633 / x148,856 y160,060 / black) 
   Line (x147,651 y12,334 / x149,631 y12,613 / black) 
   Line (x147,651 y85,666 / x149,631 y85,387 / black) 
   Line (x148,856 y160,060 / x150,207 y161,534 / black) 
   Line (x149,631 y12,613 / x151,616 y12,856 / black) 
   Line (x149,631 y85,387 / x151,616 y85,144 / black) 
   Line (x150,207 y161,534 / x151,506 y163,055 / black) 
   Line (x151,506 y163,055 / x152,751 y164,620 / black) 
   Line (x151,616 y12,856 / x153,605 y13,065 / black) 
   Line (x151,616 y85,144 / x153,605 y84,935 / black) 
   Line (x152,751 y164,620 / x153,940 y166,228 / black) 
   Line (x153,605 y13,065 / x155,598 y13,240 / black) 
   Line (x153,605 y84,935 / x155,598 y84,760 / black) 
   Line (x153,940 y166,228 / x155,073 y167,876 / black) 
   Line (x155,073 y167,876 / x156,148 y169,563 / black) 
   Line (x155,598 y13,240 / x157,593 y13,379 / black) 
   Line (x155,598 y84,760 / x157,593 y84,621 / black) 
   Line (x156,148 y169,563 / x157,163 y171,286 / black) 
   Line (x157,163 y171,286 / x158,571 y173,934 / black) 
   Line (x157,593 y13,379 / x159,590 y13,484 / black) 
   Line (x157,593 y84,621 / x159,590 y84,516 / black) 
   Line (x158,571 y173,934 / x159,839 y176,653 / black) 
   Line (x159,590 y13,484 / x161,589 y13,554 / black) 
   Line (x159,590 y84,516 / x161,589 y84,446 / black) 
   Line (x159,839 y176,653 / x160,962 y179,434 / black) 
   Line (x160,962 y179,434 / x162,231 y183,227 / black) 
   Line (x161,589 y13,554 / x163,589 y13,589 / black) 
   Line (x161,589 y84,446 / x163,589 y84,411 / black) 
   Line (x162,231 y183,227 / x163,233 y187,099 / black) 
   Line (x163,233 y187,099 / x164,327 y194,008 / black) 
   Line (x163,589 y13,589 / x165,589 y13,589 / black) 
   Line (x163,589 y84,411 / x165,589 y84,411 / black) 
   Line (x164,327 y194,008 / x165,372 y208,957 / black) 
   Line (x165,372 y208,957 / x166,411 y213,846 / black) 
   Line (x165,589 y13,589 / x167,588 y13,554 / black) 
   Line (x165,589 y84,411 / x167,588 y84,446 / black) 
   Line (x166,411 y213,846 / x167,547 y217,680 / black) 
   Line (x167,547 y217,680 / x168,573 y220,499 / black) 
   Line (x167,588 y13,554 / x169,587 y13,484 / black) 
   Line (x167,588 y84,446 / x169,587 y84,516 / black) 
   Line (x168,573 y220,499 / x169,745 y223,260 / black) 
   Line (x169,587 y13,484 / x171,584 y13,379 / black) 
   Line (x169,587 y84,516 / x171,584 y84,621 / black) 
   Line (x169,745 y223,260 / x171,060 y225,957 / black) 
   Line (x171,060 y225,957 / x172,515 y228,580 / black) 
   Line (x171,584 y13,379 / x173,580 y13,240 / black) 
   Line (x171,584 y84,621 / x173,580 y84,760 / black) 
   Line (x172,515 y228,580 / x173,560 y230,285 / black) 
   Line (x173,560 y230,285 / x174,663 y231,953 / black) 
   Line (x173,580 y13,240 / x175,572 y13,065 / black) 
   Line (x173,580 y84,760 / x175,572 y84,935 / black) 
   Line (x174,663 y231,953 / x175,825 y233,581 / black) 
   Line (x175,572 y13,065 / x177,561 y12,856 / black) 
   Line (x175,572 y84,935 / x177,561 y85,144 / black) 
   Line (x175,825 y233,581 / x177,042 y235,168 / black) 
   Line (x177,042 y235,168 / x178,314 y236,711 / black) 
   Line (x177,561 y12,856 / x179,546 y12,613 / black) 
   Line (x177,561 y85,144 / x179,546 y85,387 / black) 
   Line (x178,314 y236,711 / x179,640 y238,209 / black) 
   Line (x179,546 y12,613 / x181,527 y12,334 / black) 
   Line (x179,546 y85,387 / x181,527 y85,666 / black) 
   Line (x179,640 y238,209 / x181,016 y239,660 / black) 
   Line (x181,016 y239,660 / x182,443 y241,061 / black) 
   Line (x181,527 y12,334 / x183,502 y12,021 / black) 
   Line (x181,527 y85,666 / x183,502 y85,979 / black) 
   Line (x182,443 y241,061 / x183,917 y242,413 / black) 
   Line (x183,502 y12,021 / x185,472 y11,674 / black) 
   Line (x183,502 y85,979 / x185,472 y86,326 / black) 
   Line (x183,917 y242,413 / x185,438 y243,711 / black) 
   Line (x185,438 y243,711 / x187,003 y244,956 / black) 
   Line (x185,472 y11,674 / x187,435 y11,293 / black) 
   Line (x185,472 y86,326 / x187,435 y86,707 / black) 
   Line (x187,003 y244,956 / x188,611 y246,146 / black) 
   Line (x187,435 y11,293 / x189,391 y10,877 / black) 
   Line (x187,435 y86,707 / x189,391 y87,123 / black) 
   Line (x188,611 y246,146 / x190,259 y247,279 / black) 
   Line (x189,391 y10,877 / x191,340 y10,427 / black) 
   Line (x189,391 y87,123 / x191,340 y87,573 / black) 
   Line (x190,259 y247,279 / x191,946 y248,353 / black) 
   Line (x191,340 y10,427 / x193,280 y9,943 / black) 
   Line (x191,340 y87,573 / x193,280 y88,057 / black) 
   Line (x191,946 y248,353 / x193,669 y249,368 / black) 
   Line (x193,280 y9,943 / x195,212 y9,425 / black) 
   Line (x193,280 y88,057 / x195,212 y88,575 / black) 
   Line (x193,669 y249,368 / x195,426 y250,323 / black) 
   Line (x195,212 y9,425 / x197,135 y8,874 / black) 
   Line (x195,212 y88,575 / x197,135 y89,126 / black) 
   Line (x195,426 y250,323 / x197,216 y251,215 / black) 
   Line (x197,135 y8,874 / x199,047 y8,289 / black) 
   Line (x197,135 y89,126 / x199,047 y89,711 / black) 
   Line (x197,216 y251,215 / x199,036 y252,044 / black) 
   Line (x199,036 y252,044 / x200,884 y252,810 / black) 
   Line (x199,047 y8,289 / x200,950 y7,671 / black) 
   Line (x199,047 y89,711 / x200,950 y90,329 / black) 
   Line (x200,884 y252,810 / x202,757 y253,510 / black) 
   Line (x200,950 y7,671 / x202,841 y7,020 / black) 
   Line (x200,950 y90,329 / x202,841 y90,980 / black) 
   Line (x202,757 y253,510 / x204,654 y254,145 / black) 
   Line (x202,841 y7,020 / x204,720 y6,336 / black) 
   Line (x202,841 y90,980 / x204,720 y91,664 / black) 
   Line (x204,654 y254,145 / x206,571 y254,713 / black) 
   Line (x204,720 y6,336 / x206,587 y5,619 / black) 
   Line (x204,720 y91,664 / x206,587 y92,381 / black) 
   Line (x206,571 y254,713 / x208,507 y255,213 / black) 
   Line (x206,587 y5,619 / x208,441 y4,870 / black) 
   Line (x206,587 y92,381 / x208,441 y93,130 / black) 
   Line (x208,441 y4,870 / x210,283 y4,089 / black) 
   Line (x208,441 y93,130 / x210,283 y93,911 / black) 
   Line (x208,507 y255,213 / x210,460 y255,646 / black) 
   Line (x210,283 y4,089 / x212,110 y3,275 / black) 
   Line (x210,283 y93,911 / x212,110 y94,725 / black) 
   Line (x210,460 y255,646 / x212,426 y256,011 / black) 
   Line (x212,110 y3,275 / x213,922 y2,430 / black) 
   Line (x212,110 y94,725 / x213,922 y95,570 / black) 
   Line (x212,426 y256,011 / x214,404 y256,306 / black) 
   Line (x213,922 y2,430 / x215,720 y1,553 / black) 
   Line (x213,922 y95,570 / x215,720 y96,447 / black) 
   Line (x214,404 y256,306 / x216,391 y256,533 / black) 
   Line (x215,720 y1,553 / x217,502 y0,645 / black) 
   Line (x215,720 y96,447 / x217,502 y97,355 / black) 
   Line (x216,391 y256,533 / x218,385 y256,690 / black) 
   Line (x217,502 y0,645 / x218,715 y0,000 / black) 
   Line (x217,502 y97,355 / x219,268 y98,294 / black) 
   Line (x218,385 y256,690 / x220,383 y256,777 / black) 
   Line (x218,715 y300,000 / x219,268 y299,706 / black) 
   Line (x219,268 y98,294 / x221,017 y99,263 / black) 
   Line (x219,268 y299,706 / x221,017 y298,737 / black) 
   Line (x220,383 y256,777 / x221,383 y256,794 / black) 
   Line (x221,017 y99,263 / x222,749 y100,263 / black) 
   Line (x221,017 y298,737 / x222,749 y297,737 / black) 
   Line (x221,383 y256,794 / x222,383 y256,794 / black) 
   Line (x222,383 y256,794 / x224,382 y256,742 / black) 
   Line (x222,749 y100,263 / x224,463 y101,293 / black) 
   Line (x222,749 y297,737 / x224,463 y296,707 / black) 
   Line (x224,382 y256,742 / x226,378 y256,620 / black) 
   Line (x224,463 y101,293 / x226,159 y102,353 / black) 
   Line (x224,463 y296,707 / x226,159 y295,647 / black) 
   Line (x226,159 y102,353 / x227,837 y103,443 / black) 
   Line (x226,159 y295,647 / x227,837 y294,557 / black) 
   Line (x226,378 y256,620 / x228,369 y256,428 / black) 
   Line (x227,837 y103,443 / x229,495 y104,561 / black) 
   Line (x227,837 y294,557 / x229,495 y293,439 / black) 
   Line (x228,369 y256,428 / x230,352 y256,167 / black) 
   Line (x229,495 y104,561 / x231,133 y105,708 / black) 
   Line (x229,495 y293,439 / x231,133 y292,292 / black) 
   Line (x230,352 y256,167 / x232,324 y255,837 / black) 
   Line (x231,133 y105,708 / x232,751 y106,884 / black) 
   Line (x231,133 y292,292 / x232,751 y291,116 / black) 
   Line (x232,324 y255,837 / x234,284 y255,438 / black) 
   Line (x232,751 y106,884 / x234,348 y108,087 / black) 
   Line (x232,751 y291,116 / x234,348 y289,913 / black) 
   Line (x234,284 y255,438 / x236,229 y254,971 / black) 
   Line (x234,348 y108,087 / x235,924 y109,319 / black) 
   Line (x234,348 y289,913 / x235,924 y288,681 / black) 
   Line (x235,924 y109,319 / x237,479 y110,577 / black) 
   Line (x235,924 y288,681 / x237,479 y287,423 / black) 
   Line (x236,229 y254,971 / x238,156 y254,437 / black) 
   Line (x237,479 y110,577 / x239,011 y111,863 / black) 
   Line (x237,479 y287,423 / x239,011 y286,137 / black) 
   Line (x238,156 y254,437 / x240,063 y253,836 / black) 
   Line (x239,011 y111,863 / x240,520 y113,175 / black) 
   Line (x239,011 y286,137 / x240,520 y284,825 / black) 
   Line (x240,063 y253,836 / x241,949 y253,168 / black) 
   Line (x240,520 y113,175 / x242,007 y114,513 / black) 
   Line (x240,520 y284,825 / x242,007 y283,487 / black) 
   Line (x241,949 y253,168 / x243,809 y252,435 / black) 
   Line (x242,007 y114,513 / x243,469 y115,877 / black) 
   Line (x242,007 y283,487 / x243,469 y282,123 / black) 
   Line (x243,469 y115,877 / x244,908 y117,266 / black) 
   Line (x243,469 y282,123 / x244,908 y280,734 / black) 
   Line (x243,809 y252,435 / x245,643 y251,638 / black) 
   Line (x244,908 y117,266 / x246,322 y118,681 / black) 
   Line (x244,908 y280,734 / x246,322 y279,319 / black) 
   Line (x245,643 y251,638 / x247,449 y250,777 / black) 
   Line (x246,322 y118,681 / x247,711 y120,119 / black) 
   Line (x246,322 y279,319 / x247,711 y277,881 / black) 
   Line (x247,449 y250,777 / x249,223 y249,853 / black) 
   Line (x247,711 y120,119 / x249,075 y121,582 / black) 
   Line (x247,711 y277,881 / x249,075 y276,418 / black) 
   Line (x249,075 y121,582 / x250,414 y123,068 / black) 
   Line (x249,075 y276,418 / x250,414 y274,932 / black) 
   Line (x249,223 y249,853 / x250,963 y248,868 / black) 
   Line (x250,414 y123,068 / x251,726 y124,578 / black) 
   Line (x250,414 y274,932 / x251,726 y273,422 / black) 
   Line (x250,963 y248,868 / x252,668 y247,823 / black) 
   Line (x251,726 y124,578 / x253,011 y126,110 / black) 
   Line (x251,726 y273,422 / x253,011 y271,890 / black) 
   Line (x252,668 y247,823 / x254,336 y246,720 / black) 
   Line (x253,011 y126,110 / x254,270 y127,664 / black) 
   Line (x253,011 y271,890 / x254,270 y270,336 / black) 
   Line (x254,270 y127,664 / x255,501 y129,240 / black) 
   Line (x254,270 y270,336 / x255,501 y268,760 / black) 
   Line (x254,336 y246,720 / x255,964 y245,558 / black) 
   Line (x255,501 y129,240 / x256,705 y130,837 / black) 
   Line (x255,501 y268,760 / x256,705 y267,163 / black) 
   Line (x255,964 y245,558 / x257,551 y244,341 / black) 
   Line (x256,705 y130,837 / x257,881 y132,455 / black) 
   Line (x256,705 y267,163 / x257,881 y265,545 / black) 
   Line (x257,551 y244,341 / x259,094 y243,069 / black) 
   Line (x257,881 y132,455 / x259,028 y134,094 / black) 
   Line (x257,881 y265,545 / x259,028 y263,906 / black) 
   Line (x259,028 y134,094 / x260,146 y135,752 / black) 
   Line (x259,028 y263,906 / x260,146 y262,248 / black) 
   Line (x259,094 y243,069 / x260,592 y241,743 / black) 
   Line (x260,146 y135,752 / x261,235 y137,429 / black) 
   Line (x260,146 y262,248 / x261,235 y260,571 / black) 
   Line (x260,592 y241,743 / x262,043 y240,367 / black) 
   Line (x261,235 y137,429 / x262,295 y139,125 / black) 
   Line (x261,235 y260,571 / x262,295 y258,875 / black) 
   Line (x262,043 y240,367 / x263,444 y238,940 / black) 
   Line (x262,295 y139,125 / x263,325 y140,840 / black) 
   Line (x262,295 y258,875 / x263,325 y257,160 / black) 
   Line (x263,325 y140,840 / x264,325 y142,572 / black) 
   Line (x263,325 y257,160 / x265,295 y253,679 / black) 
   Line (x263,444 y238,940 / x264,796 y237,466 / black) 
   Line (x264,325 y142,572 / x266,234 y146,087 / black) 
   Line (x264,796 y237,466 / x266,094 y235,945 / black) 
   Line (x265,295 y253,679 / x267,142 y250,131 / black) 
   Line (x266,094 y235,945 / x267,339 y234,380 / black) 
   Line (x266,234 y146,087 / x268,019 y149,666 / black) 
   Line (x267,142 y250,131 / x268,864 y246,521 / black) 
   Line (x267,339 y234,380 / x268,529 y232,772 / black) 
   Line (x268,019 y149,666 / x269,677 y153,306 / black) 
   Line (x268,529 y232,772 / x269,662 y231,124 / black) 
   Line (x268,864 y246,521 / x270,459 y242,853 / black) 
   Line (x269,662 y231,124 / x270,736 y229,437 / black) 
   Line (x269,677 y153,306 / x271,208 y157,002 / black) 
   Line (x270,459 y242,853 / x271,925 y239,131 / black) 
   Line (x270,736 y229,437 / x271,751 y227,714 / black) 
   Line (x271,208 y157,002 / x272,609 y160,748 / black) 
   Line (x271,751 y227,714 / x273,160 y225,066 / black) 
   Line (x271,925 y239,131 / x273,260 y235,361 / black) 
   Line (x272,609 y160,748 / x273,878 y164,541 / black) 
   Line (x273,160 y225,066 / x274,427 y222,347 / black) 
   Line (x273,260 y235,361 / x274,463 y231,546 / black) 
   Line (x273,878 y164,541 / x275,014 y168,376 / black) 
   Line (x274,427 y222,347 / x275,551 y219,566 / black) 
   Line (x274,463 y231,546 / x275,532 y227,692 / black) 
   Line (x275,014 y168,376 / x276,015 y172,249 / black) 
   Line (x275,532 y227,692 / x276,881 y221,846 / black) 
   Line (x275,551 y219,566 / x276,820 y215,773 / black) 
   Line (x276,015 y172,249 / x277,263 y178,117 / black) 
   Line (x276,820 y215,773 / x277,821 y211,901 / black) 
   Line (x276,881 y221,846 / x277,923 y215,938 / black) 
   Line (x277,263 y178,117 / x278,445 y186,028 / black) 
   Line (x277,821 y211,901 / x278,916 y204,992 / black) 
   Line (x277,923 y215,938 / x278,968 y205,996 / black) 
   Line (x278,445 y186,028 / x279,177 y200,000 / black) 
Missing shapes in your solution:
   Line (x50,000 y100,000 / x50,000 y200,000 / black) 
   Line (x50,000 y100,000 / x150,000 y100,000 / black) 
   Line (x50,000 y200,000 / x150,000 y200,000 / black) 
   Line (x150,000 y100,000 / x150,000 y200,000 / black) 
   plm.universe.turtles.Circle@78d2e2ef

