The turtle Hawksbill is not heading to the right direction.  There is 96 shapes, but only 5 shapes were expected
Superflous shapes in your solution:
   Line (x50,000 y100,000 / x51,041 y107,406 / black) 
   Line (x50,009 y99,000 / x50,000 y200,000 / black) 
   Line (x50,026 y98,500 / x51,041 y92,094 / black) 
   Line (x51,041 y92,094 / x52,180 y88,787 / black) 
   Line (x51,041 y107,406 / x52,180 y110,713 / black) 
   Line (x52,180 y88,787 / x53,236 y86,522 / black) 
   Line (x52,180 y110,713 / x53,236 y112,978 / black) 
   Line (x53,236 y86,522 / x54,485 y84,357 / black) 
   Line (x53,236 y112,978 / x54,485 y115,143 / black) 
   Line (x54,485 y84,357 / x55,618 y82,709 / black) 
   Line (x54,485 y115,143 / x55,618 y116,791 / black) 
   Line (x55,618 y82,709 / x56,863 y81,144 / black) 
   Line (x55,618 y116,791 / x56,863 y118,356 / black) 
   Line (x56,863 y81,144 / x57,866 y80,030 / black) 
   Line (x56,863 y118,356 / x57,866 y119,470 / black) 
   Line (x57,866 y80,030 / x58,927 y78,969 / black) 
   Line (x57,866 y119,470 / x58,927 y120,531 / black) 
   Line (x58,927 y78,969 / x60,042 y77,966 / black) 
   Line (x58,927 y120,531 / x60,042 y121,534 / black) 
   Line (x60,042 y77,966 / x61,207 y77,022 / black) 
   Line (x60,042 y121,534 / x61,207 y122,478 / black) 
   Line (x61,207 y77,022 / x62,421 y76,140 / black) 
   Line (x61,207 y122,478 / x62,421 y123,360 / black) 
   Line (x62,421 y76,140 / x63,678 y75,323 / black) 
   Line (x62,421 y123,360 / x63,678 y124,177 / black) 
   Line (x63,678 y75,323 / x64,977 y74,573 / black) 
   Line (x63,678 y124,177 / x64,977 y124,927 / black) 
   Line (x64,977 y74,573 / x66,314 y73,893 / black) 
   Line (x64,977 y124,927 / x66,314 y125,607 / black) 
   Line (x66,314 y73,893 / x67,684 y73,282 / black) 
   Line (x66,314 y125,607 / x67,684 y126,218 / black) 
   Line (x67,684 y73,282 / x69,084 y72,745 / black) 
   Line (x67,684 y126,218 / x69,084 y126,755 / black) 
   Line (x69,084 y72,745 / x70,511 y72,281 / black) 
   Line (x69,084 y126,755 / x70,511 y127,219 / black) 
   Line (x70,511 y72,281 / x71,959 y71,893 / black) 
   Line (x70,511 y127,219 / x71,959 y127,607 / black) 
   Line (x71,959 y71,893 / x73,426 y71,581 / black) 
   Line (x71,959 y127,607 / x73,426 y127,919 / black) 
   Line (x73,426 y71,581 / x74,908 y71,347 / black) 
   Line (x73,426 y127,919 / x74,908 y128,153 / black) 
   Line (x74,908 y71,347 / x76,399 y71,190 / black) 
   Line (x74,908 y128,153 / x76,399 y128,310 / black) 
   Line (x76,399 y71,190 / x77,897 y71,112 / black) 
   Line (x76,399 y128,310 / x77,897 y128,388 / black) 
   Line (x77,897 y71,112 / x79,397 y71,112 / black) 
   Line (x77,897 y128,388 / x79,397 y128,388 / black) 
   Line (x79,397 y71,112 / x80,895 y71,190 / black) 
   Line (x79,397 y128,388 / x80,895 y128,310 / black) 
   Line (x80,895 y71,190 / x82,387 y71,347 / black) 
   Line (x80,895 y128,310 / x82,387 y128,153 / black) 
   Line (x82,387 y71,347 / x83,868 y71,581 / black) 
   Line (x82,387 y128,153 / x83,868 y127,919 / black) 
   Line (x83,868 y71,581 / x85,335 y71,893 / black) 
   Line (x83,868 y127,919 / x85,335 y127,607 / black) 
   Line (x85,335 y71,893 / x86,784 y72,281 / black) 
   Line (x85,335 y127,607 / x86,784 y127,219 / black) 
   Line (x86,784 y72,281 / x88,210 y72,745 / black) 
   Line (x86,784 y127,219 / x88,210 y126,755 / black) 
   Line (x88,210 y72,745 / x89,610 y73,282 / black) 
   Line (x88,210 y126,755 / x89,610 y126,218 / black) 
   Line (x89,610 y73,282 / x90,981 y73,893 / black) 
   Line (x89,610 y126,218 / x90,981 y125,607 / black) 
   Line (x90,981 y73,893 / x92,317 y74,573 / black) 
   Line (x90,981 y125,607 / x92,317 y124,927 / black) 
   Line (x92,317 y74,573 / x93,616 y75,323 / black) 
   Line (x92,317 y124,927 / x93,616 y124,177 / black) 
   Line (x93,616 y75,323 / x94,874 y76,140 / black) 
   Line (x93,616 y124,177 / x94,874 y123,360 / black) 
   Line (x94,874 y76,140 / x96,087 y77,022 / black) 
   Line (x94,874 y123,360 / x96,087 y122,478 / black) 
   Line (x96,087 y77,022 / x97,253 y77,966 / black) 
   Line (x96,087 y122,478 / x97,253 y121,534 / black) 
   Line (x97,253 y77,966 / x98,367 y78,969 / black) 
   Line (x97,253 y121,534 / x98,367 y120,531 / black) 
   Line (x98,367 y78,969 / x99,428 y80,030 / black) 
   Line (x98,367 y120,531 / x99,428 y119,470 / black) 
   Line (x99,428 y80,030 / x100,431 y81,144 / black) 
   Line (x99,428 y119,470 / x100,431 y118,356 / black) 
   Line (x100,431 y81,144 / x101,676 y82,709 / black) 
   Line (x100,431 y118,356 / x101,676 y116,791 / black) 
   Line (x101,676 y82,709 / x102,809 y84,357 / black) 
   Line (x101,676 y116,791 / x102,809 y115,143 / black) 
   Line (x102,809 y84,357 / x103,824 y86,080 / black) 
   Line (x102,809 y115,143 / x103,824 y113,420 / black) 
   Line (x103,824 y86,080 / x104,919 y88,327 / black) 
   Line (x103,824 y113,420 / x104,919 y111,173 / black) 
   Line (x104,919 y88,327 / x105,969 y91,135 / black) 
   Line (x104,919 y111,173 / x105,969 y108,365 / black) 
   Line (x105,969 y91,135 / x106,981 y95,516 / black) 
   Line (x105,969 y108,365 / x106,981 y103,984 / black) 
   Line (x106,981 y103,984 / x107,286 y100,500 / black) 
   Line (x106,981 y95,516 / x107,294 y100,000 / black) 
Missing shapes in your solution:
   Line (x50,000 y100,000 / x50,000 y200,000 / black) 
   plm.universe.turtles.Circle@2ef40417

