 Pancake #2 differs: < Radius: 2 , upside down > vs. < Radius: 3 >
 Pancake #3 differs: < Radius: 3 , upside down > vs. < Radius: 5 >
 Pancake #4 differs: < Radius: 4 > vs. < Radius: 2 , upside down >
 Pancake #5 differs: < Radius: 5 , upside down > vs. < Radius: 4 >

 Pancake #1 differs: < Radius: 1 > vs. < Radius: 2 , upside down >
 Pancake #2 differs: < Radius: 2 > vs. < Radius: 8 >
 Pancake #3 differs: < Radius: 3 > vs. < Radius: 1 >
 Pancake #6 differs: < Radius: 6 , upside down > vs. < Radius: 7 >
 Pancake #7 differs: < Radius: 7 , upside down > vs. < Radius: 10 >
 Pancake #8 differs: < Radius: 8 , upside down > vs. < Radius: 6 >
 Pancake #10 differs: < Radius: 10 > vs. < Radius: 3 >

Stacks were not flipped the same amount of time: 16 vs. 22
 Pancake #1 differs: < Radius: 1 > vs. < Radius: 2 >
 Pancake #2 differs: < Radius: 2 > vs. < Radius: 5 >
 Pancake #5 differs: < Radius: 5 , upside down > vs. < Radius: 15 , upside down >
 Pancake #6 differs: < Radius: 6 > vs. < Radius: 9 , upside down >
 Pancake #9 differs: < Radius: 9 > vs. < Radius: 6 , upside down >
 Pancake #15 differs: < Radius: 15 , upside down > vs. < Radius: 1 >

Stacks were not flipped the same amount of time: 44 vs. 52
 Pancake #1 differs: < Radius: 1 , upside down > vs. < Radius: 2 >
 Pancake #2 differs: < Radius: 2 > vs. < Radius: 15 >
 Pancake #3 differs: < Radius: 3 > vs. < Radius: 1 , upside down >
 Pancake #4 differs: < Radius: 4 > vs. < Radius: 3 >
 Pancake #5 differs: < Radius: 5 > vs. < Radius: 28 >
 Pancake #14 differs: < Radius: 14 > vs. < Radius: 5 , upside down >
 Pancake #15 differs: < Radius: 15 > vs. < Radius: 30 >
 Pancake #28 differs: < Radius: 28 > vs. < Radius: 4 >
 Pancake #30 differs: < Radius: 30 > vs. < Radius: 14 >

