 Pancake #1 differs: < Radius: 1 , upside down > vs. < Radius: 5 , upside down >
 Pancake #4 differs: < Radius: 4 > vs. < Radius: 1 , upside down >
 Pancake #5 differs: < Radius: 5 , upside down > vs. < Radius: 4 >

Stacks were not flipped the same amount of time: 12 vs. 16
 Pancake #3 differs: < Radius: 3 > vs. < Radius: 4 >
 Pancake #4 differs: < Radius: 4 > vs. < Radius: 3 >

Stacks were not flipped the same amount of time: 16 vs. 26
 Pancake #2 differs: < Radius: 2 > vs. < Radius: 10 , upside down >
 Pancake #5 differs: < Radius: 5 , upside down > vs. < Radius: 2 >
 Pancake #9 differs: < Radius: 9 > vs. < Radius: 5 >
 Pancake #10 differs: < Radius: 10 , upside down > vs. < Radius: 9 >

Stacks were not flipped the same amount of time: 44 vs. 54
 Pancake #1 differs: < Radius: 1 , upside down > vs. < Radius: 4 , upside down >
 Pancake #2 differs: < Radius: 2 > vs. < Radius: 6 , upside down >
 Pancake #3 differs: < Radius: 3 > vs. < Radius: 22 >
 Pancake #4 differs: < Radius: 4 > vs. < Radius: 5 >
 Pancake #5 differs: < Radius: 5 > vs. < Radius: 3 , upside down >
 Pancake #6 differs: < Radius: 6 > vs. < Radius: 1 >
 Pancake #7 differs: < Radius: 7 > vs. < Radius: 9 >
 Pancake #8 differs: < Radius: 8 , upside down > vs. < Radius: 16 , upside down >
 Pancake #9 differs: < Radius: 9 , upside down > vs. < Radius: 21 >
 Pancake #15 differs: < Radius: 15 > vs. < Radius: 8 >
 Pancake #16 differs: < Radius: 16 , upside down > vs. < Radius: 15 >
 Pancake #21 differs: < Radius: 21 > vs. < Radius: 23 >
 Pancake #22 differs: < Radius: 22 > vs. < Radius: 2 >
 Pancake #23 differs: < Radius: 23 > vs. < Radius: 7 , upside down >

