Stacks were not flipped the same amount of time: 4 vs. 0
 Pancake #1 differs: < Radius: 1 , upside down > vs. < Radius: 4 >
 Pancake #2 differs: < Radius: 2 > vs. < Radius: 1 >
 Pancake #3 differs: < Radius: 3 , upside down > vs. < Radius: 5 >
 Pancake #4 differs: < Radius: 4 > vs. < Radius: 3 >
 Pancake #5 differs: < Radius: 5 > vs. < Radius: 2 , upside down >

Stacks were not flipped the same amount of time: 8 vs. 0
 Pancake #6 differs: < Radius: 6 , upside down > vs. < Radius: 10 >
 Pancake #7 differs: < Radius: 7 , upside down > vs. < Radius: 8 >
 Pancake #8 differs: < Radius: 8 > vs. < Radius: 7 >
 Pancake #10 differs: < Radius: 10 > vs. < Radius: 6 , upside down >

Stacks were not flipped the same amount of time: 14 vs. 0
 Pancake #1 differs: < Radius: 1 > vs. < Radius: 10 >
 Pancake #3 differs: < Radius: 3 , upside down > vs. < Radius: 5 , upside down >
 Pancake #5 differs: < Radius: 5 , upside down > vs. < Radius: 3 >
 Pancake #10 differs: < Radius: 10 , upside down > vs. < Radius: 1 >
 Pancake #13 differs: < Radius: 13 , upside down > vs. < Radius: 14 >
 Pancake #14 differs: < Radius: 14 > vs. < Radius: 13 , upside down >

Stacks were not flipped the same amount of time: 50 vs. 0
 Pancake #1 differs: < Radius: 1 > vs. < Radius: 16 , upside down >
 Pancake #2 differs: < Radius: 2 , upside down > vs. < Radius: 14 >
 Pancake #6 differs: < Radius: 6 , upside down > vs. < Radius: 23 , upside down >
 Pancake #7 differs: < Radius: 7 , upside down > vs. < Radius: 11 >
 Pancake #9 differs: < Radius: 9 > vs. < Radius: 1 , upside down >
 Pancake #11 differs: < Radius: 11 , upside down > vs. < Radius: 7 , upside down >
 Pancake #12 differs: < Radius: 12 > vs. < Radius: 25 >
 Pancake #13 differs: < Radius: 13 > vs. < Radius: 27 >
 Pancake #14 differs: < Radius: 14 > vs. < Radius: 2 >
 Pancake #16 differs: < Radius: 16 , upside down > vs. < Radius: 6 >
 Pancake #20 differs: < Radius: 20 > vs. < Radius: 9 , upside down >
 Pancake #23 differs: < Radius: 23 > vs. < Radius: 29 >
 Pancake #25 differs: < Radius: 25 , upside down > vs. < Radius: 30 >
 Pancake #27 differs: < Radius: 27 , upside down > vs. < Radius: 13 , upside down >
 Pancake #29 differs: < Radius: 29 > vs. < Radius: 20 >
 Pancake #30 differs: < Radius: 30 > vs. < Radius: 12 >

